Read a waves file with 6 signals and 11059 samples...
Input has these signals:
	* sclk (1 bits)
	* mosi (1 bits)
	* miso (1 bits)
	* ss (1 bits)
	* cpol (1 bits)
	* cpha (1 bits)

Address #1: 100000
RDWR Bit: 0
Stream Bit: 1
Stream Length: 12 (binary: 00001100)
  Data[0]: 00111101 -> 3d
  Data[1]: 01011011 -> 5b
  Data[2]: 11110000 -> f0
  Data[3]: 11100010 -> e2
  Data[4]: 10000101 -> 85
  Data[5]: 11110000 -> f0
  Data[6]: 01011100 -> 5c
  Data[7]: 01111110 -> 7e
  Data[8]: 10111111 -> bf
  Data[9]: 10100100 -> a4
  Data[10]: 01110101 -> 75
  Data[11]: 01001000 -> 48

Address #8: 101001
RDWR Bit: 0
Stream Bit: 1
Stream Length: 5 (binary: 00000101)
  Data[0]: 11101111 -> ef
  Data[1]: 10101101 -> ad
  Data[2]: 00100011 -> 23
  Data[3]: 00001000 -> 08
  Data[4]: 00010011 -> 13

Address #11: 000101
RDWR Bit: 0
Stream Bit: 1
Stream Length: 10 (binary: 00001010)
  Data[0]: 00111110 -> 3e
  Data[1]: 01110001 -> 71
  Data[2]: 10001000 -> 88
  Data[3]: 00110011 -> 33
  Data[4]: 10111011 -> bb
  Data[5]: 01111100 -> 7c
  Data[6]: 00001100 -> 0c
  Data[7]: 10000110 -> 86
  Data[8]: 01111101 -> 7d
  Data[9]: 00000000 -> 00

Address #17: 100100
RDWR Bit: 1
Stream Bit: 0
Exchange: 01001011

Address #18: 001010
RDWR Bit: 0
Stream Bit: 0
Exchange: 10111110

Address #19: 010001
RDWR Bit: 0
Stream Bit: 1
Stream Length: 4 (binary: 00000100)
  Data[0]: 11101011 -> eb
  Data[1]: 10001011 -> 8b
  Data[2]: 01101010 -> 6a
  Data[3]: 00011001 -> 19

Address #22: 101100
RDWR Bit: 0
Stream Bit: 0
Exchange: 00101010

Address #23: 100011
RDWR Bit: 0
Stream Bit: 1
Stream Length: 14 (binary: 00001110)
  Data[0]: 11001011 -> cb
  Data[1]: 00110000 -> 30
  Data[2]: 00110011 -> 33
  Data[3]: 11010110 -> d6
  Data[4]: 00110100 -> 34
  Data[5]: 10111001 -> b9
  Data[6]: 01000001 -> 41
  Data[7]: 01001101 -> 4d
  Data[8]: 01010011 -> 53
  Data[9]: 11001110 -> ce
  Data[10]: 01000001 -> 41
  Data[11]: 01001101 -> 4d
  Data[12]: 01010101 -> 55
  Data[13]: 00001010 -> 0a

Address #31: 010101
RDWR Bit: 0
Stream Bit: 1
Stream Length: 25 (binary: 00011001)
  Data[0]: 01101110 -> 6e
  Data[1]: 01100101 -> 65
  Data[2]: 01010101 -> 55
  Data[3]: 11110001 -> f1
  Data[4]: 10100011 -> a3
  Data[5]: 00011101 -> 1d
  Data[6]: 00101001 -> 29
  Data[7]: 00000001 -> 01
  Data[8]: 11001100 -> cc
  Data[9]: 00001001 -> 09
  Data[10]: 11001010 -> ca
  Data[11]: 10111010 -> ba
  Data[12]: 00001101 -> 0d
  Data[13]: 10110110 -> b6
  Data[14]: 00111011 -> 3b
  Data[15]: 00010101 -> 15
  Data[16]: 10000000 -> 80
  Data[17]: 01010110 -> 56
  Data[18]: 11001100 -> cc
  Data[19]: 01001111 -> 4f
  Data[20]: 11000001 -> c1
  Data[21]: 00101111 -> 2f
  Data[22]: 11111111 -> ff
  Data[23]: 00110000 -> 30
  Data[24]: 00100111 -> 27

Address #45: 011111
RDWR Bit: 0
Stream Bit: 1
Stream Length: 29 (binary: 00011101)
  Data[0]: 11000100 -> c4
  Data[1]: 11101110 -> ee
  Data[2]: 01111011 -> 7b
  Data[3]: 10110011 -> b3
  Data[4]: 00000001 -> 01
  Data[5]: 11100000 -> e0
  Data[6]: 01010011 -> 53
  Data[7]: 01110010 -> 72
  Data[8]: 11111010 -> fa
  Data[9]: 01000101 -> 45
  Data[10]: 11010101 -> d5
  Data[11]: 00111000 -> 38
  Data[12]: 10001110 -> 8e
  Data[13]: 11101000 -> e8
  Data[14]: 01111010 -> 7a
  Data[15]: 10011111 -> 9f
  Data[16]: 10100001 -> a1
  Data[17]: 11110001 -> f1
  Data[18]: 01111001 -> 79
  Data[19]: 11101100 -> ec
  Data[20]: 11101011 -> eb
  Data[21]: 01001101 -> 4d
  Data[22]: 10101110 -> ae
  Data[23]: 10101110 -> ae
  Data[24]: 11100011 -> e3
  Data[25]: 11100101 -> e5
  Data[26]: 01111000 -> 78
  Data[27]: 00011101 -> 1d
  Data[28]: 01011000 -> 58

Address #60: 110010
RDWR Bit: 1
Stream Bit: 0
Exchange: 00010111

Address #61: 101101
RDWR Bit: 0
Stream Bit: 0
Exchange: 01101101

Address #62: 100101
RDWR Bit: 1
Stream Bit: 1
Stream Length: 25 (binary: 00011001)
  Data[0]: 10111110 -> be
  Data[1]: 01110110 -> 76
  Data[2]: 11111010 -> fa
  Data[3]: 11100001 -> e1
  Data[4]: 10100101 -> a5
  Data[5]: 11110011 -> f3
  Data[6]: 00010101 -> 15
  Data[7]: 01111010 -> 7a
  Data[8]: 00010111 -> 17
  Data[9]: 11100111 -> e7
  Data[10]: 11000001 -> c1
  Data[11]: 01100100 -> 64
  Data[12]: 01000000 -> 40
  Data[13]: 11010111 -> d7
  Data[14]: 10110000 -> b0
  Data[15]: 01100110 -> 66
  Data[16]: 10110101 -> b5
  Data[17]: 01100000 -> 60
  Data[18]: 00001000 -> 08
  Data[19]: 01101011 -> 6b
  Data[20]: 01011000 -> 58
  Data[21]: 11000101 -> c5
  Data[22]: 00011110 -> 1e
  Data[23]: 11100101 -> e5
  Data[24]: 01111110 -> 7e

Address #76: 111001
RDWR Bit: 1
Stream Bit: 1
Stream Length: 20 (binary: 00010100)
  Data[0]: 11101011 -> eb
  Data[1]: 00001111 -> 0f
  Data[2]: 01110101 -> 75
  Data[3]: 00000001 -> 01
  Data[4]: 00011101 -> 1d
  Data[5]: 00010101 -> 15
  Data[6]: 00010110 -> 16
  Data[7]: 01100100 -> 64
  Data[8]: 10000110 -> 86
  Data[9]: 01010100 -> 54
  Data[10]: 00111101 -> 3d
  Data[11]: 01010110 -> 56
  Data[12]: 00111110 -> 3e
  Data[13]: 11110100 -> f4
  Data[14]: 10010110 -> 96
  Data[15]: 11110010 -> f2
  Data[16]: 10100100 -> a4
  Data[17]: 00001010 -> 0a
  Data[18]: 01100001 -> 61
  Data[19]: 11001110 -> ce

Address #87: 100010
RDWR Bit: 1
Stream Bit: 1
Stream Length: 29 (binary: 00011101)
  Data[0]: 10011001 -> 99
  Data[1]: 10101111 -> af
  Data[2]: 00110100 -> 34
  Data[3]: 01110001 -> 71
  Data[4]: 01100000 -> 60
  Data[5]: 10101001 -> a9
  Data[6]: 00001111 -> 0f
  Data[7]: 10111011 -> bb
  Data[8]: 00001111 -> 0f
  Data[9]: 10010011 -> 93
  Data[10]: 10010010 -> 92
  Data[11]: 01010011 -> 53
  Data[12]: 10111101 -> bd
  Data[13]: 01101110 -> 6e
  Data[14]: 11101010 -> ea
  Data[15]: 11100101 -> e5
  Data[16]: 10100111 -> a7
  Data[17]: 11000001 -> c1
  Data[18]: 11111011 -> fb
  Data[19]: 01001010 -> 4a
  Data[20]: 10000100 -> 84
  Data[21]: 11001011 -> cb
  Data[22]: 11001111 -> cf
  Data[23]: 00011110 -> 1e
  Data[24]: 11001111 -> cf
  Data[25]: 01001101 -> 4d
  Data[26]: 10011101 -> 9d
  Data[27]: 11010001 -> d1
  Data[28]: 00101001 -> 29

Address #102: 001110
RDWR Bit: 1
Stream Bit: 0
Exchange: 11010111

Address #103: 110001
RDWR Bit: 0
Stream Bit: 1
Stream Length: 20 (binary: 00010100)
  Data[0]: 10011011 -> 9b
  Data[1]: 00001011 -> 0b
  Data[2]: 10010001 -> 91
  Data[3]: 10000101 -> 85
  Data[4]: 01000100 -> 44
  Data[5]: 00011011 -> 1b
  Data[6]: 10101001 -> a9
  Data[7]: 01000111 -> 47
  Data[8]: 11100001 -> e1
  Data[9]: 00011001 -> 19
  Data[10]: 10110110 -> b6
  Data[11]: 10111110 -> be
  Data[12]: 10001011 -> 8b
  Data[13]: 10110111 -> b7
  Data[14]: 11101110 -> ee
  Data[15]: 00110111 -> 37
  Data[16]: 10001100 -> 8c
  Data[17]: 11111101 -> fd
  Data[18]: 01000000 -> 40
  Data[19]: 10110010 -> b2

Address #114: 001100
RDWR Bit: 0
Stream Bit: 0
Exchange: 10010110

Address #115: 011111
RDWR Bit: 0
Stream Bit: 0
Exchange: 00001011

Address #116: 101011
RDWR Bit: 0
Stream Bit: 0
Exchange: 01010000

Address #117: 100000
RDWR Bit: 1
Stream Bit: 1
Stream Length: 27 (binary: 00011011)
  Data[0]: 11110011 -> f3
  Data[1]: 10011001 -> 99
  Data[2]: 11011001 -> d9
  Data[3]: 10110001 -> b1
  Data[4]: 10001100 -> 8c
  Data[5]: 11101001 -> e9
  Data[6]: 11100111 -> e7
  Data[7]: 11000101 -> c5
  Data[8]: 01011101 -> 5d
  Data[9]: 00000011 -> 03
  Data[10]: 11010110 -> d6
  Data[11]: 01001001 -> 49
  Data[12]: 11011010 -> da
  Data[13]: 11011101 -> dd
  Data[14]: 10110100 -> b4
  Data[15]: 11010011 -> d3
  Data[16]: 01110110 -> 76
  Data[17]: 01101011 -> 6b
  Data[18]: 11111001 -> f9
  Data[19]: 11101001 -> e9
  Data[20]: 01110100 -> 74
  Data[21]: 00001011 -> 0b
  Data[22]: 11100100 -> e4
  Data[23]: 01101010 -> 6a
  Data[24]: 11110100 -> f4
  Data[25]: 11110011 -> f3
  Data[26]: 11110011 -> f3

Address #132: 010000
RDWR Bit: 0
Stream Bit: 0
Exchange: 11000000

Address #133: 000111
RDWR Bit: 0
Stream Bit: 1
Stream Length: 16 (binary: 00010000)
  Data[0]: 10010101 -> 95
  Data[1]: 10010001 -> 91
  Data[2]: 01111101 -> 7d
  Data[3]: 00001110 -> 0e
  Data[4]: 00011010 -> 1a
  Data[5]: 01101101 -> 6d
  Data[6]: 10101011 -> ab
  Data[7]: 01001001 -> 49
  Data[8]: 01110101 -> 75
  Data[9]: 01101101 -> 6d
  Data[10]: 11000110 -> c6
  Data[11]: 11100101 -> e5
  Data[12]: 01000100 -> 44
  Data[13]: 11100000 -> e0
  Data[14]: 11111101 -> fd
  Data[15]: 10000010 -> 82

Address #142: 101010
RDWR Bit: 0
Stream Bit: 1
Stream Length: 16 (binary: 00010000)
  Data[0]: 11101101 -> ed
  Data[1]: 01010011 -> 53
  Data[2]: 00101111 -> 2f
  Data[3]: 11011101 -> dd
  Data[4]: 01001000 -> 48
  Data[5]: 00110100 -> 34
  Data[6]: 01111010 -> 7a
  Data[7]: 10111000 -> b8
  Data[8]: 10010110 -> 96
  Data[9]: 00110111 -> 37
  Data[10]: 11001000 -> c8
  Data[11]: 10000111 -> 87
  Data[12]: 11001001 -> c9
  Data[13]: 10100101 -> a5
  Data[14]: 01110010 -> 72
  Data[15]: 10001011 -> 8b

Address #151: 101000
RDWR Bit: 0
Stream Bit: 1
Stream Length: 8 (binary: 00001000)
  Data[0]: 01011110 -> 5e
  Data[1]: 00100101 -> 25
  Data[2]: 01100000 -> 60
  Data[3]: 10000011 -> 83
  Data[4]: 01011111 -> 5f
  Data[5]: 11110111 -> f7
  Data[6]: 10101111 -> af
  Data[7]: 00100000 -> 20

Address #156: 101000
RDWR Bit: 0
Stream Bit: 1
Stream Length: 12 (binary: 00001100)
  Data[0]: 10110111 -> b7
  Data[1]: 01000000 -> 40
  Data[2]: 01001111 -> 4f
  Data[3]: 00110011 -> 33
  Data[4]: 01001101 -> 4d
  Data[5]: 11111110 -> fe
  Data[6]: 10000010 -> 82
  Data[7]: 01000010 -> 42
  Data[8]: 11111111 -> ff
  Data[9]: 00000100 -> 04
  Data[10]: 00110010 -> 32
  Data[11]: 00001100 -> 0c

Address #163: 101000
RDWR Bit: 1
Stream Bit: 1
Stream Length: 10 (binary: 00001010)
  Data[0]: 00010011 -> 13
  Data[1]: 01001000 -> 48
  Data[2]: 00101011 -> 2b
  Data[3]: 11101110 -> ee
  Data[4]: 01001001 -> 49
  Data[5]: 11101000 -> e8
  Data[6]: 11010010 -> d2
  Data[7]: 01010101 -> 55
  Data[8]: 00110000 -> 30
  Data[9]: 10011010 -> 9a

Address #169: 110011
RDWR Bit: 0
Stream Bit: 0
Exchange: 01001001

Address #170: 000001
RDWR Bit: 0
Stream Bit: 1
Stream Length: 22 (binary: 00010110)
  Data[0]: 00001110 -> 0e
  Data[1]: 11111111 -> ff
  Data[2]: 01100101 -> 65
  Data[3]: 01000001 -> 41
  Data[4]: 10001011 -> 8b
  Data[5]: 11000011 -> c3
  Data[6]: 10001010 -> 8a
  Data[7]: 11000101 -> c5
  Data[8]: 10001000 -> 88
  Data[9]: 00101111 -> 2f
  Data[10]: 10011101 -> 9d
  Data[11]: 01101111 -> 6f
  Data[12]: 00101110 -> 2e
  Data[13]: 11110001 -> f1
  Data[14]: 01111000 -> 78
  Data[15]: 01100000 -> 60
  Data[16]: 10110111 -> b7
  Data[17]: 10011100 -> 9c
  Data[18]: 00100101 -> 25
  Data[19]: 10110100 -> b4
  Data[20]: 01100111 -> 67
  Data[21]: 11111110 -> fe

Address #182: 111100
RDWR Bit: 1
Stream Bit: 0
Exchange: 00100110

Address #183: 001010
RDWR Bit: 0
Stream Bit: 1
Stream Length: 5 (binary: 00000101)
  Data[0]: 00101100 -> 2c
  Data[1]: 10000011 -> 83
  Data[2]: 01100001 -> 61
  Data[3]: 10001000 -> 88
  Data[4]: 10111100 -> bc

Address #186: 111010
RDWR Bit: 1
Stream Bit: 0
Exchange: 10100011

Address #187: 000110
RDWR Bit: 0
Stream Bit: 0
Exchange: 11101000

Address #188: 001000
RDWR Bit: 0
Stream Bit: 0
Exchange: 11110110

Address #189: 010000
RDWR Bit: 1
Stream Bit: 0
Exchange: 00010001

Address #190: 101101
RDWR Bit: 1
Stream Bit: 1
Stream Length: 4 (binary: 00000100)
  Data[0]: 01010110 -> 56
  Data[1]: 01011001 -> 59
  Data[2]: 00101011 -> 2b
  Data[3]: 10101100 -> ac

Address #193: 101001
RDWR Bit: 0
Stream Bit: 0
Exchange: 01111110

Address #194: 000001
RDWR Bit: 0
Stream Bit: 1
Stream Length: 17 (binary: 00010001)
  Data[0]: 11110001 -> f1
  Data[1]: 01110100 -> 74
  Data[2]: 00111101 -> 3d
  Data[3]: 11100000 -> e0
  Data[4]: 00100010 -> 22
  Data[5]: 01000000 -> 40
  Data[6]: 01100011 -> 63
  Data[7]: 01110110 -> 76
  Data[8]: 11011111 -> df
  Data[9]: 11001110 -> ce
  Data[10]: 10001011 -> 8b
  Data[11]: 11101111 -> ef
  Data[12]: 11010110 -> d6
  Data[13]: 10011110 -> 9e
  Data[14]: 00000101 -> 05
  Data[15]: 10110100 -> b4
  Data[16]: 11010101 -> d5

Address #204: 001001
RDWR Bit: 1
Stream Bit: 1
Stream Length: 23 (binary: 00010111)
  Data[0]: 00110111 -> 37
  Data[1]: 00001111 -> 0f
  Data[2]: 11010011 -> d3
  Data[3]: 10111111 -> bf
  Data[4]: 10001010 -> 8a
  Data[5]: 01010011 -> 53
  Data[6]: 01111101 -> 7d
  Data[7]: 01010110 -> 56
  Data[8]: 11010110 -> d6
  Data[9]: 10000100 -> 84
  Data[10]: 01100000 -> 60
  Data[11]: 01101110 -> 6e
  Data[12]: 00010010 -> 12
  Data[13]: 00011111 -> 1f
  Data[14]: 00101001 -> 29
  Data[15]: 10101110 -> ae
  Data[16]: 00000111 -> 07
  Data[17]: 00110110 -> 36
  Data[18]: 00001000 -> 08
  Data[19]: 01010011 -> 53
  Data[20]: 11010101 -> d5
  Data[21]: 11011010 -> da
  Data[22]: 10000100 -> 84

Address #216: 100111
RDWR Bit: 1
Stream Bit: 1
Stream Length: 2 (binary: 00000010)
  Data[0]: 01100100 -> 64
  Data[1]: 01010001 -> 51

Address #218: 110111
RDWR Bit: 1
Stream Bit: 1
Stream Length: 8 (binary: 00001000)
  Data[0]: 10000000 -> 80
  Data[1]: 01010110 -> 56
  Data[2]: 00001100 -> 0c
  Data[3]: 11111111 -> ff
  Data[4]: 00000010 -> 02
  Data[5]: 11011010 -> da
  Data[6]: 01100111 -> 67
  Data[7]: 11011000 -> d8

Address #223: 001101
RDWR Bit: 1
Stream Bit: 1
Stream Length: 28 (binary: 00011100)
  Data[0]: 00110101 -> 35
  Data[1]: 10010001 -> 91
  Data[2]: 11001100 -> cc
  Data[3]: 00111100 -> 3c
  Data[4]: 00000101 -> 05
  Data[5]: 01001000 -> 48
  Data[6]: 01010110 -> 56
  Data[7]: 01001101 -> 4d
  Data[8]: 01111111 -> 7f
  Data[9]: 11111010 -> fa
  Data[10]: 00000010 -> 02
  Data[11]: 01110100 -> 74
  Data[12]: 00001001 -> 09
  Data[13]: 00110101 -> 35
  Data[14]: 11010101 -> d5
  Data[15]: 00001000 -> 08
  Data[16]: 00010000 -> 10
  Data[17]: 11110010 -> f2
  Data[18]: 01111010 -> 7a
  Data[19]: 10110101 -> b5
  Data[20]: 11011110 -> de
  Data[21]: 10101111 -> af
  Data[22]: 01111010 -> 7a
  Data[23]: 01111100 -> 7c
  Data[24]: 11010010 -> d2
  Data[25]: 11100001 -> e1
  Data[26]: 01000000 -> 40
  Data[27]: 11110010 -> f2

Address #238: 000110
RDWR Bit: 1
Stream Bit: 0
Exchange: 00101101

Address #239: 011101
RDWR Bit: 0
Stream Bit: 0
Exchange: 10010001

Address #240: 110000
RDWR Bit: 1
Stream Bit: 0
Exchange: 11000001

Address #241: 001010
RDWR Bit: 0
Stream Bit: 1
Stream Length: 19 (binary: 00010011)
  Data[0]: 10001100 -> 8c
  Data[1]: 00100101 -> 25
  Data[2]: 00101000 -> 28
  Data[3]: 11011011 -> db
  Data[4]: 10010010 -> 92
  Data[5]: 11001011 -> cb
  Data[6]: 11101011 -> eb
  Data[7]: 10101111 -> af
  Data[8]: 10010001 -> 91
  Data[9]: 00111001 -> 39
  Data[10]: 01000010 -> 42
  Data[11]: 00111010 -> 3a
  Data[12]: 00111111 -> 3f
  Data[13]: 00011011 -> 1b
  Data[14]: 01100101 -> 65
  Data[15]: 10111010 -> ba
  Data[16]: 01010110 -> 56
  Data[17]: 00010110 -> 16
  Data[18]: 11101000 -> e8

Address #252: 011110
RDWR Bit: 1
Stream Bit: 1
Stream Length: 22 (binary: 00010110)
  Data[0]: 01000101 -> 45
  Data[1]: 00000101 -> 05
  Data[2]: 01001011 -> 4b
  Data[3]: 01001011 -> 4b
  Data[4]: 00011111 -> 1f
  Data[5]: 10111010 -> ba
  Data[6]: 11100010 -> e2
  Data[7]: 01110001 -> 71
  Data[8]: 00100000 -> 20
  Data[9]: 01111001 -> 79
  Data[10]: 11010010 -> d2
  Data[11]: 10000011 -> 83
  Data[12]: 00010010 -> 12
  Data[13]: 10111011 -> bb
  Data[14]: 01110111 -> 77
  Data[15]: 11100101 -> e5
  Data[16]: 00111001 -> 39
  Data[17]: 10010110 -> 96
  Data[18]: 10100110 -> a6
  Data[19]: 11100101 -> e5
  Data[20]: 00111110 -> 3e
  Data[21]: 01110110 -> 76

Address #264: 111001
RDWR Bit: 1
Stream Bit: 1
Stream Length: 15 (binary: 00001111)
  Data[0]: 10010100 -> 94
  Data[1]: 01101110 -> 6e
  Data[2]: 01010001 -> 51
  Data[3]: 10110110 -> b6
  Data[4]: 10100010 -> a2
  Data[5]: 10111010 -> ba
  Data[6]: 11101000 -> e8
  Data[7]: 01011100 -> 5c
  Data[8]: 00011000 -> 18
  Data[9]: 00100100 -> 24
  Data[10]: 10000110 -> 86
  Data[11]: 11101001 -> e9
  Data[12]: 00000001 -> 01
  Data[13]: 00000001 -> 01
  Data[14]: 10011000 -> 98

Address #272: 010000
RDWR Bit: 1
Stream Bit: 1
Stream Length: 9 (binary: 00001001)
  Data[0]: 01001000 -> 48
  Data[1]: 01010101 -> 55
  Data[2]: 11010100 -> d4
  Data[3]: 11111111 -> ff
  Data[4]: 01010010 -> 52
  Data[5]: 01000101 -> 45
  Data[6]: 10110100 -> b4
  Data[7]: 01001001 -> 49
  Data[8]: 11101011 -> eb

Address #278: 000011
RDWR Bit: 1
Stream Bit: 0
Exchange: 00111001

Address #279: 010011
RDWR Bit: 1
Stream Bit: 0
Exchange: 10010101

Address #280: 111010
RDWR Bit: 0
Stream Bit: 0
Exchange: 00000000

Address #281: 000011
RDWR Bit: 1
Stream Bit: 1
Stream Length: 21 (binary: 00010101)
  Data[0]: 00101000 -> 28
  Data[1]: 11111010 -> fa
  Data[2]: 00010110 -> 16
  Data[3]: 11101010 -> ea
  Data[4]: 01100110 -> 66
  Data[5]: 00010001 -> 11
  Data[6]: 01011001 -> 59
  Data[7]: 11101001 -> e9
  Data[8]: 10110110 -> b6
  Data[9]: 00100001 -> 21
  Data[10]: 00101111 -> 2f
  Data[11]: 01101001 -> 69
  Data[12]: 11101010 -> ea
  Data[13]: 11010010 -> d2
  Data[14]: 11010011 -> d3
  Data[15]: 10111100 -> bc
  Data[16]: 11110101 -> f5
  Data[17]: 11101011 -> eb
  Data[18]: 00000011 -> 03
  Data[19]: 01100101 -> 65
  Data[20]: 00101100 -> 2c

Address #292: 111111
RDWR Bit: 0
Stream Bit: 1
Stream Length: 8 (binary: 00001000)
  Data[0]: 01111101 -> 7d
  Data[1]: 11011011 -> db
  Data[2]: 11011011 -> db
  Data[3]: 11000010 -> c2
  Data[4]: 00001001 -> 09
  Data[5]: 00000100 -> 04
  Data[6]: 10011000 -> 98
  Data[7]: 11001100 -> cc

Address #297: 111101
RDWR Bit: 1
Stream Bit: 1
Stream Length: 14 (binary: 00001110)
  Data[0]: 11111001 -> f9
  Data[1]: 11101010 -> ea
  Data[2]: 11101000 -> e8
  Data[3]: 01101011 -> 6b
  Data[4]: 01101000 -> 68
  Data[5]: 10001010 -> 8a
  Data[6]: 01010110 -> 56
  Data[7]: 11111010 -> fa
  Data[8]: 10111000 -> b8
  Data[9]: 11011111 -> df
  Data[10]: 11011101 -> dd
  Data[11]: 10001010 -> 8a
  Data[12]: 00111100 -> 3c
  Data[13]: 10011110 -> 9e

Address #305: 001100
RDWR Bit: 1
Stream Bit: 0
Exchange: 00111100

Address #306: 111011
RDWR Bit: 0
Stream Bit: 0
Exchange: 10011000

Address #307: 001111
RDWR Bit: 0
Stream Bit: 1
Stream Length: 5 (binary: 00000101)
  Data[0]: 00100000 -> 20
  Data[1]: 10100010 -> a2
  Data[2]: 10100101 -> a5
  Data[3]: 11000101 -> c5
  Data[4]: 11110011 -> f3

Address #311: 100000
RDWR Bit: 1
Stream Bit: 1
Stream Length: 8 (binary: 00001000)
  Data[0]: 11011111 -> df
  Data[1]: 01010000 -> 50
  Data[2]: 10110010 -> b2
  Data[3]: 00011000 -> 18
  Data[4]: 11000001 -> c1
  Data[5]: 10110010 -> b2
  Data[6]: 01100001 -> 61
  Data[7]: 01111101 -> 7d

Address #316: 010110
RDWR Bit: 0
Stream Bit: 0
Exchange: 00001011

Address #317: 111011
RDWR Bit: 0
Stream Bit: 0
Exchange: 10011110

Address #318: 010001
RDWR Bit: 0
Stream Bit: 1
Stream Length: 8 (binary: 00001000)
  Data[0]: 11001011 -> cb
  Data[1]: 11011101 -> dd
  Data[2]: 01100011 -> 63
  Data[3]: 01111011 -> 7b
  Data[4]: 01100011 -> 63
  Data[5]: 00100001 -> 21
  Data[6]: 01000100 -> 44
  Data[7]: 11000010 -> c2

Address #323: 100011
RDWR Bit: 1
Stream Bit: 1
Stream Length: 31 (binary: 00011111)
  Data[0]: 00111100 -> 3c
  Data[1]: 10110111 -> b7
  Data[2]: 11011010 -> da
  Data[3]: 00011110 -> 1e
  Data[4]: 10011011 -> 9b
  Data[5]: 01100100 -> 64
  Data[6]: 10111010 -> ba
  Data[7]: 01000110 -> 46
  Data[8]: 01100001 -> 61
  Data[9]: 01011010 -> 5a
  Data[10]: 10010010 -> 92
  Data[11]: 11010001 -> d1
  Data[12]: 01111111 -> 7f
  Data[13]: 00010101 -> 15
  Data[14]: 10001100 -> 8c
  Data[15]: 10101110 -> ae
  Data[16]: 10100100 -> a4
  Data[17]: 00100001 -> 21
  Data[18]: 11110000 -> f0
  Data[19]: 11101111 -> ef
  Data[20]: 01010100 -> 54
  Data[21]: 01100011 -> 63
  Data[22]: 00110011 -> 33
  Data[23]: 11110010 -> f2
  Data[24]: 11010111 -> d7
  Data[25]: 11100001 -> e1
  Data[26]: 01010101 -> 55
  Data[27]: 01001001 -> 49
  Data[28]: 10100001 -> a1
  Data[29]: 00101011 -> 2b
  Data[30]: 00000010 -> 02

Address #339: 110001
RDWR Bit: 1
Stream Bit: 0
Exchange: 11111100
