Read a waves file with 6 signals and 2243 samples...
Input has these signals:
	* sclk (1 bits)
	* mosi (1 bits)
	* miso (1 bits)
	* ss (1 bits)
	* cpol (1 bits)
	* cpha (1 bits)

Address #1: 000001
RDWR Bit: 1
Stream Bit: 0
Exchange: 10100010

Address #2: 000110
RDWR Bit: 1
Stream Bit: 0
Exchange: 10111000

Address #3: 101011
RDWR Bit: 1
Stream Bit: 0
Exchange: 00001010

Address #4: 101111
RDWR Bit: 0
Stream Bit: 0
Exchange: 10100111

Address #5: 111010
RDWR Bit: 1
Stream Bit: 0
Exchange: 11100000

Address #6: 111001
RDWR Bit: 0
Stream Bit: 0
Exchange: 00011101

Address #7: 110001
RDWR Bit: 1
Stream Bit: 0
Exchange: 01001011

Address #8: 100101
RDWR Bit: 1
Stream Bit: 0
Exchange: 10010100

Address #9: 011011
RDWR Bit: 1
Stream Bit: 0
Exchange: 11000110

Address #10: 001101
RDWR Bit: 1
Stream Bit: 0
Exchange: 11110101

Address #11: 001110
RDWR Bit: 1
Stream Bit: 0
Exchange: 11001111

Address #12: 000111
RDWR Bit: 1
Stream Bit: 0
Exchange: 01101011

Address #13: 111111
RDWR Bit: 0
Stream Bit: 0
Exchange: 11111101

Address #14: 101001
RDWR Bit: 1
Stream Bit: 0
Exchange: 10001011

Address #15: 100101
RDWR Bit: 1
Stream Bit: 0
Exchange: 00001000

Address #16: 001010
RDWR Bit: 0
Stream Bit: 0
Exchange: 00011011

Address #17: 011101
RDWR Bit: 0
Stream Bit: 0
Exchange: 01111000

Address #18: 100000
RDWR Bit: 1
Stream Bit: 0
Exchange: 11101010

Address #19: 001110
RDWR Bit: 0
Stream Bit: 0
Exchange: 10001111

Address #20: 100010
RDWR Bit: 0
Stream Bit: 0
Exchange: 10110100

Address #21: 100000
RDWR Bit: 1
Stream Bit: 0
Exchange: 01000110

Address #22: 110000
RDWR Bit: 0
Stream Bit: 0
Exchange: 00101000

Address #23: 010100
RDWR Bit: 1
Stream Bit: 0
Exchange: 01001001

Address #24: 000011
RDWR Bit: 1
Stream Bit: 0
Exchange: 10100110

Address #25: 100011
RDWR Bit: 1
Stream Bit: 0
Exchange: 00001011

Address #26: 101100
RDWR Bit: 0
Stream Bit: 0
Exchange: 11000111

Address #27: 000111
RDWR Bit: 0
Stream Bit: 0
Exchange: 11100001

Address #28: 011011
RDWR Bit: 0
Stream Bit: 0
Exchange: 10000000

Address #29: 111000
RDWR Bit: 0
Stream Bit: 0
Exchange: 01000101

Address #30: 100111
RDWR Bit: 0
Stream Bit: 0
Exchange: 01010011

Address #31: 001110
RDWR Bit: 1
Stream Bit: 0
Exchange: 11110010

Address #32: 110000
RDWR Bit: 0
Stream Bit: 0
Exchange: 00111011

Address #33: 010101
RDWR Bit: 1
Stream Bit: 0
Exchange: 01110100

Address #34: 010010
RDWR Bit: 1
Stream Bit: 0
Exchange: 00110011

Address #35: 101001
RDWR Bit: 1
Stream Bit: 0
Exchange: 10101000

Address #36: 011111
RDWR Bit: 1
Stream Bit: 0
Exchange: 11101111

Address #37: 111101
RDWR Bit: 1
Stream Bit: 0
Exchange: 00001110

Address #38: 010000
RDWR Bit: 1
Stream Bit: 0
Exchange: 11011000

Address #39: 000100
RDWR Bit: 1
Stream Bit: 0
Exchange: 11011001

Address #40: 101111
RDWR Bit: 1
Stream Bit: 0
Exchange: 00001101

Address #41: 001111
RDWR Bit: 0
Stream Bit: 0
Exchange: 10001010

Address #42: 101100
RDWR Bit: 0
Stream Bit: 0
Exchange: 01110011

Address #43: 010010
RDWR Bit: 0
Stream Bit: 0
Exchange: 01010000

Address #44: 011111
RDWR Bit: 1
Stream Bit: 0
Exchange: 10010011

Address #45: 110000
RDWR Bit: 0
Stream Bit: 0
Exchange: 01000001

Address #46: 110011
RDWR Bit: 0
Stream Bit: 0
Exchange: 01010001

Address #47: 001111
RDWR Bit: 1
Stream Bit: 0
Exchange: 01001101

Address #48: 010010
RDWR Bit: 1
Stream Bit: 0
Exchange: 10000110

Address #49: 111010
RDWR Bit: 0
Stream Bit: 0
Exchange: 01101001

Address #50: 111101
RDWR Bit: 1
Stream Bit: 0
Exchange: 01110001

Address #51: 010000
RDWR Bit: 0
Stream Bit: 0
Exchange: 11100101

Address #52: 000011
RDWR Bit: 1
Stream Bit: 0
Exchange: 00110100

Address #53: 110101
RDWR Bit: 1
Stream Bit: 0
Exchange: 10000111

Address #54: 100111
RDWR Bit: 1
Stream Bit: 0
Exchange: 10011011

Address #55: 011011
RDWR Bit: 0
Stream Bit: 0
Exchange: 11000100

Address #56: 110000
RDWR Bit: 1
Stream Bit: 0
Exchange: 01011111

Address #57: 010111
RDWR Bit: 1
Stream Bit: 0
Exchange: 10110100

Address #58: 100111
RDWR Bit: 1
Stream Bit: 0
Exchange: 01010001

Address #59: 110010
RDWR Bit: 0
Stream Bit: 0
Exchange: 00000111

Address #60: 100110
RDWR Bit: 1
Stream Bit: 0
Exchange: 01010000

Address #61: 101101
RDWR Bit: 1
Stream Bit: 0
Exchange: 11011111

Address #62: 001110
RDWR Bit: 0
Stream Bit: 0
Exchange: 00011110

Address #63: 011101
RDWR Bit: 0
Stream Bit: 0
Exchange: 01010011

Address #64: 110011
RDWR Bit: 1
Stream Bit: 0
Exchange: 00010111
