Read a waves file with 6 signals and 2243 samples...
Input has these signals:
	* sclk (1 bits)
	* mosi (1 bits)
	* miso (1 bits)
	* ss (1 bits)
	* cpol (1 bits)
	* cpha (1 bits)

Address #1: 101000
RDWR Bit: 0
Stream Bit: 0
Exchange: 00011011

Address #2: 100110
RDWR Bit: 1
Stream Bit: 0
Exchange: 01001111

Address #3: 011000
RDWR Bit: 0
Stream Bit: 0
Exchange: 00101101

Address #4: 110000
RDWR Bit: 0
Stream Bit: 0
Exchange: 01010011

Address #5: 100100
RDWR Bit: 1
Stream Bit: 0
Exchange: 00000010

Address #6: 110001
RDWR Bit: 1
Stream Bit: 0
Exchange: 10010110

Address #7: 000101
RDWR Bit: 1
Stream Bit: 0
Exchange: 10010000

Address #8: 111011
RDWR Bit: 0
Stream Bit: 0
Exchange: 10010111

Address #9: 100110
RDWR Bit: 0
Stream Bit: 0
Exchange: 01011110

Address #10: 000101
RDWR Bit: 1
Stream Bit: 0
Exchange: 00110111

Address #11: 000001
RDWR Bit: 0
Stream Bit: 0
Exchange: 10000011

Address #12: 111000
RDWR Bit: 1
Stream Bit: 0
Exchange: 10001000

Address #13: 110100
RDWR Bit: 0
Stream Bit: 0
Exchange: 01010111

Address #14: 001011
RDWR Bit: 1
Stream Bit: 0
Exchange: 01011101

Address #15: 110111
RDWR Bit: 1
Stream Bit: 0
Exchange: 00010100

Address #16: 010101
RDWR Bit: 1
Stream Bit: 0
Exchange: 11100110

Address #17: 011000
RDWR Bit: 1
Stream Bit: 0
Exchange: 01001011

Address #18: 010111
RDWR Bit: 0
Stream Bit: 0
Exchange: 01010111

Address #19: 111110
RDWR Bit: 0
Stream Bit: 0
Exchange: 01100000

Address #20: 010101
RDWR Bit: 0
Stream Bit: 0
Exchange: 01011000

Address #21: 110101
RDWR Bit: 0
Stream Bit: 0
Exchange: 01100100

Address #22: 111110
RDWR Bit: 0
Stream Bit: 0
Exchange: 10000100

Address #23: 110100
RDWR Bit: 0
Stream Bit: 0
Exchange: 00110000

Address #24: 000010
RDWR Bit: 1
Stream Bit: 0
Exchange: 00010101

Address #25: 100111
RDWR Bit: 1
Stream Bit: 0
Exchange: 01010000

Address #26: 110000
RDWR Bit: 1
Stream Bit: 0
Exchange: 00000010

Address #27: 010110
RDWR Bit: 1
Stream Bit: 0
Exchange: 10111000

Address #28: 110110
RDWR Bit: 0
Stream Bit: 0
Exchange: 01110111

Address #29: 001101
RDWR Bit: 1
Stream Bit: 0
Exchange: 00011101

Address #30: 110000
RDWR Bit: 1
Stream Bit: 0
Exchange: 10111010

Address #31: 100010
RDWR Bit: 0
Stream Bit: 0
Exchange: 11100000

Address #32: 001010
RDWR Bit: 0
Stream Bit: 0
Exchange: 01001010

Address #33: 001001
RDWR Bit: 1
Stream Bit: 0
Exchange: 01011110

Address #34: 001110
RDWR Bit: 1
Stream Bit: 0
Exchange: 10000101

Address #35: 110010
RDWR Bit: 0
Stream Bit: 0
Exchange: 00000110

Address #36: 001101
RDWR Bit: 0
Stream Bit: 0
Exchange: 10011111

Address #37: 001001
RDWR Bit: 1
Stream Bit: 0
Exchange: 00001011

Address #38: 001101
RDWR Bit: 0
Stream Bit: 0
Exchange: 00110000

Address #39: 011001
RDWR Bit: 0
Stream Bit: 0
Exchange: 10001101

Address #40: 000010
RDWR Bit: 0
Stream Bit: 0
Exchange: 00101010

Address #41: 010110
RDWR Bit: 1
Stream Bit: 0
Exchange: 10001110

Address #42: 001111
RDWR Bit: 0
Stream Bit: 0
Exchange: 01001000

Address #43: 010100
RDWR Bit: 1
Stream Bit: 0
Exchange: 10100111

Address #44: 111111
RDWR Bit: 1
Stream Bit: 0
Exchange: 00101100

Address #45: 111101
RDWR Bit: 0
Stream Bit: 0
Exchange: 11111111

Address #46: 000100
RDWR Bit: 0
Stream Bit: 0
Exchange: 01011011

Address #47: 110000
RDWR Bit: 0
Stream Bit: 0
Exchange: 01101000

Address #48: 100110
RDWR Bit: 0
Stream Bit: 0
Exchange: 01000101

Address #49: 000010
RDWR Bit: 1
Stream Bit: 0
Exchange: 10111100

Address #50: 010011
RDWR Bit: 1
Stream Bit: 0
Exchange: 01001000

Address #51: 001101
RDWR Bit: 0
Stream Bit: 0
Exchange: 00111100

Address #52: 000010
RDWR Bit: 1
Stream Bit: 0
Exchange: 00010100

Address #53: 111011
RDWR Bit: 0
Stream Bit: 0
Exchange: 01111110

Address #54: 000101
RDWR Bit: 1
Stream Bit: 0
Exchange: 01110001

Address #55: 011001
RDWR Bit: 0
Stream Bit: 0
Exchange: 01100000

Address #56: 111111
RDWR Bit: 1
Stream Bit: 0
Exchange: 11001101

Address #57: 000110
RDWR Bit: 1
Stream Bit: 0
Exchange: 10100110

Address #58: 011101
RDWR Bit: 1
Stream Bit: 0
Exchange: 10100100

Address #59: 010111
RDWR Bit: 0
Stream Bit: 0
Exchange: 01111010

Address #60: 110010
RDWR Bit: 1
Stream Bit: 0
Exchange: 11111011

Address #61: 100110
RDWR Bit: 0
Stream Bit: 0
Exchange: 10001011

Address #62: 110111
RDWR Bit: 1
Stream Bit: 0
Exchange: 01100111

Address #63: 011110
RDWR Bit: 0
Stream Bit: 0
Exchange: 01000011

Address #64: 011011
RDWR Bit: 0
Stream Bit: 0
Exchange: 10111001
