Read a waves file with 6 signals and 8307 samples...
Input has these signals:
	* sclk (1 bits)
	* mosi (1 bits)
	* miso (1 bits)
	* ss (1 bits)
	* cpol (1 bits)
	* cpha (1 bits)

Address #1: 000111
RDWR Bit: 0
Stream Bit: 1
Stream Length: 22 (binary: 00010110)
  Data[0]: 00100100 -> 24
  Data[1]: 11010111 -> d7
  Data[2]: 00000100 -> 04
  Data[3]: 00010010 -> 12
  Data[4]: 10010111 -> 97
  Data[5]: 10111101 -> bd
  Data[6]: 10111100 -> bc
  Data[7]: 10110100 -> b4
  Data[8]: 00100110 -> 26
  Data[9]: 01011100 -> 5c
  Data[10]: 00101101 -> 2d
  Data[11]: 01000011 -> 43
  Data[12]: 10000101 -> 85
  Data[13]: 01001110 -> 4e
  Data[14]: 01011111 -> 5f
  Data[15]: 01001101 -> 4d
  Data[16]: 11111100 -> fc
  Data[17]: 11110010 -> f2
  Data[18]: 00000000 -> 00
  Data[19]: 10110010 -> b2
  Data[20]: 10001100 -> 8c
  Data[21]: 10010100 -> 94

Address #13: 011101
RDWR Bit: 0
Stream Bit: 0
Exchange: 01001100

Address #14: 011111
RDWR Bit: 0
Stream Bit: 0
Exchange: 10111001

Address #15: 100100
RDWR Bit: 0
Stream Bit: 0
Exchange: 11011101

Address #16: 000111
RDWR Bit: 1
Stream Bit: 1
Stream Length: 22 (binary: 00010110)
  Data[0]: 11101111 -> ef
  Data[1]: 01111000 -> 78
  Data[2]: 01100001 -> 61
  Data[3]: 11101010 -> ea
  Data[4]: 11101111 -> ef
  Data[5]: 01110101 -> 75
  Data[6]: 11001000 -> c8
  Data[7]: 11001101 -> cd
  Data[8]: 10011000 -> 98
  Data[9]: 10011001 -> 99
  Data[10]: 01001000 -> 48
  Data[11]: 00010110 -> 16
  Data[12]: 01001001 -> 49
  Data[13]: 11010100 -> d4
  Data[14]: 00011011 -> 1b
  Data[15]: 11100101 -> e5
  Data[16]: 11010111 -> d7
  Data[17]: 00100101 -> 25
  Data[18]: 10000000 -> 80
  Data[19]: 10111001 -> b9
  Data[20]: 01001001 -> 49
  Data[21]: 00000001 -> 01

Address #28: 110010
RDWR Bit: 1
Stream Bit: 1
Stream Length: 18 (binary: 00010010)
  Data[0]: 01000110 -> 46
  Data[1]: 10100010 -> a2
  Data[2]: 01101000 -> 68
  Data[3]: 11110011 -> f3
  Data[4]: 00010100 -> 14
  Data[5]: 11101101 -> ed
  Data[6]: 10110100 -> b4
  Data[7]: 01001111 -> 4f
  Data[8]: 10011011 -> 9b
  Data[9]: 00110010 -> 32
  Data[10]: 10110011 -> b3
  Data[11]: 01111010 -> 7a
  Data[12]: 11010011 -> d3
  Data[13]: 10101010 -> aa
  Data[14]: 00001000 -> 08
  Data[15]: 11011000 -> d8
  Data[16]: 10010111 -> 97
  Data[17]: 01110111 -> 77

Address #38: 011111
RDWR Bit: 0
Stream Bit: 0
Exchange: 10111001

Address #39: 000101
RDWR Bit: 1
Stream Bit: 0
Exchange: 10000111

Address #40: 000110
RDWR Bit: 1
Stream Bit: 0
Exchange: 01001100

Address #41: 011110
RDWR Bit: 0
Stream Bit: 0
Exchange: 00111010

Address #42: 011101
RDWR Bit: 1
Stream Bit: 0
Exchange: 10111110

Address #43: 111100
RDWR Bit: 0
Stream Bit: 0
Exchange: 11101110

Address #44: 100110
RDWR Bit: 1
Stream Bit: 0
Exchange: 00100011

Address #45: 110001
RDWR Bit: 0
Stream Bit: 0
Exchange: 00010000

Address #46: 100100
RDWR Bit: 0
Stream Bit: 0
Exchange: 00110001

Address #47: 100010
RDWR Bit: 0
Stream Bit: 0
Exchange: 10010001

Address #48: 010111
RDWR Bit: 1
Stream Bit: 1
Stream Length: 18 (binary: 00010010)
  Data[0]: 10101111 -> af
  Data[1]: 10100011 -> a3
  Data[2]: 10011110 -> 9e
  Data[3]: 01001100 -> 4c
  Data[4]: 01000100 -> 44
  Data[5]: 00110100 -> 34
  Data[6]: 11111111 -> ff
  Data[7]: 01110101 -> 75
  Data[8]: 00110001 -> 31
  Data[9]: 00101100 -> 2c
  Data[10]: 00001100 -> 0c
  Data[11]: 11000110 -> c6
  Data[12]: 01111001 -> 79
  Data[13]: 00010011 -> 13
  Data[14]: 11011100 -> dc
  Data[15]: 00000110 -> 06
  Data[16]: 01101010 -> 6a
  Data[17]: 11101101 -> ed

Address #58: 111001
RDWR Bit: 0
Stream Bit: 0
Exchange: 00100011

Address #59: 101110
RDWR Bit: 1
Stream Bit: 0
Exchange: 01100100

Address #60: 101010
RDWR Bit: 1
Stream Bit: 1
Stream Length: 23 (binary: 00010111)
  Data[0]: 11110011 -> f3
  Data[1]: 01100001 -> 61
  Data[2]: 00000011 -> 03
  Data[3]: 00110000 -> 30
  Data[4]: 11110101 -> f5
  Data[5]: 10110000 -> b0
  Data[6]: 01111101 -> 7d
  Data[7]: 10011100 -> 9c
  Data[8]: 11011010 -> da
  Data[9]: 01010110 -> 56
  Data[10]: 00011111 -> 1f
  Data[11]: 00001010 -> 0a
  Data[12]: 01000111 -> 47
  Data[13]: 00110001 -> 31
  Data[14]: 11010110 -> d6
  Data[15]: 01100010 -> 62
  Data[16]: 11011101 -> dd
  Data[17]: 11001110 -> ce
  Data[18]: 10000110 -> 86
  Data[19]: 01101000 -> 68
  Data[20]: 10011100 -> 9c
  Data[21]: 00001000 -> 08
  Data[22]: 00010010 -> 12

Address #72: 010000
RDWR Bit: 0
Stream Bit: 1
Stream Length: 8 (binary: 00001000)
  Data[0]: 10010000 -> 90
  Data[1]: 11100010 -> e2
  Data[2]: 11011110 -> de
  Data[3]: 00110110 -> 36
  Data[4]: 00001011 -> 0b
  Data[5]: 01100100 -> 64
  Data[6]: 10011101 -> 9d
  Data[7]: 00000001 -> 01

Address #77: 000101
RDWR Bit: 0
Stream Bit: 0
Exchange: 11100011

Address #78: 110000
RDWR Bit: 1
Stream Bit: 0
Exchange: 01111010

Address #79: 000110
RDWR Bit: 0
Stream Bit: 0
Exchange: 10110010

Address #80: 110000
RDWR Bit: 0
Stream Bit: 0
Exchange: 11101001

Address #81: 001111
RDWR Bit: 0
Stream Bit: 1
Stream Length: 7 (binary: 00000111)
  Data[0]: 11110001 -> f1
  Data[1]: 00001110 -> 0e
  Data[2]: 11100101 -> e5
  Data[3]: 10101111 -> af
  Data[4]: 01000001 -> 41
  Data[5]: 11100000 -> e0
  Data[6]: 10011001 -> 99

Address #86: 101111
RDWR Bit: 1
Stream Bit: 0
Exchange: 10001001

Address #87: 000100
RDWR Bit: 0
Stream Bit: 0
Exchange: 00010101

Address #88: 111111
RDWR Bit: 1
Stream Bit: 0
Exchange: 01011000

Address #89: 110100
RDWR Bit: 1
Stream Bit: 1
Stream Length: 23 (binary: 00010111)
  Data[0]: 00111001 -> 39
  Data[1]: 01100101 -> 65
  Data[2]: 00010000 -> 10
  Data[3]: 10010100 -> 94
  Data[4]: 10110101 -> b5
  Data[5]: 10000100 -> 84
  Data[6]: 10101110 -> ae
  Data[7]: 00000010 -> 02
  Data[8]: 11100100 -> e4
  Data[9]: 01100000 -> 60
  Data[10]: 10011101 -> 9d
  Data[11]: 00110011 -> 33
  Data[12]: 10001100 -> 8c
  Data[13]: 01011111 -> 5f
  Data[14]: 10110001 -> b1
  Data[15]: 10110010 -> b2
  Data[16]: 00101101 -> 2d
  Data[17]: 01001101 -> 4d
  Data[18]: 00001001 -> 09
  Data[19]: 01001111 -> 4f
  Data[20]: 01100000 -> 60
  Data[21]: 01100011 -> 63
  Data[22]: 10010010 -> 92

Address #101: 110011
RDWR Bit: 0
Stream Bit: 0
Exchange: 10011001

Address #102: 010111
RDWR Bit: 0
Stream Bit: 0
Exchange: 10010011

Address #103: 110011
RDWR Bit: 1
Stream Bit: 0
Exchange: 00001111

Address #104: 111101
RDWR Bit: 1
Stream Bit: 1
Stream Length: 4 (binary: 00000100)
  Data[0]: 10011110 -> 9e
  Data[1]: 01001110 -> 4e
  Data[2]: 00000001 -> 01
  Data[3]: 11011111 -> df

Address #107: 110000
RDWR Bit: 0
Stream Bit: 1
Stream Length: 19 (binary: 00010011)
  Data[0]: 01001101 -> 4d
  Data[1]: 11101011 -> eb
  Data[2]: 00001001 -> 09
  Data[3]: 10001111 -> 8f
  Data[4]: 01110100 -> 74
  Data[5]: 01101011 -> 6b
  Data[6]: 10010110 -> 96
  Data[7]: 00101110 -> 2e
  Data[8]: 11110100 -> f4
  Data[9]: 11011010 -> da
  Data[10]: 11001110 -> ce
  Data[11]: 10001110 -> 8e
  Data[12]: 01011100 -> 5c
  Data[13]: 10110110 -> b6
  Data[14]: 01010001 -> 51
  Data[15]: 00011011 -> 1b
  Data[16]: 01111101 -> 7d
  Data[17]: 11000011 -> c3
  Data[18]: 10011010 -> 9a

Address #118: 001110
RDWR Bit: 0
Stream Bit: 1
Stream Length: 22 (binary: 00010110)
  Data[0]: 10111011 -> bb
  Data[1]: 01000110 -> 46
  Data[2]: 10110101 -> b5
  Data[3]: 11000110 -> c6
  Data[4]: 00100111 -> 27
  Data[5]: 01101000 -> 68
  Data[6]: 11001001 -> c9
  Data[7]: 00000110 -> 06
  Data[8]: 10001101 -> 8d
  Data[9]: 10001000 -> 88
  Data[10]: 00110001 -> 31
  Data[11]: 11101001 -> e9
  Data[12]: 00110110 -> 36
  Data[13]: 01000100 -> 44
  Data[14]: 10101111 -> af
  Data[15]: 01101111 -> 6f
  Data[16]: 10101000 -> a8
  Data[17]: 01100100 -> 64
  Data[18]: 00001000 -> 08
  Data[19]: 11101100 -> ec
  Data[20]: 10100111 -> a7
  Data[21]: 01011011 -> 5b

Address #130: 110110
RDWR Bit: 0
Stream Bit: 1
Stream Length: 16 (binary: 00010000)
  Data[0]: 10100100 -> a4
  Data[1]: 00101000 -> 28
  Data[2]: 10010101 -> 95
  Data[3]: 10111010 -> ba
  Data[4]: 10000010 -> 82
  Data[5]: 10011001 -> 99
  Data[6]: 11001101 -> cd
  Data[7]: 11001110 -> ce
  Data[8]: 10010111 -> 97
  Data[9]: 10100010 -> a2
  Data[10]: 01001111 -> 4f
  Data[11]: 00110000 -> 30
  Data[12]: 11110101 -> f5
  Data[13]: 00110111 -> 37
  Data[14]: 00000111 -> 07
  Data[15]: 10101000 -> a8

Address #139: 111000
RDWR Bit: 0
Stream Bit: 0
Exchange: 11111110

Address #140: 100011
RDWR Bit: 1
Stream Bit: 1
Stream Length: 15 (binary: 00001111)
  Data[0]: 10110111 -> b7
  Data[1]: 11101010 -> ea
  Data[2]: 00001001 -> 09
  Data[3]: 01100100 -> 64
  Data[4]: 01101011 -> 6b
  Data[5]: 00010111 -> 17
  Data[6]: 11101011 -> eb
  Data[7]: 11100010 -> e2
  Data[8]: 11111001 -> f9
  Data[9]: 00101110 -> 2e
  Data[10]: 10000100 -> 84
  Data[11]: 10011011 -> 9b
  Data[12]: 10010010 -> 92
  Data[13]: 00010101 -> 15
  Data[14]: 10010110 -> 96

Address #148: 101111
RDWR Bit: 1
Stream Bit: 0
Exchange: 10000010

Address #149: 010001
RDWR Bit: 1
Stream Bit: 0
Exchange: 10001110

Address #150: 000111
RDWR Bit: 0
Stream Bit: 0
Exchange: 01110001

Address #151: 011011
RDWR Bit: 1
Stream Bit: 1
Stream Length: 16 (binary: 00010000)
  Data[0]: 10010101 -> 95
  Data[1]: 10011010 -> 9a
  Data[2]: 00001100 -> 0c
  Data[3]: 00111111 -> 3f
  Data[4]: 00100001 -> 21
  Data[5]: 11001111 -> cf
  Data[6]: 10001111 -> 8f
  Data[7]: 00000010 -> 02
  Data[8]: 00110010 -> 32
  Data[9]: 10010111 -> 97
  Data[10]: 00101111 -> 2f
  Data[11]: 01110001 -> 71
  Data[12]: 11001100 -> cc
  Data[13]: 01111000 -> 78
  Data[14]: 10110000 -> b0
  Data[15]: 10001111 -> 8f

Address #160: 001101
RDWR Bit: 0
Stream Bit: 0
Exchange: 00000111

Address #161: 001100
RDWR Bit: 0
Stream Bit: 1
Stream Length: 13 (binary: 00001101)
  Data[0]: 01111011 -> 7b
  Data[1]: 00110000 -> 30
  Data[2]: 01010000 -> 50
  Data[3]: 00000001 -> 01
  Data[4]: 01100110 -> 66
  Data[5]: 11111100 -> fc
  Data[6]: 00000101 -> 05
  Data[7]: 01110010 -> 72
  Data[8]: 11001110 -> ce
  Data[9]: 01001000 -> 48
  Data[10]: 10000111 -> 87
  Data[11]: 01010111 -> 57
  Data[12]: 01001110 -> 4e

Address #169: 111111
RDWR Bit: 1
Stream Bit: 0
Exchange: 10011111

Address #170: 101110
RDWR Bit: 0
Stream Bit: 1
Stream Length: 18 (binary: 00010010)
  Data[0]: 10001111 -> 8f
  Data[1]: 11111000 -> f8
  Data[2]: 10111010 -> ba
  Data[3]: 01110111 -> 77
  Data[4]: 10110000 -> b0
  Data[5]: 00010000 -> 10
  Data[6]: 11011100 -> dc
  Data[7]: 11110110 -> f6
  Data[8]: 10010000 -> 90
  Data[9]: 11101111 -> ef
  Data[10]: 01000100 -> 44
  Data[11]: 11101010 -> ea
  Data[12]: 11111010 -> fa
  Data[13]: 10110100 -> b4
  Data[14]: 00000101 -> 05
  Data[15]: 10101000 -> a8
  Data[16]: 01010110 -> 56
  Data[17]: 11000110 -> c6

Address #180: 100111
RDWR Bit: 1
Stream Bit: 0
Exchange: 01000011

Address #181: 001010
RDWR Bit: 1
Stream Bit: 0
Exchange: 10110100

Address #182: 110111
RDWR Bit: 0
Stream Bit: 0
Exchange: 00110101

Address #183: 111011
RDWR Bit: 0
Stream Bit: 0
Exchange: 10000110

Address #184: 110111
RDWR Bit: 1
Stream Bit: 1
Stream Length: 25 (binary: 00011001)
  Data[0]: 11011010 -> da
  Data[1]: 01011110 -> 5e
  Data[2]: 10001000 -> 88
  Data[3]: 11111001 -> f9
  Data[4]: 10001100 -> 8c
  Data[5]: 00010010 -> 12
  Data[6]: 10001111 -> 8f
  Data[7]: 10001111 -> 8f
  Data[8]: 01011010 -> 5a
  Data[9]: 00100001 -> 21
  Data[10]: 11110000 -> f0
  Data[11]: 00101111 -> 2f
  Data[12]: 01011010 -> 5a
  Data[13]: 00101000 -> 28
  Data[14]: 00010011 -> 13
  Data[15]: 00001001 -> 09
  Data[16]: 10111100 -> bc
  Data[17]: 10100100 -> a4
  Data[18]: 11000111 -> c7
  Data[19]: 00111101 -> 3d
  Data[20]: 11111001 -> f9
  Data[21]: 00011011 -> 1b
  Data[22]: 10000001 -> 81
  Data[23]: 10111010 -> ba
  Data[24]: 10000011 -> 83

Address #197: 000010
RDWR Bit: 0
Stream Bit: 0
Exchange: 11111000

Address #198: 010010
RDWR Bit: 0
Stream Bit: 0
Exchange: 10100010

Address #199: 100100
RDWR Bit: 1
Stream Bit: 1
Stream Length: 31 (binary: 00011111)
  Data[0]: 01110101 -> 75
  Data[1]: 00001101 -> 0d
  Data[2]: 11100000 -> e0
  Data[3]: 11111011 -> fb
  Data[4]: 11110001 -> f1
  Data[5]: 11101001 -> e9
  Data[6]: 00101111 -> 2f
  Data[7]: 11011011 -> db
  Data[8]: 10011000 -> 98
  Data[9]: 10011111 -> 9f
  Data[10]: 00001101 -> 0d
  Data[11]: 01100101 -> 65
  Data[12]: 01100011 -> 63
  Data[13]: 00011011 -> 1b
  Data[14]: 10100111 -> a7
  Data[15]: 10001010 -> 8a
  Data[16]: 01110001 -> 71
  Data[17]: 01010111 -> 57
  Data[18]: 00101100 -> 2c
  Data[19]: 10011011 -> 9b
  Data[20]: 11010110 -> d6
  Data[21]: 11011010 -> da
  Data[22]: 10000100 -> 84
  Data[23]: 00110111 -> 37
  Data[24]: 11001010 -> ca
  Data[25]: 00001101 -> 0d
  Data[26]: 10101011 -> ab
  Data[27]: 11001010 -> ca
  Data[28]: 00111101 -> 3d
  Data[29]: 11101011 -> eb
  Data[30]: 11011011 -> db

Address #216: 000011
RDWR Bit: 1
Stream Bit: 0
Exchange: 00101011

Address #217: 010100
RDWR Bit: 1
Stream Bit: 0
Exchange: 10001110

Address #218: 100100
RDWR Bit: 1
Stream Bit: 1
Stream Length: 17 (binary: 00010001)
  Data[0]: 00111001 -> 39
  Data[1]: 00101101 -> 2d
  Data[2]: 00000000 -> 00
  Data[3]: 01100111 -> 67
  Data[4]: 10000011 -> 83
  Data[5]: 11100011 -> e3
  Data[6]: 10001010 -> 8a
  Data[7]: 10111011 -> bb
  Data[8]: 00011001 -> 19
  Data[9]: 11111000 -> f8
  Data[10]: 11111000 -> f8
  Data[11]: 11011100 -> dc
  Data[12]: 10101010 -> aa
  Data[13]: 01111110 -> 7e
  Data[14]: 00010111 -> 17
  Data[15]: 01011010 -> 5a
  Data[16]: 00001000 -> 08

Address #227: 000111
RDWR Bit: 0
Stream Bit: 0
Exchange: 10101110

Address #228: 101111
RDWR Bit: 1
Stream Bit: 1
Stream Length: 16 (binary: 00010000)
  Data[0]: 00000001 -> 01
  Data[1]: 00011100 -> 1c
  Data[2]: 10100011 -> a3
  Data[3]: 10000111 -> 87
  Data[4]: 11000100 -> c4
  Data[5]: 11111000 -> f8
  Data[6]: 01110110 -> 76
  Data[7]: 01101101 -> 6d
  Data[8]: 00011111 -> 1f
  Data[9]: 11000011 -> c3
  Data[10]: 10001010 -> 8a
  Data[11]: 10100011 -> a3
  Data[12]: 00100111 -> 27
  Data[13]: 10001010 -> 8a
  Data[14]: 10101111 -> af
  Data[15]: 10100100 -> a4

Address #237: 001001
RDWR Bit: 0
Stream Bit: 0
Exchange: 01110100

Address #238: 100010
RDWR Bit: 0
Stream Bit: 0
Exchange: 00110011

Address #239: 100100
RDWR Bit: 0
Stream Bit: 1
Stream Length: 24 (binary: 00011000)
  Data[0]: 11000101 -> c5
  Data[1]: 10101000 -> a8
  Data[2]: 00001110 -> 0e
  Data[3]: 00110010 -> 32
  Data[4]: 11110001 -> f1
  Data[5]: 11011111 -> df
  Data[6]: 01111110 -> 7e
  Data[7]: 01011110 -> 5e
  Data[8]: 00110010 -> 32
  Data[9]: 11001001 -> c9
  Data[10]: 01001100 -> 4c
  Data[11]: 11110100 -> f4
  Data[12]: 00111111 -> 3f
  Data[13]: 10101101 -> ad
  Data[14]: 11100110 -> e6
  Data[15]: 00101101 -> 2d
  Data[16]: 01100010 -> 62
  Data[17]: 01110100 -> 74
  Data[18]: 01000010 -> 42
  Data[19]: 01000101 -> 45
  Data[20]: 11101111 -> ef
  Data[21]: 01100111 -> 67
  Data[22]: 11110010 -> f2
  Data[23]: 10001101 -> 8d

Address #252: 101110
RDWR Bit: 1
Stream Bit: 1
Stream Length: 2 (binary: 00000010)
  Data[0]: 11011101 -> dd
  Data[1]: 11000111 -> c7
