read a waves file with 6 signals and 2243 samples
input has these signals:
	* sclk (1 bits)
	* mosi (1 bits)
	* miso (1 bits)
	* ss (1 bits)
	* cpol (1 bits)
	* cpha (1 bits)


1024

101111

0

100100

0

111100

0

010111

0

001011

0

110111

0

100011

0

100101

0

101000

0

011010

0

110110

0

011010

0

011101

0

001010

0

011010

0

011010

0

111101

0

010000

0

101001

0

010010

0

110000

0

000110

0

011001

0

110010

0

100010

0

001001

0

010011

0

011101

0

001000

0

110000

0

110011

0

111101

0

000000

0

010111

0

111101

0

000101

0

110000

0

101100

0

011011

0

111110

0

011110

0

110111

0

100100

0

100100

0

000000

0

101011

0

101001

0

101000

0

100110

0

000011

0

110100

0

010001

0

010010

0

111110

0

011001

0

100011

0

011111

0

110011

0

011001

0

110101

0

101100

0

101100

0

001001

0

001111

0