Read a waves file with 6 signals and 2243 samples...
Input has these signals:
	* sclk (1 bits)
	* mosi (1 bits)
	* miso (1 bits)
	* ss (1 bits)
	* cpol (1 bits)
	* cpha (1 bits)

Address #1: 011111
RDWR Bit: 0
Stream Bit: 0
Exchange: 10011111

Address #2: 100101
RDWR Bit: 1
Stream Bit: 0
Exchange: 10010100

Address #3: 001001
RDWR Bit: 0
Stream Bit: 0
Exchange: 01001110

Address #4: 001011
RDWR Bit: 0
Stream Bit: 0
Exchange: 00110001

Address #5: 000101
RDWR Bit: 1
Stream Bit: 0
Exchange: 01100000

Address #6: 110011
RDWR Bit: 0
Stream Bit: 0
Exchange: 10111000

Address #7: 100101
RDWR Bit: 0
Stream Bit: 0
Exchange: 11011100

Address #8: 101111
RDWR Bit: 1
Stream Bit: 0
Exchange: 10011001

Address #9: 101011
RDWR Bit: 0
Stream Bit: 0
Exchange: 01110000

Address #10: 100110
RDWR Bit: 1
Stream Bit: 0
Exchange: 01001111

Address #11: 001100
RDWR Bit: 0
Stream Bit: 0
Exchange: 10111001

Address #12: 110111
RDWR Bit: 0
Stream Bit: 0
Exchange: 10111001

Address #13: 110111
RDWR Bit: 0
Stream Bit: 0
Exchange: 10011011

Address #14: 101010
RDWR Bit: 1
Stream Bit: 0
Exchange: 00001100

Address #15: 001001
RDWR Bit: 1
Stream Bit: 0
Exchange: 11001001

Address #16: 100001
RDWR Bit: 1
Stream Bit: 0
Exchange: 11110111

Address #17: 100110
RDWR Bit: 0
Stream Bit: 0
Exchange: 10010111

Address #18: 000000
RDWR Bit: 0
Stream Bit: 0
Exchange: 10111011

Address #19: 010110
RDWR Bit: 1
Stream Bit: 0
Exchange: 01100011

Address #20: 111010
RDWR Bit: 0
Stream Bit: 0
Exchange: 10000000

Address #21: 100010
RDWR Bit: 0
Stream Bit: 0
Exchange: 10100011

Address #22: 110111
RDWR Bit: 0
Stream Bit: 0
Exchange: 10001110

Address #23: 000010
RDWR Bit: 1
Stream Bit: 0
Exchange: 01011101

Address #24: 101111
RDWR Bit: 1
Stream Bit: 0
Exchange: 01101001

Address #25: 010011
RDWR Bit: 0
Stream Bit: 0
Exchange: 11100001

Address #26: 011001
RDWR Bit: 0
Stream Bit: 0
Exchange: 11010001

Address #27: 101001
RDWR Bit: 1
Stream Bit: 0
Exchange: 00110011

Address #28: 101111
RDWR Bit: 0
Stream Bit: 0
Exchange: 01101110

Address #29: 001110
RDWR Bit: 1
Stream Bit: 0
Exchange: 10111111

Address #30: 011111
RDWR Bit: 0
Stream Bit: 0
Exchange: 00101011

Address #31: 100111
RDWR Bit: 0
Stream Bit: 0
Exchange: 00100010

Address #32: 101100
RDWR Bit: 1
Stream Bit: 0
Exchange: 01010110

Address #33: 111110
RDWR Bit: 1
Stream Bit: 0
Exchange: 00110011

Address #34: 000110
RDWR Bit: 0
Stream Bit: 0
Exchange: 11000111

Address #35: 100101
RDWR Bit: 0
Stream Bit: 0
Exchange: 01010100

Address #36: 110011
RDWR Bit: 0
Stream Bit: 0
Exchange: 10011011

Address #37: 001001
RDWR Bit: 0
Stream Bit: 0
Exchange: 00110011

Address #38: 010111
RDWR Bit: 0
Stream Bit: 0
Exchange: 11101111

Address #39: 111110
RDWR Bit: 0
Stream Bit: 0
Exchange: 10011110

Address #40: 100111
RDWR Bit: 0
Stream Bit: 0
Exchange: 10100100

Address #41: 101010
RDWR Bit: 1
Stream Bit: 0
Exchange: 00011001

Address #42: 001010
RDWR Bit: 0
Stream Bit: 0
Exchange: 10111001

Address #43: 010100
RDWR Bit: 1
Stream Bit: 0
Exchange: 10001101

Address #44: 110110
RDWR Bit: 0
Stream Bit: 0
Exchange: 11111011

Address #45: 101110
RDWR Bit: 0
Stream Bit: 0
Exchange: 10100000

Address #46: 011101
RDWR Bit: 0
Stream Bit: 0
Exchange: 10011010

Address #47: 111000
RDWR Bit: 1
Stream Bit: 0
Exchange: 10011111

Address #48: 001000
RDWR Bit: 1
Stream Bit: 0
Exchange: 11001010

Address #49: 000001
RDWR Bit: 1
Stream Bit: 0
Exchange: 11001011

Address #50: 100100
RDWR Bit: 0
Stream Bit: 0
Exchange: 11010000

Address #51: 010011
RDWR Bit: 1
Stream Bit: 0
Exchange: 11000001

Address #52: 011111
RDWR Bit: 1
Stream Bit: 0
Exchange: 00010010

Address #53: 011001
RDWR Bit: 0
Stream Bit: 0
Exchange: 01111100

Address #54: 110001
RDWR Bit: 0
Stream Bit: 0
Exchange: 10001100

Address #55: 010011
RDWR Bit: 0
Stream Bit: 0
Exchange: 10010100

Address #56: 010000
RDWR Bit: 0
Stream Bit: 0
Exchange: 00011100

Address #57: 001011
RDWR Bit: 0
Stream Bit: 0
Exchange: 00111111

Address #58: 110001
RDWR Bit: 1
Stream Bit: 0
Exchange: 00000000

Address #59: 110110
RDWR Bit: 1
Stream Bit: 0
Exchange: 01011111

Address #60: 011100
RDWR Bit: 0
Stream Bit: 0
Exchange: 11010111

Address #61: 101100
RDWR Bit: 0
Stream Bit: 0
Exchange: 01100010

Address #62: 010000
RDWR Bit: 1
Stream Bit: 0
Exchange: 00010001

Address #63: 000111
RDWR Bit: 1
Stream Bit: 0
Exchange: 11000101

Address #64: 100001
RDWR Bit: 1
Stream Bit: 0
Exchange: 01110010
