Read a waves file with 6 signals and 7971 samples...
Input has these signals:
	* sclk (1 bits)
	* mosi (1 bits)
	* miso (1 bits)
	* ss (1 bits)
	* cpol (1 bits)
	* cpha (1 bits)

Address #1: 011110
RDWR Bit: 0
Stream Bit: 1
Stream Length: 27 (binary: 00011011)
  Data[0]: 00010001 -> 11
  Data[1]: 00011110 -> 1e
  Data[2]: 10100010 -> a2
  Data[3]: 00100101 -> 25
  Data[4]: 11110001 -> f1
  Data[5]: 10010100 -> 94
  Data[6]: 11011010 -> da
  Data[7]: 00011100 -> 1c
  Data[8]: 10011011 -> 9b
  Data[9]: 01100100 -> 64
  Data[10]: 00111111 -> 3f
  Data[11]: 01010001 -> 51
  Data[12]: 10000100 -> 84
  Data[13]: 01110110 -> 76
  Data[14]: 01011111 -> 5f
  Data[15]: 10100111 -> a7
  Data[16]: 10011010 -> 9a
  Data[17]: 01011101 -> 5d
  Data[18]: 11111111 -> ff
  Data[19]: 00001101 -> 0d
  Data[20]: 11010010 -> d2
  Data[21]: 11001010 -> ca
  Data[22]: 11000111 -> c7
  Data[23]: 11000101 -> c5
  Data[24]: 11001110 -> ce
  Data[25]: 00110110 -> 36
  Data[26]: 01100101 -> 65

Address #15: 001000
RDWR Bit: 0
Stream Bit: 0
Exchange: 11110000

Address #16: 111010
RDWR Bit: 1
Stream Bit: 1
Stream Length: 27 (binary: 00011011)
  Data[0]: 11011001 -> d9
  Data[1]: 00011110 -> 1e
  Data[2]: 00011010 -> 1a
  Data[3]: 10010111 -> 97
  Data[4]: 10101010 -> aa
  Data[5]: 10110001 -> b1
  Data[6]: 01100000 -> 60
  Data[7]: 00100111 -> 27
  Data[8]: 01110001 -> 71
  Data[9]: 01000111 -> 47
  Data[10]: 11001110 -> ce
  Data[11]: 00101010 -> 2a
  Data[12]: 10100010 -> a2
  Data[13]: 10001101 -> 8d
  Data[14]: 00010110 -> 16
  Data[15]: 11101000 -> e8
  Data[16]: 00101001 -> 29
  Data[17]: 00000111 -> 07
  Data[18]: 01110100 -> 74
  Data[19]: 11010100 -> d4
  Data[20]: 01111100 -> 7c
  Data[21]: 01001101 -> 4d
  Data[22]: 01010100 -> 54
  Data[23]: 11110010 -> f2
  Data[24]: 01010010 -> 52
  Data[25]: 00110100 -> 34
  Data[26]: 01100011 -> 63

Address #31: 101101
RDWR Bit: 0
Stream Bit: 0
Exchange: 00100110

Address #32: 110111
RDWR Bit: 1
Stream Bit: 0
Exchange: 01111010

Address #33: 010011
RDWR Bit: 1
Stream Bit: 1
Stream Length: 5 (binary: 00000101)
  Data[0]: 11100011 -> e3
  Data[1]: 10110000 -> b0
  Data[2]: 00011111 -> 1f
  Data[3]: 00010100 -> 14
  Data[4]: 10011100 -> 9c

Address #36: 000010
RDWR Bit: 0
Stream Bit: 0
Exchange: 00101101

Address #37: 001111
RDWR Bit: 0
Stream Bit: 0
Exchange: 00010110

Address #38: 001100
RDWR Bit: 1
Stream Bit: 0
Exchange: 01100111

Address #39: 010101
RDWR Bit: 0
Stream Bit: 0
Exchange: 10000111

Address #40: 001110
RDWR Bit: 1
Stream Bit: 0
Exchange: 11110100

Address #41: 010111
RDWR Bit: 0
Stream Bit: 1
Stream Length: 8 (binary: 00001000)
  Data[0]: 01011111 -> 5f
  Data[1]: 00000110 -> 06
  Data[2]: 00001001 -> 09
  Data[3]: 00011101 -> 1d
  Data[4]: 00100000 -> 20
  Data[5]: 11001111 -> cf
  Data[6]: 11000101 -> c5
  Data[7]: 10010000 -> 90

Address #46: 010100
RDWR Bit: 0
Stream Bit: 0
Exchange: 11111011

Address #47: 001111
RDWR Bit: 1
Stream Bit: 1
Stream Length: 20 (binary: 00010100)
  Data[0]: 01101010 -> 6a
  Data[1]: 11101010 -> ea
  Data[2]: 11010101 -> d5
  Data[3]: 11110110 -> f6
  Data[4]: 10100101 -> a5
  Data[5]: 01100011 -> 63
  Data[6]: 11101100 -> ec
  Data[7]: 00100010 -> 22
  Data[8]: 11110100 -> f4
  Data[9]: 10100110 -> a6
  Data[10]: 01011100 -> 5c
  Data[11]: 01010000 -> 50
  Data[12]: 00011100 -> 1c
  Data[13]: 00100001 -> 21
  Data[14]: 10000111 -> 87
  Data[15]: 00110110 -> 36
  Data[16]: 10111101 -> bd
  Data[17]: 11101000 -> e8
  Data[18]: 01011111 -> 5f
  Data[19]: 11011010 -> da

Address #58: 110111
RDWR Bit: 1
Stream Bit: 0
Exchange: 11101101

Address #59: 101110
RDWR Bit: 0
Stream Bit: 1
Stream Length: 17 (binary: 00010001)
  Data[0]: 11100010 -> e2
  Data[1]: 10000101 -> 85
  Data[2]: 11000111 -> c7
  Data[3]: 11111101 -> fd
  Data[4]: 01111001 -> 79
  Data[5]: 11111000 -> f8
  Data[6]: 11001111 -> cf
  Data[7]: 01011010 -> 5a
  Data[8]: 10110101 -> b5
  Data[9]: 01000010 -> 42
  Data[10]: 01100000 -> 60
  Data[11]: 00011101 -> 1d
  Data[12]: 10101100 -> ac
  Data[13]: 10101001 -> a9
  Data[14]: 11011101 -> dd
  Data[15]: 00110000 -> 30
  Data[16]: 11100110 -> e6

Address #69: 101001
RDWR Bit: 1
Stream Bit: 0
Exchange: 11100101

Address #70: 110001
RDWR Bit: 1
Stream Bit: 1
Stream Length: 25 (binary: 00011001)
  Data[0]: 01000100 -> 44
  Data[1]: 10010111 -> 97
  Data[2]: 10001010 -> 8a
  Data[3]: 01000010 -> 42
  Data[4]: 11110101 -> f5
  Data[5]: 10100010 -> a2
  Data[6]: 10011110 -> 9e
  Data[7]: 11111100 -> fc
  Data[8]: 11100011 -> e3
  Data[9]: 00010100 -> 14
  Data[10]: 00101010 -> 2a
  Data[11]: 01100111 -> 67
  Data[12]: 01011000 -> 58
  Data[13]: 00111101 -> 3d
  Data[14]: 11011000 -> d8
  Data[15]: 00110011 -> 33
  Data[16]: 01011001 -> 59
  Data[17]: 10100101 -> a5
  Data[18]: 10110011 -> b3
  Data[19]: 10111011 -> bb
  Data[20]: 00100011 -> 23
  Data[21]: 01001100 -> 4c
  Data[22]: 11100100 -> e4
  Data[23]: 10101101 -> ad
  Data[24]: 11110010 -> f2

Address #83: 011101
RDWR Bit: 0
Stream Bit: 0
Exchange: 11000010

Address #84: 001010
RDWR Bit: 0
Stream Bit: 1
Stream Length: 15 (binary: 00001111)
  Data[0]: 10100000 -> a0
  Data[1]: 10010100 -> 94
  Data[2]: 10100110 -> a6
  Data[3]: 10110101 -> b5
  Data[4]: 11110001 -> f1
  Data[5]: 00110101 -> 35
  Data[6]: 01000010 -> 42
  Data[7]: 00101110 -> 2e
  Data[8]: 00110110 -> 36
  Data[9]: 11110100 -> f4
  Data[10]: 00111010 -> 3a
  Data[11]: 01110101 -> 75
  Data[12]: 00111111 -> 3f
  Data[13]: 11000100 -> c4
  Data[14]: 11101001 -> e9

Address #93: 111010
RDWR Bit: 1
Stream Bit: 1
Stream Length: 7 (binary: 00000111)
  Data[0]: 01011000 -> 58
  Data[1]: 10100010 -> a2
  Data[2]: 00101011 -> 2b
  Data[3]: 00101001 -> 29
  Data[4]: 00001000 -> 08
  Data[5]: 10000101 -> 85
  Data[6]: 11101111 -> ef

Address #97: 011011
RDWR Bit: 0
Stream Bit: 1
Stream Length: 3 (binary: 00000011)
  Data[0]: 00010001 -> 11
  Data[1]: 10011001 -> 99
  Data[2]: 00100000 -> 20

Address #100: 111100
RDWR Bit: 1
Stream Bit: 0
Exchange: 10101100

Address #101: 000000
RDWR Bit: 0
Stream Bit: 1
Stream Length: 11 (binary: 00001011)
  Data[0]: 10010001 -> 91
  Data[1]: 01000010 -> 42
  Data[2]: 10100101 -> a5
  Data[3]: 10001011 -> 8b
  Data[4]: 11111011 -> fb
  Data[5]: 11001001 -> c9
  Data[6]: 01101110 -> 6e
  Data[7]: 01010111 -> 57
  Data[8]: 01010000 -> 50
  Data[9]: 10101100 -> ac
  Data[10]: 01111100 -> 7c

Address #107: 011100
RDWR Bit: 0
Stream Bit: 0
Exchange: 11111100

Address #108: 101011
RDWR Bit: 1
Stream Bit: 0
Exchange: 11100001

Address #109: 100001
RDWR Bit: 0
Stream Bit: 0
Exchange: 11000110

Address #110: 101000
RDWR Bit: 1
Stream Bit: 0
Exchange: 10000001

Address #111: 110010
RDWR Bit: 0
Stream Bit: 1
Stream Length: 23 (binary: 00010111)
  Data[0]: 11100111 -> e7
  Data[1]: 01001010 -> 4a
  Data[2]: 10011111 -> 9f
  Data[3]: 11110000 -> f0
  Data[4]: 11010000 -> d0
  Data[5]: 11110010 -> f2
  Data[6]: 00000001 -> 01
  Data[7]: 11110001 -> f1
  Data[8]: 01000000 -> 40
  Data[9]: 10101100 -> ac
  Data[10]: 11001000 -> c8
  Data[11]: 11001001 -> c9
  Data[12]: 00111101 -> 3d
  Data[13]: 00011100 -> 1c
  Data[14]: 10001010 -> 8a
  Data[15]: 11111110 -> fe
  Data[16]: 01101011 -> 6b
  Data[17]: 11010101 -> d5
  Data[18]: 00000011 -> 03
  Data[19]: 00111011 -> 3b
  Data[20]: 11111111 -> ff
  Data[21]: 01100010 -> 62
  Data[22]: 11001000 -> c8

Address #124: 001011
RDWR Bit: 1
Stream Bit: 0
Exchange: 01100100

Address #125: 111001
RDWR Bit: 0
Stream Bit: 0
Exchange: 10100010

Address #126: 011001
RDWR Bit: 0
Stream Bit: 0
Exchange: 11000100

Address #127: 101010
RDWR Bit: 0
Stream Bit: 0
Exchange: 01011110

Address #128: 110010
RDWR Bit: 1
Stream Bit: 0
Exchange: 01101001

Address #129: 101111
RDWR Bit: 0
Stream Bit: 0
Exchange: 01001011

Address #130: 010110
RDWR Bit: 0
Stream Bit: 0
Exchange: 00010000

Address #131: 111110
RDWR Bit: 0
Stream Bit: 0
Exchange: 11110001

Address #132: 010010
RDWR Bit: 1
Stream Bit: 1
Stream Length: 20 (binary: 00010100)
  Data[0]: 11001011 -> cb
  Data[1]: 00111111 -> 3f
  Data[2]: 10111001 -> b9
  Data[3]: 11011111 -> df
  Data[4]: 10111000 -> b8
  Data[5]: 00110100 -> 34
  Data[6]: 10000011 -> 83
  Data[7]: 01000001 -> 41
  Data[8]: 01110101 -> 75
  Data[9]: 10100110 -> a6
  Data[10]: 10100001 -> a1
  Data[11]: 11111100 -> fc
  Data[12]: 10110000 -> b0
  Data[13]: 10100110 -> a6
  Data[14]: 01110111 -> 77
  Data[15]: 01101010 -> 6a
  Data[16]: 11110100 -> f4
  Data[17]: 11110100 -> f4
  Data[18]: 00111011 -> 3b
  Data[19]: 10110101 -> b5

Address #143: 010001
RDWR Bit: 0
Stream Bit: 0
Exchange: 01011001

Address #144: 110100
RDWR Bit: 0
Stream Bit: 0
Exchange: 11110011

Address #145: 101001
RDWR Bit: 1
Stream Bit: 1
Stream Length: 17 (binary: 00010001)
  Data[0]: 10011110 -> 9e
  Data[1]: 10101110 -> ae
  Data[2]: 11010101 -> d5
  Data[3]: 10000001 -> 81
  Data[4]: 10000110 -> 86
  Data[5]: 11011011 -> db
  Data[6]: 10010010 -> 92
  Data[7]: 00000100 -> 04
  Data[8]: 01101001 -> 69
  Data[9]: 00010100 -> 14
  Data[10]: 11000001 -> c1
  Data[11]: 11000011 -> c3
  Data[12]: 11001000 -> c8
  Data[13]: 11110010 -> f2
  Data[14]: 10101011 -> ab
  Data[15]: 01001010 -> 4a
  Data[16]: 00100111 -> 27

Address #154: 101100
RDWR Bit: 1
Stream Bit: 0
Exchange: 00000000

Address #155: 110100
RDWR Bit: 1
Stream Bit: 0
Exchange: 00010010

Address #156: 001000
RDWR Bit: 0
Stream Bit: 1
Stream Length: 12 (binary: 00001100)
  Data[0]: 01001101 -> 4d
  Data[1]: 11010000 -> d0
  Data[2]: 01101011 -> 6b
  Data[3]: 11110111 -> f7
  Data[4]: 11110000 -> f0
  Data[5]: 00111111 -> 3f
  Data[6]: 10010111 -> 97
  Data[7]: 01111011 -> 7b
  Data[8]: 10001011 -> 8b
  Data[9]: 11011000 -> d8
  Data[10]: 01100010 -> 62
  Data[11]: 11010110 -> d6

Address #163: 100000
RDWR Bit: 1
Stream Bit: 1
Stream Length: 1 (binary: 00000001)
  Data[0]: 10000101 -> 85

Address #165: 111000
RDWR Bit: 0
Stream Bit: 1
Stream Length: 5 (binary: 00000101)
  Data[0]: 01111101 -> 7d
  Data[1]: 11000101 -> c5
  Data[2]: 11001100 -> cc
  Data[3]: 01110111 -> 77
  Data[4]: 01001101 -> 4d

Address #168: 111111
RDWR Bit: 1
Stream Bit: 0
Exchange: 10110100

Address #169: 011110
RDWR Bit: 1
Stream Bit: 0
Exchange: 11010100

Address #170: 111011
RDWR Bit: 1
Stream Bit: 1
Stream Length: 16 (binary: 00010000)
  Data[0]: 00100010 -> 22
  Data[1]: 10101011 -> ab
  Data[2]: 00010011 -> 13
  Data[3]: 01010110 -> 56
  Data[4]: 10000011 -> 83
  Data[5]: 11000011 -> c3
  Data[6]: 00111000 -> 38
  Data[7]: 01111011 -> 7b
  Data[8]: 00011111 -> 1f
  Data[9]: 01111100 -> 7c
  Data[10]: 00111110 -> 3e
  Data[11]: 00100111 -> 27
  Data[12]: 01001001 -> 49
  Data[13]: 01100011 -> 63
  Data[14]: 01110001 -> 71
  Data[15]: 00011000 -> 18

Address #179: 111110
RDWR Bit: 0
Stream Bit: 0
Exchange: 10110101

Address #180: 100010
RDWR Bit: 0
Stream Bit: 1
Stream Length: 28 (binary: 00011100)
  Data[0]: 01000101 -> 45
  Data[1]: 11000011 -> c3
  Data[2]: 01101101 -> 6d
  Data[3]: 11110110 -> f6
  Data[4]: 10100110 -> a6
  Data[5]: 00101101 -> 2d
  Data[6]: 10101001 -> a9
  Data[7]: 10010101 -> 95
  Data[8]: 10011001 -> 99
  Data[9]: 00010011 -> 13
  Data[10]: 00011111 -> 1f
  Data[11]: 01101000 -> 68
  Data[12]: 10010100 -> 94
  Data[13]: 00001000 -> 08
  Data[14]: 10110101 -> b5
  Data[15]: 11100110 -> e6
  Data[16]: 11000011 -> c3
  Data[17]: 01011111 -> 5f
  Data[18]: 11010000 -> d0
  Data[19]: 00101100 -> 2c
  Data[20]: 11111000 -> f8
  Data[21]: 01100011 -> 63
  Data[22]: 01100110 -> 66
  Data[23]: 11100000 -> e0
  Data[24]: 01101111 -> 6f
  Data[25]: 01010011 -> 53
  Data[26]: 11100000 -> e0
  Data[27]: 01101111 -> 6f

Address #195: 100100
RDWR Bit: 0
Stream Bit: 1
Stream Length: 18 (binary: 00010010)
  Data[0]: 11111001 -> f9
  Data[1]: 11011010 -> da
  Data[2]: 10001110 -> 8e
  Data[3]: 01011011 -> 5b
  Data[4]: 10111000 -> b8
  Data[5]: 11111110 -> fe
  Data[6]: 11111100 -> fc
  Data[7]: 00101100 -> 2c
  Data[8]: 11100111 -> e7
  Data[9]: 10110101 -> b5
  Data[10]: 10111111 -> bf
  Data[11]: 10101001 -> a9
  Data[12]: 00010100 -> 14
  Data[13]: 10111011 -> bb
  Data[14]: 11101010 -> ea
  Data[15]: 11110011 -> f3
  Data[16]: 01111100 -> 7c
  Data[17]: 10010110 -> 96

Address #205: 011111
RDWR Bit: 0
Stream Bit: 0
Exchange: 01100111

Address #206: 110000
RDWR Bit: 0
Stream Bit: 0
Exchange: 00100101

Address #207: 011011
RDWR Bit: 0
Stream Bit: 0
Exchange: 01010110

Address #208: 001010
RDWR Bit: 0
Stream Bit: 1
Stream Length: 27 (binary: 00011011)
  Data[0]: 11101100 -> ec
  Data[1]: 11000100 -> c4
  Data[2]: 01100101 -> 65
  Data[3]: 00100101 -> 25
  Data[4]: 10110001 -> b1
  Data[5]: 01010010 -> 52
  Data[6]: 10111011 -> bb
  Data[7]: 01000000 -> 40
  Data[8]: 00001010 -> 0a
  Data[9]: 11001110 -> ce
  Data[10]: 10100001 -> a1
  Data[11]: 10011000 -> 98
  Data[12]: 01110010 -> 72
  Data[13]: 00110010 -> 32
  Data[14]: 11011100 -> dc
  Data[15]: 11010000 -> d0
  Data[16]: 11011011 -> db
  Data[17]: 10110101 -> b5
  Data[18]: 11111111 -> ff
  Data[19]: 11111110 -> fe
  Data[20]: 10010010 -> 92
  Data[21]: 01110110 -> 76
  Data[22]: 00000100 -> 04
  Data[23]: 11001010 -> ca
  Data[24]: 10011111 -> 9f
  Data[25]: 00001110 -> 0e
  Data[26]: 00001101 -> 0d

Address #223: 111000
RDWR Bit: 1
Stream Bit: 0
Exchange: 11100001

Address #224: 001001
RDWR Bit: 1
Stream Bit: 0
Exchange: 11101011

Address #225: 000110
RDWR Bit: 1
Stream Bit: 1
Stream Length: 8 (binary: 00001000)
  Data[0]: 01000010 -> 42
  Data[1]: 11010111 -> d7
  Data[2]: 10111000 -> b8
  Data[3]: 10101000 -> a8
  Data[4]: 11110011 -> f3
  Data[5]: 01111110 -> 7e
  Data[6]: 10010110 -> 96
  Data[7]: 11100110 -> e6

Address #230: 000011
RDWR Bit: 0
Stream Bit: 0
Exchange: 01000000

Address #231: 010011
RDWR Bit: 1
Stream Bit: 1
Stream Length: 8 (binary: 00001000)
  Data[0]: 11100011 -> e3
  Data[1]: 01000101 -> 45
  Data[2]: 01100100 -> 64
  Data[3]: 00111110 -> 3e
  Data[4]: 00001001 -> 09
  Data[5]: 00101010 -> 2a
  Data[6]: 10100100 -> a4
  Data[7]: 10010011 -> 93

Address #236: 011000
RDWR Bit: 1
Stream Bit: 1
Stream Length: 10 (binary: 00001010)
  Data[0]: 01111010 -> 7a
  Data[1]: 00100000 -> 20
  Data[2]: 10110011 -> b3
  Data[3]: 01001111 -> 4f
  Data[4]: 10010001 -> 91
  Data[5]: 01000101 -> 45
  Data[6]: 01010110 -> 56
  Data[7]: 11011110 -> de
  Data[8]: 10110111 -> b7
  Data[9]: 00111001 -> 39

Address #242: 010101
RDWR Bit: 1
Stream Bit: 0
Exchange: 00101010

Address #243: 000010
RDWR Bit: 0
Stream Bit: 0
Exchange: 01101000
