Read a waves file with 6 signals and 10611 samples...
Input has these signals:
	* sclk (1 bits)
	* mosi (1 bits)
	* miso (1 bits)
	* ss (1 bits)
	* cpol (1 bits)
	* cpha (1 bits)

Address #1: 011000
RDWR Bit: 1
Stream Bit: 1
Stream Length: 10 (binary: 00001010)
  Data[0]: 01101001 -> 69
  Data[1]: 11011001 -> d9
  Data[2]: 10001101 -> 8d
  Data[3]: 11010100 -> d4
  Data[4]: 01101001 -> 69
  Data[5]: 11111100 -> fc
  Data[6]: 10100011 -> a3
  Data[7]: 11110000 -> f0
  Data[8]: 01110100 -> 74
  Data[9]: 10011110 -> 9e

Address #7: 011010
RDWR Bit: 1
Stream Bit: 0
Exchange: 00010101

Address #8: 111100
RDWR Bit: 1
Stream Bit: 0
Exchange: 10001111

Address #9: 001110
RDWR Bit: 0
Stream Bit: 0
Exchange: 11011101

Address #10: 000001
RDWR Bit: 1
Stream Bit: 0
Exchange: 00110101

Address #11: 100110
RDWR Bit: 1
Stream Bit: 0
Exchange: 00001011

Address #12: 110111
RDWR Bit: 0
Stream Bit: 1
Stream Length: 13 (binary: 00001101)
  Data[0]: 01111111 -> 7f
  Data[1]: 10111111 -> bf
  Data[2]: 10101100 -> ac
  Data[3]: 00111111 -> 3f
  Data[4]: 10010000 -> 90
  Data[5]: 00100111 -> 27
  Data[6]: 00100100 -> 24
  Data[7]: 10110100 -> b4
  Data[8]: 10111111 -> bf
  Data[9]: 00000001 -> 01
  Data[10]: 01011100 -> 5c
  Data[11]: 00010110 -> 16
  Data[12]: 11111011 -> fb

Address #19: 011111
RDWR Bit: 1
Stream Bit: 0
Exchange: 01010101

Address #20: 101011
RDWR Bit: 0
Stream Bit: 0
Exchange: 10101001

Address #21: 111010
RDWR Bit: 1
Stream Bit: 0
Exchange: 11111111

Address #22: 010111
RDWR Bit: 1
Stream Bit: 1
Stream Length: 26 (binary: 00011010)
  Data[0]: 00101001 -> 29
  Data[1]: 10100100 -> a4
  Data[2]: 00011001 -> 19
  Data[3]: 11000011 -> c3
  Data[4]: 00100011 -> 23
  Data[5]: 01101011 -> 6b
  Data[6]: 10010011 -> 93
  Data[7]: 01001111 -> 4f
  Data[8]: 01111000 -> 78
  Data[9]: 00110100 -> 34
  Data[10]: 11100110 -> e6
  Data[11]: 00011100 -> 1c
  Data[12]: 00010010 -> 12
  Data[13]: 01111001 -> 79
  Data[14]: 00001100 -> 0c
  Data[15]: 11001001 -> c9
  Data[16]: 10101001 -> a9
  Data[17]: 01111111 -> 7f
  Data[18]: 11101101 -> ed
  Data[19]: 00101101 -> 2d
  Data[20]: 01101110 -> 6e
  Data[21]: 00100001 -> 21
  Data[22]: 11111110 -> fe
  Data[23]: 11011101 -> dd
  Data[24]: 01011011 -> 5b
  Data[25]: 01111011 -> 7b

Address #36: 111100
RDWR Bit: 1
Stream Bit: 1
Stream Length: 30 (binary: 00011110)
  Data[0]: 10110001 -> b1
  Data[1]: 01101000 -> 68
  Data[2]: 00001101 -> 0d
  Data[3]: 10000010 -> 82
  Data[4]: 10010011 -> 93
  Data[5]: 11001000 -> c8
  Data[6]: 11011110 -> de
  Data[7]: 10111010 -> ba
  Data[8]: 01001111 -> 4f
  Data[9]: 01111001 -> 79
  Data[10]: 00001001 -> 09
  Data[11]: 10000101 -> 85
  Data[12]: 11010100 -> d4
  Data[13]: 00101110 -> 2e
  Data[14]: 00011001 -> 19
  Data[15]: 10011001 -> 99
  Data[16]: 11101101 -> ed
  Data[17]: 10010101 -> 95
  Data[18]: 10111010 -> ba
  Data[19]: 11000100 -> c4
  Data[20]: 11000110 -> c6
  Data[21]: 11100000 -> e0
  Data[22]: 10011100 -> 9c
  Data[23]: 00100001 -> 21
  Data[24]: 11100010 -> e2
  Data[25]: 00001111 -> 0f
  Data[26]: 11011000 -> d8
  Data[27]: 11111000 -> f8
  Data[28]: 11001000 -> c8
  Data[29]: 10010001 -> 91

Address #52: 010010
RDWR Bit: 0
Stream Bit: 0
Exchange: 00111011

Address #53: 001110
RDWR Bit: 1
Stream Bit: 0
Exchange: 11001000

Address #54: 111100
RDWR Bit: 0
Stream Bit: 1
Stream Length: 18 (binary: 00010010)
  Data[0]: 11101111 -> ef
  Data[1]: 00100101 -> 25
  Data[2]: 10110000 -> b0
  Data[3]: 00010100 -> 14
  Data[4]: 01000010 -> 42
  Data[5]: 11110000 -> f0
  Data[6]: 10010100 -> 94
  Data[7]: 10000101 -> 85
  Data[8]: 10111111 -> bf
  Data[9]: 01111001 -> 79
  Data[10]: 11001011 -> cb
  Data[11]: 11010010 -> d2
  Data[12]: 01101010 -> 6a
  Data[13]: 11000001 -> c1
  Data[14]: 11001110 -> ce
  Data[15]: 01010101 -> 55
  Data[16]: 00110000 -> 30
  Data[17]: 11110111 -> f7

Address #64: 011001
RDWR Bit: 0
Stream Bit: 1
Stream Length: 22 (binary: 00010110)
  Data[0]: 00100111 -> 27
  Data[1]: 00100010 -> 22
  Data[2]: 10010011 -> 93
  Data[3]: 01010011 -> 53
  Data[4]: 01001111 -> 4f
  Data[5]: 10010000 -> 90
  Data[6]: 10000000 -> 80
  Data[7]: 10010110 -> 96
  Data[8]: 10001101 -> 8d
  Data[9]: 01001010 -> 4a
  Data[10]: 10101011 -> ab
  Data[11]: 01111011 -> 7b
  Data[12]: 00111011 -> 3b
  Data[13]: 11100111 -> e7
  Data[14]: 01100110 -> 66
  Data[15]: 11111110 -> fe
  Data[16]: 00100000 -> 20
  Data[17]: 01110001 -> 71
  Data[18]: 00010000 -> 10
  Data[19]: 01111001 -> 79
  Data[20]: 11010011 -> d3
  Data[21]: 11101111 -> ef

Address #76: 101011
RDWR Bit: 1
Stream Bit: 0
Exchange: 01100011

Address #77: 101010
RDWR Bit: 1
Stream Bit: 1
Stream Length: 4 (binary: 00000100)
  Data[0]: 01110001 -> 71
  Data[1]: 00110101 -> 35
  Data[2]: 11111100 -> fc
  Data[3]: 11000110 -> c6

Address #80: 000010
RDWR Bit: 0
Stream Bit: 0
Exchange: 11000101

Address #81: 101011
RDWR Bit: 1
Stream Bit: 0
Exchange: 01000111

Address #82: 101101
RDWR Bit: 0
Stream Bit: 0
Exchange: 01101001

Address #83: 001001
RDWR Bit: 0
Stream Bit: 1
Stream Length: 14 (binary: 00001110)
  Data[0]: 00010110 -> 16
  Data[1]: 11101000 -> e8
  Data[2]: 01101110 -> 6e
  Data[3]: 01110010 -> 72
  Data[4]: 10000111 -> 87
  Data[5]: 01101110 -> 6e
  Data[6]: 00010110 -> 16
  Data[7]: 01000111 -> 47
  Data[8]: 11010011 -> d3
  Data[9]: 11000001 -> c1
  Data[10]: 00101101 -> 2d
  Data[11]: 01011011 -> 5b
  Data[12]: 10110010 -> b2
  Data[13]: 10000111 -> 87

Address #91: 100011
RDWR Bit: 1
Stream Bit: 0
Exchange: 00111101

Address #92: 100110
RDWR Bit: 1
Stream Bit: 0
Exchange: 00110000

Address #93: 100111
RDWR Bit: 1
Stream Bit: 1
Stream Length: 30 (binary: 00011110)
  Data[0]: 01000100 -> 44
  Data[1]: 11101110 -> ee
  Data[2]: 10111000 -> b8
  Data[3]: 10110100 -> b4
  Data[4]: 00010011 -> 13
  Data[5]: 10101010 -> aa
  Data[6]: 11011010 -> da
  Data[7]: 11000100 -> c4
  Data[8]: 01101101 -> 6d
  Data[9]: 00011001 -> 19
  Data[10]: 00110000 -> 30
  Data[11]: 01010110 -> 56
  Data[12]: 10001101 -> 8d
  Data[13]: 10000001 -> 81
  Data[14]: 00110110 -> 36
  Data[15]: 01110000 -> 70
  Data[16]: 00011100 -> 1c
  Data[17]: 11101000 -> e8
  Data[18]: 00011010 -> 1a
  Data[19]: 11000001 -> c1
  Data[20]: 01010001 -> 51
  Data[21]: 11001000 -> c8
  Data[22]: 10010100 -> 94
  Data[23]: 11011101 -> dd
  Data[24]: 00010110 -> 16
  Data[25]: 11001010 -> ca
  Data[26]: 10110111 -> b7
  Data[27]: 10100011 -> a3
  Data[28]: 10001101 -> 8d
  Data[29]: 10001101 -> 8d

Address #109: 010110
RDWR Bit: 0
Stream Bit: 1
Stream Length: 21 (binary: 00010101)
  Data[0]: 11001001 -> c9
  Data[1]: 01101110 -> 6e
  Data[2]: 11001011 -> cb
  Data[3]: 01100100 -> 64
  Data[4]: 11100100 -> e4
  Data[5]: 01000100 -> 44
  Data[6]: 10100111 -> a7
  Data[7]: 01000110 -> 46
  Data[8]: 00101110 -> 2e
  Data[9]: 01101011 -> 6b
  Data[10]: 01111011 -> 7b
  Data[11]: 10011100 -> 9c
  Data[12]: 11010010 -> d2
  Data[13]: 10111010 -> ba
  Data[14]: 11001111 -> cf
  Data[15]: 11110100 -> f4
  Data[16]: 01100001 -> 61
  Data[17]: 11000101 -> c5
  Data[18]: 10011001 -> 99
  Data[19]: 01011011 -> 5b
  Data[20]: 01001110 -> 4e

Address #121: 010001
RDWR Bit: 1
Stream Bit: 0
Exchange: 11111001

Address #122: 000011
RDWR Bit: 1
Stream Bit: 0
Exchange: 01000101

Address #123: 100111
RDWR Bit: 1
Stream Bit: 0
Exchange: 01000001

Address #124: 111111
RDWR Bit: 1
Stream Bit: 1
Stream Length: 16 (binary: 00010000)
  Data[0]: 11010100 -> d4
  Data[1]: 00001011 -> 0b
  Data[2]: 10111000 -> b8
  Data[3]: 10011111 -> 9f
  Data[4]: 11110100 -> f4
  Data[5]: 01010001 -> 51
  Data[6]: 00111100 -> 3c
  Data[7]: 10010110 -> 96
  Data[8]: 01111101 -> 7d
  Data[9]: 00111011 -> 3b
  Data[10]: 11010101 -> d5
  Data[11]: 00111101 -> 3d
  Data[12]: 01001001 -> 49
  Data[13]: 11101000 -> e8
  Data[14]: 11110011 -> f3
  Data[15]: 11000001 -> c1

Address #133: 010011
RDWR Bit: 1
Stream Bit: 1
Stream Length: 5 (binary: 00000101)
  Data[0]: 10001100 -> 8c
  Data[1]: 10110001 -> b1
  Data[2]: 11100100 -> e4
  Data[3]: 00101010 -> 2a
  Data[4]: 11011011 -> db

Address #136: 011010
RDWR Bit: 0
Stream Bit: 0
Exchange: 01110011

Address #137: 101101
RDWR Bit: 0
Stream Bit: 1
Stream Length: 27 (binary: 00011011)
  Data[0]: 10010010 -> 92
  Data[1]: 00110111 -> 37
  Data[2]: 11010111 -> d7
  Data[3]: 11100000 -> e0
  Data[4]: 10100010 -> a2
  Data[5]: 11011101 -> dd
  Data[6]: 11100110 -> e6
  Data[7]: 01010001 -> 51
  Data[8]: 00111110 -> 3e
  Data[9]: 10111111 -> bf
  Data[10]: 00001001 -> 09
  Data[11]: 00001110 -> 0e
  Data[12]: 10111001 -> b9
  Data[13]: 11010111 -> d7
  Data[14]: 11010001 -> d1
  Data[15]: 10011000 -> 98
  Data[16]: 10000110 -> 86
  Data[17]: 10111010 -> ba
  Data[18]: 11110111 -> f7
  Data[19]: 00001111 -> 0f
  Data[20]: 11110101 -> f5
  Data[21]: 00100110 -> 26
  Data[22]: 01111101 -> 7d
  Data[23]: 10110000 -> b0
  Data[24]: 01110100 -> 74
  Data[25]: 00011001 -> 19
  Data[26]: 11010100 -> d4

Address #152: 111110
RDWR Bit: 0
Stream Bit: 0
Exchange: 01011001

Address #153: 110000
RDWR Bit: 1
Stream Bit: 1
Stream Length: 12 (binary: 00001100)
  Data[0]: 00010011 -> 13
  Data[1]: 01010011 -> 53
  Data[2]: 10101000 -> a8
  Data[3]: 00101111 -> 2f
  Data[4]: 11111010 -> fa
  Data[5]: 01110011 -> 73
  Data[6]: 01100100 -> 64
  Data[7]: 00000011 -> 03
  Data[8]: 11111011 -> fb
  Data[9]: 01011111 -> 5f
  Data[10]: 10110001 -> b1
  Data[11]: 00110110 -> 36

Address #160: 100011
RDWR Bit: 0
Stream Bit: 1
Stream Length: 11 (binary: 00001011)
  Data[0]: 11001010 -> ca
  Data[1]: 00100010 -> 22
  Data[2]: 01001110 -> 4e
  Data[3]: 01101010 -> 6a
  Data[4]: 11000110 -> c6
  Data[5]: 11111100 -> fc
  Data[6]: 11111111 -> ff
  Data[7]: 01101110 -> 6e
  Data[8]: 10001011 -> 8b
  Data[9]: 10101000 -> a8
  Data[10]: 10010100 -> 94

Address #166: 001011
RDWR Bit: 1
Stream Bit: 0
Exchange: 01100100

Address #167: 101010
RDWR Bit: 0
Stream Bit: 1
Stream Length: 15 (binary: 00001111)
  Data[0]: 00011100 -> 1c
  Data[1]: 11011110 -> de
  Data[2]: 10001010 -> 8a
  Data[3]: 11000111 -> c7
  Data[4]: 10101100 -> ac
  Data[5]: 00000110 -> 06
  Data[6]: 11100110 -> e6
  Data[7]: 00110110 -> 36
  Data[8]: 01010011 -> 53
  Data[9]: 11001101 -> cd
  Data[10]: 11100111 -> e7
  Data[11]: 11000111 -> c7
  Data[12]: 00010100 -> 14
  Data[13]: 10111001 -> b9
  Data[14]: 00100100 -> 24

Address #176: 100110
RDWR Bit: 0
Stream Bit: 1
Stream Length: 10 (binary: 00001010)
  Data[0]: 00101101 -> 2d
  Data[1]: 01100101 -> 65
  Data[2]: 01010011 -> 53
  Data[3]: 11111110 -> fe
  Data[4]: 01011000 -> 58
  Data[5]: 00001001 -> 09
  Data[6]: 11110100 -> f4
  Data[7]: 10100000 -> a0
  Data[8]: 11101001 -> e9
  Data[9]: 01100001 -> 61

Address #182: 000001
RDWR Bit: 1
Stream Bit: 1
Stream Length: 17 (binary: 00010001)
  Data[0]: 10110000 -> b0
  Data[1]: 01011000 -> 58
  Data[2]: 10100011 -> a3
  Data[3]: 00101110 -> 2e
  Data[4]: 10001001 -> 89
  Data[5]: 10010101 -> 95
  Data[6]: 01110110 -> 76
  Data[7]: 11011100 -> dc
  Data[8]: 00011011 -> 1b
  Data[9]: 00001010 -> 0a
  Data[10]: 01111001 -> 79
  Data[11]: 00101000 -> 28
  Data[12]: 01001011 -> 4b
  Data[13]: 10101001 -> a9
  Data[14]: 00100010 -> 22
  Data[15]: 01111011 -> 7b
  Data[16]: 01110101 -> 75

Address #191: 010101
RDWR Bit: 1
Stream Bit: 1
Stream Length: 18 (binary: 00010010)
  Data[0]: 10110100 -> b4
  Data[1]: 01011011 -> 5b
  Data[2]: 10010100 -> 94
  Data[3]: 11110110 -> f6
  Data[4]: 11111010 -> fa
  Data[5]: 10011100 -> 9c
  Data[6]: 10011011 -> 9b
  Data[7]: 11011001 -> d9
  Data[8]: 01001001 -> 49
  Data[9]: 10010100 -> 94
  Data[10]: 00100100 -> 24
  Data[11]: 00110111 -> 37
  Data[12]: 10100000 -> a0
  Data[13]: 00100011 -> 23
  Data[14]: 10010111 -> 97
  Data[15]: 00001110 -> 0e
  Data[16]: 00100001 -> 21
  Data[17]: 00110000 -> 30

Address #201: 001100
RDWR Bit: 1
Stream Bit: 1
Stream Length: 24 (binary: 00011000)
  Data[0]: 00010101 -> 15
  Data[1]: 11000010 -> c2
  Data[2]: 11001001 -> c9
  Data[3]: 10000111 -> 87
  Data[4]: 01101111 -> 6f
  Data[5]: 10001010 -> 8a
  Data[6]: 11000011 -> c3
  Data[7]: 10101000 -> a8
  Data[8]: 01011111 -> 5f
  Data[9]: 00110000 -> 30
  Data[10]: 01001101 -> 4d
  Data[11]: 01011111 -> 5f
  Data[12]: 00111010 -> 3a
  Data[13]: 10010000 -> 90
  Data[14]: 01000101 -> 45
  Data[15]: 10110110 -> b6
  Data[16]: 01110101 -> 75
  Data[17]: 00010010 -> 12
  Data[18]: 00101101 -> 2d
  Data[19]: 01010111 -> 57
  Data[20]: 01001100 -> 4c
  Data[21]: 10110101 -> b5
  Data[22]: 10100110 -> a6
  Data[23]: 00100011 -> 23

Address #214: 101101
RDWR Bit: 0
Stream Bit: 0
Exchange: 11011000

Address #215: 000100
RDWR Bit: 1
Stream Bit: 1
Stream Length: 12 (binary: 00001100)
  Data[0]: 11000010 -> c2
  Data[1]: 11010110 -> d6
  Data[2]: 00100010 -> 22
  Data[3]: 11011110 -> de
  Data[4]: 11111000 -> f8
  Data[5]: 00000101 -> 05
  Data[6]: 01000011 -> 43
  Data[7]: 11100110 -> e6
  Data[8]: 11100011 -> e3
  Data[9]: 10101010 -> aa
  Data[10]: 00011001 -> 19
  Data[11]: 10001000 -> 88

Address #222: 111100
RDWR Bit: 0
Stream Bit: 1
Stream Length: 25 (binary: 00011001)
  Data[0]: 00101011 -> 2b
  Data[1]: 11111101 -> fd
  Data[2]: 10111001 -> b9
  Data[3]: 11101100 -> ec
  Data[4]: 10101011 -> ab
  Data[5]: 00001011 -> 0b
  Data[6]: 01011000 -> 58
  Data[7]: 00111110 -> 3e
  Data[8]: 10111011 -> bb
  Data[9]: 10111001 -> b9
  Data[10]: 01100010 -> 62
  Data[11]: 01001111 -> 4f
  Data[12]: 11101001 -> e9
  Data[13]: 00000000 -> 00
  Data[14]: 10111010 -> ba
  Data[15]: 11110000 -> f0
  Data[16]: 11100111 -> e7
  Data[17]: 11000111 -> c7
  Data[18]: 11101001 -> e9
  Data[19]: 10111101 -> bd
  Data[20]: 00110000 -> 30
  Data[21]: 11001100 -> cc
  Data[22]: 11010001 -> d1
  Data[23]: 01000011 -> 43
  Data[24]: 10000000 -> 80

Address #236: 101100
RDWR Bit: 1
Stream Bit: 0
Exchange: 10011001

Address #237: 111001
RDWR Bit: 0
Stream Bit: 1
Stream Length: 22 (binary: 00010110)
  Data[0]: 01010000 -> 50
  Data[1]: 00010000 -> 10
  Data[2]: 00101001 -> 29
  Data[3]: 10111011 -> bb
  Data[4]: 01101000 -> 68
  Data[5]: 01101000 -> 68
  Data[6]: 00110111 -> 37
  Data[7]: 01001111 -> 4f
  Data[8]: 00010001 -> 11
  Data[9]: 01011101 -> 5d
  Data[10]: 00001101 -> 0d
  Data[11]: 00101000 -> 28
  Data[12]: 01101110 -> 6e
  Data[13]: 11100001 -> e1
  Data[14]: 10101010 -> aa
  Data[15]: 00110011 -> 33
  Data[16]: 01101011 -> 6b
  Data[17]: 11110110 -> f6
  Data[18]: 01000000 -> 40
  Data[19]: 10110010 -> b2
  Data[20]: 11000100 -> c4
  Data[21]: 00111011 -> 3b

Address #249: 110101
RDWR Bit: 0
Stream Bit: 0
Exchange: 00110011

Address #250: 000010
RDWR Bit: 0
Stream Bit: 1
Stream Length: 18 (binary: 00010010)
  Data[0]: 10011110 -> 9e
  Data[1]: 10111111 -> bf
  Data[2]: 01111001 -> 79
  Data[3]: 11011100 -> dc
  Data[4]: 00110100 -> 34
  Data[5]: 10000100 -> 84
  Data[6]: 10010011 -> 93
  Data[7]: 10001100 -> 8c
  Data[8]: 10010010 -> 92
  Data[9]: 00111000 -> 38
  Data[10]: 00001001 -> 09
  Data[11]: 01000000 -> 40
  Data[12]: 01010100 -> 54
  Data[13]: 10011000 -> 98
  Data[14]: 00110111 -> 37
  Data[15]: 00000111 -> 07
  Data[16]: 01010011 -> 53
  Data[17]: 10111110 -> be

Address #260: 010000
RDWR Bit: 0
Stream Bit: 0
Exchange: 10101110

Address #261: 010100
RDWR Bit: 0
Stream Bit: 1
Stream Length: 8 (binary: 00001000)
  Data[0]: 01101000 -> 68
  Data[1]: 00011010 -> 1a
  Data[2]: 10101000 -> a8
  Data[3]: 01001111 -> 4f
  Data[4]: 00100110 -> 26
  Data[5]: 01000001 -> 41
  Data[6]: 10110100 -> b4
  Data[7]: 10100100 -> a4

Address #266: 110111
RDWR Bit: 1
Stream Bit: 0
Exchange: 00101111

Address #267: 000000
RDWR Bit: 1
Stream Bit: 0
Exchange: 11010100

Address #268: 100110
RDWR Bit: 0
Stream Bit: 0
Exchange: 11010111

Address #269: 011011
RDWR Bit: 0
Stream Bit: 1
Stream Length: 10 (binary: 00001010)
  Data[0]: 11001100 -> cc
  Data[1]: 01110100 -> 74
  Data[2]: 10000000 -> 80
  Data[3]: 11001011 -> cb
  Data[4]: 11010110 -> d6
  Data[5]: 11000100 -> c4
  Data[6]: 11001111 -> cf
  Data[7]: 11101010 -> ea
  Data[8]: 01100101 -> 65
  Data[9]: 01000110 -> 46

Address #275: 110000
RDWR Bit: 0
Stream Bit: 1
Stream Length: 9 (binary: 00001001)
  Data[0]: 10101110 -> ae
  Data[1]: 01101110 -> 6e
  Data[2]: 11011110 -> de
  Data[3]: 00011010 -> 1a
  Data[4]: 01000001 -> 41
  Data[5]: 11011011 -> db
  Data[6]: 00110100 -> 34
  Data[7]: 00011011 -> 1b
  Data[8]: 00110001 -> 31

Address #280: 001100
RDWR Bit: 0
Stream Bit: 0
Exchange: 11011010

Address #281: 010010
RDWR Bit: 1
Stream Bit: 0
Exchange: 10100100

Address #282: 111000
RDWR Bit: 0
Stream Bit: 0
Exchange: 11001110

Address #283: 011100
RDWR Bit: 0
Stream Bit: 1
Stream Length: 29 (binary: 00011101)
  Data[0]: 00110100 -> 34
  Data[1]: 00011111 -> 1f
  Data[2]: 00100001 -> 21
  Data[3]: 01001001 -> 49
  Data[4]: 11001010 -> ca
  Data[5]: 10011010 -> 9a
  Data[6]: 00101000 -> 28
  Data[7]: 11110010 -> f2
  Data[8]: 01011011 -> 5b
  Data[9]: 11110111 -> f7
  Data[10]: 01000010 -> 42
  Data[11]: 11010110 -> d6
  Data[12]: 00001010 -> 0a
  Data[13]: 11110100 -> f4
  Data[14]: 11000001 -> c1
  Data[15]: 01110000 -> 70
  Data[16]: 00001100 -> 0c
  Data[17]: 11100111 -> e7
  Data[18]: 01011011 -> 5b
  Data[19]: 00110001 -> 31
  Data[20]: 01110101 -> 75
  Data[21]: 11011001 -> d9
  Data[22]: 10101100 -> ac
  Data[23]: 00001001 -> 09
  Data[24]: 11100000 -> e0
  Data[25]: 11110101 -> f5
  Data[26]: 01000000 -> 40
  Data[27]: 11100111 -> e7
  Data[28]: 11001011 -> cb

Address #299: 000001
RDWR Bit: 0
Stream Bit: 1
Stream Length: 7 (binary: 00000111)
  Data[0]: 10011100 -> 9c
  Data[1]: 11000101 -> c5
  Data[2]: 10100100 -> a4
  Data[3]: 10001110 -> 8e
  Data[4]: 11111110 -> fe
  Data[5]: 10001101 -> 8d
  Data[6]: 00001000 -> 08

Address #303: 001000
RDWR Bit: 1
Stream Bit: 1
Stream Length: 17 (binary: 00010001)
  Data[0]: 01100011 -> 63
  Data[1]: 00100110 -> 26
  Data[2]: 10000111 -> 87
  Data[3]: 11100000 -> e0
  Data[4]: 11100010 -> e2
  Data[5]: 11100000 -> e0
  Data[6]: 10001000 -> 88
  Data[7]: 00011011 -> 1b
  Data[8]: 00000101 -> 05
  Data[9]: 01000111 -> 47
  Data[10]: 11111110 -> fe
  Data[11]: 01110111 -> 77
  Data[12]: 00110100 -> 34
  Data[13]: 11101001 -> e9
  Data[14]: 01111011 -> 7b
  Data[15]: 11101000 -> e8
  Data[16]: 10100000 -> a0

Address #313: 111001
RDWR Bit: 0
Stream Bit: 1
Stream Length: 18 (binary: 00010010)
  Data[0]: 00101111 -> 2f
  Data[1]: 11011101 -> dd
  Data[2]: 10001110 -> 8e
  Data[3]: 00111101 -> 3d
  Data[4]: 11110100 -> f4
  Data[5]: 11111101 -> fd
  Data[6]: 01101011 -> 6b
  Data[7]: 00101110 -> 2e
  Data[8]: 10011000 -> 98
  Data[9]: 11001001 -> c9
  Data[10]: 11111101 -> fd
  Data[11]: 01010100 -> 54
  Data[12]: 10000010 -> 82
  Data[13]: 10111111 -> bf
  Data[14]: 00011000 -> 18
  Data[15]: 00101000 -> 28
  Data[16]: 11101010 -> ea
  Data[17]: 00011101 -> 1d

Address #323: 001001
RDWR Bit: 1
Stream Bit: 1
Stream Length: 5 (binary: 00000101)
  Data[0]: 00110100 -> 34
  Data[1]: 00111111 -> 3f
  Data[2]: 01010100 -> 54
  Data[3]: 00011111 -> 1f
  Data[4]: 00101111 -> 2f
