Read a waves file with 6 signals and 2243 samples...
Input has these signals:
	* sclk (1 bits)
	* mosi (1 bits)
	* miso (1 bits)
	* ss (1 bits)
	* cpol (1 bits)
	* cpha (1 bits)

Address #1: 010110
RDWR Bit: 0
Stream Bit: 0
Exchange: 10010110

Address #2: 010100
RDWR Bit: 1
Stream Bit: 0
Exchange: 10110000

Address #3: 101011
RDWR Bit: 1
Stream Bit: 0
Exchange: 11001101

Address #4: 111110
RDWR Bit: 1
Stream Bit: 0
Exchange: 10101010

Address #5: 100101
RDWR Bit: 0
Stream Bit: 0
Exchange: 11111101

Address #6: 110001
RDWR Bit: 1
Stream Bit: 0
Exchange: 10111100

Address #7: 100011
RDWR Bit: 1
Stream Bit: 0
Exchange: 01001100

Address #8: 110101
RDWR Bit: 1
Stream Bit: 0
Exchange: 01110000

Address #9: 000111
RDWR Bit: 0
Stream Bit: 0
Exchange: 01010100

Address #10: 011000
RDWR Bit: 1
Stream Bit: 0
Exchange: 11110001

Address #11: 001111
RDWR Bit: 1
Stream Bit: 0
Exchange: 01111111

Address #12: 000000
RDWR Bit: 0
Stream Bit: 0
Exchange: 11101011

Address #13: 101101
RDWR Bit: 0
Stream Bit: 0
Exchange: 00101111

Address #14: 011110
RDWR Bit: 0
Stream Bit: 0
Exchange: 10010001

Address #15: 011101
RDWR Bit: 1
Stream Bit: 0
Exchange: 00001001

Address #16: 011101
RDWR Bit: 1
Stream Bit: 0
Exchange: 10101001

Address #17: 011111
RDWR Bit: 1
Stream Bit: 0
Exchange: 11110110

Address #18: 101000
RDWR Bit: 1
Stream Bit: 0
Exchange: 00111111

Address #19: 111011
RDWR Bit: 1
Stream Bit: 0
Exchange: 01010101

Address #20: 101010
RDWR Bit: 0
Stream Bit: 0
Exchange: 11111000

Address #21: 101111
RDWR Bit: 1
Stream Bit: 0
Exchange: 11101111

Address #22: 111000
RDWR Bit: 0
Stream Bit: 0
Exchange: 10100011

Address #23: 010111
RDWR Bit: 0
Stream Bit: 0
Exchange: 00000101

Address #24: 111100
RDWR Bit: 1
Stream Bit: 0
Exchange: 01001011

Address #25: 000000
RDWR Bit: 0
Stream Bit: 0
Exchange: 11010111

Address #26: 110101
RDWR Bit: 0
Stream Bit: 0
Exchange: 01011010

Address #27: 001100
RDWR Bit: 1
Stream Bit: 0
Exchange: 00011000

Address #28: 011101
RDWR Bit: 1
Stream Bit: 0
Exchange: 01010010

Address #29: 111011
RDWR Bit: 0
Stream Bit: 0
Exchange: 00001100

Address #30: 001111
RDWR Bit: 1
Stream Bit: 0
Exchange: 00101011

Address #31: 001111
RDWR Bit: 0
Stream Bit: 0
Exchange: 11010000

Address #32: 110000
RDWR Bit: 1
Stream Bit: 0
Exchange: 00110001

Address #33: 011001
RDWR Bit: 1
Stream Bit: 0
Exchange: 00100111

Address #34: 101101
RDWR Bit: 0
Stream Bit: 0
Exchange: 10110011

Address #35: 000000
RDWR Bit: 0
Stream Bit: 0
Exchange: 11101011

Address #36: 111000
RDWR Bit: 1
Stream Bit: 0
Exchange: 11000011

Address #37: 101000
RDWR Bit: 0
Stream Bit: 0
Exchange: 10110000

Address #38: 101010
RDWR Bit: 1
Stream Bit: 0
Exchange: 00010010

Address #39: 100011
RDWR Bit: 0
Stream Bit: 0
Exchange: 10101010

Address #40: 001010
RDWR Bit: 1
Stream Bit: 0
Exchange: 10100111

Address #41: 001001
RDWR Bit: 1
Stream Bit: 0
Exchange: 00100010

Address #42: 111100
RDWR Bit: 1
Stream Bit: 0
Exchange: 11010011

Address #43: 000110
RDWR Bit: 0
Stream Bit: 0
Exchange: 00111101

Address #44: 001011
RDWR Bit: 1
Stream Bit: 0
Exchange: 00000000

Address #45: 000001
RDWR Bit: 1
Stream Bit: 0
Exchange: 10011100

Address #46: 010001
RDWR Bit: 1
Stream Bit: 0
Exchange: 11100001

Address #47: 011001
RDWR Bit: 0
Stream Bit: 0
Exchange: 10001101

Address #48: 000110
RDWR Bit: 1
Stream Bit: 0
Exchange: 10110101

Address #49: 011010
RDWR Bit: 0
Stream Bit: 0
Exchange: 00100011

Address #50: 100001
RDWR Bit: 0
Stream Bit: 0
Exchange: 00011110

Address #51: 001111
RDWR Bit: 0
Stream Bit: 0
Exchange: 11010100

Address #52: 110101
RDWR Bit: 0
Stream Bit: 0
Exchange: 10110110

Address #53: 001100
RDWR Bit: 0
Stream Bit: 0
Exchange: 01010111

Address #54: 000101
RDWR Bit: 1
Stream Bit: 0
Exchange: 11001110

Address #55: 010001
RDWR Bit: 0
Stream Bit: 0
Exchange: 10000110

Address #56: 110011
RDWR Bit: 1
Stream Bit: 0
Exchange: 11101010

Address #57: 101010
RDWR Bit: 0
Stream Bit: 0
Exchange: 10110001

Address #58: 011111
RDWR Bit: 0
Stream Bit: 0
Exchange: 00100011

Address #59: 010000
RDWR Bit: 1
Stream Bit: 0
Exchange: 11101111

Address #60: 101100
RDWR Bit: 0
Stream Bit: 0
Exchange: 00010001

Address #61: 010010
RDWR Bit: 1
Stream Bit: 0
Exchange: 11110100

Address #62: 001101
RDWR Bit: 0
Stream Bit: 0
Exchange: 11101010

Address #63: 000100
RDWR Bit: 0
Stream Bit: 0
Exchange: 11011001

Address #64: 001000
RDWR Bit: 1
Stream Bit: 0
Exchange: 00101010
