Read a waves file with 6 signals and 5859 samples...
Input has these signals:
	* sclk (1 bits)
	* mosi (1 bits)
	* miso (1 bits)
	* ss (1 bits)
	* cpol (1 bits)
	* cpha (1 bits)

Address #1: 010101
RDWR Bit: 0
Stream Bit: 1
Stream Length: 5 (binary: 00000101)
  Data[0]: 10001011 -> 8b
  Data[1]: 10111111 -> bf
  Data[2]: 00000101 -> 05
  Data[3]: 11110100 -> f4
  Data[4]: 10000000 -> 80

Address #4: 101000
RDWR Bit: 0
Stream Bit: 1
Stream Length: 27 (binary: 00011011)
  Data[0]: 10111111 -> bf
  Data[1]: 10001011 -> 8b
  Data[2]: 01101101 -> 6d
  Data[3]: 00111111 -> 3f
  Data[4]: 11100011 -> e3
  Data[5]: 11101100 -> ec
  Data[6]: 00101000 -> 28
  Data[7]: 10100101 -> a5
  Data[8]: 10100001 -> a1
  Data[9]: 01111011 -> 7b
  Data[10]: 10100111 -> a7
  Data[11]: 01111001 -> 79
  Data[12]: 00010110 -> 16
  Data[13]: 10100101 -> a5
  Data[14]: 11001000 -> c8
  Data[15]: 00111001 -> 39
  Data[16]: 11010000 -> d0
  Data[17]: 10000011 -> 83
  Data[18]: 01010110 -> 56
  Data[19]: 01010101 -> 55
  Data[20]: 10110000 -> b0
  Data[21]: 11101011 -> eb
  Data[22]: 11111101 -> fd
  Data[23]: 10100111 -> a7
  Data[24]: 01101010 -> 6a
  Data[25]: 00010000 -> 10
  Data[26]: 11011100 -> dc

Address #19: 111110
RDWR Bit: 1
Stream Bit: 1
Stream Length: 23 (binary: 00010111)
  Data[0]: 10000010 -> 82
  Data[1]: 11000010 -> c2
  Data[2]: 00111110 -> 3e
  Data[3]: 11101101 -> ed
  Data[4]: 11010100 -> d4
  Data[5]: 10000001 -> 81
  Data[6]: 10001110 -> 8e
  Data[7]: 10111111 -> bf
  Data[8]: 10100111 -> a7
  Data[9]: 11011101 -> dd
  Data[10]: 10011101 -> 9d
  Data[11]: 00011011 -> 1b
  Data[12]: 00000001 -> 01
  Data[13]: 11111000 -> f8
  Data[14]: 10101100 -> ac
  Data[15]: 10100001 -> a1
  Data[16]: 10101001 -> a9
  Data[17]: 11000001 -> c1
  Data[18]: 10001010 -> 8a
  Data[19]: 01110111 -> 77
  Data[20]: 10001001 -> 89
  Data[21]: 00010000 -> 10
  Data[22]: 10100111 -> a7

Address #31: 101101
RDWR Bit: 0
Stream Bit: 0
Exchange: 00011010

Address #32: 101010
RDWR Bit: 0
Stream Bit: 0
Exchange: 00000110

Address #33: 100111
RDWR Bit: 1
Stream Bit: 1
Stream Length: 1 (binary: 00000001)
  Data[0]: 11000110 -> c6

Address #35: 101000
RDWR Bit: 0
Stream Bit: 0
Exchange: 01101011

Address #36: 011101
RDWR Bit: 1
Stream Bit: 0
Exchange: 10111010

Address #37: 001110
RDWR Bit: 1
Stream Bit: 0
Exchange: 01010110

Address #38: 111001
RDWR Bit: 1
Stream Bit: 0
Exchange: 01010100

Address #39: 010011
RDWR Bit: 1
Stream Bit: 0
Exchange: 01110110

Address #40: 011101
RDWR Bit: 1
Stream Bit: 0
Exchange: 01001100

Address #41: 011011
RDWR Bit: 1
Stream Bit: 0
Exchange: 01111101

Address #42: 001001
RDWR Bit: 1
Stream Bit: 0
Exchange: 00100100

Address #43: 110000
RDWR Bit: 1
Stream Bit: 0
Exchange: 10101110

Address #44: 001100
RDWR Bit: 0
Stream Bit: 0
Exchange: 01011100

Address #45: 111100
RDWR Bit: 1
Stream Bit: 1
Stream Length: 24 (binary: 00011000)
  Data[0]: 01100101 -> 65
  Data[1]: 10000100 -> 84
  Data[2]: 11101001 -> e9
  Data[3]: 01000111 -> 47
  Data[4]: 11100101 -> e5
  Data[5]: 00011011 -> 1b
  Data[6]: 00100101 -> 25
  Data[7]: 01111001 -> 79
  Data[8]: 10011110 -> 9e
  Data[9]: 11111101 -> fd
  Data[10]: 00001110 -> 0e
  Data[11]: 01000100 -> 44
  Data[12]: 10100000 -> a0
  Data[13]: 01100001 -> 61
  Data[14]: 10001000 -> 88
  Data[15]: 10010010 -> 92
  Data[16]: 01110110 -> 76
  Data[17]: 00010010 -> 12
  Data[18]: 10010000 -> 90
  Data[19]: 10011111 -> 9f
  Data[20]: 11111100 -> fc
  Data[21]: 01001111 -> 4f
  Data[22]: 10010110 -> 96
  Data[23]: 11011001 -> d9

Address #58: 110011
RDWR Bit: 0
Stream Bit: 0
Exchange: 00011001

Address #59: 100010
RDWR Bit: 1
Stream Bit: 0
Exchange: 01001010

Address #60: 110001
RDWR Bit: 1
Stream Bit: 0
Exchange: 10111110

Address #61: 100101
RDWR Bit: 0
Stream Bit: 0
Exchange: 00110011

Address #62: 001100
RDWR Bit: 0
Stream Bit: 0
Exchange: 11011101

Address #63: 010111
RDWR Bit: 0
Stream Bit: 0
Exchange: 10010011

Address #64: 100010
RDWR Bit: 0
Stream Bit: 0
Exchange: 11001110

Address #65: 111111
RDWR Bit: 1
Stream Bit: 1
Stream Length: 12 (binary: 00001100)
  Data[0]: 10011101 -> 9d
  Data[1]: 00110100 -> 34
  Data[2]: 10101101 -> ad
  Data[3]: 10111110 -> be
  Data[4]: 10100110 -> a6
  Data[5]: 00001101 -> 0d
  Data[6]: 01100111 -> 67
  Data[7]: 01011101 -> 5d
  Data[8]: 11110000 -> f0
  Data[9]: 00111001 -> 39
  Data[10]: 01001110 -> 4e
  Data[11]: 10001101 -> 8d

Address #72: 000001
RDWR Bit: 1
Stream Bit: 1
Stream Length: 20 (binary: 00010100)
  Data[0]: 10110001 -> b1
  Data[1]: 11010101 -> d5
  Data[2]: 10010011 -> 93
  Data[3]: 00011100 -> 1c
  Data[4]: 11000110 -> c6
  Data[5]: 00010000 -> 10
  Data[6]: 11100011 -> e3
  Data[7]: 11111010 -> fa
  Data[8]: 10000101 -> 85
  Data[9]: 00101101 -> 2d
  Data[10]: 10110010 -> b2
  Data[11]: 10010001 -> 91
  Data[12]: 01010111 -> 57
  Data[13]: 10000100 -> 84
  Data[14]: 11001000 -> c8
  Data[15]: 10100110 -> a6
  Data[16]: 11101001 -> e9
  Data[17]: 00101001 -> 29
  Data[18]: 11001101 -> cd
  Data[19]: 10010000 -> 90

Address #83: 001001
RDWR Bit: 1
Stream Bit: 0
Exchange: 10001110

Address #84: 001111
RDWR Bit: 1
Stream Bit: 1
Stream Length: 13 (binary: 00001101)
  Data[0]: 00111000 -> 38
  Data[1]: 10010010 -> 92
  Data[2]: 10100111 -> a7
  Data[3]: 00111111 -> 3f
  Data[4]: 01110010 -> 72
  Data[5]: 00001111 -> 0f
  Data[6]: 00111001 -> 39
  Data[7]: 00010110 -> 16
  Data[8]: 01110010 -> 72
  Data[9]: 10101101 -> ad
  Data[10]: 01000110 -> 46
  Data[11]: 10011010 -> 9a
  Data[12]: 01010000 -> 50

Address #91: 110100
RDWR Bit: 0
Stream Bit: 0
Exchange: 10000001

Address #92: 110101
RDWR Bit: 1
Stream Bit: 0
Exchange: 11000001

Address #93: 000011
RDWR Bit: 0
Stream Bit: 0
Exchange: 11110101

Address #94: 001001
RDWR Bit: 1
Stream Bit: 0
Exchange: 10011100

Address #95: 110101
RDWR Bit: 1
Stream Bit: 0
Exchange: 11111001

Address #96: 111010
RDWR Bit: 1
Stream Bit: 0
Exchange: 00100001

Address #97: 001000
RDWR Bit: 1
Stream Bit: 1
Stream Length: 3 (binary: 00000011)
  Data[0]: 00010001 -> 11
  Data[1]: 01000010 -> 42
  Data[2]: 11101001 -> e9

Address #100: 111110
RDWR Bit: 0
Stream Bit: 0
Exchange: 10100010

Address #101: 001111
RDWR Bit: 0
Stream Bit: 0
Exchange: 10111101

Address #102: 101010
RDWR Bit: 0
Stream Bit: 0
Exchange: 10110011

Address #103: 110001
RDWR Bit: 1
Stream Bit: 0
Exchange: 00100011

Address #104: 110101
RDWR Bit: 0
Stream Bit: 1
Stream Length: 19 (binary: 00010011)
  Data[0]: 01011110 -> 5e
  Data[1]: 00001101 -> 0d
  Data[2]: 10011110 -> 9e
  Data[3]: 01111001 -> 79
  Data[4]: 11101000 -> e8
  Data[5]: 01100100 -> 64
  Data[6]: 00110011 -> 33
  Data[7]: 00011111 -> 1f
  Data[8]: 01100111 -> 67
  Data[9]: 11111011 -> fb
  Data[10]: 11001101 -> cd
  Data[11]: 01101101 -> 6d
  Data[12]: 01010000 -> 50
  Data[13]: 11101110 -> ee
  Data[14]: 11100111 -> e7
  Data[15]: 01101100 -> 6c
  Data[16]: 10111001 -> b9
  Data[17]: 00110000 -> 30
  Data[18]: 00101000 -> 28

Address #114: 101001
RDWR Bit: 0
Stream Bit: 0
Exchange: 11110000

Address #115: 111000
RDWR Bit: 0
Stream Bit: 0
Exchange: 01101101

Address #116: 001110
RDWR Bit: 0
Stream Bit: 0
Exchange: 11001101

Address #117: 010111
RDWR Bit: 1
Stream Bit: 0
Exchange: 10010000

Address #118: 100000
RDWR Bit: 0
Stream Bit: 0
Exchange: 10010111

Address #119: 101010
RDWR Bit: 1
Stream Bit: 1
Stream Length: 29 (binary: 00011101)
  Data[0]: 11101100 -> ec
  Data[1]: 01000000 -> 40
  Data[2]: 01000100 -> 44
  Data[3]: 01000111 -> 47
  Data[4]: 00000100 -> 04
  Data[5]: 10111010 -> ba
  Data[6]: 10010011 -> 93
  Data[7]: 11110000 -> f0
  Data[8]: 01010101 -> 55
  Data[9]: 00110110 -> 36
  Data[10]: 01001101 -> 4d
  Data[11]: 11010101 -> d5
  Data[12]: 10001110 -> 8e
  Data[13]: 10011011 -> 9b
  Data[14]: 01010100 -> 54
  Data[15]: 11011001 -> d9
  Data[16]: 00100101 -> 25
  Data[17]: 00110011 -> 33
  Data[18]: 11100110 -> e6
  Data[19]: 01100011 -> 63
  Data[20]: 01101001 -> 69
  Data[21]: 11110101 -> f5
  Data[22]: 01101010 -> 6a
  Data[23]: 01110011 -> 73
  Data[24]: 11110010 -> f2
  Data[25]: 00000110 -> 06
  Data[26]: 11000100 -> c4
  Data[27]: 10010111 -> 97
  Data[28]: 00001111 -> 0f

Address #135: 110010
RDWR Bit: 0
Stream Bit: 0
Exchange: 11011000

Address #136: 100010
RDWR Bit: 0
Stream Bit: 0
Exchange: 01100000

Address #137: 011111
RDWR Bit: 1
Stream Bit: 0
Exchange: 01011111

Address #138: 111011
RDWR Bit: 1
Stream Bit: 1
Stream Length: 29 (binary: 00011101)
  Data[0]: 10011011 -> 9b
  Data[1]: 00010111 -> 17
  Data[2]: 11111001 -> f9
  Data[3]: 01010110 -> 56
  Data[4]: 00011110 -> 1e
  Data[5]: 00111010 -> 3a
  Data[6]: 01110001 -> 71
  Data[7]: 00111110 -> 3e
  Data[8]: 00100011 -> 23
  Data[9]: 11011001 -> d9
  Data[10]: 11011100 -> dc
  Data[11]: 01110110 -> 76
  Data[12]: 10010111 -> 97
  Data[13]: 11001110 -> ce
  Data[14]: 01111011 -> 7b
  Data[15]: 11111101 -> fd
  Data[16]: 00101111 -> 2f
  Data[17]: 01100011 -> 63
  Data[18]: 00010100 -> 14
  Data[19]: 00101111 -> 2f
  Data[20]: 00001011 -> 0b
  Data[21]: 10110100 -> b4
  Data[22]: 01000000 -> 40
  Data[23]: 01101110 -> 6e
  Data[24]: 01010011 -> 53
  Data[25]: 10000111 -> 87
  Data[26]: 10111010 -> ba
  Data[27]: 11111010 -> fa
  Data[28]: 11011111 -> df

Address #153: 100001
RDWR Bit: 0
Stream Bit: 0
Exchange: 10100001

Address #154: 010110
RDWR Bit: 1
Stream Bit: 0
Exchange: 10100100

Address #155: 110101
RDWR Bit: 1
Stream Bit: 0
Exchange: 01100010

Address #156: 010010
RDWR Bit: 1
Stream Bit: 1
Stream Length: 14 (binary: 00001110)
  Data[0]: 00101101 -> 2d
  Data[1]: 10111000 -> b8
  Data[2]: 00100010 -> 22
  Data[3]: 11101110 -> ee
  Data[4]: 00111111 -> 3f
  Data[5]: 01000110 -> 46
  Data[6]: 10111100 -> bc
  Data[7]: 11100001 -> e1
  Data[8]: 00000010 -> 02
  Data[9]: 11110010 -> f2
  Data[10]: 00010110 -> 16
  Data[11]: 10111110 -> be
  Data[12]: 10010010 -> 92
  Data[13]: 00001000 -> 08

Address #164: 111110
RDWR Bit: 1
Stream Bit: 1
Stream Length: 2 (binary: 00000010)
  Data[0]: 01011111 -> 5f
  Data[1]: 00011110 -> 1e

Address #166: 000010
RDWR Bit: 1
Stream Bit: 0
Exchange: 10000010

Address #167: 011101
RDWR Bit: 1
Stream Bit: 0
Exchange: 11110111

Address #168: 001000
RDWR Bit: 1
Stream Bit: 1
Stream Length: 4 (binary: 00000100)
  Data[0]: 11011000 -> d8
  Data[1]: 10011010 -> 9a
  Data[2]: 10010000 -> 90
  Data[3]: 00111010 -> 3a

Address #171: 100111
RDWR Bit: 1
Stream Bit: 0
Exchange: 11100001

Address #172: 010111
RDWR Bit: 1
Stream Bit: 1
Stream Length: 1 (binary: 00000001)
  Data[0]: 00111101 -> 3d

Address #174: 010100
RDWR Bit: 0
Stream Bit: 0
Exchange: 00000000

Address #175: 111001
RDWR Bit: 0
Stream Bit: 0
Exchange: 11011111

Address #176: 100010
RDWR Bit: 0
Stream Bit: 0
Exchange: 01100101

Address #177: 100110
RDWR Bit: 0
Stream Bit: 0
Exchange: 01110101
