Read a waves file with 6 signals and 11187 samples...
Input has these signals:
	* sclk (1 bits)
	* mosi (1 bits)
	* miso (1 bits)
	* ss (1 bits)
	* cpol (1 bits)
	* cpha (1 bits)

Address #1: 010011
RDWR Bit: 1
Stream Bit: 1
Stream Length: 14 (binary: 00001110)
  Data[0]: 10000010 -> 82
  Data[1]: 10111011 -> bb
  Data[2]: 01001001 -> 49
  Data[3]: 11110100 -> f4
  Data[4]: 01000100 -> 44
  Data[5]: 01100001 -> 61
  Data[6]: 11101110 -> ee
  Data[7]: 00000011 -> 03
  Data[8]: 10111111 -> bf
  Data[9]: 00011101 -> 1d
  Data[10]: 00000001 -> 01
  Data[11]: 11100010 -> e2
  Data[12]: 01001011 -> 4b
  Data[13]: 01011001 -> 59

Address #9: 001011
RDWR Bit: 0
Stream Bit: 0
Exchange: 00001100

Address #10: 010111
RDWR Bit: 1
Stream Bit: 0
Exchange: 00010001

Address #11: 010111
RDWR Bit: 1
Stream Bit: 0
Exchange: 10111010

Address #12: 111011
RDWR Bit: 1
Stream Bit: 0
Exchange: 00010001

Address #13: 001101
RDWR Bit: 1
Stream Bit: 1
Stream Length: 4 (binary: 00000100)
  Data[0]: 11101011 -> eb
  Data[1]: 11100110 -> e6
  Data[2]: 10011000 -> 98
  Data[3]: 00101001 -> 29

Address #16: 000110
RDWR Bit: 0
Stream Bit: 0
Exchange: 11111101

Address #17: 111011
RDWR Bit: 1
Stream Bit: 0
Exchange: 00101101

Address #18: 101101
RDWR Bit: 0
Stream Bit: 1
Stream Length: 23 (binary: 00010111)
  Data[0]: 11010100 -> d4
  Data[1]: 01010011 -> 53
  Data[2]: 01101010 -> 6a
  Data[3]: 10010110 -> 96
  Data[4]: 11010111 -> d7
  Data[5]: 11011001 -> d9
  Data[6]: 10010000 -> 90
  Data[7]: 00000100 -> 04
  Data[8]: 01011010 -> 5a
  Data[9]: 11101110 -> ee
  Data[10]: 01101101 -> 6d
  Data[11]: 11101000 -> e8
  Data[12]: 11111000 -> f8
  Data[13]: 10011101 -> 9d
  Data[14]: 10111111 -> bf
  Data[15]: 10101110 -> ae
  Data[16]: 00101010 -> 2a
  Data[17]: 01001101 -> 4d
  Data[18]: 11100011 -> e3
  Data[19]: 01010001 -> 51
  Data[20]: 10110000 -> b0
  Data[21]: 11101100 -> ec
  Data[22]: 11101111 -> ef

Address #30: 011110
RDWR Bit: 0
Stream Bit: 1
Stream Length: 12 (binary: 00001100)
  Data[0]: 00001010 -> 0a
  Data[1]: 00011100 -> 1c
  Data[2]: 00011001 -> 19
  Data[3]: 10110000 -> b0
  Data[4]: 10100110 -> a6
  Data[5]: 01001101 -> 4d
  Data[6]: 01110100 -> 74
  Data[7]: 00000110 -> 06
  Data[8]: 10101000 -> a8
  Data[9]: 11001001 -> c9
  Data[10]: 01110110 -> 76
  Data[11]: 11010111 -> d7

Address #37: 011011
RDWR Bit: 1
Stream Bit: 1
Stream Length: 17 (binary: 00010001)
  Data[0]: 01000100 -> 44
  Data[1]: 01010100 -> 54
  Data[2]: 10010100 -> 94
  Data[3]: 00000011 -> 03
  Data[4]: 00110011 -> 33
  Data[5]: 11001001 -> c9
  Data[6]: 11100010 -> e2
  Data[7]: 10101110 -> ae
  Data[8]: 10010010 -> 92
  Data[9]: 01110110 -> 76
  Data[10]: 01110000 -> 70
  Data[11]: 10111110 -> be
  Data[12]: 01001011 -> 4b
  Data[13]: 00010011 -> 13
  Data[14]: 11100011 -> e3
  Data[15]: 00001110 -> 0e
  Data[16]: 11011000 -> d8

Address #47: 010101
RDWR Bit: 1
Stream Bit: 1
Stream Length: 29 (binary: 00011101)
  Data[0]: 00101111 -> 2f
  Data[1]: 10001111 -> 8f
  Data[2]: 11110100 -> f4
  Data[3]: 00101110 -> 2e
  Data[4]: 01001001 -> 49
  Data[5]: 01111010 -> 7a
  Data[6]: 10001101 -> 8d
  Data[7]: 01010100 -> 54
  Data[8]: 01100001 -> 61
  Data[9]: 11001111 -> cf
  Data[10]: 01110100 -> 74
  Data[11]: 10101110 -> ae
  Data[12]: 00110111 -> 37
  Data[13]: 11110010 -> f2
  Data[14]: 11111110 -> fe
  Data[15]: 11010001 -> d1
  Data[16]: 10011100 -> 9c
  Data[17]: 00000011 -> 03
  Data[18]: 00011000 -> 18
  Data[19]: 11100110 -> e6
  Data[20]: 01001001 -> 49
  Data[21]: 11110010 -> f2
  Data[22]: 01001101 -> 4d
  Data[23]: 00011100 -> 1c
  Data[24]: 10000010 -> 82
  Data[25]: 00110011 -> 33
  Data[26]: 11100010 -> e2
  Data[27]: 11001001 -> c9
  Data[28]: 10001110 -> 8e

Address #62: 010001
RDWR Bit: 0
Stream Bit: 1
Stream Length: 8 (binary: 00001000)
  Data[0]: 00111010 -> 3a
  Data[1]: 00111001 -> 39
  Data[2]: 10100000 -> a0
  Data[3]: 10010000 -> 90
  Data[4]: 01011011 -> 5b
  Data[5]: 11101110 -> ee
  Data[6]: 00010110 -> 16
  Data[7]: 00011010 -> 1a

Address #67: 001011
RDWR Bit: 1
Stream Bit: 1
Stream Length: 27 (binary: 00011011)
  Data[0]: 10001111 -> 8f
  Data[1]: 00000110 -> 06
  Data[2]: 10100001 -> a1
  Data[3]: 01101111 -> 6f
  Data[4]: 11111101 -> fd
  Data[5]: 00001110 -> 0e
  Data[6]: 00001000 -> 08
  Data[7]: 11100100 -> e4
  Data[8]: 11110101 -> f5
  Data[9]: 11101111 -> ef
  Data[10]: 01010101 -> 55
  Data[11]: 10001001 -> 89
  Data[12]: 00110001 -> 31
  Data[13]: 01000000 -> 40
  Data[14]: 11101101 -> ed
  Data[15]: 00101000 -> 28
  Data[16]: 11010001 -> d1
  Data[17]: 10010101 -> 95
  Data[18]: 11001000 -> c8
  Data[19]: 00010110 -> 16
  Data[20]: 00011110 -> 1e
  Data[21]: 11010001 -> d1
  Data[22]: 11000010 -> c2
  Data[23]: 11001000 -> c8
  Data[24]: 01010001 -> 51
  Data[25]: 01010111 -> 57
  Data[26]: 10110101 -> b5

Address #82: 111010
RDWR Bit: 1
Stream Bit: 0
Exchange: 00001111

Address #83: 010101
RDWR Bit: 1
Stream Bit: 0
Exchange: 01101010

Address #84: 000000
RDWR Bit: 0
Stream Bit: 0
Exchange: 00100111

Address #85: 010101
RDWR Bit: 1
Stream Bit: 1
Stream Length: 21 (binary: 00010101)
  Data[0]: 11101001 -> e9
  Data[1]: 11001000 -> c8
  Data[2]: 10010010 -> 92
  Data[3]: 10001101 -> 8d
  Data[4]: 10001000 -> 88
  Data[5]: 10101100 -> ac
  Data[6]: 01011100 -> 5c
  Data[7]: 01111011 -> 7b
  Data[8]: 01111111 -> 7f
  Data[9]: 01011101 -> 5d
  Data[10]: 11100101 -> e5
  Data[11]: 00111011 -> 3b
  Data[12]: 01000000 -> 40
  Data[13]: 10100111 -> a7
  Data[14]: 00110110 -> 36
  Data[15]: 11101111 -> ef
  Data[16]: 10000111 -> 87
  Data[17]: 01101011 -> 6b
  Data[18]: 10000000 -> 80
  Data[19]: 00011010 -> 1a
  Data[20]: 00101001 -> 29

Address #96: 000011
RDWR Bit: 1
Stream Bit: 1
Stream Length: 28 (binary: 00011100)
  Data[0]: 01100110 -> 66
  Data[1]: 01011111 -> 5f
  Data[2]: 11001100 -> cc
  Data[3]: 11101010 -> ea
  Data[4]: 00000010 -> 02
  Data[5]: 10010100 -> 94
  Data[6]: 00101100 -> 2c
  Data[7]: 00110101 -> 35
  Data[8]: 10011100 -> 9c
  Data[9]: 11000110 -> c6
  Data[10]: 10001100 -> 8c
  Data[11]: 10010110 -> 96
  Data[12]: 01110011 -> 73
  Data[13]: 10111000 -> b8
  Data[14]: 10011110 -> 9e
  Data[15]: 10010101 -> 95
  Data[16]: 11000100 -> c4
  Data[17]: 00100111 -> 27
  Data[18]: 00001001 -> 09
  Data[19]: 10000011 -> 83
  Data[20]: 10010110 -> 96
  Data[21]: 10000010 -> 82
  Data[22]: 10001010 -> 8a
  Data[23]: 00001011 -> 0b
  Data[24]: 11011101 -> dd
  Data[25]: 11111100 -> fc
  Data[26]: 00000110 -> 06
  Data[27]: 11001010 -> ca

Address #111: 010101
RDWR Bit: 1
Stream Bit: 0
Exchange: 11011001

Address #112: 100101
RDWR Bit: 0
Stream Bit: 0
Exchange: 01010110

Address #113: 001011
RDWR Bit: 1
Stream Bit: 0
Exchange: 10101111

Address #114: 110101
RDWR Bit: 1
Stream Bit: 0
Exchange: 01000101

Address #115: 100110
RDWR Bit: 1
Stream Bit: 1
Stream Length: 8 (binary: 00001000)
  Data[0]: 10010101 -> 95
  Data[1]: 11111111 -> ff
  Data[2]: 00010001 -> 11
  Data[3]: 01101011 -> 6b
  Data[4]: 00111100 -> 3c
  Data[5]: 01110010 -> 72
  Data[6]: 10001111 -> 8f
  Data[7]: 01001011 -> 4b

Address #120: 001001
RDWR Bit: 0
Stream Bit: 1
Stream Length: 19 (binary: 00010011)
  Data[0]: 01001111 -> 4f
  Data[1]: 01101110 -> 6e
  Data[2]: 10010110 -> 96
  Data[3]: 10101101 -> ad
  Data[4]: 10100001 -> a1
  Data[5]: 10001100 -> 8c
  Data[6]: 00111001 -> 39
  Data[7]: 11110000 -> f0
  Data[8]: 11100100 -> e4
  Data[9]: 00010011 -> 13
  Data[10]: 10101110 -> ae
  Data[11]: 01001101 -> 4d
  Data[12]: 11011000 -> d8
  Data[13]: 10110110 -> b6
  Data[14]: 01001100 -> 4c
  Data[15]: 11111000 -> f8
  Data[16]: 11010010 -> d2
  Data[17]: 10110101 -> b5
  Data[18]: 11111100 -> fc

Address #131: 001111
RDWR Bit: 1
Stream Bit: 0
Exchange: 00010111

Address #132: 100111
RDWR Bit: 0
Stream Bit: 1
Stream Length: 20 (binary: 00010100)
  Data[0]: 00100010 -> 22
  Data[1]: 11110000 -> f0
  Data[2]: 10000110 -> 86
  Data[3]: 10110110 -> b6
  Data[4]: 01111110 -> 7e
  Data[5]: 00111010 -> 3a
  Data[6]: 01111100 -> 7c
  Data[7]: 10001010 -> 8a
  Data[8]: 01110100 -> 74
  Data[9]: 01100000 -> 60
  Data[10]: 01101110 -> 6e
  Data[11]: 00110111 -> 37
  Data[12]: 01001110 -> 4e
  Data[13]: 11111100 -> fc
  Data[14]: 00011010 -> 1a
  Data[15]: 01001000 -> 48
  Data[16]: 10101101 -> ad
  Data[17]: 11101011 -> eb
  Data[18]: 01110011 -> 73
  Data[19]: 00110010 -> 32

Address #143: 111011
RDWR Bit: 1
Stream Bit: 1
Stream Length: 8 (binary: 00001000)
  Data[0]: 11100100 -> e4
  Data[1]: 00100111 -> 27
  Data[2]: 00000100 -> 04
  Data[3]: 00100110 -> 26
  Data[4]: 01000100 -> 44
  Data[5]: 01011110 -> 5e
  Data[6]: 00010111 -> 17
  Data[7]: 01010011 -> 53

Address #148: 101110
RDWR Bit: 1
Stream Bit: 0
Exchange: 11110001

Address #149: 011110
RDWR Bit: 1
Stream Bit: 0
Exchange: 11111010

Address #150: 011111
RDWR Bit: 0
Stream Bit: 1
Stream Length: 22 (binary: 00010110)
  Data[0]: 00111101 -> 3d
  Data[1]: 10010110 -> 96
  Data[2]: 01011011 -> 5b
  Data[3]: 00010011 -> 13
  Data[4]: 11110011 -> f3
  Data[5]: 01111000 -> 78
  Data[6]: 01010111 -> 57
  Data[7]: 01011010 -> 5a
  Data[8]: 10011101 -> 9d
  Data[9]: 01110001 -> 71
  Data[10]: 10111111 -> bf
  Data[11]: 10011011 -> 9b
  Data[12]: 10110001 -> b1
  Data[13]: 00011000 -> 18
  Data[14]: 10101111 -> af
  Data[15]: 10101011 -> ab
  Data[16]: 11101101 -> ed
  Data[17]: 11111000 -> f8
  Data[18]: 11001001 -> c9
  Data[19]: 11110011 -> f3
  Data[20]: 00000010 -> 02
  Data[21]: 10101111 -> af

Address #162: 110110
RDWR Bit: 0
Stream Bit: 0
Exchange: 01010110

Address #163: 001101
RDWR Bit: 0
Stream Bit: 0
Exchange: 10101100

Address #164: 111100
RDWR Bit: 0
Stream Bit: 1
Stream Length: 31 (binary: 00011111)
  Data[0]: 11010110 -> d6
  Data[1]: 10111010 -> ba
  Data[2]: 11111001 -> f9
  Data[3]: 01001011 -> 4b
  Data[4]: 11100101 -> e5
  Data[5]: 01101010 -> 6a
  Data[6]: 11111110 -> fe
  Data[7]: 10001101 -> 8d
  Data[8]: 01111001 -> 79
  Data[9]: 01100100 -> 64
  Data[10]: 00100011 -> 23
  Data[11]: 10111000 -> b8
  Data[12]: 10001100 -> 8c
  Data[13]: 11011011 -> db
  Data[14]: 11011010 -> da
  Data[15]: 01001100 -> 4c
  Data[16]: 11000011 -> c3
  Data[17]: 10000100 -> 84
  Data[18]: 01010001 -> 51
  Data[19]: 10011100 -> 9c
  Data[20]: 00111110 -> 3e
  Data[21]: 00100000 -> 20
  Data[22]: 10111101 -> bd
  Data[23]: 11001000 -> c8
  Data[24]: 00100101 -> 25
  Data[25]: 11000101 -> c5
  Data[26]: 01010000 -> 50
  Data[27]: 10111111 -> bf
  Data[28]: 11011101 -> dd
  Data[29]: 00000110 -> 06
  Data[30]: 01111111 -> 7f

Address #180: 000011
RDWR Bit: 1
Stream Bit: 1
Stream Length: 4 (binary: 00000100)
  Data[0]: 00000111 -> 07
  Data[1]: 01011110 -> 5e
  Data[2]: 00101110 -> 2e
  Data[3]: 10001110 -> 8e

Address #183: 110001
RDWR Bit: 1
Stream Bit: 0
Exchange: 01001001

Address #184: 101000
RDWR Bit: 1
Stream Bit: 0
Exchange: 01100001

Address #185: 111101
RDWR Bit: 0
Stream Bit: 1
Stream Length: 15 (binary: 00001111)
  Data[0]: 11100001 -> e1
  Data[1]: 11001000 -> c8
  Data[2]: 01010001 -> 51
  Data[3]: 01000100 -> 44
  Data[4]: 00110001 -> 31
  Data[5]: 00011100 -> 1c
  Data[6]: 10101001 -> a9
  Data[7]: 11111011 -> fb
  Data[8]: 10011001 -> 99
  Data[9]: 10111110 -> be
  Data[10]: 11100100 -> e4
  Data[11]: 01101010 -> 6a
  Data[12]: 00010100 -> 14
  Data[13]: 10000011 -> 83
  Data[14]: 10000100 -> 84

Address #194: 111101
RDWR Bit: 0
Stream Bit: 1
Stream Length: 6 (binary: 00000110)
  Data[0]: 11111000 -> f8
  Data[1]: 10100110 -> a6
  Data[2]: 10011101 -> 9d
  Data[3]: 01111110 -> 7e
  Data[4]: 11011100 -> dc
  Data[5]: 01100001 -> 61

Address #198: 011110
RDWR Bit: 0
Stream Bit: 1
Stream Length: 17 (binary: 00010001)
  Data[0]: 10000100 -> 84
  Data[1]: 11100010 -> e2
  Data[2]: 00111001 -> 39
  Data[3]: 11011010 -> da
  Data[4]: 01000001 -> 41
  Data[5]: 00011011 -> 1b
  Data[6]: 00000001 -> 01
  Data[7]: 00011100 -> 1c
  Data[8]: 10110010 -> b2
  Data[9]: 10000110 -> 86
  Data[10]: 00010000 -> 10
  Data[11]: 10001000 -> 88
  Data[12]: 10001101 -> 8d
  Data[13]: 10000000 -> 80
  Data[14]: 01011011 -> 5b
  Data[15]: 01001010 -> 4a
  Data[16]: 01001011 -> 4b

Address #207: 010001
RDWR Bit: 0
Stream Bit: 0
Exchange: 10100100

Address #208: 010011
RDWR Bit: 0
Stream Bit: 0
Exchange: 00010001

Address #209: 001101
RDWR Bit: 0
Stream Bit: 0
Exchange: 01010100

Address #210: 000001
RDWR Bit: 1
Stream Bit: 0
Exchange: 11100011

Address #211: 001111
RDWR Bit: 0
Stream Bit: 1
Stream Length: 8 (binary: 00001000)
  Data[0]: 01110101 -> 75
  Data[1]: 10010111 -> 97
  Data[2]: 00110100 -> 34
  Data[3]: 00001011 -> 0b
  Data[4]: 01101010 -> 6a
  Data[5]: 01011011 -> 5b
  Data[6]: 11000100 -> c4
  Data[7]: 01111001 -> 79

Address #216: 111000
RDWR Bit: 0
Stream Bit: 0
Exchange: 11011000

Address #217: 101111
RDWR Bit: 1
Stream Bit: 0
Exchange: 00101111

Address #218: 011110
RDWR Bit: 1
Stream Bit: 0
Exchange: 00011100

Address #219: 011111
RDWR Bit: 1
Stream Bit: 1
Stream Length: 13 (binary: 00001101)
  Data[0]: 00111010 -> 3a
  Data[1]: 10111010 -> ba
  Data[2]: 11010010 -> d2
  Data[3]: 00100000 -> 20
  Data[4]: 11111111 -> ff
  Data[5]: 11011111 -> df
  Data[6]: 01010011 -> 53
  Data[7]: 11001101 -> cd
  Data[8]: 00011011 -> 1b
  Data[9]: 01110001 -> 71
  Data[10]: 10001010 -> 8a
  Data[11]: 00101001 -> 29
  Data[12]: 01001100 -> 4c

Address #227: 011000
RDWR Bit: 1
Stream Bit: 1
Stream Length: 6 (binary: 00000110)
  Data[0]: 10110000 -> b0
  Data[1]: 01110100 -> 74
  Data[2]: 00001110 -> 0e
  Data[3]: 00111001 -> 39
  Data[4]: 00011100 -> 1c
  Data[5]: 01010000 -> 50

Address #231: 111011
RDWR Bit: 1
Stream Bit: 1
Stream Length: 30 (binary: 00011110)
  Data[0]: 11010000 -> d0
  Data[1]: 01101011 -> 6b
  Data[2]: 10111110 -> be
  Data[3]: 01000110 -> 46
  Data[4]: 01011110 -> 5e
  Data[5]: 10101000 -> a8
  Data[6]: 00000100 -> 04
  Data[7]: 11011100 -> dc
  Data[8]: 00001001 -> 09
  Data[9]: 11100111 -> e7
  Data[10]: 10011110 -> 9e
  Data[11]: 00000110 -> 06
  Data[12]: 11010110 -> d6
  Data[13]: 10000011 -> 83
  Data[14]: 10000001 -> 81
  Data[15]: 01011011 -> 5b
  Data[16]: 10011111 -> 9f
  Data[17]: 11001110 -> ce
  Data[18]: 10010000 -> 90
  Data[19]: 11000110 -> c6
  Data[20]: 01111111 -> 7f
  Data[21]: 01101101 -> 6d
  Data[22]: 10001101 -> 8d
  Data[23]: 11000010 -> c2
  Data[24]: 01111100 -> 7c
  Data[25]: 00011011 -> 1b
  Data[26]: 01011001 -> 59
  Data[27]: 11010001 -> d1
  Data[28]: 01011010 -> 5a
  Data[29]: 11101000 -> e8

Address #247: 011011
RDWR Bit: 0
Stream Bit: 1
Stream Length: 19 (binary: 00010011)
  Data[0]: 10011010 -> 9a
  Data[1]: 01011101 -> 5d
  Data[2]: 10011001 -> 99
  Data[3]: 00111100 -> 3c
  Data[4]: 01101010 -> 6a
  Data[5]: 11101101 -> ed
  Data[6]: 01010110 -> 56
  Data[7]: 11001010 -> ca
  Data[8]: 11000111 -> c7
  Data[9]: 01101000 -> 68
  Data[10]: 01011010 -> 5a
  Data[11]: 11011111 -> df
  Data[12]: 00010001 -> 11
  Data[13]: 01111001 -> 79
  Data[14]: 11100010 -> e2
  Data[15]: 10100001 -> a1
  Data[16]: 00010001 -> 11
  Data[17]: 01100010 -> 62
  Data[18]: 10010001 -> 91

Address #257: 011101
RDWR Bit: 0
Stream Bit: 0
Exchange: 11001100

Address #258: 000111
RDWR Bit: 0
Stream Bit: 1
Stream Length: 20 (binary: 00010100)
  Data[0]: 01011110 -> 5e
  Data[1]: 00100100 -> 24
  Data[2]: 10111000 -> b8
  Data[3]: 01001100 -> 4c
  Data[4]: 00011001 -> 19
  Data[5]: 11000101 -> c5
  Data[6]: 10011000 -> 98
  Data[7]: 10000011 -> 83
  Data[8]: 11000110 -> c6
  Data[9]: 11101010 -> ea
  Data[10]: 11011011 -> db
  Data[11]: 01100111 -> 67
  Data[12]: 10000100 -> 84
  Data[13]: 01001101 -> 4d
  Data[14]: 01011001 -> 59
  Data[15]: 10001111 -> 8f
  Data[16]: 00110010 -> 32
  Data[17]: 01101110 -> 6e
  Data[18]: 01000100 -> 44
  Data[19]: 01000001 -> 41

Address #269: 000100
RDWR Bit: 1
Stream Bit: 1
Stream Length: 23 (binary: 00010111)
  Data[0]: 10010101 -> 95
  Data[1]: 00111101 -> 3d
  Data[2]: 11011001 -> d9
  Data[3]: 11001101 -> cd
  Data[4]: 11101111 -> ef
  Data[5]: 11100001 -> e1
  Data[6]: 00010001 -> 11
  Data[7]: 11000111 -> c7
  Data[8]: 10001100 -> 8c
  Data[9]: 00010110 -> 16
  Data[10]: 11010111 -> d7
  Data[11]: 00100000 -> 20
  Data[12]: 10001111 -> 8f
  Data[13]: 11100110 -> e6
  Data[14]: 10001000 -> 88
  Data[15]: 00101110 -> 2e
  Data[16]: 10110000 -> b0
  Data[17]: 01110101 -> 75
  Data[18]: 11000011 -> c3
  Data[19]: 00000101 -> 05
  Data[20]: 01001110 -> 4e
  Data[21]: 00011101 -> 1d
  Data[22]: 11010111 -> d7

Address #282: 111011
RDWR Bit: 1
Stream Bit: 1
Stream Length: 25 (binary: 00011001)
  Data[0]: 01111010 -> 7a
  Data[1]: 01000110 -> 46
  Data[2]: 10000111 -> 87
  Data[3]: 11110000 -> f0
  Data[4]: 00011011 -> 1b
  Data[5]: 01001110 -> 4e
  Data[6]: 11000110 -> c6
  Data[7]: 11100110 -> e6
  Data[8]: 01111100 -> 7c
  Data[9]: 10110011 -> b3
  Data[10]: 00111010 -> 3a
  Data[11]: 11100000 -> e0
  Data[12]: 10101001 -> a9
  Data[13]: 00001101 -> 0d
  Data[14]: 11110110 -> f6
  Data[15]: 10101011 -> ab
  Data[16]: 10011000 -> 98
  Data[17]: 01010110 -> 56
  Data[18]: 01000010 -> 42
  Data[19]: 00110100 -> 34
  Data[20]: 10001010 -> 8a
  Data[21]: 11010011 -> d3
  Data[22]: 11010101 -> d5
  Data[23]: 01010110 -> 56
  Data[24]: 00001111 -> 0f

Address #295: 010110
RDWR Bit: 0
Stream Bit: 1
Stream Length: 2 (binary: 00000010)
  Data[0]: 01111100 -> 7c
  Data[1]: 01100010 -> 62

Address #297: 010000
RDWR Bit: 0
Stream Bit: 0
Exchange: 11000000

Address #298: 001100
RDWR Bit: 1
Stream Bit: 1
Stream Length: 31 (binary: 00011111)
  Data[0]: 00100101 -> 25
  Data[1]: 00010011 -> 13
  Data[2]: 11101100 -> ec
  Data[3]: 00111011 -> 3b
  Data[4]: 11001011 -> cb
  Data[5]: 00110011 -> 33
  Data[6]: 01100010 -> 62
  Data[7]: 01111011 -> 7b
  Data[8]: 11001110 -> ce
  Data[9]: 00010111 -> 17
  Data[10]: 01111110 -> 7e
  Data[11]: 10000101 -> 85
  Data[12]: 10100010 -> a2
  Data[13]: 10001111 -> 8f
  Data[14]: 10110001 -> b1
  Data[15]: 11011000 -> d8
  Data[16]: 10011011 -> 9b
  Data[17]: 11110100 -> f4
  Data[18]: 11100101 -> e5
  Data[19]: 10111100 -> bc
  Data[20]: 00011011 -> 1b
  Data[21]: 01101001 -> 69
  Data[22]: 00001100 -> 0c
  Data[23]: 10100011 -> a3
  Data[24]: 01011000 -> 58
  Data[25]: 11111000 -> f8
  Data[26]: 00010001 -> 11
  Data[27]: 11000110 -> c6
  Data[28]: 00100110 -> 26
  Data[29]: 10110000 -> b0
  Data[30]: 11010010 -> d2

Address #315: 011010
RDWR Bit: 1
Stream Bit: 0
Exchange: 11111000

Address #316: 100100
RDWR Bit: 0
Stream Bit: 1
Stream Length: 1 (binary: 00000001)
  Data[0]: 00001010 -> 0a

Address #317: 100100
RDWR Bit: 0
Stream Bit: 0
Exchange: 10011111

Address #318: 000011
RDWR Bit: 0
Stream Bit: 1
Stream Length: 22 (binary: 00010110)
  Data[0]: 01110010 -> 72
  Data[1]: 10010011 -> 93
  Data[2]: 11000010 -> c2
  Data[3]: 10011001 -> 99
  Data[4]: 00001000 -> 08
  Data[5]: 00001001 -> 09
  Data[6]: 01011100 -> 5c
  Data[7]: 10111101 -> bd
  Data[8]: 10101111 -> af
  Data[9]: 11000111 -> c7
  Data[10]: 00011011 -> 1b
  Data[11]: 11100011 -> e3
  Data[12]: 10000110 -> 86
  Data[13]: 00010001 -> 11
  Data[14]: 11110100 -> f4
  Data[15]: 10011110 -> 9e
  Data[16]: 11101100 -> ec
  Data[17]: 11100101 -> e5
  Data[18]: 11011001 -> d9
  Data[19]: 00011110 -> 1e
  Data[20]: 00000111 -> 07
  Data[21]: 10011110 -> 9e

Address #330: 110011
RDWR Bit: 0
Stream Bit: 1
Stream Length: 26 (binary: 00011010)
  Data[0]: 11101010 -> ea
  Data[1]: 10001000 -> 88
  Data[2]: 11011110 -> de
  Data[3]: 10100000 -> a0
  Data[4]: 10001111 -> 8f
  Data[5]: 01010000 -> 50
  Data[6]: 01100000 -> 60
  Data[7]: 10101011 -> ab
  Data[8]: 01111110 -> 7e
  Data[9]: 10111111 -> bf
  Data[10]: 10010000 -> 90
  Data[11]: 01010010 -> 52
  Data[12]: 00001000 -> 08
  Data[13]: 01101111 -> 6f
  Data[14]: 10001110 -> 8e
  Data[15]: 10001100 -> 8c
  Data[16]: 00110110 -> 36
  Data[17]: 01011010 -> 5a
  Data[18]: 10010010 -> 92
  Data[19]: 00010001 -> 11
  Data[20]: 00000011 -> 03
  Data[21]: 11000000 -> c0
  Data[22]: 10011100 -> 9c
  Data[23]: 10101011 -> ab
  Data[24]: 10010010 -> 92
  Data[25]: 11000101 -> c5
