Read a waves file with 6 signals and 11651 samples...
Input has these signals:
	* sclk (1 bits)
	* mosi (1 bits)
	* miso (1 bits)
	* ss (1 bits)
	* cpol (1 bits)
	* cpha (1 bits)

Address #1: 110010
RDWR Bit: 0
Stream Bit: 1
Stream Length: 7 (binary: 00000111)
  Data[0]: 01000001 -> 41
  Data[1]: 11110011 -> f3
  Data[2]: 01011101 -> 5d
  Data[3]: 10001001 -> 89
  Data[4]: 00010111 -> 17
  Data[5]: 10111111 -> bf
  Data[6]: 00101100 -> 2c

Address #5: 111011
RDWR Bit: 0
Stream Bit: 1
Stream Length: 24 (binary: 00011000)
  Data[0]: 01001101 -> 4d
  Data[1]: 00110110 -> 36
  Data[2]: 11101010 -> ea
  Data[3]: 00101001 -> 29
  Data[4]: 01001100 -> 4c
  Data[5]: 10010011 -> 93
  Data[6]: 00110110 -> 36
  Data[7]: 11010010 -> d2
  Data[8]: 10000001 -> 81
  Data[9]: 00101101 -> 2d
  Data[10]: 10101000 -> a8
  Data[11]: 10111011 -> bb
  Data[12]: 10110111 -> b7
  Data[13]: 10101010 -> aa
  Data[14]: 10010010 -> 92
  Data[15]: 01110010 -> 72
  Data[16]: 10011000 -> 98
  Data[17]: 10100100 -> a4
  Data[18]: 11000111 -> c7
  Data[19]: 10101100 -> ac
  Data[20]: 10011110 -> 9e
  Data[21]: 11011010 -> da
  Data[22]: 00011100 -> 1c
  Data[23]: 11010000 -> d0

Address #18: 001000
RDWR Bit: 0
Stream Bit: 0
Exchange: 11010001

Address #19: 011011
RDWR Bit: 0
Stream Bit: 1
Stream Length: 7 (binary: 00000111)
  Data[0]: 00011101 -> 1d
  Data[1]: 10111110 -> be
  Data[2]: 01010011 -> 53
  Data[3]: 01111101 -> 7d
  Data[4]: 11000111 -> c7
  Data[5]: 11001001 -> c9
  Data[6]: 11000100 -> c4

Address #24: 111000
RDWR Bit: 1
Stream Bit: 0
Exchange: 11110001

Address #25: 100000
RDWR Bit: 1
Stream Bit: 0
Exchange: 01011010

Address #26: 001100
RDWR Bit: 1
Stream Bit: 0
Exchange: 11100011

Address #27: 011001
RDWR Bit: 1
Stream Bit: 1
Stream Length: 21 (binary: 00010101)
  Data[0]: 11010011 -> d3
  Data[1]: 01011000 -> 58
  Data[2]: 01010101 -> 55
  Data[3]: 10101110 -> ae
  Data[4]: 00001101 -> 0d
  Data[5]: 01101100 -> 6c
  Data[6]: 01100100 -> 64
  Data[7]: 01001110 -> 4e
  Data[8]: 00100110 -> 26
  Data[9]: 11011011 -> db
  Data[10]: 01100011 -> 63
  Data[11]: 00011111 -> 1f
  Data[12]: 10010011 -> 93
  Data[13]: 11010000 -> d0
  Data[14]: 10100000 -> a0
  Data[15]: 11100011 -> e3
  Data[16]: 01101111 -> 6f
  Data[17]: 00110110 -> 36
  Data[18]: 10100000 -> a0
  Data[19]: 10111011 -> bb
  Data[20]: 01000101 -> 45

Address #38: 001111
RDWR Bit: 0
Stream Bit: 0
Exchange: 00001100

Address #39: 101000
RDWR Bit: 1
Stream Bit: 0
Exchange: 01011010

Address #40: 011111
RDWR Bit: 1
Stream Bit: 1
Stream Length: 12 (binary: 00001100)
  Data[0]: 01001001 -> 49
  Data[1]: 11000110 -> c6
  Data[2]: 10010101 -> 95
  Data[3]: 01101110 -> 6e
  Data[4]: 11011111 -> df
  Data[5]: 10100010 -> a2
  Data[6]: 00101011 -> 2b
  Data[7]: 00101011 -> 2b
  Data[8]: 00110101 -> 35
  Data[9]: 10111101 -> bd
  Data[10]: 00101000 -> 28
  Data[11]: 10010000 -> 90

Address #47: 001111
RDWR Bit: 0
Stream Bit: 1
Stream Length: 17 (binary: 00010001)
  Data[0]: 00111101 -> 3d
  Data[1]: 11111100 -> fc
  Data[2]: 11101000 -> e8
  Data[3]: 10101000 -> a8
  Data[4]: 11000111 -> c7
  Data[5]: 10010011 -> 93
  Data[6]: 11001100 -> cc
  Data[7]: 11101101 -> ed
  Data[8]: 01000000 -> 40
  Data[9]: 11010001 -> d1
  Data[10]: 11101000 -> e8
  Data[11]: 10100010 -> a2
  Data[12]: 11010111 -> d7
  Data[13]: 01111100 -> 7c
  Data[14]: 10000001 -> 81
  Data[15]: 00100000 -> 20
  Data[16]: 01010111 -> 57

Address #57: 000010
RDWR Bit: 0
Stream Bit: 0
Exchange: 00010101

Address #58: 011110
RDWR Bit: 1
Stream Bit: 1
Stream Length: 16 (binary: 00010000)
  Data[0]: 10100011 -> a3
  Data[1]: 11000011 -> c3
  Data[2]: 10011111 -> 9f
  Data[3]: 01010100 -> 54
  Data[4]: 01111100 -> 7c
  Data[5]: 01101110 -> 6e
  Data[6]: 01000011 -> 43
  Data[7]: 11111001 -> f9
  Data[8]: 10000110 -> 86
  Data[9]: 11000010 -> c2
  Data[10]: 10001111 -> 8f
  Data[11]: 00110110 -> 36
  Data[12]: 01010101 -> 55
  Data[13]: 11100010 -> e2
  Data[14]: 11000001 -> c1
  Data[15]: 01101100 -> 6c

Address #67: 100011
RDWR Bit: 1
Stream Bit: 0
Exchange: 01101110

Address #68: 111101
RDWR Bit: 1
Stream Bit: 1
Stream Length: 30 (binary: 00011110)
  Data[0]: 10011000 -> 98
  Data[1]: 11100010 -> e2
  Data[2]: 10101011 -> ab
  Data[3]: 01101010 -> 6a
  Data[4]: 10000101 -> 85
  Data[5]: 11001110 -> ce
  Data[6]: 11100011 -> e3
  Data[7]: 01110000 -> 70
  Data[8]: 00010110 -> 16
  Data[9]: 01111000 -> 78
  Data[10]: 00100000 -> 20
  Data[11]: 10000101 -> 85
  Data[12]: 01010010 -> 52
  Data[13]: 00111001 -> 39
  Data[14]: 00100110 -> 26
  Data[15]: 11111110 -> fe
  Data[16]: 00111001 -> 39
  Data[17]: 10100111 -> a7
  Data[18]: 00101111 -> 2f
  Data[19]: 00101011 -> 2b
  Data[20]: 01100111 -> 67
  Data[21]: 00110111 -> 37
  Data[22]: 11100101 -> e5
  Data[23]: 00111111 -> 3f
  Data[24]: 10111001 -> b9
  Data[25]: 11111110 -> fe
  Data[26]: 10001010 -> 8a
  Data[27]: 01110101 -> 75
  Data[28]: 11000110 -> c6
  Data[29]: 00100000 -> 20

Address #84: 110000
RDWR Bit: 1
Stream Bit: 0
Exchange: 10000110

Address #85: 111111
RDWR Bit: 1
Stream Bit: 1
Stream Length: 11 (binary: 00001011)
  Data[0]: 11111000 -> f8
  Data[1]: 00101100 -> 2c
  Data[2]: 11010010 -> d2
  Data[3]: 01011100 -> 5c
  Data[4]: 01101101 -> 6d
  Data[5]: 10001101 -> 8d
  Data[6]: 11001010 -> ca
  Data[7]: 01111101 -> 7d
  Data[8]: 00011101 -> 1d
  Data[9]: 11010010 -> d2
  Data[10]: 01101001 -> 69

Address #91: 110000
RDWR Bit: 0
Stream Bit: 1
Stream Length: 25 (binary: 00011001)
  Data[0]: 11110100 -> f4
  Data[1]: 00100011 -> 23
  Data[2]: 00011100 -> 1c
  Data[3]: 10110111 -> b7
  Data[4]: 10111111 -> bf
  Data[5]: 01110011 -> 73
  Data[6]: 01110100 -> 74
  Data[7]: 11000011 -> c3
  Data[8]: 10110001 -> b1
  Data[9]: 00101111 -> 2f
  Data[10]: 10010010 -> 92
  Data[11]: 00000000 -> 00
  Data[12]: 00110111 -> 37
  Data[13]: 00001010 -> 0a
  Data[14]: 10011010 -> 9a
  Data[15]: 01001111 -> 4f
  Data[16]: 01011011 -> 5b
  Data[17]: 11000101 -> c5
  Data[18]: 00101110 -> 2e
  Data[19]: 10110010 -> b2
  Data[20]: 00001111 -> 0f
  Data[21]: 10110011 -> b3
  Data[22]: 01001001 -> 49
  Data[23]: 10100110 -> a6
  Data[24]: 10010110 -> 96

Address #105: 111100
RDWR Bit: 0
Stream Bit: 0
Exchange: 00100101

Address #106: 110100
RDWR Bit: 1
Stream Bit: 0
Exchange: 11011111

Address #107: 000111
RDWR Bit: 1
Stream Bit: 0
Exchange: 10111110

Address #108: 010001
RDWR Bit: 0
Stream Bit: 1
Stream Length: 6 (binary: 00000110)
  Data[0]: 00110101 -> 35
  Data[1]: 11110010 -> f2
  Data[2]: 01110001 -> 71
  Data[3]: 00101000 -> 28
  Data[4]: 00100010 -> 22
  Data[5]: 00011011 -> 1b

Address #112: 010100
RDWR Bit: 0
Stream Bit: 1
Stream Length: 16 (binary: 00010000)
  Data[0]: 01111101 -> 7d
  Data[1]: 10011110 -> 9e
  Data[2]: 01011101 -> 5d
  Data[3]: 11100001 -> e1
  Data[4]: 01100100 -> 64
  Data[5]: 10100010 -> a2
  Data[6]: 01101011 -> 6b
  Data[7]: 01000100 -> 44
  Data[8]: 00101010 -> 2a
  Data[9]: 10001101 -> 8d
  Data[10]: 11010101 -> d5
  Data[11]: 01101011 -> 6b
  Data[12]: 00000010 -> 02
  Data[13]: 01001001 -> 49
  Data[14]: 01001001 -> 49
  Data[15]: 10011110 -> 9e

Address #121: 100000
RDWR Bit: 1
Stream Bit: 0
Exchange: 10101110

Address #122: 010001
RDWR Bit: 0
Stream Bit: 0
Exchange: 10010011

Address #123: 011111
RDWR Bit: 1
Stream Bit: 0
Exchange: 01100000

Address #124: 011010
RDWR Bit: 1
Stream Bit: 0
Exchange: 11001010

Address #125: 010100
RDWR Bit: 1
Stream Bit: 0
Exchange: 01010101

Address #126: 111000
RDWR Bit: 0
Stream Bit: 1
Stream Length: 18 (binary: 00010010)
  Data[0]: 10010000 -> 90
  Data[1]: 10011011 -> 9b
  Data[2]: 00110010 -> 32
  Data[3]: 00011110 -> 1e
  Data[4]: 10000011 -> 83
  Data[5]: 01001111 -> 4f
  Data[6]: 01001110 -> 4e
  Data[7]: 00100110 -> 26
  Data[8]: 10011101 -> 9d
  Data[9]: 10111111 -> bf
  Data[10]: 10111111 -> bf
  Data[11]: 01000110 -> 46
  Data[12]: 01001011 -> 4b
  Data[13]: 01000001 -> 41
  Data[14]: 00010111 -> 17
  Data[15]: 01000100 -> 44
  Data[16]: 00110101 -> 35
  Data[17]: 10110101 -> b5

Address #136: 111110
RDWR Bit: 0
Stream Bit: 0
Exchange: 01010000

Address #137: 110100
RDWR Bit: 0
Stream Bit: 1
Stream Length: 19 (binary: 00010011)
  Data[0]: 00000111 -> 07
  Data[1]: 11101111 -> ef
  Data[2]: 01001000 -> 48
  Data[3]: 01000011 -> 43
  Data[4]: 00100100 -> 24
  Data[5]: 10001101 -> 8d
  Data[6]: 11101011 -> eb
  Data[7]: 11001101 -> cd
  Data[8]: 10011011 -> 9b
  Data[9]: 01000111 -> 47
  Data[10]: 00010101 -> 15
  Data[11]: 11001100 -> cc
  Data[12]: 10111000 -> b8
  Data[13]: 11110001 -> f1
  Data[14]: 00110110 -> 36
  Data[15]: 11010101 -> d5
  Data[16]: 00110101 -> 35
  Data[17]: 00010110 -> 16
  Data[18]: 01101001 -> 69

Address #147: 010000
RDWR Bit: 0
Stream Bit: 0
Exchange: 11110001

Address #148: 100110
RDWR Bit: 0
Stream Bit: 0
Exchange: 00001000

Address #149: 101010
RDWR Bit: 1
Stream Bit: 0
Exchange: 11100010

Address #150: 001010
RDWR Bit: 1
Stream Bit: 0
Exchange: 01110011

Address #151: 001001
RDWR Bit: 1
Stream Bit: 0
Exchange: 00011100

Address #152: 111000
RDWR Bit: 0
Stream Bit: 1
Stream Length: 18 (binary: 00010010)
  Data[0]: 10111100 -> bc
  Data[1]: 10101111 -> af
  Data[2]: 01110110 -> 76
  Data[3]: 11110000 -> f0
  Data[4]: 01110001 -> 71
  Data[5]: 00001000 -> 08
  Data[6]: 01101111 -> 6f
  Data[7]: 11110100 -> f4
  Data[8]: 10001111 -> 8f
  Data[9]: 00100011 -> 23
  Data[10]: 00110000 -> 30
  Data[11]: 00011111 -> 1f
  Data[12]: 00110000 -> 30
  Data[13]: 11111110 -> fe
  Data[14]: 01111111 -> 7f
  Data[15]: 00000010 -> 02
  Data[16]: 00101001 -> 29
  Data[17]: 00110000 -> 30

Address #162: 001110
RDWR Bit: 1
Stream Bit: 1
Stream Length: 24 (binary: 00011000)
  Data[0]: 00011000 -> 18
  Data[1]: 00001100 -> 0c
  Data[2]: 00100111 -> 27
  Data[3]: 01010011 -> 53
  Data[4]: 00000001 -> 01
  Data[5]: 00111001 -> 39
  Data[6]: 00000101 -> 05
  Data[7]: 00101110 -> 2e
  Data[8]: 01100010 -> 62
  Data[9]: 10101110 -> ae
  Data[10]: 00101101 -> 2d
  Data[11]: 11000100 -> c4
  Data[12]: 10011100 -> 9c
  Data[13]: 01001010 -> 4a
  Data[14]: 10010010 -> 92
  Data[15]: 01001110 -> 4e
  Data[16]: 00100100 -> 24
  Data[17]: 11001001 -> c9
  Data[18]: 10111100 -> bc
  Data[19]: 10001111 -> 8f
  Data[20]: 00101101 -> 2d
  Data[21]: 10010001 -> 91
  Data[22]: 01001101 -> 4d
  Data[23]: 11101011 -> eb

Address #175: 111010
RDWR Bit: 1
Stream Bit: 1
Stream Length: 22 (binary: 00010110)
  Data[0]: 10111110 -> be
  Data[1]: 10110101 -> b5
  Data[2]: 00011111 -> 1f
  Data[3]: 11011001 -> d9
  Data[4]: 01000010 -> 42
  Data[5]: 11101010 -> ea
  Data[6]: 01001011 -> 4b
  Data[7]: 00000111 -> 07
  Data[8]: 01111100 -> 7c
  Data[9]: 11001001 -> c9
  Data[10]: 11110101 -> f5
  Data[11]: 01000111 -> 47
  Data[12]: 10010101 -> 95
  Data[13]: 10001011 -> 8b
  Data[14]: 01110001 -> 71
  Data[15]: 10100010 -> a2
  Data[16]: 00110100 -> 34
  Data[17]: 00001110 -> 0e
  Data[18]: 01110111 -> 77
  Data[19]: 00110111 -> 37
  Data[20]: 00010010 -> 12
  Data[21]: 00011001 -> 19

Address #187: 001010
RDWR Bit: 0
Stream Bit: 0
Exchange: 10011111

Address #188: 101011
RDWR Bit: 0
Stream Bit: 1
Stream Length: 29 (binary: 00011101)
  Data[0]: 10011000 -> 98
  Data[1]: 11010110 -> d6
  Data[2]: 00111101 -> 3d
  Data[3]: 10100101 -> a5
  Data[4]: 01110101 -> 75
  Data[5]: 01001010 -> 4a
  Data[6]: 10100100 -> a4
  Data[7]: 01111111 -> 7f
  Data[8]: 00100011 -> 23
  Data[9]: 10000000 -> 80
  Data[10]: 11111110 -> fe
  Data[11]: 01101010 -> 6a
  Data[12]: 10011011 -> 9b
  Data[13]: 00011000 -> 18
  Data[14]: 11101110 -> ee
  Data[15]: 00011110 -> 1e
  Data[16]: 01111011 -> 7b
  Data[17]: 10010101 -> 95
  Data[18]: 01100100 -> 64
  Data[19]: 01111010 -> 7a
  Data[20]: 11001010 -> ca
  Data[21]: 10110101 -> b5
  Data[22]: 00100110 -> 26
  Data[23]: 11101001 -> e9
  Data[24]: 00011101 -> 1d
  Data[25]: 10011110 -> 9e
  Data[26]: 11100001 -> e1
  Data[27]: 11010110 -> d6
  Data[28]: 11100011 -> e3

Address #204: 011110
RDWR Bit: 0
Stream Bit: 1
Stream Length: 18 (binary: 00010010)
  Data[0]: 10000101 -> 85
  Data[1]: 00011011 -> 1b
  Data[2]: 10010100 -> 94
  Data[3]: 01101010 -> 6a
  Data[4]: 01011010 -> 5a
  Data[5]: 11110101 -> f5
  Data[6]: 01010111 -> 57
  Data[7]: 00111000 -> 38
  Data[8]: 11001001 -> c9
  Data[9]: 11000001 -> c1
  Data[10]: 01011111 -> 5f
  Data[11]: 11010001 -> d1
  Data[12]: 00011101 -> 1d
  Data[13]: 11011001 -> d9
  Data[14]: 11000001 -> c1
  Data[15]: 11101010 -> ea
  Data[16]: 11010101 -> d5
  Data[17]: 01110001 -> 71

Address #214: 010101
RDWR Bit: 0
Stream Bit: 0
Exchange: 10010111

Address #215: 100011
RDWR Bit: 0
Stream Bit: 0
Exchange: 01011101

Address #216: 010101
RDWR Bit: 0
Stream Bit: 0
Exchange: 11110110

Address #217: 111111
RDWR Bit: 0
Stream Bit: 1
Stream Length: 11 (binary: 00001011)
  Data[0]: 11011010 -> da
  Data[1]: 00111010 -> 3a
  Data[2]: 11001011 -> cb
  Data[3]: 11010000 -> d0
  Data[4]: 10110100 -> b4
  Data[5]: 01010110 -> 56
  Data[6]: 01001110 -> 4e
  Data[7]: 10000110 -> 86
  Data[8]: 01100001 -> 61
  Data[9]: 00101100 -> 2c
  Data[10]: 11110011 -> f3

Address #223: 010110
RDWR Bit: 1
Stream Bit: 1
Stream Length: 4 (binary: 00000100)
  Data[0]: 11001111 -> cf
  Data[1]: 10000110 -> 86
  Data[2]: 10101001 -> a9
  Data[3]: 00001101 -> 0d

Address #226: 111011
RDWR Bit: 1
Stream Bit: 1
Stream Length: 28 (binary: 00011100)
  Data[0]: 11111001 -> f9
  Data[1]: 00010011 -> 13
  Data[2]: 00101010 -> 2a
  Data[3]: 00010011 -> 13
  Data[4]: 01011011 -> 5b
  Data[5]: 11100110 -> e6
  Data[6]: 01111101 -> 7d
  Data[7]: 11111101 -> fd
  Data[8]: 01101100 -> 6c
  Data[9]: 10110101 -> b5
  Data[10]: 10101100 -> ac
  Data[11]: 00110101 -> 35
  Data[12]: 00101001 -> 29
  Data[13]: 00001100 -> 0c
  Data[14]: 00011011 -> 1b
  Data[15]: 01010111 -> 57
  Data[16]: 01011000 -> 58
  Data[17]: 00010010 -> 12
  Data[18]: 00001011 -> 0b
  Data[19]: 00011010 -> 1a
  Data[20]: 10011100 -> 9c
  Data[21]: 01101001 -> 69
  Data[22]: 01010110 -> 56
  Data[23]: 00111111 -> 3f
  Data[24]: 01010111 -> 57
  Data[25]: 00101111 -> 2f
  Data[26]: 00011110 -> 1e
  Data[27]: 01010110 -> 56

Address #241: 101100
RDWR Bit: 0
Stream Bit: 0
Exchange: 01011001

Address #242: 011011
RDWR Bit: 1
Stream Bit: 1
Stream Length: 27 (binary: 00011011)
  Data[0]: 01111010 -> 7a
  Data[1]: 10010100 -> 94
  Data[2]: 00010011 -> 13
  Data[3]: 10111101 -> bd
  Data[4]: 10010000 -> 90
  Data[5]: 00101100 -> 2c
  Data[6]: 01101000 -> 68
  Data[7]: 11001100 -> cc
  Data[8]: 01111100 -> 7c
  Data[9]: 11110110 -> f6
  Data[10]: 01101011 -> 6b
  Data[11]: 11000000 -> c0
  Data[12]: 10000010 -> 82
  Data[13]: 11111100 -> fc
  Data[14]: 01010100 -> 54
  Data[15]: 11110011 -> f3
  Data[16]: 01000110 -> 46
  Data[17]: 10101110 -> ae
  Data[18]: 11001101 -> cd
  Data[19]: 10010100 -> 94
  Data[20]: 00100101 -> 25
  Data[21]: 00110100 -> 34
  Data[22]: 01101110 -> 6e
  Data[23]: 01001011 -> 4b
  Data[24]: 00000100 -> 04
  Data[25]: 10000100 -> 84
  Data[26]: 11010011 -> d3

Address #257: 011011
RDWR Bit: 1
Stream Bit: 1
Stream Length: 2 (binary: 00000010)
  Data[0]: 00000000 -> 00
  Data[1]: 11101001 -> e9

Address #259: 010001
RDWR Bit: 1
Stream Bit: 1
Stream Length: 21 (binary: 00010101)
  Data[0]: 10001001 -> 89
  Data[1]: 01011110 -> 5e
  Data[2]: 10010111 -> 97
  Data[3]: 00100011 -> 23
  Data[4]: 11110000 -> f0
  Data[5]: 10000100 -> 84
  Data[6]: 11001011 -> cb
  Data[7]: 11011010 -> da
  Data[8]: 00100001 -> 21
  Data[9]: 10011101 -> 9d
  Data[10]: 01100011 -> 63
  Data[11]: 00101111 -> 2f
  Data[12]: 11010000 -> d0
  Data[13]: 11110011 -> f3
  Data[14]: 11111111 -> ff
  Data[15]: 10100101 -> a5
  Data[16]: 10001110 -> 8e
  Data[17]: 11101111 -> ef
  Data[18]: 01111111 -> 7f
  Data[19]: 01010100 -> 54
  Data[20]: 00111000 -> 38

Address #270: 101000
RDWR Bit: 1
Stream Bit: 1
Stream Length: 26 (binary: 00011010)
  Data[0]: 10001011 -> 8b
  Data[1]: 11000101 -> c5
  Data[2]: 10001111 -> 8f
  Data[3]: 10010111 -> 97
  Data[4]: 11011100 -> dc
  Data[5]: 01011110 -> 5e
  Data[6]: 11000010 -> c2
  Data[7]: 10011110 -> 9e
  Data[8]: 00111010 -> 3a
  Data[9]: 11000100 -> c4
  Data[10]: 10000111 -> 87
  Data[11]: 11001011 -> cb
  Data[12]: 11100100 -> e4
  Data[13]: 01000101 -> 45
  Data[14]: 11111101 -> fd
  Data[15]: 10111110 -> be
  Data[16]: 01110010 -> 72
  Data[17]: 01010010 -> 52
  Data[18]: 11111011 -> fb
  Data[19]: 10100011 -> a3
  Data[20]: 10101000 -> a8
  Data[21]: 00000110 -> 06
  Data[22]: 00011100 -> 1c
  Data[23]: 10101010 -> aa
  Data[24]: 00001010 -> 0a
  Data[25]: 01011101 -> 5d

Address #284: 001011
RDWR Bit: 0
Stream Bit: 1
Stream Length: 27 (binary: 00011011)
  Data[0]: 00001000 -> 08
  Data[1]: 11111011 -> fb
  Data[2]: 10101001 -> a9
  Data[3]: 01010100 -> 54
  Data[4]: 11001100 -> cc
  Data[5]: 11001101 -> cd
  Data[6]: 11011010 -> da
  Data[7]: 00110101 -> 35
  Data[8]: 01100010 -> 62
  Data[9]: 11000101 -> c5
  Data[10]: 10100000 -> a0
  Data[11]: 11001110 -> ce
  Data[12]: 10100001 -> a1
  Data[13]: 10010111 -> 97
  Data[14]: 00001100 -> 0c
  Data[15]: 11110011 -> f3
  Data[16]: 11010000 -> d0
  Data[17]: 10010100 -> 94
  Data[18]: 11111010 -> fa
  Data[19]: 00111010 -> 3a
  Data[20]: 01010011 -> 53
  Data[21]: 00000111 -> 07
  Data[22]: 11010000 -> d0
  Data[23]: 11100001 -> e1
  Data[24]: 01110011 -> 73
  Data[25]: 00111111 -> 3f
  Data[26]: 01000111 -> 47

Address #299: 011100
RDWR Bit: 0
Stream Bit: 0
Exchange: 01010101

Address #300: 001011
RDWR Bit: 0
Stream Bit: 0
Exchange: 00110110

Address #301: 010111
RDWR Bit: 0
Stream Bit: 0
Exchange: 00110111

Address #302: 100111
RDWR Bit: 0
Stream Bit: 1
Stream Length: 20 (binary: 00010100)
  Data[0]: 11101100 -> ec
  Data[1]: 00101001 -> 29
  Data[2]: 10110101 -> b5
  Data[3]: 11111011 -> fb
  Data[4]: 10101100 -> ac
  Data[5]: 00001101 -> 0d
  Data[6]: 10110010 -> b2
  Data[7]: 10110110 -> b6
  Data[8]: 11001111 -> cf
  Data[9]: 00000001 -> 01
  Data[10]: 11010100 -> d4
  Data[11]: 11000101 -> c5
  Data[12]: 01001110 -> 4e
  Data[13]: 11111011 -> fb
  Data[14]: 01111011 -> 7b
  Data[15]: 01101011 -> 6b
  Data[16]: 10100101 -> a5
  Data[17]: 01110011 -> 73
  Data[18]: 10111101 -> bd
  Data[19]: 00011001 -> 19

Address #313: 100001
RDWR Bit: 1
Stream Bit: 1
Stream Length: 9 (binary: 00001001)
  Data[0]: 00111111 -> 3f
  Data[1]: 11100010 -> e2
  Data[2]: 10101101 -> ad
  Data[3]: 11110100 -> f4
  Data[4]: 00001111 -> 0f
  Data[5]: 11101011 -> eb
  Data[6]: 11110001 -> f1
  Data[7]: 00010111 -> 17
  Data[8]: 10110010 -> b2

Address #318: 000101
RDWR Bit: 1
Stream Bit: 1
Stream Length: 24 (binary: 00011000)
  Data[0]: 00011101 -> 1d
  Data[1]: 10101000 -> a8
  Data[2]: 11101010 -> ea
  Data[3]: 11100101 -> e5
  Data[4]: 11000010 -> c2
  Data[5]: 00001111 -> 0f
  Data[6]: 00010100 -> 14
  Data[7]: 10111111 -> bf
  Data[8]: 11001110 -> ce
  Data[9]: 01010110 -> 56
  Data[10]: 00101100 -> 2c
  Data[11]: 01110011 -> 73
  Data[12]: 11111111 -> ff
  Data[13]: 00001111 -> 0f
  Data[14]: 10101110 -> ae
  Data[15]: 11001110 -> ce
  Data[16]: 00011010 -> 1a
  Data[17]: 10010101 -> 95
  Data[18]: 11011000 -> d8
  Data[19]: 11001000 -> c8
  Data[20]: 00101101 -> 2d
  Data[21]: 01111101 -> 7d
  Data[22]: 10101000 -> a8
  Data[23]: 01001010 -> 4a

Address #331: 000101
RDWR Bit: 0
Stream Bit: 0
Exchange: 01001101

Address #332: 101111
RDWR Bit: 1
Stream Bit: 1
Stream Length: 30 (binary: 00011110)
  Data[0]: 10011110 -> 9e
  Data[1]: 00110110 -> 36
  Data[2]: 00101100 -> 2c
  Data[3]: 00110011 -> 33
  Data[4]: 11011111 -> df
  Data[5]: 01110011 -> 73
  Data[6]: 10001011 -> 8b
  Data[7]: 01010101 -> 55
  Data[8]: 00001011 -> 0b
  Data[9]: 00000000 -> 00
  Data[10]: 11010000 -> d0
  Data[11]: 10101111 -> af
  Data[12]: 01101001 -> 69
  Data[13]: 11100010 -> e2
  Data[14]: 01000000 -> 40
  Data[15]: 11110010 -> f2
  Data[16]: 11000011 -> c3
  Data[17]: 10110001 -> b1
  Data[18]: 00000000 -> 00
  Data[19]: 11111000 -> f8
  Data[20]: 01111000 -> 78
  Data[21]: 01110010 -> 72
  Data[22]: 11110011 -> f3
  Data[23]: 11011100 -> dc
  Data[24]: 01001101 -> 4d
  Data[25]: 00001011 -> 0b
  Data[26]: 00001110 -> 0e
  Data[27]: 01101111 -> 6f
  Data[28]: 01110100 -> 74
  Data[29]: 01111110 -> 7e

Address #348: 110101
RDWR Bit: 0
Stream Bit: 1
Stream Length: 19 (binary: 00010011)
  Data[0]: 01100011 -> 63
  Data[1]: 11101001 -> e9
  Data[2]: 11101000 -> e8
  Data[3]: 10110011 -> b3
  Data[4]: 10000111 -> 87
  Data[5]: 01101111 -> 6f
  Data[6]: 10011101 -> 9d
  Data[7]: 10011110 -> 9e
  Data[8]: 11010001 -> d1
  Data[9]: 10001100 -> 8c
  Data[10]: 01011110 -> 5e
  Data[11]: 01110100 -> 74
  Data[12]: 11001001 -> c9
  Data[13]: 10010100 -> 94
  Data[14]: 01001011 -> 4b
  Data[15]: 00111110 -> 3e
  Data[16]: 10111001 -> b9
  Data[17]: 00100110 -> 26
  Data[18]: 10010110 -> 96
