Read a waves file with 6 signals and 12275 samples...
Input has these signals:
	* sclk (1 bits)
	* mosi (1 bits)
	* miso (1 bits)
	* ss (1 bits)
	* cpol (1 bits)
	* cpha (1 bits)

Address #1: 111001
RDWR Bit: 0
Stream Bit: 1
Stream Length: 23 (binary: 00010111)
  Data[0]: 11011111 -> df
  Data[1]: 01110110 -> 76
  Data[2]: 11011101 -> dd
  Data[3]: 10101110 -> ae
  Data[4]: 01001110 -> 4e
  Data[5]: 01010110 -> 56
  Data[6]: 00110011 -> 33
  Data[7]: 01100110 -> 66
  Data[8]: 11101000 -> e8
  Data[9]: 10011110 -> 9e
  Data[10]: 01010111 -> 57
  Data[11]: 10010010 -> 92
  Data[12]: 11011111 -> df
  Data[13]: 11110111 -> f7
  Data[14]: 00011001 -> 19
  Data[15]: 01001100 -> 4c
  Data[16]: 01111001 -> 79
  Data[17]: 11100100 -> e4
  Data[18]: 01010011 -> 53
  Data[19]: 10010001 -> 91
  Data[20]: 11000100 -> c4
  Data[21]: 11101000 -> e8
  Data[22]: 01101011 -> 6b

Address #13: 101011
RDWR Bit: 1
Stream Bit: 0
Exchange: 00101000

Address #14: 010101
RDWR Bit: 0
Stream Bit: 0
Exchange: 00100001

Address #15: 000110
RDWR Bit: 1
Stream Bit: 1
Stream Length: 15 (binary: 00001111)
  Data[0]: 11011010 -> da
  Data[1]: 01000100 -> 44
  Data[2]: 10011001 -> 99
  Data[3]: 01001110 -> 4e
  Data[4]: 01011101 -> 5d
  Data[5]: 01011001 -> 59
  Data[6]: 00100111 -> 27
  Data[7]: 00101011 -> 2b
  Data[8]: 11001010 -> ca
  Data[9]: 00101110 -> 2e
  Data[10]: 00011110 -> 1e
  Data[11]: 11000111 -> c7
  Data[12]: 11011110 -> de
  Data[13]: 01101001 -> 69
  Data[14]: 00001110 -> 0e

Address #24: 011110
RDWR Bit: 0
Stream Bit: 1
Stream Length: 30 (binary: 00011110)
  Data[0]: 11110110 -> f6
  Data[1]: 10111011 -> bb
  Data[2]: 10001101 -> 8d
  Data[3]: 11000111 -> c7
  Data[4]: 11011101 -> dd
  Data[5]: 10111010 -> ba
  Data[6]: 00000000 -> 00
  Data[7]: 01111011 -> 7b
  Data[8]: 00011010 -> 1a
  Data[9]: 01001010 -> 4a
  Data[10]: 00001001 -> 09
  Data[11]: 11100110 -> e6
  Data[12]: 11010010 -> d2
  Data[13]: 00000010 -> 02
  Data[14]: 00100110 -> 26
  Data[15]: 01110011 -> 73
  Data[16]: 11011010 -> da
  Data[17]: 00001010 -> 0a
  Data[18]: 00000011 -> 03
  Data[19]: 11110110 -> f6
  Data[20]: 11011110 -> de
  Data[21]: 11101100 -> ec
  Data[22]: 01101010 -> 6a
  Data[23]: 00010111 -> 17
  Data[24]: 10010000 -> 90
  Data[25]: 00111000 -> 38
  Data[26]: 11110101 -> f5
  Data[27]: 01110011 -> 73
  Data[28]: 00110110 -> 36
  Data[29]: 10011100 -> 9c

Address #40: 101000
RDWR Bit: 1
Stream Bit: 0
Exchange: 00101001

Address #41: 010001
RDWR Bit: 1
Stream Bit: 1
Stream Length: 20 (binary: 00010100)
  Data[0]: 11010111 -> d7
  Data[1]: 01000101 -> 45
  Data[2]: 10001000 -> 88
  Data[3]: 00010101 -> 15
  Data[4]: 11011111 -> df
  Data[5]: 11111010 -> fa
  Data[6]: 00000101 -> 05
  Data[7]: 01101010 -> 6a
  Data[8]: 11101001 -> e9
  Data[9]: 00000100 -> 04
  Data[10]: 01101000 -> 68
  Data[11]: 00010110 -> 16
  Data[12]: 00110010 -> 32
  Data[13]: 01010111 -> 57
  Data[14]: 00111111 -> 3f
  Data[15]: 11000111 -> c7
  Data[16]: 01001100 -> 4c
  Data[17]: 11001010 -> ca
  Data[18]: 11110000 -> f0
  Data[19]: 11100010 -> e2

Address #52: 001011
RDWR Bit: 1
Stream Bit: 1
Stream Length: 31 (binary: 00011111)
  Data[0]: 00000101 -> 05
  Data[1]: 10001110 -> 8e
  Data[2]: 10011000 -> 98
  Data[3]: 00111011 -> 3b
  Data[4]: 01001111 -> 4f
  Data[5]: 10001101 -> 8d
  Data[6]: 10101100 -> ac
  Data[7]: 10111001 -> b9
  Data[8]: 01101111 -> 6f
  Data[9]: 11101111 -> ef
  Data[10]: 01010110 -> 56
  Data[11]: 01011100 -> 5c
  Data[12]: 10001110 -> 8e
  Data[13]: 01001101 -> 4d
  Data[14]: 11111110 -> fe
  Data[15]: 10010101 -> 95
  Data[16]: 10111011 -> bb
  Data[17]: 01110101 -> 75
  Data[18]: 00111010 -> 3a
  Data[19]: 10011001 -> 99
  Data[20]: 10011110 -> 9e
  Data[21]: 01101000 -> 68
  Data[22]: 00001000 -> 08
  Data[23]: 01001110 -> 4e
  Data[24]: 10101010 -> aa
  Data[25]: 00100100 -> 24
  Data[26]: 00000011 -> 03
  Data[27]: 01101100 -> 6c
  Data[28]: 01011110 -> 5e
  Data[29]: 10110010 -> b2
  Data[30]: 01011010 -> 5a

Address #68: 110101
RDWR Bit: 1
Stream Bit: 1
Stream Length: 24 (binary: 00011000)
  Data[0]: 11101001 -> e9
  Data[1]: 11111101 -> fd
  Data[2]: 11011111 -> df
  Data[3]: 11100000 -> e0
  Data[4]: 01010101 -> 55
  Data[5]: 01110100 -> 74
  Data[6]: 00101001 -> 29
  Data[7]: 10010111 -> 97
  Data[8]: 10100110 -> a6
  Data[9]: 10001110 -> 8e
  Data[10]: 01001111 -> 4f
  Data[11]: 10011001 -> 99
  Data[12]: 10011111 -> 9f
  Data[13]: 00000111 -> 07
  Data[14]: 01111001 -> 79
  Data[15]: 11000001 -> c1
  Data[16]: 11000101 -> c5
  Data[17]: 01111110 -> 7e
  Data[18]: 01001110 -> 4e
  Data[19]: 00111001 -> 39
  Data[20]: 00111000 -> 38
  Data[21]: 01100010 -> 62
  Data[22]: 00011111 -> 1f
  Data[23]: 00001100 -> 0c

Address #81: 001110
RDWR Bit: 0
Stream Bit: 0
Exchange: 11110000

Address #82: 010011
RDWR Bit: 1
Stream Bit: 0
Exchange: 01100000

Address #83: 011101
RDWR Bit: 1
Stream Bit: 0
Exchange: 00111001

Address #84: 010000
RDWR Bit: 1
Stream Bit: 1
Stream Length: 25 (binary: 00011001)
  Data[0]: 11110001 -> f1
  Data[1]: 01100000 -> 60
  Data[2]: 00011110 -> 1e
  Data[3]: 11101111 -> ef
  Data[4]: 00110001 -> 31
  Data[5]: 01010011 -> 53
  Data[6]: 01110100 -> 74
  Data[7]: 10001010 -> 8a
  Data[8]: 11110111 -> f7
  Data[9]: 01111101 -> 7d
  Data[10]: 11101100 -> ec
  Data[11]: 00100101 -> 25
  Data[12]: 01110100 -> 74
  Data[13]: 01000110 -> 46
  Data[14]: 11110011 -> f3
  Data[15]: 01011110 -> 5e
  Data[16]: 11010110 -> d6
  Data[17]: 10000001 -> 81
  Data[18]: 01100110 -> 66
  Data[19]: 01110100 -> 74
  Data[20]: 01000110 -> 46
  Data[21]: 10011010 -> 9a
  Data[22]: 10110101 -> b5
  Data[23]: 00011101 -> 1d
  Data[24]: 00000111 -> 07

Address #98: 110101
RDWR Bit: 0
Stream Bit: 0
Exchange: 01001011

Address #99: 010001
RDWR Bit: 1
Stream Bit: 0
Exchange: 01000111

Address #100: 111100
RDWR Bit: 1
Stream Bit: 1
Stream Length: 9 (binary: 00001001)
  Data[0]: 00110101 -> 35
  Data[1]: 01110000 -> 70
  Data[2]: 10001100 -> 8c
  Data[3]: 11001000 -> c8
  Data[4]: 11000100 -> c4
  Data[5]: 00011111 -> 1f
  Data[6]: 00101011 -> 2b
  Data[7]: 01010100 -> 54
  Data[8]: 11011101 -> dd

Address #105: 011111
RDWR Bit: 1
Stream Bit: 0
Exchange: 11111101

Address #106: 000101
RDWR Bit: 1
Stream Bit: 1
Stream Length: 24 (binary: 00011000)
  Data[0]: 10110100 -> b4
  Data[1]: 01010101 -> 55
  Data[2]: 11101101 -> ed
  Data[3]: 10001011 -> 8b
  Data[4]: 01110111 -> 77
  Data[5]: 01110011 -> 73
  Data[6]: 10111110 -> be
  Data[7]: 10100100 -> a4
  Data[8]: 00101010 -> 2a
  Data[9]: 01111111 -> 7f
  Data[10]: 01010010 -> 52
  Data[11]: 01011010 -> 5a
  Data[12]: 00001011 -> 0b
  Data[13]: 10010010 -> 92
  Data[14]: 00010011 -> 13
  Data[15]: 10111001 -> b9
  Data[16]: 10101101 -> ad
  Data[17]: 00101111 -> 2f
  Data[18]: 11000010 -> c2
  Data[19]: 00110111 -> 37
  Data[20]: 10001110 -> 8e
  Data[21]: 11001000 -> c8
  Data[22]: 00000100 -> 04
  Data[23]: 11011111 -> df

Address #119: 011001
RDWR Bit: 1
Stream Bit: 1
Stream Length: 27 (binary: 00011011)
  Data[0]: 00100001 -> 21
  Data[1]: 00001111 -> 0f
  Data[2]: 10101100 -> ac
  Data[3]: 00011001 -> 19
  Data[4]: 01001101 -> 4d
  Data[5]: 10110101 -> b5
  Data[6]: 10110000 -> b0
  Data[7]: 11010010 -> d2
  Data[8]: 11100110 -> e6
  Data[9]: 10110100 -> b4
  Data[10]: 10010110 -> 96
  Data[11]: 01001100 -> 4c
  Data[12]: 00000101 -> 05
  Data[13]: 10110111 -> b7
  Data[14]: 01100110 -> 66
  Data[15]: 00111001 -> 39
  Data[16]: 11001000 -> c8
  Data[17]: 01010111 -> 57
  Data[18]: 01111100 -> 7c
  Data[19]: 00101011 -> 2b
  Data[20]: 10011010 -> 9a
  Data[21]: 11111100 -> fc
  Data[22]: 01011101 -> 5d
  Data[23]: 00001101 -> 0d
  Data[24]: 11001111 -> cf
  Data[25]: 00011001 -> 19
  Data[26]: 11010101 -> d5

Address #134: 000011
RDWR Bit: 1
Stream Bit: 1
Stream Length: 7 (binary: 00000111)
  Data[0]: 10010010 -> 92
  Data[1]: 01000011 -> 43
  Data[2]: 10011111 -> 9f
  Data[3]: 00010011 -> 13
  Data[4]: 01110101 -> 75
  Data[5]: 00000100 -> 04
  Data[6]: 01000000 -> 40

Address #138: 010000
RDWR Bit: 0
Stream Bit: 1
Stream Length: 20 (binary: 00010100)
  Data[0]: 10000111 -> 87
  Data[1]: 00110010 -> 32
  Data[2]: 01110111 -> 77
  Data[3]: 00000011 -> 03
  Data[4]: 10100101 -> a5
  Data[5]: 00001101 -> 0d
  Data[6]: 11110000 -> f0
  Data[7]: 11101101 -> ed
  Data[8]: 11101001 -> e9
  Data[9]: 00101011 -> 2b
  Data[10]: 11000001 -> c1
  Data[11]: 10011011 -> 9b
  Data[12]: 00100111 -> 27
  Data[13]: 00000010 -> 02
  Data[14]: 00101100 -> 2c
  Data[15]: 10000101 -> 85
  Data[16]: 01011100 -> 5c
  Data[17]: 01001011 -> 4b
  Data[18]: 10000101 -> 85
  Data[19]: 11100001 -> e1

Address #149: 011001
RDWR Bit: 0
Stream Bit: 0
Exchange: 01001110

Address #150: 011010
RDWR Bit: 0
Stream Bit: 1
Stream Length: 28 (binary: 00011100)
  Data[0]: 11001000 -> c8
  Data[1]: 10111111 -> bf
  Data[2]: 00111001 -> 39
  Data[3]: 01010001 -> 51
  Data[4]: 11100100 -> e4
  Data[5]: 01110110 -> 76
  Data[6]: 10011101 -> 9d
  Data[7]: 11000101 -> c5
  Data[8]: 10000101 -> 85
  Data[9]: 10100001 -> a1
  Data[10]: 11000001 -> c1
  Data[11]: 01111000 -> 78
  Data[12]: 01111010 -> 7a
  Data[13]: 01101110 -> 6e
  Data[14]: 00000001 -> 01
  Data[15]: 01001111 -> 4f
  Data[16]: 11110101 -> f5
  Data[17]: 01001010 -> 4a
  Data[18]: 10000001 -> 81
  Data[19]: 11100110 -> e6
  Data[20]: 10101011 -> ab
  Data[21]: 00010111 -> 17
  Data[22]: 00110000 -> 30
  Data[23]: 00010111 -> 17
  Data[24]: 11011000 -> d8
  Data[25]: 01001100 -> 4c
  Data[26]: 11011101 -> dd
  Data[27]: 10011111 -> 9f

Address #165: 100011
RDWR Bit: 1
Stream Bit: 1
Stream Length: 14 (binary: 00001110)
  Data[0]: 00100010 -> 22
  Data[1]: 11011100 -> dc
  Data[2]: 00100001 -> 21
  Data[3]: 00010111 -> 17
  Data[4]: 10111101 -> bd
  Data[5]: 00101101 -> 2d
  Data[6]: 10011010 -> 9a
  Data[7]: 00000100 -> 04
  Data[8]: 01001001 -> 49
  Data[9]: 10000010 -> 82
  Data[10]: 11111000 -> f8
  Data[11]: 00000111 -> 07
  Data[12]: 11101000 -> e8
  Data[13]: 01011101 -> 5d

Address #173: 101001
RDWR Bit: 0
Stream Bit: 1
Stream Length: 10 (binary: 00001010)
  Data[0]: 10111101 -> bd
  Data[1]: 00101000 -> 28
  Data[2]: 10101011 -> ab
  Data[3]: 01111010 -> 7a
  Data[4]: 11111100 -> fc
  Data[5]: 10100010 -> a2
  Data[6]: 10000010 -> 82
  Data[7]: 00000101 -> 05
  Data[8]: 10110101 -> b5
  Data[9]: 11011110 -> de

Address #179: 110110
RDWR Bit: 0
Stream Bit: 0
Exchange: 10010110

Address #180: 010000
RDWR Bit: 0
Stream Bit: 1
Stream Length: 18 (binary: 00010010)
  Data[0]: 11000010 -> c2
  Data[1]: 11010010 -> d2
  Data[2]: 00101101 -> 2d
  Data[3]: 10111101 -> bd
  Data[4]: 01011100 -> 5c
  Data[5]: 10000101 -> 85
  Data[6]: 10110111 -> b7
  Data[7]: 01110101 -> 75
  Data[8]: 11100001 -> e1
  Data[9]: 11001111 -> cf
  Data[10]: 00011101 -> 1d
  Data[11]: 01100110 -> 66
  Data[12]: 01101011 -> 6b
  Data[13]: 00110111 -> 37
  Data[14]: 00011000 -> 18
  Data[15]: 10111000 -> b8
  Data[16]: 10100110 -> a6
  Data[17]: 10101110 -> ae

Address #190: 001101
RDWR Bit: 1
Stream Bit: 0
Exchange: 10100011

Address #191: 000110
RDWR Bit: 0
Stream Bit: 1
Stream Length: 25 (binary: 00011001)
  Data[0]: 11101111 -> ef
  Data[1]: 11001111 -> cf
  Data[2]: 11101001 -> e9
  Data[3]: 01010101 -> 55
  Data[4]: 11010101 -> d5
  Data[5]: 10111101 -> bd
  Data[6]: 01100010 -> 62
  Data[7]: 10011000 -> 98
  Data[8]: 01101101 -> 6d
  Data[9]: 01101010 -> 6a
  Data[10]: 11010111 -> d7
  Data[11]: 11101000 -> e8
  Data[12]: 11001010 -> ca
  Data[13]: 10111010 -> ba
  Data[14]: 11010110 -> d6
  Data[15]: 00000011 -> 03
  Data[16]: 11001111 -> cf
  Data[17]: 00101101 -> 2d
  Data[18]: 01111011 -> 7b
  Data[19]: 00110000 -> 30
  Data[20]: 10111100 -> bc
  Data[21]: 10101001 -> a9
  Data[22]: 00011000 -> 18
  Data[23]: 10100000 -> a0
  Data[24]: 11111011 -> fb

Address #205: 100000
RDWR Bit: 1
Stream Bit: 1
Stream Length: 4 (binary: 00000100)
  Data[0]: 11011110 -> de
  Data[1]: 10111110 -> be
  Data[2]: 11001111 -> cf
  Data[3]: 01010110 -> 56

Address #208: 001000
RDWR Bit: 1
Stream Bit: 1
Stream Length: 22 (binary: 00010110)
  Data[0]: 10001101 -> 8d
  Data[1]: 10011110 -> 9e
  Data[2]: 01101011 -> 6b
  Data[3]: 10011000 -> 98
  Data[4]: 00000100 -> 04
  Data[5]: 01111100 -> 7c
  Data[6]: 01100001 -> 61
  Data[7]: 01000011 -> 43
  Data[8]: 11110100 -> f4
  Data[9]: 00010000 -> 10
  Data[10]: 01000111 -> 47
  Data[11]: 00010100 -> 14
  Data[12]: 10101010 -> aa
  Data[13]: 11100000 -> e0
  Data[14]: 11100111 -> e7
  Data[15]: 01011010 -> 5a
  Data[16]: 01110110 -> 76
  Data[17]: 10101000 -> a8
  Data[18]: 11001011 -> cb
  Data[19]: 10100001 -> a1
  Data[20]: 10101100 -> ac
  Data[21]: 01011101 -> 5d

Address #220: 100011
RDWR Bit: 1
Stream Bit: 1
Stream Length: 2 (binary: 00000010)
  Data[0]: 01101010 -> 6a
  Data[1]: 10011010 -> 9a

Address #222: 011011
RDWR Bit: 0
Stream Bit: 0
Exchange: 11100010

Address #223: 101101
RDWR Bit: 0
Stream Bit: 1
Stream Length: 15 (binary: 00001111)
  Data[0]: 10001011 -> 8b
  Data[1]: 11110110 -> f6
  Data[2]: 00010101 -> 15
  Data[3]: 01001111 -> 4f
  Data[4]: 11001001 -> c9
  Data[5]: 10110111 -> b7
  Data[6]: 00110011 -> 33
  Data[7]: 00011110 -> 1e
  Data[8]: 11010100 -> d4
  Data[9]: 01001101 -> 4d
  Data[10]: 01011110 -> 5e
  Data[11]: 01000110 -> 46
  Data[12]: 11010110 -> d6
  Data[13]: 01000101 -> 45
  Data[14]: 01110001 -> 71

Address #231: 011011
RDWR Bit: 1
Stream Bit: 0
Exchange: 10001110

Address #232: 110010
RDWR Bit: 1
Stream Bit: 0
Exchange: 01100110

Address #233: 110101
RDWR Bit: 0
Stream Bit: 0
Exchange: 11111111

Address #234: 110010
RDWR Bit: 0
Stream Bit: 1
Stream Length: 9 (binary: 00001001)
  Data[0]: 10011100 -> 9c
  Data[1]: 10101110 -> ae
  Data[2]: 11000111 -> c7
  Data[3]: 11111000 -> f8
  Data[4]: 00010000 -> 10
  Data[5]: 01101110 -> 6e
  Data[6]: 11000001 -> c1
  Data[7]: 00110000 -> 30
  Data[8]: 00111100 -> 3c

Address #240: 100000
RDWR Bit: 1
Stream Bit: 1
Stream Length: 19 (binary: 00010011)
  Data[0]: 10010101 -> 95
  Data[1]: 11010110 -> d6
  Data[2]: 00011000 -> 18
  Data[3]: 10011000 -> 98
  Data[4]: 00110101 -> 35
  Data[5]: 10001101 -> 8d
  Data[6]: 11001011 -> cb
  Data[7]: 00010000 -> 10
  Data[8]: 01110111 -> 77
  Data[9]: 01010010 -> 52
  Data[10]: 00111010 -> 3a
  Data[11]: 00110000 -> 30
  Data[12]: 11010000 -> d0
  Data[13]: 10111011 -> bb
  Data[14]: 10101100 -> ac
  Data[15]: 10100100 -> a4
  Data[16]: 10101110 -> ae
  Data[17]: 01101110 -> 6e
  Data[18]: 10010110 -> 96

Address #250: 000111
RDWR Bit: 0
Stream Bit: 0
Exchange: 01001011

Address #251: 110001
RDWR Bit: 0
Stream Bit: 0
Exchange: 00101101

Address #252: 010000
RDWR Bit: 1
Stream Bit: 1
Stream Length: 6 (binary: 00000110)
  Data[0]: 10000000 -> 80
  Data[1]: 00000101 -> 05
  Data[2]: 11111111 -> ff
  Data[3]: 11101101 -> ed
  Data[4]: 11101011 -> eb
  Data[5]: 00011001 -> 19

Address #256: 111110
RDWR Bit: 1
Stream Bit: 1
Stream Length: 17 (binary: 00010001)
  Data[0]: 11001101 -> cd
  Data[1]: 01011010 -> 5a
  Data[2]: 00101111 -> 2f
  Data[3]: 10110101 -> b5
  Data[4]: 01010011 -> 53
  Data[5]: 11000100 -> c4
  Data[6]: 11010010 -> d2
  Data[7]: 10110010 -> b2
  Data[8]: 10110111 -> b7
  Data[9]: 00001100 -> 0c
  Data[10]: 11011110 -> de
  Data[11]: 10000000 -> 80
  Data[12]: 10000001 -> 81
  Data[13]: 00110000 -> 30
  Data[14]: 10110101 -> b5
  Data[15]: 11001010 -> ca
  Data[16]: 01101110 -> 6e

Address #266: 100111
RDWR Bit: 0
Stream Bit: 1
Stream Length: 11 (binary: 00001011)
  Data[0]: 00011111 -> 1f
  Data[1]: 11101000 -> e8
  Data[2]: 01011110 -> 5e
  Data[3]: 10110110 -> b6
  Data[4]: 00110101 -> 35
  Data[5]: 11011110 -> de
  Data[6]: 01100001 -> 61
  Data[7]: 00110100 -> 34
  Data[8]: 01101010 -> 6a
  Data[9]: 01000100 -> 44
  Data[10]: 00000100 -> 04

Address #272: 011000
RDWR Bit: 0
Stream Bit: 1
Stream Length: 23 (binary: 00010111)
  Data[0]: 01101000 -> 68
  Data[1]: 10000110 -> 86
  Data[2]: 01101111 -> 6f
  Data[3]: 00000001 -> 01
  Data[4]: 11011100 -> dc
  Data[5]: 10000100 -> 84
  Data[6]: 00000111 -> 07
  Data[7]: 10010111 -> 97
  Data[8]: 11001010 -> ca
  Data[9]: 00000000 -> 00
  Data[10]: 11101111 -> ef
  Data[11]: 00010001 -> 11
  Data[12]: 10101110 -> ae
  Data[13]: 00100111 -> 27
  Data[14]: 00000111 -> 07
  Data[15]: 00001111 -> 0f
  Data[16]: 11011011 -> db
  Data[17]: 01100010 -> 62
  Data[18]: 10001010 -> 8a
  Data[19]: 10011101 -> 9d
  Data[20]: 11110011 -> f3
  Data[21]: 01010101 -> 55
  Data[22]: 01111000 -> 78

Address #285: 010010
RDWR Bit: 1
Stream Bit: 0
Exchange: 01101110

Address #286: 000010
RDWR Bit: 0
Stream Bit: 0
Exchange: 01011011

Address #287: 011110
RDWR Bit: 0
Stream Bit: 1
Stream Length: 11 (binary: 00001011)
  Data[0]: 11000000 -> c0
  Data[1]: 00001011 -> 0b
  Data[2]: 00011101 -> 1d
  Data[3]: 01101100 -> 6c
  Data[4]: 10111001 -> b9
  Data[5]: 11100111 -> e7
  Data[6]: 00110000 -> 30
  Data[7]: 01000111 -> 47
  Data[8]: 01001100 -> 4c
  Data[9]: 01100010 -> 62
  Data[10]: 00011010 -> 1a

Address #293: 101010
RDWR Bit: 0
Stream Bit: 1
Stream Length: 13 (binary: 00001101)
  Data[0]: 11101010 -> ea
  Data[1]: 10010100 -> 94
  Data[2]: 01010110 -> 56
  Data[3]: 11110111 -> f7
  Data[4]: 01010001 -> 51
  Data[5]: 10111110 -> be
  Data[6]: 01010011 -> 53
  Data[7]: 11010011 -> d3
  Data[8]: 11100000 -> e0
  Data[9]: 01001101 -> 4d
  Data[10]: 11011101 -> dd
  Data[11]: 01011100 -> 5c
  Data[12]: 00110110 -> 36

Address #301: 111100
RDWR Bit: 1
Stream Bit: 1
Stream Length: 31 (binary: 00011111)
  Data[0]: 10001001 -> 89
  Data[1]: 10101100 -> ac
  Data[2]: 11110010 -> f2
  Data[3]: 10101110 -> ae
  Data[4]: 10010001 -> 91
  Data[5]: 10001111 -> 8f
  Data[6]: 10110101 -> b5
  Data[7]: 11100010 -> e2
  Data[8]: 01100101 -> 65
  Data[9]: 00110110 -> 36
  Data[10]: 01110111 -> 77
  Data[11]: 11001111 -> cf
  Data[12]: 00101101 -> 2d
  Data[13]: 11101100 -> ec
  Data[14]: 11110101 -> f5
  Data[15]: 10001101 -> 8d
  Data[16]: 00100100 -> 24
  Data[17]: 10000001 -> 81
  Data[18]: 10000000 -> 80
  Data[19]: 00100001 -> 21
  Data[20]: 00001101 -> 0d
  Data[21]: 00111011 -> 3b
  Data[22]: 00010010 -> 12
  Data[23]: 01011011 -> 5b
  Data[24]: 10000101 -> 85
  Data[25]: 00010110 -> 16
  Data[26]: 10011001 -> 99
  Data[27]: 01100000 -> 60
  Data[28]: 01001100 -> 4c
  Data[29]: 10011100 -> 9c
  Data[30]: 01011010 -> 5a

Address #317: 000001
RDWR Bit: 1
Stream Bit: 1
Stream Length: 21 (binary: 00010101)
  Data[0]: 10110111 -> b7
  Data[1]: 01111001 -> 79
  Data[2]: 11111111 -> ff
  Data[3]: 01011110 -> 5e
  Data[4]: 11101010 -> ea
  Data[5]: 10101111 -> af
  Data[6]: 10000111 -> 87
  Data[7]: 01001000 -> 48
  Data[8]: 11111110 -> fe
  Data[9]: 10010101 -> 95
  Data[10]: 00101010 -> 2a
  Data[11]: 01111000 -> 78
  Data[12]: 01010101 -> 55
  Data[13]: 01001111 -> 4f
  Data[14]: 01100000 -> 60
  Data[15]: 11001010 -> ca
  Data[16]: 00000001 -> 01
  Data[17]: 10001011 -> 8b
  Data[18]: 01110011 -> 73
  Data[19]: 10010011 -> 93
  Data[20]: 10101001 -> a9

Address #329: 100100
RDWR Bit: 1
Stream Bit: 1
Stream Length: 15 (binary: 00001111)
  Data[0]: 11111010 -> fa
  Data[1]: 00011111 -> 1f
  Data[2]: 00100000 -> 20
  Data[3]: 11101100 -> ec
  Data[4]: 11001011 -> cb
  Data[5]: 10001000 -> 88
  Data[6]: 01101110 -> 6e
  Data[7]: 01101100 -> 6c
  Data[8]: 01001001 -> 49
  Data[9]: 01000000 -> 40
  Data[10]: 10000110 -> 86
  Data[11]: 11011010 -> da
  Data[12]: 00100000 -> 20
  Data[13]: 10011111 -> 9f
  Data[14]: 00101111 -> 2f

Address #337: 110001
RDWR Bit: 0
Stream Bit: 0
Exchange: 11011010

Address #338: 010011
RDWR Bit: 1
Stream Bit: 0
Exchange: 11011110

Address #339: 110110
RDWR Bit: 1
Stream Bit: 1
Stream Length: 8 (binary: 00001000)
  Data[0]: 01001111 -> 4f
  Data[1]: 11010000 -> d0
  Data[2]: 11100011 -> e3
  Data[3]: 11111101 -> fd
  Data[4]: 11001110 -> ce
  Data[5]: 11110101 -> f5
  Data[6]: 10000100 -> 84
  Data[7]: 00100101 -> 25

Address #344: 011100
RDWR Bit: 0
Stream Bit: 0
Exchange: 11100101

Address #345: 110010
RDWR Bit: 1
Stream Bit: 1
Stream Length: 20 (binary: 00010100)
  Data[0]: 01011101 -> 5d
  Data[1]: 01011111 -> 5f
  Data[2]: 11011000 -> d8
  Data[3]: 01101010 -> 6a
  Data[4]: 11101001 -> e9
  Data[5]: 00110101 -> 35
  Data[6]: 00101011 -> 2b
  Data[7]: 10111101 -> bd
  Data[8]: 11101100 -> ec
  Data[9]: 00010100 -> 14
  Data[10]: 00011000 -> 18
  Data[11]: 01111110 -> 7e
  Data[12]: 01110001 -> 71
  Data[13]: 11100010 -> e2
  Data[14]: 01000000 -> 40
  Data[15]: 11010100 -> d4
  Data[16]: 10101010 -> aa
  Data[17]: 00010100 -> 14
  Data[18]: 00010100 -> 14
  Data[19]: 10110100 -> b4

Address #356: 000000
RDWR Bit: 0
Stream Bit: 0
Exchange: 11101101

Address #357: 101000
RDWR Bit: 0
Stream Bit: 1
Stream Length: 3 (binary: 00000011)
  Data[0]: 00001110 -> 0e
  Data[1]: 11100110 -> e6
  Data[2]: 00010111 -> 17

Address #360: 011000
RDWR Bit: 1
Stream Bit: 1
Stream Length: 26 (binary: 00011010)
  Data[0]: 10100111 -> a7
  Data[1]: 11100101 -> e5
  Data[2]: 10110100 -> b4
  Data[3]: 01110010 -> 72
  Data[4]: 10100000 -> a0
  Data[5]: 11110011 -> f3
  Data[6]: 01111011 -> 7b
  Data[7]: 00100010 -> 22
  Data[8]: 10001000 -> 88
  Data[9]: 00110111 -> 37
  Data[10]: 11101110 -> ee
  Data[11]: 11101010 -> ea
  Data[12]: 01000101 -> 45
  Data[13]: 11110110 -> f6
  Data[14]: 11000011 -> c3
  Data[15]: 10010100 -> 94
  Data[16]: 00000010 -> 02
  Data[17]: 00000001 -> 01
  Data[18]: 00100010 -> 22
  Data[19]: 11001000 -> c8
  Data[20]: 00010100 -> 14
  Data[21]: 00001100 -> 0c
  Data[22]: 01111000 -> 78
  Data[23]: 11011011 -> db
  Data[24]: 01111111 -> 7f
  Data[25]: 00011110 -> 1e

Address #374: 101000
RDWR Bit: 1
Stream Bit: 0
Exchange: 11000101

Address #375: 110010
RDWR Bit: 1
Stream Bit: 0
Exchange: 00111001

Address #376: 101100
RDWR Bit: 0
Stream Bit: 1
Stream Length: 1 (binary: 00000001)
  Data[0]: 00011000 -> 18

Address #377: 101001
RDWR Bit: 0
Stream Bit: 0
Exchange: 10010010
