Read a waves file with 6 signals and 7811 samples...
Input has these signals:
	* sclk (1 bits)
	* mosi (1 bits)
	* miso (1 bits)
	* ss (1 bits)
	* cpol (1 bits)
	* cpha (1 bits)

Address #1: 011101
RDWR Bit: 1
Stream Bit: 1
Stream Length: 24 (binary: 00011000)
  Data[0]: 11010010 -> d2
  Data[1]: 10011000 -> 98
  Data[2]: 00000001 -> 01
  Data[3]: 11011011 -> db
  Data[4]: 01011010 -> 5a
  Data[5]: 00101000 -> 28
  Data[6]: 10100110 -> a6
  Data[7]: 10011100 -> 9c
  Data[8]: 10100010 -> a2
  Data[9]: 01001000 -> 48
  Data[10]: 01101111 -> 6f
  Data[11]: 01100000 -> 60
  Data[12]: 10011111 -> 9f
  Data[13]: 00100000 -> 20
  Data[14]: 01100100 -> 64
  Data[15]: 11010101 -> d5
  Data[16]: 10101010 -> aa
  Data[17]: 11111000 -> f8
  Data[18]: 00111110 -> 3e
  Data[19]: 10011101 -> 9d
  Data[20]: 01100110 -> 66
  Data[21]: 01101010 -> 6a
  Data[22]: 01101100 -> 6c
  Data[23]: 10101110 -> ae

Address #14: 011011
RDWR Bit: 1
Stream Bit: 1
Stream Length: 2 (binary: 00000010)
  Data[0]: 00000000 -> 00
  Data[1]: 00010000 -> 10

Address #16: 110000
RDWR Bit: 0
Stream Bit: 0
Exchange: 10001101

Address #17: 001111
RDWR Bit: 0
Stream Bit: 0
Exchange: 01011110

Address #18: 100100
RDWR Bit: 0
Stream Bit: 1
Stream Length: 14 (binary: 00001110)
  Data[0]: 00110010 -> 32
  Data[1]: 11110111 -> f7
  Data[2]: 00011010 -> 1a
  Data[3]: 11111111 -> ff
  Data[4]: 11111101 -> fd
  Data[5]: 11110101 -> f5
  Data[6]: 01111110 -> 7e
  Data[7]: 10101110 -> ae
  Data[8]: 10000010 -> 82
  Data[9]: 01111011 -> 7b
  Data[10]: 00111011 -> 3b
  Data[11]: 11111111 -> ff
  Data[12]: 10101000 -> a8
  Data[13]: 01000100 -> 44

Address #26: 000010
RDWR Bit: 0
Stream Bit: 0
Exchange: 10001101

Address #27: 111101
RDWR Bit: 1
Stream Bit: 1
Stream Length: 4 (binary: 00000100)
  Data[0]: 00010001 -> 11
  Data[1]: 11001000 -> c8
  Data[2]: 00111001 -> 39
  Data[3]: 10100100 -> a4

Address #30: 011101
RDWR Bit: 1
Stream Bit: 1
Stream Length: 4 (binary: 00000100)
  Data[0]: 00010100 -> 14
  Data[1]: 01110011 -> 73
  Data[2]: 10100100 -> a4
  Data[3]: 00010101 -> 15

Address #33: 010111
RDWR Bit: 0
Stream Bit: 0
Exchange: 10011001

Address #34: 011110
RDWR Bit: 0
Stream Bit: 0
Exchange: 01000110

Address #35: 101100
RDWR Bit: 1
Stream Bit: 1
Stream Length: 29 (binary: 00011101)
  Data[0]: 01100110 -> 66
  Data[1]: 11111100 -> fc
  Data[2]: 00101111 -> 2f
  Data[3]: 11111101 -> fd
  Data[4]: 10111011 -> bb
  Data[5]: 00010001 -> 11
  Data[6]: 11010001 -> d1
  Data[7]: 10111110 -> be
  Data[8]: 11100101 -> e5
  Data[9]: 00101010 -> 2a
  Data[10]: 01011101 -> 5d
  Data[11]: 01110111 -> 77
  Data[12]: 11000111 -> c7
  Data[13]: 10110111 -> b7
  Data[14]: 01010100 -> 54
  Data[15]: 10111011 -> bb
  Data[16]: 00100100 -> 24
  Data[17]: 11111001 -> f9
  Data[18]: 11111101 -> fd
  Data[19]: 10010001 -> 91
  Data[20]: 00101010 -> 2a
  Data[21]: 00111111 -> 3f
  Data[22]: 00011011 -> 1b
  Data[23]: 10111101 -> bd
  Data[24]: 01001010 -> 4a
  Data[25]: 11011111 -> df
  Data[26]: 00111110 -> 3e
  Data[27]: 00010001 -> 11
  Data[28]: 01101000 -> 68

Address #50: 110010
RDWR Bit: 0
Stream Bit: 0
Exchange: 01011101

Address #51: 010011
RDWR Bit: 1
Stream Bit: 0
Exchange: 11010111

Address #52: 110111
RDWR Bit: 0
Stream Bit: 0
Exchange: 10111001

Address #53: 000100
RDWR Bit: 1
Stream Bit: 1
Stream Length: 7 (binary: 00000111)
  Data[0]: 01000100 -> 44
  Data[1]: 11110100 -> f4
  Data[2]: 01101111 -> 6f
  Data[3]: 11110111 -> f7
  Data[4]: 01010111 -> 57
  Data[5]: 01011101 -> 5d
  Data[6]: 01010001 -> 51

Address #58: 101101
RDWR Bit: 1
Stream Bit: 1
Stream Length: 15 (binary: 00001111)
  Data[0]: 11011001 -> d9
  Data[1]: 01101010 -> 6a
  Data[2]: 11100000 -> e0
  Data[3]: 10010010 -> 92
  Data[4]: 11101001 -> e9
  Data[5]: 00100011 -> 23
  Data[6]: 01011011 -> 5b
  Data[7]: 11110000 -> f0
  Data[8]: 01011011 -> 5b
  Data[9]: 00000110 -> 06
  Data[10]: 11011100 -> dc
  Data[11]: 00000100 -> 04
  Data[12]: 10110010 -> b2
  Data[13]: 01111010 -> 7a
  Data[14]: 00111011 -> 3b

Address #66: 001010
RDWR Bit: 0
Stream Bit: 1
Stream Length: 15 (binary: 00001111)
  Data[0]: 10100011 -> a3
  Data[1]: 11011111 -> df
  Data[2]: 10111001 -> b9
  Data[3]: 10111000 -> b8
  Data[4]: 01000101 -> 45
  Data[5]: 01111110 -> 7e
  Data[6]: 00100110 -> 26
  Data[7]: 10111011 -> bb
  Data[8]: 10001111 -> 8f
  Data[9]: 01000110 -> 46
  Data[10]: 01101110 -> 6e
  Data[11]: 01100111 -> 67
  Data[12]: 01000110 -> 46
  Data[13]: 11000011 -> c3
  Data[14]: 10100110 -> a6

Address #75: 011110
RDWR Bit: 1
Stream Bit: 0
Exchange: 00101100

Address #76: 101010
RDWR Bit: 0
Stream Bit: 0
Exchange: 00111011

Address #77: 001111
RDWR Bit: 0
Stream Bit: 0
Exchange: 01111110

Address #78: 100011
RDWR Bit: 0
Stream Bit: 1
Stream Length: 6 (binary: 00000110)
  Data[0]: 10000111 -> 87
  Data[1]: 00110100 -> 34
  Data[2]: 10011100 -> 9c
  Data[3]: 00110011 -> 33
  Data[4]: 10000110 -> 86
  Data[5]: 00100000 -> 20

Address #82: 110000
RDWR Bit: 1
Stream Bit: 0
Exchange: 10000001

Address #83: 111101
RDWR Bit: 0
Stream Bit: 1
Stream Length: 1 (binary: 00000001)
  Data[0]: 01000010 -> 42

Address #84: 110111
RDWR Bit: 0
Stream Bit: 0
Exchange: 11101010

Address #85: 100010
RDWR Bit: 1
Stream Bit: 0
Exchange: 11111010

Address #86: 011110
RDWR Bit: 0
Stream Bit: 0
Exchange: 01100111

Address #87: 011011
RDWR Bit: 0
Stream Bit: 1
Stream Length: 19 (binary: 00010011)
  Data[0]: 01111101 -> 7d
  Data[1]: 11011101 -> dd
  Data[2]: 10111000 -> b8
  Data[3]: 01100000 -> 60
  Data[4]: 11011000 -> d8
  Data[5]: 00000000 -> 00
  Data[6]: 01011000 -> 58
  Data[7]: 10000100 -> 84
  Data[8]: 01001101 -> 4d
  Data[9]: 00000011 -> 03
  Data[10]: 11000010 -> c2
  Data[11]: 10100000 -> a0
  Data[12]: 10010001 -> 91
  Data[13]: 01011111 -> 5f
  Data[14]: 10101110 -> ae
  Data[15]: 00001011 -> 0b
  Data[16]: 01111100 -> 7c
  Data[17]: 10011001 -> 99
  Data[18]: 01000000 -> 40

Address #98: 011000
RDWR Bit: 1
Stream Bit: 1
Stream Length: 21 (binary: 00010101)
  Data[0]: 01110010 -> 72
  Data[1]: 00100100 -> 24
  Data[2]: 00000010 -> 02
  Data[3]: 10010000 -> 90
  Data[4]: 10111101 -> bd
  Data[5]: 01111001 -> 79
  Data[6]: 00110110 -> 36
  Data[7]: 01010001 -> 51
  Data[8]: 01110011 -> 73
  Data[9]: 01010011 -> 53
  Data[10]: 00101100 -> 2c
  Data[11]: 00101111 -> 2f
  Data[12]: 11000001 -> c1
  Data[13]: 01001110 -> 4e
  Data[14]: 10010011 -> 93
  Data[15]: 10111111 -> bf
  Data[16]: 10000111 -> 87
  Data[17]: 10010000 -> 90
  Data[18]: 01110110 -> 76
  Data[19]: 01011110 -> 5e
  Data[20]: 11011110 -> de

Address #109: 100110
RDWR Bit: 1
Stream Bit: 1
Stream Length: 8 (binary: 00001000)
  Data[0]: 11010010 -> d2
  Data[1]: 01111001 -> 79
  Data[2]: 01111010 -> 7a
  Data[3]: 01000101 -> 45
  Data[4]: 11001011 -> cb
  Data[5]: 01010111 -> 57
  Data[6]: 11011001 -> d9
  Data[7]: 11101010 -> ea

Address #114: 000111
RDWR Bit: 1
Stream Bit: 1
Stream Length: 6 (binary: 00000110)
  Data[0]: 00111011 -> 3b
  Data[1]: 00011001 -> 19
  Data[2]: 00100101 -> 25
  Data[3]: 00110100 -> 34
  Data[4]: 00110110 -> 36
  Data[5]: 11000111 -> c7

Address #118: 000100
RDWR Bit: 1
Stream Bit: 0
Exchange: 10111000

Address #119: 011100
RDWR Bit: 1
Stream Bit: 0
Exchange: 00110111

Address #120: 010010
RDWR Bit: 1
Stream Bit: 0
Exchange: 01000011

Address #121: 001111
RDWR Bit: 1
Stream Bit: 1
Stream Length: 11 (binary: 00001011)
  Data[0]: 11000010 -> c2
  Data[1]: 10110011 -> b3
  Data[2]: 00001110 -> 0e
  Data[3]: 10000110 -> 86
  Data[4]: 01010100 -> 54
  Data[5]: 00000111 -> 07
  Data[6]: 00110010 -> 32
  Data[7]: 11111011 -> fb
  Data[8]: 01011100 -> 5c
  Data[9]: 01100110 -> 66
  Data[10]: 01000010 -> 42

Address #128: 001110
RDWR Bit: 0
Stream Bit: 0
Exchange: 01111001

Address #129: 000101
RDWR Bit: 1
Stream Bit: 0
Exchange: 01100010

Address #130: 100000
RDWR Bit: 0
Stream Bit: 1
Stream Length: 20 (binary: 00010100)
  Data[0]: 01010011 -> 53
  Data[1]: 10101001 -> a9
  Data[2]: 00100101 -> 25
  Data[3]: 01110010 -> 72
  Data[4]: 11011100 -> dc
  Data[5]: 01111010 -> 7a
  Data[6]: 10010010 -> 92
  Data[7]: 10011110 -> 9e
  Data[8]: 01101100 -> 6c
  Data[9]: 00111110 -> 3e
  Data[10]: 01011011 -> 5b
  Data[11]: 01010010 -> 52
  Data[12]: 10011011 -> 9b
  Data[13]: 01010101 -> 55
  Data[14]: 10100001 -> a1
  Data[15]: 01010000 -> 50
  Data[16]: 00010010 -> 12
  Data[17]: 00100001 -> 21
  Data[18]: 11111111 -> ff
  Data[19]: 11100010 -> e2

Address #141: 101010
RDWR Bit: 0
Stream Bit: 0
Exchange: 10001101

Address #142: 010000
RDWR Bit: 1
Stream Bit: 1
Stream Length: 19 (binary: 00010011)
  Data[0]: 11110111 -> f7
  Data[1]: 11010000 -> d0
  Data[2]: 11100100 -> e4
  Data[3]: 11000000 -> c0
  Data[4]: 00101011 -> 2b
  Data[5]: 01111100 -> 7c
  Data[6]: 00011101 -> 1d
  Data[7]: 01000100 -> 44
  Data[8]: 01111001 -> 79
  Data[9]: 10100010 -> a2
  Data[10]: 11101000 -> e8
  Data[11]: 01000110 -> 46
  Data[12]: 00100010 -> 22
  Data[13]: 00110100 -> 34
  Data[14]: 00110101 -> 35
  Data[15]: 00001001 -> 09
  Data[16]: 11010000 -> d0
  Data[17]: 10000000 -> 80
  Data[18]: 01101010 -> 6a

Address #152: 001110
RDWR Bit: 0
Stream Bit: 0
Exchange: 00110110

Address #153: 101011
RDWR Bit: 0
Stream Bit: 0
Exchange: 10111011

Address #154: 101100
RDWR Bit: 1
Stream Bit: 0
Exchange: 10001000

Address #155: 110110
RDWR Bit: 0
Stream Bit: 0
Exchange: 01100010

Address #156: 110011
RDWR Bit: 1
Stream Bit: 1
Stream Length: 27 (binary: 00011011)
  Data[0]: 10010110 -> 96
  Data[1]: 10101001 -> a9
  Data[2]: 00101100 -> 2c
  Data[3]: 10011000 -> 98
  Data[4]: 11101101 -> ed
  Data[5]: 00100111 -> 27
  Data[6]: 00101011 -> 2b
  Data[7]: 00100010 -> 22
  Data[8]: 01110110 -> 76
  Data[9]: 10000001 -> 81
  Data[10]: 01111000 -> 78
  Data[11]: 10001010 -> 8a
  Data[12]: 10011111 -> 9f
  Data[13]: 01011100 -> 5c
  Data[14]: 10100011 -> a3
  Data[15]: 00001110 -> 0e
  Data[16]: 01001100 -> 4c
  Data[17]: 11100011 -> e3
  Data[18]: 01111100 -> 7c
  Data[19]: 10111100 -> bc
  Data[20]: 10011001 -> 99
  Data[21]: 01001000 -> 48
  Data[22]: 11010110 -> d6
  Data[23]: 00001000 -> 08
  Data[24]: 00101001 -> 29
  Data[25]: 00001101 -> 0d
  Data[26]: 10011001 -> 99

Address #171: 000101
RDWR Bit: 0
Stream Bit: 0
Exchange: 01011111

Address #172: 000101
RDWR Bit: 0
Stream Bit: 1
Stream Length: 20 (binary: 00010100)
  Data[0]: 10100000 -> a0
  Data[1]: 00110000 -> 30
  Data[2]: 11100000 -> e0
  Data[3]: 10110100 -> b4
  Data[4]: 00111011 -> 3b
  Data[5]: 00000110 -> 06
  Data[6]: 10000010 -> 82
  Data[7]: 01010110 -> 56
  Data[8]: 10010110 -> 96
  Data[9]: 10010111 -> 97
  Data[10]: 01100101 -> 65
  Data[11]: 10011010 -> 9a
  Data[12]: 01000011 -> 43
  Data[13]: 00101000 -> 28
  Data[14]: 10100100 -> a4
  Data[15]: 11101000 -> e8
  Data[16]: 00111000 -> 38
  Data[17]: 00010111 -> 17
  Data[18]: 10001111 -> 8f
  Data[19]: 01001011 -> 4b

Address #183: 001101
RDWR Bit: 1
Stream Bit: 0
Exchange: 10011010

Address #184: 001110
RDWR Bit: 0
Stream Bit: 0
Exchange: 10011011

Address #185: 111111
RDWR Bit: 0
Stream Bit: 1
Stream Length: 1 (binary: 00000001)
  Data[0]: 01010101 -> 55

Address #186: 011111
RDWR Bit: 1
Stream Bit: 0
Exchange: 01101000

Address #187: 110010
RDWR Bit: 1
Stream Bit: 1
Stream Length: 27 (binary: 00011011)
  Data[0]: 10101001 -> a9
  Data[1]: 00111000 -> 38
  Data[2]: 11101110 -> ee
  Data[3]: 11001110 -> ce
  Data[4]: 00100110 -> 26
  Data[5]: 01011001 -> 59
  Data[6]: 11111000 -> f8
  Data[7]: 10000110 -> 86
  Data[8]: 00111101 -> 3d
  Data[9]: 11000101 -> c5
  Data[10]: 00101101 -> 2d
  Data[11]: 10110101 -> b5
  Data[12]: 00011001 -> 19
  Data[13]: 01110011 -> 73
  Data[14]: 10100010 -> a2
  Data[15]: 01100001 -> 61
  Data[16]: 10000000 -> 80
  Data[17]: 11110010 -> f2
  Data[18]: 01110101 -> 75
  Data[19]: 10001101 -> 8d
  Data[20]: 11110110 -> f6
  Data[21]: 11101111 -> ef
  Data[22]: 11100100 -> e4
  Data[23]: 00010111 -> 17
  Data[24]: 00100100 -> 24
  Data[25]: 01110010 -> 72
  Data[26]: 01011010 -> 5a

Address #202: 100000
RDWR Bit: 0
Stream Bit: 1
Stream Length: 13 (binary: 00001101)
  Data[0]: 00101000 -> 28
  Data[1]: 10100000 -> a0
  Data[2]: 11101110 -> ee
  Data[3]: 01011110 -> 5e
  Data[4]: 10000110 -> 86
  Data[5]: 11111011 -> fb
  Data[6]: 11000101 -> c5
  Data[7]: 00010000 -> 10
  Data[8]: 10111011 -> bb
  Data[9]: 00000110 -> 06
  Data[10]: 10101011 -> ab
  Data[11]: 10001101 -> 8d
  Data[12]: 10011010 -> 9a

Address #209: 100010
RDWR Bit: 0
Stream Bit: 0
Exchange: 01000001

Address #210: 110110
RDWR Bit: 0
Stream Bit: 0
Exchange: 11010100

Address #211: 010111
RDWR Bit: 0
Stream Bit: 1
Stream Length: 7 (binary: 00000111)
  Data[0]: 10010001 -> 91
  Data[1]: 11100000 -> e0
  Data[2]: 10110100 -> b4
  Data[3]: 00000001 -> 01
  Data[4]: 00110010 -> 32
  Data[5]: 10101001 -> a9
  Data[6]: 10110111 -> b7

Address #216: 000011
RDWR Bit: 1
Stream Bit: 0
Exchange: 10001101

Address #217: 011100
RDWR Bit: 1
Stream Bit: 0
Exchange: 01111011

Address #218: 001100
RDWR Bit: 0
Stream Bit: 0
Exchange: 00011000

Address #219: 010100
RDWR Bit: 0
Stream Bit: 0
Exchange: 11000110

Address #220: 000000
RDWR Bit: 0
Stream Bit: 0
Exchange: 10110100

Address #221: 100110
RDWR Bit: 0
Stream Bit: 0
Exchange: 00111111

Address #222: 100010
RDWR Bit: 1
Stream Bit: 1
Stream Length: 24 (binary: 00011000)
  Data[0]: 01111111 -> 7f
  Data[1]: 00000110 -> 06
  Data[2]: 11011111 -> df
  Data[3]: 11100100 -> e4
  Data[4]: 00000010 -> 02
  Data[5]: 11010000 -> d0
  Data[6]: 00101111 -> 2f
  Data[7]: 10100100 -> a4
  Data[8]: 00010011 -> 13
  Data[9]: 10011111 -> 9f
  Data[10]: 01010011 -> 53
  Data[11]: 00100010 -> 22
  Data[12]: 00101111 -> 2f
  Data[13]: 10000011 -> 83
  Data[14]: 10001100 -> 8c
  Data[15]: 01001000 -> 48
  Data[16]: 10011100 -> 9c
  Data[17]: 10111010 -> ba
  Data[18]: 00101001 -> 29
  Data[19]: 01100011 -> 63
  Data[20]: 00110100 -> 34
  Data[21]: 01000010 -> 42
  Data[22]: 11101010 -> ea
  Data[23]: 00010110 -> 16

Address #235: 010001
RDWR Bit: 1
Stream Bit: 1
Stream Length: 4 (binary: 00000100)
  Data[0]: 11110111 -> f7
  Data[1]: 00011101 -> 1d
  Data[2]: 01111110 -> 7e
  Data[3]: 10110100 -> b4

Address #238: 011110
RDWR Bit: 0
Stream Bit: 0
Exchange: 10011100
