Read a waves file with 6 signals and 9923 samples...
Input has these signals:
	* sclk (1 bits)
	* mosi (1 bits)
	* miso (1 bits)
	* ss (1 bits)
	* cpol (1 bits)
	* cpha (1 bits)

Address #1: 101011
RDWR Bit: 1
Stream Bit: 1
Stream Length: 15 (binary: 00001111)
  Data[0]: 01110000 -> 70
  Data[1]: 00011111 -> 1f
  Data[2]: 01010011 -> 53
  Data[3]: 01010010 -> 52
  Data[4]: 01011111 -> 5f
  Data[5]: 11111010 -> fa
  Data[6]: 00000101 -> 05
  Data[7]: 00110010 -> 32
  Data[8]: 01010100 -> 54
  Data[9]: 01010110 -> 56
  Data[10]: 10101010 -> aa
  Data[11]: 00110100 -> 34
  Data[12]: 00111101 -> 3d
  Data[13]: 10100001 -> a1
  Data[14]: 00111001 -> 39

Address #9: 110001
RDWR Bit: 0
Stream Bit: 0
Exchange: 00001110

Address #10: 010110
RDWR Bit: 1
Stream Bit: 1
Stream Length: 3 (binary: 00000011)
  Data[0]: 10000010 -> 82
  Data[1]: 00000000 -> 00
  Data[2]: 00001001 -> 09

Address #13: 111110
RDWR Bit: 1
Stream Bit: 0
Exchange: 10010011

Address #14: 110110
RDWR Bit: 0
Stream Bit: 1
Stream Length: 6 (binary: 00000110)
  Data[0]: 01110001 -> 71
  Data[1]: 00000101 -> 05
  Data[2]: 11100100 -> e4
  Data[3]: 01010110 -> 56
  Data[4]: 10011111 -> 9f
  Data[5]: 00111110 -> 3e

Address #18: 000111
RDWR Bit: 0
Stream Bit: 0
Exchange: 00011111

Address #19: 101101
RDWR Bit: 0
Stream Bit: 1
Stream Length: 13 (binary: 00001101)
  Data[0]: 01101100 -> 6c
  Data[1]: 00110110 -> 36
  Data[2]: 11111000 -> f8
  Data[3]: 01011100 -> 5c
  Data[4]: 00010101 -> 15
  Data[5]: 01100110 -> 66
  Data[6]: 01101101 -> 6d
  Data[7]: 10111111 -> bf
  Data[8]: 01100011 -> 63
  Data[9]: 10001110 -> 8e
  Data[10]: 00000101 -> 05
  Data[11]: 10101111 -> af
  Data[12]: 00011001 -> 19

Address #26: 010010
RDWR Bit: 1
Stream Bit: 0
Exchange: 11001111

Address #27: 100101
RDWR Bit: 0
Stream Bit: 1
Stream Length: 7 (binary: 00000111)
  Data[0]: 10101100 -> ac
  Data[1]: 01010001 -> 51
  Data[2]: 00111000 -> 38
  Data[3]: 00001011 -> 0b
  Data[4]: 10100100 -> a4
  Data[5]: 10000110 -> 86
  Data[6]: 00110001 -> 31

Address #32: 111000
RDWR Bit: 1
Stream Bit: 0
Exchange: 11110110

Address #33: 011011
RDWR Bit: 0
Stream Bit: 1
Stream Length: 26 (binary: 00011010)
  Data[0]: 11001000 -> c8
  Data[1]: 00101111 -> 2f
  Data[2]: 01100011 -> 63
  Data[3]: 01000101 -> 45
  Data[4]: 11001011 -> cb
  Data[5]: 00101111 -> 2f
  Data[6]: 00111001 -> 39
  Data[7]: 10000010 -> 82
  Data[8]: 10010000 -> 90
  Data[9]: 10100000 -> a0
  Data[10]: 01010111 -> 57
  Data[11]: 10011110 -> 9e
  Data[12]: 11010010 -> d2
  Data[13]: 10100100 -> a4
  Data[14]: 10100011 -> a3
  Data[15]: 10111010 -> ba
  Data[16]: 01001011 -> 4b
  Data[17]: 10011000 -> 98
  Data[18]: 00011011 -> 1b
  Data[19]: 01000000 -> 40
  Data[20]: 00111100 -> 3c
  Data[21]: 00100110 -> 26
  Data[22]: 01000111 -> 47
  Data[23]: 11000111 -> c7
  Data[24]: 11011111 -> df
  Data[25]: 11011010 -> da

Address #47: 100011
RDWR Bit: 1
Stream Bit: 1
Stream Length: 18 (binary: 00010010)
  Data[0]: 01000101 -> 45
  Data[1]: 11111011 -> fb
  Data[2]: 11100111 -> e7
  Data[3]: 00110001 -> 31
  Data[4]: 01001011 -> 4b
  Data[5]: 10001010 -> 8a
  Data[6]: 10111101 -> bd
  Data[7]: 10001001 -> 89
  Data[8]: 10000111 -> 87
  Data[9]: 11100101 -> e5
  Data[10]: 00001111 -> 0f
  Data[11]: 11100111 -> e7
  Data[12]: 10111111 -> bf
  Data[13]: 11101101 -> ed
  Data[14]: 11001111 -> cf
  Data[15]: 00010011 -> 13
  Data[16]: 10110110 -> b6
  Data[17]: 11001101 -> cd

Address #57: 010000
RDWR Bit: 0
Stream Bit: 1
Stream Length: 18 (binary: 00010010)
  Data[0]: 00001011 -> 0b
  Data[1]: 10101110 -> ae
  Data[2]: 10011011 -> 9b
  Data[3]: 00000101 -> 05
  Data[4]: 01100001 -> 61
  Data[5]: 01011111 -> 5f
  Data[6]: 11111101 -> fd
  Data[7]: 10010101 -> 95
  Data[8]: 01100011 -> 63
  Data[9]: 00101110 -> 2e
  Data[10]: 11010100 -> d4
  Data[11]: 01101101 -> 6d
  Data[12]: 10101110 -> ae
  Data[13]: 01110000 -> 70
  Data[14]: 01010101 -> 55
  Data[15]: 11111001 -> f9
  Data[16]: 11111100 -> fc
  Data[17]: 01111111 -> 7f

Address #67: 100011
RDWR Bit: 1
Stream Bit: 0
Exchange: 10111111

Address #68: 111110
RDWR Bit: 0
Stream Bit: 0
Exchange: 00011000

Address #69: 111011
RDWR Bit: 0
Stream Bit: 1
Stream Length: 16 (binary: 00010000)
  Data[0]: 11001100 -> cc
  Data[1]: 10101011 -> ab
  Data[2]: 01001111 -> 4f
  Data[3]: 11101011 -> eb
  Data[4]: 01001110 -> 4e
  Data[5]: 01101101 -> 6d
  Data[6]: 00100000 -> 20
  Data[7]: 10000101 -> 85
  Data[8]: 11100000 -> e0
  Data[9]: 10001110 -> 8e
  Data[10]: 01011111 -> 5f
  Data[11]: 01111000 -> 78
  Data[12]: 01111000 -> 78
  Data[13]: 10010000 -> 90
  Data[14]: 10100101 -> a5
  Data[15]: 00100010 -> 22

Address #78: 100001
RDWR Bit: 0
Stream Bit: 1
Stream Length: 12 (binary: 00001100)
  Data[0]: 11001100 -> cc
  Data[1]: 01110111 -> 77
  Data[2]: 01000000 -> 40
  Data[3]: 10011100 -> 9c
  Data[4]: 01001101 -> 4d
  Data[5]: 00001111 -> 0f
  Data[6]: 01010001 -> 51
  Data[7]: 11110110 -> f6
  Data[8]: 01101011 -> 6b
  Data[9]: 10000001 -> 81
  Data[10]: 01100011 -> 63
  Data[11]: 11110100 -> f4

Address #85: 110010
RDWR Bit: 1
Stream Bit: 0
Exchange: 00011101

Address #86: 010000
RDWR Bit: 0
Stream Bit: 0
Exchange: 10101110

Address #87: 110000
RDWR Bit: 0
Stream Bit: 1
Stream Length: 6 (binary: 00000110)
  Data[0]: 01011011 -> 5b
  Data[1]: 00000101 -> 05
  Data[2]: 01000111 -> 47
  Data[3]: 01101100 -> 6c
  Data[4]: 10011111 -> 9f
  Data[5]: 11000100 -> c4

Address #91: 011000
RDWR Bit: 0
Stream Bit: 0
Exchange: 01011000

Address #92: 111101
RDWR Bit: 0
Stream Bit: 0
Exchange: 10110010

Address #93: 110110
RDWR Bit: 1
Stream Bit: 1
Stream Length: 28 (binary: 00011100)
  Data[0]: 11010011 -> d3
  Data[1]: 01101001 -> 69
  Data[2]: 11111110 -> fe
  Data[3]: 10100111 -> a7
  Data[4]: 10000100 -> 84
  Data[5]: 10000000 -> 80
  Data[6]: 10000100 -> 84
  Data[7]: 10011110 -> 9e
  Data[8]: 00111001 -> 39
  Data[9]: 11010101 -> d5
  Data[10]: 11011111 -> df
  Data[11]: 00110000 -> 30
  Data[12]: 01101110 -> 6e
  Data[13]: 01011111 -> 5f
  Data[14]: 00100110 -> 26
  Data[15]: 10101110 -> ae
  Data[16]: 11100000 -> e0
  Data[17]: 11110101 -> f5
  Data[18]: 00011011 -> 1b
  Data[19]: 00001101 -> 0d
  Data[20]: 10011110 -> 9e
  Data[21]: 11111001 -> f9
  Data[22]: 10001101 -> 8d
  Data[23]: 00111100 -> 3c
  Data[24]: 10011111 -> 9f
  Data[25]: 10110000 -> b0
  Data[26]: 11001101 -> cd
  Data[27]: 11010000 -> d0

Address #108: 011100
RDWR Bit: 0
Stream Bit: 1
Stream Length: 31 (binary: 00011111)
  Data[0]: 00110111 -> 37
  Data[1]: 11010011 -> d3
  Data[2]: 10100100 -> a4
  Data[3]: 01000001 -> 41
  Data[4]: 10101010 -> aa
  Data[5]: 10110100 -> b4
  Data[6]: 10110110 -> b6
  Data[7]: 01010101 -> 55
  Data[8]: 11111110 -> fe
  Data[9]: 00011101 -> 1d
  Data[10]: 00011001 -> 19
  Data[11]: 10110011 -> b3
  Data[12]: 01100011 -> 63
  Data[13]: 00110101 -> 35
  Data[14]: 00010000 -> 10
  Data[15]: 10100000 -> a0
  Data[16]: 01110100 -> 74
  Data[17]: 11010001 -> d1
  Data[18]: 10010101 -> 95
  Data[19]: 01100010 -> 62
  Data[20]: 00101000 -> 28
  Data[21]: 01111111 -> 7f
  Data[22]: 10101001 -> a9
  Data[23]: 11001011 -> cb
  Data[24]: 00110001 -> 31
  Data[25]: 01111101 -> 7d
  Data[26]: 11101011 -> eb
  Data[27]: 10001011 -> 8b
  Data[28]: 10010111 -> 97
  Data[29]: 11000100 -> c4
  Data[30]: 00110101 -> 35

Address #124: 011100
RDWR Bit: 1
Stream Bit: 1
Stream Length: 8 (binary: 00001000)
  Data[0]: 10110100 -> b4
  Data[1]: 01100001 -> 61
  Data[2]: 11101110 -> ee
  Data[3]: 10100010 -> a2
  Data[4]: 11000011 -> c3
  Data[5]: 00111101 -> 3d
  Data[6]: 01100001 -> 61
  Data[7]: 01001011 -> 4b

Address #129: 010111
RDWR Bit: 0
Stream Bit: 0
Exchange: 11100101

Address #130: 011111
RDWR Bit: 1
Stream Bit: 0
Exchange: 01110000

Address #131: 000111
RDWR Bit: 0
Stream Bit: 1
Stream Length: 16 (binary: 00010000)
  Data[0]: 11001010 -> ca
  Data[1]: 10011001 -> 99
  Data[2]: 01000011 -> 43
  Data[3]: 11111000 -> f8
  Data[4]: 01010100 -> 54
  Data[5]: 11001010 -> ca
  Data[6]: 01001001 -> 49
  Data[7]: 10000010 -> 82
  Data[8]: 10000100 -> 84
  Data[9]: 01011000 -> 58
  Data[10]: 11111111 -> ff
  Data[11]: 10110000 -> b0
  Data[12]: 01010101 -> 55
  Data[13]: 01011011 -> 5b
  Data[14]: 11100101 -> e5
  Data[15]: 11011111 -> df

Address #140: 011000
RDWR Bit: 0
Stream Bit: 0
Exchange: 00011110

Address #141: 001001
RDWR Bit: 0
Stream Bit: 1
Stream Length: 24 (binary: 00011000)
  Data[0]: 01100001 -> 61
  Data[1]: 01100111 -> 67
  Data[2]: 11000000 -> c0
  Data[3]: 00110000 -> 30
  Data[4]: 01100000 -> 60
  Data[5]: 11111001 -> f9
  Data[6]: 00001000 -> 08
  Data[7]: 00011110 -> 1e
  Data[8]: 11110001 -> f1
  Data[9]: 01000101 -> 45
  Data[10]: 01110100 -> 74
  Data[11]: 11000000 -> c0
  Data[12]: 10011101 -> 9d
  Data[13]: 10111001 -> b9
  Data[14]: 01111000 -> 78
  Data[15]: 11010111 -> d7
  Data[16]: 10000101 -> 85
  Data[17]: 00100001 -> 21
  Data[18]: 00011001 -> 19
  Data[19]: 11100000 -> e0
  Data[20]: 00101100 -> 2c
  Data[21]: 10111011 -> bb
  Data[22]: 10110110 -> b6
  Data[23]: 00101111 -> 2f

Address #154: 000001
RDWR Bit: 0
Stream Bit: 1
Stream Length: 26 (binary: 00011010)
  Data[0]: 11001011 -> cb
  Data[1]: 00011011 -> 1b
  Data[2]: 00011010 -> 1a
  Data[3]: 11010010 -> d2
  Data[4]: 01010111 -> 57
  Data[5]: 10101001 -> a9
  Data[6]: 00111001 -> 39
  Data[7]: 01100101 -> 65
  Data[8]: 01011100 -> 5c
  Data[9]: 00010100 -> 14
  Data[10]: 01010101 -> 55
  Data[11]: 11100101 -> e5
  Data[12]: 11101001 -> e9
  Data[13]: 10001000 -> 88
  Data[14]: 01100100 -> 64
  Data[15]: 10011000 -> 98
  Data[16]: 01010010 -> 52
  Data[17]: 01001001 -> 49
  Data[18]: 10100101 -> a5
  Data[19]: 11100110 -> e6
  Data[20]: 10000000 -> 80
  Data[21]: 10000101 -> 85
  Data[22]: 10000110 -> 86
  Data[23]: 10100110 -> a6
  Data[24]: 01010011 -> 53
  Data[25]: 10001111 -> 8f

Address #168: 110110
RDWR Bit: 0
Stream Bit: 0
Exchange: 01010111

Address #169: 011101
RDWR Bit: 1
Stream Bit: 0
Exchange: 11010000

Address #170: 111010
RDWR Bit: 1
Stream Bit: 1
Stream Length: 19 (binary: 00010011)
  Data[0]: 11011001 -> d9
  Data[1]: 10110010 -> b2
  Data[2]: 11010111 -> d7
  Data[3]: 10011101 -> 9d
  Data[4]: 11011000 -> d8
  Data[5]: 01100110 -> 66
  Data[6]: 00110111 -> 37
  Data[7]: 01111110 -> 7e
  Data[8]: 10000111 -> 87
  Data[9]: 11010001 -> d1
  Data[10]: 01011010 -> 5a
  Data[11]: 10111001 -> b9
  Data[12]: 00011011 -> 1b
  Data[13]: 10100010 -> a2
  Data[14]: 11011000 -> d8
  Data[15]: 01110100 -> 74
  Data[16]: 10101101 -> ad
  Data[17]: 10110011 -> b3
  Data[18]: 10000100 -> 84

Address #181: 011110
RDWR Bit: 0
Stream Bit: 1
Stream Length: 14 (binary: 00001110)
  Data[0]: 00111010 -> 3a
  Data[1]: 00001001 -> 09
  Data[2]: 01111111 -> 7f
  Data[3]: 01110101 -> 75
  Data[4]: 10000011 -> 83
  Data[5]: 11001000 -> c8
  Data[6]: 01010101 -> 55
  Data[7]: 00000110 -> 06
  Data[8]: 01001001 -> 49
  Data[9]: 01100011 -> 63
  Data[10]: 10100001 -> a1
  Data[11]: 00001101 -> 0d
  Data[12]: 01001100 -> 4c
  Data[13]: 10110111 -> b7

Address #189: 110100
RDWR Bit: 0
Stream Bit: 1
Stream Length: 16 (binary: 00010000)
  Data[0]: 10101001 -> a9
  Data[1]: 00000010 -> 02
  Data[2]: 01011101 -> 5d
  Data[3]: 11101101 -> ed
  Data[4]: 01100100 -> 64
  Data[5]: 00100011 -> 23
  Data[6]: 10001011 -> 8b
  Data[7]: 01110010 -> 72
  Data[8]: 01001000 -> 48
  Data[9]: 00011101 -> 1d
  Data[10]: 10100001 -> a1
  Data[11]: 11011100 -> dc
  Data[12]: 11110010 -> f2
  Data[13]: 00110000 -> 30
  Data[14]: 11011010 -> da
  Data[15]: 00100110 -> 26

Address #198: 000101
RDWR Bit: 0
Stream Bit: 0
Exchange: 00110100

Address #199: 010110
RDWR Bit: 0
Stream Bit: 0
Exchange: 10000100

Address #200: 011010
RDWR Bit: 1
Stream Bit: 1
Stream Length: 13 (binary: 00001101)
  Data[0]: 01011111 -> 5f
  Data[1]: 00110011 -> 33
  Data[2]: 00101010 -> 2a
  Data[3]: 11110101 -> f5
  Data[4]: 01011010 -> 5a
  Data[5]: 11101101 -> ed
  Data[6]: 11001110 -> ce
  Data[7]: 11110000 -> f0
  Data[8]: 10111101 -> bd
  Data[9]: 11111101 -> fd
  Data[10]: 01011010 -> 5a
  Data[11]: 10001001 -> 89
  Data[12]: 00110110 -> 36

Address #207: 101001
RDWR Bit: 1
Stream Bit: 1
Stream Length: 8 (binary: 00001000)
  Data[0]: 00110101 -> 35
  Data[1]: 10110010 -> b2
  Data[2]: 00011000 -> 18
  Data[3]: 01111111 -> 7f
  Data[4]: 10011010 -> 9a
  Data[5]: 01111010 -> 7a
  Data[6]: 00110010 -> 32
  Data[7]: 11101110 -> ee

Address #212: 010100
RDWR Bit: 1
Stream Bit: 1
Stream Length: 5 (binary: 00000101)
  Data[0]: 00111110 -> 3e
  Data[1]: 11101110 -> ee
  Data[2]: 11000110 -> c6
  Data[3]: 00011100 -> 1c
  Data[4]: 01111100 -> 7c

Address #216: 110110
RDWR Bit: 0
Stream Bit: 0
Exchange: 10010000

Address #217: 010010
RDWR Bit: 0
Stream Bit: 0
Exchange: 00000011

Address #218: 001011
RDWR Bit: 0
Stream Bit: 0
Exchange: 10100110

Address #219: 101100
RDWR Bit: 1
Stream Bit: 0
Exchange: 11100100

Address #220: 010000
RDWR Bit: 1
Stream Bit: 1
Stream Length: 25 (binary: 00011001)
  Data[0]: 00010011 -> 13
  Data[1]: 10101000 -> a8
  Data[2]: 00111110 -> 3e
  Data[3]: 00011011 -> 1b
  Data[4]: 00110011 -> 33
  Data[5]: 01101111 -> 6f
  Data[6]: 00110001 -> 31
  Data[7]: 01101101 -> 6d
  Data[8]: 01111110 -> 7e
  Data[9]: 00110100 -> 34
  Data[10]: 00001010 -> 0a
  Data[11]: 00101100 -> 2c
  Data[12]: 01101110 -> 6e
  Data[13]: 01010110 -> 56
  Data[14]: 10001100 -> 8c
  Data[15]: 00011101 -> 1d
  Data[16]: 00101010 -> 2a
  Data[17]: 00010110 -> 16
  Data[18]: 00111011 -> 3b
  Data[19]: 10100000 -> a0
  Data[20]: 00110101 -> 35
  Data[21]: 11011101 -> dd
  Data[22]: 10101011 -> ab
  Data[23]: 01110000 -> 70
  Data[24]: 11001010 -> ca

Address #233: 110100
RDWR Bit: 1
Stream Bit: 0
Exchange: 01100010

Address #234: 101001
RDWR Bit: 1
Stream Bit: 0
Exchange: 10101000

Address #235: 101110
RDWR Bit: 0
Stream Bit: 1
Stream Length: 13 (binary: 00001101)
  Data[0]: 01101000 -> 68
  Data[1]: 00110100 -> 34
  Data[2]: 10000101 -> 85
  Data[3]: 10111111 -> bf
  Data[4]: 01110000 -> 70
  Data[5]: 00000110 -> 06
  Data[6]: 11011001 -> d9
  Data[7]: 01111010 -> 7a
  Data[8]: 10110110 -> b6
  Data[9]: 00001001 -> 09
  Data[10]: 00100000 -> 20
  Data[11]: 00111010 -> 3a
  Data[12]: 10000000 -> 80

Address #243: 001110
RDWR Bit: 0
Stream Bit: 1
Stream Length: 29 (binary: 00011101)
  Data[0]: 00011100 -> 1c
  Data[1]: 00100100 -> 24
  Data[2]: 10010100 -> 94
  Data[3]: 11000110 -> c6
  Data[4]: 10001101 -> 8d
  Data[5]: 11011011 -> db
  Data[6]: 10000110 -> 86
  Data[7]: 10110011 -> b3
  Data[8]: 01110110 -> 76
  Data[9]: 01100101 -> 65
  Data[10]: 00001000 -> 08
  Data[11]: 00110101 -> 35
  Data[12]: 00100101 -> 25
  Data[13]: 10001010 -> 8a
  Data[14]: 01001011 -> 4b
  Data[15]: 01001100 -> 4c
  Data[16]: 11100010 -> e2
  Data[17]: 01000000 -> 40
  Data[18]: 00110100 -> 34
  Data[19]: 00010001 -> 11
  Data[20]: 10110100 -> b4
  Data[21]: 10001000 -> 88
  Data[22]: 11100010 -> e2
  Data[23]: 11101100 -> ec
  Data[24]: 11000100 -> c4
  Data[25]: 01001110 -> 4e
  Data[26]: 01110010 -> 72
  Data[27]: 01101111 -> 6f
  Data[28]: 00101010 -> 2a

Address #258: 110001
RDWR Bit: 1
Stream Bit: 0
Exchange: 00101110

Address #259: 101100
RDWR Bit: 0
Stream Bit: 0
Exchange: 01001111

Address #260: 011000
RDWR Bit: 0
Stream Bit: 1
Stream Length: 3 (binary: 00000011)
  Data[0]: 01010000 -> 50
  Data[1]: 10111111 -> bf
  Data[2]: 00100011 -> 23

Address #263: 101111
RDWR Bit: 1
Stream Bit: 0
Exchange: 00111001

Address #264: 101111
RDWR Bit: 0
Stream Bit: 0
Exchange: 11110011

Address #265: 111001
RDWR Bit: 1
Stream Bit: 0
Exchange: 01001001

Address #266: 101110
RDWR Bit: 1
Stream Bit: 0
Exchange: 00101011

Address #267: 010111
RDWR Bit: 0
Stream Bit: 1
Stream Length: 28 (binary: 00011100)
  Data[0]: 11100010 -> e2
  Data[1]: 00101101 -> 2d
  Data[2]: 10110011 -> b3
  Data[3]: 10101101 -> ad
  Data[4]: 11111101 -> fd
  Data[5]: 10001011 -> 8b
  Data[6]: 01000110 -> 46
  Data[7]: 01000101 -> 45
  Data[8]: 00100001 -> 21
  Data[9]: 10010010 -> 92
  Data[10]: 10111110 -> be
  Data[11]: 11110001 -> f1
  Data[12]: 00011001 -> 19
  Data[13]: 10101000 -> a8
  Data[14]: 00010100 -> 14
  Data[15]: 00000101 -> 05
  Data[16]: 01110111 -> 77
  Data[17]: 01111000 -> 78
  Data[18]: 01101111 -> 6f
  Data[19]: 01110101 -> 75
  Data[20]: 11001101 -> cd
  Data[21]: 10101001 -> a9
  Data[22]: 10000000 -> 80
  Data[23]: 11100100 -> e4
  Data[24]: 11110011 -> f3
  Data[25]: 00001000 -> 08
  Data[26]: 10100101 -> a5
  Data[27]: 10100111 -> a7

Address #282: 001000
RDWR Bit: 0
Stream Bit: 1
Stream Length: 19 (binary: 00010011)
  Data[0]: 11101010 -> ea
  Data[1]: 11110010 -> f2
  Data[2]: 00101001 -> 29
  Data[3]: 10111100 -> bc
  Data[4]: 00011111 -> 1f
  Data[5]: 01111101 -> 7d
  Data[6]: 01101100 -> 6c
  Data[7]: 10011111 -> 9f
  Data[8]: 01000001 -> 41
  Data[9]: 01011111 -> 5f
  Data[10]: 01100001 -> 61
  Data[11]: 01111011 -> 7b
  Data[12]: 11100010 -> e2
  Data[13]: 11111110 -> fe
  Data[14]: 10000111 -> 87
  Data[15]: 11110010 -> f2
  Data[16]: 00101011 -> 2b
  Data[17]: 01100001 -> 61
  Data[18]: 10101111 -> af

Address #292: 011010
RDWR Bit: 1
Stream Bit: 0
Exchange: 10010101

Address #293: 111011
RDWR Bit: 1
Stream Bit: 0
Exchange: 01000001

Address #294: 011000
RDWR Bit: 0
Stream Bit: 0
Exchange: 01110001

Address #295: 000001
RDWR Bit: 0
Stream Bit: 0
Exchange: 00001111

Address #296: 001101
RDWR Bit: 1
Stream Bit: 1
Stream Length: 15 (binary: 00001111)
  Data[0]: 00010011 -> 13
  Data[1]: 00101101 -> 2d
  Data[2]: 01110111 -> 77
  Data[3]: 00101111 -> 2f
  Data[4]: 11110010 -> f2
  Data[5]: 01110000 -> 70
  Data[6]: 10100101 -> a5
  Data[7]: 11110001 -> f1
  Data[8]: 11000101 -> c5
  Data[9]: 00010010 -> 12
  Data[10]: 01011101 -> 5d
  Data[11]: 10001010 -> 8a
  Data[12]: 00100101 -> 25
  Data[13]: 10001011 -> 8b
  Data[14]: 00001000 -> 08
