Read a waves file with 6 signals and 2243 samples...
Input has these signals:
	* sclk (1 bits)
	* mosi (1 bits)
	* miso (1 bits)
	* ss (1 bits)
	* cpol (1 bits)
	* cpha (1 bits)

Address #1: 011001
RDWR Bit: 0
Stream Bit: 0
Exchange: 10000000

Address #2: 111001
RDWR Bit: 0
Stream Bit: 0
Exchange: 11001000

Address #3: 100001
RDWR Bit: 0
Stream Bit: 0
Exchange: 00111110

Address #4: 000111
RDWR Bit: 1
Stream Bit: 0
Exchange: 00010100

Address #5: 001010
RDWR Bit: 1
Stream Bit: 0
Exchange: 10001011

Address #6: 011010
RDWR Bit: 1
Stream Bit: 0
Exchange: 11101111

Address #7: 100010
RDWR Bit: 1
Stream Bit: 0
Exchange: 01011010

Address #8: 000001
RDWR Bit: 0
Stream Bit: 0
Exchange: 00110011

Address #9: 101011
RDWR Bit: 1
Stream Bit: 0
Exchange: 00110101

Address #10: 100111
RDWR Bit: 1
Stream Bit: 0
Exchange: 01101110

Address #11: 100011
RDWR Bit: 1
Stream Bit: 0
Exchange: 00100111

Address #12: 110110
RDWR Bit: 1
Stream Bit: 0
Exchange: 01100000

Address #13: 110010
RDWR Bit: 0
Stream Bit: 0
Exchange: 10111100

Address #14: 101111
RDWR Bit: 0
Stream Bit: 0
Exchange: 10010101

Address #15: 110001
RDWR Bit: 0
Stream Bit: 0
Exchange: 11011010

Address #16: 001110
RDWR Bit: 1
Stream Bit: 0
Exchange: 11100100

Address #17: 100000
RDWR Bit: 0
Stream Bit: 0
Exchange: 10111100

Address #18: 101000
RDWR Bit: 0
Stream Bit: 0
Exchange: 01011101

Address #19: 110100
RDWR Bit: 0
Stream Bit: 0
Exchange: 01100101

Address #20: 010100
RDWR Bit: 0
Stream Bit: 0
Exchange: 00110001

Address #21: 011110
RDWR Bit: 1
Stream Bit: 0
Exchange: 10010011

Address #22: 011100
RDWR Bit: 0
Stream Bit: 0
Exchange: 11010111

Address #23: 001100
RDWR Bit: 0
Stream Bit: 0
Exchange: 11110110

Address #24: 111101
RDWR Bit: 1
Stream Bit: 0
Exchange: 00110110

Address #25: 101010
RDWR Bit: 0
Stream Bit: 0
Exchange: 11000001

Address #26: 111001
RDWR Bit: 1
Stream Bit: 0
Exchange: 11111100

Address #27: 001000
RDWR Bit: 0
Stream Bit: 0
Exchange: 00101100

Address #28: 100010
RDWR Bit: 0
Stream Bit: 0
Exchange: 00110111

Address #29: 001101
RDWR Bit: 1
Stream Bit: 0
Exchange: 11000010

Address #30: 101100
RDWR Bit: 0
Stream Bit: 0
Exchange: 01000101

Address #31: 001000
RDWR Bit: 1
Stream Bit: 0
Exchange: 01110101

Address #32: 111001
RDWR Bit: 1
Stream Bit: 0
Exchange: 11110001

Address #33: 001101
RDWR Bit: 1
Stream Bit: 0
Exchange: 10101010

Address #34: 000101
RDWR Bit: 0
Stream Bit: 0
Exchange: 01111011

Address #35: 110001
RDWR Bit: 1
Stream Bit: 0
Exchange: 01101110

Address #36: 001110
RDWR Bit: 1
Stream Bit: 0
Exchange: 00010110

Address #37: 001111
RDWR Bit: 1
Stream Bit: 0
Exchange: 00101001

Address #38: 111000
RDWR Bit: 0
Stream Bit: 0
Exchange: 11111011

Address #39: 101011
RDWR Bit: 0
Stream Bit: 0
Exchange: 11100010

Address #40: 110111
RDWR Bit: 1
Stream Bit: 0
Exchange: 01111111

Address #41: 101110
RDWR Bit: 1
Stream Bit: 0
Exchange: 10110111

Address #42: 010010
RDWR Bit: 1
Stream Bit: 0
Exchange: 01010110

Address #43: 010101
RDWR Bit: 1
Stream Bit: 0
Exchange: 11010110

Address #44: 011001
RDWR Bit: 1
Stream Bit: 0
Exchange: 01010101

Address #45: 100000
RDWR Bit: 1
Stream Bit: 0
Exchange: 11000010

Address #46: 010100
RDWR Bit: 0
Stream Bit: 0
Exchange: 01100000

Address #47: 111011
RDWR Bit: 1
Stream Bit: 0
Exchange: 01110100

Address #48: 000011
RDWR Bit: 1
Stream Bit: 0
Exchange: 11010101

Address #49: 100011
RDWR Bit: 1
Stream Bit: 0
Exchange: 00010011

Address #50: 101110
RDWR Bit: 1
Stream Bit: 0
Exchange: 00100011

Address #51: 110011
RDWR Bit: 1
Stream Bit: 0
Exchange: 00101111

Address #52: 111000
RDWR Bit: 0
Stream Bit: 0
Exchange: 10100011

Address #53: 000001
RDWR Bit: 0
Stream Bit: 0
Exchange: 10000110

Address #54: 011110
RDWR Bit: 1
Stream Bit: 0
Exchange: 01011001

Address #55: 001111
RDWR Bit: 1
Stream Bit: 0
Exchange: 00010011

Address #56: 100101
RDWR Bit: 0
Stream Bit: 0
Exchange: 00000111

Address #57: 000111
RDWR Bit: 1
Stream Bit: 0
Exchange: 10011110

Address #58: 001101
RDWR Bit: 1
Stream Bit: 0
Exchange: 10001101

Address #59: 101001
RDWR Bit: 0
Stream Bit: 0
Exchange: 11011101

Address #60: 110100
RDWR Bit: 0
Stream Bit: 0
Exchange: 00100100

Address #61: 101010
RDWR Bit: 0
Stream Bit: 0
Exchange: 01010110

Address #62: 011100
RDWR Bit: 0
Stream Bit: 0
Exchange: 10000100

Address #63: 110110
RDWR Bit: 0
Stream Bit: 0
Exchange: 00001000

Address #64: 101111
RDWR Bit: 1
Stream Bit: 0
Exchange: 00001000
