Read a waves file with 6 signals and 8771 samples...
Input has these signals:
	* sclk (1 bits)
	* mosi (1 bits)
	* miso (1 bits)
	* ss (1 bits)
	* cpol (1 bits)
	* cpha (1 bits)

Address #1: 000001
RDWR Bit: 1
Stream Bit: 1
Stream Length: 1 (binary: 00000001)
  Data[0]: 00010000 -> 10

Address #2: 110010
RDWR Bit: 1
Stream Bit: 0
Exchange: 10111001

Address #3: 101100
RDWR Bit: 0
Stream Bit: 0
Exchange: 10000111

Address #4: 000110
RDWR Bit: 0
Stream Bit: 1
Stream Length: 6 (binary: 00000110)
  Data[0]: 01000011 -> 43
  Data[1]: 00001111 -> 0f
  Data[2]: 10110001 -> b1
  Data[3]: 00010100 -> 14
  Data[4]: 11001111 -> cf
  Data[5]: 01010111 -> 57

Address #8: 011110
RDWR Bit: 1
Stream Bit: 0
Exchange: 11010000

Address #9: 110110
RDWR Bit: 1
Stream Bit: 1
Stream Length: 21 (binary: 00010101)
  Data[0]: 10010110 -> 96
  Data[1]: 10110101 -> b5
  Data[2]: 11010101 -> d5
  Data[3]: 00100100 -> 24
  Data[4]: 01111001 -> 79
  Data[5]: 00111001 -> 39
  Data[6]: 00000100 -> 04
  Data[7]: 10101001 -> a9
  Data[8]: 01000010 -> 42
  Data[9]: 01100010 -> 62
  Data[10]: 01100001 -> 61
  Data[11]: 01100000 -> 60
  Data[12]: 01111100 -> 7c
  Data[13]: 10110010 -> b2
  Data[14]: 00101001 -> 29
  Data[15]: 00010100 -> 14
  Data[16]: 01100011 -> 63
  Data[17]: 01000011 -> 43
  Data[18]: 00000001 -> 01
  Data[19]: 10100001 -> a1
  Data[20]: 01000001 -> 41

Address #21: 000011
RDWR Bit: 1
Stream Bit: 1
Stream Length: 2 (binary: 00000010)
  Data[0]: 01111010 -> 7a
  Data[1]: 00011000 -> 18

Address #23: 101101
RDWR Bit: 0
Stream Bit: 0
Exchange: 11000100

Address #24: 110000
RDWR Bit: 1
Stream Bit: 0
Exchange: 11011010

Address #25: 000000
RDWR Bit: 0
Stream Bit: 0
Exchange: 10100101

Address #26: 000110
RDWR Bit: 1
Stream Bit: 0
Exchange: 01001111

Address #27: 101110
RDWR Bit: 1
Stream Bit: 1
Stream Length: 26 (binary: 00011010)
  Data[0]: 10000000 -> 80
  Data[1]: 10001101 -> 8d
  Data[2]: 00010100 -> 14
  Data[3]: 11010010 -> d2
  Data[4]: 01100111 -> 67
  Data[5]: 11101101 -> ed
  Data[6]: 10101001 -> a9
  Data[7]: 10100111 -> a7
  Data[8]: 11100100 -> e4
  Data[9]: 01110000 -> 70
  Data[10]: 10001111 -> 8f
  Data[11]: 11000010 -> c2
  Data[12]: 01100011 -> 63
  Data[13]: 01011101 -> 5d
  Data[14]: 11110111 -> f7
  Data[15]: 01010010 -> 52
  Data[16]: 01110111 -> 77
  Data[17]: 00101110 -> 2e
  Data[18]: 00000110 -> 06
  Data[19]: 01001000 -> 48
  Data[20]: 11010000 -> d0
  Data[21]: 01010110 -> 56
  Data[22]: 11111101 -> fd
  Data[23]: 01111101 -> 7d
  Data[24]: 00010110 -> 16
  Data[25]: 00110101 -> 35

Address #41: 111110
RDWR Bit: 1
Stream Bit: 1
Stream Length: 5 (binary: 00000101)
  Data[0]: 00011111 -> 1f
  Data[1]: 00001110 -> 0e
  Data[2]: 01000000 -> 40
  Data[3]: 00100111 -> 27
  Data[4]: 00010110 -> 16

Address #44: 011100
RDWR Bit: 0
Stream Bit: 0
Exchange: 01001101

Address #45: 100011
RDWR Bit: 1
Stream Bit: 0
Exchange: 10100111

Address #46: 001010
RDWR Bit: 1
Stream Bit: 1
Stream Length: 17 (binary: 00010001)
  Data[0]: 00000110 -> 06
  Data[1]: 01110001 -> 71
  Data[2]: 11011110 -> de
  Data[3]: 11100110 -> e6
  Data[4]: 10101010 -> aa
  Data[5]: 01011010 -> 5a
  Data[6]: 10100000 -> a0
  Data[7]: 01100011 -> 63
  Data[8]: 01111011 -> 7b
  Data[9]: 11101100 -> ec
  Data[10]: 00110000 -> 30
  Data[11]: 00011101 -> 1d
  Data[12]: 00101001 -> 29
  Data[13]: 01000000 -> 40
  Data[14]: 01110111 -> 77
  Data[15]: 10001100 -> 8c
  Data[16]: 01100001 -> 61

Address #56: 111110
RDWR Bit: 1
Stream Bit: 0
Exchange: 10011001

Address #57: 000101
RDWR Bit: 0
Stream Bit: 1
Stream Length: 24 (binary: 00011000)
  Data[0]: 11111010 -> fa
  Data[1]: 11011011 -> db
  Data[2]: 11010101 -> d5
  Data[3]: 10110000 -> b0
  Data[4]: 00111110 -> 3e
  Data[5]: 01101101 -> 6d
  Data[6]: 00001010 -> 0a
  Data[7]: 00010100 -> 14
  Data[8]: 10101111 -> af
  Data[9]: 01111110 -> 7e
  Data[10]: 00100101 -> 25
  Data[11]: 11011011 -> db
  Data[12]: 00100010 -> 22
  Data[13]: 01111100 -> 7c
  Data[14]: 01011011 -> 5b
  Data[15]: 10110111 -> b7
  Data[16]: 01000101 -> 45
  Data[17]: 10100111 -> a7
  Data[18]: 11010000 -> d0
  Data[19]: 10100010 -> a2
  Data[20]: 01010100 -> 54
  Data[21]: 01010001 -> 51
  Data[22]: 11011001 -> d9
  Data[23]: 00111100 -> 3c

Address #70: 001001
RDWR Bit: 1
Stream Bit: 1
Stream Length: 21 (binary: 00010101)
  Data[0]: 00101010 -> 2a
  Data[1]: 11000000 -> c0
  Data[2]: 01010100 -> 54
  Data[3]: 01100110 -> 66
  Data[4]: 01000001 -> 41
  Data[5]: 11010110 -> d6
  Data[6]: 01001011 -> 4b
  Data[7]: 11100010 -> e2
  Data[8]: 10001110 -> 8e
  Data[9]: 00100100 -> 24
  Data[10]: 01110010 -> 72
  Data[11]: 00111111 -> 3f
  Data[12]: 01110100 -> 74
  Data[13]: 00001110 -> 0e
  Data[14]: 11001000 -> c8
  Data[15]: 10100100 -> a4
  Data[16]: 01001011 -> 4b
  Data[17]: 01011010 -> 5a
  Data[18]: 10001111 -> 8f
  Data[19]: 01110110 -> 76
  Data[20]: 11110111 -> f7

Address #81: 000100
RDWR Bit: 1
Stream Bit: 0
Exchange: 10010100

Address #82: 110000
RDWR Bit: 1
Stream Bit: 1
Stream Length: 5 (binary: 00000101)
  Data[0]: 01001010 -> 4a
  Data[1]: 10110010 -> b2
  Data[2]: 00010100 -> 14
  Data[3]: 01010011 -> 53
  Data[4]: 01000000 -> 40

Address #86: 010011
RDWR Bit: 0
Stream Bit: 0
Exchange: 00011001

Address #87: 001110
RDWR Bit: 0
Stream Bit: 1
Stream Length: 1 (binary: 00000001)
  Data[0]: 11111010 -> fa

Address #88: 110101
RDWR Bit: 0
Stream Bit: 1
Stream Length: 8 (binary: 00001000)
  Data[0]: 11011110 -> de
  Data[1]: 10000111 -> 87
  Data[2]: 11110111 -> f7
  Data[3]: 01000111 -> 47
  Data[4]: 10000101 -> 85
  Data[5]: 00001100 -> 0c
  Data[6]: 10001110 -> 8e
  Data[7]: 01010000 -> 50

Address #93: 110101
RDWR Bit: 1
Stream Bit: 1
Stream Length: 4 (binary: 00000100)
  Data[0]: 01010100 -> 54
  Data[1]: 11010110 -> d6
  Data[2]: 00100011 -> 23
  Data[3]: 11010010 -> d2

Address #96: 100100
RDWR Bit: 1
Stream Bit: 1
Stream Length: 31 (binary: 00011111)
  Data[0]: 01111110 -> 7e
  Data[1]: 00100011 -> 23
  Data[2]: 01100110 -> 66
  Data[3]: 11010011 -> d3
  Data[4]: 01011110 -> 5e
  Data[5]: 00110111 -> 37
  Data[6]: 10011111 -> 9f
  Data[7]: 01110010 -> 72
  Data[8]: 01001011 -> 4b
  Data[9]: 00100010 -> 22
  Data[10]: 01011010 -> 5a
  Data[11]: 00100000 -> 20
  Data[12]: 00100000 -> 20
  Data[13]: 00001100 -> 0c
  Data[14]: 00011010 -> 1a
  Data[15]: 10011000 -> 98
  Data[16]: 10100010 -> a2
  Data[17]: 10010101 -> 95
  Data[18]: 01100101 -> 65
  Data[19]: 10111000 -> b8
  Data[20]: 00110010 -> 32
  Data[21]: 01111101 -> 7d
  Data[22]: 00000000 -> 00
  Data[23]: 01011111 -> 5f
  Data[24]: 10110001 -> b1
  Data[25]: 10011101 -> 9d
  Data[26]: 11011001 -> d9
  Data[27]: 11000110 -> c6
  Data[28]: 01000010 -> 42
  Data[29]: 01010110 -> 56
  Data[30]: 01110101 -> 75

Address #113: 000001
RDWR Bit: 1
Stream Bit: 0
Exchange: 10001101

Address #114: 111000
RDWR Bit: 1
Stream Bit: 0
Exchange: 10011001

Address #115: 101011
RDWR Bit: 1
Stream Bit: 0
Exchange: 00111001

Address #116: 000110
RDWR Bit: 0
Stream Bit: 1
Stream Length: 21 (binary: 00010101)
  Data[0]: 10000001 -> 81
  Data[1]: 01100001 -> 61
  Data[2]: 10110110 -> b6
  Data[3]: 11010110 -> d6
  Data[4]: 11010000 -> d0
  Data[5]: 01011111 -> 5f
  Data[6]: 11000101 -> c5
  Data[7]: 01110111 -> 77
  Data[8]: 00001111 -> 0f
  Data[9]: 11011111 -> df
  Data[10]: 00011011 -> 1b
  Data[11]: 01010111 -> 57
  Data[12]: 00100011 -> 23
  Data[13]: 01011001 -> 59
  Data[14]: 01111010 -> 7a
  Data[15]: 00111100 -> 3c
  Data[16]: 01001000 -> 48
  Data[17]: 10000101 -> 85
  Data[18]: 01111111 -> 7f
  Data[19]: 00110100 -> 34
  Data[20]: 01110011 -> 73

Address #127: 101011
RDWR Bit: 1
Stream Bit: 1
Stream Length: 4 (binary: 00000100)
  Data[0]: 11101000 -> e8
  Data[1]: 11001100 -> cc
  Data[2]: 10101011 -> ab
  Data[3]: 01100001 -> 61

Address #130: 101001
RDWR Bit: 0
Stream Bit: 1
Stream Length: 4 (binary: 00000100)
  Data[0]: 10001000 -> 88
  Data[1]: 01100000 -> 60
  Data[2]: 11010111 -> d7
  Data[3]: 01101000 -> 68

Address #133: 110110
RDWR Bit: 0
Stream Bit: 0
Exchange: 10110001

Address #134: 111100
RDWR Bit: 0
Stream Bit: 1
Stream Length: 11 (binary: 00001011)
  Data[0]: 00110011 -> 33
  Data[1]: 10010010 -> 92
  Data[2]: 00011001 -> 19
  Data[3]: 01100101 -> 65
  Data[4]: 01111111 -> 7f
  Data[5]: 00011101 -> 1d
  Data[6]: 00101010 -> 2a
  Data[7]: 10101010 -> aa
  Data[8]: 11111110 -> fe
  Data[9]: 01110000 -> 70
  Data[10]: 11011100 -> dc

Address #141: 011100
RDWR Bit: 0
Stream Bit: 1
Stream Length: 19 (binary: 00010011)
  Data[0]: 01110001 -> 71
  Data[1]: 01000101 -> 45
  Data[2]: 11010011 -> d3
  Data[3]: 10000111 -> 87
  Data[4]: 00100101 -> 25
  Data[5]: 10001100 -> 8c
  Data[6]: 01110001 -> 71
  Data[7]: 11110101 -> f5
  Data[8]: 10110101 -> b5
  Data[9]: 01000110 -> 46
  Data[10]: 01100101 -> 65
  Data[11]: 11011111 -> df
  Data[12]: 10011000 -> 98
  Data[13]: 10101001 -> a9
  Data[14]: 10110101 -> b5
  Data[15]: 01100011 -> 63
  Data[16]: 10000110 -> 86
  Data[17]: 10010010 -> 92
  Data[18]: 10100010 -> a2

Address #151: 011011
RDWR Bit: 1
Stream Bit: 1
Stream Length: 27 (binary: 00011011)
  Data[0]: 10100000 -> a0
  Data[1]: 00000111 -> 07
  Data[2]: 01000100 -> 44
  Data[3]: 11111110 -> fe
  Data[4]: 10001111 -> 8f
  Data[5]: 00111110 -> 3e
  Data[6]: 01111011 -> 7b
  Data[7]: 00111101 -> 3d
  Data[8]: 11001100 -> cc
  Data[9]: 00011011 -> 1b
  Data[10]: 10111110 -> be
  Data[11]: 11100100 -> e4
  Data[12]: 01110110 -> 76
  Data[13]: 01101000 -> 68
  Data[14]: 00001011 -> 0b
  Data[15]: 11100011 -> e3
  Data[16]: 11001011 -> cb
  Data[17]: 00010000 -> 10
  Data[18]: 11011001 -> d9
  Data[19]: 00011111 -> 1f
  Data[20]: 10100001 -> a1
  Data[21]: 00001001 -> 09
  Data[22]: 10010111 -> 97
  Data[23]: 10011011 -> 9b
  Data[24]: 11110101 -> f5
  Data[25]: 10110000 -> b0
  Data[26]: 11001001 -> c9

Address #166: 101110
RDWR Bit: 0
Stream Bit: 0
Exchange: 11010010

Address #167: 011001
RDWR Bit: 1
Stream Bit: 0
Exchange: 00000000

Address #168: 110100
RDWR Bit: 0
Stream Bit: 0
Exchange: 10110111

Address #169: 000000
RDWR Bit: 0
Stream Bit: 1
Stream Length: 10 (binary: 00001010)
  Data[0]: 01010110 -> 56
  Data[1]: 10010011 -> 93
  Data[2]: 11100110 -> e6
  Data[3]: 10101111 -> af
  Data[4]: 11101111 -> ef
  Data[5]: 11111000 -> f8
  Data[6]: 10001101 -> 8d
  Data[7]: 00001100 -> 0c
  Data[8]: 01011001 -> 59
  Data[9]: 00010001 -> 11

Address #175: 111011
RDWR Bit: 0
Stream Bit: 1
Stream Length: 20 (binary: 00010100)
  Data[0]: 01111010 -> 7a
  Data[1]: 00010011 -> 13
  Data[2]: 01100011 -> 63
  Data[3]: 00011010 -> 1a
  Data[4]: 10011101 -> 9d
  Data[5]: 00010101 -> 15
  Data[6]: 11001011 -> cb
  Data[7]: 10010101 -> 95
  Data[8]: 00110110 -> 36
  Data[9]: 01001011 -> 4b
  Data[10]: 00011101 -> 1d
  Data[11]: 10101111 -> af
  Data[12]: 10010100 -> 94
  Data[13]: 11001000 -> c8
  Data[14]: 00111011 -> 3b
  Data[15]: 11011010 -> da
  Data[16]: 11011101 -> dd
  Data[17]: 00100011 -> 23
  Data[18]: 10110000 -> b0
  Data[19]: 10001010 -> 8a

Address #186: 111101
RDWR Bit: 0
Stream Bit: 1
Stream Length: 28 (binary: 00011100)
  Data[0]: 10001010 -> 8a
  Data[1]: 00010111 -> 17
  Data[2]: 01110011 -> 73
  Data[3]: 00000111 -> 07
  Data[4]: 11110011 -> f3
  Data[5]: 00110111 -> 37
  Data[6]: 11011001 -> d9
  Data[7]: 00010000 -> 10
  Data[8]: 10011101 -> 9d
  Data[9]: 01110011 -> 73
  Data[10]: 10010001 -> 91
  Data[11]: 11111011 -> fb
  Data[12]: 10111001 -> b9
  Data[13]: 01001101 -> 4d
  Data[14]: 11011001 -> d9
  Data[15]: 00011100 -> 1c
  Data[16]: 00000100 -> 04
  Data[17]: 11001111 -> cf
  Data[18]: 01011010 -> 5a
  Data[19]: 00111111 -> 3f
  Data[20]: 10110101 -> b5
  Data[21]: 10110000 -> b0
  Data[22]: 00010111 -> 17
  Data[23]: 10000010 -> 82
  Data[24]: 00100100 -> 24
  Data[25]: 11111110 -> fe
  Data[26]: 11100000 -> e0
  Data[27]: 10001001 -> 89

Address #201: 100011
RDWR Bit: 0
Stream Bit: 0
Exchange: 00111000

Address #202: 111001
RDWR Bit: 0
Stream Bit: 1
Stream Length: 16 (binary: 00010000)
  Data[0]: 00011110 -> 1e
  Data[1]: 00100010 -> 22
  Data[2]: 01001001 -> 49
  Data[3]: 10101011 -> ab
  Data[4]: 01010000 -> 50
  Data[5]: 00001001 -> 09
  Data[6]: 10001110 -> 8e
  Data[7]: 01001011 -> 4b
  Data[8]: 01011000 -> 58
  Data[9]: 11001110 -> ce
  Data[10]: 01111010 -> 7a
  Data[11]: 10000111 -> 87
  Data[12]: 11111101 -> fd
  Data[13]: 01101111 -> 6f
  Data[14]: 01001110 -> 4e
  Data[15]: 10001010 -> 8a

Address #211: 010110
RDWR Bit: 0
Stream Bit: 0
Exchange: 11000011

Address #212: 010010
RDWR Bit: 0
Stream Bit: 0
Exchange: 00110110

Address #213: 101110
RDWR Bit: 1
Stream Bit: 1
Stream Length: 4 (binary: 00000100)
  Data[0]: 00000101 -> 05
  Data[1]: 00001101 -> 0d
  Data[2]: 11111101 -> fd
  Data[3]: 10101111 -> af

Address #216: 110111
RDWR Bit: 0
Stream Bit: 1
Stream Length: 1 (binary: 00000001)
  Data[0]: 11111000 -> f8

Address #217: 110110
RDWR Bit: 0
Stream Bit: 1
Stream Length: 13 (binary: 00001101)
  Data[0]: 10110000 -> b0
  Data[1]: 11110100 -> f4
  Data[2]: 10000011 -> 83
  Data[3]: 11100100 -> e4
  Data[4]: 11110000 -> f0
  Data[5]: 01011110 -> 5e
  Data[6]: 11100001 -> e1
  Data[7]: 01101000 -> 68
  Data[8]: 11100011 -> e3
  Data[9]: 00101010 -> 2a
  Data[10]: 01000101 -> 45
  Data[11]: 01100110 -> 66
  Data[12]: 00010001 -> 11

Address #225: 001001
RDWR Bit: 1
Stream Bit: 0
Exchange: 10111110

Address #226: 010101
RDWR Bit: 1
Stream Bit: 0
Exchange: 00011100

Address #227: 000101
RDWR Bit: 1
Stream Bit: 1
Stream Length: 13 (binary: 00001101)
  Data[0]: 10100000 -> a0
  Data[1]: 10100101 -> a5
  Data[2]: 00110010 -> 32
  Data[3]: 10001110 -> 8e
  Data[4]: 11101010 -> ea
  Data[5]: 11000111 -> c7
  Data[6]: 10010011 -> 93
  Data[7]: 11001000 -> c8
  Data[8]: 10001000 -> 88
  Data[9]: 01110000 -> 70
  Data[10]: 11011101 -> dd
  Data[11]: 10101110 -> ae
  Data[12]: 11111010 -> fa

Address #234: 110110
RDWR Bit: 0
Stream Bit: 0
Exchange: 10111011

Address #235: 101101
RDWR Bit: 0
Stream Bit: 1
Stream Length: 4 (binary: 00000100)
  Data[0]: 11100000 -> e0
  Data[1]: 10110001 -> b1
  Data[2]: 01011111 -> 5f
  Data[3]: 11000011 -> c3

Address #238: 101001
RDWR Bit: 1
Stream Bit: 0
Exchange: 00100010

Address #239: 111101
RDWR Bit: 0
Stream Bit: 0
Exchange: 10100101

Address #240: 110101
RDWR Bit: 0
Stream Bit: 0
Exchange: 10011011

Address #241: 100000
RDWR Bit: 0
Stream Bit: 1
Stream Length: 5 (binary: 00000101)
  Data[0]: 00111000 -> 38
  Data[1]: 10010000 -> 90
  Data[2]: 10010101 -> 95
  Data[3]: 00101001 -> 29
  Data[4]: 10000101 -> 85

Address #245: 001111
RDWR Bit: 1
Stream Bit: 0
Exchange: 01110000

Address #246: 001011
RDWR Bit: 1
Stream Bit: 0
Exchange: 01111001

Address #247: 000101
RDWR Bit: 0
Stream Bit: 1
Stream Length: 5 (binary: 00000101)
  Data[0]: 11100010 -> e2
  Data[1]: 00100000 -> 20
  Data[2]: 10100110 -> a6
  Data[3]: 00100110 -> 26
  Data[4]: 01011110 -> 5e

Address #250: 010000
RDWR Bit: 1
Stream Bit: 1
Stream Length: 31 (binary: 00011111)
  Data[0]: 01010001 -> 51
  Data[1]: 11001101 -> cd
  Data[2]: 10001000 -> 88
  Data[3]: 01011100 -> 5c
  Data[4]: 11110010 -> f2
  Data[5]: 00101110 -> 2e
  Data[6]: 00111001 -> 39
  Data[7]: 11011001 -> d9
  Data[8]: 11111100 -> fc
  Data[9]: 00011010 -> 1a
  Data[10]: 10001100 -> 8c
  Data[11]: 01001101 -> 4d
  Data[12]: 10010111 -> 97
  Data[13]: 10110101 -> b5
  Data[14]: 01100111 -> 67
  Data[15]: 10001001 -> 89
  Data[16]: 00101011 -> 2b
  Data[17]: 01010011 -> 53
  Data[18]: 00110010 -> 32
  Data[19]: 10100110 -> a6
  Data[20]: 01011101 -> 5d
  Data[21]: 11010000 -> d0
  Data[22]: 00111010 -> 3a
  Data[23]: 10000010 -> 82
  Data[24]: 10101000 -> a8
  Data[25]: 01011111 -> 5f
  Data[26]: 01001100 -> 4c
  Data[27]: 11111111 -> ff
  Data[28]: 10001011 -> 8b
  Data[29]: 00011110 -> 1e
  Data[30]: 01110000 -> 70

Address #267: 101110
RDWR Bit: 1
Stream Bit: 0
Exchange: 11101001

Address #268: 100110
RDWR Bit: 0
Stream Bit: 0
Exchange: 01000100
