Read a waves file with 6 signals and 9459 samples...
Input has these signals:
	* sclk (1 bits)
	* mosi (1 bits)
	* miso (1 bits)
	* ss (1 bits)
	* cpol (1 bits)
	* cpha (1 bits)

Address #1: 000101
RDWR Bit: 1
Stream Bit: 1
Stream Length: 31 (binary: 00011111)
  Data[0]: 10011111 -> 9f
  Data[1]: 10010000 -> 90
  Data[2]: 00100110 -> 26
  Data[3]: 10010000 -> 90
  Data[4]: 10010100 -> 94
  Data[5]: 11111110 -> fe
  Data[6]: 10000001 -> 81
  Data[7]: 10110111 -> b7
  Data[8]: 11101100 -> ec
  Data[9]: 01000101 -> 45
  Data[10]: 00010011 -> 13
  Data[11]: 11000001 -> c1
  Data[12]: 00101001 -> 29
  Data[13]: 00011001 -> 19
  Data[14]: 00110000 -> 30
  Data[15]: 10000111 -> 87
  Data[16]: 10011110 -> 9e
  Data[17]: 01110001 -> 71
  Data[18]: 01000011 -> 43
  Data[19]: 10010001 -> 91
  Data[20]: 01111110 -> 7e
  Data[21]: 11111001 -> f9
  Data[22]: 00100000 -> 20
  Data[23]: 00110101 -> 35
  Data[24]: 11010101 -> d5
  Data[25]: 01001011 -> 4b
  Data[26]: 10111000 -> b8
  Data[27]: 01100000 -> 60
  Data[28]: 00110110 -> 36
  Data[29]: 01001001 -> 49
  Data[30]: 01100101 -> 65

Address #17: 001100
RDWR Bit: 1
Stream Bit: 0
Exchange: 11101100

Address #18: 101101
RDWR Bit: 0
Stream Bit: 0
Exchange: 11111001

Address #19: 010100
RDWR Bit: 1
Stream Bit: 1
Stream Length: 10 (binary: 00001010)
  Data[0]: 00000111 -> 07
  Data[1]: 10111101 -> bd
  Data[2]: 11101101 -> ed
  Data[3]: 11000010 -> c2
  Data[4]: 00001110 -> 0e
  Data[5]: 11111000 -> f8
  Data[6]: 10100110 -> a6
  Data[7]: 00000100 -> 04
  Data[8]: 01101100 -> 6c
  Data[9]: 01111100 -> 7c

Address #25: 001001
RDWR Bit: 1
Stream Bit: 0
Exchange: 01110110

Address #26: 101100
RDWR Bit: 1
Stream Bit: 1
Stream Length: 6 (binary: 00000110)
  Data[0]: 10111001 -> b9
  Data[1]: 11001001 -> c9
  Data[2]: 01110001 -> 71
  Data[3]: 01011110 -> 5e
  Data[4]: 11110111 -> f7
  Data[5]: 00100001 -> 21

Address #30: 100000
RDWR Bit: 1
Stream Bit: 1
Stream Length: 8 (binary: 00001000)
  Data[0]: 00000011 -> 03
  Data[1]: 00001101 -> 0d
  Data[2]: 11011000 -> d8
  Data[3]: 10100000 -> a0
  Data[4]: 00110010 -> 32
  Data[5]: 10010011 -> 93
  Data[6]: 10100000 -> a0
  Data[7]: 00000100 -> 04

Address #35: 010010
RDWR Bit: 0
Stream Bit: 0
Exchange: 00111110

Address #36: 010110
RDWR Bit: 0
Stream Bit: 1
Stream Length: 3 (binary: 00000011)
  Data[0]: 01011110 -> 5e
  Data[1]: 00101111 -> 2f
  Data[2]: 10110110 -> b6

Address #39: 100001
RDWR Bit: 0
Stream Bit: 0
Exchange: 11001000

Address #40: 111110
RDWR Bit: 0
Stream Bit: 1
Stream Length: 11 (binary: 00001011)
  Data[0]: 00010101 -> 15
  Data[1]: 11101101 -> ed
  Data[2]: 11010000 -> d0
  Data[3]: 00011010 -> 1a
  Data[4]: 00001101 -> 0d
  Data[5]: 00101111 -> 2f
  Data[6]: 10101000 -> a8
  Data[7]: 11111000 -> f8
  Data[8]: 01000111 -> 47
  Data[9]: 10110110 -> b6
  Data[10]: 10100111 -> a7

Address #46: 100110
RDWR Bit: 0
Stream Bit: 1
Stream Length: 3 (binary: 00000011)
  Data[0]: 10000011 -> 83
  Data[1]: 11111001 -> f9
  Data[2]: 00100100 -> 24

Address #49: 111111
RDWR Bit: 0
Stream Bit: 0
Exchange: 11001001

Address #50: 000111
RDWR Bit: 1
Stream Bit: 0
Exchange: 10010000

Address #51: 100000
RDWR Bit: 0
Stream Bit: 0
Exchange: 01010110

Address #52: 010010
RDWR Bit: 1
Stream Bit: 1
Stream Length: 11 (binary: 00001011)
  Data[0]: 01010001 -> 51
  Data[1]: 00111001 -> 39
  Data[2]: 11101100 -> ec
  Data[3]: 11101111 -> ef
  Data[4]: 10011011 -> 9b
  Data[5]: 11100101 -> e5
  Data[6]: 01010101 -> 55
  Data[7]: 00100110 -> 26
  Data[8]: 11111111 -> ff
  Data[9]: 00101110 -> 2e
  Data[10]: 11100001 -> e1

Address #58: 001010
RDWR Bit: 1
Stream Bit: 0
Exchange: 01110001

Address #59: 100011
RDWR Bit: 0
Stream Bit: 0
Exchange: 01010111

Address #60: 000111
RDWR Bit: 1
Stream Bit: 0
Exchange: 00010011

Address #61: 000001
RDWR Bit: 0
Stream Bit: 1
Stream Length: 11 (binary: 00001011)
  Data[0]: 01100100 -> 64
  Data[1]: 11001101 -> cd
  Data[2]: 01111100 -> 7c
  Data[3]: 00001011 -> 0b
  Data[4]: 11100010 -> e2
  Data[5]: 01011010 -> 5a
  Data[6]: 01011110 -> 5e
  Data[7]: 11101111 -> ef
  Data[8]: 11111101 -> fd
  Data[9]: 10001111 -> 8f
  Data[10]: 00001010 -> 0a

Address #68: 000010
RDWR Bit: 1
Stream Bit: 0
Exchange: 00100101

Address #69: 001111
RDWR Bit: 0
Stream Bit: 1
Stream Length: 9 (binary: 00001001)
  Data[0]: 00100111 -> 27
  Data[1]: 01111100 -> 7c
  Data[2]: 01111011 -> 7b
  Data[3]: 00110001 -> 31
  Data[4]: 00110101 -> 35
  Data[5]: 00010001 -> 11
  Data[6]: 10111111 -> bf
  Data[7]: 11111011 -> fb
  Data[8]: 01000011 -> 43

Address #74: 010011
RDWR Bit: 0
Stream Bit: 1
Stream Length: 5 (binary: 00000101)
  Data[0]: 01010001 -> 51
  Data[1]: 01010101 -> 55
  Data[2]: 00010001 -> 11
  Data[3]: 00001010 -> 0a
  Data[4]: 10001010 -> 8a

Address #78: 011000
RDWR Bit: 0
Stream Bit: 1
Stream Length: 30 (binary: 00011110)
  Data[0]: 11110001 -> f1
  Data[1]: 00111001 -> 39
  Data[2]: 11111000 -> f8
  Data[3]: 00100101 -> 25
  Data[4]: 00100001 -> 21
  Data[5]: 01011000 -> 58
  Data[6]: 01101111 -> 6f
  Data[7]: 10110010 -> b2
  Data[8]: 00011100 -> 1c
  Data[9]: 10111100 -> bc
  Data[10]: 00011011 -> 1b
  Data[11]: 01100101 -> 65
  Data[12]: 01101100 -> 6c
  Data[13]: 01000000 -> 40
  Data[14]: 10001111 -> 8f
  Data[15]: 10011011 -> 9b
  Data[16]: 01100000 -> 60
  Data[17]: 00110011 -> 33
  Data[18]: 10110011 -> b3
  Data[19]: 00001011 -> 0b
  Data[20]: 00111111 -> 3f
  Data[21]: 11110011 -> f3
  Data[22]: 10010100 -> 94
  Data[23]: 00010101 -> 15
  Data[24]: 10001010 -> 8a
  Data[25]: 11011100 -> dc
  Data[26]: 01101000 -> 68
  Data[27]: 01101100 -> 6c
  Data[28]: 10101101 -> ad
  Data[29]: 11100011 -> e3

Address #94: 001011
RDWR Bit: 0
Stream Bit: 1
Stream Length: 21 (binary: 00010101)
  Data[0]: 11111010 -> fa
  Data[1]: 00011110 -> 1e
  Data[2]: 10101001 -> a9
  Data[3]: 10010010 -> 92
  Data[4]: 01110110 -> 76
  Data[5]: 11010101 -> d5
  Data[6]: 10101101 -> ad
  Data[7]: 10111000 -> b8
  Data[8]: 01011110 -> 5e
  Data[9]: 00001000 -> 08
  Data[10]: 11000100 -> c4
  Data[11]: 00010111 -> 17
  Data[12]: 01001111 -> 4f
  Data[13]: 01001001 -> 49
  Data[14]: 00010111 -> 17
  Data[15]: 01011010 -> 5a
  Data[16]: 01100010 -> 62
  Data[17]: 00100001 -> 21
  Data[18]: 01000111 -> 47
  Data[19]: 10000110 -> 86
  Data[20]: 00000110 -> 06

Address #105: 110100
RDWR Bit: 1
Stream Bit: 0
Exchange: 10011001

Address #106: 110001
RDWR Bit: 0
Stream Bit: 0
Exchange: 01111000

Address #107: 110001
RDWR Bit: 1
Stream Bit: 0
Exchange: 11100110

Address #108: 100010
RDWR Bit: 1
Stream Bit: 0
Exchange: 00110100

Address #109: 000111
RDWR Bit: 1
Stream Bit: 0
Exchange: 00010011

Address #110: 001011
RDWR Bit: 1
Stream Bit: 0
Exchange: 01111111

Address #111: 110101
RDWR Bit: 1
Stream Bit: 1
Stream Length: 31 (binary: 00011111)
  Data[0]: 00110100 -> 34
  Data[1]: 11001000 -> c8
  Data[2]: 10000101 -> 85
  Data[3]: 01101000 -> 68
  Data[4]: 10111110 -> be
  Data[5]: 11011101 -> dd
  Data[6]: 10010011 -> 93
  Data[7]: 00010100 -> 14
  Data[8]: 01011111 -> 5f
  Data[9]: 00011100 -> 1c
  Data[10]: 00001101 -> 0d
  Data[11]: 00010000 -> 10
  Data[12]: 01011100 -> 5c
  Data[13]: 00001011 -> 0b
  Data[14]: 00100011 -> 23
  Data[15]: 00110011 -> 33
  Data[16]: 00100101 -> 25
  Data[17]: 00101001 -> 29
  Data[18]: 00101011 -> 2b
  Data[19]: 11010101 -> d5
  Data[20]: 00111001 -> 39
  Data[21]: 01101101 -> 6d
  Data[22]: 00000010 -> 02
  Data[23]: 01111110 -> 7e
  Data[24]: 11010011 -> d3
  Data[25]: 11010000 -> d0
  Data[26]: 00111000 -> 38
  Data[27]: 00110101 -> 35
  Data[28]: 01110010 -> 72
  Data[29]: 01111101 -> 7d
  Data[30]: 01011001 -> 59

Address #128: 011100
RDWR Bit: 0
Stream Bit: 1
Stream Length: 21 (binary: 00010101)
  Data[0]: 11000000 -> c0
  Data[1]: 11000011 -> c3
  Data[2]: 00001011 -> 0b
  Data[3]: 00001010 -> 0a
  Data[4]: 01001111 -> 4f
  Data[5]: 10001110 -> 8e
  Data[6]: 10110101 -> b5
  Data[7]: 00011111 -> 1f
  Data[8]: 10110000 -> b0
  Data[9]: 01100011 -> 63
  Data[10]: 11111011 -> fb
  Data[11]: 00110110 -> 36
  Data[12]: 11110000 -> f0
  Data[13]: 01110000 -> 70
  Data[14]: 11100001 -> e1
  Data[15]: 00101000 -> 28
  Data[16]: 01011101 -> 5d
  Data[17]: 11110000 -> f0
  Data[18]: 00111011 -> 3b
  Data[19]: 10001101 -> 8d
  Data[20]: 11100101 -> e5

Address #139: 101110
RDWR Bit: 0
Stream Bit: 0
Exchange: 11011001

Address #140: 111111
RDWR Bit: 0
Stream Bit: 0
Exchange: 10111101

Address #141: 000100
RDWR Bit: 0
Stream Bit: 1
Stream Length: 3 (binary: 00000011)
  Data[0]: 01110111 -> 77
  Data[1]: 11110000 -> f0
  Data[2]: 10001000 -> 88

Address #144: 100101
RDWR Bit: 0
Stream Bit: 0
Exchange: 10010010

Address #145: 001000
RDWR Bit: 0
Stream Bit: 1
Stream Length: 8 (binary: 00001000)
  Data[0]: 01011100 -> 5c
  Data[1]: 00111000 -> 38
  Data[2]: 10100000 -> a0
  Data[3]: 00001111 -> 0f
  Data[4]: 00011111 -> 1f
  Data[5]: 01010100 -> 54
  Data[6]: 01000100 -> 44
  Data[7]: 11011111 -> df

Address #150: 110000
RDWR Bit: 0
Stream Bit: 0
Exchange: 11100001

Address #151: 011010
RDWR Bit: 1
Stream Bit: 1
Stream Length: 10 (binary: 00001010)
  Data[0]: 01101001 -> 69
  Data[1]: 11110001 -> f1
  Data[2]: 10111100 -> bc
  Data[3]: 01110010 -> 72
  Data[4]: 11110000 -> f0
  Data[5]: 11101111 -> ef
  Data[6]: 01010100 -> 54
  Data[7]: 10001111 -> 8f
  Data[8]: 00110110 -> 36
  Data[9]: 10000000 -> 80

Address #157: 011111
RDWR Bit: 0
Stream Bit: 1
Stream Length: 25 (binary: 00011001)
  Data[0]: 10101111 -> af
  Data[1]: 01100111 -> 67
  Data[2]: 11011001 -> d9
  Data[3]: 00010111 -> 17
  Data[4]: 01000010 -> 42
  Data[5]: 01110000 -> 70
  Data[6]: 11100001 -> e1
  Data[7]: 00100011 -> 23
  Data[8]: 11010001 -> d1
  Data[9]: 00000111 -> 07
  Data[10]: 10111001 -> b9
  Data[11]: 00110011 -> 33
  Data[12]: 11100101 -> e5
  Data[13]: 11110001 -> f1
  Data[14]: 00000000 -> 00
  Data[15]: 00000011 -> 03
  Data[16]: 00100110 -> 26
  Data[17]: 00011100 -> 1c
  Data[18]: 10101000 -> a8
  Data[19]: 10011010 -> 9a
  Data[20]: 10110011 -> b3
  Data[21]: 11001000 -> c8
  Data[22]: 01000010 -> 42
  Data[23]: 10010110 -> 96
  Data[24]: 10100100 -> a4

Address #170: 011100
RDWR Bit: 1
Stream Bit: 0
Exchange: 01001110

Address #171: 100111
RDWR Bit: 0
Stream Bit: 1
Stream Length: 11 (binary: 00001011)
  Data[0]: 11011010 -> da
  Data[1]: 00000000 -> 00
  Data[2]: 11010100 -> d4
  Data[3]: 00010100 -> 14
  Data[4]: 01101001 -> 69
  Data[5]: 11111111 -> ff
  Data[6]: 01010100 -> 54
  Data[7]: 00010001 -> 11
  Data[8]: 00000011 -> 03
  Data[9]: 01110111 -> 77
  Data[10]: 11001110 -> ce

Address #178: 111110
RDWR Bit: 0
Stream Bit: 0
Exchange: 10011000

Address #179: 110001
RDWR Bit: 0
Stream Bit: 0
Exchange: 00010110

Address #180: 101110
RDWR Bit: 0
Stream Bit: 0
Exchange: 00101110

Address #181: 000110
RDWR Bit: 0
Stream Bit: 1
Stream Length: 9 (binary: 00001001)
  Data[0]: 01001001 -> 49
  Data[1]: 00001100 -> 0c
  Data[2]: 11010110 -> d6
  Data[3]: 10100111 -> a7
  Data[4]: 00100000 -> 20
  Data[5]: 10000111 -> 87
  Data[6]: 01010000 -> 50
  Data[7]: 10010000 -> 90
  Data[8]: 11011000 -> d8

Address #186: 011100
RDWR Bit: 0
Stream Bit: 1
Stream Length: 23 (binary: 00010111)
  Data[0]: 10100010 -> a2
  Data[1]: 11110001 -> f1
  Data[2]: 01010111 -> 57
  Data[3]: 00001011 -> 0b
  Data[4]: 10001100 -> 8c
  Data[5]: 11110011 -> f3
  Data[6]: 10000001 -> 81
  Data[7]: 11001001 -> c9
  Data[8]: 01101001 -> 69
  Data[9]: 00010110 -> 16
  Data[10]: 01110100 -> 74
  Data[11]: 01101110 -> 6e
  Data[12]: 01011010 -> 5a
  Data[13]: 00100001 -> 21
  Data[14]: 11101111 -> ef
  Data[15]: 00111101 -> 3d
  Data[16]: 01000100 -> 44
  Data[17]: 10010000 -> 90
  Data[18]: 01001001 -> 49
  Data[19]: 00001001 -> 09
  Data[20]: 10111110 -> be
  Data[21]: 10001001 -> 89
  Data[22]: 11011101 -> dd

Address #199: 011101
RDWR Bit: 0
Stream Bit: 1
Stream Length: 22 (binary: 00010110)
  Data[0]: 10111100 -> bc
  Data[1]: 00110101 -> 35
  Data[2]: 00011001 -> 19
  Data[3]: 10011000 -> 98
  Data[4]: 00000001 -> 01
  Data[5]: 10110111 -> b7
  Data[6]: 01011011 -> 5b
  Data[7]: 00010001 -> 11
  Data[8]: 01010011 -> 53
  Data[9]: 01011010 -> 5a
  Data[10]: 00110001 -> 31
  Data[11]: 01101111 -> 6f
  Data[12]: 11000011 -> c3
  Data[13]: 00011011 -> 1b
  Data[14]: 01110010 -> 72
  Data[15]: 11100101 -> e5
  Data[16]: 00001001 -> 09
  Data[17]: 01011000 -> 58
  Data[18]: 01111111 -> 7f
  Data[19]: 11010110 -> d6
  Data[20]: 11100110 -> e6
  Data[21]: 11010110 -> d6

Address #211: 100010
RDWR Bit: 0
Stream Bit: 0
Exchange: 11011000

Address #212: 101011
RDWR Bit: 0
Stream Bit: 0
Exchange: 10100100

Address #213: 111101
RDWR Bit: 1
Stream Bit: 0
Exchange: 01001001

Address #214: 010011
RDWR Bit: 1
Stream Bit: 0
Exchange: 11111100

Address #215: 111000
RDWR Bit: 0
Stream Bit: 1
Stream Length: 20 (binary: 00010100)
  Data[0]: 11110100 -> f4
  Data[1]: 10001101 -> 8d
  Data[2]: 11000000 -> c0
  Data[3]: 00100110 -> 26
  Data[4]: 01110110 -> 76
  Data[5]: 01101111 -> 6f
  Data[6]: 01001000 -> 48
  Data[7]: 11101000 -> e8
  Data[8]: 00101001 -> 29
  Data[9]: 10100001 -> a1
  Data[10]: 00000101 -> 05
  Data[11]: 00101100 -> 2c
  Data[12]: 11100011 -> e3
  Data[13]: 10111110 -> be
  Data[14]: 10101101 -> ad
  Data[15]: 01010000 -> 50
  Data[16]: 01101101 -> 6d
  Data[17]: 11100010 -> e2
  Data[18]: 01100011 -> 63
  Data[19]: 11110100 -> f4

Address #226: 110000
RDWR Bit: 1
Stream Bit: 1
Stream Length: 18 (binary: 00010010)
  Data[0]: 01101001 -> 69
  Data[1]: 11001001 -> c9
  Data[2]: 01110110 -> 76
  Data[3]: 00011110 -> 1e
  Data[4]: 01110101 -> 75
  Data[5]: 00010011 -> 13
  Data[6]: 10101011 -> ab
  Data[7]: 11010000 -> d0
  Data[8]: 01111011 -> 7b
  Data[9]: 01010100 -> 54
  Data[10]: 00110010 -> 32
  Data[11]: 11000000 -> c0
  Data[12]: 00011010 -> 1a
  Data[13]: 00111000 -> 38
  Data[14]: 11000101 -> c5
  Data[15]: 01010111 -> 57
  Data[16]: 11110101 -> f5
  Data[17]: 01000001 -> 41

Address #236: 100101
RDWR Bit: 0
Stream Bit: 1
Stream Length: 29 (binary: 00011101)
  Data[0]: 11000010 -> c2
  Data[1]: 11000001 -> c1
  Data[2]: 11100000 -> e0
  Data[3]: 10101100 -> ac
  Data[4]: 11000101 -> c5
  Data[5]: 10001100 -> 8c
  Data[6]: 00011101 -> 1d
  Data[7]: 10000111 -> 87
  Data[8]: 01101110 -> 6e
  Data[9]: 01111011 -> 7b
  Data[10]: 00100010 -> 22
  Data[11]: 00010001 -> 11
  Data[12]: 11100100 -> e4
  Data[13]: 11101010 -> ea
  Data[14]: 00010101 -> 15
  Data[15]: 10000101 -> 85
  Data[16]: 10101000 -> a8
  Data[17]: 01100010 -> 62
  Data[18]: 11110111 -> f7
  Data[19]: 10000101 -> 85
  Data[20]: 10111111 -> bf
  Data[21]: 00011101 -> 1d
  Data[22]: 10111111 -> bf
  Data[23]: 01011111 -> 5f
  Data[24]: 11110000 -> f0
  Data[25]: 00101000 -> 28
  Data[26]: 11011100 -> dc
  Data[27]: 01101101 -> 6d
  Data[28]: 10010011 -> 93

Address #251: 011010
RDWR Bit: 0
Stream Bit: 0
Exchange: 01101000

Address #252: 011101
RDWR Bit: 1
Stream Bit: 0
Exchange: 00111111

Address #253: 111110
RDWR Bit: 0
Stream Bit: 1
Stream Length: 11 (binary: 00001011)
  Data[0]: 00100011 -> 23
  Data[1]: 01010100 -> 54
  Data[2]: 11001011 -> cb
  Data[3]: 11111001 -> f9
  Data[4]: 11100011 -> e3
  Data[5]: 11010000 -> d0
  Data[6]: 00100101 -> 25
  Data[7]: 01001001 -> 49
  Data[8]: 11011110 -> de
  Data[9]: 01010100 -> 54
  Data[10]: 00101110 -> 2e

Address #260: 100000
RDWR Bit: 1
Stream Bit: 0
Exchange: 11011110

Address #261: 100010
RDWR Bit: 1
Stream Bit: 1
Stream Length: 24 (binary: 00011000)
  Data[0]: 11100001 -> e1
  Data[1]: 00010000 -> 10
  Data[2]: 01111010 -> 7a
  Data[3]: 01011011 -> 5b
  Data[4]: 11100101 -> e5
  Data[5]: 11001110 -> ce
  Data[6]: 01000100 -> 44
  Data[7]: 11110001 -> f1
  Data[8]: 00111101 -> 3d
  Data[9]: 11111001 -> f9
  Data[10]: 10011110 -> 9e
  Data[11]: 01001000 -> 48
  Data[12]: 11010011 -> d3
  Data[13]: 00101011 -> 2b
  Data[14]: 01000101 -> 45
  Data[15]: 01000100 -> 44
  Data[16]: 11111110 -> fe
  Data[17]: 00010101 -> 15
  Data[18]: 01000100 -> 44
  Data[19]: 11100000 -> e0
  Data[20]: 11000001 -> c1
  Data[21]: 11111000 -> f8
  Data[22]: 11010100 -> d4
  Data[23]: 10011110 -> 9e

Address #274: 100011
RDWR Bit: 1
Stream Bit: 0
Exchange: 01101110

Address #275: 001110
RDWR Bit: 0
Stream Bit: 1
Stream Length: 16 (binary: 00010000)
  Data[0]: 11101000 -> e8
  Data[1]: 11110010 -> f2
  Data[2]: 01101010 -> 6a
  Data[3]: 00100000 -> 20
  Data[4]: 01001010 -> 4a
  Data[5]: 01110010 -> 72
  Data[6]: 01010011 -> 53
  Data[7]: 11100001 -> e1
  Data[8]: 00011010 -> 1a
  Data[9]: 11111101 -> fd
  Data[10]: 10000001 -> 81
  Data[11]: 00110100 -> 34
  Data[12]: 01111110 -> 7e
  Data[13]: 01100000 -> 60
  Data[14]: 01011010 -> 5a
  Data[15]: 11000110 -> c6

Address #284: 010111
RDWR Bit: 1
Stream Bit: 1
Stream Length: 11 (binary: 00001011)
  Data[0]: 10010011 -> 93
  Data[1]: 01010101 -> 55
  Data[2]: 10101100 -> ac
  Data[3]: 00011100 -> 1c
  Data[4]: 10110010 -> b2
  Data[5]: 11100010 -> e2
  Data[6]: 11110010 -> f2
  Data[7]: 01011010 -> 5a
  Data[8]: 11010000 -> d0
  Data[9]: 11111101 -> fd
  Data[10]: 10000111 -> 87
