Read a waves file with 6 signals and 2243 samples...
Input has these signals:
	* sclk (1 bits)
	* mosi (1 bits)
	* miso (1 bits)
	* ss (1 bits)
	* cpol (1 bits)
	* cpha (1 bits)

Address #1: 001100
RDWR Bit: 0
Stream Bit: 0
Exchange: 00001010

Address #2: 011010
RDWR Bit: 1
Stream Bit: 0
Exchange: 11010000

Address #3: 101100
RDWR Bit: 0
Stream Bit: 0
Exchange: 01110001

Address #4: 100001
RDWR Bit: 1
Stream Bit: 0
Exchange: 01010101

Address #5: 000011
RDWR Bit: 1
Stream Bit: 0
Exchange: 10011011

Address #6: 111110
RDWR Bit: 0
Stream Bit: 0
Exchange: 01011000

Address #7: 111101
RDWR Bit: 1
Stream Bit: 0
Exchange: 11000101

Address #8: 100110
RDWR Bit: 1
Stream Bit: 0
Exchange: 11011000

Address #9: 110010
RDWR Bit: 1
Stream Bit: 0
Exchange: 10110110

Address #10: 111001
RDWR Bit: 0
Stream Bit: 0
Exchange: 10010011

Address #11: 011101
RDWR Bit: 1
Stream Bit: 0
Exchange: 00100100

Address #12: 110111
RDWR Bit: 0
Stream Bit: 0
Exchange: 10101011

Address #13: 101100
RDWR Bit: 0
Stream Bit: 0
Exchange: 01111011

Address #14: 000111
RDWR Bit: 0
Stream Bit: 0
Exchange: 00010101

Address #15: 100001
RDWR Bit: 0
Stream Bit: 0
Exchange: 01111001

Address #16: 000000
RDWR Bit: 1
Stream Bit: 0
Exchange: 01101101

Address #17: 010000
RDWR Bit: 1
Stream Bit: 0
Exchange: 01001110

Address #18: 100001
RDWR Bit: 0
Stream Bit: 0
Exchange: 11011001

Address #19: 101101
RDWR Bit: 0
Stream Bit: 0
Exchange: 00111110

Address #20: 100011
RDWR Bit: 0
Stream Bit: 0
Exchange: 11010101

Address #21: 101110
RDWR Bit: 0
Stream Bit: 0
Exchange: 11100001

Address #22: 011001
RDWR Bit: 0
Stream Bit: 0
Exchange: 10111011

Address #23: 001000
RDWR Bit: 0
Stream Bit: 0
Exchange: 01011101

Address #24: 010001
RDWR Bit: 0
Stream Bit: 0
Exchange: 00110111

Address #25: 000111
RDWR Bit: 1
Stream Bit: 0
Exchange: 10000100

Address #26: 010011
RDWR Bit: 1
Stream Bit: 0
Exchange: 00111000

Address #27: 010100
RDWR Bit: 0
Stream Bit: 0
Exchange: 10111001

Address #28: 110111
RDWR Bit: 0
Stream Bit: 0
Exchange: 00010011

Address #29: 111011
RDWR Bit: 0
Stream Bit: 0
Exchange: 11101001

Address #30: 011000
RDWR Bit: 1
Stream Bit: 0
Exchange: 10010111

Address #31: 101011
RDWR Bit: 0
Stream Bit: 0
Exchange: 11100110

Address #32: 100101
RDWR Bit: 1
Stream Bit: 0
Exchange: 11010110

Address #33: 010101
RDWR Bit: 1
Stream Bit: 0
Exchange: 00011011

Address #34: 100101
RDWR Bit: 1
Stream Bit: 0
Exchange: 01001001

Address #35: 010011
RDWR Bit: 0
Stream Bit: 0
Exchange: 11011111

Address #36: 001011
RDWR Bit: 1
Stream Bit: 0
Exchange: 01100000

Address #37: 111011
RDWR Bit: 0
Stream Bit: 0
Exchange: 11100101

Address #38: 011110
RDWR Bit: 1
Stream Bit: 0
Exchange: 10101011

Address #39: 101011
RDWR Bit: 1
Stream Bit: 0
Exchange: 10010110

Address #40: 100010
RDWR Bit: 0
Stream Bit: 0
Exchange: 11010010

Address #41: 100101
RDWR Bit: 0
Stream Bit: 0
Exchange: 00100001

Address #42: 010110
RDWR Bit: 0
Stream Bit: 0
Exchange: 10011110

Address #43: 000001
RDWR Bit: 0
Stream Bit: 0
Exchange: 01101010

Address #44: 101000
RDWR Bit: 1
Stream Bit: 0
Exchange: 01011100

Address #45: 011101
RDWR Bit: 0
Stream Bit: 0
Exchange: 10100101

Address #46: 001001
RDWR Bit: 0
Stream Bit: 0
Exchange: 10011011

Address #47: 101111
RDWR Bit: 0
Stream Bit: 0
Exchange: 00001111

Address #48: 110000
RDWR Bit: 1
Stream Bit: 0
Exchange: 11000111

Address #49: 001001
RDWR Bit: 0
Stream Bit: 0
Exchange: 00110110

Address #50: 100110
RDWR Bit: 1
Stream Bit: 0
Exchange: 10111100

Address #51: 110000
RDWR Bit: 1
Stream Bit: 0
Exchange: 10010011

Address #52: 101101
RDWR Bit: 1
Stream Bit: 0
Exchange: 01010101

Address #53: 110011
RDWR Bit: 0
Stream Bit: 0
Exchange: 00101010

Address #54: 101100
RDWR Bit: 1
Stream Bit: 0
Exchange: 01011000

Address #55: 110111
RDWR Bit: 1
Stream Bit: 0
Exchange: 01001101

Address #56: 000000
RDWR Bit: 1
Stream Bit: 0
Exchange: 11111010

Address #57: 101011
RDWR Bit: 0
Stream Bit: 0
Exchange: 11000100

Address #58: 010011
RDWR Bit: 1
Stream Bit: 0
Exchange: 01111100

Address #59: 100000
RDWR Bit: 1
Stream Bit: 0
Exchange: 00000011

Address #60: 001000
RDWR Bit: 1
Stream Bit: 0
Exchange: 00011010

Address #61: 100001
RDWR Bit: 1
Stream Bit: 0
Exchange: 11110100

Address #62: 111011
RDWR Bit: 1
Stream Bit: 0
Exchange: 10000001

Address #63: 011010
RDWR Bit: 0
Stream Bit: 0
Exchange: 00010001

Address #64: 001010
RDWR Bit: 0
Stream Bit: 0
Exchange: 00010011
