Read a waves file with 6 signals and 10115 samples...
Input has these signals:
	* sclk (1 bits)
	* mosi (1 bits)
	* miso (1 bits)
	* ss (1 bits)
	* cpol (1 bits)
	* cpha (1 bits)

Address #1: 111000
RDWR Bit: 1
Stream Bit: 1
Stream Length: 20 (binary: 00010100)
  Data[0]: 00111001 -> 39
  Data[1]: 01110110 -> 76
  Data[2]: 01110001 -> 71
  Data[3]: 11001010 -> ca
  Data[4]: 10010000 -> 90
  Data[5]: 01111110 -> 7e
  Data[6]: 11001111 -> cf
  Data[7]: 00110010 -> 32
  Data[8]: 11010110 -> d6
  Data[9]: 00011001 -> 19
  Data[10]: 00011100 -> 1c
  Data[11]: 00110011 -> 33
  Data[12]: 11111101 -> fd
  Data[13]: 01000010 -> 42
  Data[14]: 01011111 -> 5f
  Data[15]: 00111000 -> 38
  Data[16]: 01010111 -> 57
  Data[17]: 11000010 -> c2
  Data[18]: 00000100 -> 04
  Data[19]: 01010110 -> 56

Address #12: 010001
RDWR Bit: 1
Stream Bit: 1
Stream Length: 6 (binary: 00000110)
  Data[0]: 01010001 -> 51
  Data[1]: 10110001 -> b1
  Data[2]: 10100111 -> a7
  Data[3]: 11111000 -> f8
  Data[4]: 11100011 -> e3
  Data[5]: 11110001 -> f1

Address #16: 101010
RDWR Bit: 0
Stream Bit: 0
Exchange: 01101101

Address #17: 100001
RDWR Bit: 0
Stream Bit: 1
Stream Length: 13 (binary: 00001101)
  Data[0]: 00001111 -> 0f
  Data[1]: 00111100 -> 3c
  Data[2]: 11011111 -> df
  Data[3]: 11110110 -> f6
  Data[4]: 01011100 -> 5c
  Data[5]: 01010000 -> 50
  Data[6]: 00111011 -> 3b
  Data[7]: 11000110 -> c6
  Data[8]: 11000101 -> c5
  Data[9]: 01111010 -> 7a
  Data[10]: 00110110 -> 36
  Data[11]: 10111001 -> b9
  Data[12]: 00000000 -> 00

Address #24: 001110
RDWR Bit: 1
Stream Bit: 1
Stream Length: 23 (binary: 00010111)
  Data[0]: 10110110 -> b6
  Data[1]: 10000101 -> 85
  Data[2]: 11111001 -> f9
  Data[3]: 10010110 -> 96
  Data[4]: 00001101 -> 0d
  Data[5]: 00001011 -> 0b
  Data[6]: 11110110 -> f6
  Data[7]: 01111110 -> 7e
  Data[8]: 00011100 -> 1c
  Data[9]: 01110101 -> 75
  Data[10]: 10001010 -> 8a
  Data[11]: 01110000 -> 70
  Data[12]: 01011000 -> 58
  Data[13]: 11001011 -> cb
  Data[14]: 00110000 -> 30
  Data[15]: 11010100 -> d4
  Data[16]: 00100101 -> 25
  Data[17]: 00011011 -> 1b
  Data[18]: 10011100 -> 9c
  Data[19]: 11011001 -> d9
  Data[20]: 00111101 -> 3d
  Data[21]: 01010101 -> 55
  Data[22]: 01111000 -> 78

Address #37: 011000
RDWR Bit: 1
Stream Bit: 0
Exchange: 11110010

Address #38: 111010
RDWR Bit: 0
Stream Bit: 0
Exchange: 10001111

Address #39: 011110
RDWR Bit: 0
Stream Bit: 0
Exchange: 01000011

Address #40: 010101
RDWR Bit: 0
Stream Bit: 1
Stream Length: 8 (binary: 00001000)
  Data[0]: 01000000 -> 40
  Data[1]: 10000000 -> 80
  Data[2]: 11111100 -> fc
  Data[3]: 00100101 -> 25
  Data[4]: 00110101 -> 35
  Data[5]: 00100010 -> 22
  Data[6]: 10000011 -> 83
  Data[7]: 10011011 -> 9b

Address #45: 111110
RDWR Bit: 0
Stream Bit: 1
Stream Length: 30 (binary: 00011110)
  Data[0]: 10111011 -> bb
  Data[1]: 11111001 -> f9
  Data[2]: 00011011 -> 1b
  Data[3]: 01111000 -> 78
  Data[4]: 00010011 -> 13
  Data[5]: 11100111 -> e7
  Data[6]: 11011000 -> d8
  Data[7]: 00010111 -> 17
  Data[8]: 10111011 -> bb
  Data[9]: 00000011 -> 03
  Data[10]: 01100001 -> 61
  Data[11]: 00111000 -> 38
  Data[12]: 01010000 -> 50
  Data[13]: 11000111 -> c7
  Data[14]: 01011001 -> 59
  Data[15]: 01100110 -> 66
  Data[16]: 11111010 -> fa
  Data[17]: 00000101 -> 05
  Data[18]: 10000110 -> 86
  Data[19]: 01011111 -> 5f
  Data[20]: 01011000 -> 58
  Data[21]: 11011100 -> dc
  Data[22]: 10001001 -> 89
  Data[23]: 01110110 -> 76
  Data[24]: 11011110 -> de
  Data[25]: 01111010 -> 7a
  Data[26]: 01010111 -> 57
  Data[27]: 11001100 -> cc
  Data[28]: 01111111 -> 7f
  Data[29]: 01111000 -> 78

Address #61: 010111
RDWR Bit: 1
Stream Bit: 0
Exchange: 01010001

Address #62: 010001
RDWR Bit: 1
Stream Bit: 0
Exchange: 10001000

Address #63: 001111
RDWR Bit: 1
Stream Bit: 0
Exchange: 10001100

Address #64: 001001
RDWR Bit: 0
Stream Bit: 1
Stream Length: 5 (binary: 00000101)
  Data[0]: 11000000 -> c0
  Data[1]: 01100111 -> 67
  Data[2]: 00010011 -> 13
  Data[3]: 11000110 -> c6
  Data[4]: 10100111 -> a7

Address #67: 000101
RDWR Bit: 1
Stream Bit: 1
Stream Length: 25 (binary: 00011001)
  Data[0]: 11110000 -> f0
  Data[1]: 10111100 -> bc
  Data[2]: 11111101 -> fd
  Data[3]: 00111100 -> 3c
  Data[4]: 10100001 -> a1
  Data[5]: 11010000 -> d0
  Data[6]: 01001110 -> 4e
  Data[7]: 11101011 -> eb
  Data[8]: 01111111 -> 7f
  Data[9]: 01111010 -> 7a
  Data[10]: 10111001 -> b9
  Data[11]: 00001000 -> 08
  Data[12]: 11110000 -> f0
  Data[13]: 11010100 -> d4
  Data[14]: 10000101 -> 85
  Data[15]: 11010000 -> d0
  Data[16]: 01101000 -> 68
  Data[17]: 01100011 -> 63
  Data[18]: 01101011 -> 6b
  Data[19]: 01000000 -> 40
  Data[20]: 00001000 -> 08
  Data[21]: 01101000 -> 68
  Data[22]: 11010000 -> d0
  Data[23]: 10011011 -> 9b
  Data[24]: 11101011 -> eb

Address #81: 000011
RDWR Bit: 1
Stream Bit: 1
Stream Length: 1 (binary: 00000001)
  Data[0]: 00111001 -> 39

Address #82: 001110
RDWR Bit: 1
Stream Bit: 1
Stream Length: 3 (binary: 00000011)
  Data[0]: 10111010 -> ba
  Data[1]: 01111100 -> 7c
  Data[2]: 10111011 -> bb

Address #85: 111101
RDWR Bit: 1
Stream Bit: 1
Stream Length: 7 (binary: 00000111)
  Data[0]: 01010010 -> 52
  Data[1]: 11100111 -> e7
  Data[2]: 00101100 -> 2c
  Data[3]: 10100011 -> a3
  Data[4]: 11110011 -> f3
  Data[5]: 01010000 -> 50
  Data[6]: 01111110 -> 7e

Address #89: 101001
RDWR Bit: 1
Stream Bit: 1
Stream Length: 25 (binary: 00011001)
  Data[0]: 10110111 -> b7
  Data[1]: 00110000 -> 30
  Data[2]: 00000101 -> 05
  Data[3]: 00101011 -> 2b
  Data[4]: 00011111 -> 1f
  Data[5]: 11000111 -> c7
  Data[6]: 10011110 -> 9e
  Data[7]: 11111111 -> ff
  Data[8]: 01011000 -> 58
  Data[9]: 00100101 -> 25
  Data[10]: 00010100 -> 14
  Data[11]: 01110101 -> 75
  Data[12]: 10100111 -> a7
  Data[13]: 11100111 -> e7
  Data[14]: 10100001 -> a1
  Data[15]: 01000000 -> 40
  Data[16]: 11000001 -> c1
  Data[17]: 01001111 -> 4f
  Data[18]: 01111011 -> 7b
  Data[19]: 00001101 -> 0d
  Data[20]: 00011010 -> 1a
  Data[21]: 00000110 -> 06
  Data[22]: 11111000 -> f8
  Data[23]: 00111011 -> 3b
  Data[24]: 01101001 -> 69

Address #103: 001010
RDWR Bit: 0
Stream Bit: 1
Stream Length: 30 (binary: 00011110)
  Data[0]: 00010101 -> 15
  Data[1]: 00010111 -> 17
  Data[2]: 10111101 -> bd
  Data[3]: 00011000 -> 18
  Data[4]: 00100010 -> 22
  Data[5]: 01101110 -> 6e
  Data[6]: 10000000 -> 80
  Data[7]: 01010001 -> 51
  Data[8]: 00000100 -> 04
  Data[9]: 10100111 -> a7
  Data[10]: 00101101 -> 2d
  Data[11]: 00101010 -> 2a
  Data[12]: 11000010 -> c2
  Data[13]: 01010010 -> 52
  Data[14]: 00100101 -> 25
  Data[15]: 01000011 -> 43
  Data[16]: 10111010 -> ba
  Data[17]: 11111010 -> fa
  Data[18]: 01100011 -> 63
  Data[19]: 01001100 -> 4c
  Data[20]: 11110100 -> f4
  Data[21]: 01011001 -> 59
  Data[22]: 01111001 -> 79
  Data[23]: 11010001 -> d1
  Data[24]: 11011011 -> db
  Data[25]: 11100111 -> e7
  Data[26]: 11010101 -> d5
  Data[27]: 11010101 -> d5
  Data[28]: 11111110 -> fe
  Data[29]: 01101010 -> 6a

Address #119: 101011
RDWR Bit: 1
Stream Bit: 0
Exchange: 10111010

Address #120: 001011
RDWR Bit: 0
Stream Bit: 1
Stream Length: 26 (binary: 00011010)
  Data[0]: 00010000 -> 10
  Data[1]: 10000110 -> 86
  Data[2]: 00100000 -> 20
  Data[3]: 11011001 -> d9
  Data[4]: 11001100 -> cc
  Data[5]: 10000111 -> 87
  Data[6]: 11010000 -> d0
  Data[7]: 00010101 -> 15
  Data[8]: 01000100 -> 44
  Data[9]: 01111111 -> 7f
  Data[10]: 01100110 -> 66
  Data[11]: 11101110 -> ee
  Data[12]: 11110001 -> f1
  Data[13]: 00110000 -> 30
  Data[14]: 11011111 -> df
  Data[15]: 01000111 -> 47
  Data[16]: 11111110 -> fe
  Data[17]: 01101010 -> 6a
  Data[18]: 00100100 -> 24
  Data[19]: 11111101 -> fd
  Data[20]: 01100010 -> 62
  Data[21]: 01111011 -> 7b
  Data[22]: 00100100 -> 24
  Data[23]: 00010111 -> 17
  Data[24]: 11011100 -> dc
  Data[25]: 00000011 -> 03

Address #134: 010000
RDWR Bit: 1
Stream Bit: 0
Exchange: 01000101

Address #135: 101111
RDWR Bit: 0
Stream Bit: 1
Stream Length: 24 (binary: 00011000)
  Data[0]: 00100000 -> 20
  Data[1]: 10100010 -> a2
  Data[2]: 10010000 -> 90
  Data[3]: 01001100 -> 4c
  Data[4]: 10100000 -> a0
  Data[5]: 10010000 -> 90
  Data[6]: 00101001 -> 29
  Data[7]: 11001010 -> ca
  Data[8]: 01110101 -> 75
  Data[9]: 10101110 -> ae
  Data[10]: 00111100 -> 3c
  Data[11]: 01100010 -> 62
  Data[12]: 10011010 -> 9a
  Data[13]: 11101011 -> eb
  Data[14]: 01101001 -> 69
  Data[15]: 01001110 -> 4e
  Data[16]: 01001001 -> 49
  Data[17]: 10000011 -> 83
  Data[18]: 11011010 -> da
  Data[19]: 00101100 -> 2c
  Data[20]: 10100100 -> a4
  Data[21]: 00001100 -> 0c
  Data[22]: 00000001 -> 01
  Data[23]: 11001100 -> cc

Address #148: 111011
RDWR Bit: 1
Stream Bit: 1
Stream Length: 12 (binary: 00001100)
  Data[0]: 00010101 -> 15
  Data[1]: 11000010 -> c2
  Data[2]: 10111001 -> b9
  Data[3]: 01001001 -> 49
  Data[4]: 01010100 -> 54
  Data[5]: 11001000 -> c8
  Data[6]: 11111000 -> f8
  Data[7]: 11001001 -> c9
  Data[8]: 10000110 -> 86
  Data[9]: 00111110 -> 3e
  Data[10]: 10011010 -> 9a
  Data[11]: 10011100 -> 9c

Address #155: 110011
RDWR Bit: 1
Stream Bit: 1
Stream Length: 11 (binary: 00001011)
  Data[0]: 00001111 -> 0f
  Data[1]: 10110010 -> b2
  Data[2]: 00000101 -> 05
  Data[3]: 00011000 -> 18
  Data[4]: 00011110 -> 1e
  Data[5]: 10011111 -> 9f
  Data[6]: 00001110 -> 0e
  Data[7]: 10111100 -> bc
  Data[8]: 11000100 -> c4
  Data[9]: 01101111 -> 6f
  Data[10]: 10010010 -> 92

Address #161: 001110
RDWR Bit: 0
Stream Bit: 1
Stream Length: 2 (binary: 00000010)
  Data[0]: 01101000 -> 68
  Data[1]: 00001111 -> 0f

Address #163: 111100
RDWR Bit: 0
Stream Bit: 0
Exchange: 01000001

Address #164: 101110
RDWR Bit: 0
Stream Bit: 0
Exchange: 10010000

Address #165: 011101
RDWR Bit: 0
Stream Bit: 0
Exchange: 11101010

Address #166: 001011
RDWR Bit: 0
Stream Bit: 0
Exchange: 10100011

Address #167: 111000
RDWR Bit: 0
Stream Bit: 0
Exchange: 01111100

Address #168: 110110
RDWR Bit: 0
Stream Bit: 0
Exchange: 10101111

Address #169: 110010
RDWR Bit: 0
Stream Bit: 1
Stream Length: 30 (binary: 00011110)
  Data[0]: 01010101 -> 55
  Data[1]: 11010010 -> d2
  Data[2]: 10100011 -> a3
  Data[3]: 11110100 -> f4
  Data[4]: 10110110 -> b6
  Data[5]: 11010010 -> d2
  Data[6]: 01010110 -> 56
  Data[7]: 00010011 -> 13
  Data[8]: 11111110 -> fe
  Data[9]: 01111011 -> 7b
  Data[10]: 10101100 -> ac
  Data[11]: 01100101 -> 65
  Data[12]: 00000000 -> 00
  Data[13]: 01110111 -> 77
  Data[14]: 00011110 -> 1e
  Data[15]: 10111001 -> b9
  Data[16]: 00101001 -> 29
  Data[17]: 00011100 -> 1c
  Data[18]: 10010000 -> 90
  Data[19]: 01001010 -> 4a
  Data[20]: 11111010 -> fa
  Data[21]: 00110100 -> 34
  Data[22]: 00010000 -> 10
  Data[23]: 01010010 -> 52
  Data[24]: 11010101 -> d5
  Data[25]: 01111111 -> 7f
  Data[26]: 10100100 -> a4
  Data[27]: 01011011 -> 5b
  Data[28]: 11011010 -> da
  Data[29]: 00101010 -> 2a

Address #185: 010010
RDWR Bit: 1
Stream Bit: 1
Stream Length: 14 (binary: 00001110)
  Data[0]: 01001011 -> 4b
  Data[1]: 10111110 -> be
  Data[2]: 10101011 -> ab
  Data[3]: 00011101 -> 1d
  Data[4]: 00111110 -> 3e
  Data[5]: 10100111 -> a7
  Data[6]: 00001000 -> 08
  Data[7]: 11010111 -> d7
  Data[8]: 01101100 -> 6c
  Data[9]: 11001011 -> cb
  Data[10]: 00001011 -> 0b
  Data[11]: 00011001 -> 19
  Data[12]: 11000001 -> c1
  Data[13]: 01000001 -> 41

Address #193: 111110
RDWR Bit: 0
Stream Bit: 1
Stream Length: 25 (binary: 00011001)
  Data[0]: 01010111 -> 57
  Data[1]: 11111000 -> f8
  Data[2]: 01000100 -> 44
  Data[3]: 11101111 -> ef
  Data[4]: 10010111 -> 97
  Data[5]: 00110110 -> 36
  Data[6]: 10001100 -> 8c
  Data[7]: 00000110 -> 06
  Data[8]: 10100010 -> a2
  Data[9]: 00111011 -> 3b
  Data[10]: 00000011 -> 03
  Data[11]: 00110001 -> 31
  Data[12]: 11001111 -> cf
  Data[13]: 11101001 -> e9
  Data[14]: 10000100 -> 84
  Data[15]: 00100010 -> 22
  Data[16]: 00010100 -> 14
  Data[17]: 11110100 -> f4
  Data[18]: 01011000 -> 58
  Data[19]: 00000101 -> 05
  Data[20]: 01001011 -> 4b
  Data[21]: 10001101 -> 8d
  Data[22]: 01010100 -> 54
  Data[23]: 01110010 -> 72
  Data[24]: 11010100 -> d4

Address #207: 001101
RDWR Bit: 1
Stream Bit: 0
Exchange: 01010110

Address #208: 110111
RDWR Bit: 0
Stream Bit: 1
Stream Length: 19 (binary: 00010011)
  Data[0]: 11011110 -> de
  Data[1]: 01011111 -> 5f
  Data[2]: 11000011 -> c3
  Data[3]: 01001001 -> 49
  Data[4]: 11101010 -> ea
  Data[5]: 01111010 -> 7a
  Data[6]: 11010110 -> d6
  Data[7]: 10111000 -> b8
  Data[8]: 00010011 -> 13
  Data[9]: 01111101 -> 7d
  Data[10]: 01100101 -> 65
  Data[11]: 00100010 -> 22
  Data[12]: 10111001 -> b9
  Data[13]: 00000011 -> 03
  Data[14]: 10011111 -> 9f
  Data[15]: 10110001 -> b1
  Data[16]: 01111111 -> 7f
  Data[17]: 11000011 -> c3
  Data[18]: 10011011 -> 9b

Address #218: 110011
RDWR Bit: 0
Stream Bit: 1
Stream Length: 6 (binary: 00000110)
  Data[0]: 11011111 -> df
  Data[1]: 11110000 -> f0
  Data[2]: 10001111 -> 8f
  Data[3]: 11001110 -> ce
  Data[4]: 10011111 -> 9f
  Data[5]: 11100101 -> e5

Address #222: 101100
RDWR Bit: 0
Stream Bit: 0
Exchange: 01000001

Address #223: 010011
RDWR Bit: 1
Stream Bit: 1
Stream Length: 4 (binary: 00000100)
  Data[0]: 10101110 -> ae
  Data[1]: 00010111 -> 17
  Data[2]: 10100110 -> a6
  Data[3]: 10001111 -> 8f

Address #226: 110110
RDWR Bit: 1
Stream Bit: 0
Exchange: 11001011

Address #227: 101101
RDWR Bit: 0
Stream Bit: 1
Stream Length: 10 (binary: 00001010)
  Data[0]: 00011111 -> 1f
  Data[1]: 01110000 -> 70
  Data[2]: 11100001 -> e1
  Data[3]: 01010101 -> 55
  Data[4]: 01010110 -> 56
  Data[5]: 00000110 -> 06
  Data[6]: 10100000 -> a0
  Data[7]: 10011111 -> 9f
  Data[8]: 01101110 -> 6e
  Data[9]: 10110000 -> b0

Address #233: 110011
RDWR Bit: 0
Stream Bit: 0
Exchange: 10110000

Address #234: 110000
RDWR Bit: 0
Stream Bit: 1
Stream Length: 27 (binary: 00011011)
  Data[0]: 10000000 -> 80
  Data[1]: 11111100 -> fc
  Data[2]: 00111111 -> 3f
  Data[3]: 10110010 -> b2
  Data[4]: 10000010 -> 82
  Data[5]: 11011101 -> dd
  Data[6]: 01001000 -> 48
  Data[7]: 10100101 -> a5
  Data[8]: 11111010 -> fa
  Data[9]: 01111100 -> 7c
  Data[10]: 00110000 -> 30
  Data[11]: 01110000 -> 70
  Data[12]: 11101000 -> e8
  Data[13]: 11000011 -> c3
  Data[14]: 10101111 -> af
  Data[15]: 11111101 -> fd
  Data[16]: 10100010 -> a2
  Data[17]: 10110101 -> b5
  Data[18]: 00101011 -> 2b
  Data[19]: 10000011 -> 83
  Data[20]: 11001011 -> cb
  Data[21]: 11100100 -> e4
  Data[22]: 11110101 -> f5
  Data[23]: 10100100 -> a4
  Data[24]: 10110101 -> b5
  Data[25]: 10010100 -> 94
  Data[26]: 10111011 -> bb

Address #249: 011000
RDWR Bit: 0
Stream Bit: 0
Exchange: 00011000

Address #250: 111000
RDWR Bit: 0
Stream Bit: 0
Exchange: 10011010

Address #251: 010101
RDWR Bit: 0
Stream Bit: 0
Exchange: 00001010

Address #252: 101111
RDWR Bit: 1
Stream Bit: 0
Exchange: 01001000

Address #253: 011110
RDWR Bit: 1
Stream Bit: 0
Exchange: 00010111

Address #254: 111111
RDWR Bit: 0
Stream Bit: 0
Exchange: 10100101

Address #255: 110000
RDWR Bit: 1
Stream Bit: 1
Stream Length: 17 (binary: 00010001)
  Data[0]: 10010110 -> 96
  Data[1]: 11010000 -> d0
  Data[2]: 11101000 -> e8
  Data[3]: 11010111 -> d7
  Data[4]: 00010001 -> 11
  Data[5]: 00100000 -> 20
  Data[6]: 01000110 -> 46
  Data[7]: 10100010 -> a2
  Data[8]: 10101110 -> ae
  Data[9]: 11101110 -> ee
  Data[10]: 00110011 -> 33
  Data[11]: 11010010 -> d2
  Data[12]: 01111111 -> 7f
  Data[13]: 10111101 -> bd
  Data[14]: 01010010 -> 52
  Data[15]: 00000011 -> 03
  Data[16]: 11010010 -> d2

Address #264: 100011
RDWR Bit: 0
Stream Bit: 0
Exchange: 01110100

Address #265: 110100
RDWR Bit: 1
Stream Bit: 0
Exchange: 10000011

Address #266: 101001
RDWR Bit: 1
Stream Bit: 0
Exchange: 00010111

Address #267: 010110
RDWR Bit: 1
Stream Bit: 1
Stream Length: 6 (binary: 00000110)
  Data[0]: 00101111 -> 2f
  Data[1]: 10010101 -> 95
  Data[2]: 11101000 -> e8
  Data[3]: 10101000 -> a8
  Data[4]: 00111111 -> 3f
  Data[5]: 01011111 -> 5f

Address #271: 110101
RDWR Bit: 1
Stream Bit: 1
Stream Length: 24 (binary: 00011000)
  Data[0]: 11001001 -> c9
  Data[1]: 11001000 -> c8
  Data[2]: 11111001 -> f9
  Data[3]: 11110100 -> f4
  Data[4]: 11000100 -> c4
  Data[5]: 01100000 -> 60
  Data[6]: 10101100 -> ac
  Data[7]: 00001000 -> 08
  Data[8]: 01111100 -> 7c
  Data[9]: 10111011 -> bb
  Data[10]: 10110100 -> b4
  Data[11]: 00100000 -> 20
  Data[12]: 10001000 -> 88
  Data[13]: 00001000 -> 08
  Data[14]: 10010000 -> 90
  Data[15]: 00000000 -> 00
  Data[16]: 10110111 -> b7
  Data[17]: 01010010 -> 52
  Data[18]: 10110101 -> b5
  Data[19]: 11111101 -> fd
  Data[20]: 11000111 -> c7
  Data[21]: 00101010 -> 2a
  Data[22]: 00011111 -> 1f
  Data[23]: 11101001 -> e9

Address #284: 001001
RDWR Bit: 1
Stream Bit: 0
Exchange: 01010010

Address #285: 110111
RDWR Bit: 0
Stream Bit: 0
Exchange: 00000010

Address #286: 011011
RDWR Bit: 1
Stream Bit: 0
Exchange: 11000100

Address #287: 100010
RDWR Bit: 0
Stream Bit: 1
Stream Length: 4 (binary: 00000100)
  Data[0]: 00110001 -> 31
  Data[1]: 10000100 -> 84
  Data[2]: 11110100 -> f4
  Data[3]: 01111010 -> 7a

Address #290: 101100
RDWR Bit: 0
Stream Bit: 1
Stream Length: 23 (binary: 00010111)
  Data[0]: 11111110 -> fe
  Data[1]: 11110001 -> f1
  Data[2]: 00100111 -> 27
  Data[3]: 11001010 -> ca
  Data[4]: 10100101 -> a5
  Data[5]: 00010010 -> 12
  Data[6]: 11110111 -> f7
  Data[7]: 01000011 -> 43
  Data[8]: 10010101 -> 95
  Data[9]: 00011101 -> 1d
  Data[10]: 10011111 -> 9f
  Data[11]: 00011000 -> 18
  Data[12]: 11110000 -> f0
  Data[13]: 00100111 -> 27
  Data[14]: 00110001 -> 31
  Data[15]: 00011110 -> 1e
  Data[16]: 11100110 -> e6
  Data[17]: 00101110 -> 2e
  Data[18]: 10001011 -> 8b
  Data[19]: 01110001 -> 71
  Data[20]: 11101110 -> ee
  Data[21]: 01101111 -> 6f
  Data[22]: 11101010 -> ea

Address #303: 000100
RDWR Bit: 0
Stream Bit: 0
Exchange: 01101111

Address #304: 101111
RDWR Bit: 1
Stream Bit: 1
Stream Length: 12 (binary: 00001100)
  Data[0]: 11101001 -> e9
  Data[1]: 00011000 -> 18
  Data[2]: 11001000 -> c8
  Data[3]: 11011100 -> dc
  Data[4]: 11110111 -> f7
  Data[5]: 01001001 -> 49
  Data[6]: 00010110 -> 16
  Data[7]: 00100010 -> 22
  Data[8]: 10101010 -> aa
  Data[9]: 01110110 -> 76
  Data[10]: 00101101 -> 2d
  Data[11]: 11011110 -> de
