read a waves file with 6 signals and 2243 samples
input has these signals:
	* sclk (1 bits)
	* mosi (1 bits)
	* miso (1 bits)
	* ss (1 bits)
	* cpol (1 bits)
	* cpha (1 bits)


1024

100010

0

011001

0

000101

0

010100

0

011111

0

000001

0

111011

0

000111

0

111111

0

010001

0

010100

0

010110

0

010000

0

010000

0

111101

0

011000

0

011100

0

110101

0

110110

0

101101

0

010110

0

100011

0

111100

0

010110

0

000000

0

110001

0

101001

0

000100

0

111101

0

100110

0

011011

0

101001

0

011011

0

010100

0

000100

0

011100

0

110010

0

011001

0

101001

0

111110

0

100011

0

101111

0

011000

0

001101

0

010001

0

001001

0

001011

0

001100

0

001100

0

000111

0

011100

0

110101

0

110001

0

111100

0

111111

0

111001

0

100010

0

111111

0

000001

0

100100

0

010001

0

000101

0

100010

0

101001

0