Read a waves file with 6 signals and 2243 samples...
Input has these signals:
	* sclk (1 bits)
	* mosi (1 bits)
	* miso (1 bits)
	* ss (1 bits)
	* cpol (1 bits)
	* cpha (1 bits)

Address #1: 000111
RDWR Bit: 1
Stream Bit: 0
Exchange: 00010000

Address #2: 111000
RDWR Bit: 1
Stream Bit: 0
Exchange: 00010000

Address #3: 110001
RDWR Bit: 0
Stream Bit: 0
Exchange: 01111110

Address #4: 000110
RDWR Bit: 1
Stream Bit: 0
Exchange: 10010110

Address #5: 001111
RDWR Bit: 0
Stream Bit: 0
Exchange: 01010100

Address #6: 000100
RDWR Bit: 0
Stream Bit: 0
Exchange: 11001001

Address #7: 001010
RDWR Bit: 0
Stream Bit: 0
Exchange: 00110100

Address #8: 111010
RDWR Bit: 1
Stream Bit: 0
Exchange: 00111011

Address #9: 000001
RDWR Bit: 1
Stream Bit: 0
Exchange: 01010111

Address #10: 001010
RDWR Bit: 1
Stream Bit: 0
Exchange: 11101100

Address #11: 101000
RDWR Bit: 1
Stream Bit: 0
Exchange: 01011100

Address #12: 001100
RDWR Bit: 0
Stream Bit: 0
Exchange: 10100011

Address #13: 100011
RDWR Bit: 1
Stream Bit: 0
Exchange: 10101000

Address #14: 101000
RDWR Bit: 0
Stream Bit: 0
Exchange: 01000001

Address #15: 010110
RDWR Bit: 0
Stream Bit: 0
Exchange: 11001001

Address #16: 101000
RDWR Bit: 1
Stream Bit: 0
Exchange: 11101000

Address #17: 110010
RDWR Bit: 0
Stream Bit: 0
Exchange: 11111100

Address #18: 101001
RDWR Bit: 1
Stream Bit: 0
Exchange: 00111001

Address #19: 000110
RDWR Bit: 0
Stream Bit: 0
Exchange: 00110111

Address #20: 000011
RDWR Bit: 1
Stream Bit: 0
Exchange: 11011011

Address #21: 100100
RDWR Bit: 1
Stream Bit: 0
Exchange: 01011100

Address #22: 111001
RDWR Bit: 0
Stream Bit: 0
Exchange: 10110010

Address #23: 111001
RDWR Bit: 0
Stream Bit: 0
Exchange: 00100111

Address #24: 100011
RDWR Bit: 0
Stream Bit: 0
Exchange: 01001001

Address #25: 101000
RDWR Bit: 0
Stream Bit: 0
Exchange: 11100001

Address #26: 001011
RDWR Bit: 0
Stream Bit: 0
Exchange: 01001011

Address #27: 111101
RDWR Bit: 1
Stream Bit: 0
Exchange: 01110010

Address #28: 010000
RDWR Bit: 1
Stream Bit: 0
Exchange: 00000110

Address #29: 101100
RDWR Bit: 1
Stream Bit: 0
Exchange: 10010000

Address #30: 010111
RDWR Bit: 1
Stream Bit: 0
Exchange: 11001111

Address #31: 010001
RDWR Bit: 0
Stream Bit: 0
Exchange: 11101010

Address #32: 001101
RDWR Bit: 1
Stream Bit: 0
Exchange: 10110000

Address #33: 000011
RDWR Bit: 1
Stream Bit: 0
Exchange: 11000110

Address #34: 001010
RDWR Bit: 0
Stream Bit: 0
Exchange: 01001001

Address #35: 010001
RDWR Bit: 0
Stream Bit: 0
Exchange: 11100110

Address #36: 111001
RDWR Bit: 1
Stream Bit: 0
Exchange: 11111010

Address #37: 111111
RDWR Bit: 1
Stream Bit: 0
Exchange: 10001001

Address #38: 111111
RDWR Bit: 0
Stream Bit: 0
Exchange: 01000011

Address #39: 100101
RDWR Bit: 1
Stream Bit: 0
Exchange: 01111101

Address #40: 110111
RDWR Bit: 1
Stream Bit: 0
Exchange: 00110000

Address #41: 100101
RDWR Bit: 0
Stream Bit: 0
Exchange: 11111010

Address #42: 010011
RDWR Bit: 0
Stream Bit: 0
Exchange: 10011011

Address #43: 110000
RDWR Bit: 0
Stream Bit: 0
Exchange: 00100000

Address #44: 001101
RDWR Bit: 1
Stream Bit: 0
Exchange: 10001100

Address #45: 001001
RDWR Bit: 0
Stream Bit: 0
Exchange: 10000011

Address #46: 001010
RDWR Bit: 1
Stream Bit: 0
Exchange: 00110101

Address #47: 000011
RDWR Bit: 1
Stream Bit: 0
Exchange: 01101010

Address #48: 000101
RDWR Bit: 1
Stream Bit: 0
Exchange: 01110000

Address #49: 101000
RDWR Bit: 0
Stream Bit: 0
Exchange: 01100110

Address #50: 010001
RDWR Bit: 0
Stream Bit: 0
Exchange: 00100000

Address #51: 000111
RDWR Bit: 0
Stream Bit: 0
Exchange: 00101111

Address #52: 100100
RDWR Bit: 0
Stream Bit: 0
Exchange: 10001010

Address #53: 000010
RDWR Bit: 1
Stream Bit: 0
Exchange: 01111010

Address #54: 000000
RDWR Bit: 0
Stream Bit: 0
Exchange: 11101000

Address #55: 110011
RDWR Bit: 1
Stream Bit: 0
Exchange: 11111111

Address #56: 010101
RDWR Bit: 0
Stream Bit: 0
Exchange: 00111011

Address #57: 001110
RDWR Bit: 1
Stream Bit: 0
Exchange: 10110001

Address #58: 011101
RDWR Bit: 0
Stream Bit: 0
Exchange: 01010111

Address #59: 111101
RDWR Bit: 1
Stream Bit: 0
Exchange: 00100101

Address #60: 010000
RDWR Bit: 1
Stream Bit: 0
Exchange: 10101101

Address #61: 011000
RDWR Bit: 0
Stream Bit: 0
Exchange: 01100110

Address #62: 000011
RDWR Bit: 0
Stream Bit: 0
Exchange: 00001001

Address #63: 000101
RDWR Bit: 0
Stream Bit: 0
Exchange: 01001010

Address #64: 110100
RDWR Bit: 0
Stream Bit: 0
Exchange: 10011100
