Read a waves file with 6 signals and 8083 samples...
Input has these signals:
	* sclk (1 bits)
	* mosi (1 bits)
	* miso (1 bits)
	* ss (1 bits)
	* cpol (1 bits)
	* cpha (1 bits)

Address #1: 000110
RDWR Bit: 0
Stream Bit: 1
Stream Length: 5 (binary: 00000101)
  Data[0]: 00011000 -> 18
  Data[1]: 11101001 -> e9
  Data[2]: 00000110 -> 06
  Data[3]: 10100110 -> a6
  Data[4]: 00101001 -> 29

Address #4: 001000
RDWR Bit: 0
Stream Bit: 0
Exchange: 00111000

Address #5: 100000
RDWR Bit: 1
Stream Bit: 1
Stream Length: 21 (binary: 00010101)
  Data[0]: 00001100 -> 0c
  Data[1]: 11011101 -> dd
  Data[2]: 00110011 -> 33
  Data[3]: 10010110 -> 96
  Data[4]: 01101111 -> 6f
  Data[5]: 10011110 -> 9e
  Data[6]: 10001101 -> 8d
  Data[7]: 00000110 -> 06
  Data[8]: 11110100 -> f4
  Data[9]: 11100111 -> e7
  Data[10]: 11010001 -> d1
  Data[11]: 11010001 -> d1
  Data[12]: 11110011 -> f3
  Data[13]: 01110100 -> 74
  Data[14]: 00001000 -> 08
  Data[15]: 01101011 -> 6b
  Data[16]: 01111001 -> 79
  Data[17]: 10000100 -> 84
  Data[18]: 00101011 -> 2b
  Data[19]: 11001100 -> cc
  Data[20]: 00100001 -> 21

Address #17: 001110
RDWR Bit: 1
Stream Bit: 0
Exchange: 00000100

Address #18: 010011
RDWR Bit: 1
Stream Bit: 1
Stream Length: 14 (binary: 00001110)
  Data[0]: 00000001 -> 01
  Data[1]: 11001000 -> c8
  Data[2]: 11101011 -> eb
  Data[3]: 10101101 -> ad
  Data[4]: 01100010 -> 62
  Data[5]: 11010001 -> d1
  Data[6]: 01010011 -> 53
  Data[7]: 00110011 -> 33
  Data[8]: 01001010 -> 4a
  Data[9]: 11001000 -> c8
  Data[10]: 00010010 -> 12
  Data[11]: 01011011 -> 5b
  Data[12]: 11100000 -> e0
  Data[13]: 11100000 -> e0

Address #26: 100000
RDWR Bit: 0
Stream Bit: 0
Exchange: 11001001

Address #27: 110110
RDWR Bit: 0
Stream Bit: 0
Exchange: 01011010

Address #28: 111111
RDWR Bit: 0
Stream Bit: 0
Exchange: 10111011

Address #29: 010010
RDWR Bit: 0
Stream Bit: 1
Stream Length: 30 (binary: 00011110)
  Data[0]: 01011110 -> 5e
  Data[1]: 00010011 -> 13
  Data[2]: 10100000 -> a0
  Data[3]: 10100111 -> a7
  Data[4]: 11010001 -> d1
  Data[5]: 00101001 -> 29
  Data[6]: 00101111 -> 2f
  Data[7]: 11101100 -> ec
  Data[8]: 01011111 -> 5f
  Data[9]: 11100011 -> e3
  Data[10]: 11011111 -> df
  Data[11]: 10001011 -> 8b
  Data[12]: 10101101 -> ad
  Data[13]: 00001011 -> 0b
  Data[14]: 10101000 -> a8
  Data[15]: 01111100 -> 7c
  Data[16]: 01010001 -> 51
  Data[17]: 00111100 -> 3c
  Data[18]: 01011110 -> 5e
  Data[19]: 10111011 -> bb
  Data[20]: 10111101 -> bd
  Data[21]: 11010101 -> d5
  Data[22]: 00100110 -> 26
  Data[23]: 11100111 -> e7
  Data[24]: 11011100 -> dc
  Data[25]: 00110110 -> 36
  Data[26]: 10111110 -> be
  Data[27]: 01111110 -> 7e
  Data[28]: 01000011 -> 43
  Data[29]: 00011111 -> 1f

Address #45: 100011
RDWR Bit: 1
Stream Bit: 1
Stream Length: 17 (binary: 00010001)
  Data[0]: 10010101 -> 95
  Data[1]: 01010111 -> 57
  Data[2]: 11100000 -> e0
  Data[3]: 11001000 -> c8
  Data[4]: 00010010 -> 12
  Data[5]: 01101010 -> 6a
  Data[6]: 00011111 -> 1f
  Data[7]: 10111010 -> ba
  Data[8]: 00001111 -> 0f
  Data[9]: 11101110 -> ee
  Data[10]: 11111000 -> f8
  Data[11]: 00110001 -> 31
  Data[12]: 10111110 -> be
  Data[13]: 10011110 -> 9e
  Data[14]: 10101010 -> aa
  Data[15]: 01000011 -> 43
  Data[16]: 11010011 -> d3

Address #54: 110110
RDWR Bit: 0
Stream Bit: 0
Exchange: 01001110

Address #55: 010111
RDWR Bit: 1
Stream Bit: 1
Stream Length: 29 (binary: 00011101)
  Data[0]: 10100101 -> a5
  Data[1]: 00101110 -> 2e
  Data[2]: 01101100 -> 6c
  Data[3]: 10001000 -> 88
  Data[4]: 01000100 -> 44
  Data[5]: 00101011 -> 2b
  Data[6]: 00000001 -> 01
  Data[7]: 01110100 -> 74
  Data[8]: 11110110 -> f6
  Data[9]: 00110000 -> 30
  Data[10]: 01111110 -> 7e
  Data[11]: 11101001 -> e9
  Data[12]: 10101000 -> a8
  Data[13]: 11011001 -> d9
  Data[14]: 01011000 -> 58
  Data[15]: 01101101 -> 6d
  Data[16]: 00011110 -> 1e
  Data[17]: 11110111 -> f7
  Data[18]: 01001101 -> 4d
  Data[19]: 01110011 -> 73
  Data[20]: 10110110 -> b6
  Data[21]: 10001010 -> 8a
  Data[22]: 00010100 -> 14
  Data[23]: 00001101 -> 0d
  Data[24]: 00011011 -> 1b
  Data[25]: 11010000 -> d0
  Data[26]: 00111010 -> 3a
  Data[27]: 11011101 -> dd
  Data[28]: 00010011 -> 13

Address #71: 100100
RDWR Bit: 1
Stream Bit: 0
Exchange: 01010000

Address #72: 000101
RDWR Bit: 0
Stream Bit: 1
Stream Length: 16 (binary: 00010000)
  Data[0]: 10010111 -> 97
  Data[1]: 00111001 -> 39
  Data[2]: 01001100 -> 4c
  Data[3]: 11011011 -> db
  Data[4]: 10011010 -> 9a
  Data[5]: 00110001 -> 31
  Data[6]: 11111100 -> fc
  Data[7]: 00000011 -> 03
  Data[8]: 10110001 -> b1
  Data[9]: 01010010 -> 52
  Data[10]: 00010001 -> 11
  Data[11]: 00100100 -> 24
  Data[12]: 10100111 -> a7
  Data[13]: 11011111 -> df
  Data[14]: 11010000 -> d0
  Data[15]: 11111011 -> fb

Address #81: 011010
RDWR Bit: 0
Stream Bit: 1
Stream Length: 15 (binary: 00001111)
  Data[0]: 00010010 -> 12
  Data[1]: 01000110 -> 46
  Data[2]: 00110101 -> 35
  Data[3]: 10001101 -> 8d
  Data[4]: 00111000 -> 38
  Data[5]: 01111010 -> 7a
  Data[6]: 11110100 -> f4
  Data[7]: 11110110 -> f6
  Data[8]: 10010000 -> 90
  Data[9]: 00001010 -> 0a
  Data[10]: 10001000 -> 88
  Data[11]: 01001010 -> 4a
  Data[12]: 00001000 -> 08
  Data[13]: 01110010 -> 72
  Data[14]: 00010011 -> 13

Address #89: 100010
RDWR Bit: 1
Stream Bit: 0
Exchange: 10010011

Address #90: 000010
RDWR Bit: 1
Stream Bit: 0
Exchange: 00111100

Address #91: 010011
RDWR Bit: 1
Stream Bit: 0
Exchange: 01100000

Address #92: 101110
RDWR Bit: 0
Stream Bit: 1
Stream Length: 30 (binary: 00011110)
  Data[0]: 11110011 -> f3
  Data[1]: 00010111 -> 17
  Data[2]: 00110010 -> 32
  Data[3]: 11010100 -> d4
  Data[4]: 11001101 -> cd
  Data[5]: 11010010 -> d2
  Data[6]: 10001011 -> 8b
  Data[7]: 01100011 -> 63
  Data[8]: 10011100 -> 9c
  Data[9]: 11000111 -> c7
  Data[10]: 01100100 -> 64
  Data[11]: 00010100 -> 14
  Data[12]: 00011010 -> 1a
  Data[13]: 11101110 -> ee
  Data[14]: 11101010 -> ea
  Data[15]: 01110000 -> 70
  Data[16]: 10110111 -> b7
  Data[17]: 00100010 -> 22
  Data[18]: 00000111 -> 07
  Data[19]: 01110010 -> 72
  Data[20]: 00111010 -> 3a
  Data[21]: 00000110 -> 06
  Data[22]: 11010110 -> d6
  Data[23]: 11011100 -> dc
  Data[24]: 00111001 -> 39
  Data[25]: 01100011 -> 63
  Data[26]: 10001001 -> 89
  Data[27]: 01100101 -> 65
  Data[28]: 00110100 -> 34
  Data[29]: 10010010 -> 92

Address #108: 001010
RDWR Bit: 0
Stream Bit: 0
Exchange: 11111001

Address #109: 011001
RDWR Bit: 1
Stream Bit: 0
Exchange: 01010101

Address #110: 101111
RDWR Bit: 0
Stream Bit: 0
Exchange: 11001001

Address #111: 100110
RDWR Bit: 1
Stream Bit: 1
Stream Length: 18 (binary: 00010010)
  Data[0]: 10100101 -> a5
  Data[1]: 00111011 -> 3b
  Data[2]: 00101011 -> 2b
  Data[3]: 01010101 -> 55
  Data[4]: 11000000 -> c0
  Data[5]: 10000001 -> 81
  Data[6]: 01110001 -> 71
  Data[7]: 11111111 -> ff
  Data[8]: 11110111 -> f7
  Data[9]: 00110100 -> 34
  Data[10]: 01011100 -> 5c
  Data[11]: 11011100 -> dc
  Data[12]: 00110011 -> 33
  Data[13]: 11101011 -> eb
  Data[14]: 00000101 -> 05
  Data[15]: 11010110 -> d6
  Data[16]: 01111010 -> 7a
  Data[17]: 00101110 -> 2e

Address #121: 111101
RDWR Bit: 1
Stream Bit: 0
Exchange: 00111000

Address #122: 100110
RDWR Bit: 1
Stream Bit: 0
Exchange: 11001011

Address #123: 010001
RDWR Bit: 0
Stream Bit: 1
Stream Length: 16 (binary: 00010000)
  Data[0]: 00110010 -> 32
  Data[1]: 01101011 -> 6b
  Data[2]: 10000001 -> 81
  Data[3]: 00011010 -> 1a
  Data[4]: 00111001 -> 39
  Data[5]: 10011100 -> 9c
  Data[6]: 10010001 -> 91
  Data[7]: 01110000 -> 70
  Data[8]: 11110010 -> f2
  Data[9]: 00010110 -> 16
  Data[10]: 01000000 -> 40
  Data[11]: 10000001 -> 81
  Data[12]: 10111111 -> bf
  Data[13]: 01000110 -> 46
  Data[14]: 11101000 -> e8
  Data[15]: 01100101 -> 65

Address #132: 111100
RDWR Bit: 0
Stream Bit: 0
Exchange: 01110011

Address #133: 010111
RDWR Bit: 0
Stream Bit: 1
Stream Length: 12 (binary: 00001100)
  Data[0]: 10001110 -> 8e
  Data[1]: 11010110 -> d6
  Data[2]: 01110001 -> 71
  Data[3]: 01010110 -> 56
  Data[4]: 11101111 -> ef
  Data[5]: 01100000 -> 60
  Data[6]: 10000100 -> 84
  Data[7]: 01100100 -> 64
  Data[8]: 00010000 -> 10
  Data[9]: 10010110 -> 96
  Data[10]: 00100111 -> 27
  Data[11]: 11101001 -> e9

Address #140: 010111
RDWR Bit: 0
Stream Bit: 1
Stream Length: 14 (binary: 00001110)
  Data[0]: 00111110 -> 3e
  Data[1]: 10001010 -> 8a
  Data[2]: 00101001 -> 29
  Data[3]: 00111001 -> 39
  Data[4]: 01110101 -> 75
  Data[5]: 11010000 -> d0
  Data[6]: 01001101 -> 4d
  Data[7]: 11100011 -> e3
  Data[8]: 01111110 -> 7e
  Data[9]: 10101100 -> ac
  Data[10]: 11101110 -> ee
  Data[11]: 11000001 -> c1
  Data[12]: 10011011 -> 9b
  Data[13]: 01101101 -> 6d

Address #148: 100110
RDWR Bit: 1
Stream Bit: 0
Exchange: 10101111

Address #149: 011001
RDWR Bit: 1
Stream Bit: 0
Exchange: 01100011

Address #150: 110110
RDWR Bit: 1
Stream Bit: 0
Exchange: 10011111

Address #151: 101100
RDWR Bit: 0
Stream Bit: 1
Stream Length: 9 (binary: 00001001)
  Data[0]: 00010010 -> 12
  Data[1]: 10110110 -> b6
  Data[2]: 11001101 -> cd
  Data[3]: 01011101 -> 5d
  Data[4]: 01000000 -> 40
  Data[5]: 01100100 -> 64
  Data[6]: 01001110 -> 4e
  Data[7]: 11101100 -> ec
  Data[8]: 10000111 -> 87

Address #157: 001101
RDWR Bit: 0
Stream Bit: 0
Exchange: 10101011

Address #158: 101101
RDWR Bit: 0
Stream Bit: 1
Stream Length: 11 (binary: 00001011)
  Data[0]: 11101100 -> ec
  Data[1]: 00111101 -> 3d
  Data[2]: 01100111 -> 67
  Data[3]: 10110001 -> b1
  Data[4]: 11100100 -> e4
  Data[5]: 01101001 -> 69
  Data[6]: 00100110 -> 26
  Data[7]: 01001010 -> 4a
  Data[8]: 10000100 -> 84
  Data[9]: 01001001 -> 49
  Data[10]: 00111110 -> 3e

Address #164: 001001
RDWR Bit: 1
Stream Bit: 0
Exchange: 11111001

Address #165: 000110
RDWR Bit: 0
Stream Bit: 0
Exchange: 00110110

Address #166: 010011
RDWR Bit: 1
Stream Bit: 1
Stream Length: 31 (binary: 00011111)
  Data[0]: 11001110 -> ce
  Data[1]: 00110100 -> 34
  Data[2]: 11001000 -> c8
  Data[3]: 11101111 -> ef
  Data[4]: 10010010 -> 92
  Data[5]: 01000111 -> 47
  Data[6]: 00110010 -> 32
  Data[7]: 01101001 -> 69
  Data[8]: 01000100 -> 44
  Data[9]: 01111000 -> 78
  Data[10]: 10100010 -> a2
  Data[11]: 01111101 -> 7d
  Data[12]: 00100001 -> 21
  Data[13]: 00101100 -> 2c
  Data[14]: 11101110 -> ee
  Data[15]: 10100100 -> a4
  Data[16]: 00000110 -> 06
  Data[17]: 01001001 -> 49
  Data[18]: 10101111 -> af
  Data[19]: 11001011 -> cb
  Data[20]: 10011001 -> 99
  Data[21]: 01110001 -> 71
  Data[22]: 11110110 -> f6
  Data[23]: 10001000 -> 88
  Data[24]: 01111101 -> 7d
  Data[25]: 01110011 -> 73
  Data[26]: 01000011 -> 43
  Data[27]: 10111000 -> b8
  Data[28]: 00101001 -> 29
  Data[29]: 00101101 -> 2d
  Data[30]: 10100101 -> a5

Address #183: 001011
RDWR Bit: 0
Stream Bit: 1
Stream Length: 6 (binary: 00000110)
  Data[0]: 00100110 -> 26
  Data[1]: 01100010 -> 62
  Data[2]: 01111001 -> 79
  Data[3]: 10000101 -> 85
  Data[4]: 01000011 -> 43
  Data[5]: 10010010 -> 92

Address #187: 101101
RDWR Bit: 1
Stream Bit: 0
Exchange: 11111101

Address #188: 110011
RDWR Bit: 1
Stream Bit: 0
Exchange: 11111101

Address #189: 010010
RDWR Bit: 1
Stream Bit: 1
Stream Length: 28 (binary: 00011100)
  Data[0]: 00111010 -> 3a
  Data[1]: 10111011 -> bb
  Data[2]: 01110010 -> 72
  Data[3]: 01000100 -> 44
  Data[4]: 00101100 -> 2c
  Data[5]: 10101011 -> ab
  Data[6]: 11010100 -> d4
  Data[7]: 01101111 -> 6f
  Data[8]: 11001010 -> ca
  Data[9]: 00101011 -> 2b
  Data[10]: 00110000 -> 30
  Data[11]: 00110001 -> 31
  Data[12]: 11110100 -> f4
  Data[13]: 10110000 -> b0
  Data[14]: 11011011 -> db
  Data[15]: 01001100 -> 4c
  Data[16]: 00110101 -> 35
  Data[17]: 11110100 -> f4
  Data[18]: 11000111 -> c7
  Data[19]: 01000001 -> 41
  Data[20]: 11111111 -> ff
  Data[21]: 00010001 -> 11
  Data[22]: 10001111 -> 8f
  Data[23]: 10011100 -> 9c
  Data[24]: 11110110 -> f6
  Data[25]: 00011100 -> 1c
  Data[26]: 00110011 -> 33
  Data[27]: 01110111 -> 77

Address #204: 000101
RDWR Bit: 1
Stream Bit: 0
Exchange: 10010110

Address #205: 010111
RDWR Bit: 1
Stream Bit: 0
Exchange: 11111111

Address #206: 000111
RDWR Bit: 1
Stream Bit: 0
Exchange: 10010001

Address #207: 000011
RDWR Bit: 1
Stream Bit: 0
Exchange: 00101111

Address #208: 100101
RDWR Bit: 0
Stream Bit: 0
Exchange: 10110010

Address #209: 001100
RDWR Bit: 0
Stream Bit: 1
Stream Length: 3 (binary: 00000011)
  Data[0]: 00011101 -> 1d
  Data[1]: 10011100 -> 9c
  Data[2]: 11010010 -> d2

Address #211: 011000
RDWR Bit: 0
Stream Bit: 1
Stream Length: 23 (binary: 00010111)
  Data[0]: 10010010 -> 92
  Data[1]: 01110100 -> 74
  Data[2]: 11011101 -> dd
  Data[3]: 11001101 -> cd
  Data[4]: 10110100 -> b4
  Data[5]: 00100111 -> 27
  Data[6]: 01110110 -> 76
  Data[7]: 01000101 -> 45
  Data[8]: 01001110 -> 4e
  Data[9]: 00100000 -> 20
  Data[10]: 11101001 -> e9
  Data[11]: 11011011 -> db
  Data[12]: 00000101 -> 05
  Data[13]: 10010011 -> 93
  Data[14]: 10101101 -> ad
  Data[15]: 10110111 -> b7
  Data[16]: 11111110 -> fe
  Data[17]: 11011100 -> dc
  Data[18]: 10111010 -> ba
  Data[19]: 11001111 -> cf
  Data[20]: 01100101 -> 65
  Data[21]: 01101011 -> 6b
  Data[22]: 11000001 -> c1

Address #224: 111100
RDWR Bit: 0
Stream Bit: 0
Exchange: 01100000

Address #225: 111101
RDWR Bit: 0
Stream Bit: 0
Exchange: 11011111

Address #226: 000000
RDWR Bit: 0
Stream Bit: 0
Exchange: 01010100

Address #227: 100010
RDWR Bit: 0
Stream Bit: 0
Exchange: 10000111

Address #228: 101100
RDWR Bit: 0
Stream Bit: 0
Exchange: 01001110

Address #229: 000111
RDWR Bit: 0
Stream Bit: 1
Stream Length: 13 (binary: 00001101)
  Data[0]: 10101010 -> aa
  Data[1]: 01000100 -> 44
  Data[2]: 11100101 -> e5
  Data[3]: 10000010 -> 82
  Data[4]: 10111001 -> b9
  Data[5]: 00100011 -> 23
  Data[6]: 01000100 -> 44
  Data[7]: 01000010 -> 42
  Data[8]: 10100001 -> a1
  Data[9]: 10011000 -> 98
  Data[10]: 10110010 -> b2
  Data[11]: 10111001 -> b9
  Data[12]: 01011100 -> 5c

Address #236: 000001
RDWR Bit: 1
Stream Bit: 0
Exchange: 11100000

Address #237: 100100
RDWR Bit: 0
Stream Bit: 0
Exchange: 00110101

Address #238: 010011
RDWR Bit: 1
Stream Bit: 0
Exchange: 00100001

Address #239: 110100
RDWR Bit: 0
Stream Bit: 0
Exchange: 01000001

Address #240: 010011
RDWR Bit: 0
Stream Bit: 0
Exchange: 01100010

Address #241: 011111
RDWR Bit: 1
Stream Bit: 1
Stream Length: 4 (binary: 00000100)
  Data[0]: 11110110 -> f6
  Data[1]: 11100010 -> e2
  Data[2]: 00100001 -> 21
  Data[3]: 01010111 -> 57

Address #244: 011010
RDWR Bit: 0
Stream Bit: 0
Exchange: 11111010

Address #245: 111110
RDWR Bit: 1
Stream Bit: 0
Exchange: 00011010

Address #246: 111110
RDWR Bit: 0
Stream Bit: 0
Exchange: 10101101
