Read a waves file with 6 signals and 7571 samples...
Input has these signals:
	* sclk (1 bits)
	* mosi (1 bits)
	* miso (1 bits)
	* ss (1 bits)
	* cpol (1 bits)
	* cpha (1 bits)

Address #1: 111000
RDWR Bit: 1
Stream Bit: 1
Stream Length: 7 (binary: 00000111)
  Data[0]: 11000101 -> c5
  Data[1]: 10111101 -> bd
  Data[2]: 00101011 -> 2b
  Data[3]: 01110010 -> 72
  Data[4]: 10010011 -> 93
  Data[5]: 00001010 -> 0a
  Data[6]: 11101100 -> ec

Address #5: 011110
RDWR Bit: 1
Stream Bit: 0
Exchange: 10111100

Address #6: 110000
RDWR Bit: 1
Stream Bit: 0
Exchange: 11010011

Address #7: 011110
RDWR Bit: 0
Stream Bit: 1
Stream Length: 19 (binary: 00010011)
  Data[0]: 10000000 -> 80
  Data[1]: 10011010 -> 9a
  Data[2]: 00111101 -> 3d
  Data[3]: 00100001 -> 21
  Data[4]: 00111111 -> 3f
  Data[5]: 00000101 -> 05
  Data[6]: 01101001 -> 69
  Data[7]: 00001011 -> 0b
  Data[8]: 00111010 -> 3a
  Data[9]: 01010000 -> 50
  Data[10]: 01000010 -> 42
  Data[11]: 00111100 -> 3c
  Data[12]: 10011111 -> 9f
  Data[13]: 01011010 -> 5a
  Data[14]: 11010101 -> d5
  Data[15]: 11110111 -> f7
  Data[16]: 11111110 -> fe
  Data[17]: 10110101 -> b5
  Data[18]: 00011101 -> 1d

Address #18: 010100
RDWR Bit: 1
Stream Bit: 0
Exchange: 00011100

Address #19: 000011
RDWR Bit: 0
Stream Bit: 1
Stream Length: 30 (binary: 00011110)
  Data[0]: 00101101 -> 2d
  Data[1]: 11101011 -> eb
  Data[2]: 11110111 -> f7
  Data[3]: 11111000 -> f8
  Data[4]: 00001110 -> 0e
  Data[5]: 11110001 -> f1
  Data[6]: 01100110 -> 66
  Data[7]: 11101110 -> ee
  Data[8]: 01010011 -> 53
  Data[9]: 00010100 -> 14
  Data[10]: 11010100 -> d4
  Data[11]: 11101000 -> e8
  Data[12]: 10010111 -> 97
  Data[13]: 00100001 -> 21
  Data[14]: 10101101 -> ad
  Data[15]: 10000010 -> 82
  Data[16]: 00011011 -> 1b
  Data[17]: 11101101 -> ed
  Data[18]: 00001111 -> 0f
  Data[19]: 11011110 -> de
  Data[20]: 01000000 -> 40
  Data[21]: 01011100 -> 5c
  Data[22]: 10000000 -> 80
  Data[23]: 11110001 -> f1
  Data[24]: 00111100 -> 3c
  Data[25]: 01110110 -> 76
  Data[26]: 10111100 -> bc
  Data[27]: 00101011 -> 2b
  Data[28]: 01011110 -> 5e
  Data[29]: 00001101 -> 0d

Address #35: 011010
RDWR Bit: 1
Stream Bit: 0
Exchange: 00100110

Address #36: 010101
RDWR Bit: 1
Stream Bit: 0
Exchange: 01110100

Address #37: 000101
RDWR Bit: 1
Stream Bit: 0
Exchange: 01101010

Address #38: 100000
RDWR Bit: 1
Stream Bit: 0
Exchange: 00100011

Address #39: 001111
RDWR Bit: 1
Stream Bit: 0
Exchange: 10111110

Address #40: 010000
RDWR Bit: 0
Stream Bit: 1
Stream Length: 13 (binary: 00001101)
  Data[0]: 10101111 -> af
  Data[1]: 10000110 -> 86
  Data[2]: 01011001 -> 59
  Data[3]: 10000011 -> 83
  Data[4]: 10100110 -> a6
  Data[5]: 00101011 -> 2b
  Data[6]: 10101010 -> aa
  Data[7]: 00101001 -> 29
  Data[8]: 00110110 -> 36
  Data[9]: 11001100 -> cc
  Data[10]: 11100111 -> e7
  Data[11]: 00000001 -> 01
  Data[12]: 10110101 -> b5

Address #47: 001000
RDWR Bit: 1
Stream Bit: 0
Exchange: 11000110

Address #48: 100110
RDWR Bit: 1
Stream Bit: 1
Stream Length: 19 (binary: 00010011)
  Data[0]: 01101101 -> 6d
  Data[1]: 01010001 -> 51
  Data[2]: 10000001 -> 81
  Data[3]: 11110110 -> f6
  Data[4]: 00000010 -> 02
  Data[5]: 11101001 -> e9
  Data[6]: 00111100 -> 3c
  Data[7]: 11001011 -> cb
  Data[8]: 11000001 -> c1
  Data[9]: 00100010 -> 22
  Data[10]: 10000010 -> 82
  Data[11]: 11001010 -> ca
  Data[12]: 10000011 -> 83
  Data[13]: 00011001 -> 19
  Data[14]: 10010000 -> 90
  Data[15]: 00101000 -> 28
  Data[16]: 10011011 -> 9b
  Data[17]: 11011010 -> da
  Data[18]: 01101111 -> 6f

Address #59: 011011
RDWR Bit: 1
Stream Bit: 1
Stream Length: 11 (binary: 00001011)
  Data[0]: 10100010 -> a2
  Data[1]: 11010101 -> d5
  Data[2]: 11111110 -> fe
  Data[3]: 11101110 -> ee
  Data[4]: 11011101 -> dd
  Data[5]: 10011011 -> 9b
  Data[6]: 01101111 -> 6f
  Data[7]: 00101000 -> 28
  Data[8]: 10011010 -> 9a
  Data[9]: 00110011 -> 33
  Data[10]: 10011101 -> 9d

Address #65: 010110
RDWR Bit: 1
Stream Bit: 1
Stream Length: 21 (binary: 00010101)
  Data[0]: 10100010 -> a2
  Data[1]: 00001001 -> 09
  Data[2]: 11011011 -> db
  Data[3]: 11010110 -> d6
  Data[4]: 00000010 -> 02
  Data[5]: 11101100 -> ec
  Data[6]: 10111000 -> b8
  Data[7]: 10100011 -> a3
  Data[8]: 00010100 -> 14
  Data[9]: 00110110 -> 36
  Data[10]: 11010111 -> d7
  Data[11]: 10110100 -> b4
  Data[12]: 11000101 -> c5
  Data[13]: 00100100 -> 24
  Data[14]: 00111010 -> 3a
  Data[15]: 01010100 -> 54
  Data[16]: 01111010 -> 7a
  Data[17]: 11110000 -> f0
  Data[18]: 11111101 -> fd
  Data[19]: 01011100 -> 5c
  Data[20]: 10111110 -> be

Address #77: 101000
RDWR Bit: 0
Stream Bit: 1
Stream Length: 28 (binary: 00011100)
  Data[0]: 10111111 -> bf
  Data[1]: 11110010 -> f2
  Data[2]: 01001101 -> 4d
  Data[3]: 00011111 -> 1f
  Data[4]: 10110101 -> b5
  Data[5]: 10110001 -> b1
  Data[6]: 00110101 -> 35
  Data[7]: 11111101 -> fd
  Data[8]: 11110000 -> f0
  Data[9]: 11110100 -> f4
  Data[10]: 11001001 -> c9
  Data[11]: 11100101 -> e5
  Data[12]: 11100011 -> e3
  Data[13]: 00011001 -> 19
  Data[14]: 10110000 -> b0
  Data[15]: 00010000 -> 10
  Data[16]: 11101111 -> ef
  Data[17]: 10011011 -> 9b
  Data[18]: 01110100 -> 74
  Data[19]: 10000000 -> 80
  Data[20]: 10101100 -> ac
  Data[21]: 01001111 -> 4f
  Data[22]: 00010111 -> 17
  Data[23]: 01000100 -> 44
  Data[24]: 00101110 -> 2e
  Data[25]: 00101010 -> 2a
  Data[26]: 11100010 -> e2
  Data[27]: 01001010 -> 4a

Address #92: 010011
RDWR Bit: 0
Stream Bit: 0
Exchange: 11101100

Address #93: 111011
RDWR Bit: 1
Stream Bit: 0
Exchange: 11110110

Address #94: 010011
RDWR Bit: 0
Stream Bit: 1
Stream Length: 27 (binary: 00011011)
  Data[0]: 00000110 -> 06
  Data[1]: 01011001 -> 59
  Data[2]: 11011010 -> da
  Data[3]: 01100001 -> 61
  Data[4]: 00100101 -> 25
  Data[5]: 11010110 -> d6
  Data[6]: 01110111 -> 77
  Data[7]: 00100101 -> 25
  Data[8]: 00111100 -> 3c
  Data[9]: 10011001 -> 99
  Data[10]: 10001010 -> 8a
  Data[11]: 01111110 -> 7e
  Data[12]: 10110110 -> b6
  Data[13]: 10010000 -> 90
  Data[14]: 01001110 -> 4e
  Data[15]: 01110101 -> 75
  Data[16]: 01101011 -> 6b
  Data[17]: 10011110 -> 9e
  Data[18]: 00101110 -> 2e
  Data[19]: 11100101 -> e5
  Data[20]: 11101110 -> ee
  Data[21]: 01010101 -> 55
  Data[22]: 10001000 -> 88
  Data[23]: 11010110 -> d6
  Data[24]: 11010111 -> d7
  Data[25]: 10110000 -> b0
  Data[26]: 01000010 -> 42

Address #108: 110100
RDWR Bit: 1
Stream Bit: 1
Stream Length: 2 (binary: 00000010)
  Data[0]: 11111101 -> fd
  Data[1]: 11100100 -> e4

Address #110: 010110
RDWR Bit: 0
Stream Bit: 0
Exchange: 10000100

Address #111: 101011
RDWR Bit: 0
Stream Bit: 0
Exchange: 00101111

Address #112: 110011
RDWR Bit: 1
Stream Bit: 0
Exchange: 00111100

Address #113: 011101
RDWR Bit: 0
Stream Bit: 0
Exchange: 10000100

Address #114: 101110
RDWR Bit: 1
Stream Bit: 1
Stream Length: 1 (binary: 00000001)
  Data[0]: 01100101 -> 65

Address #116: 101110
RDWR Bit: 1
Stream Bit: 0
Exchange: 00010110

Address #117: 011101
RDWR Bit: 1
Stream Bit: 0
Exchange: 11110111

Address #118: 001011
RDWR Bit: 1
Stream Bit: 0
Exchange: 00100111

Address #119: 001010
RDWR Bit: 0
Stream Bit: 0
Exchange: 10000011

Address #120: 010111
RDWR Bit: 0
Stream Bit: 0
Exchange: 11110100

Address #121: 010111
RDWR Bit: 0
Stream Bit: 1
Stream Length: 3 (binary: 00000011)
  Data[0]: 11001001 -> c9
  Data[1]: 01110100 -> 74
  Data[2]: 10000010 -> 82

Address #123: 000011
RDWR Bit: 0
Stream Bit: 1
Stream Length: 25 (binary: 00011001)
  Data[0]: 10110110 -> b6
  Data[1]: 00101001 -> 29
  Data[2]: 00001111 -> 0f
  Data[3]: 01001000 -> 48
  Data[4]: 01111001 -> 79
  Data[5]: 00100111 -> 27
  Data[6]: 11111111 -> ff
  Data[7]: 11100101 -> e5
  Data[8]: 10100100 -> a4
  Data[9]: 11100011 -> e3
  Data[10]: 11110111 -> f7
  Data[11]: 00000001 -> 01
  Data[12]: 11100011 -> e3
  Data[13]: 11101111 -> ef
  Data[14]: 10010101 -> 95
  Data[15]: 11110000 -> f0
  Data[16]: 10101010 -> aa
  Data[17]: 10100100 -> a4
  Data[18]: 11011000 -> d8
  Data[19]: 11001010 -> ca
  Data[20]: 11001001 -> c9
  Data[21]: 10011100 -> 9c
  Data[22]: 10110011 -> b3
  Data[23]: 11011110 -> de
  Data[24]: 01111001 -> 79

Address #137: 101101
RDWR Bit: 1
Stream Bit: 0
Exchange: 01111011

Address #138: 101111
RDWR Bit: 1
Stream Bit: 0
Exchange: 00111111

Address #139: 110111
RDWR Bit: 1
Stream Bit: 0
Exchange: 00110000

Address #140: 010010
RDWR Bit: 1
Stream Bit: 1
Stream Length: 4 (binary: 00000100)
  Data[0]: 00101001 -> 29
  Data[1]: 11101001 -> e9
  Data[2]: 10100100 -> a4
  Data[3]: 10001110 -> 8e

Address #143: 110001
RDWR Bit: 1
Stream Bit: 0
Exchange: 11010100

Address #144: 101100
RDWR Bit: 1
Stream Bit: 0
Exchange: 00101001

Address #145: 111100
RDWR Bit: 0
Stream Bit: 0
Exchange: 10101111

Address #146: 011111
RDWR Bit: 1
Stream Bit: 0
Exchange: 10001101

Address #147: 000100
RDWR Bit: 0
Stream Bit: 0
Exchange: 01010110

Address #148: 010101
RDWR Bit: 1
Stream Bit: 0
Exchange: 11111111

Address #149: 001000
RDWR Bit: 0
Stream Bit: 0
Exchange: 10111000

Address #150: 110111
RDWR Bit: 0
Stream Bit: 1
Stream Length: 8 (binary: 00001000)
  Data[0]: 00001001 -> 09
  Data[1]: 11110101 -> f5
  Data[2]: 10010011 -> 93
  Data[3]: 01111011 -> 7b
  Data[4]: 10110000 -> b0
  Data[5]: 01110010 -> 72
  Data[6]: 00110011 -> 33
  Data[7]: 11011100 -> dc

Address #155: 011111
RDWR Bit: 1
Stream Bit: 0
Exchange: 00101101

Address #156: 110100
RDWR Bit: 0
Stream Bit: 0
Exchange: 00010010

Address #157: 001000
RDWR Bit: 1
Stream Bit: 0
Exchange: 01101010

Address #158: 110011
RDWR Bit: 1
Stream Bit: 0
Exchange: 10001000

Address #159: 000110
RDWR Bit: 1
Stream Bit: 0
Exchange: 00100110

Address #160: 001001
RDWR Bit: 0
Stream Bit: 1
Stream Length: 7 (binary: 00000111)
  Data[0]: 01010101 -> 55
  Data[1]: 10001001 -> 89
  Data[2]: 00111101 -> 3d
  Data[3]: 11011001 -> d9
  Data[4]: 10001111 -> 8f
  Data[5]: 01010111 -> 57
  Data[6]: 00010011 -> 13

Address #164: 001100
RDWR Bit: 1
Stream Bit: 0
Exchange: 10001101

Address #165: 010110
RDWR Bit: 0
Stream Bit: 1
Stream Length: 9 (binary: 00001001)
  Data[0]: 00001000 -> 08
  Data[1]: 01100000 -> 60
  Data[2]: 01100011 -> 63
  Data[3]: 01110101 -> 75
  Data[4]: 01110000 -> 70
  Data[5]: 10101101 -> ad
  Data[6]: 01011000 -> 58
  Data[7]: 00111010 -> 3a
  Data[8]: 00010000 -> 10

Address #171: 001000
RDWR Bit: 0
Stream Bit: 0
Exchange: 01110101

Address #172: 110010
RDWR Bit: 0
Stream Bit: 0
Exchange: 00111100

Address #173: 001011
RDWR Bit: 1
Stream Bit: 1
Stream Length: 19 (binary: 00010011)
  Data[0]: 01011010 -> 5a
  Data[1]: 10101111 -> af
  Data[2]: 01101111 -> 6f
  Data[3]: 01011010 -> 5a
  Data[4]: 11111011 -> fb
  Data[5]: 01100100 -> 64
  Data[6]: 00110001 -> 31
  Data[7]: 10000000 -> 80
  Data[8]: 00101110 -> 2e
  Data[9]: 11111010 -> fa
  Data[10]: 11000110 -> c6
  Data[11]: 00111100 -> 3c
  Data[12]: 00001011 -> 0b
  Data[13]: 11001111 -> cf
  Data[14]: 01111110 -> 7e
  Data[15]: 00000110 -> 06
  Data[16]: 11101101 -> ed
  Data[17]: 11111100 -> fc
  Data[18]: 11111110 -> fe

Address #183: 001100
RDWR Bit: 1
Stream Bit: 1
Stream Length: 24 (binary: 00011000)
  Data[0]: 10011100 -> 9c
  Data[1]: 01001001 -> 49
  Data[2]: 10110000 -> b0
  Data[3]: 11101111 -> ef
  Data[4]: 11101100 -> ec
  Data[5]: 00011101 -> 1d
  Data[6]: 11101100 -> ec
  Data[7]: 00011110 -> 1e
  Data[8]: 11001101 -> cd
  Data[9]: 00100101 -> 25
  Data[10]: 01111111 -> 7f
  Data[11]: 01011001 -> 59
  Data[12]: 01000000 -> 40
  Data[13]: 10000111 -> 87
  Data[14]: 10010101 -> 95
  Data[15]: 11010001 -> d1
  Data[16]: 00100111 -> 27
  Data[17]: 01111111 -> 7f
  Data[18]: 10101101 -> ad
  Data[19]: 01111011 -> 7b
  Data[20]: 01100011 -> 63
  Data[21]: 00101011 -> 2b
  Data[22]: 10010101 -> 95
  Data[23]: 11011101 -> dd

Address #196: 100010
RDWR Bit: 1
Stream Bit: 0
Exchange: 10001101

Address #197: 010100
RDWR Bit: 1
Stream Bit: 1
Stream Length: 3 (binary: 00000011)
  Data[0]: 00010011 -> 13
  Data[1]: 00100111 -> 27
  Data[2]: 11011000 -> d8

Address #200: 010110
RDWR Bit: 1
Stream Bit: 0
Exchange: 01010001

Address #201: 111001
RDWR Bit: 0
Stream Bit: 1
Stream Length: 19 (binary: 00010011)
  Data[0]: 01000011 -> 43
  Data[1]: 01100000 -> 60
  Data[2]: 11111100 -> fc
  Data[3]: 10001010 -> 8a
  Data[4]: 01010111 -> 57
  Data[5]: 10111111 -> bf
  Data[6]: 00011100 -> 1c
  Data[7]: 01010100 -> 54
  Data[8]: 11011111 -> df
  Data[9]: 00000110 -> 06
  Data[10]: 01111000 -> 78
  Data[11]: 01001100 -> 4c
  Data[12]: 01000011 -> 43
  Data[13]: 10000011 -> 83
  Data[14]: 00111000 -> 38
  Data[15]: 00101011 -> 2b
  Data[16]: 10111110 -> be
  Data[17]: 01000011 -> 43
  Data[18]: 01000010 -> 42

Address #211: 101010
RDWR Bit: 1
Stream Bit: 0
Exchange: 00111111

Address #212: 001010
RDWR Bit: 0
Stream Bit: 1
Stream Length: 23 (binary: 00010111)
  Data[0]: 01010111 -> 57
  Data[1]: 01001111 -> 4f
  Data[2]: 11010011 -> d3
  Data[3]: 10011011 -> 9b
  Data[4]: 10111010 -> ba
  Data[5]: 01011111 -> 5f
  Data[6]: 01011100 -> 5c
  Data[7]: 01101011 -> 6b
  Data[8]: 01000001 -> 41
  Data[9]: 10110000 -> b0
  Data[10]: 11110110 -> f6
  Data[11]: 00010101 -> 15
  Data[12]: 01111011 -> 7b
  Data[13]: 01001101 -> 4d
  Data[14]: 11110010 -> f2
  Data[15]: 00100000 -> 20
  Data[16]: 00110000 -> 30
  Data[17]: 00001010 -> 0a
  Data[18]: 01001001 -> 49
  Data[19]: 11010011 -> d3
  Data[20]: 10001111 -> 8f
  Data[21]: 10101110 -> ae
  Data[22]: 01100010 -> 62

Address #225: 000001
RDWR Bit: 1
Stream Bit: 1
Stream Length: 11 (binary: 00001011)
  Data[0]: 01100011 -> 63
  Data[1]: 00010111 -> 17
  Data[2]: 11100111 -> e7
  Data[3]: 10011101 -> 9d
  Data[4]: 11010000 -> d0
  Data[5]: 00001000 -> 08
  Data[6]: 01101001 -> 69
  Data[7]: 01101111 -> 6f
  Data[8]: 10011110 -> 9e
  Data[9]: 10001100 -> 8c
  Data[10]: 10101001 -> a9
