Read a waves file with 6 signals and 11155 samples...
Input has these signals:
	* sclk (1 bits)
	* mosi (1 bits)
	* miso (1 bits)
	* ss (1 bits)
	* cpol (1 bits)
	* cpha (1 bits)

Address #1: 000100
RDWR Bit: 1
Stream Bit: 1
Stream Length: 22 (binary: 00010110)
  Data[0]: 00000100 -> 04
  Data[1]: 00000100 -> 04
  Data[2]: 00010010 -> 12
  Data[3]: 11110110 -> f6
  Data[4]: 10110111 -> b7
  Data[5]: 11001110 -> ce
  Data[6]: 00001000 -> 08
  Data[7]: 00100110 -> 26
  Data[8]: 00100111 -> 27
  Data[9]: 00010101 -> 15
  Data[10]: 00000111 -> 07
  Data[11]: 11111001 -> f9
  Data[12]: 01101101 -> 6d
  Data[13]: 00111101 -> 3d
  Data[14]: 00111001 -> 39
  Data[15]: 01101010 -> 6a
  Data[16]: 01111001 -> 79
  Data[17]: 00000100 -> 04
  Data[18]: 10011111 -> 9f
  Data[19]: 11001110 -> ce
  Data[20]: 11000101 -> c5
  Data[21]: 01000011 -> 43

Address #13: 110100
RDWR Bit: 1
Stream Bit: 1
Stream Length: 5 (binary: 00000101)
  Data[0]: 11110011 -> f3
  Data[1]: 11100111 -> e7
  Data[2]: 01101101 -> 6d
  Data[3]: 11011011 -> db
  Data[4]: 10000100 -> 84

Address #16: 011101
RDWR Bit: 1
Stream Bit: 1
Stream Length: 23 (binary: 00010111)
  Data[0]: 01000010 -> 42
  Data[1]: 01001101 -> 4d
  Data[2]: 11000101 -> c5
  Data[3]: 00110001 -> 31
  Data[4]: 00110011 -> 33
  Data[5]: 11010011 -> d3
  Data[6]: 00110101 -> 35
  Data[7]: 00101000 -> 28
  Data[8]: 00100001 -> 21
  Data[9]: 10111000 -> b8
  Data[10]: 00111010 -> 3a
  Data[11]: 01111110 -> 7e
  Data[12]: 10001011 -> 8b
  Data[13]: 00111010 -> 3a
  Data[14]: 01110101 -> 75
  Data[15]: 11110100 -> f4
  Data[16]: 11001101 -> cd
  Data[17]: 01110000 -> 70
  Data[18]: 01110100 -> 74
  Data[19]: 10111011 -> bb
  Data[20]: 10011100 -> 9c
  Data[21]: 01110000 -> 70
  Data[22]: 11111010 -> fa

Address #29: 000011
RDWR Bit: 1
Stream Bit: 0
Exchange: 10011100

Address #30: 001010
RDWR Bit: 1
Stream Bit: 1
Stream Length: 23 (binary: 00010111)
  Data[0]: 10011100 -> 9c
  Data[1]: 11101001 -> e9
  Data[2]: 01100110 -> 66
  Data[3]: 10111010 -> ba
  Data[4]: 11101000 -> e8
  Data[5]: 00101111 -> 2f
  Data[6]: 11000100 -> c4
  Data[7]: 00010110 -> 16
  Data[8]: 01111111 -> 7f
  Data[9]: 10011001 -> 99
  Data[10]: 00001110 -> 0e
  Data[11]: 10011001 -> 99
  Data[12]: 01010111 -> 57
  Data[13]: 00011011 -> 1b
  Data[14]: 11100100 -> e4
  Data[15]: 01001000 -> 48
  Data[16]: 00011110 -> 1e
  Data[17]: 11100110 -> e6
  Data[18]: 00010111 -> 17
  Data[19]: 10001001 -> 89
  Data[20]: 10110000 -> b0
  Data[21]: 10111111 -> bf
  Data[22]: 00100111 -> 27

Address #42: 101100
RDWR Bit: 0
Stream Bit: 1
Stream Length: 6 (binary: 00000110)
  Data[0]: 11101111 -> ef
  Data[1]: 11010100 -> d4
  Data[2]: 00010111 -> 17
  Data[3]: 01000110 -> 46
  Data[4]: 11111011 -> fb
  Data[5]: 11111010 -> fa

Address #46: 110001
RDWR Bit: 0
Stream Bit: 1
Stream Length: 23 (binary: 00010111)
  Data[0]: 00010110 -> 16
  Data[1]: 10100001 -> a1
  Data[2]: 11010111 -> d7
  Data[3]: 11110101 -> f5
  Data[4]: 11000010 -> c2
  Data[5]: 01111011 -> 7b
  Data[6]: 01001111 -> 4f
  Data[7]: 11011011 -> db
  Data[8]: 00100111 -> 27
  Data[9]: 11111100 -> fc
  Data[10]: 11000000 -> c0
  Data[11]: 01101101 -> 6d
  Data[12]: 00111110 -> 3e
  Data[13]: 01001011 -> 4b
  Data[14]: 01110101 -> 75
  Data[15]: 10000100 -> 84
  Data[16]: 10101111 -> af
  Data[17]: 10001001 -> 89
  Data[18]: 11001011 -> cb
  Data[19]: 00000000 -> 00
  Data[20]: 00110011 -> 33
  Data[21]: 01100001 -> 61
  Data[22]: 11100100 -> e4

Address #59: 011010
RDWR Bit: 0
Stream Bit: 0
Exchange: 00101100

Address #60: 111010
RDWR Bit: 1
Stream Bit: 1
Stream Length: 15 (binary: 00001111)
  Data[0]: 01010111 -> 57
  Data[1]: 00100011 -> 23
  Data[2]: 11011000 -> d8
  Data[3]: 00000001 -> 01
  Data[4]: 11001001 -> c9
  Data[5]: 00010111 -> 17
  Data[6]: 01100011 -> 63
  Data[7]: 11011100 -> dc
  Data[8]: 01001101 -> 4d
  Data[9]: 11001000 -> c8
  Data[10]: 10001001 -> 89
  Data[11]: 11111010 -> fa
  Data[12]: 01010111 -> 57
  Data[13]: 01000000 -> 40
  Data[14]: 01001101 -> 4d

Address #68: 010001
RDWR Bit: 1
Stream Bit: 0
Exchange: 10010000

Address #69: 011110
RDWR Bit: 0
Stream Bit: 1
Stream Length: 16 (binary: 00010000)
  Data[0]: 01001100 -> 4c
  Data[1]: 01111101 -> 7d
  Data[2]: 01000010 -> 42
  Data[3]: 11100000 -> e0
  Data[4]: 11101011 -> eb
  Data[5]: 11011011 -> db
  Data[6]: 01000010 -> 42
  Data[7]: 10001101 -> 8d
  Data[8]: 00101011 -> 2b
  Data[9]: 11000111 -> c7
  Data[10]: 01101010 -> 6a
  Data[11]: 10010000 -> 90
  Data[12]: 10001101 -> 8d
  Data[13]: 10111001 -> b9
  Data[14]: 10100100 -> a4
  Data[15]: 01000100 -> 44

Address #78: 110111
RDWR Bit: 1
Stream Bit: 0
Exchange: 10001011

Address #79: 111100
RDWR Bit: 0
Stream Bit: 1
Stream Length: 20 (binary: 00010100)
  Data[0]: 01100000 -> 60
  Data[1]: 10000100 -> 84
  Data[2]: 00011001 -> 19
  Data[3]: 01011110 -> 5e
  Data[4]: 00011010 -> 1a
  Data[5]: 10101010 -> aa
  Data[6]: 11000000 -> c0
  Data[7]: 00100000 -> 20
  Data[8]: 11101100 -> ec
  Data[9]: 11000100 -> c4
  Data[10]: 00000001 -> 01
  Data[11]: 11100100 -> e4
  Data[12]: 10010110 -> 96
  Data[13]: 11001000 -> c8
  Data[14]: 11000110 -> c6
  Data[15]: 10100010 -> a2
  Data[16]: 10010110 -> 96
  Data[17]: 10011101 -> 9d
  Data[18]: 10111011 -> bb
  Data[19]: 01011011 -> 5b

Address #90: 010111
RDWR Bit: 0
Stream Bit: 0
Exchange: 10010000

Address #91: 011000
RDWR Bit: 0
Stream Bit: 0
Exchange: 00001101

Address #92: 110001
RDWR Bit: 1
Stream Bit: 1
Stream Length: 7 (binary: 00000111)
  Data[0]: 00011101 -> 1d
  Data[1]: 00011001 -> 19
  Data[2]: 01110100 -> 74
  Data[3]: 00111011 -> 3b
  Data[4]: 01101011 -> 6b
  Data[5]: 10010101 -> 95
  Data[6]: 00110010 -> 32

Address #97: 000000
RDWR Bit: 1
Stream Bit: 0
Exchange: 01111011

Address #98: 100001
RDWR Bit: 0
Stream Bit: 1
Stream Length: 15 (binary: 00001111)
  Data[0]: 10110010 -> b2
  Data[1]: 00000100 -> 04
  Data[2]: 00111110 -> 3e
  Data[3]: 11110101 -> f5
  Data[4]: 10111110 -> be
  Data[5]: 10111001 -> b9
  Data[6]: 00000111 -> 07
  Data[7]: 11001111 -> cf
  Data[8]: 11010000 -> d0
  Data[9]: 11011100 -> dc
  Data[10]: 01000001 -> 41
  Data[11]: 00111010 -> 3a
  Data[12]: 10001101 -> 8d
  Data[13]: 10101010 -> aa
  Data[14]: 11000111 -> c7

Address #106: 101001
RDWR Bit: 1
Stream Bit: 0
Exchange: 10111101

Address #107: 110111
RDWR Bit: 0
Stream Bit: 0
Exchange: 01001110

Address #108: 001111
RDWR Bit: 1
Stream Bit: 1
Stream Length: 20 (binary: 00010100)
  Data[0]: 01111000 -> 78
  Data[1]: 00000000 -> 00
  Data[2]: 10110011 -> b3
  Data[3]: 00001100 -> 0c
  Data[4]: 11100110 -> e6
  Data[5]: 11010010 -> d2
  Data[6]: 00001110 -> 0e
  Data[7]: 01111110 -> 7e
  Data[8]: 01000100 -> 44
  Data[9]: 00011000 -> 18
  Data[10]: 11010111 -> d7
  Data[11]: 10111101 -> bd
  Data[12]: 10101101 -> ad
  Data[13]: 01011011 -> 5b
  Data[14]: 11110100 -> f4
  Data[15]: 00100011 -> 23
  Data[16]: 01111011 -> 7b
  Data[17]: 00100110 -> 26
  Data[18]: 00111110 -> 3e
  Data[19]: 00101110 -> 2e

Address #119: 100111
RDWR Bit: 1
Stream Bit: 1
Stream Length: 1 (binary: 00000001)
  Data[0]: 00011001 -> 19

Address #121: 110010
RDWR Bit: 0
Stream Bit: 1
Stream Length: 28 (binary: 00011100)
  Data[0]: 00111001 -> 39
  Data[1]: 01111111 -> 7f
  Data[2]: 11100011 -> e3
  Data[3]: 11110011 -> f3
  Data[4]: 01101011 -> 6b
  Data[5]: 00101101 -> 2d
  Data[6]: 11000000 -> c0
  Data[7]: 01001001 -> 49
  Data[8]: 01011001 -> 59
  Data[9]: 10101111 -> af
  Data[10]: 11100000 -> e0
  Data[11]: 01111100 -> 7c
  Data[12]: 10000110 -> 86
  Data[13]: 10100011 -> a3
  Data[14]: 01100110 -> 66
  Data[15]: 10001100 -> 8c
  Data[16]: 01100001 -> 61
  Data[17]: 11101101 -> ed
  Data[18]: 10010111 -> 97
  Data[19]: 10110110 -> b6
  Data[20]: 01001010 -> 4a
  Data[21]: 10000001 -> 81
  Data[22]: 00111000 -> 38
  Data[23]: 11011001 -> d9
  Data[24]: 10100111 -> a7
  Data[25]: 11011110 -> de
  Data[26]: 01111110 -> 7e
  Data[27]: 11100110 -> e6

Address #136: 111011
RDWR Bit: 1
Stream Bit: 0
Exchange: 01101001

Address #137: 001111
RDWR Bit: 1
Stream Bit: 0
Exchange: 10100101

Address #138: 011111
RDWR Bit: 0
Stream Bit: 0
Exchange: 11100001

Address #139: 011001
RDWR Bit: 1
Stream Bit: 1
Stream Length: 31 (binary: 00011111)
  Data[0]: 01101000 -> 68
  Data[1]: 11000001 -> c1
  Data[2]: 10000101 -> 85
  Data[3]: 01100010 -> 62
  Data[4]: 11011111 -> df
  Data[5]: 10111010 -> ba
  Data[6]: 01101101 -> 6d
  Data[7]: 00100000 -> 20
  Data[8]: 00011111 -> 1f
  Data[9]: 01111110 -> 7e
  Data[10]: 01000001 -> 41
  Data[11]: 10101000 -> a8
  Data[12]: 00110010 -> 32
  Data[13]: 00011010 -> 1a
  Data[14]: 11111110 -> fe
  Data[15]: 00101011 -> 2b
  Data[16]: 10011010 -> 9a
  Data[17]: 10000110 -> 86
  Data[18]: 00110101 -> 35
  Data[19]: 11111111 -> ff
  Data[20]: 00011100 -> 1c
  Data[21]: 10111000 -> b8
  Data[22]: 00111011 -> 3b
  Data[23]: 11010011 -> d3
  Data[24]: 11100100 -> e4
  Data[25]: 11100001 -> e1
  Data[26]: 11010100 -> d4
  Data[27]: 00110010 -> 32
  Data[28]: 10110111 -> b7
  Data[29]: 10110010 -> b2
  Data[30]: 11011101 -> dd

Address #155: 001010
RDWR Bit: 1
Stream Bit: 0
Exchange: 00001010

Address #156: 000001
RDWR Bit: 0
Stream Bit: 1
Stream Length: 13 (binary: 00001101)
  Data[0]: 01110100 -> 74
  Data[1]: 01000010 -> 42
  Data[2]: 01101101 -> 6d
  Data[3]: 11100111 -> e7
  Data[4]: 00111011 -> 3b
  Data[5]: 01111100 -> 7c
  Data[6]: 00110000 -> 30
  Data[7]: 11000011 -> c3
  Data[8]: 00011100 -> 1c
  Data[9]: 10110011 -> b3
  Data[10]: 01100001 -> 61
  Data[11]: 11110100 -> f4
  Data[12]: 00100010 -> 22

Address #164: 100010
RDWR Bit: 0
Stream Bit: 1
Stream Length: 14 (binary: 00001110)
  Data[0]: 01011100 -> 5c
  Data[1]: 01101100 -> 6c
  Data[2]: 10111000 -> b8
  Data[3]: 11100011 -> e3
  Data[4]: 11011001 -> d9
  Data[5]: 10110110 -> b6
  Data[6]: 11100011 -> e3
  Data[7]: 01111000 -> 78
  Data[8]: 10010010 -> 92
  Data[9]: 01111111 -> 7f
  Data[10]: 11110010 -> f2
  Data[11]: 11111011 -> fb
  Data[12]: 11101000 -> e8
  Data[13]: 10010110 -> 96

Address #172: 101000
RDWR Bit: 0
Stream Bit: 0
Exchange: 01010110

Address #173: 000100
RDWR Bit: 0
Stream Bit: 0
Exchange: 00101001

Address #174: 011000
RDWR Bit: 1
Stream Bit: 1
Stream Length: 28 (binary: 00011100)
  Data[0]: 10001111 -> 8f
  Data[1]: 10011000 -> 98
  Data[2]: 01100110 -> 66
  Data[3]: 11010011 -> d3
  Data[4]: 00101010 -> 2a
  Data[5]: 01100001 -> 61
  Data[6]: 00011000 -> 18
  Data[7]: 01011000 -> 58
  Data[8]: 00000101 -> 05
  Data[9]: 01111100 -> 7c
  Data[10]: 10110001 -> b1
  Data[11]: 01010100 -> 54
  Data[12]: 10011011 -> 9b
  Data[13]: 11011011 -> db
  Data[14]: 11001000 -> c8
  Data[15]: 10101110 -> ae
  Data[16]: 00100110 -> 26
  Data[17]: 00101010 -> 2a
  Data[18]: 10000010 -> 82
  Data[19]: 11101010 -> ea
  Data[20]: 01110000 -> 70
  Data[21]: 00000010 -> 02
  Data[22]: 00001010 -> 0a
  Data[23]: 11100000 -> e0
  Data[24]: 01110110 -> 76
  Data[25]: 01001110 -> 4e
  Data[26]: 00111110 -> 3e
  Data[27]: 00101001 -> 29

Address #189: 101000
RDWR Bit: 1
Stream Bit: 1
Stream Length: 12 (binary: 00001100)
  Data[0]: 11111110 -> fe
  Data[1]: 10000101 -> 85
  Data[2]: 10101101 -> ad
  Data[3]: 11101000 -> e8
  Data[4]: 01010010 -> 52
  Data[5]: 11100000 -> e0
  Data[6]: 11110000 -> f0
  Data[7]: 11101101 -> ed
  Data[8]: 00010111 -> 17
  Data[9]: 10100000 -> a0
  Data[10]: 01100011 -> 63
  Data[11]: 10001111 -> 8f

Address #196: 110010
RDWR Bit: 0
Stream Bit: 1
Stream Length: 23 (binary: 00010111)
  Data[0]: 10111011 -> bb
  Data[1]: 11110011 -> f3
  Data[2]: 10111101 -> bd
  Data[3]: 01111010 -> 7a
  Data[4]: 10010011 -> 93
  Data[5]: 10100100 -> a4
  Data[6]: 01101000 -> 68
  Data[7]: 01110101 -> 75
  Data[8]: 10010001 -> 91
  Data[9]: 10101001 -> a9
  Data[10]: 11100110 -> e6
  Data[11]: 11111101 -> fd
  Data[12]: 00100000 -> 20
  Data[13]: 01010000 -> 50
  Data[14]: 01110101 -> 75
  Data[15]: 11001001 -> c9
  Data[16]: 01010100 -> 54
  Data[17]: 10111101 -> bd
  Data[18]: 01001001 -> 49
  Data[19]: 01100100 -> 64
  Data[20]: 11100001 -> e1
  Data[21]: 11101111 -> ef
  Data[22]: 11011010 -> da

Address #208: 001000
RDWR Bit: 1
Stream Bit: 1
Stream Length: 28 (binary: 00011100)
  Data[0]: 10011000 -> 98
  Data[1]: 11101001 -> e9
  Data[2]: 01111001 -> 79
  Data[3]: 11101000 -> e8
  Data[4]: 01001110 -> 4e
  Data[5]: 11011001 -> d9
  Data[6]: 11100010 -> e2
  Data[7]: 11001111 -> cf
  Data[8]: 11110010 -> f2
  Data[9]: 01100010 -> 62
  Data[10]: 00001100 -> 0c
  Data[11]: 10010010 -> 92
  Data[12]: 10000110 -> 86
  Data[13]: 11100110 -> e6
  Data[14]: 10110011 -> b3
  Data[15]: 01100100 -> 64
  Data[16]: 00011110 -> 1e
  Data[17]: 01100011 -> 63
  Data[18]: 11011000 -> d8
  Data[19]: 00011110 -> 1e
  Data[20]: 11111010 -> fa
  Data[21]: 10000010 -> 82
  Data[22]: 10100100 -> a4
  Data[23]: 11111110 -> fe
  Data[24]: 00110111 -> 37
  Data[25]: 11010000 -> d0
  Data[26]: 00001011 -> 0b
  Data[27]: 01100000 -> 60

Address #223: 110100
RDWR Bit: 0
Stream Bit: 0
Exchange: 10000001

Address #224: 100011
RDWR Bit: 1
Stream Bit: 1
Stream Length: 14 (binary: 00001110)
  Data[0]: 01100101 -> 65
  Data[1]: 01101001 -> 69
  Data[2]: 11001110 -> ce
  Data[3]: 01000001 -> 41
  Data[4]: 00010111 -> 17
  Data[5]: 00001010 -> 0a
  Data[6]: 01000010 -> 42
  Data[7]: 01000010 -> 42
  Data[8]: 10001100 -> 8c
  Data[9]: 10010110 -> 96
  Data[10]: 00100100 -> 24
  Data[11]: 11001111 -> cf
  Data[12]: 01100011 -> 63
  Data[13]: 11101110 -> ee

Address #232: 010100
RDWR Bit: 1
Stream Bit: 0
Exchange: 10101000

Address #233: 010000
RDWR Bit: 0
Stream Bit: 0
Exchange: 11100101

Address #234: 001100
RDWR Bit: 0
Stream Bit: 0
Exchange: 01101000

Address #235: 001100
RDWR Bit: 1
Stream Bit: 1
Stream Length: 22 (binary: 00010110)
  Data[0]: 01100000 -> 60
  Data[1]: 01111000 -> 78
  Data[2]: 11101011 -> eb
  Data[3]: 01110101 -> 75
  Data[4]: 10011110 -> 9e
  Data[5]: 01000101 -> 45
  Data[6]: 11100111 -> e7
  Data[7]: 01111101 -> 7d
  Data[8]: 00000100 -> 04
  Data[9]: 01011001 -> 59
  Data[10]: 10100000 -> a0
  Data[11]: 11010100 -> d4
  Data[12]: 11111110 -> fe
  Data[13]: 01101010 -> 6a
  Data[14]: 00101110 -> 2e
  Data[15]: 10111110 -> be
  Data[16]: 10011001 -> 99
  Data[17]: 00010011 -> 13
  Data[18]: 00011101 -> 1d
  Data[19]: 10000011 -> 83
  Data[20]: 11011010 -> da
  Data[21]: 01101000 -> 68

Address #247: 110000
RDWR Bit: 1
Stream Bit: 0
Exchange: 11111001

Address #248: 100000
RDWR Bit: 0
Stream Bit: 0
Exchange: 11010110

Address #249: 111110
RDWR Bit: 1
Stream Bit: 0
Exchange: 00001011

Address #250: 000001
RDWR Bit: 1
Stream Bit: 1
Stream Length: 28 (binary: 00011100)
  Data[0]: 00110110 -> 36
  Data[1]: 00101011 -> 2b
  Data[2]: 01110010 -> 72
  Data[3]: 01110110 -> 76
  Data[4]: 11001001 -> c9
  Data[5]: 11110010 -> f2
  Data[6]: 10100010 -> a2
  Data[7]: 00111010 -> 3a
  Data[8]: 10001111 -> 8f
  Data[9]: 00110011 -> 33
  Data[10]: 00111000 -> 38
  Data[11]: 01110011 -> 73
  Data[12]: 11001010 -> ca
  Data[13]: 10000111 -> 87
  Data[14]: 00111111 -> 3f
  Data[15]: 10001110 -> 8e
  Data[16]: 00010001 -> 11
  Data[17]: 10000100 -> 84
  Data[18]: 01010101 -> 55
  Data[19]: 11011010 -> da
  Data[20]: 00001001 -> 09
  Data[21]: 00110111 -> 37
  Data[22]: 10100001 -> a1
  Data[23]: 10010011 -> 93
  Data[24]: 11110010 -> f2
  Data[25]: 00111000 -> 38
  Data[26]: 10111111 -> bf
  Data[27]: 00011111 -> 1f

Address #265: 110101
RDWR Bit: 1
Stream Bit: 0
Exchange: 11001010

Address #266: 011010
RDWR Bit: 1
Stream Bit: 1
Stream Length: 31 (binary: 00011111)
  Data[0]: 10010001 -> 91
  Data[1]: 00100101 -> 25
  Data[2]: 00111111 -> 3f
  Data[3]: 00110010 -> 32
  Data[4]: 00000111 -> 07
  Data[5]: 10001110 -> 8e
  Data[6]: 10001000 -> 88
  Data[7]: 11111011 -> fb
  Data[8]: 10011111 -> 9f
  Data[9]: 00100100 -> 24
  Data[10]: 01101101 -> 6d
  Data[11]: 11110010 -> f2
  Data[12]: 00001110 -> 0e
  Data[13]: 00010000 -> 10
  Data[14]: 01101001 -> 69
  Data[15]: 01000100 -> 44
  Data[16]: 10100011 -> a3
  Data[17]: 11010110 -> d6
  Data[18]: 00100101 -> 25
  Data[19]: 00010000 -> 10
  Data[20]: 11011001 -> d9
  Data[21]: 00110011 -> 33
  Data[22]: 01101000 -> 68
  Data[23]: 00001110 -> 0e
  Data[24]: 10110000 -> b0
  Data[25]: 10001011 -> 8b
  Data[26]: 10001000 -> 88
  Data[27]: 00001101 -> 0d
  Data[28]: 00001101 -> 0d
  Data[29]: 10000001 -> 81
  Data[30]: 01100110 -> 66

Address #283: 100010
RDWR Bit: 0
Stream Bit: 0
Exchange: 01010111

Address #284: 101011
RDWR Bit: 0
Stream Bit: 0
Exchange: 01000101

Address #285: 001111
RDWR Bit: 1
Stream Bit: 1
Stream Length: 1 (binary: 00000001)
  Data[0]: 00100001 -> 21

Address #286: 111110
RDWR Bit: 1
Stream Bit: 0
Exchange: 00011101

Address #287: 100000
RDWR Bit: 1
Stream Bit: 0
Exchange: 00010111

Address #288: 010000
RDWR Bit: 0
Stream Bit: 0
Exchange: 00001101

Address #289: 110011
RDWR Bit: 0
Stream Bit: 1
Stream Length: 7 (binary: 00000111)
  Data[0]: 00101001 -> 29
  Data[1]: 11000101 -> c5
  Data[2]: 01110111 -> 77
  Data[3]: 10001101 -> 8d
  Data[4]: 10011011 -> 9b
  Data[5]: 11100010 -> e2
  Data[6]: 01111000 -> 78

Address #294: 001101
RDWR Bit: 0
Stream Bit: 1
Stream Length: 7 (binary: 00000111)
  Data[0]: 11000011 -> c3
  Data[1]: 10101001 -> a9
  Data[2]: 11011000 -> d8
  Data[3]: 01001100 -> 4c
  Data[4]: 10100010 -> a2
  Data[5]: 01000011 -> 43
  Data[6]: 00011111 -> 1f

Address #298: 000100
RDWR Bit: 1
Stream Bit: 0
Exchange: 10010010

Address #299: 101000
RDWR Bit: 0
Stream Bit: 1
Stream Length: 15 (binary: 00001111)
  Data[0]: 01110000 -> 70
  Data[1]: 10000111 -> 87
  Data[2]: 01111001 -> 79
  Data[3]: 00100111 -> 27
  Data[4]: 01000000 -> 40
  Data[5]: 11101010 -> ea
  Data[6]: 00000001 -> 01
  Data[7]: 11111100 -> fc
  Data[8]: 00100011 -> 23
  Data[9]: 00100111 -> 27
  Data[10]: 11110001 -> f1
  Data[11]: 11111101 -> fd
  Data[12]: 11111101 -> fd
  Data[13]: 10000111 -> 87
  Data[14]: 11001100 -> cc

Address #308: 110010
RDWR Bit: 1
Stream Bit: 1
Stream Length: 22 (binary: 00010110)
  Data[0]: 11011011 -> db
  Data[1]: 01101100 -> 6c
  Data[2]: 01000011 -> 43
  Data[3]: 01000000 -> 40
  Data[4]: 00100101 -> 25
  Data[5]: 10010001 -> 91
  Data[6]: 11010010 -> d2
  Data[7]: 00001111 -> 0f
  Data[8]: 11111010 -> fa
  Data[9]: 00001011 -> 0b
  Data[10]: 10000010 -> 82
  Data[11]: 10011001 -> 99
  Data[12]: 11010101 -> d5
  Data[13]: 11010001 -> d1
  Data[14]: 10110101 -> b5
  Data[15]: 10110000 -> b0
  Data[16]: 01110111 -> 77
  Data[17]: 11110000 -> f0
  Data[18]: 00110000 -> 30
  Data[19]: 11111111 -> ff
  Data[20]: 00001100 -> 0c
  Data[21]: 01001101 -> 4d

Address #320: 011101
RDWR Bit: 1
Stream Bit: 0
Exchange: 01100111

Address #321: 111101
RDWR Bit: 1
Stream Bit: 1
Stream Length: 30 (binary: 00011110)
  Data[0]: 10001100 -> 8c
  Data[1]: 11111101 -> fd
  Data[2]: 00100000 -> 20
  Data[3]: 11001100 -> cc
  Data[4]: 01010100 -> 54
  Data[5]: 11011011 -> db
  Data[6]: 10001111 -> 8f
  Data[7]: 10101010 -> aa
  Data[8]: 01001100 -> 4c
  Data[9]: 11110101 -> f5
  Data[10]: 00101011 -> 2b
  Data[11]: 00010001 -> 11
  Data[12]: 00000000 -> 00
  Data[13]: 01000110 -> 46
  Data[14]: 01110010 -> 72
  Data[15]: 01111010 -> 7a
  Data[16]: 11111000 -> f8
  Data[17]: 10000100 -> 84
  Data[18]: 10011011 -> 9b
  Data[19]: 01101000 -> 68
  Data[20]: 01000100 -> 44
  Data[21]: 00111110 -> 3e
  Data[22]: 01111010 -> 7a
  Data[23]: 11111001 -> f9
  Data[24]: 11101110 -> ee
  Data[25]: 11110000 -> f0
  Data[26]: 00000100 -> 04
  Data[27]: 10111000 -> b8
  Data[28]: 00111000 -> 38
  Data[29]: 00000101 -> 05

Address #337: 110001
RDWR Bit: 0
Stream Bit: 0
Exchange: 00110010

Address #338: 010110
RDWR Bit: 0
Stream Bit: 0
Exchange: 10111101

Address #339: 010011
RDWR Bit: 1
Stream Bit: 1
Stream Length: 7 (binary: 00000111)
  Data[0]: 10111110 -> be
  Data[1]: 10110111 -> b7
  Data[2]: 01100101 -> 65
  Data[3]: 01111011 -> 7b
  Data[4]: 11110101 -> f5
  Data[5]: 01110001 -> 71
  Data[6]: 01001001 -> 49
