Read a waves file with 6 signals and 2243 samples...
Input has these signals:
	* sclk (1 bits)
	* mosi (1 bits)
	* miso (1 bits)
	* ss (1 bits)
	* cpol (1 bits)
	* cpha (1 bits)

Address #1: 001001
RDWR Bit: 1
Stream Bit: 0
Exchange: 10101011

Address #2: 101110
RDWR Bit: 0
Stream Bit: 0
Exchange: 10111100

Address #3: 000101
RDWR Bit: 1
Stream Bit: 0
Exchange: 10010110

Address #4: 101011
RDWR Bit: 0
Stream Bit: 0
Exchange: 00101010

Address #5: 011010
RDWR Bit: 0
Stream Bit: 0
Exchange: 01001001

Address #6: 110000
RDWR Bit: 0
Stream Bit: 0
Exchange: 10100011

Address #7: 010010
RDWR Bit: 1
Stream Bit: 0
Exchange: 10110000

Address #8: 011001
RDWR Bit: 1
Stream Bit: 0
Exchange: 10001110

Address #9: 000010
RDWR Bit: 1
Stream Bit: 0
Exchange: 00101110

Address #10: 100100
RDWR Bit: 1
Stream Bit: 0
Exchange: 01001111

Address #11: 110011
RDWR Bit: 0
Stream Bit: 0
Exchange: 01010110

Address #12: 001000
RDWR Bit: 1
Stream Bit: 0
Exchange: 10100100

Address #13: 100100
RDWR Bit: 1
Stream Bit: 0
Exchange: 00010111

Address #14: 000101
RDWR Bit: 0
Stream Bit: 0
Exchange: 11011010

Address #15: 110000
RDWR Bit: 1
Stream Bit: 0
Exchange: 10000010

Address #16: 011111
RDWR Bit: 0
Stream Bit: 0
Exchange: 01001100

Address #17: 000101
RDWR Bit: 0
Stream Bit: 0
Exchange: 01101100

Address #18: 010011
RDWR Bit: 0
Stream Bit: 0
Exchange: 01001010

Address #19: 000111
RDWR Bit: 1
Stream Bit: 0
Exchange: 11001000

Address #20: 111000
RDWR Bit: 1
Stream Bit: 0
Exchange: 11100001

Address #21: 110100
RDWR Bit: 0
Stream Bit: 0
Exchange: 11101000

Address #22: 011100
RDWR Bit: 1
Stream Bit: 0
Exchange: 00110100

Address #23: 000111
RDWR Bit: 0
Stream Bit: 0
Exchange: 10101100

Address #24: 001001
RDWR Bit: 0
Stream Bit: 0
Exchange: 11010100

Address #25: 010110
RDWR Bit: 0
Stream Bit: 0
Exchange: 10111001

Address #26: 011111
RDWR Bit: 0
Stream Bit: 0
Exchange: 00001000

Address #27: 110010
RDWR Bit: 0
Stream Bit: 0
Exchange: 11101101

Address #28: 101100
RDWR Bit: 0
Stream Bit: 0
Exchange: 10001011

Address #29: 001101
RDWR Bit: 1
Stream Bit: 0
Exchange: 10101011

Address #30: 110110
RDWR Bit: 1
Stream Bit: 0
Exchange: 00101000

Address #31: 100011
RDWR Bit: 1
Stream Bit: 0
Exchange: 11110011

Address #32: 111101
RDWR Bit: 1
Stream Bit: 0
Exchange: 10001000

Address #33: 100000
RDWR Bit: 0
Stream Bit: 0
Exchange: 01110001

Address #34: 010001
RDWR Bit: 1
Stream Bit: 0
Exchange: 10111110

Address #35: 111110
RDWR Bit: 1
Stream Bit: 0
Exchange: 10001111

Address #36: 100101
RDWR Bit: 1
Stream Bit: 0
Exchange: 11111101

Address #37: 010110
RDWR Bit: 0
Stream Bit: 0
Exchange: 10101110

Address #38: 010110
RDWR Bit: 1
Stream Bit: 0
Exchange: 01101101

Address #39: 001001
RDWR Bit: 1
Stream Bit: 0
Exchange: 10001111

Address #40: 000000
RDWR Bit: 0
Stream Bit: 0
Exchange: 01011111

Address #41: 000101
RDWR Bit: 0
Stream Bit: 0
Exchange: 11010110

Address #42: 111010
RDWR Bit: 0
Stream Bit: 0
Exchange: 00010000

Address #43: 000111
RDWR Bit: 0
Stream Bit: 0
Exchange: 00111110

Address #44: 000100
RDWR Bit: 0
Stream Bit: 0
Exchange: 00111011

Address #45: 100010
RDWR Bit: 1
Stream Bit: 0
Exchange: 00010111

Address #46: 110101
RDWR Bit: 1
Stream Bit: 0
Exchange: 01000100

Address #47: 101110
RDWR Bit: 0
Stream Bit: 0
Exchange: 01000000

Address #48: 100010
RDWR Bit: 1
Stream Bit: 0
Exchange: 00110010

Address #49: 011000
RDWR Bit: 1
Stream Bit: 0
Exchange: 00010100

Address #50: 111110
RDWR Bit: 1
Stream Bit: 0
Exchange: 11000101

Address #51: 010110
RDWR Bit: 0
Stream Bit: 0
Exchange: 00100001

Address #52: 000100
RDWR Bit: 0
Stream Bit: 0
Exchange: 10100010

Address #53: 010000
RDWR Bit: 1
Stream Bit: 0
Exchange: 11011110

Address #54: 001000
RDWR Bit: 0
Stream Bit: 0
Exchange: 00001100

Address #55: 011011
RDWR Bit: 0
Stream Bit: 0
Exchange: 11100001

Address #56: 111100
RDWR Bit: 0
Stream Bit: 0
Exchange: 01000000

Address #57: 111111
RDWR Bit: 1
Stream Bit: 0
Exchange: 00000000

Address #58: 000000
RDWR Bit: 1
Stream Bit: 0
Exchange: 10111100

Address #59: 000001
RDWR Bit: 0
Stream Bit: 0
Exchange: 10110010

Address #60: 001111
RDWR Bit: 0
Stream Bit: 0
Exchange: 00011101

Address #61: 001100
RDWR Bit: 0
Stream Bit: 0
Exchange: 11001101

Address #62: 101100
RDWR Bit: 0
Stream Bit: 0
Exchange: 11001101

Address #63: 100110
RDWR Bit: 1
Stream Bit: 0
Exchange: 00010010

Address #64: 111011
RDWR Bit: 0
Stream Bit: 0
Exchange: 01011111
