Read a waves file with 6 signals and 2243 samples...
Input has these signals:
	* sclk (1 bits)
	* mosi (1 bits)
	* miso (1 bits)
	* ss (1 bits)
	* cpol (1 bits)
	* cpha (1 bits)

Address #1: 101010
RDWR Bit: 1
Stream Bit: 0
Exchange: 11010100

Address #2: 110000
RDWR Bit: 0
Stream Bit: 0
Exchange: 01100001

Address #3: 011010
RDWR Bit: 1
Stream Bit: 0
Exchange: 00001110

Address #4: 110101
RDWR Bit: 0
Stream Bit: 0
Exchange: 11110101

Address #5: 100000
RDWR Bit: 0
Stream Bit: 0
Exchange: 10111011

Address #6: 110010
RDWR Bit: 1
Stream Bit: 0
Exchange: 00000010

Address #7: 100001
RDWR Bit: 0
Stream Bit: 0
Exchange: 01101000

Address #8: 110100
RDWR Bit: 1
Stream Bit: 0
Exchange: 10011110

Address #9: 001100
RDWR Bit: 0
Stream Bit: 0
Exchange: 00100110

Address #10: 101001
RDWR Bit: 1
Stream Bit: 0
Exchange: 00100111

Address #11: 111101
RDWR Bit: 1
Stream Bit: 0
Exchange: 00110100

Address #12: 101001
RDWR Bit: 0
Stream Bit: 0
Exchange: 01110110

Address #13: 001000
RDWR Bit: 0
Stream Bit: 0
Exchange: 11111000

Address #14: 011011
RDWR Bit: 1
Stream Bit: 0
Exchange: 10100000

Address #15: 010100
RDWR Bit: 1
Stream Bit: 0
Exchange: 01010010

Address #16: 010010
RDWR Bit: 0
Stream Bit: 0
Exchange: 01011000

Address #17: 100010
RDWR Bit: 0
Stream Bit: 0
Exchange: 11101010

Address #18: 110100
RDWR Bit: 1
Stream Bit: 0
Exchange: 11110010

Address #19: 101100
RDWR Bit: 1
Stream Bit: 0
Exchange: 10000111

Address #20: 101011
RDWR Bit: 1
Stream Bit: 0
Exchange: 00011010

Address #21: 101001
RDWR Bit: 0
Stream Bit: 0
Exchange: 00001010

Address #22: 010111
RDWR Bit: 0
Stream Bit: 0
Exchange: 10010110

Address #23: 011001
RDWR Bit: 0
Stream Bit: 0
Exchange: 01110001

Address #24: 011001
RDWR Bit: 0
Stream Bit: 0
Exchange: 00010111

Address #25: 000100
RDWR Bit: 1
Stream Bit: 0
Exchange: 01011010

Address #26: 001111
RDWR Bit: 0
Stream Bit: 0
Exchange: 10110100

Address #27: 101011
RDWR Bit: 0
Stream Bit: 0
Exchange: 01100010

Address #28: 011111
RDWR Bit: 1
Stream Bit: 0
Exchange: 10101111

Address #29: 100010
RDWR Bit: 0
Stream Bit: 0
Exchange: 00111101

Address #30: 111011
RDWR Bit: 1
Stream Bit: 0
Exchange: 10010110

Address #31: 101101
RDWR Bit: 1
Stream Bit: 0
Exchange: 11110101

Address #32: 010000
RDWR Bit: 0
Stream Bit: 0
Exchange: 10000010

Address #33: 000011
RDWR Bit: 1
Stream Bit: 0
Exchange: 10011000

Address #34: 010111
RDWR Bit: 1
Stream Bit: 0
Exchange: 01010011

Address #35: 111000
RDWR Bit: 1
Stream Bit: 0
Exchange: 00010101

Address #36: 111110
RDWR Bit: 1
Stream Bit: 0
Exchange: 10101110

Address #37: 101101
RDWR Bit: 1
Stream Bit: 0
Exchange: 01001100

Address #38: 001100
RDWR Bit: 0
Stream Bit: 0
Exchange: 10001100

Address #39: 111101
RDWR Bit: 1
Stream Bit: 0
Exchange: 10000010

Address #40: 111000
RDWR Bit: 0
Stream Bit: 0
Exchange: 00110101

Address #41: 110001
RDWR Bit: 0
Stream Bit: 0
Exchange: 00011010

Address #42: 011000
RDWR Bit: 0
Stream Bit: 0
Exchange: 10000110

Address #43: 110110
RDWR Bit: 1
Stream Bit: 0
Exchange: 10100011

Address #44: 011101
RDWR Bit: 1
Stream Bit: 0
Exchange: 11111001

Address #45: 110010
RDWR Bit: 0
Stream Bit: 0
Exchange: 00110110

Address #46: 011100
RDWR Bit: 0
Stream Bit: 0
Exchange: 11101111

Address #47: 101111
RDWR Bit: 0
Stream Bit: 0
Exchange: 00011011

Address #48: 100010
RDWR Bit: 1
Stream Bit: 0
Exchange: 00110100

Address #49: 101101
RDWR Bit: 0
Stream Bit: 0
Exchange: 00111110

Address #50: 110100
RDWR Bit: 0
Stream Bit: 0
Exchange: 11100111

Address #51: 100110
RDWR Bit: 0
Stream Bit: 0
Exchange: 00111010

Address #52: 100001
RDWR Bit: 0
Stream Bit: 0
Exchange: 00101110

Address #53: 111101
RDWR Bit: 0
Stream Bit: 0
Exchange: 11010000

Address #54: 110100
RDWR Bit: 0
Stream Bit: 0
Exchange: 10101100

Address #55: 000110
RDWR Bit: 0
Stream Bit: 0
Exchange: 11011110

Address #56: 011111
RDWR Bit: 1
Stream Bit: 0
Exchange: 00111101

Address #57: 010001
RDWR Bit: 1
Stream Bit: 0
Exchange: 01110101

Address #58: 100111
RDWR Bit: 0
Stream Bit: 0
Exchange: 00011010

Address #59: 001001
RDWR Bit: 1
Stream Bit: 0
Exchange: 10001110

Address #60: 000100
RDWR Bit: 0
Stream Bit: 0
Exchange: 10000110

Address #61: 011100
RDWR Bit: 0
Stream Bit: 0
Exchange: 00011101

Address #62: 100011
RDWR Bit: 1
Stream Bit: 0
Exchange: 01001100

Address #63: 000011
RDWR Bit: 0
Stream Bit: 0
Exchange: 01100110

Address #64: 101000
RDWR Bit: 0
Stream Bit: 0
Exchange: 01010110
