Read a waves file with 6 signals and 2243 samples...
Input has these signals:
	* sclk (1 bits)
	* mosi (1 bits)
	* miso (1 bits)
	* ss (1 bits)
	* cpol (1 bits)
	* cpha (1 bits)

Address #1: 101011
RDWR Bit: 0
Stream Bit: 0
Exchange: 11111110

Address #2: 010000
RDWR Bit: 1
Stream Bit: 0
Exchange: 01010010

Address #3: 001000
RDWR Bit: 1
Stream Bit: 0
Exchange: 10001110

Address #4: 110110
RDWR Bit: 0
Stream Bit: 0
Exchange: 11000001

Address #5: 010111
RDWR Bit: 0
Stream Bit: 0
Exchange: 10011001

Address #6: 110001
RDWR Bit: 1
Stream Bit: 0
Exchange: 01111101

Address #7: 111010
RDWR Bit: 0
Stream Bit: 0
Exchange: 01001000

Address #8: 001100
RDWR Bit: 1
Stream Bit: 0
Exchange: 01110110

Address #9: 001101
RDWR Bit: 0
Stream Bit: 0
Exchange: 10100001

Address #10: 111110
RDWR Bit: 1
Stream Bit: 0
Exchange: 11101100

Address #11: 100011
RDWR Bit: 1
Stream Bit: 0
Exchange: 00010011

Address #12: 100101
RDWR Bit: 0
Stream Bit: 0
Exchange: 10001111

Address #13: 100011
RDWR Bit: 0
Stream Bit: 0
Exchange: 10110110

Address #14: 011010
RDWR Bit: 0
Stream Bit: 0
Exchange: 01011001

Address #15: 110001
RDWR Bit: 1
Stream Bit: 0
Exchange: 00010100

Address #16: 000110
RDWR Bit: 1
Stream Bit: 0
Exchange: 10000100

Address #17: 111101
RDWR Bit: 0
Stream Bit: 0
Exchange: 11011001

Address #18: 001011
RDWR Bit: 0
Stream Bit: 0
Exchange: 11100001

Address #19: 110100
RDWR Bit: 0
Stream Bit: 0
Exchange: 10001101

Address #20: 100010
RDWR Bit: 1
Stream Bit: 0
Exchange: 00010110

Address #21: 001111
RDWR Bit: 1
Stream Bit: 0
Exchange: 00110000

Address #22: 110010
RDWR Bit: 0
Stream Bit: 0
Exchange: 10000101

Address #23: 100010
RDWR Bit: 0
Stream Bit: 0
Exchange: 11101101

Address #24: 100101
RDWR Bit: 1
Stream Bit: 0
Exchange: 11011110

Address #25: 000100
RDWR Bit: 1
Stream Bit: 0
Exchange: 01000110

Address #26: 011010
RDWR Bit: 0
Stream Bit: 0
Exchange: 10011011

Address #27: 100111
RDWR Bit: 1
Stream Bit: 0
Exchange: 00011100

Address #28: 100110
RDWR Bit: 0
Stream Bit: 0
Exchange: 11111101

Address #29: 100001
RDWR Bit: 0
Stream Bit: 0
Exchange: 11110010

Address #30: 101010
RDWR Bit: 1
Stream Bit: 0
Exchange: 10101011

Address #31: 110011
RDWR Bit: 1
Stream Bit: 0
Exchange: 10110100

Address #32: 001100
RDWR Bit: 1
Stream Bit: 0
Exchange: 00101000

Address #33: 100100
RDWR Bit: 1
Stream Bit: 0
Exchange: 10110111

Address #34: 011100
RDWR Bit: 1
Stream Bit: 0
Exchange: 00111010

Address #35: 010111
RDWR Bit: 0
Stream Bit: 0
Exchange: 00010110

Address #36: 100100
RDWR Bit: 0
Stream Bit: 0
Exchange: 11111010

Address #37: 000001
RDWR Bit: 0
Stream Bit: 0
Exchange: 11001100

Address #38: 100001
RDWR Bit: 0
Stream Bit: 0
Exchange: 00001010

Address #39: 001011
RDWR Bit: 0
Stream Bit: 0
Exchange: 01001101

Address #40: 001111
RDWR Bit: 0
Stream Bit: 0
Exchange: 01001011

Address #41: 000011
RDWR Bit: 1
Stream Bit: 0
Exchange: 10001110

Address #42: 000101
RDWR Bit: 1
Stream Bit: 0
Exchange: 10100010

Address #43: 011111
RDWR Bit: 0
Stream Bit: 0
Exchange: 10010111

Address #44: 001001
RDWR Bit: 0
Stream Bit: 0
Exchange: 11101101

Address #45: 011100
RDWR Bit: 1
Stream Bit: 0
Exchange: 10101110

Address #46: 110101
RDWR Bit: 1
Stream Bit: 0
Exchange: 01001101

Address #47: 010110
RDWR Bit: 1
Stream Bit: 0
Exchange: 00000110

Address #48: 010110
RDWR Bit: 0
Stream Bit: 0
Exchange: 11011001

Address #49: 111101
RDWR Bit: 1
Stream Bit: 0
Exchange: 01010111

Address #50: 111110
RDWR Bit: 1
Stream Bit: 0
Exchange: 10010101

Address #51: 001011
RDWR Bit: 1
Stream Bit: 0
Exchange: 10111110

Address #52: 111101
RDWR Bit: 1
Stream Bit: 0
Exchange: 01111101

Address #53: 101000
RDWR Bit: 0
Stream Bit: 0
Exchange: 00111111

Address #54: 100000
RDWR Bit: 0
Stream Bit: 0
Exchange: 01110110

Address #55: 000000
RDWR Bit: 1
Stream Bit: 0
Exchange: 11111001

Address #56: 011101
RDWR Bit: 1
Stream Bit: 0
Exchange: 00010111

Address #57: 010010
RDWR Bit: 1
Stream Bit: 0
Exchange: 10000101

Address #58: 011111
RDWR Bit: 0
Stream Bit: 0
Exchange: 11111110

Address #59: 001010
RDWR Bit: 0
Stream Bit: 0
Exchange: 10101110

Address #60: 101111
RDWR Bit: 1
Stream Bit: 0
Exchange: 10100011

Address #61: 000100
RDWR Bit: 1
Stream Bit: 0
Exchange: 10100000

Address #62: 010001
RDWR Bit: 0
Stream Bit: 0
Exchange: 11001011

Address #63: 010111
RDWR Bit: 1
Stream Bit: 0
Exchange: 11000101

Address #64: 011111
RDWR Bit: 1
Stream Bit: 0
Exchange: 01100011
