Read a waves file with 6 signals and 11155 samples...
Input has these signals:
	* sclk (1 bits)
	* mosi (1 bits)
	* miso (1 bits)
	* ss (1 bits)
	* cpol (1 bits)
	* cpha (1 bits)

Address #1: 111010
RDWR Bit: 1
Stream Bit: 1
Stream Length: 21 (binary: 00010101)
  Data[0]: 01110110 -> 76
  Data[1]: 01010011 -> 53
  Data[2]: 10110011 -> b3
  Data[3]: 11001001 -> c9
  Data[4]: 10111000 -> b8
  Data[5]: 01001110 -> 4e
  Data[6]: 10111001 -> b9
  Data[7]: 10010101 -> 95
  Data[8]: 01100110 -> 66
  Data[9]: 01000101 -> 45
  Data[10]: 10101111 -> af
  Data[11]: 01001000 -> 48
  Data[12]: 11111000 -> f8
  Data[13]: 01110001 -> 71
  Data[14]: 10111001 -> b9
  Data[15]: 01000111 -> 47
  Data[16]: 00011111 -> 1f
  Data[17]: 11110010 -> f2
  Data[18]: 11001011 -> cb
  Data[19]: 01111111 -> 7f
  Data[20]: 01101011 -> 6b

Address #12: 000011
RDWR Bit: 1
Stream Bit: 1
Stream Length: 6 (binary: 00000110)
  Data[0]: 11000111 -> c7
  Data[1]: 01111101 -> 7d
  Data[2]: 11110001 -> f1
  Data[3]: 11100010 -> e2
  Data[4]: 11101101 -> ed
  Data[5]: 01000001 -> 41

Address #16: 010110
RDWR Bit: 0
Stream Bit: 0
Exchange: 00000010

Address #17: 100011
RDWR Bit: 1
Stream Bit: 0
Exchange: 00111001

Address #18: 010110
RDWR Bit: 1
Stream Bit: 1
Stream Length: 2 (binary: 00000010)
  Data[0]: 00000101 -> 05
  Data[1]: 10011001 -> 99

Address #20: 010000
RDWR Bit: 0
Stream Bit: 0
Exchange: 10010110

Address #21: 110001
RDWR Bit: 1
Stream Bit: 1
Stream Length: 22 (binary: 00010110)
  Data[0]: 11110010 -> f2
  Data[1]: 00011101 -> 1d
  Data[2]: 10110001 -> b1
  Data[3]: 01110100 -> 74
  Data[4]: 00010011 -> 13
  Data[5]: 10001000 -> 88
  Data[6]: 01101101 -> 6d
  Data[7]: 00110000 -> 30
  Data[8]: 01101001 -> 69
  Data[9]: 00101000 -> 28
  Data[10]: 11100101 -> e5
  Data[11]: 10111111 -> bf
  Data[12]: 11000011 -> c3
  Data[13]: 11101101 -> ed
  Data[14]: 00111101 -> 3d
  Data[15]: 01101111 -> 6f
  Data[16]: 00110011 -> 33
  Data[17]: 00110101 -> 35
  Data[18]: 11101001 -> e9
  Data[19]: 00000010 -> 02
  Data[20]: 11110000 -> f0
  Data[21]: 00100111 -> 27

Address #33: 111111
RDWR Bit: 0
Stream Bit: 1
Stream Length: 12 (binary: 00001100)
  Data[0]: 10011101 -> 9d
  Data[1]: 00011101 -> 1d
  Data[2]: 01001100 -> 4c
  Data[3]: 01111011 -> 7b
  Data[4]: 00001001 -> 09
  Data[5]: 00101101 -> 2d
  Data[6]: 00001101 -> 0d
  Data[7]: 11000110 -> c6
  Data[8]: 01101111 -> 6f
  Data[9]: 01010110 -> 56
  Data[10]: 10111100 -> bc
  Data[11]: 01000001 -> 41

Address #40: 010000
RDWR Bit: 0
Stream Bit: 0
Exchange: 11001011

Address #41: 001010
RDWR Bit: 0
Stream Bit: 1
Stream Length: 23 (binary: 00010111)
  Data[0]: 00000101 -> 05
  Data[1]: 11101010 -> ea
  Data[2]: 00101100 -> 2c
  Data[3]: 01010110 -> 56
  Data[4]: 11111000 -> f8
  Data[5]: 11000100 -> c4
  Data[6]: 10111001 -> b9
  Data[7]: 10110011 -> b3
  Data[8]: 11010100 -> d4
  Data[9]: 11110011 -> f3
  Data[10]: 11000101 -> c5
  Data[11]: 01111110 -> 7e
  Data[12]: 10001001 -> 89
  Data[13]: 01111000 -> 78
  Data[14]: 00010000 -> 10
  Data[15]: 00001100 -> 0c
  Data[16]: 00001001 -> 09
  Data[17]: 11010011 -> d3
  Data[18]: 11010111 -> d7
  Data[19]: 11100101 -> e5
  Data[20]: 01000011 -> 43
  Data[21]: 11101111 -> ef
  Data[22]: 10001011 -> 8b

Address #54: 001010
RDWR Bit: 1
Stream Bit: 1
Stream Length: 11 (binary: 00001011)
  Data[0]: 00011100 -> 1c
  Data[1]: 00001100 -> 0c
  Data[2]: 10111100 -> bc
  Data[3]: 00110010 -> 32
  Data[4]: 01010101 -> 55
  Data[5]: 10001010 -> 8a
  Data[6]: 10111100 -> bc
  Data[7]: 11010111 -> d7
  Data[8]: 00100100 -> 24
  Data[9]: 01010011 -> 53
  Data[10]: 01010011 -> 53

Address #60: 111010
RDWR Bit: 1
Stream Bit: 1
Stream Length: 18 (binary: 00010010)
  Data[0]: 00101010 -> 2a
  Data[1]: 11111110 -> fe
  Data[2]: 00110100 -> 34
  Data[3]: 00111111 -> 3f
  Data[4]: 00110111 -> 37
  Data[5]: 10111011 -> bb
  Data[6]: 10000000 -> 80
  Data[7]: 11111000 -> f8
  Data[8]: 00100010 -> 22
  Data[9]: 00110000 -> 30
  Data[10]: 10000011 -> 83
  Data[11]: 00100011 -> 23
  Data[12]: 10101011 -> ab
  Data[13]: 01000000 -> 40
  Data[14]: 11101001 -> e9
  Data[15]: 01110101 -> 75
  Data[16]: 11001110 -> ce
  Data[17]: 01101110 -> 6e

Address #70: 110101
RDWR Bit: 1
Stream Bit: 1
Stream Length: 16 (binary: 00010000)
  Data[0]: 00010110 -> 16
  Data[1]: 00110110 -> 36
  Data[2]: 10010001 -> 91
  Data[3]: 00001000 -> 08
  Data[4]: 11001000 -> c8
  Data[5]: 10100101 -> a5
  Data[6]: 10011010 -> 9a
  Data[7]: 11000111 -> c7
  Data[8]: 10000011 -> 83
  Data[9]: 11111101 -> fd
  Data[10]: 10011100 -> 9c
  Data[11]: 10011010 -> 9a
  Data[12]: 00110001 -> 31
  Data[13]: 01000101 -> 45
  Data[14]: 01000001 -> 41
  Data[15]: 01010010 -> 52

Address #79: 001010
RDWR Bit: 1
Stream Bit: 1
Stream Length: 23 (binary: 00010111)
  Data[0]: 01011001 -> 59
  Data[1]: 10100000 -> a0
  Data[2]: 11100101 -> e5
  Data[3]: 11100100 -> e4
  Data[4]: 10101101 -> ad
  Data[5]: 10000100 -> 84
  Data[6]: 10101100 -> ac
  Data[7]: 01001101 -> 4d
  Data[8]: 01111110 -> 7e
  Data[9]: 10010100 -> 94
  Data[10]: 00111111 -> 3f
  Data[11]: 11011010 -> da
  Data[12]: 10110101 -> b5
  Data[13]: 01111000 -> 78
  Data[14]: 10001100 -> 8c
  Data[15]: 11010010 -> d2
  Data[16]: 10000111 -> 87
  Data[17]: 01001101 -> 4d
  Data[18]: 10110000 -> b0
  Data[19]: 10001111 -> 8f
  Data[20]: 10111100 -> bc
  Data[21]: 01010110 -> 56
  Data[22]: 01100100 -> 64

Address #92: 010101
RDWR Bit: 0
Stream Bit: 1
Stream Length: 21 (binary: 00010101)
  Data[0]: 00111110 -> 3e
  Data[1]: 01100010 -> 62
  Data[2]: 01001011 -> 4b
  Data[3]: 01100011 -> 63
  Data[4]: 10010111 -> 97
  Data[5]: 11011100 -> dc
  Data[6]: 01110000 -> 70
  Data[7]: 10011010 -> 9a
  Data[8]: 10010101 -> 95
  Data[9]: 00010100 -> 14
  Data[10]: 11110011 -> f3
  Data[11]: 11011000 -> d8
  Data[12]: 00010000 -> 10
  Data[13]: 10000011 -> 83
  Data[14]: 00100100 -> 24
  Data[15]: 00100010 -> 22
  Data[16]: 01100110 -> 66
  Data[17]: 00111100 -> 3c
  Data[18]: 01110011 -> 73
  Data[19]: 01101001 -> 69
  Data[20]: 00010000 -> 10

Address #103: 100101
RDWR Bit: 1
Stream Bit: 0
Exchange: 10010101

Address #104: 100011
RDWR Bit: 0
Stream Bit: 0
Exchange: 10100111

Address #105: 100111
RDWR Bit: 0
Stream Bit: 1
Stream Length: 13 (binary: 00001101)
  Data[0]: 11010010 -> d2
  Data[1]: 11101010 -> ea
  Data[2]: 01101101 -> 6d
  Data[3]: 11110011 -> f3
  Data[4]: 10001110 -> 8e
  Data[5]: 10010011 -> 93
  Data[6]: 01111001 -> 79
  Data[7]: 01101011 -> 6b
  Data[8]: 11101000 -> e8
  Data[9]: 10110100 -> b4
  Data[10]: 00001001 -> 09
  Data[11]: 10010100 -> 94
  Data[12]: 11000110 -> c6

Address #113: 111101
RDWR Bit: 0
Stream Bit: 0
Exchange: 00101011

Address #114: 100100
RDWR Bit: 0
Stream Bit: 0
Exchange: 10001010

Address #115: 010111
RDWR Bit: 0
Stream Bit: 0
Exchange: 11010010

Address #116: 110100
RDWR Bit: 0
Stream Bit: 0
Exchange: 11000001

Address #117: 111110
RDWR Bit: 0
Stream Bit: 1
Stream Length: 3 (binary: 00000011)
  Data[0]: 11000101 -> c5
  Data[1]: 11000010 -> c2
  Data[2]: 11101101 -> ed

Address #119: 111010
RDWR Bit: 0
Stream Bit: 1
Stream Length: 25 (binary: 00011001)
  Data[0]: 01010010 -> 52
  Data[1]: 01011110 -> 5e
  Data[2]: 11110001 -> f1
  Data[3]: 01101011 -> 6b
  Data[4]: 10011101 -> 9d
  Data[5]: 11000011 -> c3
  Data[6]: 01001010 -> 4a
  Data[7]: 10000001 -> 81
  Data[8]: 01101101 -> 6d
  Data[9]: 11111111 -> ff
  Data[10]: 11100111 -> e7
  Data[11]: 11111000 -> f8
  Data[12]: 10011101 -> 9d
  Data[13]: 10010111 -> 97
  Data[14]: 10111011 -> bb
  Data[15]: 11100100 -> e4
  Data[16]: 01111101 -> 7d
  Data[17]: 01011111 -> 5f
  Data[18]: 11001101 -> cd
  Data[19]: 00011110 -> 1e
  Data[20]: 10101001 -> a9
  Data[21]: 10110001 -> b1
  Data[22]: 10000111 -> 87
  Data[23]: 11011001 -> d9
  Data[24]: 00010010 -> 12

Address #133: 000011
RDWR Bit: 0
Stream Bit: 0
Exchange: 01001100

Address #134: 011011
RDWR Bit: 1
Stream Bit: 1
Stream Length: 9 (binary: 00001001)
  Data[0]: 10111010 -> ba
  Data[1]: 10100010 -> a2
  Data[2]: 11101100 -> ec
  Data[3]: 10110100 -> b4
  Data[4]: 11011100 -> dc
  Data[5]: 01010001 -> 51
  Data[6]: 00110011 -> 33
  Data[7]: 10011010 -> 9a
  Data[8]: 00100011 -> 23

Address #139: 101011
RDWR Bit: 1
Stream Bit: 1
Stream Length: 19 (binary: 00010011)
  Data[0]: 10001011 -> 8b
  Data[1]: 01110111 -> 77
  Data[2]: 00010011 -> 13
  Data[3]: 11100011 -> e3
  Data[4]: 01001101 -> 4d
  Data[5]: 11010011 -> d3
  Data[6]: 01010111 -> 57
  Data[7]: 10000001 -> 81
  Data[8]: 11011000 -> d8
  Data[9]: 01111010 -> 7a
  Data[10]: 00010000 -> 10
  Data[11]: 01010000 -> 50
  Data[12]: 11101101 -> ed
  Data[13]: 01101001 -> 69
  Data[14]: 10110111 -> b7
  Data[15]: 00011010 -> 1a
  Data[16]: 11100011 -> e3
  Data[17]: 00001110 -> 0e
  Data[18]: 11101000 -> e8

Address #150: 010001
RDWR Bit: 1
Stream Bit: 1
Stream Length: 29 (binary: 00011101)
  Data[0]: 11100100 -> e4
  Data[1]: 10010111 -> 97
  Data[2]: 11010000 -> d0
  Data[3]: 00010111 -> 17
  Data[4]: 01011011 -> 5b
  Data[5]: 11111101 -> fd
  Data[6]: 01001100 -> 4c
  Data[7]: 01111111 -> 7f
  Data[8]: 01000111 -> 47
  Data[9]: 10101011 -> ab
  Data[10]: 11110000 -> f0
  Data[11]: 00011111 -> 1f
  Data[12]: 11000110 -> c6
  Data[13]: 00001111 -> 0f
  Data[14]: 11110011 -> f3
  Data[15]: 11010001 -> d1
  Data[16]: 11111010 -> fa
  Data[17]: 00100000 -> 20
  Data[18]: 00011000 -> 18
  Data[19]: 00111100 -> 3c
  Data[20]: 11010001 -> d1
  Data[21]: 01000110 -> 46
  Data[22]: 11000110 -> c6
  Data[23]: 10000100 -> 84
  Data[24]: 00100110 -> 26
  Data[25]: 10101100 -> ac
  Data[26]: 01000110 -> 46
  Data[27]: 00111011 -> 3b
  Data[28]: 01011010 -> 5a

Address #165: 010110
RDWR Bit: 1
Stream Bit: 0
Exchange: 11011101

Address #166: 110010
RDWR Bit: 1
Stream Bit: 0
Exchange: 01100111

Address #167: 010100
RDWR Bit: 0
Stream Bit: 1
Stream Length: 16 (binary: 00010000)
  Data[0]: 00010000 -> 10
  Data[1]: 11010111 -> d7
  Data[2]: 11101111 -> ef
  Data[3]: 01111000 -> 78
  Data[4]: 00100110 -> 26
  Data[5]: 10111000 -> b8
  Data[6]: 00100110 -> 26
  Data[7]: 01110001 -> 71
  Data[8]: 10011011 -> 9b
  Data[9]: 10011100 -> 9c
  Data[10]: 10100101 -> a5
  Data[11]: 10000101 -> 85
  Data[12]: 00101000 -> 28
  Data[13]: 00111101 -> 3d
  Data[14]: 10110101 -> b5
  Data[15]: 10101111 -> af

Address #176: 101111
RDWR Bit: 0
Stream Bit: 1
Stream Length: 18 (binary: 00010010)
  Data[0]: 10011110 -> 9e
  Data[1]: 10110110 -> b6
  Data[2]: 01100010 -> 62
  Data[3]: 11101011 -> eb
  Data[4]: 00110100 -> 34
  Data[5]: 11110110 -> f6
  Data[6]: 11100110 -> e6
  Data[7]: 00100001 -> 21
  Data[8]: 00001010 -> 0a
  Data[9]: 01010110 -> 56
  Data[10]: 11110001 -> f1
  Data[11]: 11111101 -> fd
  Data[12]: 10010000 -> 90
  Data[13]: 01110101 -> 75
  Data[14]: 00111010 -> 3a
  Data[15]: 11111010 -> fa
  Data[16]: 11000001 -> c1
  Data[17]: 00000000 -> 00

Address #186: 010010
RDWR Bit: 0
Stream Bit: 1
Stream Length: 29 (binary: 00011101)
  Data[0]: 11000010 -> c2
  Data[1]: 10011110 -> 9e
  Data[2]: 11100110 -> e6
  Data[3]: 10001101 -> 8d
  Data[4]: 01010010 -> 52
  Data[5]: 01000101 -> 45
  Data[6]: 10000100 -> 84
  Data[7]: 10010101 -> 95
  Data[8]: 01111001 -> 79
  Data[9]: 01010100 -> 54
  Data[10]: 10110100 -> b4
  Data[11]: 10100111 -> a7
  Data[12]: 01101101 -> 6d
  Data[13]: 01001001 -> 49
  Data[14]: 00111000 -> 38
  Data[15]: 01000010 -> 42
  Data[16]: 01011110 -> 5e
  Data[17]: 10011100 -> 9c
  Data[18]: 11010001 -> d1
  Data[19]: 01010101 -> 55
  Data[20]: 01110101 -> 75
  Data[21]: 00110000 -> 30
  Data[22]: 01100011 -> 63
  Data[23]: 11100010 -> e2
  Data[24]: 11100011 -> e3
  Data[25]: 10000001 -> 81
  Data[26]: 10100101 -> a5
  Data[27]: 00011111 -> 1f
  Data[28]: 00100000 -> 20

Address #202: 100001
RDWR Bit: 1
Stream Bit: 0
Exchange: 10111111

Address #203: 110101
RDWR Bit: 1
Stream Bit: 0
Exchange: 10100101

Address #204: 110100
RDWR Bit: 0
Stream Bit: 0
Exchange: 10111010

Address #205: 100010
RDWR Bit: 0
Stream Bit: 0
Exchange: 00001001

Address #206: 110111
RDWR Bit: 0
Stream Bit: 0
Exchange: 01000000

Address #207: 100010
RDWR Bit: 1
Stream Bit: 0
Exchange: 01101001

Address #208: 111011
RDWR Bit: 1
Stream Bit: 1
Stream Length: 22 (binary: 00010110)
  Data[0]: 11001011 -> cb
  Data[1]: 11001101 -> cd
  Data[2]: 00011111 -> 1f
  Data[3]: 01101101 -> 6d
  Data[4]: 11000000 -> c0
  Data[5]: 00100010 -> 22
  Data[6]: 01100001 -> 61
  Data[7]: 01101010 -> 6a
  Data[8]: 10111000 -> b8
  Data[9]: 01111000 -> 78
  Data[10]: 00011101 -> 1d
  Data[11]: 00011100 -> 1c
  Data[12]: 00111011 -> 3b
  Data[13]: 11110001 -> f1
  Data[14]: 00010110 -> 16
  Data[15]: 01000010 -> 42
  Data[16]: 00101100 -> 2c
  Data[17]: 01100000 -> 60
  Data[18]: 01001111 -> 4f
  Data[19]: 11000001 -> c1
  Data[20]: 00110110 -> 36
  Data[21]: 01000010 -> 42

Address #220: 000001
RDWR Bit: 1
Stream Bit: 0
Exchange: 00111101

Address #221: 000100
RDWR Bit: 1
Stream Bit: 0
Exchange: 11111011

Address #222: 001110
RDWR Bit: 0
Stream Bit: 0
Exchange: 00000111

Address #223: 001010
RDWR Bit: 0
Stream Bit: 0
Exchange: 01001101

Address #224: 111111
RDWR Bit: 1
Stream Bit: 0
Exchange: 00010011

Address #225: 001111
RDWR Bit: 0
Stream Bit: 1
Stream Length: 1 (binary: 00000001)
  Data[0]: 01110000 -> 70

Address #226: 111101
RDWR Bit: 0
Stream Bit: 0
Exchange: 11000001

Address #227: 100010
RDWR Bit: 1
Stream Bit: 1
Stream Length: 18 (binary: 00010010)
  Data[0]: 11010000 -> d0
  Data[1]: 00010010 -> 12
  Data[2]: 10011001 -> 99
  Data[3]: 00000100 -> 04
  Data[4]: 11010110 -> d6
  Data[5]: 01010101 -> 55
  Data[6]: 11000000 -> c0
  Data[7]: 11111111 -> ff
  Data[8]: 00100010 -> 22
  Data[9]: 00000100 -> 04
  Data[10]: 01101100 -> 6c
  Data[11]: 00101011 -> 2b
  Data[12]: 01001001 -> 49
  Data[13]: 01101111 -> 6f
  Data[14]: 10001011 -> 8b
  Data[15]: 10011011 -> 9b
  Data[16]: 01011000 -> 58
  Data[17]: 11010001 -> d1

Address #237: 101000
RDWR Bit: 1
Stream Bit: 0
Exchange: 11100011

Address #238: 001111
RDWR Bit: 1
Stream Bit: 0
Exchange: 00101101

Address #239: 110001
RDWR Bit: 0
Stream Bit: 1
Stream Length: 17 (binary: 00010001)
  Data[0]: 11010011 -> d3
  Data[1]: 10111101 -> bd
  Data[2]: 00001010 -> 0a
  Data[3]: 01001110 -> 4e
  Data[4]: 01110110 -> 76
  Data[5]: 11101001 -> e9
  Data[6]: 10101010 -> aa
  Data[7]: 01011111 -> 5f
  Data[8]: 11101111 -> ef
  Data[9]: 11000011 -> c3
  Data[10]: 00110101 -> 35
  Data[11]: 10000001 -> 81
  Data[12]: 01010100 -> 54
  Data[13]: 10001001 -> 89
  Data[14]: 01000011 -> 43
  Data[15]: 00111010 -> 3a
  Data[16]: 00101001 -> 29

Address #249: 110111
RDWR Bit: 0
Stream Bit: 1
Stream Length: 6 (binary: 00000110)
  Data[0]: 01001110 -> 4e
  Data[1]: 10100010 -> a2
  Data[2]: 10110100 -> b4
  Data[3]: 10111100 -> bc
  Data[4]: 01101111 -> 6f
  Data[5]: 11010011 -> d3

Address #253: 100010
RDWR Bit: 0
Stream Bit: 0
Exchange: 00001001

Address #254: 100110
RDWR Bit: 1
Stream Bit: 1
Stream Length: 30 (binary: 00011110)
  Data[0]: 10101011 -> ab
  Data[1]: 00011000 -> 18
  Data[2]: 01011111 -> 5f
  Data[3]: 11110100 -> f4
  Data[4]: 00000101 -> 05
  Data[5]: 00100010 -> 22
  Data[6]: 11111010 -> fa
  Data[7]: 11111110 -> fe
  Data[8]: 11100110 -> e6
  Data[9]: 00110001 -> 31
  Data[10]: 01001101 -> 4d
  Data[11]: 01000010 -> 42
  Data[12]: 11000010 -> c2
  Data[13]: 00010111 -> 17
  Data[14]: 11110010 -> f2
  Data[15]: 01110111 -> 77
  Data[16]: 00100001 -> 21
  Data[17]: 11101000 -> e8
  Data[18]: 01011011 -> 5b
  Data[19]: 11010110 -> d6
  Data[20]: 01000001 -> 41
  Data[21]: 11000010 -> c2
  Data[22]: 10101000 -> a8
  Data[23]: 10111010 -> ba
  Data[24]: 00010001 -> 11
  Data[25]: 01111010 -> 7a
  Data[26]: 00001110 -> 0e
  Data[27]: 10110110 -> b6
  Data[28]: 01110000 -> 70
  Data[29]: 00110101 -> 35

Address #270: 110001
RDWR Bit: 1
Stream Bit: 1
Stream Length: 27 (binary: 00011011)
  Data[0]: 10110111 -> b7
  Data[1]: 01000101 -> 45
  Data[2]: 10000001 -> 81
  Data[3]: 01010111 -> 57
  Data[4]: 10110001 -> b1
  Data[5]: 00101111 -> 2f
  Data[6]: 01110110 -> 76
  Data[7]: 00001111 -> 0f
  Data[8]: 10101010 -> aa
  Data[9]: 00110111 -> 37
  Data[10]: 01110110 -> 76
  Data[11]: 11011010 -> da
  Data[12]: 01101101 -> 6d
  Data[13]: 01000000 -> 40
  Data[14]: 11000100 -> c4
  Data[15]: 01100110 -> 66
  Data[16]: 00010000 -> 10
  Data[17]: 10100011 -> a3
  Data[18]: 00011111 -> 1f
  Data[19]: 11110100 -> f4
  Data[20]: 00101101 -> 2d
  Data[21]: 10001011 -> 8b
  Data[22]: 00010000 -> 10
  Data[23]: 00101010 -> 2a
  Data[24]: 11010010 -> d2
  Data[25]: 01010001 -> 51
  Data[26]: 10010101 -> 95

Address #284: 001010
RDWR Bit: 0
Stream Bit: 0
Exchange: 11101001

Address #285: 101100
RDWR Bit: 1
Stream Bit: 0
Exchange: 01000100

Address #286: 011011
RDWR Bit: 0
Stream Bit: 1
Stream Length: 24 (binary: 00011000)
  Data[0]: 00011010 -> 1a
  Data[1]: 10000100 -> 84
  Data[2]: 10001111 -> 8f
  Data[3]: 10000111 -> 87
  Data[4]: 10110010 -> b2
  Data[5]: 11100101 -> e5
  Data[6]: 00110010 -> 32
  Data[7]: 10010011 -> 93
  Data[8]: 11110000 -> f0
  Data[9]: 01111000 -> 78
  Data[10]: 11010011 -> d3
  Data[11]: 00000011 -> 03
  Data[12]: 00001111 -> 0f
  Data[13]: 01111101 -> 7d
  Data[14]: 01010101 -> 55
  Data[15]: 10111100 -> bc
  Data[16]: 01011000 -> 58
  Data[17]: 00000101 -> 05
  Data[18]: 11111110 -> fe
  Data[19]: 11100010 -> e2
  Data[20]: 11011011 -> db
  Data[21]: 01100000 -> 60
  Data[22]: 00010000 -> 10
  Data[23]: 01110000 -> 70

Address #299: 110111
RDWR Bit: 0
Stream Bit: 1
Stream Length: 8 (binary: 00001000)
  Data[0]: 00111110 -> 3e
  Data[1]: 11110111 -> f7
  Data[2]: 10010100 -> 94
  Data[3]: 00011111 -> 1f
  Data[4]: 01100100 -> 64
  Data[5]: 11000000 -> c0
  Data[6]: 01111010 -> 7a
  Data[7]: 10101010 -> aa

Address #304: 011001
RDWR Bit: 1
Stream Bit: 1
Stream Length: 26 (binary: 00011010)
  Data[0]: 01001010 -> 4a
  Data[1]: 10111010 -> ba
  Data[2]: 11000111 -> c7
  Data[3]: 00110011 -> 33
  Data[4]: 01011101 -> 5d
  Data[5]: 11000010 -> c2
  Data[6]: 11000011 -> c3
  Data[7]: 11001111 -> cf
  Data[8]: 00001011 -> 0b
  Data[9]: 00001111 -> 0f
  Data[10]: 11101101 -> ed
  Data[11]: 10101101 -> ad
  Data[12]: 10001100 -> 8c
  Data[13]: 01011000 -> 58
  Data[14]: 11010011 -> d3
  Data[15]: 00010001 -> 11
  Data[16]: 00001010 -> 0a
  Data[17]: 10011101 -> 9d
  Data[18]: 10100100 -> a4
  Data[19]: 11111010 -> fa
  Data[20]: 10000110 -> 86
  Data[21]: 00000111 -> 07
  Data[22]: 11010011 -> d3
  Data[23]: 00100101 -> 25
  Data[24]: 10001001 -> 89
  Data[25]: 11011111 -> df

Address #318: 010010
RDWR Bit: 0
Stream Bit: 1
Stream Length: 16 (binary: 00010000)
  Data[0]: 10011001 -> 99
  Data[1]: 11110101 -> f5
  Data[2]: 10101010 -> aa
  Data[3]: 01011111 -> 5f
  Data[4]: 10110100 -> b4
  Data[5]: 00010110 -> 16
  Data[6]: 01101110 -> 6e
  Data[7]: 01110111 -> 77
  Data[8]: 00110110 -> 36
  Data[9]: 10101111 -> af
  Data[10]: 01110010 -> 72
  Data[11]: 00011101 -> 1d
  Data[12]: 01010101 -> 55
  Data[13]: 01111101 -> 7d
  Data[14]: 00110110 -> 36
  Data[15]: 01101001 -> 69

Address #327: 011110
RDWR Bit: 0
Stream Bit: 0
Exchange: 00010101

Address #328: 010100
RDWR Bit: 0
Stream Bit: 1
Stream Length: 6 (binary: 00000110)
  Data[0]: 00011110 -> 1e
  Data[1]: 11111110 -> fe
  Data[2]: 10110010 -> b2
  Data[3]: 11101010 -> ea
  Data[4]: 10110010 -> b2
  Data[5]: 10000111 -> 87

Address #332: 100101
RDWR Bit: 1
Stream Bit: 1
Stream Length: 20 (binary: 00010100)
  Data[0]: 01101010 -> 6a
  Data[1]: 11111010 -> fa
  Data[2]: 11101000 -> e8
  Data[3]: 01110110 -> 76
  Data[4]: 11010011 -> d3
  Data[5]: 11100111 -> e7
  Data[6]: 00100110 -> 26
  Data[7]: 11101011 -> eb
  Data[8]: 01110010 -> 72
  Data[9]: 00100001 -> 21
  Data[10]: 01101011 -> 6b
  Data[11]: 01100110 -> 66
  Data[12]: 11011111 -> df
  Data[13]: 00011101 -> 1d
  Data[14]: 01110100 -> 74
  Data[15]: 11100000 -> e0
  Data[16]: 11101100 -> ec
  Data[17]: 10000100 -> 84
  Data[18]: 10001011 -> 8b
  Data[19]: 11011110 -> de
