Read a waves file with 6 signals and 5219 samples...
Input has these signals:
	* sclk (1 bits)
	* mosi (1 bits)
	* miso (1 bits)
	* ss (1 bits)
	* cpol (1 bits)
	* cpha (1 bits)

Address #1: 110001
RDWR Bit: 0
Stream Bit: 1
Stream Length: 6 (binary: 00000110)
  Data[0]: 00111001 -> 39
  Data[1]: 10101010 -> aa
  Data[2]: 00101000 -> 28
  Data[3]: 01010011 -> 53
  Data[4]: 01101101 -> 6d
  Data[5]: 11010100 -> d4

Address #5: 010011
RDWR Bit: 0
Stream Bit: 1
Stream Length: 13 (binary: 00001101)
  Data[0]: 11000010 -> c2
  Data[1]: 01100110 -> 66
  Data[2]: 01110101 -> 75
  Data[3]: 00000100 -> 04
  Data[4]: 11110111 -> f7
  Data[5]: 10101100 -> ac
  Data[6]: 01010001 -> 51
  Data[7]: 01111011 -> 7b
  Data[8]: 10011100 -> 9c
  Data[9]: 11111100 -> fc
  Data[10]: 00001001 -> 09
  Data[11]: 00100010 -> 22
  Data[12]: 11101101 -> ed

Address #12: 110011
RDWR Bit: 0
Stream Bit: 0
Exchange: 11000101

Address #13: 010101
RDWR Bit: 0
Stream Bit: 1
Stream Length: 20 (binary: 00010100)
  Data[0]: 10111100 -> bc
  Data[1]: 01000000 -> 40
  Data[2]: 01011110 -> 5e
  Data[3]: 00100111 -> 27
  Data[4]: 00001011 -> 0b
  Data[5]: 11001001 -> c9
  Data[6]: 10101001 -> a9
  Data[7]: 00011110 -> 1e
  Data[8]: 00001100 -> 0c
  Data[9]: 00000101 -> 05
  Data[10]: 11111110 -> fe
  Data[11]: 01011111 -> 5f
  Data[12]: 11010001 -> d1
  Data[13]: 11101101 -> ed
  Data[14]: 10001100 -> 8c
  Data[15]: 00111100 -> 3c
  Data[16]: 10000100 -> 84
  Data[17]: 11000110 -> c6
  Data[18]: 11100000 -> e0
  Data[19]: 11110111 -> f7

Address #24: 001100
RDWR Bit: 0
Stream Bit: 1
Stream Length: 19 (binary: 00010011)
  Data[0]: 00111101 -> 3d
  Data[1]: 11000010 -> c2
  Data[2]: 11111000 -> f8
  Data[3]: 11110000 -> f0
  Data[4]: 11010001 -> d1
  Data[5]: 11000010 -> c2
  Data[6]: 01011000 -> 58
  Data[7]: 00100010 -> 22
  Data[8]: 10001000 -> 88
  Data[9]: 10000101 -> 85
  Data[10]: 00100110 -> 26
  Data[11]: 10001101 -> 8d
  Data[12]: 00111100 -> 3c
  Data[13]: 00110101 -> 35
  Data[14]: 10000100 -> 84
  Data[15]: 10011011 -> 9b
  Data[16]: 00001010 -> 0a
  Data[17]: 11011111 -> df
  Data[18]: 11011011 -> db

Address #35: 110010
RDWR Bit: 0
Stream Bit: 0
Exchange: 10111100

Address #36: 101010
RDWR Bit: 1
Stream Bit: 0
Exchange: 00011100

Address #37: 000010
RDWR Bit: 1
Stream Bit: 0
Exchange: 00100011

Address #38: 001000
RDWR Bit: 1
Stream Bit: 0
Exchange: 10011100

Address #39: 100110
RDWR Bit: 0
Stream Bit: 0
Exchange: 10101010

Address #40: 100001
RDWR Bit: 1
Stream Bit: 0
Exchange: 01110011

Address #41: 000011
RDWR Bit: 1
Stream Bit: 1
Stream Length: 1 (binary: 00000001)
  Data[0]: 11111001 -> f9

Address #42: 001011
RDWR Bit: 1
Stream Bit: 0
Exchange: 10111010

Address #43: 011100
RDWR Bit: 1
Stream Bit: 0
Exchange: 01100001

Address #44: 100100
RDWR Bit: 1
Stream Bit: 0
Exchange: 10001000

Address #45: 001111
RDWR Bit: 1
Stream Bit: 0
Exchange: 10010100

Address #46: 000110
RDWR Bit: 0
Stream Bit: 0
Exchange: 01010000

Address #47: 000100
RDWR Bit: 0
Stream Bit: 0
Exchange: 00011101

Address #48: 001010
RDWR Bit: 1
Stream Bit: 0
Exchange: 11000111

Address #49: 011001
RDWR Bit: 1
Stream Bit: 0
Exchange: 00111010

Address #50: 100011
RDWR Bit: 1
Stream Bit: 0
Exchange: 00010010

Address #51: 111000
RDWR Bit: 1
Stream Bit: 0
Exchange: 11010100

Address #52: 001101
RDWR Bit: 0
Stream Bit: 0
Exchange: 10100010

Address #53: 000010
RDWR Bit: 0
Stream Bit: 1
Stream Length: 12 (binary: 00001100)
  Data[0]: 00001001 -> 09
  Data[1]: 11100001 -> e1
  Data[2]: 00001000 -> 08
  Data[3]: 11011100 -> dc
  Data[4]: 11011101 -> dd
  Data[5]: 11011101 -> dd
  Data[6]: 01100110 -> 66
  Data[7]: 10011111 -> 9f
  Data[8]: 11011000 -> d8
  Data[9]: 10101110 -> ae
  Data[10]: 11010110 -> d6
  Data[11]: 00101010 -> 2a

Address #60: 101110
RDWR Bit: 1
Stream Bit: 1
Stream Length: 6 (binary: 00000110)
  Data[0]: 10110010 -> b2
  Data[1]: 01100111 -> 67
  Data[2]: 01000110 -> 46
  Data[3]: 11001100 -> cc
  Data[4]: 11111100 -> fc
  Data[5]: 00000001 -> 01

Address #64: 111101
RDWR Bit: 0
Stream Bit: 0
Exchange: 00001000

Address #65: 010101
RDWR Bit: 1
Stream Bit: 0
Exchange: 11111010

Address #66: 010101
RDWR Bit: 1
Stream Bit: 0
Exchange: 10111110

Address #67: 000011
RDWR Bit: 1
Stream Bit: 1
Stream Length: 7 (binary: 00000111)
  Data[0]: 10101000 -> a8
  Data[1]: 11110011 -> f3
  Data[2]: 01110011 -> 73
  Data[3]: 01100011 -> 63
  Data[4]: 00110101 -> 35
  Data[5]: 11111010 -> fa
  Data[6]: 01110010 -> 72

Address #72: 111000
RDWR Bit: 0
Stream Bit: 0
Exchange: 00000101

Address #73: 010100
RDWR Bit: 1
Stream Bit: 0
Exchange: 01100101

Address #74: 000110
RDWR Bit: 0
Stream Bit: 1
Stream Length: 28 (binary: 00011100)
  Data[0]: 11101101 -> ed
  Data[1]: 00010011 -> 13
  Data[2]: 01000001 -> 41
  Data[3]: 11001111 -> cf
  Data[4]: 10000010 -> 82
  Data[5]: 10001011 -> 8b
  Data[6]: 11011011 -> db
  Data[7]: 11111110 -> fe
  Data[8]: 00111100 -> 3c
  Data[9]: 01000011 -> 43
  Data[10]: 00010101 -> 15
  Data[11]: 10100110 -> a6
  Data[12]: 10000101 -> 85
  Data[13]: 11101110 -> ee
  Data[14]: 10011111 -> 9f
  Data[15]: 11110011 -> f3
  Data[16]: 11100100 -> e4
  Data[17]: 00010100 -> 14
  Data[18]: 10111010 -> ba
  Data[19]: 01001101 -> 4d
  Data[20]: 10101000 -> a8
  Data[21]: 11100010 -> e2
  Data[22]: 11111101 -> fd
  Data[23]: 11101000 -> e8
  Data[24]: 01100111 -> 67
  Data[25]: 11101010 -> ea
  Data[26]: 01101011 -> 6b
  Data[27]: 10100010 -> a2

Address #89: 101011
RDWR Bit: 0
Stream Bit: 0
Exchange: 10111110

Address #90: 110101
RDWR Bit: 1
Stream Bit: 0
Exchange: 10010100

Address #91: 100010
RDWR Bit: 1
Stream Bit: 0
Exchange: 01111110

Address #92: 100100
RDWR Bit: 1
Stream Bit: 0
Exchange: 01011101

Address #93: 111111
RDWR Bit: 0
Stream Bit: 0
Exchange: 01001010

Address #94: 011011
RDWR Bit: 1
Stream Bit: 0
Exchange: 11111111

Address #95: 111100
RDWR Bit: 1
Stream Bit: 0
Exchange: 00000110

Address #96: 101111
RDWR Bit: 1
Stream Bit: 0
Exchange: 00100011

Address #97: 101010
RDWR Bit: 0
Stream Bit: 0
Exchange: 11010000

Address #98: 111100
RDWR Bit: 0
Stream Bit: 0
Exchange: 11010100

Address #99: 111111
RDWR Bit: 1
Stream Bit: 1
Stream Length: 3 (binary: 00000011)
  Data[0]: 10011110 -> 9e
  Data[1]: 01011001 -> 59
  Data[2]: 00000101 -> 05

Address #101: 010011
RDWR Bit: 1
Stream Bit: 0
Exchange: 10011100

Address #102: 101110
RDWR Bit: 1
Stream Bit: 1
Stream Length: 16 (binary: 00010000)
  Data[0]: 10000101 -> 85
  Data[1]: 10011101 -> 9d
  Data[2]: 10111101 -> bd
  Data[3]: 00000101 -> 05
  Data[4]: 10010010 -> 92
  Data[5]: 10111110 -> be
  Data[6]: 01100110 -> 66
  Data[7]: 00000010 -> 02
  Data[8]: 10000010 -> 82
  Data[9]: 01000000 -> 40
  Data[10]: 11011000 -> d8
  Data[11]: 01001000 -> 48
  Data[12]: 10011111 -> 9f
  Data[13]: 01011001 -> 59
  Data[14]: 01010000 -> 50
  Data[15]: 10010010 -> 92

Address #111: 011100
RDWR Bit: 0
Stream Bit: 1
Stream Length: 19 (binary: 00010011)
  Data[0]: 01111000 -> 78
  Data[1]: 11110000 -> f0
  Data[2]: 11100100 -> e4
  Data[3]: 00000011 -> 03
  Data[4]: 11010011 -> d3
  Data[5]: 00110001 -> 31
  Data[6]: 10100000 -> a0
  Data[7]: 11110001 -> f1
  Data[8]: 01011001 -> 59
  Data[9]: 10111100 -> bc
  Data[10]: 01101110 -> 6e
  Data[11]: 01010000 -> 50
  Data[12]: 10011010 -> 9a
  Data[13]: 00100000 -> 20
  Data[14]: 01011101 -> 5d
  Data[15]: 01011011 -> 5b
  Data[16]: 11110010 -> f2
  Data[17]: 00111000 -> 38
  Data[18]: 11001001 -> c9

Address #122: 010101
RDWR Bit: 0
Stream Bit: 0
Exchange: 11110000

Address #123: 110101
RDWR Bit: 0
Stream Bit: 0
Exchange: 10001000

Address #124: 100001
RDWR Bit: 1
Stream Bit: 0
Exchange: 00101011

Address #125: 111100
RDWR Bit: 0
Stream Bit: 0
Exchange: 01111001

Address #126: 011110
RDWR Bit: 1
Stream Bit: 0
Exchange: 01101101

Address #127: 101010
RDWR Bit: 1
Stream Bit: 1
Stream Length: 27 (binary: 00011011)
  Data[0]: 10101111 -> af
  Data[1]: 01010100 -> 54
  Data[2]: 01011110 -> 5e
  Data[3]: 01100110 -> 66
  Data[4]: 00011001 -> 19
  Data[5]: 00011100 -> 1c
  Data[6]: 00110100 -> 34
  Data[7]: 00111000 -> 38
  Data[8]: 10001110 -> 8e
  Data[9]: 00111001 -> 39
  Data[10]: 10111001 -> b9
  Data[11]: 11000011 -> c3
  Data[12]: 10110100 -> b4
  Data[13]: 00100011 -> 23
  Data[14]: 11110001 -> f1
  Data[15]: 01101001 -> 69
  Data[16]: 01001100 -> 4c
  Data[17]: 10100000 -> a0
  Data[18]: 01111000 -> 78
  Data[19]: 11101001 -> e9
  Data[20]: 11110010 -> f2
  Data[21]: 01111011 -> 7b
  Data[22]: 11100001 -> e1
  Data[23]: 00001001 -> 09
  Data[24]: 00101011 -> 2b
  Data[25]: 11110100 -> f4
  Data[26]: 10100010 -> a2

Address #141: 000011
RDWR Bit: 1
Stream Bit: 0
Exchange: 10000100

Address #142: 110111
RDWR Bit: 0
Stream Bit: 0
Exchange: 00010010

Address #143: 100000
RDWR Bit: 1
Stream Bit: 0
Exchange: 11110100

Address #144: 100010
RDWR Bit: 1
Stream Bit: 1
Stream Length: 4 (binary: 00000100)
  Data[0]: 10000001 -> 81
  Data[1]: 10000100 -> 84
  Data[2]: 00100010 -> 22
  Data[3]: 11001111 -> cf

Address #147: 011101
RDWR Bit: 0
Stream Bit: 0
Exchange: 01000011

Address #148: 011011
RDWR Bit: 0
Stream Bit: 0
Exchange: 00010101

Address #149: 011111
RDWR Bit: 1
Stream Bit: 1
Stream Length: 5 (binary: 00000101)
  Data[0]: 11100011 -> e3
  Data[1]: 10001011 -> 8b
  Data[2]: 11001011 -> cb
  Data[3]: 11011001 -> d9
  Data[4]: 00110101 -> 35

Address #153: 001111
RDWR Bit: 0
Stream Bit: 0
Exchange: 10111011

Address #154: 100110
RDWR Bit: 0
Stream Bit: 0
Exchange: 11010110

Address #155: 100011
RDWR Bit: 1
Stream Bit: 0
Exchange: 10000010

Address #156: 001101
RDWR Bit: 0
Stream Bit: 0
Exchange: 00010000

Address #157: 001001
RDWR Bit: 0
Stream Bit: 0
Exchange: 11001101
