Read a waves file with 6 signals and 8179 samples...
Input has these signals:
	* sclk (1 bits)
	* mosi (1 bits)
	* miso (1 bits)
	* ss (1 bits)
	* cpol (1 bits)
	* cpha (1 bits)

Address #1: 001110
RDWR Bit: 1
Stream Bit: 1
Stream Length: 5 (binary: 00000101)
  Data[0]: 00100001 -> 21
  Data[1]: 11100001 -> e1
  Data[2]: 00100010 -> 22
  Data[3]: 10001101 -> 8d
  Data[4]: 10101100 -> ac

Address #4: 100101
RDWR Bit: 1
Stream Bit: 1
Stream Length: 12 (binary: 00001100)
  Data[0]: 01011110 -> 5e
  Data[1]: 01110100 -> 74
  Data[2]: 10100110 -> a6
  Data[3]: 00110010 -> 32
  Data[4]: 10011000 -> 98
  Data[5]: 10110001 -> b1
  Data[6]: 01001110 -> 4e
  Data[7]: 10001011 -> 8b
  Data[8]: 10010100 -> 94
  Data[9]: 00101100 -> 2c
  Data[10]: 01001001 -> 49
  Data[11]: 00001111 -> 0f

Address #11: 010001
RDWR Bit: 1
Stream Bit: 0
Exchange: 10000111

Address #12: 000010
RDWR Bit: 0
Stream Bit: 1
Stream Length: 15 (binary: 00001111)
  Data[0]: 01101000 -> 68
  Data[1]: 01000100 -> 44
  Data[2]: 11110001 -> f1
  Data[3]: 01001011 -> 4b
  Data[4]: 11110011 -> f3
  Data[5]: 11100011 -> e3
  Data[6]: 01001000 -> 48
  Data[7]: 10011101 -> 9d
  Data[8]: 11011100 -> dc
  Data[9]: 10110100 -> b4
  Data[10]: 01110011 -> 73
  Data[11]: 11101110 -> ee
  Data[12]: 01010000 -> 50
  Data[13]: 01000000 -> 40
  Data[14]: 00001010 -> 0a

Address #21: 000110
RDWR Bit: 0
Stream Bit: 1
Stream Length: 17 (binary: 00010001)
  Data[0]: 01101000 -> 68
  Data[1]: 11101000 -> e8
  Data[2]: 10110010 -> b2
  Data[3]: 11000010 -> c2
  Data[4]: 11101010 -> ea
  Data[5]: 01110100 -> 74
  Data[6]: 00100100 -> 24
  Data[7]: 10001000 -> 88
  Data[8]: 11001001 -> c9
  Data[9]: 01010010 -> 52
  Data[10]: 10100111 -> a7
  Data[11]: 11011011 -> db
  Data[12]: 01011100 -> 5c
  Data[13]: 01100100 -> 64
  Data[14]: 01010101 -> 55
  Data[15]: 01101001 -> 69
  Data[16]: 00101110 -> 2e

Address #30: 100011
RDWR Bit: 0
Stream Bit: 0
Exchange: 10011001

Address #31: 001010
RDWR Bit: 1
Stream Bit: 0
Exchange: 10000110

Address #32: 111110
RDWR Bit: 0
Stream Bit: 0
Exchange: 10000011

Address #33: 111110
RDWR Bit: 1
Stream Bit: 1
Stream Length: 15 (binary: 00001111)
  Data[0]: 00010100 -> 14
  Data[1]: 10111010 -> ba
  Data[2]: 00101101 -> 2d
  Data[3]: 10101111 -> af
  Data[4]: 10000111 -> 87
  Data[5]: 00001111 -> 0f
  Data[6]: 00110000 -> 30
  Data[7]: 11101111 -> ef
  Data[8]: 00111000 -> 38
  Data[9]: 01101110 -> 6e
  Data[10]: 00010011 -> 13
  Data[11]: 11000101 -> c5
  Data[12]: 11100111 -> e7
  Data[13]: 01001000 -> 48
  Data[14]: 11001100 -> cc

Address #42: 010001
RDWR Bit: 1
Stream Bit: 0
Exchange: 00110111

Address #43: 010001
RDWR Bit: 0
Stream Bit: 0
Exchange: 11111000

Address #44: 101111
RDWR Bit: 1
Stream Bit: 0
Exchange: 10100000

Address #45: 010010
RDWR Bit: 0
Stream Bit: 0
Exchange: 01100000

Address #46: 110101
RDWR Bit: 1
Stream Bit: 0
Exchange: 00101000

Address #47: 110100
RDWR Bit: 0
Stream Bit: 0
Exchange: 01010000

Address #48: 001000
RDWR Bit: 1
Stream Bit: 0
Exchange: 10000011

Address #49: 100001
RDWR Bit: 0
Stream Bit: 0
Exchange: 01001111

Address #50: 101001
RDWR Bit: 0
Stream Bit: 1
Stream Length: 30 (binary: 00011110)
  Data[0]: 00011000 -> 18
  Data[1]: 10001011 -> 8b
  Data[2]: 01010110 -> 56
  Data[3]: 00101101 -> 2d
  Data[4]: 11101100 -> ec
  Data[5]: 10101111 -> af
  Data[6]: 10111111 -> bf
  Data[7]: 10010111 -> 97
  Data[8]: 11111000 -> f8
  Data[9]: 10010110 -> 96
  Data[10]: 11000010 -> c2
  Data[11]: 01110001 -> 71
  Data[12]: 01000000 -> 40
  Data[13]: 10111001 -> b9
  Data[14]: 00111101 -> 3d
  Data[15]: 00100100 -> 24
  Data[16]: 00110101 -> 35
  Data[17]: 00011001 -> 19
  Data[18]: 00111110 -> 3e
  Data[19]: 10011111 -> 9f
  Data[20]: 01001010 -> 4a
  Data[21]: 11111011 -> fb
  Data[22]: 01110001 -> 71
  Data[23]: 10110111 -> b7
  Data[24]: 00101110 -> 2e
  Data[25]: 10110110 -> b6
  Data[26]: 00110111 -> 37
  Data[27]: 11111101 -> fd
  Data[28]: 00100001 -> 21
  Data[29]: 10001000 -> 88

Address #66: 001010
RDWR Bit: 1
Stream Bit: 0
Exchange: 00010101

Address #67: 000010
RDWR Bit: 1
Stream Bit: 0
Exchange: 00001010

Address #68: 010010
RDWR Bit: 0
Stream Bit: 0
Exchange: 00000010

Address #69: 111011
RDWR Bit: 1
Stream Bit: 0
Exchange: 10001111

Address #70: 100001
RDWR Bit: 1
Stream Bit: 0
Exchange: 00101100

Address #71: 010111
RDWR Bit: 1
Stream Bit: 0
Exchange: 11100100

Address #72: 011111
RDWR Bit: 0
Stream Bit: 1
Stream Length: 30 (binary: 00011110)
  Data[0]: 00101100 -> 2c
  Data[1]: 01101000 -> 68
  Data[2]: 11111101 -> fd
  Data[3]: 00100101 -> 25
  Data[4]: 10011000 -> 98
  Data[5]: 01000100 -> 44
  Data[6]: 10011001 -> 99
  Data[7]: 00010010 -> 12
  Data[8]: 10111000 -> b8
  Data[9]: 11111010 -> fa
  Data[10]: 10011010 -> 9a
  Data[11]: 11101111 -> ef
  Data[12]: 00110010 -> 32
  Data[13]: 11100111 -> e7
  Data[14]: 00101110 -> 2e
  Data[15]: 11110001 -> f1
  Data[16]: 01111111 -> 7f
  Data[17]: 01110111 -> 77
  Data[18]: 11010110 -> d6
  Data[19]: 00010010 -> 12
  Data[20]: 00101111 -> 2f
  Data[21]: 10100011 -> a3
  Data[22]: 00101101 -> 2d
  Data[23]: 01111010 -> 7a
  Data[24]: 10011010 -> 9a
  Data[25]: 10010001 -> 91
  Data[26]: 00110010 -> 32
  Data[27]: 10100011 -> a3
  Data[28]: 11011000 -> d8
  Data[29]: 11011001 -> d9

Address #88: 101010
RDWR Bit: 0
Stream Bit: 0
Exchange: 11000010

Address #89: 100000
RDWR Bit: 0
Stream Bit: 0
Exchange: 10010100

Address #90: 000011
RDWR Bit: 1
Stream Bit: 1
Stream Length: 24 (binary: 00011000)
  Data[0]: 01001111 -> 4f
  Data[1]: 01001001 -> 49
  Data[2]: 10100110 -> a6
  Data[3]: 11111001 -> f9
  Data[4]: 10011010 -> 9a
  Data[5]: 01001111 -> 4f
  Data[6]: 00111101 -> 3d
  Data[7]: 10100000 -> a0
  Data[8]: 00010001 -> 11
  Data[9]: 11001011 -> cb
  Data[10]: 10100101 -> a5
  Data[11]: 00111111 -> 3f
  Data[12]: 11011100 -> dc
  Data[13]: 01111000 -> 78
  Data[14]: 00000110 -> 06
  Data[15]: 01011010 -> 5a
  Data[16]: 00110010 -> 32
  Data[17]: 01100111 -> 67
  Data[18]: 00110110 -> 36
  Data[19]: 01100011 -> 63
  Data[20]: 01110001 -> 71
  Data[21]: 10010100 -> 94
  Data[22]: 10001111 -> 8f
  Data[23]: 00001000 -> 08

Address #103: 001111
RDWR Bit: 0
Stream Bit: 0
Exchange: 10010011

Address #104: 010011
RDWR Bit: 0
Stream Bit: 0
Exchange: 11001000

Address #105: 010010
RDWR Bit: 1
Stream Bit: 1
Stream Length: 21 (binary: 00010101)
  Data[0]: 01000101 -> 45
  Data[1]: 10111010 -> ba
  Data[2]: 11000011 -> c3
  Data[3]: 01000001 -> 41
  Data[4]: 11001100 -> cc
  Data[5]: 00010110 -> 16
  Data[6]: 01001110 -> 4e
  Data[7]: 01100001 -> 61
  Data[8]: 00011010 -> 1a
  Data[9]: 11111111 -> ff
  Data[10]: 10001010 -> 8a
  Data[11]: 01011100 -> 5c
  Data[12]: 01100111 -> 67
  Data[13]: 01111100 -> 7c
  Data[14]: 01110110 -> 76
  Data[15]: 00000000 -> 00
  Data[16]: 00010010 -> 12
  Data[17]: 00011110 -> 1e
  Data[18]: 10101100 -> ac
  Data[19]: 00101011 -> 2b
  Data[20]: 01111100 -> 7c

Address #116: 101001
RDWR Bit: 1
Stream Bit: 1
Stream Length: 12 (binary: 00001100)
  Data[0]: 01100001 -> 61
  Data[1]: 11101010 -> ea
  Data[2]: 01001010 -> 4a
  Data[3]: 00010101 -> 15
  Data[4]: 00001000 -> 08
  Data[5]: 10111001 -> b9
  Data[6]: 11101011 -> eb
  Data[7]: 10111100 -> bc
  Data[8]: 11010010 -> d2
  Data[9]: 01000100 -> 44
  Data[10]: 10000110 -> 86
  Data[11]: 01100001 -> 61

Address #123: 111111
RDWR Bit: 0
Stream Bit: 0
Exchange: 00001111

Address #124: 010000
RDWR Bit: 0
Stream Bit: 0
Exchange: 01100111

Address #125: 000110
RDWR Bit: 1
Stream Bit: 0
Exchange: 00001011

Address #126: 100110
RDWR Bit: 0
Stream Bit: 0
Exchange: 10101101

Address #127: 101000
RDWR Bit: 1
Stream Bit: 1
Stream Length: 8 (binary: 00001000)
  Data[0]: 10100111 -> a7
  Data[1]: 10001101 -> 8d
  Data[2]: 00101110 -> 2e
  Data[3]: 00001000 -> 08
  Data[4]: 01111110 -> 7e
  Data[5]: 01000000 -> 40
  Data[6]: 11101101 -> ed
  Data[7]: 01010100 -> 54

Address #132: 110110
RDWR Bit: 0
Stream Bit: 0
Exchange: 00001000

Address #133: 001101
RDWR Bit: 0
Stream Bit: 0
Exchange: 11000100

Address #134: 100001
RDWR Bit: 0
Stream Bit: 1
Stream Length: 3 (binary: 00000011)
  Data[0]: 10110011 -> b3
  Data[1]: 00001000 -> 08
  Data[2]: 11010111 -> d7

Address #137: 100111
RDWR Bit: 0
Stream Bit: 0
Exchange: 00100111

Address #138: 010100
RDWR Bit: 0
Stream Bit: 1
Stream Length: 18 (binary: 00010010)
  Data[0]: 10001000 -> 88
  Data[1]: 11110010 -> f2
  Data[2]: 11101010 -> ea
  Data[3]: 10110110 -> b6
  Data[4]: 01111100 -> 7c
  Data[5]: 10010001 -> 91
  Data[6]: 11111101 -> fd
  Data[7]: 01011111 -> 5f
  Data[8]: 01011100 -> 5c
  Data[9]: 01000011 -> 43
  Data[10]: 10101111 -> af
  Data[11]: 11000011 -> c3
  Data[12]: 00001001 -> 09
  Data[13]: 01000111 -> 47
  Data[14]: 01001011 -> 4b
  Data[15]: 10010010 -> 92
  Data[16]: 01100010 -> 62
  Data[17]: 11000010 -> c2

Address #148: 100010
RDWR Bit: 0
Stream Bit: 0
Exchange: 01010101

Address #149: 001011
RDWR Bit: 0
Stream Bit: 0
Exchange: 01111010

Address #150: 011000
RDWR Bit: 1
Stream Bit: 0
Exchange: 11001011

Address #151: 001111
RDWR Bit: 1
Stream Bit: 1
Stream Length: 18 (binary: 00010010)
  Data[0]: 01011110 -> 5e
  Data[1]: 00100101 -> 25
  Data[2]: 01100110 -> 66
  Data[3]: 00110011 -> 33
  Data[4]: 11000010 -> c2
  Data[5]: 00001000 -> 08
  Data[6]: 00000111 -> 07
  Data[7]: 11100000 -> e0
  Data[8]: 10100000 -> a0
  Data[9]: 10000001 -> 81
  Data[10]: 10100110 -> a6
  Data[11]: 10000111 -> 87
  Data[12]: 10110111 -> b7
  Data[13]: 01010111 -> 57
  Data[14]: 00000111 -> 07
  Data[15]: 11011011 -> db
  Data[16]: 10000100 -> 84
  Data[17]: 10001001 -> 89

Address #161: 011110
RDWR Bit: 0
Stream Bit: 1
Stream Length: 7 (binary: 00000111)
  Data[0]: 00001101 -> 0d
  Data[1]: 10011010 -> 9a
  Data[2]: 11101101 -> ed
  Data[3]: 00110111 -> 37
  Data[4]: 00111001 -> 39
  Data[5]: 01010001 -> 51
  Data[6]: 01001110 -> 4e

Address #165: 100101
RDWR Bit: 1
Stream Bit: 0
Exchange: 10001100

Address #166: 100111
RDWR Bit: 0
Stream Bit: 1
Stream Length: 18 (binary: 00010010)
  Data[0]: 10000011 -> 83
  Data[1]: 00100011 -> 23
  Data[2]: 11010100 -> d4
  Data[3]: 10010111 -> 97
  Data[4]: 01011010 -> 5a
  Data[5]: 10111011 -> bb
  Data[6]: 01010001 -> 51
  Data[7]: 01011001 -> 59
  Data[8]: 11111011 -> fb
  Data[9]: 01001100 -> 4c
  Data[10]: 00100011 -> 23
  Data[11]: 00001001 -> 09
  Data[12]: 01101101 -> 6d
  Data[13]: 10011001 -> 99
  Data[14]: 01111110 -> 7e
  Data[15]: 10010011 -> 93
  Data[16]: 10111111 -> bf
  Data[17]: 01100010 -> 62

Address #176: 011101
RDWR Bit: 1
Stream Bit: 1
Stream Length: 30 (binary: 00011110)
  Data[0]: 10111111 -> bf
  Data[1]: 00001110 -> 0e
  Data[2]: 10101000 -> a8
  Data[3]: 01000111 -> 47
  Data[4]: 10101101 -> ad
  Data[5]: 11001011 -> cb
  Data[6]: 01001010 -> 4a
  Data[7]: 01111101 -> 7d
  Data[8]: 11011101 -> dd
  Data[9]: 01011100 -> 5c
  Data[10]: 00001000 -> 08
  Data[11]: 10001101 -> 8d
  Data[12]: 00000011 -> 03
  Data[13]: 10011010 -> 9a
  Data[14]: 01011100 -> 5c
  Data[15]: 10111000 -> b8
  Data[16]: 00101100 -> 2c
  Data[17]: 01110110 -> 76
  Data[18]: 00101010 -> 2a
  Data[19]: 11000111 -> c7
  Data[20]: 10100011 -> a3
  Data[21]: 10110111 -> b7
  Data[22]: 10000110 -> 86
  Data[23]: 00010001 -> 11
  Data[24]: 11110001 -> f1
  Data[25]: 11000000 -> c0
  Data[26]: 10110111 -> b7
  Data[27]: 00010111 -> 17
  Data[28]: 01100100 -> 64
  Data[29]: 01111010 -> 7a

Address #192: 011010
RDWR Bit: 0
Stream Bit: 0
Exchange: 10000100

Address #193: 100010
RDWR Bit: 0
Stream Bit: 1
Stream Length: 15 (binary: 00001111)
  Data[0]: 11100001 -> e1
  Data[1]: 01101100 -> 6c
  Data[2]: 11010000 -> d0
  Data[3]: 11001001 -> c9
  Data[4]: 11110110 -> f6
  Data[5]: 01110100 -> 74
  Data[6]: 11101101 -> ed
  Data[7]: 01111010 -> 7a
  Data[8]: 01000010 -> 42
  Data[9]: 00001011 -> 0b
  Data[10]: 10011010 -> 9a
  Data[11]: 11000100 -> c4
  Data[12]: 00110000 -> 30
  Data[13]: 01101011 -> 6b
  Data[14]: 00100101 -> 25

Address #202: 000011
RDWR Bit: 0
Stream Bit: 0
Exchange: 11011101

Address #203: 011100
RDWR Bit: 0
Stream Bit: 1
Stream Length: 21 (binary: 00010101)
  Data[0]: 00010001 -> 11
  Data[1]: 01100010 -> 62
  Data[2]: 10011110 -> 9e
  Data[3]: 01001000 -> 48
  Data[4]: 00000001 -> 01
  Data[5]: 01001010 -> 4a
  Data[6]: 10010000 -> 90
  Data[7]: 01001110 -> 4e
  Data[8]: 11001011 -> cb
  Data[9]: 01010100 -> 54
  Data[10]: 00111101 -> 3d
  Data[11]: 01110101 -> 75
  Data[12]: 00111000 -> 38
  Data[13]: 10000111 -> 87
  Data[14]: 01110010 -> 72
  Data[15]: 11101111 -> ef
  Data[16]: 01011001 -> 59
  Data[17]: 01011110 -> 5e
  Data[18]: 11101000 -> e8
  Data[19]: 11000110 -> c6
  Data[20]: 11000000 -> c0

Address #214: 000110
RDWR Bit: 0
Stream Bit: 0
Exchange: 00011010

Address #215: 001000
RDWR Bit: 1
Stream Bit: 0
Exchange: 10101100

Address #216: 101100
RDWR Bit: 0
Stream Bit: 0
Exchange: 11010011

Address #217: 001110
RDWR Bit: 1
Stream Bit: 1
Stream Length: 18 (binary: 00010010)
  Data[0]: 11100001 -> e1
  Data[1]: 01000111 -> 47
  Data[2]: 10111001 -> b9
  Data[3]: 11001010 -> ca
  Data[4]: 00001110 -> 0e
  Data[5]: 01010011 -> 53
  Data[6]: 00001110 -> 0e
  Data[7]: 00101001 -> 29
  Data[8]: 10010100 -> 94
  Data[9]: 01001001 -> 49
  Data[10]: 01001001 -> 49
  Data[11]: 11101011 -> eb
  Data[12]: 11111000 -> f8
  Data[13]: 10011101 -> 9d
  Data[14]: 01010001 -> 51
  Data[15]: 00010000 -> 10
  Data[16]: 00000000 -> 00
  Data[17]: 11000100 -> c4

Address #227: 011000
RDWR Bit: 1
Stream Bit: 0
Exchange: 10010111

Address #228: 011011
RDWR Bit: 0
Stream Bit: 0
Exchange: 10001000

Address #229: 010001
RDWR Bit: 0
Stream Bit: 1
Stream Length: 7 (binary: 00000111)
  Data[0]: 00110111 -> 37
  Data[1]: 00001010 -> 0a
  Data[2]: 01100011 -> 63
  Data[3]: 00000110 -> 06
  Data[4]: 11111111 -> ff
  Data[5]: 01100010 -> 62
  Data[6]: 11100010 -> e2

Address #234: 110100
RDWR Bit: 0
Stream Bit: 0
Exchange: 11111010

Address #235: 101110
RDWR Bit: 1
Stream Bit: 1
Stream Length: 27 (binary: 00011011)
  Data[0]: 11110101 -> f5
  Data[1]: 11011011 -> db
  Data[2]: 10100001 -> a1
  Data[3]: 01000000 -> 40
  Data[4]: 11010000 -> d0
  Data[5]: 01110001 -> 71
  Data[6]: 11110111 -> f7
  Data[7]: 11101000 -> e8
  Data[8]: 10011010 -> 9a
  Data[9]: 00001100 -> 0c
  Data[10]: 11000001 -> c1
  Data[11]: 00011111 -> 1f
  Data[12]: 11011110 -> de
  Data[13]: 10111101 -> bd
  Data[14]: 10100101 -> a5
  Data[15]: 01011101 -> 5d
  Data[16]: 00010100 -> 14
  Data[17]: 11100101 -> e5
  Data[18]: 11101111 -> ef
  Data[19]: 11110110 -> f6
  Data[20]: 01111010 -> 7a
  Data[21]: 10111101 -> bd
  Data[22]: 11001111 -> cf
  Data[23]: 00001000 -> 08
  Data[24]: 11100100 -> e4
  Data[25]: 10010000 -> 90
  Data[26]: 00100001 -> 21

Address #249: 000011
RDWR Bit: 1
Stream Bit: 0
Exchange: 10001100
