Read a waves file with 6 signals and 6531 samples...
Input has these signals:
	* sclk (1 bits)
	* mosi (1 bits)
	* miso (1 bits)
	* ss (1 bits)
	* cpol (1 bits)
	* cpha (1 bits)

Address #1: 100011
RDWR Bit: 0
Stream Bit: 1
Stream Length: 4 (binary: 00000100)
  Data[0]: 00111111 -> 3f
  Data[1]: 01101110 -> 6e
  Data[2]: 10100011 -> a3
  Data[3]: 10101111 -> af

Address #4: 000011
RDWR Bit: 0
Stream Bit: 1
Stream Length: 24 (binary: 00011000)
  Data[0]: 01111011 -> 7b
  Data[1]: 10100101 -> a5
  Data[2]: 01000111 -> 47
  Data[3]: 10110000 -> b0
  Data[4]: 11110110 -> f6
  Data[5]: 10100110 -> a6
  Data[6]: 11100011 -> e3
  Data[7]: 10100001 -> a1
  Data[8]: 00011100 -> 1c
  Data[9]: 11101100 -> ec
  Data[10]: 01011110 -> 5e
  Data[11]: 00101001 -> 29
  Data[12]: 11100111 -> e7
  Data[13]: 10001001 -> 89
  Data[14]: 00111010 -> 3a
  Data[15]: 01100101 -> 65
  Data[16]: 01001011 -> 4b
  Data[17]: 11001010 -> ca
  Data[18]: 10011100 -> 9c
  Data[19]: 10101100 -> ac
  Data[20]: 00100010 -> 22
  Data[21]: 11101110 -> ee
  Data[22]: 11010101 -> d5
  Data[23]: 10101100 -> ac

Address #17: 000101
RDWR Bit: 1
Stream Bit: 0
Exchange: 10000111

Address #18: 111001
RDWR Bit: 1
Stream Bit: 0
Exchange: 10110100

Address #19: 001110
RDWR Bit: 0
Stream Bit: 0
Exchange: 01111111

Address #20: 111010
RDWR Bit: 0
Stream Bit: 0
Exchange: 01010011

Address #21: 000100
RDWR Bit: 0
Stream Bit: 0
Exchange: 01010010

Address #22: 001010
RDWR Bit: 1
Stream Bit: 1
Stream Length: 12 (binary: 00001100)
  Data[0]: 10110001 -> b1
  Data[1]: 00100110 -> 26
  Data[2]: 01010111 -> 57
  Data[3]: 10011001 -> 99
  Data[4]: 11111111 -> ff
  Data[5]: 10000011 -> 83
  Data[6]: 01011000 -> 58
  Data[7]: 10110110 -> b6
  Data[8]: 10000010 -> 82
  Data[9]: 10101001 -> a9
  Data[10]: 00010011 -> 13
  Data[11]: 01111100 -> 7c

Address #29: 110100
RDWR Bit: 0
Stream Bit: 0
Exchange: 01000000

Address #30: 011000
RDWR Bit: 1
Stream Bit: 1
Stream Length: 14 (binary: 00001110)
  Data[0]: 11000011 -> c3
  Data[1]: 10101000 -> a8
  Data[2]: 00000101 -> 05
  Data[3]: 10001111 -> 8f
  Data[4]: 11011010 -> da
  Data[5]: 10000011 -> 83
  Data[6]: 01100100 -> 64
  Data[7]: 01110001 -> 71
  Data[8]: 00000111 -> 07
  Data[9]: 00110001 -> 31
  Data[10]: 00001010 -> 0a
  Data[11]: 10110011 -> b3
  Data[12]: 01010101 -> 55
  Data[13]: 01100011 -> 63

Address #38: 100000
RDWR Bit: 0
Stream Bit: 1
Stream Length: 23 (binary: 00010111)
  Data[0]: 10000001 -> 81
  Data[1]: 11111000 -> f8
  Data[2]: 00001001 -> 09
  Data[3]: 10111010 -> ba
  Data[4]: 01110101 -> 75
  Data[5]: 10000001 -> 81
  Data[6]: 01000000 -> 40
  Data[7]: 10001010 -> 8a
  Data[8]: 11010001 -> d1
  Data[9]: 00101001 -> 29
  Data[10]: 00101011 -> 2b
  Data[11]: 00010010 -> 12
  Data[12]: 11111110 -> fe
  Data[13]: 01101100 -> 6c
  Data[14]: 00000110 -> 06
  Data[15]: 10111000 -> b8
  Data[16]: 01100000 -> 60
  Data[17]: 10110000 -> b0
  Data[18]: 01000011 -> 43
  Data[19]: 00001111 -> 0f
  Data[20]: 01110001 -> 71
  Data[21]: 00100011 -> 23
  Data[22]: 00000100 -> 04

Address #50: 111111
RDWR Bit: 0
Stream Bit: 1
Stream Length: 22 (binary: 00010110)
  Data[0]: 01110011 -> 73
  Data[1]: 11001011 -> cb
  Data[2]: 00100000 -> 20
  Data[3]: 00001111 -> 0f
  Data[4]: 01000110 -> 46
  Data[5]: 10011001 -> 99
  Data[6]: 10111001 -> b9
  Data[7]: 00010000 -> 10
  Data[8]: 00100000 -> 20
  Data[9]: 01111010 -> 7a
  Data[10]: 10101001 -> a9
  Data[11]: 01001000 -> 48
  Data[12]: 10011100 -> 9c
  Data[13]: 11011011 -> db
  Data[14]: 11100011 -> e3
  Data[15]: 10011011 -> 9b
  Data[16]: 00001001 -> 09
  Data[17]: 01100101 -> 65
  Data[18]: 00010110 -> 16
  Data[19]: 01111011 -> 7b
  Data[20]: 00001101 -> 0d
  Data[21]: 01110110 -> 76

Address #62: 010001
RDWR Bit: 1
Stream Bit: 1
Stream Length: 22 (binary: 00010110)
  Data[0]: 10101100 -> ac
  Data[1]: 11100010 -> e2
  Data[2]: 11001001 -> c9
  Data[3]: 11101100 -> ec
  Data[4]: 10010111 -> 97
  Data[5]: 01111010 -> 7a
  Data[6]: 11111001 -> f9
  Data[7]: 00000111 -> 07
  Data[8]: 11110000 -> f0
  Data[9]: 00101001 -> 29
  Data[10]: 00010011 -> 13
  Data[11]: 10101010 -> aa
  Data[12]: 10001110 -> 8e
  Data[13]: 10110010 -> b2
  Data[14]: 11000010 -> c2
  Data[15]: 00001001 -> 09
  Data[16]: 10111011 -> bb
  Data[17]: 00011010 -> 1a
  Data[18]: 01111000 -> 78
  Data[19]: 11001111 -> cf
  Data[20]: 01100011 -> 63
  Data[21]: 10110011 -> b3

Address #74: 110100
RDWR Bit: 0
Stream Bit: 0
Exchange: 01000111

Address #75: 000010
RDWR Bit: 0
Stream Bit: 0
Exchange: 11001101

Address #76: 101010
RDWR Bit: 1
Stream Bit: 0
Exchange: 00000101

Address #77: 111110
RDWR Bit: 0
Stream Bit: 0
Exchange: 11111100

Address #78: 111111
RDWR Bit: 1
Stream Bit: 0
Exchange: 01001101

Address #79: 010001
RDWR Bit: 0
Stream Bit: 0
Exchange: 01100001

Address #80: 100100
RDWR Bit: 0
Stream Bit: 0
Exchange: 01111000

Address #81: 100011
RDWR Bit: 1
Stream Bit: 0
Exchange: 01000000

Address #82: 001001
RDWR Bit: 0
Stream Bit: 0
Exchange: 10000000

Address #83: 010100
RDWR Bit: 1
Stream Bit: 0
Exchange: 01111100

Address #84: 111011
RDWR Bit: 0
Stream Bit: 1
Stream Length: 1 (binary: 00000001)
  Data[0]: 11110111 -> f7

Address #86: 110011
RDWR Bit: 0
Stream Bit: 0
Exchange: 00101011

Address #87: 001100
RDWR Bit: 1
Stream Bit: 0
Exchange: 10100101

Address #88: 100111
RDWR Bit: 0
Stream Bit: 0
Exchange: 10000000

Address #89: 001110
RDWR Bit: 1
Stream Bit: 0
Exchange: 10111001

Address #90: 111101
RDWR Bit: 1
Stream Bit: 0
Exchange: 01000001

Address #91: 000000
RDWR Bit: 1
Stream Bit: 0
Exchange: 11101000

Address #92: 111100
RDWR Bit: 0
Stream Bit: 0
Exchange: 00110011

Address #93: 101100
RDWR Bit: 1
Stream Bit: 1
Stream Length: 27 (binary: 00011011)
  Data[0]: 11010100 -> d4
  Data[1]: 01101111 -> 6f
  Data[2]: 10101010 -> aa
  Data[3]: 10101011 -> ab
  Data[4]: 11110101 -> f5
  Data[5]: 01010110 -> 56
  Data[6]: 10010100 -> 94
  Data[7]: 01000000 -> 40
  Data[8]: 11010010 -> d2
  Data[9]: 10101111 -> af
  Data[10]: 00111011 -> 3b
  Data[11]: 01011000 -> 58
  Data[12]: 10000110 -> 86
  Data[13]: 10111010 -> ba
  Data[14]: 10010000 -> 90
  Data[15]: 01011011 -> 5b
  Data[16]: 10011100 -> 9c
  Data[17]: 10000111 -> 87
  Data[18]: 10100011 -> a3
  Data[19]: 11010011 -> d3
  Data[20]: 11111010 -> fa
  Data[21]: 00000101 -> 05
  Data[22]: 00101001 -> 29
  Data[23]: 11100111 -> e7
  Data[24]: 01011000 -> 58
  Data[25]: 10001010 -> 8a
  Data[26]: 01000100 -> 44

Address #107: 110110
RDWR Bit: 0
Stream Bit: 0
Exchange: 10100011

Address #108: 111111
RDWR Bit: 1
Stream Bit: 1
Stream Length: 6 (binary: 00000110)
  Data[0]: 01111011 -> 7b
  Data[1]: 00110011 -> 33
  Data[2]: 10100011 -> a3
  Data[3]: 11011010 -> da
  Data[4]: 10001000 -> 88
  Data[5]: 01001111 -> 4f

Address #112: 100101
RDWR Bit: 0
Stream Bit: 0
Exchange: 00010100

Address #113: 111100
RDWR Bit: 0
Stream Bit: 0
Exchange: 11011011

Address #114: 110111
RDWR Bit: 1
Stream Bit: 0
Exchange: 10100010

Address #115: 001001
RDWR Bit: 0
Stream Bit: 0
Exchange: 00010101

Address #116: 100011
RDWR Bit: 1
Stream Bit: 1
Stream Length: 10 (binary: 00001010)
  Data[0]: 11010101 -> d5
  Data[1]: 11101100 -> ec
  Data[2]: 00100101 -> 25
  Data[3]: 00101000 -> 28
  Data[4]: 01001011 -> 4b
  Data[5]: 11001010 -> ca
  Data[6]: 11011101 -> dd
  Data[7]: 00000011 -> 03
  Data[8]: 11010111 -> d7
  Data[9]: 00101001 -> 29

Address #122: 011110
RDWR Bit: 1
Stream Bit: 0
Exchange: 01010001

Address #123: 100101
RDWR Bit: 0
Stream Bit: 0
Exchange: 01010010

Address #124: 101110
RDWR Bit: 0
Stream Bit: 0
Exchange: 00101110

Address #125: 100111
RDWR Bit: 0
Stream Bit: 0
Exchange: 10001000

Address #126: 001110
RDWR Bit: 0
Stream Bit: 0
Exchange: 11010100

Address #127: 111100
RDWR Bit: 0
Stream Bit: 0
Exchange: 11001010

Address #128: 110001
RDWR Bit: 1
Stream Bit: 1
Stream Length: 14 (binary: 00001110)
  Data[0]: 11010100 -> d4
  Data[1]: 00010011 -> 13
  Data[2]: 01110111 -> 77
  Data[3]: 01111111 -> 7f
  Data[4]: 01001010 -> 4a
  Data[5]: 10111000 -> b8
  Data[6]: 01100010 -> 62
  Data[7]: 01011101 -> 5d
  Data[8]: 11101011 -> eb
  Data[9]: 00000110 -> 06
  Data[10]: 01101100 -> 6c
  Data[11]: 00010000 -> 10
  Data[12]: 10111111 -> bf
  Data[13]: 10111110 -> be

Address #136: 000010
RDWR Bit: 1
Stream Bit: 1
Stream Length: 29 (binary: 00011101)
  Data[0]: 01011100 -> 5c
  Data[1]: 00100011 -> 23
  Data[2]: 11010000 -> d0
  Data[3]: 11010010 -> d2
  Data[4]: 10011111 -> 9f
  Data[5]: 10111100 -> bc
  Data[6]: 10111100 -> bc
  Data[7]: 10010000 -> 90
  Data[8]: 00100100 -> 24
  Data[9]: 00100101 -> 25
  Data[10]: 11001111 -> cf
  Data[11]: 10111100 -> bc
  Data[12]: 01001110 -> 4e
  Data[13]: 00111001 -> 39
  Data[14]: 10110010 -> b2
  Data[15]: 11011110 -> de
  Data[16]: 10100101 -> a5
  Data[17]: 00011001 -> 19
  Data[18]: 01111011 -> 7b
  Data[19]: 11000111 -> c7
  Data[20]: 01101010 -> 6a
  Data[21]: 10101111 -> af
  Data[22]: 01111100 -> 7c
  Data[23]: 00011100 -> 1c
  Data[24]: 00100011 -> 23
  Data[25]: 01100101 -> 65
  Data[26]: 00010101 -> 15
  Data[27]: 11100011 -> e3
  Data[28]: 00101111 -> 2f

Address #152: 111101
RDWR Bit: 1
Stream Bit: 0
Exchange: 01111110

Address #153: 111010
RDWR Bit: 0
Stream Bit: 0
Exchange: 11110000

Address #154: 000011
RDWR Bit: 0
Stream Bit: 0
Exchange: 01101001

Address #155: 010111
RDWR Bit: 0
Stream Bit: 0
Exchange: 00110010

Address #156: 111011
RDWR Bit: 0
Stream Bit: 0
Exchange: 11010001

Address #157: 100011
RDWR Bit: 0
Stream Bit: 0
Exchange: 10111001

Address #158: 001001
RDWR Bit: 1
Stream Bit: 0
Exchange: 11110000

Address #159: 010011
RDWR Bit: 1
Stream Bit: 1
Stream Length: 25 (binary: 00011001)
  Data[0]: 10101001 -> a9
  Data[1]: 01000010 -> 42
  Data[2]: 00011010 -> 1a
  Data[3]: 01101101 -> 6d
  Data[4]: 10001110 -> 8e
  Data[5]: 10001110 -> 8e
  Data[6]: 00010110 -> 16
  Data[7]: 01010001 -> 51
  Data[8]: 01110110 -> 76
  Data[9]: 00010101 -> 15
  Data[10]: 00011101 -> 1d
  Data[11]: 00100001 -> 21
  Data[12]: 10110011 -> b3
  Data[13]: 10011010 -> 9a
  Data[14]: 00100000 -> 20
  Data[15]: 00011110 -> 1e
  Data[16]: 11000010 -> c2
  Data[17]: 10001100 -> 8c
  Data[18]: 01010111 -> 57
  Data[19]: 11100000 -> e0
  Data[20]: 11100110 -> e6
  Data[21]: 01110001 -> 71
  Data[22]: 01110110 -> 76
  Data[23]: 00111110 -> 3e
  Data[24]: 11110011 -> f3

Address #172: 101001
RDWR Bit: 1
Stream Bit: 0
Exchange: 11111010

Address #173: 110010
RDWR Bit: 1
Stream Bit: 1
Stream Length: 11 (binary: 00001011)
  Data[0]: 01000111 -> 47
  Data[1]: 10001000 -> 88
  Data[2]: 11010000 -> d0
  Data[3]: 11110111 -> f7
  Data[4]: 10001111 -> 8f
  Data[5]: 11111011 -> fb
  Data[6]: 00011011 -> 1b
  Data[7]: 10101010 -> aa
  Data[8]: 11100010 -> e2
  Data[9]: 00001100 -> 0c
  Data[10]: 01010101 -> 55

Address #180: 010110
RDWR Bit: 1
Stream Bit: 0
Exchange: 00100111

Address #181: 110011
RDWR Bit: 0
Stream Bit: 1
Stream Length: 6 (binary: 00000110)
  Data[0]: 11001101 -> cd
  Data[1]: 00101111 -> 2f
  Data[2]: 10110010 -> b2
  Data[3]: 01101001 -> 69
  Data[4]: 10010011 -> 93
  Data[5]: 00110011 -> 33

Address #185: 110100
RDWR Bit: 0
Stream Bit: 1
Stream Length: 16 (binary: 00010000)
  Data[0]: 00011101 -> 1d
  Data[1]: 00111111 -> 3f
  Data[2]: 01001110 -> 4e
  Data[3]: 00001100 -> 0c
  Data[4]: 11001111 -> cf
  Data[5]: 11010011 -> d3
  Data[6]: 11011010 -> da
  Data[7]: 11100000 -> e0
  Data[8]: 01001000 -> 48
  Data[9]: 10010101 -> 95
  Data[10]: 01110101 -> 75
  Data[11]: 01010100 -> 54
  Data[12]: 00100001 -> 21
  Data[13]: 00100011 -> 23
  Data[14]: 10101111 -> af
  Data[15]: 11101100 -> ec

Address #194: 011001
RDWR Bit: 1
Stream Bit: 0
Exchange: 10000101

Address #195: 000110
RDWR Bit: 0
Stream Bit: 0
Exchange: 00000100

Address #196: 110101
RDWR Bit: 1
Stream Bit: 0
Exchange: 00010011

Address #197: 110001
RDWR Bit: 0
Stream Bit: 1
Stream Length: 2 (binary: 00000010)
  Data[0]: 00111110 -> 3e
  Data[1]: 11101011 -> eb
