Read a waves file with 6 signals and 2243 samples...
Input has these signals:
	* sclk (1 bits)
	* mosi (1 bits)
	* miso (1 bits)
	* ss (1 bits)
	* cpol (1 bits)
	* cpha (1 bits)

Address #1: 111100
RDWR Bit: 0
Stream Bit: 0
Exchange: 00100100

Address #2: 100000
RDWR Bit: 0
Stream Bit: 0
Exchange: 11101000

Address #3: 000011
RDWR Bit: 1
Stream Bit: 0
Exchange: 00010010

Address #4: 110110
RDWR Bit: 1
Stream Bit: 0
Exchange: 10010010

Address #5: 000100
RDWR Bit: 0
Stream Bit: 0
Exchange: 10011010

Address #6: 011001
RDWR Bit: 0
Stream Bit: 0
Exchange: 01111110

Address #7: 101110
RDWR Bit: 0
Stream Bit: 0
Exchange: 10100001

Address #8: 110000
RDWR Bit: 0
Stream Bit: 0
Exchange: 01100101

Address #9: 111101
RDWR Bit: 0
Stream Bit: 0
Exchange: 10100111

Address #10: 000101
RDWR Bit: 1
Stream Bit: 0
Exchange: 10010000

Address #11: 101110
RDWR Bit: 1
Stream Bit: 0
Exchange: 10001010

Address #12: 000000
RDWR Bit: 1
Stream Bit: 0
Exchange: 00011000

Address #13: 101011
RDWR Bit: 0
Stream Bit: 0
Exchange: 01111111

Address #14: 010001
RDWR Bit: 1
Stream Bit: 0
Exchange: 11111010

Address #15: 111011
RDWR Bit: 0
Stream Bit: 0
Exchange: 00010010

Address #16: 001000
RDWR Bit: 1
Stream Bit: 0
Exchange: 00011111

Address #17: 111110
RDWR Bit: 0
Stream Bit: 0
Exchange: 01001010

Address #18: 001110
RDWR Bit: 1
Stream Bit: 0
Exchange: 00011101

Address #19: 111100
RDWR Bit: 0
Stream Bit: 0
Exchange: 00001101

Address #20: 101010
RDWR Bit: 0
Stream Bit: 0
Exchange: 01111011

Address #21: 101001
RDWR Bit: 1
Stream Bit: 0
Exchange: 11001001

Address #22: 001100
RDWR Bit: 0
Stream Bit: 0
Exchange: 00011110

Address #23: 101010
RDWR Bit: 1
Stream Bit: 0
Exchange: 00101010

Address #24: 001101
RDWR Bit: 1
Stream Bit: 0
Exchange: 00101010

Address #25: 000110
RDWR Bit: 1
Stream Bit: 0
Exchange: 01110010

Address #26: 011010
RDWR Bit: 0
Stream Bit: 0
Exchange: 11000111

Address #27: 100101
RDWR Bit: 1
Stream Bit: 0
Exchange: 01001001

Address #28: 011101
RDWR Bit: 0
Stream Bit: 0
Exchange: 10001010

Address #29: 010011
RDWR Bit: 1
Stream Bit: 0
Exchange: 10111100

Address #30: 101000
RDWR Bit: 0
Stream Bit: 0
Exchange: 11110110

Address #31: 000010
RDWR Bit: 1
Stream Bit: 0
Exchange: 10110111

Address #32: 000011
RDWR Bit: 1
Stream Bit: 0
Exchange: 01101100

Address #33: 001110
RDWR Bit: 0
Stream Bit: 0
Exchange: 00011101

Address #34: 001110
RDWR Bit: 1
Stream Bit: 0
Exchange: 00000111

Address #35: 000110
RDWR Bit: 0
Stream Bit: 0
Exchange: 10100001

Address #36: 100101
RDWR Bit: 0
Stream Bit: 0
Exchange: 00111001

Address #37: 111001
RDWR Bit: 0
Stream Bit: 0
Exchange: 00011100

Address #38: 111101
RDWR Bit: 1
Stream Bit: 0
Exchange: 01100100

Address #39: 100010
RDWR Bit: 1
Stream Bit: 0
Exchange: 01011011

Address #40: 111011
RDWR Bit: 0
Stream Bit: 0
Exchange: 00101101

Address #41: 001110
RDWR Bit: 0
Stream Bit: 0
Exchange: 00111000

Address #42: 011010
RDWR Bit: 0
Stream Bit: 0
Exchange: 00111001

Address #43: 011110
RDWR Bit: 1
Stream Bit: 0
Exchange: 00010110

Address #44: 001100
RDWR Bit: 0
Stream Bit: 0
Exchange: 01000000

Address #45: 010000
RDWR Bit: 1
Stream Bit: 0
Exchange: 10010011

Address #46: 100000
RDWR Bit: 0
Stream Bit: 0
Exchange: 01000111

Address #47: 111100
RDWR Bit: 1
Stream Bit: 0
Exchange: 11100001

Address #48: 110101
RDWR Bit: 1
Stream Bit: 0
Exchange: 10010010

Address #49: 011011
RDWR Bit: 0
Stream Bit: 0
Exchange: 00001111

Address #50: 111101
RDWR Bit: 1
Stream Bit: 0
Exchange: 01000000

Address #51: 000001
RDWR Bit: 1
Stream Bit: 0
Exchange: 11000110

Address #52: 110011
RDWR Bit: 1
Stream Bit: 0
Exchange: 01110001

Address #53: 001001
RDWR Bit: 1
Stream Bit: 0
Exchange: 11110110

Address #54: 111110
RDWR Bit: 1
Stream Bit: 0
Exchange: 01111000

Address #55: 001011
RDWR Bit: 0
Stream Bit: 0
Exchange: 01111111

Address #56: 001100
RDWR Bit: 0
Stream Bit: 0
Exchange: 01001110

Address #57: 001011
RDWR Bit: 0
Stream Bit: 0
Exchange: 11001101

Address #58: 101110
RDWR Bit: 1
Stream Bit: 0
Exchange: 00110111

Address #59: 101101
RDWR Bit: 0
Stream Bit: 0
Exchange: 01011000

Address #60: 110010
RDWR Bit: 1
Stream Bit: 0
Exchange: 00100010

Address #61: 011101
RDWR Bit: 1
Stream Bit: 0
Exchange: 10011110

Address #62: 101000
RDWR Bit: 1
Stream Bit: 0
Exchange: 01011110

Address #63: 111100
RDWR Bit: 0
Stream Bit: 0
Exchange: 11111110

Address #64: 100110
RDWR Bit: 0
Stream Bit: 0
Exchange: 11100011
