Read a waves file with 6 signals and 9395 samples...
Input has these signals:
	* sclk (1 bits)
	* mosi (1 bits)
	* miso (1 bits)
	* ss (1 bits)
	* cpol (1 bits)
	* cpha (1 bits)

Address #1: 101101
RDWR Bit: 1
Stream Bit: 1
Stream Length: 11 (binary: 00001011)
  Data[0]: 10111101 -> bd
  Data[1]: 11001111 -> cf
  Data[2]: 11100101 -> e5
  Data[3]: 01011011 -> 5b
  Data[4]: 11001000 -> c8
  Data[5]: 11111100 -> fc
  Data[6]: 01001010 -> 4a
  Data[7]: 00100001 -> 21
  Data[8]: 11010100 -> d4
  Data[9]: 10110000 -> b0
  Data[10]: 10000101 -> 85

Address #7: 001111
RDWR Bit: 1
Stream Bit: 0
Exchange: 00111110

Address #8: 100100
RDWR Bit: 1
Stream Bit: 0
Exchange: 01001100

Address #9: 010110
RDWR Bit: 1
Stream Bit: 1
Stream Length: 11 (binary: 00001011)
  Data[0]: 00100001 -> 21
  Data[1]: 11100101 -> e5
  Data[2]: 01110100 -> 74
  Data[3]: 00001110 -> 0e
  Data[4]: 01001111 -> 4f
  Data[5]: 10010000 -> 90
  Data[6]: 01101001 -> 69
  Data[7]: 00011000 -> 18
  Data[8]: 10000010 -> 82
  Data[9]: 10110110 -> b6
  Data[10]: 10110110 -> b6

Address #16: 101101
RDWR Bit: 0
Stream Bit: 0
Exchange: 10111010

Address #17: 100011
RDWR Bit: 0
Stream Bit: 1
Stream Length: 27 (binary: 00011011)
  Data[0]: 11000010 -> c2
  Data[1]: 01000001 -> 41
  Data[2]: 11011001 -> d9
  Data[3]: 10001100 -> 8c
  Data[4]: 11110001 -> f1
  Data[5]: 00011011 -> 1b
  Data[6]: 11101001 -> e9
  Data[7]: 00011101 -> 1d
  Data[8]: 00011100 -> 1c
  Data[9]: 11011001 -> d9
  Data[10]: 00010100 -> 14
  Data[11]: 00000000 -> 00
  Data[12]: 00111001 -> 39
  Data[13]: 00010110 -> 16
  Data[14]: 10101001 -> a9
  Data[15]: 10010010 -> 92
  Data[16]: 00011101 -> 1d
  Data[17]: 10000001 -> 81
  Data[18]: 01101010 -> 6a
  Data[19]: 01101010 -> 6a
  Data[20]: 00010011 -> 13
  Data[21]: 01010011 -> 53
  Data[22]: 10010011 -> 93
  Data[23]: 10111010 -> ba
  Data[24]: 01011000 -> 58
  Data[25]: 01011100 -> 5c
  Data[26]: 10111110 -> be

Address #31: 101001
RDWR Bit: 0
Stream Bit: 1
Stream Length: 11 (binary: 00001011)
  Data[0]: 01001111 -> 4f
  Data[1]: 01111111 -> 7f
  Data[2]: 11101110 -> ee
  Data[3]: 01110100 -> 74
  Data[4]: 10011000 -> 98
  Data[5]: 01011011 -> 5b
  Data[6]: 10011101 -> 9d
  Data[7]: 01000010 -> 42
  Data[8]: 01001100 -> 4c
  Data[9]: 00010010 -> 12
  Data[10]: 01001010 -> 4a

Address #38: 001000
RDWR Bit: 1
Stream Bit: 0
Exchange: 10001100

Address #39: 111100
RDWR Bit: 1
Stream Bit: 0
Exchange: 01100101

Address #40: 011100
RDWR Bit: 1
Stream Bit: 1
Stream Length: 21 (binary: 00010101)
  Data[0]: 00011111 -> 1f
  Data[1]: 11100111 -> e7
  Data[2]: 01011110 -> 5e
  Data[3]: 01010011 -> 53
  Data[4]: 01100100 -> 64
  Data[5]: 00111100 -> 3c
  Data[6]: 10101001 -> a9
  Data[7]: 11101101 -> ed
  Data[8]: 01010011 -> 53
  Data[9]: 00000011 -> 03
  Data[10]: 11000100 -> c4
  Data[11]: 11111011 -> fb
  Data[12]: 01100011 -> 63
  Data[13]: 10111010 -> ba
  Data[14]: 01001101 -> 4d
  Data[15]: 10111100 -> bc
  Data[16]: 00000110 -> 06
  Data[17]: 00111111 -> 3f
  Data[18]: 00011110 -> 1e
  Data[19]: 00101001 -> 29
  Data[20]: 01100100 -> 64

Address #51: 110100
RDWR Bit: 0
Stream Bit: 1
Stream Length: 31 (binary: 00011111)
  Data[0]: 10100011 -> a3
  Data[1]: 10000101 -> 85
  Data[2]: 00010011 -> 13
  Data[3]: 01100010 -> 62
  Data[4]: 00101001 -> 29
  Data[5]: 11111011 -> fb
  Data[6]: 10100111 -> a7
  Data[7]: 01001100 -> 4c
  Data[8]: 00010111 -> 17
  Data[9]: 00011101 -> 1d
  Data[10]: 11001001 -> c9
  Data[11]: 11001010 -> ca
  Data[12]: 01010010 -> 52
  Data[13]: 00100000 -> 20
  Data[14]: 01100011 -> 63
  Data[15]: 00110111 -> 37
  Data[16]: 10100010 -> a2
  Data[17]: 11100010 -> e2
  Data[18]: 10000011 -> 83
  Data[19]: 10011001 -> 99
  Data[20]: 10101100 -> ac
  Data[21]: 10110110 -> b6
  Data[22]: 00101111 -> 2f
  Data[23]: 11011001 -> d9
  Data[24]: 00111110 -> 3e
  Data[25]: 00100001 -> 21
  Data[26]: 10100010 -> a2
  Data[27]: 10001010 -> 8a
  Data[28]: 11010100 -> d4
  Data[29]: 00001010 -> 0a
  Data[30]: 10010100 -> 94

Address #68: 100010
RDWR Bit: 0
Stream Bit: 1
Stream Length: 10 (binary: 00001010)
  Data[0]: 01010111 -> 57
  Data[1]: 11000001 -> c1
  Data[2]: 10101011 -> ab
  Data[3]: 00000100 -> 04
  Data[4]: 00101111 -> 2f
  Data[5]: 10110001 -> b1
  Data[6]: 01101000 -> 68
  Data[7]: 01111100 -> 7c
  Data[8]: 01001011 -> 4b
  Data[9]: 10001011 -> 8b

Address #74: 000110
RDWR Bit: 1
Stream Bit: 0
Exchange: 10000011

Address #75: 100011
RDWR Bit: 1
Stream Bit: 1
Stream Length: 6 (binary: 00000110)
  Data[0]: 11100010 -> e2
  Data[1]: 00010011 -> 13
  Data[2]: 01000010 -> 42
  Data[3]: 00001001 -> 09
  Data[4]: 01101100 -> 6c
  Data[5]: 11011001 -> d9

Address #79: 001011
RDWR Bit: 0
Stream Bit: 1
Stream Length: 3 (binary: 00000011)
  Data[0]: 01111010 -> 7a
  Data[1]: 01000000 -> 40
  Data[2]: 11010100 -> d4

Address #81: 010100
RDWR Bit: 0
Stream Bit: 0
Exchange: 01000100

Address #82: 100110
RDWR Bit: 1
Stream Bit: 1
Stream Length: 9 (binary: 00001001)
  Data[0]: 01110010 -> 72
  Data[1]: 10011011 -> 9b
  Data[2]: 00011100 -> 1c
  Data[3]: 00110001 -> 31
  Data[4]: 11000100 -> c4
  Data[5]: 01000010 -> 42
  Data[6]: 11010111 -> d7
  Data[7]: 10010010 -> 92
  Data[8]: 11011110 -> de

Address #88: 110111
RDWR Bit: 0
Stream Bit: 1
Stream Length: 6 (binary: 00000110)
  Data[0]: 11000111 -> c7
  Data[1]: 11010100 -> d4
  Data[2]: 00011010 -> 1a
  Data[3]: 01001010 -> 4a
  Data[4]: 01011110 -> 5e
  Data[5]: 10001001 -> 89

Address #92: 101111
RDWR Bit: 0
Stream Bit: 1
Stream Length: 16 (binary: 00010000)
  Data[0]: 10110110 -> b6
  Data[1]: 01100101 -> 65
  Data[2]: 01011010 -> 5a
  Data[3]: 10101110 -> ae
  Data[4]: 11100001 -> e1
  Data[5]: 01010001 -> 51
  Data[6]: 00101110 -> 2e
  Data[7]: 01010011 -> 53
  Data[8]: 11111111 -> ff
  Data[9]: 01110011 -> 73
  Data[10]: 01110101 -> 75
  Data[11]: 11101010 -> ea
  Data[12]: 00010111 -> 17
  Data[13]: 11110110 -> f6
  Data[14]: 11010001 -> d1
  Data[15]: 10111010 -> ba

Address #101: 000100
RDWR Bit: 1
Stream Bit: 0
Exchange: 00110011

Address #102: 000011
RDWR Bit: 1
Stream Bit: 1
Stream Length: 7 (binary: 00000111)
  Data[0]: 10010000 -> 90
  Data[1]: 11111100 -> fc
  Data[2]: 00111101 -> 3d
  Data[3]: 00111100 -> 3c
  Data[4]: 10110000 -> b0
  Data[5]: 00000010 -> 02
  Data[6]: 00101101 -> 2d

Address #106: 000110
RDWR Bit: 1
Stream Bit: 1
Stream Length: 5 (binary: 00000101)
  Data[0]: 10001001 -> 89
  Data[1]: 00010011 -> 13
  Data[2]: 00001011 -> 0b
  Data[3]: 00101110 -> 2e
  Data[4]: 00000100 -> 04

Address #110: 111000
RDWR Bit: 1
Stream Bit: 1
Stream Length: 23 (binary: 00010111)
  Data[0]: 00001010 -> 0a
  Data[1]: 01101101 -> 6d
  Data[2]: 01110111 -> 77
  Data[3]: 01001110 -> 4e
  Data[4]: 00000000 -> 00
  Data[5]: 00011010 -> 1a
  Data[6]: 11111100 -> fc
  Data[7]: 00000010 -> 02
  Data[8]: 10101101 -> ad
  Data[9]: 00001111 -> 0f
  Data[10]: 10011001 -> 99
  Data[11]: 01010111 -> 57
  Data[12]: 10101000 -> a8
  Data[13]: 00110011 -> 33
  Data[14]: 00101101 -> 2d
  Data[15]: 00011101 -> 1d
  Data[16]: 11101110 -> ee
  Data[17]: 10010011 -> 93
  Data[18]: 01100110 -> 66
  Data[19]: 00001101 -> 0d
  Data[20]: 11110001 -> f1
  Data[21]: 01101010 -> 6a
  Data[22]: 00110111 -> 37

Address #122: 111011
RDWR Bit: 1
Stream Bit: 1
Stream Length: 21 (binary: 00010101)
  Data[0]: 00011011 -> 1b
  Data[1]: 11000011 -> c3
  Data[2]: 11101110 -> ee
  Data[3]: 11000110 -> c6
  Data[4]: 00101101 -> 2d
  Data[5]: 10111111 -> bf
  Data[6]: 00110010 -> 32
  Data[7]: 10001111 -> 8f
  Data[8]: 01100000 -> 60
  Data[9]: 00001100 -> 0c
  Data[10]: 00011001 -> 19
  Data[11]: 00101001 -> 29
  Data[12]: 00011000 -> 18
  Data[13]: 10001011 -> 8b
  Data[14]: 01110111 -> 77
  Data[15]: 01000010 -> 42
  Data[16]: 11111000 -> f8
  Data[17]: 00110010 -> 32
  Data[18]: 11011001 -> d9
  Data[19]: 10111001 -> b9
  Data[20]: 11110010 -> f2

Address #134: 101110
RDWR Bit: 0
Stream Bit: 1
Stream Length: 7 (binary: 00000111)
  Data[0]: 00110110 -> 36
  Data[1]: 10110010 -> b2
  Data[2]: 10110000 -> b0
  Data[3]: 11110100 -> f4
  Data[4]: 00101100 -> 2c
  Data[5]: 01110101 -> 75
  Data[6]: 00110001 -> 31

Address #138: 100011
RDWR Bit: 1
Stream Bit: 1
Stream Length: 29 (binary: 00011101)
  Data[0]: 01010100 -> 54
  Data[1]: 10011000 -> 98
  Data[2]: 11011100 -> dc
  Data[3]: 11010010 -> d2
  Data[4]: 10111101 -> bd
  Data[5]: 00001110 -> 0e
  Data[6]: 10010010 -> 92
  Data[7]: 10001000 -> 88
  Data[8]: 11100001 -> e1
  Data[9]: 11110111 -> f7
  Data[10]: 10100001 -> a1
  Data[11]: 00111110 -> 3e
  Data[12]: 00000010 -> 02
  Data[13]: 10111110 -> be
  Data[14]: 00010010 -> 12
  Data[15]: 11101101 -> ed
  Data[16]: 01000010 -> 42
  Data[17]: 11110000 -> f0
  Data[18]: 11010000 -> d0
  Data[19]: 00101001 -> 29
  Data[20]: 01101100 -> 6c
  Data[21]: 00111000 -> 38
  Data[22]: 11100000 -> e0
  Data[23]: 11100111 -> e7
  Data[24]: 00111101 -> 3d
  Data[25]: 11001011 -> cb
  Data[26]: 10010011 -> 93
  Data[27]: 00111000 -> 38
  Data[28]: 11011001 -> d9

Address #154: 000000
RDWR Bit: 0
Stream Bit: 0
Exchange: 10001000

Address #155: 100101
RDWR Bit: 1
Stream Bit: 0
Exchange: 01111010

Address #156: 001010
RDWR Bit: 1
Stream Bit: 1
Stream Length: 14 (binary: 00001110)
  Data[0]: 11010001 -> d1
  Data[1]: 01011010 -> 5a
  Data[2]: 00100000 -> 20
  Data[3]: 10100000 -> a0
  Data[4]: 11111111 -> ff
  Data[5]: 01001110 -> 4e
  Data[6]: 01001001 -> 49
  Data[7]: 10111010 -> ba
  Data[8]: 00011100 -> 1c
  Data[9]: 01010110 -> 56
  Data[10]: 01100001 -> 61
  Data[11]: 01011001 -> 59
  Data[12]: 00101001 -> 29
  Data[13]: 00101001 -> 29

Address #164: 111010
RDWR Bit: 0
Stream Bit: 1
Stream Length: 7 (binary: 00000111)
  Data[0]: 00001101 -> 0d
  Data[1]: 00100011 -> 23
  Data[2]: 00000110 -> 06
  Data[3]: 00000101 -> 05
  Data[4]: 01000000 -> 40
  Data[5]: 11000110 -> c6
  Data[6]: 01100011 -> 63

Address #168: 000101
RDWR Bit: 0
Stream Bit: 1
Stream Length: 21 (binary: 00010101)
  Data[0]: 10111111 -> bf
  Data[1]: 11100101 -> e5
  Data[2]: 00010010 -> 12
  Data[3]: 10111101 -> bd
  Data[4]: 11110111 -> f7
  Data[5]: 10001110 -> 8e
  Data[6]: 10111001 -> b9
  Data[7]: 00110110 -> 36
  Data[8]: 01101110 -> 6e
  Data[9]: 00001001 -> 09
  Data[10]: 00001110 -> 0e
  Data[11]: 10000001 -> 81
  Data[12]: 11101111 -> ef
  Data[13]: 00111100 -> 3c
  Data[14]: 10001111 -> 8f
  Data[15]: 10100000 -> a0
  Data[16]: 01010101 -> 55
  Data[17]: 10111110 -> be
  Data[18]: 10100110 -> a6
  Data[19]: 00001010 -> 0a
  Data[20]: 01110011 -> 73

Address #180: 100100
RDWR Bit: 1
Stream Bit: 0
Exchange: 11110000

Address #181: 010000
RDWR Bit: 1
Stream Bit: 0
Exchange: 11011011

Address #182: 111001
RDWR Bit: 0
Stream Bit: 1
Stream Length: 14 (binary: 00001110)
  Data[0]: 10100011 -> a3
  Data[1]: 00011010 -> 1a
  Data[2]: 01111010 -> 7a
  Data[3]: 00111001 -> 39
  Data[4]: 00100001 -> 21
  Data[5]: 10000101 -> 85
  Data[6]: 11100010 -> e2
  Data[7]: 01001100 -> 4c
  Data[8]: 11011000 -> d8
  Data[9]: 10011011 -> 9b
  Data[10]: 11000111 -> c7
  Data[11]: 10101110 -> ae
  Data[12]: 11010111 -> d7
  Data[13]: 00111000 -> 38

Address #190: 001000
RDWR Bit: 1
Stream Bit: 0
Exchange: 01110100

Address #191: 111110
RDWR Bit: 0
Stream Bit: 1
Stream Length: 4 (binary: 00000100)
  Data[0]: 11110110 -> f6
  Data[1]: 01100101 -> 65
  Data[2]: 01011110 -> 5e
  Data[3]: 00011100 -> 1c

Address #194: 010110
RDWR Bit: 1
Stream Bit: 0
Exchange: 01111000

Address #195: 100111
RDWR Bit: 1
Stream Bit: 0
Exchange: 01111111

Address #196: 000011
RDWR Bit: 1
Stream Bit: 0
Exchange: 11100100

Address #197: 111010
RDWR Bit: 0
Stream Bit: 0
Exchange: 01000011

Address #198: 111011
RDWR Bit: 1
Stream Bit: 1
Stream Length: 9 (binary: 00001001)
  Data[0]: 00101100 -> 2c
  Data[1]: 10011000 -> 98
  Data[2]: 11000001 -> c1
  Data[3]: 10001010 -> 8a
  Data[4]: 10011111 -> 9f
  Data[5]: 00100101 -> 25
  Data[6]: 01000010 -> 42
  Data[7]: 10110110 -> b6
  Data[8]: 10111001 -> b9

Address #203: 101001
RDWR Bit: 0
Stream Bit: 1
Stream Length: 10 (binary: 00001010)
  Data[0]: 01110111 -> 77
  Data[1]: 10010001 -> 91
  Data[2]: 10110100 -> b4
  Data[3]: 01000100 -> 44
  Data[4]: 11111001 -> f9
  Data[5]: 10011000 -> 98
  Data[6]: 10101110 -> ae
  Data[7]: 11100111 -> e7
  Data[8]: 11101001 -> e9
  Data[9]: 01101111 -> 6f

Address #209: 010111
RDWR Bit: 0
Stream Bit: 0
Exchange: 01101110

Address #210: 110111
RDWR Bit: 0
Stream Bit: 0
Exchange: 00001010

Address #211: 011100
RDWR Bit: 0
Stream Bit: 1
Stream Length: 3 (binary: 00000011)
  Data[0]: 10111101 -> bd
  Data[1]: 01000001 -> 41
  Data[2]: 01011101 -> 5d

Address #214: 000101
RDWR Bit: 1
Stream Bit: 1
Stream Length: 9 (binary: 00001001)
  Data[0]: 11010011 -> d3
  Data[1]: 10101011 -> ab
  Data[2]: 00101110 -> 2e
  Data[3]: 10010111 -> 97
  Data[4]: 00010100 -> 14
  Data[5]: 10110110 -> b6
  Data[6]: 10100111 -> a7
  Data[7]: 01011011 -> 5b
  Data[8]: 11111101 -> fd

Address #219: 010111
RDWR Bit: 1
Stream Bit: 1
Stream Length: 19 (binary: 00010011)
  Data[0]: 10010011 -> 93
  Data[1]: 01000000 -> 40
  Data[2]: 00010001 -> 11
  Data[3]: 01101010 -> 6a
  Data[4]: 11011100 -> dc
  Data[5]: 00100000 -> 20
  Data[6]: 10101100 -> ac
  Data[7]: 10100111 -> a7
  Data[8]: 11000101 -> c5
  Data[9]: 11011100 -> dc
  Data[10]: 11011101 -> dd
  Data[11]: 11101101 -> ed
  Data[12]: 00111100 -> 3c
  Data[13]: 11011100 -> dc
  Data[14]: 11001110 -> ce
  Data[15]: 01011011 -> 5b
  Data[16]: 01000111 -> 47
  Data[17]: 01010000 -> 50
  Data[18]: 11110000 -> f0

Address #230: 011000
RDWR Bit: 0
Stream Bit: 1
Stream Length: 23 (binary: 00010111)
  Data[0]: 01000101 -> 45
  Data[1]: 01011001 -> 59
  Data[2]: 11110100 -> f4
  Data[3]: 11001111 -> cf
  Data[4]: 11110001 -> f1
  Data[5]: 10001111 -> 8f
  Data[6]: 00100011 -> 23
  Data[7]: 10110000 -> b0
  Data[8]: 00001111 -> 0f
  Data[9]: 11000000 -> c0
  Data[10]: 11010110 -> d6
  Data[11]: 01111111 -> 7f
  Data[12]: 10101101 -> ad
  Data[13]: 01101111 -> 6f
  Data[14]: 10001011 -> 8b
  Data[15]: 01011100 -> 5c
  Data[16]: 00000110 -> 06
  Data[17]: 10011001 -> 99
  Data[18]: 11001110 -> ce
  Data[19]: 00000111 -> 07
  Data[20]: 01100111 -> 67
  Data[21]: 11010011 -> d3
  Data[22]: 10010100 -> 94

Address #242: 011101
RDWR Bit: 1
Stream Bit: 0
Exchange: 11101000

Address #243: 100100
RDWR Bit: 0
Stream Bit: 0
Exchange: 10100011

Address #244: 000010
RDWR Bit: 1
Stream Bit: 0
Exchange: 01001110

Address #245: 000011
RDWR Bit: 1
Stream Bit: 0
Exchange: 01110111

Address #246: 110000
RDWR Bit: 0
Stream Bit: 0
Exchange: 11010000

Address #247: 100110
RDWR Bit: 1
Stream Bit: 1
Stream Length: 11 (binary: 00001011)
  Data[0]: 01010100 -> 54
  Data[1]: 11111010 -> fa
  Data[2]: 00010001 -> 11
  Data[3]: 10011100 -> 9c
  Data[4]: 10101101 -> ad
  Data[5]: 11010111 -> d7
  Data[6]: 00101001 -> 29
  Data[7]: 10110000 -> b0
  Data[8]: 11110010 -> f2
  Data[9]: 01110111 -> 77
  Data[10]: 11111111 -> ff

Address #254: 000101
RDWR Bit: 0
Stream Bit: 0
Exchange: 10110010

Address #255: 110111
RDWR Bit: 0
Stream Bit: 0
Exchange: 10100100

Address #256: 000100
RDWR Bit: 0
Stream Bit: 0
Exchange: 10000010

Address #257: 110110
RDWR Bit: 1
Stream Bit: 0
Exchange: 00001000

Address #258: 001101
RDWR Bit: 0
Stream Bit: 0
Exchange: 00011000

Address #259: 001011
RDWR Bit: 0
Stream Bit: 0
Exchange: 01001110

Address #260: 110100
RDWR Bit: 1
Stream Bit: 1
Stream Length: 3 (binary: 00000011)
  Data[0]: 11110011 -> f3
  Data[1]: 11001101 -> cd
  Data[2]: 00111100 -> 3c

Address #262: 110010
RDWR Bit: 0
Stream Bit: 1
Stream Length: 20 (binary: 00010100)
  Data[0]: 11111101 -> fd
  Data[1]: 01111111 -> 7f
  Data[2]: 11110100 -> f4
  Data[3]: 01000101 -> 45
  Data[4]: 11100100 -> e4
  Data[5]: 10100011 -> a3
  Data[6]: 01110000 -> 70
  Data[7]: 10011000 -> 98
  Data[8]: 11110110 -> f6
  Data[9]: 01011100 -> 5c
  Data[10]: 10101111 -> af
  Data[11]: 01010010 -> 52
  Data[12]: 10100010 -> a2
  Data[13]: 00001000 -> 08
  Data[14]: 10001000 -> 88
  Data[15]: 10111010 -> ba
  Data[16]: 11101011 -> eb
  Data[17]: 01001111 -> 4f
  Data[18]: 10010110 -> 96
  Data[19]: 00111000 -> 38

Address #273: 011110
RDWR Bit: 1
Stream Bit: 1
Stream Length: 7 (binary: 00000111)
  Data[0]: 11011110 -> de
  Data[1]: 01100110 -> 66
  Data[2]: 00101011 -> 2b
  Data[3]: 01001000 -> 48
  Data[4]: 10011110 -> 9e
  Data[5]: 00101100 -> 2c
  Data[6]: 10011001 -> 99

Address #278: 100101
RDWR Bit: 1
Stream Bit: 1
Stream Length: 19 (binary: 00010011)
  Data[0]: 00010001 -> 11
  Data[1]: 11110011 -> f3
  Data[2]: 00101000 -> 28
  Data[3]: 11011100 -> dc
  Data[4]: 11001001 -> c9
  Data[5]: 00001000 -> 08
  Data[6]: 10001001 -> 89
  Data[7]: 00011100 -> 1c
  Data[8]: 10010001 -> 91
  Data[9]: 01101111 -> 6f
  Data[10]: 01010101 -> 55
  Data[11]: 10100101 -> a5
  Data[12]: 10000011 -> 83
  Data[13]: 01101100 -> 6c
  Data[14]: 10010001 -> 91
  Data[15]: 00001101 -> 0d
  Data[16]: 11101010 -> ea
  Data[17]: 11011101 -> dd
  Data[18]: 00101011 -> 2b
