Read a waves file with 6 signals and 2243 samples...
Input has these signals:
	* sclk (1 bits)
	* mosi (1 bits)
	* miso (1 bits)
	* ss (1 bits)
	* cpol (1 bits)
	* cpha (1 bits)

Address #1: 010000
RDWR Bit: 1
Stream Bit: 0
Exchange: 01000001

Address #2: 010001
RDWR Bit: 1
Stream Bit: 0
Exchange: 10100001

Address #3: 010011
RDWR Bit: 1
Stream Bit: 0
Exchange: 10101000

Address #4: 100111
RDWR Bit: 1
Stream Bit: 0
Exchange: 00011000

Address #5: 110010
RDWR Bit: 0
Stream Bit: 0
Exchange: 00111110

Address #6: 011001
RDWR Bit: 1
Stream Bit: 0
Exchange: 01001100

Address #7: 010111
RDWR Bit: 0
Stream Bit: 0
Exchange: 00111100

Address #8: 010101
RDWR Bit: 0
Stream Bit: 0
Exchange: 00110010

Address #9: 001001
RDWR Bit: 0
Stream Bit: 0
Exchange: 11010111

Address #10: 101000
RDWR Bit: 1
Stream Bit: 0
Exchange: 11001011

Address #11: 000101
RDWR Bit: 0
Stream Bit: 0
Exchange: 00000101

Address #12: 111110
RDWR Bit: 1
Stream Bit: 0
Exchange: 00000001

Address #13: 101111
RDWR Bit: 1
Stream Bit: 0
Exchange: 01110000

Address #14: 011011
RDWR Bit: 1
Stream Bit: 0
Exchange: 01001000

Address #15: 010000
RDWR Bit: 0
Stream Bit: 0
Exchange: 11011101

Address #16: 000110
RDWR Bit: 1
Stream Bit: 0
Exchange: 11011110

Address #17: 110011
RDWR Bit: 0
Stream Bit: 0
Exchange: 11100101

Address #18: 110001
RDWR Bit: 0
Stream Bit: 0
Exchange: 10110001

Address #19: 101001
RDWR Bit: 1
Stream Bit: 0
Exchange: 11100101

Address #20: 001111
RDWR Bit: 0
Stream Bit: 0
Exchange: 01010010

Address #21: 101011
RDWR Bit: 1
Stream Bit: 0
Exchange: 11101000

Address #22: 001100
RDWR Bit: 1
Stream Bit: 0
Exchange: 01101100

Address #23: 101110
RDWR Bit: 0
Stream Bit: 0
Exchange: 11000110

Address #24: 010001
RDWR Bit: 1
Stream Bit: 0
Exchange: 01001010

Address #25: 010010
RDWR Bit: 1
Stream Bit: 0
Exchange: 00100111

Address #26: 010100
RDWR Bit: 0
Stream Bit: 0
Exchange: 11111011

Address #27: 101111
RDWR Bit: 1
Stream Bit: 0
Exchange: 10100111

Address #28: 001100
RDWR Bit: 0
Stream Bit: 0
Exchange: 11000001

Address #29: 111010
RDWR Bit: 1
Stream Bit: 0
Exchange: 00010001

Address #30: 110011
RDWR Bit: 0
Stream Bit: 0
Exchange: 00101101

Address #31: 100110
RDWR Bit: 0
Stream Bit: 0
Exchange: 11101100

Address #32: 111110
RDWR Bit: 0
Stream Bit: 0
Exchange: 11011000

Address #33: 111001
RDWR Bit: 1
Stream Bit: 0
Exchange: 11001001

Address #34: 011000
RDWR Bit: 0
Stream Bit: 0
Exchange: 10011000

Address #35: 111110
RDWR Bit: 1
Stream Bit: 0
Exchange: 01101110

Address #36: 001011
RDWR Bit: 1
Stream Bit: 0
Exchange: 00000111

Address #37: 010100
RDWR Bit: 0
Stream Bit: 0
Exchange: 11010100

Address #38: 001101
RDWR Bit: 0
Stream Bit: 0
Exchange: 00111001

Address #39: 010001
RDWR Bit: 0
Stream Bit: 0
Exchange: 01011111

Address #40: 001000
RDWR Bit: 1
Stream Bit: 0
Exchange: 00001010

Address #41: 110100
RDWR Bit: 0
Stream Bit: 0
Exchange: 01000000

Address #42: 100110
RDWR Bit: 1
Stream Bit: 0
Exchange: 00000010

Address #43: 010010
RDWR Bit: 1
Stream Bit: 0
Exchange: 00111110

Address #44: 100111
RDWR Bit: 1
Stream Bit: 0
Exchange: 01111000

Address #45: 001010
RDWR Bit: 1
Stream Bit: 0
Exchange: 01111111

Address #46: 111000
RDWR Bit: 0
Stream Bit: 0
Exchange: 11011110

Address #47: 000000
RDWR Bit: 0
Stream Bit: 0
Exchange: 11101101

Address #48: 110000
RDWR Bit: 0
Stream Bit: 0
Exchange: 01011110

Address #49: 111001
RDWR Bit: 0
Stream Bit: 0
Exchange: 01011101

Address #50: 110111
RDWR Bit: 1
Stream Bit: 0
Exchange: 00101011

Address #51: 011110
RDWR Bit: 0
Stream Bit: 0
Exchange: 10100100

Address #52: 001011
RDWR Bit: 1
Stream Bit: 0
Exchange: 11010101

Address #53: 110110
RDWR Bit: 0
Stream Bit: 0
Exchange: 01011010

Address #54: 011100
RDWR Bit: 1
Stream Bit: 0
Exchange: 11011101

Address #55: 000011
RDWR Bit: 0
Stream Bit: 0
Exchange: 11011011

Address #56: 110110
RDWR Bit: 0
Stream Bit: 0
Exchange: 01100110

Address #57: 010111
RDWR Bit: 1
Stream Bit: 0
Exchange: 00011011

Address #58: 011110
RDWR Bit: 1
Stream Bit: 0
Exchange: 10101011

Address #59: 101001
RDWR Bit: 1
Stream Bit: 0
Exchange: 10001100

Address #60: 111100
RDWR Bit: 1
Stream Bit: 0
Exchange: 00010011

Address #61: 110110
RDWR Bit: 1
Stream Bit: 0
Exchange: 01101011

Address #62: 010001
RDWR Bit: 0
Stream Bit: 0
Exchange: 10001011

Address #63: 111000
RDWR Bit: 1
Stream Bit: 0
Exchange: 00110101

Address #64: 101100
RDWR Bit: 1
Stream Bit: 0
Exchange: 01110010
