Read a waves file with 6 signals and 5987 samples...
Input has these signals:
	* sclk (1 bits)
	* mosi (1 bits)
	* miso (1 bits)
	* ss (1 bits)
	* cpol (1 bits)
	* cpha (1 bits)

Address #1: 001001
RDWR Bit: 0
Stream Bit: 1
Stream Length: 21 (binary: 00010101)
  Data[0]: 11001000 -> c8
  Data[1]: 01010011 -> 53
  Data[2]: 01000100 -> 44
  Data[3]: 01111011 -> 7b
  Data[4]: 01101000 -> 68
  Data[5]: 00010100 -> 14
  Data[6]: 10000110 -> 86
  Data[7]: 11101001 -> e9
  Data[8]: 11010111 -> d7
  Data[9]: 10100101 -> a5
  Data[10]: 10010100 -> 94
  Data[11]: 11011010 -> da
  Data[12]: 10110001 -> b1
  Data[13]: 00001111 -> 0f
  Data[14]: 00110010 -> 32
  Data[15]: 10000100 -> 84
  Data[16]: 01110010 -> 72
  Data[17]: 01110010 -> 72
  Data[18]: 11010010 -> d2
  Data[19]: 01011000 -> 58
  Data[20]: 11001100 -> cc

Address #12: 001101
RDWR Bit: 0
Stream Bit: 0
Exchange: 11111001

Address #13: 101110
RDWR Bit: 0
Stream Bit: 0
Exchange: 10100010

Address #14: 011000
RDWR Bit: 0
Stream Bit: 0
Exchange: 10011010

Address #15: 100001
RDWR Bit: 1
Stream Bit: 0
Exchange: 11100000

Address #16: 101100
RDWR Bit: 0
Stream Bit: 0
Exchange: 10111101

Address #17: 100100
RDWR Bit: 0
Stream Bit: 0
Exchange: 00001000

Address #18: 010011
RDWR Bit: 1
Stream Bit: 0
Exchange: 11001001

Address #19: 111110
RDWR Bit: 0
Stream Bit: 1
Stream Length: 23 (binary: 00010111)
  Data[0]: 11000010 -> c2
  Data[1]: 00111001 -> 39
  Data[2]: 01100011 -> 63
  Data[3]: 11000100 -> c4
  Data[4]: 01011101 -> 5d
  Data[5]: 00100101 -> 25
  Data[6]: 10110000 -> b0
  Data[7]: 10100001 -> a1
  Data[8]: 10011011 -> 9b
  Data[9]: 10101011 -> ab
  Data[10]: 00110011 -> 33
  Data[11]: 10010001 -> 91
  Data[12]: 00101010 -> 2a
  Data[13]: 11011111 -> df
  Data[14]: 10010000 -> 90
  Data[15]: 00000011 -> 03
  Data[16]: 11100000 -> e0
  Data[17]: 11010011 -> d3
  Data[18]: 11010001 -> d1
  Data[19]: 00110000 -> 30
  Data[20]: 00010111 -> 17
  Data[21]: 11010000 -> d0
  Data[22]: 01011111 -> 5f

Address #32: 100110
RDWR Bit: 1
Stream Bit: 0
Exchange: 11010000

Address #33: 010000
RDWR Bit: 0
Stream Bit: 0
Exchange: 11010001

Address #34: 100001
RDWR Bit: 1
Stream Bit: 0
Exchange: 01011100

Address #35: 001011
RDWR Bit: 1
Stream Bit: 1
Stream Length: 29 (binary: 00011101)
  Data[0]: 01101011 -> 6b
  Data[1]: 10100100 -> a4
  Data[2]: 10111011 -> bb
  Data[3]: 10011100 -> 9c
  Data[4]: 00101010 -> 2a
  Data[5]: 00011101 -> 1d
  Data[6]: 01101001 -> 69
  Data[7]: 00000011 -> 03
  Data[8]: 00011110 -> 1e
  Data[9]: 01110100 -> 74
  Data[10]: 10100101 -> a5
  Data[11]: 11000010 -> c2
  Data[12]: 00011100 -> 1c
  Data[13]: 00011000 -> 18
  Data[14]: 00111101 -> 3d
  Data[15]: 11001000 -> c8
  Data[16]: 10010111 -> 97
  Data[17]: 10010001 -> 91
  Data[18]: 00001010 -> 0a
  Data[19]: 01101100 -> 6c
  Data[20]: 01110100 -> 74
  Data[21]: 10110111 -> b7
  Data[22]: 11101010 -> ea
  Data[23]: 10110111 -> b7
  Data[24]: 00111110 -> 3e
  Data[25]: 00110011 -> 33
  Data[26]: 00111100 -> 3c
  Data[27]: 11010001 -> d1
  Data[28]: 10110000 -> b0

Address #50: 100001
RDWR Bit: 1
Stream Bit: 1
Stream Length: 17 (binary: 00010001)
  Data[0]: 10010100 -> 94
  Data[1]: 00001101 -> 0d
  Data[2]: 01101101 -> 6d
  Data[3]: 01010101 -> 55
  Data[4]: 01010110 -> 56
  Data[5]: 10011011 -> 9b
  Data[6]: 01000111 -> 47
  Data[7]: 00101001 -> 29
  Data[8]: 00000101 -> 05
  Data[9]: 01011101 -> 5d
  Data[10]: 11000001 -> c1
  Data[11]: 10010111 -> 97
  Data[12]: 10101110 -> ae
  Data[13]: 11011110 -> de
  Data[14]: 00001010 -> 0a
  Data[15]: 01110101 -> 75
  Data[16]: 00001010 -> 0a

Address #60: 001011
RDWR Bit: 0
Stream Bit: 0
Exchange: 11000111

Address #61: 100110
RDWR Bit: 1
Stream Bit: 0
Exchange: 00001110

Address #62: 111001
RDWR Bit: 0
Stream Bit: 1
Stream Length: 20 (binary: 00010100)
  Data[0]: 11111100 -> fc
  Data[1]: 00011001 -> 19
  Data[2]: 10010111 -> 97
  Data[3]: 11000110 -> c6
  Data[4]: 01111001 -> 79
  Data[5]: 10010000 -> 90
  Data[6]: 10110010 -> b2
  Data[7]: 11110010 -> f2
  Data[8]: 01110110 -> 76
  Data[9]: 00111001 -> 39
  Data[10]: 01100101 -> 65
  Data[11]: 01111111 -> 7f
  Data[12]: 11011100 -> dc
  Data[13]: 11001111 -> cf
  Data[14]: 10010100 -> 94
  Data[15]: 01100100 -> 64
  Data[16]: 00111101 -> 3d
  Data[17]: 10000000 -> 80
  Data[18]: 11101101 -> ed
  Data[19]: 11100100 -> e4

Address #73: 101011
RDWR Bit: 0
Stream Bit: 0
Exchange: 11010101

Address #74: 011000
RDWR Bit: 0
Stream Bit: 0
Exchange: 00101010

Address #75: 100011
RDWR Bit: 0
Stream Bit: 0
Exchange: 01010000

Address #76: 101101
RDWR Bit: 1
Stream Bit: 1
Stream Length: 8 (binary: 00001000)
  Data[0]: 01101010 -> 6a
  Data[1]: 01100100 -> 64
  Data[2]: 00010011 -> 13
  Data[3]: 01100000 -> 60
  Data[4]: 11010110 -> d6
  Data[5]: 11110101 -> f5
  Data[6]: 01000010 -> 42
  Data[7]: 10001001 -> 89

Address #81: 001111
RDWR Bit: 0
Stream Bit: 0
Exchange: 01000110

Address #82: 101001
RDWR Bit: 1
Stream Bit: 0
Exchange: 11111100

Address #83: 101000
RDWR Bit: 1
Stream Bit: 1
Stream Length: 4 (binary: 00000100)
  Data[0]: 00011010 -> 1a
  Data[1]: 11000011 -> c3
  Data[2]: 11101010 -> ea
  Data[3]: 00100011 -> 23

Address #86: 110100
RDWR Bit: 0
Stream Bit: 0
Exchange: 11011111

Address #87: 000000
RDWR Bit: 1
Stream Bit: 0
Exchange: 01010111

Address #88: 110111
RDWR Bit: 1
Stream Bit: 0
Exchange: 11101010

Address #89: 001000
RDWR Bit: 1
Stream Bit: 1
Stream Length: 23 (binary: 00010111)
  Data[0]: 11101010 -> ea
  Data[1]: 00000100 -> 04
  Data[2]: 10101111 -> af
  Data[3]: 11110001 -> f1
  Data[4]: 10001110 -> 8e
  Data[5]: 01111110 -> 7e
  Data[6]: 10101111 -> af
  Data[7]: 11000010 -> c2
  Data[8]: 11000010 -> c2
  Data[9]: 11100111 -> e7
  Data[10]: 00000001 -> 01
  Data[11]: 11110100 -> f4
  Data[12]: 01000100 -> 44
  Data[13]: 00100001 -> 21
  Data[14]: 11111001 -> f9
  Data[15]: 00000111 -> 07
  Data[16]: 10010000 -> 90
  Data[17]: 11101101 -> ed
  Data[18]: 00110111 -> 37
  Data[19]: 00000001 -> 01
  Data[20]: 11011010 -> da
  Data[21]: 01110011 -> 73
  Data[22]: 11011001 -> d9

Address #101: 100110
RDWR Bit: 1
Stream Bit: 1
Stream Length: 13 (binary: 00001101)
  Data[0]: 01000011 -> 43
  Data[1]: 11101110 -> ee
  Data[2]: 11011101 -> dd
  Data[3]: 10011110 -> 9e
  Data[4]: 10100100 -> a4
  Data[5]: 11110011 -> f3
  Data[6]: 01011001 -> 59
  Data[7]: 01001101 -> 4d
  Data[8]: 00111011 -> 3b
  Data[9]: 11001100 -> cc
  Data[10]: 01100001 -> 61
  Data[11]: 00111010 -> 3a
  Data[12]: 11100011 -> e3

Address #109: 001110
RDWR Bit: 1
Stream Bit: 0
Exchange: 01001110

Address #110: 111110
RDWR Bit: 0
Stream Bit: 0
Exchange: 11001000

Address #111: 111011
RDWR Bit: 1
Stream Bit: 1
Stream Length: 4 (binary: 00000100)
  Data[0]: 11001011 -> cb
  Data[1]: 01001101 -> 4d
  Data[2]: 01111010 -> 7a
  Data[3]: 01111110 -> 7e

Address #114: 110111
RDWR Bit: 0
Stream Bit: 0
Exchange: 01010111

Address #115: 110011
RDWR Bit: 0
Stream Bit: 1
Stream Length: 2 (binary: 00000010)
  Data[0]: 11000000 -> c0
  Data[1]: 00111110 -> 3e

Address #117: 101110
RDWR Bit: 1
Stream Bit: 0
Exchange: 10111011

Address #118: 010101
RDWR Bit: 1
Stream Bit: 1
Stream Length: 22 (binary: 00010110)
  Data[0]: 00000110 -> 06
  Data[1]: 11100000 -> e0
  Data[2]: 11110100 -> f4
  Data[3]: 11000110 -> c6
  Data[4]: 01111000 -> 78
  Data[5]: 11010001 -> d1
  Data[6]: 00100000 -> 20
  Data[7]: 00101011 -> 2b
  Data[8]: 01100100 -> 64
  Data[9]: 10011001 -> 99
  Data[10]: 01011110 -> 5e
  Data[11]: 00111001 -> 39
  Data[12]: 11110011 -> f3
  Data[13]: 11101000 -> e8
  Data[14]: 00100101 -> 25
  Data[15]: 11000000 -> c0
  Data[16]: 10100000 -> a0
  Data[17]: 00100110 -> 26
  Data[18]: 01111010 -> 7a
  Data[19]: 00110010 -> 32
  Data[20]: 10111101 -> bd
  Data[21]: 10011001 -> 99

Address #130: 001111
RDWR Bit: 1
Stream Bit: 0
Exchange: 10110100

Address #131: 110110
RDWR Bit: 0
Stream Bit: 0
Exchange: 11101010

Address #132: 101110
RDWR Bit: 0
Stream Bit: 0
Exchange: 11010101

Address #133: 100010
RDWR Bit: 0
Stream Bit: 1
Stream Length: 10 (binary: 00001010)
  Data[0]: 11011100 -> dc
  Data[1]: 10011101 -> 9d
  Data[2]: 01011010 -> 5a
  Data[3]: 11111001 -> f9
  Data[4]: 11011111 -> df
  Data[5]: 10100111 -> a7
  Data[6]: 11001001 -> c9
  Data[7]: 11100111 -> e7
  Data[8]: 10011000 -> 98
  Data[9]: 01101100 -> 6c

Address #139: 100001
RDWR Bit: 1
Stream Bit: 0
Exchange: 11001110

Address #140: 100110
RDWR Bit: 1
Stream Bit: 0
Exchange: 01000100

Address #141: 010011
RDWR Bit: 0
Stream Bit: 0
Exchange: 01111110

Address #142: 101111
RDWR Bit: 1
Stream Bit: 0
Exchange: 00101100

Address #143: 001100
RDWR Bit: 1
Stream Bit: 0
Exchange: 01010010

Address #144: 110001
RDWR Bit: 1
Stream Bit: 0
Exchange: 10001000

Address #145: 001111
RDWR Bit: 0
Stream Bit: 0
Exchange: 10101101

Address #146: 110111
RDWR Bit: 0
Stream Bit: 0
Exchange: 01000001

Address #147: 001010
RDWR Bit: 0
Stream Bit: 0
Exchange: 10010011

Address #148: 000101
RDWR Bit: 1
Stream Bit: 1
Stream Length: 6 (binary: 00000110)
  Data[0]: 11111000 -> f8
  Data[1]: 00010001 -> 11
  Data[2]: 10101111 -> af
  Data[3]: 01110001 -> 71
  Data[4]: 00101010 -> 2a
  Data[5]: 00100111 -> 27

Address #152: 100101
RDWR Bit: 0
Stream Bit: 0
Exchange: 00011110

Address #153: 011111
RDWR Bit: 0
Stream Bit: 0
Exchange: 00011110

Address #154: 000010
RDWR Bit: 0
Stream Bit: 0
Exchange: 11010011

Address #155: 111100
RDWR Bit: 1
Stream Bit: 0
Exchange: 00111011

Address #156: 111011
RDWR Bit: 1
Stream Bit: 1
Stream Length: 1 (binary: 00000001)
  Data[0]: 01000011 -> 43

Address #157: 011101
RDWR Bit: 0
Stream Bit: 1
Stream Length: 10 (binary: 00001010)
  Data[0]: 11011111 -> df
  Data[1]: 01001000 -> 48
  Data[2]: 11100011 -> e3
  Data[3]: 00101011 -> 2b
  Data[4]: 01001101 -> 4d
  Data[5]: 10011010 -> 9a
  Data[6]: 00011110 -> 1e
  Data[7]: 01101100 -> 6c
  Data[8]: 11111011 -> fb
  Data[9]: 10001111 -> 8f

Address #163: 100111
RDWR Bit: 0
Stream Bit: 0
Exchange: 00110110

Address #164: 111000
RDWR Bit: 0
Stream Bit: 1
Stream Length: 21 (binary: 00010101)
  Data[0]: 01111011 -> 7b
  Data[1]: 01100010 -> 62
  Data[2]: 00111001 -> 39
  Data[3]: 01011111 -> 5f
  Data[4]: 00100000 -> 20
  Data[5]: 10000111 -> 87
  Data[6]: 10111110 -> be
  Data[7]: 10001110 -> 8e
  Data[8]: 00010100 -> 14
  Data[9]: 00101100 -> 2c
  Data[10]: 10101100 -> ac
  Data[11]: 01010011 -> 53
  Data[12]: 00011111 -> 1f
  Data[13]: 01100100 -> 64
  Data[14]: 00100001 -> 21
  Data[15]: 11110111 -> f7
  Data[16]: 00100010 -> 22
  Data[17]: 01110011 -> 73
  Data[18]: 10001011 -> 8b
  Data[19]: 00011110 -> 1e
  Data[20]: 10001001 -> 89

Address #176: 011000
RDWR Bit: 0
Stream Bit: 0
Exchange: 00001000

Address #177: 111000
RDWR Bit: 0
Stream Bit: 0
Exchange: 11101000

Address #178: 001001
RDWR Bit: 1
Stream Bit: 0
Exchange: 11000000

Address #179: 101000
RDWR Bit: 0
Stream Bit: 0
Exchange: 01001101

Address #180: 111011
RDWR Bit: 1
Stream Bit: 0
Exchange: 10101100

Address #181: 011010
RDWR Bit: 0
Stream Bit: 0
Exchange: 00011100
