Read a waves file with 6 signals and 10515 samples...
Input has these signals:
	* sclk (1 bits)
	* mosi (1 bits)
	* miso (1 bits)
	* ss (1 bits)
	* cpol (1 bits)
	* cpha (1 bits)

Address #1: 010101
RDWR Bit: 1
Stream Bit: 1
Stream Length: 7 (binary: 00000111)
  Data[0]: 10101110 -> ae
  Data[1]: 10011110 -> 9e
  Data[2]: 10000011 -> 83
  Data[3]: 00110111 -> 37
  Data[4]: 11000000 -> c0
  Data[5]: 11111110 -> fe
  Data[6]: 10010000 -> 90

Address #5: 000101
RDWR Bit: 1
Stream Bit: 1
Stream Length: 3 (binary: 00000011)
  Data[0]: 11100011 -> e3
  Data[1]: 00010011 -> 13
  Data[2]: 01100001 -> 61

Address #8: 100100
RDWR Bit: 1
Stream Bit: 0
Exchange: 11100110

Address #9: 100001
RDWR Bit: 0
Stream Bit: 0
Exchange: 11111001

Address #10: 110101
RDWR Bit: 1
Stream Bit: 1
Stream Length: 23 (binary: 00010111)
  Data[0]: 01010110 -> 56
  Data[1]: 00110001 -> 31
  Data[2]: 10100000 -> a0
  Data[3]: 11110110 -> f6
  Data[4]: 00110001 -> 31
  Data[5]: 00010011 -> 13
  Data[6]: 01100000 -> 60
  Data[7]: 00001010 -> 0a
  Data[8]: 11010000 -> d0
  Data[9]: 01100010 -> 62
  Data[10]: 01110001 -> 71
  Data[11]: 00100001 -> 21
  Data[12]: 11001110 -> ce
  Data[13]: 00011111 -> 1f
  Data[14]: 00010001 -> 11
  Data[15]: 00100011 -> 23
  Data[16]: 11111010 -> fa
  Data[17]: 11010111 -> d7
  Data[18]: 00000011 -> 03
  Data[19]: 10101100 -> ac
  Data[20]: 01100000 -> 60
  Data[21]: 11001111 -> cf
  Data[22]: 11100011 -> e3

Address #22: 010100
RDWR Bit: 0
Stream Bit: 0
Exchange: 11001100

Address #23: 101011
RDWR Bit: 1
Stream Bit: 1
Stream Length: 15 (binary: 00001111)
  Data[0]: 10001100 -> 8c
  Data[1]: 00001111 -> 0f
  Data[2]: 00111100 -> 3c
  Data[3]: 01001111 -> 4f
  Data[4]: 10001000 -> 88
  Data[5]: 00000100 -> 04
  Data[6]: 11010010 -> d2
  Data[7]: 01100011 -> 63
  Data[8]: 11010011 -> d3
  Data[9]: 11110000 -> f0
  Data[10]: 00100000 -> 20
  Data[11]: 00000000 -> 00
  Data[12]: 10100111 -> a7
  Data[13]: 10101100 -> ac
  Data[14]: 01111010 -> 7a

Address #32: 001111
RDWR Bit: 0
Stream Bit: 1
Stream Length: 23 (binary: 00010111)
  Data[0]: 01010011 -> 53
  Data[1]: 11100010 -> e2
  Data[2]: 01111011 -> 7b
  Data[3]: 11101010 -> ea
  Data[4]: 00111001 -> 39
  Data[5]: 01010001 -> 51
  Data[6]: 00001010 -> 0a
  Data[7]: 01110101 -> 75
  Data[8]: 00101110 -> 2e
  Data[9]: 11111010 -> fa
  Data[10]: 01000010 -> 42
  Data[11]: 01110000 -> 70
  Data[12]: 11011111 -> df
  Data[13]: 00110100 -> 34
  Data[14]: 11110100 -> f4
  Data[15]: 11110101 -> f5
  Data[16]: 01110100 -> 74
  Data[17]: 00111100 -> 3c
  Data[18]: 01000001 -> 41
  Data[19]: 01001000 -> 48
  Data[20]: 11100000 -> e0
  Data[21]: 01001001 -> 49
  Data[22]: 01001110 -> 4e

Address #44: 011111
RDWR Bit: 0
Stream Bit: 1
Stream Length: 25 (binary: 00011001)
  Data[0]: 11111000 -> f8
  Data[1]: 01010110 -> 56
  Data[2]: 01101001 -> 69
  Data[3]: 00110010 -> 32
  Data[4]: 11110101 -> f5
  Data[5]: 11000000 -> c0
  Data[6]: 11111100 -> fc
  Data[7]: 00010000 -> 10
  Data[8]: 01101111 -> 6f
  Data[9]: 01011111 -> 5f
  Data[10]: 01111001 -> 79
  Data[11]: 01100011 -> 63
  Data[12]: 01001011 -> 4b
  Data[13]: 11110111 -> f7
  Data[14]: 01111111 -> 7f
  Data[15]: 11000101 -> c5
  Data[16]: 01010111 -> 57
  Data[17]: 11110011 -> f3
  Data[18]: 11011001 -> d9
  Data[19]: 01001101 -> 4d
  Data[20]: 11000100 -> c4
  Data[21]: 01011001 -> 59
  Data[22]: 10010010 -> 92
  Data[23]: 01111110 -> 7e
  Data[24]: 00011100 -> 1c

Address #58: 000000
RDWR Bit: 0
Stream Bit: 0
Exchange: 11101001

Address #59: 000111
RDWR Bit: 0
Stream Bit: 0
Exchange: 11100111

Address #60: 101111
RDWR Bit: 1
Stream Bit: 1
Stream Length: 18 (binary: 00010010)
  Data[0]: 11010100 -> d4
  Data[1]: 10111111 -> bf
  Data[2]: 01101111 -> 6f
  Data[3]: 01000110 -> 46
  Data[4]: 10011110 -> 9e
  Data[5]: 01110110 -> 76
  Data[6]: 01100000 -> 60
  Data[7]: 00011100 -> 1c
  Data[8]: 10001011 -> 8b
  Data[9]: 11110001 -> f1
  Data[10]: 11000000 -> c0
  Data[11]: 01110111 -> 77
  Data[12]: 11010010 -> d2
  Data[13]: 11100000 -> e0
  Data[14]: 00001101 -> 0d
  Data[15]: 01000110 -> 46
  Data[16]: 01110001 -> 71
  Data[17]: 01001000 -> 48

Address #70: 111001
RDWR Bit: 0
Stream Bit: 1
Stream Length: 31 (binary: 00011111)
  Data[0]: 11101110 -> ee
  Data[1]: 11101100 -> ec
  Data[2]: 01010001 -> 51
  Data[3]: 01000100 -> 44
  Data[4]: 00110001 -> 31
  Data[5]: 01000111 -> 47
  Data[6]: 01000000 -> 40
  Data[7]: 10001011 -> 8b
  Data[8]: 00001100 -> 0c
  Data[9]: 11110011 -> f3
  Data[10]: 01000110 -> 46
  Data[11]: 10101010 -> aa
  Data[12]: 10010100 -> 94
  Data[13]: 01010111 -> 57
  Data[14]: 10100011 -> a3
  Data[15]: 01111110 -> 7e
  Data[16]: 01110011 -> 73
  Data[17]: 11101110 -> ee
  Data[18]: 10000110 -> 86
  Data[19]: 10000010 -> 82
  Data[20]: 00001100 -> 0c
  Data[21]: 01110101 -> 75
  Data[22]: 00101101 -> 2d
  Data[23]: 10100010 -> a2
  Data[24]: 01110000 -> 70
  Data[25]: 00001100 -> 0c
  Data[26]: 11010100 -> d4
  Data[27]: 10111010 -> ba
  Data[28]: 00000111 -> 07
  Data[29]: 10100111 -> a7
  Data[30]: 10001110 -> 8e

Address #86: 010001
RDWR Bit: 1
Stream Bit: 1
Stream Length: 14 (binary: 00001110)
  Data[0]: 10100110 -> a6
  Data[1]: 10001010 -> 8a
  Data[2]: 00100111 -> 27
  Data[3]: 00111000 -> 38
  Data[4]: 10000100 -> 84
  Data[5]: 00101101 -> 2d
  Data[6]: 10010100 -> 94
  Data[7]: 01001000 -> 48
  Data[8]: 10011101 -> 9d
  Data[9]: 00011000 -> 18
  Data[10]: 01110110 -> 76
  Data[11]: 01000011 -> 43
  Data[12]: 10011111 -> 9f
  Data[13]: 00100000 -> 20

Address #94: 001101
RDWR Bit: 1
Stream Bit: 0
Exchange: 00101010

Address #95: 001011
RDWR Bit: 1
Stream Bit: 0
Exchange: 00111111

Address #96: 111000
RDWR Bit: 0
Stream Bit: 0
Exchange: 11011010

Address #97: 000011
RDWR Bit: 0
Stream Bit: 1
Stream Length: 10 (binary: 00001010)
  Data[0]: 11011000 -> d8
  Data[1]: 10010101 -> 95
  Data[2]: 00000011 -> 03
  Data[3]: 01100000 -> 60
  Data[4]: 01011001 -> 59
  Data[5]: 10111000 -> b8
  Data[6]: 00101010 -> 2a
  Data[7]: 10110000 -> b0
  Data[8]: 00010011 -> 13
  Data[9]: 10010011 -> 93

Address #103: 010101
RDWR Bit: 0
Stream Bit: 1
Stream Length: 8 (binary: 00001000)
  Data[0]: 11001010 -> ca
  Data[1]: 00110101 -> 35
  Data[2]: 01010110 -> 56
  Data[3]: 11100100 -> e4
  Data[4]: 11111101 -> fd
  Data[5]: 10010011 -> 93
  Data[6]: 00010110 -> 16
  Data[7]: 00100101 -> 25

Address #108: 001110
RDWR Bit: 0
Stream Bit: 1
Stream Length: 27 (binary: 00011011)
  Data[0]: 01001111 -> 4f
  Data[1]: 00100000 -> 20
  Data[2]: 01100111 -> 67
  Data[3]: 01110111 -> 77
  Data[4]: 11010000 -> d0
  Data[5]: 11010001 -> d1
  Data[6]: 11101101 -> ed
  Data[7]: 01000111 -> 47
  Data[8]: 10010111 -> 97
  Data[9]: 01110011 -> 73
  Data[10]: 11100011 -> e3
  Data[11]: 01101100 -> 6c
  Data[12]: 00000100 -> 04
  Data[13]: 00011110 -> 1e
  Data[14]: 11110011 -> f3
  Data[15]: 00100110 -> 26
  Data[16]: 10001001 -> 89
  Data[17]: 10110000 -> b0
  Data[18]: 10001011 -> 8b
  Data[19]: 01010000 -> 50
  Data[20]: 11010010 -> d2
  Data[21]: 10101001 -> a9
  Data[22]: 01000011 -> 43
  Data[23]: 11111011 -> fb
  Data[24]: 11100111 -> e7
  Data[25]: 10000011 -> 83
  Data[26]: 01011010 -> 5a

Address #123: 101000
RDWR Bit: 0
Stream Bit: 1
Stream Length: 27 (binary: 00011011)
  Data[0]: 00010001 -> 11
  Data[1]: 00110100 -> 34
  Data[2]: 11011010 -> da
  Data[3]: 01101101 -> 6d
  Data[4]: 10011110 -> 9e
  Data[5]: 10001101 -> 8d
  Data[6]: 11011110 -> de
  Data[7]: 11000010 -> c2
  Data[8]: 00001111 -> 0f
  Data[9]: 10111111 -> bf
  Data[10]: 11011101 -> dd
  Data[11]: 01011000 -> 58
  Data[12]: 00111010 -> 3a
  Data[13]: 10000010 -> 82
  Data[14]: 00010011 -> 13
  Data[15]: 01100010 -> 62
  Data[16]: 00001100 -> 0c
  Data[17]: 10111110 -> be
  Data[18]: 00001010 -> 0a
  Data[19]: 10101011 -> ab
  Data[20]: 01010111 -> 57
  Data[21]: 11110010 -> f2
  Data[22]: 01111001 -> 79
  Data[23]: 11000010 -> c2
  Data[24]: 01111110 -> 7e
  Data[25]: 11111111 -> ff
  Data[26]: 01111001 -> 79

Address #137: 000010
RDWR Bit: 1
Stream Bit: 1
Stream Length: 6 (binary: 00000110)
  Data[0]: 10101100 -> ac
  Data[1]: 10001000 -> 88
  Data[2]: 11101010 -> ea
  Data[3]: 01111100 -> 7c
  Data[4]: 00111111 -> 3f
  Data[5]: 10000100 -> 84

Address #141: 010111
RDWR Bit: 0
Stream Bit: 1
Stream Length: 9 (binary: 00001001)
  Data[0]: 00100100 -> 24
  Data[1]: 01001110 -> 4e
  Data[2]: 01100101 -> 65
  Data[3]: 00010111 -> 17
  Data[4]: 00101100 -> 2c
  Data[5]: 11010010 -> d2
  Data[6]: 00010001 -> 11
  Data[7]: 10011100 -> 9c
  Data[8]: 11001101 -> cd

Address #147: 100011
RDWR Bit: 1
Stream Bit: 0
Exchange: 00000010

Address #148: 101011
RDWR Bit: 0
Stream Bit: 0
Exchange: 01010010

Address #149: 111011
RDWR Bit: 1
Stream Bit: 0
Exchange: 01100100

Address #150: 101101
RDWR Bit: 0
Stream Bit: 0
Exchange: 00011101

Address #151: 010101
RDWR Bit: 1
Stream Bit: 0
Exchange: 10111111

Address #152: 110110
RDWR Bit: 1
Stream Bit: 0
Exchange: 01100011

Address #153: 101001
RDWR Bit: 1
Stream Bit: 0
Exchange: 01110100

Address #154: 000001
RDWR Bit: 1
Stream Bit: 0
Exchange: 00010011

Address #155: 010011
RDWR Bit: 1
Stream Bit: 0
Exchange: 10011100

Address #156: 101010
RDWR Bit: 0
Stream Bit: 1
Stream Length: 17 (binary: 00010001)
  Data[0]: 10001010 -> 8a
  Data[1]: 10011110 -> 9e
  Data[2]: 11001011 -> cb
  Data[3]: 11111011 -> fb
  Data[4]: 10101100 -> ac
  Data[5]: 01000110 -> 46
  Data[6]: 11011100 -> dc
  Data[7]: 01100010 -> 62
  Data[8]: 01001000 -> 48
  Data[9]: 00001001 -> 09
  Data[10]: 01111000 -> 78
  Data[11]: 11011001 -> d9
  Data[12]: 10010001 -> 91
  Data[13]: 10101110 -> ae
  Data[14]: 01110101 -> 75
  Data[15]: 00000000 -> 00
  Data[16]: 00111110 -> 3e

Address #165: 001111
RDWR Bit: 1
Stream Bit: 0
Exchange: 10000000

Address #166: 110000
RDWR Bit: 1
Stream Bit: 0
Exchange: 00000000

Address #167: 011000
RDWR Bit: 1
Stream Bit: 1
Stream Length: 10 (binary: 00001010)
  Data[0]: 01010110 -> 56
  Data[1]: 11010011 -> d3
  Data[2]: 11001010 -> ca
  Data[3]: 01001010 -> 4a
  Data[4]: 01000111 -> 47
  Data[5]: 10110010 -> b2
  Data[6]: 11101011 -> eb
  Data[7]: 10011111 -> 9f
  Data[8]: 00111001 -> 39
  Data[9]: 10110001 -> b1

Address #173: 001000
RDWR Bit: 0
Stream Bit: 0
Exchange: 00000100

Address #174: 110101
RDWR Bit: 0
Stream Bit: 1
Stream Length: 12 (binary: 00001100)
  Data[0]: 01010001 -> 51
  Data[1]: 00000001 -> 01
  Data[2]: 11111111 -> ff
  Data[3]: 10111100 -> bc
  Data[4]: 10010110 -> 96
  Data[5]: 00110101 -> 35
  Data[6]: 10110110 -> b6
  Data[7]: 10011011 -> 9b
  Data[8]: 01001000 -> 48
  Data[9]: 11111111 -> ff
  Data[10]: 11000110 -> c6
  Data[11]: 01110110 -> 76

Address #181: 010101
RDWR Bit: 1
Stream Bit: 0
Exchange: 00001100

Address #182: 000101
RDWR Bit: 0
Stream Bit: 1
Stream Length: 5 (binary: 00000101)
  Data[0]: 01001010 -> 4a
  Data[1]: 10110000 -> b0
  Data[2]: 00001100 -> 0c
  Data[3]: 10011011 -> 9b
  Data[4]: 01011011 -> 5b

Address #186: 100011
RDWR Bit: 0
Stream Bit: 1
Stream Length: 25 (binary: 00011001)
  Data[0]: 11000010 -> c2
  Data[1]: 00011001 -> 19
  Data[2]: 10001110 -> 8e
  Data[3]: 01110100 -> 74
  Data[4]: 11011111 -> df
  Data[5]: 11110110 -> f6
  Data[6]: 01000010 -> 42
  Data[7]: 00000010 -> 02
  Data[8]: 10001010 -> 8a
  Data[9]: 00110010 -> 32
  Data[10]: 10011110 -> 9e
  Data[11]: 11010010 -> d2
  Data[12]: 11000011 -> c3
  Data[13]: 10111101 -> bd
  Data[14]: 11110010 -> f2
  Data[15]: 10001010 -> 8a
  Data[16]: 11101100 -> ec
  Data[17]: 11100111 -> e7
  Data[18]: 11011010 -> da
  Data[19]: 01100011 -> 63
  Data[20]: 10100100 -> a4
  Data[21]: 01101000 -> 68
  Data[22]: 01100000 -> 60
  Data[23]: 00100101 -> 25
  Data[24]: 01011100 -> 5c

Address #199: 001010
RDWR Bit: 0
Stream Bit: 1
Stream Length: 7 (binary: 00000111)
  Data[0]: 11100010 -> e2
  Data[1]: 11010100 -> d4
  Data[2]: 11000010 -> c2
  Data[3]: 01111110 -> 7e
  Data[4]: 00011110 -> 1e
  Data[5]: 11101110 -> ee
  Data[6]: 10011110 -> 9e

Address #204: 010101
RDWR Bit: 0
Stream Bit: 1
Stream Length: 24 (binary: 00011000)
  Data[0]: 11000011 -> c3
  Data[1]: 11100000 -> e0
  Data[2]: 01000000 -> 40
  Data[3]: 11100001 -> e1
  Data[4]: 00010101 -> 15
  Data[5]: 01011101 -> 5d
  Data[6]: 01010010 -> 52
  Data[7]: 11010100 -> d4
  Data[8]: 10011010 -> 9a
  Data[9]: 00111110 -> 3e
  Data[10]: 11101110 -> ee
  Data[11]: 11011010 -> da
  Data[12]: 01111000 -> 78
  Data[13]: 11001101 -> cd
  Data[14]: 10100001 -> a1
  Data[15]: 00000101 -> 05
  Data[16]: 11111000 -> f8
  Data[17]: 01110011 -> 73
  Data[18]: 01011001 -> 59
  Data[19]: 00100000 -> 20
  Data[20]: 00010110 -> 16
  Data[21]: 01111000 -> 78
  Data[22]: 01101101 -> 6d
  Data[23]: 00101010 -> 2a

Address #217: 100110
RDWR Bit: 1
Stream Bit: 1
Stream Length: 18 (binary: 00010010)
  Data[0]: 01101110 -> 6e
  Data[1]: 10011010 -> 9a
  Data[2]: 01100000 -> 60
  Data[3]: 11001000 -> c8
  Data[4]: 00110101 -> 35
  Data[5]: 10111001 -> b9
  Data[6]: 11110000 -> f0
  Data[7]: 10010000 -> 90
  Data[8]: 10000000 -> 80
  Data[9]: 11110101 -> f5
  Data[10]: 10111111 -> bf
  Data[11]: 10101001 -> a9
  Data[12]: 10101000 -> a8
  Data[13]: 01011001 -> 59
  Data[14]: 00110111 -> 37
  Data[15]: 11100000 -> e0
  Data[16]: 01100111 -> 67
  Data[17]: 00001000 -> 08

Address #227: 111010
RDWR Bit: 0
Stream Bit: 1
Stream Length: 27 (binary: 00011011)
  Data[0]: 11010011 -> d3
  Data[1]: 11000101 -> c5
  Data[2]: 01100000 -> 60
  Data[3]: 00011001 -> 19
  Data[4]: 10000001 -> 81
  Data[5]: 00101011 -> 2b
  Data[6]: 00110111 -> 37
  Data[7]: 11011110 -> de
  Data[8]: 01111010 -> 7a
  Data[9]: 01101001 -> 69
  Data[10]: 11101001 -> e9
  Data[11]: 10100101 -> a5
  Data[12]: 10001110 -> 8e
  Data[13]: 10110011 -> b3
  Data[14]: 11100010 -> e2
  Data[15]: 00101010 -> 2a
  Data[16]: 11101010 -> ea
  Data[17]: 01000010 -> 42
  Data[18]: 10010011 -> 93
  Data[19]: 11101100 -> ec
  Data[20]: 01000010 -> 42
  Data[21]: 00101011 -> 2b
  Data[22]: 01110101 -> 75
  Data[23]: 11101010 -> ea
  Data[24]: 00010101 -> 15
  Data[25]: 11010100 -> d4
  Data[26]: 11101011 -> eb

Address #241: 111001
RDWR Bit: 0
Stream Bit: 1
Stream Length: 5 (binary: 00000101)
  Data[0]: 11001010 -> ca
  Data[1]: 10011110 -> 9e
  Data[2]: 11000000 -> c0
  Data[3]: 01111100 -> 7c
  Data[4]: 10111111 -> bf

Address #245: 011000
RDWR Bit: 1
Stream Bit: 0
Exchange: 01100000

Address #246: 111111
RDWR Bit: 1
Stream Bit: 1
Stream Length: 13 (binary: 00001101)
  Data[0]: 00010110 -> 16
  Data[1]: 10001001 -> 89
  Data[2]: 11110011 -> f3
  Data[3]: 11010011 -> d3
  Data[4]: 11110001 -> f1
  Data[5]: 00101101 -> 2d
  Data[6]: 00111011 -> 3b
  Data[7]: 00100011 -> 23
  Data[8]: 01001001 -> 49
  Data[9]: 01010001 -> 51
  Data[10]: 10001111 -> 8f
  Data[11]: 00100111 -> 27
  Data[12]: 10100010 -> a2

Address #253: 110100
RDWR Bit: 0
Stream Bit: 1
Stream Length: 13 (binary: 00001101)
  Data[0]: 00011110 -> 1e
  Data[1]: 10101101 -> ad
  Data[2]: 01111110 -> 7e
  Data[3]: 01110011 -> 73
  Data[4]: 11000010 -> c2
  Data[5]: 11101001 -> e9
  Data[6]: 11100000 -> e0
  Data[7]: 01110011 -> 73
  Data[8]: 01000001 -> 41
  Data[9]: 10010101 -> 95
  Data[10]: 10110001 -> b1
  Data[11]: 01101101 -> 6d
  Data[12]: 01110001 -> 71

Address #261: 000110
RDWR Bit: 0
Stream Bit: 1
Stream Length: 7 (binary: 00000111)
  Data[0]: 10010110 -> 96
  Data[1]: 10011011 -> 9b
  Data[2]: 11010101 -> d5
  Data[3]: 11001111 -> cf
  Data[4]: 10101100 -> ac
  Data[5]: 11001010 -> ca
  Data[6]: 10001000 -> 88

Address #265: 010010
RDWR Bit: 1
Stream Bit: 0
Exchange: 00000111

Address #266: 101010
RDWR Bit: 0
Stream Bit: 1
Stream Length: 21 (binary: 00010101)
  Data[0]: 10010011 -> 93
  Data[1]: 11010111 -> d7
  Data[2]: 10011001 -> 99
  Data[3]: 10100011 -> a3
  Data[4]: 10000101 -> 85
  Data[5]: 01001011 -> 4b
  Data[6]: 10010010 -> 92
  Data[7]: 00101011 -> 2b
  Data[8]: 01101011 -> 6b
  Data[9]: 00110000 -> 30
  Data[10]: 01101010 -> 6a
  Data[11]: 00001101 -> 0d
  Data[12]: 11001110 -> ce
  Data[13]: 00111111 -> 3f
  Data[14]: 00010010 -> 12
  Data[15]: 01010010 -> 52
  Data[16]: 10100010 -> a2
  Data[17]: 01111001 -> 79
  Data[18]: 11111111 -> ff
  Data[19]: 10111101 -> bd
  Data[20]: 01110000 -> 70

Address #278: 101110
RDWR Bit: 1
Stream Bit: 1
Stream Length: 13 (binary: 00001101)
  Data[0]: 01010000 -> 50
  Data[1]: 10010001 -> 91
  Data[2]: 10100000 -> a0
  Data[3]: 00000011 -> 03
  Data[4]: 01111001 -> 79
  Data[5]: 01000010 -> 42
  Data[6]: 11000011 -> c3
  Data[7]: 00100010 -> 22
  Data[8]: 10001000 -> 88
  Data[9]: 00110100 -> 34
  Data[10]: 11011011 -> db
  Data[11]: 11001000 -> c8
  Data[12]: 00010100 -> 14

Address #285: 010010
RDWR Bit: 0
Stream Bit: 1
Stream Length: 4 (binary: 00000100)
  Data[0]: 10101000 -> a8
  Data[1]: 11111111 -> ff
  Data[2]: 11011111 -> df
  Data[3]: 01010010 -> 52

Address #288: 011001
RDWR Bit: 1
Stream Bit: 1
Stream Length: 11 (binary: 00001011)
  Data[0]: 11000101 -> c5
  Data[1]: 10000001 -> 81
  Data[2]: 10110000 -> b0
  Data[3]: 00101000 -> 28
  Data[4]: 01101011 -> 6b
  Data[5]: 00110001 -> 31
  Data[6]: 01010101 -> 55
  Data[7]: 01100101 -> 65
  Data[8]: 00001110 -> 0e
  Data[9]: 01011111 -> 5f
  Data[10]: 11101110 -> ee

Address #295: 100100
RDWR Bit: 1
Stream Bit: 0
Exchange: 11110110

Address #296: 100000
RDWR Bit: 1
Stream Bit: 0
Exchange: 11111110

Address #297: 111001
RDWR Bit: 0
Stream Bit: 0
Exchange: 10110000

Address #298: 001101
RDWR Bit: 0
Stream Bit: 1
Stream Length: 13 (binary: 00001101)
  Data[0]: 00001110 -> 0e
  Data[1]: 00011110 -> 1e
  Data[2]: 10011000 -> 98
  Data[3]: 01111001 -> 79
  Data[4]: 00101001 -> 29
  Data[5]: 00000111 -> 07
  Data[6]: 00001100 -> 0c
  Data[7]: 10010010 -> 92
  Data[8]: 01100011 -> 63
  Data[9]: 10110100 -> b4
  Data[10]: 11110000 -> f0
  Data[11]: 01110001 -> 71
  Data[12]: 01000101 -> 45

Address #305: 100001
RDWR Bit: 1
Stream Bit: 0
Exchange: 10000000

Address #306: 001010
RDWR Bit: 0
Stream Bit: 0
Exchange: 10001010

Address #307: 110010
RDWR Bit: 0
Stream Bit: 0
Exchange: 01001011

Address #308: 011000
RDWR Bit: 1
Stream Bit: 1
Stream Length: 26 (binary: 00011010)
  Data[0]: 10011100 -> 9c
  Data[1]: 11100101 -> e5
  Data[2]: 11010010 -> d2
  Data[3]: 00100001 -> 21
  Data[4]: 00101001 -> 29
  Data[5]: 10001010 -> 8a
  Data[6]: 10011011 -> 9b
  Data[7]: 11001110 -> ce
  Data[8]: 01100101 -> 65
  Data[9]: 01001100 -> 4c
  Data[10]: 01101111 -> 6f
  Data[11]: 00110001 -> 31
  Data[12]: 11101101 -> ed
  Data[13]: 11001010 -> ca
  Data[14]: 00001000 -> 08
  Data[15]: 11101010 -> ea
  Data[16]: 00111000 -> 38
  Data[17]: 10000001 -> 81
  Data[18]: 11011110 -> de
  Data[19]: 01101100 -> 6c
  Data[20]: 10000110 -> 86
  Data[21]: 11001010 -> ca
  Data[22]: 10100110 -> a6
  Data[23]: 01111010 -> 7a
  Data[24]: 11000110 -> c6
  Data[25]: 11001001 -> c9

Address #322: 001110
RDWR Bit: 1
Stream Bit: 0
Exchange: 10010000
