read a waves file with 6 signals and 2243 samples
input has these signals:
	* sclk (1 bits)
	* mosi (1 bits)
	* miso (1 bits)
	* ss (1 bits)
	* cpol (1 bits)
	* cpha (1 bits)


1024

000110

0

100011

0

100101

0

000011

0

011000

0

110111

0

111010

0

000110

0

010100

0

010111

0

000111

0

101101

0

101010

0

111110

0

111000

0

011010

0

111010

0

000100

0

010001

0

100100

0

010101

0

001001

0

011000

0

110000

0

010100

0

100110

0

001001

0

100101

0

100000

0

111111

0

100000

0

111110

0

000001

0

100010

0

000111

0

101011

0

001011

0

010001

0

000011

0

001001

0

100000

0

010111

0

101010

0

110100

0

110110

0

101011

0

111110

0

111000

0

111101

0

000011

0

001001

0

111011

0

001011

0

010000

0

110111

0

001111

0

000111

0

101101

0

011010

0

011010

0

101100

0

100111

0

000011

0

100110

0