Read a waves file with 6 signals and 11667 samples...
Input has these signals:
	* sclk (1 bits)
	* mosi (1 bits)
	* miso (1 bits)
	* ss (1 bits)
	* cpol (1 bits)
	* cpha (1 bits)

Address #1: 000001
RDWR Bit: 0
Stream Bit: 1
Stream Length: 7 (binary: 00000111)
  Data[0]: 01100111 -> 67
  Data[1]: 01110111 -> 77
  Data[2]: 10011000 -> 98
  Data[3]: 11000100 -> c4
  Data[4]: 00100110 -> 26
  Data[5]: 10111000 -> b8
  Data[6]: 10011010 -> 9a

Address #5: 010011
RDWR Bit: 0
Stream Bit: 1
Stream Length: 9 (binary: 00001001)
  Data[0]: 11000001 -> c1
  Data[1]: 00101011 -> 2b
  Data[2]: 11000101 -> c5
  Data[3]: 10101110 -> ae
  Data[4]: 00010011 -> 13
  Data[5]: 01110011 -> 73
  Data[6]: 01011001 -> 59
  Data[7]: 11100011 -> e3
  Data[8]: 00011011 -> 1b

Address #11: 100101
RDWR Bit: 0
Stream Bit: 1
Stream Length: 8 (binary: 00001000)
  Data[0]: 10100111 -> a7
  Data[1]: 11100101 -> e5
  Data[2]: 01011100 -> 5c
  Data[3]: 11000010 -> c2
  Data[4]: 00110011 -> 33
  Data[5]: 01010110 -> 56
  Data[6]: 00111001 -> 39
  Data[7]: 11111011 -> fb

Address #16: 011110
RDWR Bit: 0
Stream Bit: 1
Stream Length: 4 (binary: 00000100)
  Data[0]: 11110011 -> f3
  Data[1]: 00100010 -> 22
  Data[2]: 01100111 -> 67
  Data[3]: 00000110 -> 06

Address #19: 110100
RDWR Bit: 1
Stream Bit: 0
Exchange: 01010011

Address #20: 000111
RDWR Bit: 1
Stream Bit: 0
Exchange: 10111010

Address #21: 111010
RDWR Bit: 0
Stream Bit: 1
Stream Length: 17 (binary: 00010001)
  Data[0]: 11111101 -> fd
  Data[1]: 11100100 -> e4
  Data[2]: 11111010 -> fa
  Data[3]: 01111101 -> 7d
  Data[4]: 01101001 -> 69
  Data[5]: 11110011 -> f3
  Data[6]: 01001011 -> 4b
  Data[7]: 11010010 -> d2
  Data[8]: 00100011 -> 23
  Data[9]: 11101011 -> eb
  Data[10]: 00001111 -> 0f
  Data[11]: 01101101 -> 6d
  Data[12]: 11001001 -> c9
  Data[13]: 01000001 -> 41
  Data[14]: 11111110 -> fe
  Data[15]: 11100011 -> e3
  Data[16]: 11001000 -> c8

Address #30: 101000
RDWR Bit: 1
Stream Bit: 1
Stream Length: 10 (binary: 00001010)
  Data[0]: 00100001 -> 21
  Data[1]: 11110011 -> f3
  Data[2]: 10011010 -> 9a
  Data[3]: 01110001 -> 71
  Data[4]: 01010001 -> 51
  Data[5]: 11000101 -> c5
  Data[6]: 01010111 -> 57
  Data[7]: 00010100 -> 14
  Data[8]: 10100100 -> a4
  Data[9]: 10101111 -> af

Address #36: 111010
RDWR Bit: 1
Stream Bit: 1
Stream Length: 3 (binary: 00000011)
  Data[0]: 00111110 -> 3e
  Data[1]: 10000101 -> 85
  Data[2]: 10100100 -> a4

Address #39: 100101
RDWR Bit: 1
Stream Bit: 0
Exchange: 00111101

Address #40: 110011
RDWR Bit: 1
Stream Bit: 0
Exchange: 01001101

Address #41: 101111
RDWR Bit: 0
Stream Bit: 0
Exchange: 10000010

Address #42: 010110
RDWR Bit: 1
Stream Bit: 1
Stream Length: 28 (binary: 00011100)
  Data[0]: 11111010 -> fa
  Data[1]: 00110110 -> 36
  Data[2]: 01000100 -> 44
  Data[3]: 01011111 -> 5f
  Data[4]: 11100101 -> e5
  Data[5]: 10100100 -> a4
  Data[6]: 11111000 -> f8
  Data[7]: 11001111 -> cf
  Data[8]: 11111011 -> fb
  Data[9]: 00000001 -> 01
  Data[10]: 11011011 -> db
  Data[11]: 10100110 -> a6
  Data[12]: 01101011 -> 6b
  Data[13]: 01010110 -> 56
  Data[14]: 11000100 -> c4
  Data[15]: 11011100 -> dc
  Data[16]: 11110111 -> f7
  Data[17]: 11110010 -> f2
  Data[18]: 01011100 -> 5c
  Data[19]: 01101111 -> 6f
  Data[20]: 01101111 -> 6f
  Data[21]: 10001100 -> 8c
  Data[22]: 00111110 -> 3e
  Data[23]: 01011111 -> 5f
  Data[24]: 01111111 -> 7f
  Data[25]: 01000100 -> 44
  Data[26]: 00001111 -> 0f
  Data[27]: 10100011 -> a3

Address #57: 100010
RDWR Bit: 0
Stream Bit: 1
Stream Length: 28 (binary: 00011100)
  Data[0]: 10100000 -> a0
  Data[1]: 00101100 -> 2c
  Data[2]: 11000010 -> c2
  Data[3]: 10001110 -> 8e
  Data[4]: 11100100 -> e4
  Data[5]: 10111011 -> bb
  Data[6]: 01110101 -> 75
  Data[7]: 01101101 -> 6d
  Data[8]: 01101000 -> 68
  Data[9]: 10100100 -> a4
  Data[10]: 10001001 -> 89
  Data[11]: 10110000 -> b0
  Data[12]: 00101100 -> 2c
  Data[13]: 01110001 -> 71
  Data[14]: 00010111 -> 17
  Data[15]: 10101110 -> ae
  Data[16]: 00010110 -> 16
  Data[17]: 11100000 -> e0
  Data[18]: 10110101 -> b5
  Data[19]: 10001100 -> 8c
  Data[20]: 00000101 -> 05
  Data[21]: 00001001 -> 09
  Data[22]: 00011000 -> 18
  Data[23]: 11111100 -> fc
  Data[24]: 01101010 -> 6a
  Data[25]: 10011000 -> 98
  Data[26]: 01110111 -> 77
  Data[27]: 10101001 -> a9

Address #72: 110010
RDWR Bit: 1
Stream Bit: 1
Stream Length: 1 (binary: 00000001)
  Data[0]: 00001110 -> 0e

Address #73: 010001
RDWR Bit: 0
Stream Bit: 1
Stream Length: 23 (binary: 00010111)
  Data[0]: 11000100 -> c4
  Data[1]: 01011111 -> 5f
  Data[2]: 11011110 -> de
  Data[3]: 11010100 -> d4
  Data[4]: 11100010 -> e2
  Data[5]: 10110000 -> b0
  Data[6]: 01110101 -> 75
  Data[7]: 11101111 -> ef
  Data[8]: 11110001 -> f1
  Data[9]: 11011110 -> de
  Data[10]: 01111011 -> 7b
  Data[11]: 11111100 -> fc
  Data[12]: 00000011 -> 03
  Data[13]: 11110101 -> f5
  Data[14]: 01111000 -> 78
  Data[15]: 00100100 -> 24
  Data[16]: 01001001 -> 49
  Data[17]: 11110001 -> f1
  Data[18]: 00101011 -> 2b
  Data[19]: 01000101 -> 45
  Data[20]: 01110010 -> 72
  Data[21]: 01000000 -> 40
  Data[22]: 01110010 -> 72

Address #86: 101001
RDWR Bit: 0
Stream Bit: 0
Exchange: 01001100

Address #87: 010010
RDWR Bit: 1
Stream Bit: 1
Stream Length: 8 (binary: 00001000)
  Data[0]: 10100011 -> a3
  Data[1]: 01111011 -> 7b
  Data[2]: 00010101 -> 15
  Data[3]: 10011010 -> 9a
  Data[4]: 01110010 -> 72
  Data[5]: 01001101 -> 4d
  Data[6]: 11010000 -> d0
  Data[7]: 01001100 -> 4c

Address #92: 101001
RDWR Bit: 1
Stream Bit: 1
Stream Length: 4 (binary: 00000100)
  Data[0]: 00011001 -> 19
  Data[1]: 10001101 -> 8d
  Data[2]: 00001010 -> 0a
  Data[3]: 11100011 -> e3

Address #95: 001101
RDWR Bit: 1
Stream Bit: 1
Stream Length: 19 (binary: 00010011)
  Data[0]: 11110100 -> f4
  Data[1]: 11001010 -> ca
  Data[2]: 00110101 -> 35
  Data[3]: 00101011 -> 2b
  Data[4]: 01000001 -> 41
  Data[5]: 11010101 -> d5
  Data[6]: 11001001 -> c9
  Data[7]: 10100100 -> a4
  Data[8]: 11110010 -> f2
  Data[9]: 10101000 -> a8
  Data[10]: 10001111 -> 8f
  Data[11]: 11101111 -> ef
  Data[12]: 01011110 -> 5e
  Data[13]: 01111110 -> 7e
  Data[14]: 01001100 -> 4c
  Data[15]: 11110111 -> f7
  Data[16]: 10100101 -> a5
  Data[17]: 10001110 -> 8e
  Data[18]: 01111010 -> 7a

Address #105: 111101
RDWR Bit: 0
Stream Bit: 1
Stream Length: 14 (binary: 00001110)
  Data[0]: 11001100 -> cc
  Data[1]: 10101110 -> ae
  Data[2]: 01111110 -> 7e
  Data[3]: 01010011 -> 53
  Data[4]: 01010001 -> 51
  Data[5]: 01111000 -> 78
  Data[6]: 00011101 -> 1d
  Data[7]: 10101101 -> ad
  Data[8]: 01111111 -> 7f
  Data[9]: 10000000 -> 80
  Data[10]: 11000010 -> c2
  Data[11]: 00100001 -> 21
  Data[12]: 01010110 -> 56
  Data[13]: 11111110 -> fe

Address #113: 100110
RDWR Bit: 0
Stream Bit: 1
Stream Length: 2 (binary: 00000010)
  Data[0]: 01010111 -> 57
  Data[1]: 10111010 -> ba

Address #115: 010111
RDWR Bit: 1
Stream Bit: 1
Stream Length: 27 (binary: 00011011)
  Data[0]: 10001101 -> 8d
  Data[1]: 10010110 -> 96
  Data[2]: 10001111 -> 8f
  Data[3]: 00110001 -> 31
  Data[4]: 11110000 -> f0
  Data[5]: 11101101 -> ed
  Data[6]: 11010100 -> d4
  Data[7]: 01000111 -> 47
  Data[8]: 10111011 -> bb
  Data[9]: 10111111 -> bf
  Data[10]: 00000001 -> 01
  Data[11]: 01100011 -> 63
  Data[12]: 00111000 -> 38
  Data[13]: 11010101 -> d5
  Data[14]: 01000001 -> 41
  Data[15]: 10000011 -> 83
  Data[16]: 10011111 -> 9f
  Data[17]: 10001101 -> 8d
  Data[18]: 11100010 -> e2
  Data[19]: 01101110 -> 6e
  Data[20]: 00011111 -> 1f
  Data[21]: 11011101 -> dd
  Data[22]: 10011110 -> 9e
  Data[23]: 00010101 -> 15
  Data[24]: 11010100 -> d4
  Data[25]: 00010100 -> 14
  Data[26]: 11100110 -> e6

Address #130: 000111
RDWR Bit: 0
Stream Bit: 1
Stream Length: 20 (binary: 00010100)
  Data[0]: 01101001 -> 69
  Data[1]: 11011010 -> da
  Data[2]: 11111110 -> fe
  Data[3]: 00011101 -> 1d
  Data[4]: 00000001 -> 01
  Data[5]: 01101110 -> 6e
  Data[6]: 01101001 -> 69
  Data[7]: 00000011 -> 03
  Data[8]: 00010101 -> 15
  Data[9]: 10110001 -> b1
  Data[10]: 11101001 -> e9
  Data[11]: 00000101 -> 05
  Data[12]: 11100101 -> e5
  Data[13]: 11100111 -> e7
  Data[14]: 11101011 -> eb
  Data[15]: 01111011 -> 7b
  Data[16]: 10001100 -> 8c
  Data[17]: 11011010 -> da
  Data[18]: 01111110 -> 7e
  Data[19]: 11001000 -> c8

Address #141: 100010
RDWR Bit: 0
Stream Bit: 0
Exchange: 10111101

Address #142: 111101
RDWR Bit: 1
Stream Bit: 1
Stream Length: 13 (binary: 00001101)
  Data[0]: 00000001 -> 01
  Data[1]: 01111000 -> 78
  Data[2]: 00110111 -> 37
  Data[3]: 11011111 -> df
  Data[4]: 01000110 -> 46
  Data[5]: 10010111 -> 97
  Data[6]: 00111111 -> 3f
  Data[7]: 10010100 -> 94
  Data[8]: 00011100 -> 1c
  Data[9]: 11001110 -> ce
  Data[10]: 01111001 -> 79
  Data[11]: 00111011 -> 3b
  Data[12]: 00011001 -> 19

Address #149: 101111
RDWR Bit: 1
Stream Bit: 0
Exchange: 10000000

Address #150: 111011
RDWR Bit: 1
Stream Bit: 0
Exchange: 00010010

Address #151: 110100
RDWR Bit: 0
Stream Bit: 1
Stream Length: 15 (binary: 00001111)
  Data[0]: 11110101 -> f5
  Data[1]: 00100000 -> 20
  Data[2]: 00001110 -> 0e
  Data[3]: 00101110 -> 2e
  Data[4]: 11100011 -> e3
  Data[5]: 10001111 -> 8f
  Data[6]: 10111111 -> bf
  Data[7]: 01000110 -> 46
  Data[8]: 00010010 -> 12
  Data[9]: 10001000 -> 88
  Data[10]: 00100111 -> 27
  Data[11]: 11000011 -> c3
  Data[12]: 00011111 -> 1f
  Data[13]: 01101111 -> 6f
  Data[14]: 01011011 -> 5b

Address #160: 100011
RDWR Bit: 0
Stream Bit: 0
Exchange: 00111101

Address #161: 000011
RDWR Bit: 0
Stream Bit: 1
Stream Length: 30 (binary: 00011110)
  Data[0]: 01111011 -> 7b
  Data[1]: 01001011 -> 4b
  Data[2]: 10000011 -> 83
  Data[3]: 10100010 -> a2
  Data[4]: 01000001 -> 41
  Data[5]: 01110111 -> 77
  Data[6]: 00101110 -> 2e
  Data[7]: 11101100 -> ec
  Data[8]: 00010111 -> 17
  Data[9]: 00100010 -> 22
  Data[10]: 01111000 -> 78
  Data[11]: 10011000 -> 98
  Data[12]: 11110011 -> f3
  Data[13]: 10011110 -> 9e
  Data[14]: 10101001 -> a9
  Data[15]: 00101001 -> 29
  Data[16]: 10000001 -> 81
  Data[17]: 10011111 -> 9f
  Data[18]: 10111001 -> b9
  Data[19]: 00000001 -> 01
  Data[20]: 00110001 -> 31
  Data[21]: 00111000 -> 38
  Data[22]: 11001101 -> cd
  Data[23]: 00011110 -> 1e
  Data[24]: 11110000 -> f0
  Data[25]: 01110110 -> 76
  Data[26]: 00100100 -> 24
  Data[27]: 10010011 -> 93
  Data[28]: 11110110 -> f6
  Data[29]: 10110111 -> b7

Address #177: 110010
RDWR Bit: 0
Stream Bit: 0
Exchange: 11010101

Address #178: 001000
RDWR Bit: 0
Stream Bit: 0
Exchange: 01011110

Address #179: 011110
RDWR Bit: 0
Stream Bit: 1
Stream Length: 1 (binary: 00000001)
  Data[0]: 00111110 -> 3e

Address #180: 101011
RDWR Bit: 0
Stream Bit: 0
Exchange: 10001011

Address #181: 101110
RDWR Bit: 1
Stream Bit: 1
Stream Length: 16 (binary: 00010000)
  Data[0]: 00110110 -> 36
  Data[1]: 10100000 -> a0
  Data[2]: 00001001 -> 09
  Data[3]: 10111010 -> ba
  Data[4]: 10000011 -> 83
  Data[5]: 11101111 -> ef
  Data[6]: 11010011 -> d3
  Data[7]: 10110001 -> b1
  Data[8]: 01111010 -> 7a
  Data[9]: 00001111 -> 0f
  Data[10]: 11010000 -> d0
  Data[11]: 10111110 -> be
  Data[12]: 00100000 -> 20
  Data[13]: 10101010 -> aa
  Data[14]: 11010110 -> d6
  Data[15]: 00111110 -> 3e

Address #190: 001011
RDWR Bit: 1
Stream Bit: 1
Stream Length: 26 (binary: 00011010)
  Data[0]: 00011101 -> 1d
  Data[1]: 00100000 -> 20
  Data[2]: 00100000 -> 20
  Data[3]: 10101000 -> a8
  Data[4]: 10101001 -> a9
  Data[5]: 01001100 -> 4c
  Data[6]: 00011100 -> 1c
  Data[7]: 10011101 -> 9d
  Data[8]: 11110011 -> f3
  Data[9]: 11000110 -> c6
  Data[10]: 10001010 -> 8a
  Data[11]: 10000000 -> 80
  Data[12]: 10001010 -> 8a
  Data[13]: 11111101 -> fd
  Data[14]: 11000101 -> c5
  Data[15]: 10111000 -> b8
  Data[16]: 01010010 -> 52
  Data[17]: 10011001 -> 99
  Data[18]: 00111001 -> 39
  Data[19]: 00001011 -> 0b
  Data[20]: 01101001 -> 69
  Data[21]: 10100001 -> a1
  Data[22]: 01011111 -> 5f
  Data[23]: 00011110 -> 1e
  Data[24]: 00001101 -> 0d
  Data[25]: 11011111 -> df

Address #204: 101110
RDWR Bit: 0
Stream Bit: 1
Stream Length: 27 (binary: 00011011)
  Data[0]: 01010111 -> 57
  Data[1]: 11111100 -> fc
  Data[2]: 11110100 -> f4
  Data[3]: 10101010 -> aa
  Data[4]: 10111111 -> bf
  Data[5]: 10111110 -> be
  Data[6]: 11010101 -> d5
  Data[7]: 11101011 -> eb
  Data[8]: 00011010 -> 1a
  Data[9]: 00111000 -> 38
  Data[10]: 10110111 -> b7
  Data[11]: 10110000 -> b0
  Data[12]: 10011000 -> 98
  Data[13]: 10010001 -> 91
  Data[14]: 00101110 -> 2e
  Data[15]: 11000011 -> c3
  Data[16]: 01100111 -> 67
  Data[17]: 11011010 -> da
  Data[18]: 11011111 -> df
  Data[19]: 11101010 -> ea
  Data[20]: 10100000 -> a0
  Data[21]: 10001101 -> 8d
  Data[22]: 01000010 -> 42
  Data[23]: 01011111 -> 5f
  Data[24]: 00011011 -> 1b
  Data[25]: 00011011 -> 1b
  Data[26]: 10011111 -> 9f

Address #219: 100101
RDWR Bit: 0
Stream Bit: 0
Exchange: 00001110

Address #220: 000011
RDWR Bit: 1
Stream Bit: 0
Exchange: 01100000

Address #221: 111110
RDWR Bit: 0
Stream Bit: 1
Stream Length: 12 (binary: 00001100)
  Data[0]: 00001000 -> 08
  Data[1]: 00111010 -> 3a
  Data[2]: 10010101 -> 95
  Data[3]: 10010100 -> 94
  Data[4]: 11011000 -> d8
  Data[5]: 10100001 -> a1
  Data[6]: 00101001 -> 29
  Data[7]: 01011001 -> 59
  Data[8]: 00110010 -> 32
  Data[9]: 10110111 -> b7
  Data[10]: 01110000 -> 70
  Data[11]: 01101100 -> 6c

Address #228: 111111
RDWR Bit: 1
Stream Bit: 1
Stream Length: 18 (binary: 00010010)
  Data[0]: 00000010 -> 02
  Data[1]: 11111011 -> fb
  Data[2]: 00100110 -> 26
  Data[3]: 11101010 -> ea
  Data[4]: 01000101 -> 45
  Data[5]: 01111010 -> 7a
  Data[6]: 11110011 -> f3
  Data[7]: 10011100 -> 9c
  Data[8]: 10000110 -> 86
  Data[9]: 10100011 -> a3
  Data[10]: 00011110 -> 1e
  Data[11]: 01110000 -> 70
  Data[12]: 01011001 -> 59
  Data[13]: 10101110 -> ae
  Data[14]: 11101101 -> ed
  Data[15]: 01010111 -> 57
  Data[16]: 11100100 -> e4
  Data[17]: 11000010 -> c2

Address #238: 100010
RDWR Bit: 1
Stream Bit: 0
Exchange: 10010111

Address #239: 110011
RDWR Bit: 1
Stream Bit: 1
Stream Length: 2 (binary: 00000010)
  Data[0]: 01100000 -> 60
  Data[1]: 00111100 -> 3c

Address #241: 011100
RDWR Bit: 0
Stream Bit: 1
Stream Length: 21 (binary: 00010101)
  Data[0]: 01010111 -> 57
  Data[1]: 11100100 -> e4
  Data[2]: 11111100 -> fc
  Data[3]: 00001011 -> 0b
  Data[4]: 11111001 -> f9
  Data[5]: 11101000 -> e8
  Data[6]: 00100110 -> 26
  Data[7]: 11011000 -> d8
  Data[8]: 01101111 -> 6f
  Data[9]: 00100111 -> 27
  Data[10]: 11110110 -> f6
  Data[11]: 01100111 -> 67
  Data[12]: 11110011 -> f3
  Data[13]: 01110110 -> 76
  Data[14]: 01001111 -> 4f
  Data[15]: 10100011 -> a3
  Data[16]: 01010100 -> 54
  Data[17]: 00110100 -> 34
  Data[18]: 10000001 -> 81
  Data[19]: 10100000 -> a0
  Data[20]: 00110110 -> 36

Address #252: 010110
RDWR Bit: 0
Stream Bit: 1
Stream Length: 13 (binary: 00001101)
  Data[0]: 11100111 -> e7
  Data[1]: 00011101 -> 1d
  Data[2]: 00100101 -> 25
  Data[3]: 00111000 -> 38
  Data[4]: 00101100 -> 2c
  Data[5]: 00110000 -> 30
  Data[6]: 11010111 -> d7
  Data[7]: 10010110 -> 96
  Data[8]: 11110000 -> f0
  Data[9]: 10001111 -> 8f
  Data[10]: 01001001 -> 49
  Data[11]: 00010100 -> 14
  Data[12]: 11001000 -> c8

Address #260: 101111
RDWR Bit: 0
Stream Bit: 1
Stream Length: 3 (binary: 00000011)
  Data[0]: 01000111 -> 47
  Data[1]: 01000010 -> 42
  Data[2]: 10111001 -> b9

Address #262: 110110
RDWR Bit: 0
Stream Bit: 1
Stream Length: 21 (binary: 00010101)
  Data[0]: 11010110 -> d6
  Data[1]: 01101010 -> 6a
  Data[2]: 10101110 -> ae
  Data[3]: 10111100 -> bc
  Data[4]: 00010000 -> 10
  Data[5]: 11100000 -> e0
  Data[6]: 11110001 -> f1
  Data[7]: 00001011 -> 0b
  Data[8]: 01111110 -> 7e
  Data[9]: 11011110 -> de
  Data[10]: 10010110 -> 96
  Data[11]: 11000000 -> c0
  Data[12]: 11001011 -> cb
  Data[13]: 10000011 -> 83
  Data[14]: 11011010 -> da
  Data[15]: 01010101 -> 55
  Data[16]: 10110001 -> b1
  Data[17]: 01000000 -> 40
  Data[18]: 01110101 -> 75
  Data[19]: 00010001 -> 11
  Data[20]: 11110000 -> f0

Address #274: 110001
RDWR Bit: 1
Stream Bit: 0
Exchange: 01110110

Address #275: 000110
RDWR Bit: 0
Stream Bit: 1
Stream Length: 31 (binary: 00011111)
  Data[0]: 01110100 -> 74
  Data[1]: 11010100 -> d4
  Data[2]: 00011101 -> 1d
  Data[3]: 01100100 -> 64
  Data[4]: 11011011 -> db
  Data[5]: 00111110 -> 3e
  Data[6]: 00101110 -> 2e
  Data[7]: 01000101 -> 45
  Data[8]: 11111100 -> fc
  Data[9]: 00100001 -> 21
  Data[10]: 11010010 -> d2
  Data[11]: 11000110 -> c6
  Data[12]: 11101011 -> eb
  Data[13]: 01000101 -> 45
  Data[14]: 11110101 -> f5
  Data[15]: 01100101 -> 65
  Data[16]: 11011000 -> d8
  Data[17]: 10101101 -> ad
  Data[18]: 01110001 -> 71
  Data[19]: 11001000 -> c8
  Data[20]: 11111101 -> fd
  Data[21]: 01011001 -> 59
  Data[22]: 10001001 -> 89
  Data[23]: 10010110 -> 96
  Data[24]: 01011000 -> 58
  Data[25]: 11010111 -> d7
  Data[26]: 10010011 -> 93
  Data[27]: 11101001 -> e9
  Data[28]: 00110101 -> 35
  Data[29]: 01111010 -> 7a
  Data[30]: 00110100 -> 34

Address #291: 010101
RDWR Bit: 0
Stream Bit: 0
Exchange: 01101100

Address #292: 111011
RDWR Bit: 0
Stream Bit: 1
Stream Length: 20 (binary: 00010100)
  Data[0]: 01001101 -> 4d
  Data[1]: 10100010 -> a2
  Data[2]: 01111010 -> 7a
  Data[3]: 00101011 -> 2b
  Data[4]: 11101001 -> e9
  Data[5]: 11110110 -> f6
  Data[6]: 01100001 -> 61
  Data[7]: 00010110 -> 16
  Data[8]: 10011010 -> 9a
  Data[9]: 01011011 -> 5b
  Data[10]: 10010001 -> 91
  Data[11]: 00010001 -> 11
  Data[12]: 00011111 -> 1f
  Data[13]: 11001110 -> ce
  Data[14]: 11100000 -> e0
  Data[15]: 11101011 -> eb
  Data[16]: 01110000 -> 70
  Data[17]: 00011001 -> 19
  Data[18]: 00101100 -> 2c
  Data[19]: 11101100 -> ec

Address #303: 110100
RDWR Bit: 1
Stream Bit: 1
Stream Length: 25 (binary: 00011001)
  Data[0]: 10000111 -> 87
  Data[1]: 00011010 -> 1a
  Data[2]: 10110011 -> b3
  Data[3]: 01100100 -> 64
  Data[4]: 00000000 -> 00
  Data[5]: 01011110 -> 5e
  Data[6]: 00001100 -> 0c
  Data[7]: 11001110 -> ce
  Data[8]: 11111011 -> fb
  Data[9]: 11001000 -> c8
  Data[10]: 11111000 -> f8
  Data[11]: 01111111 -> 7f
  Data[12]: 01010100 -> 54
  Data[13]: 01100100 -> 64
  Data[14]: 10101001 -> a9
  Data[15]: 11100111 -> e7
  Data[16]: 10011000 -> 98
  Data[17]: 11011101 -> dd
  Data[18]: 01001010 -> 4a
  Data[19]: 01110111 -> 77
  Data[20]: 01111100 -> 7c
  Data[21]: 11111101 -> fd
  Data[22]: 01100010 -> 62
  Data[23]: 10011100 -> 9c
  Data[24]: 00101100 -> 2c

Address #317: 001100
RDWR Bit: 1
Stream Bit: 1
Stream Length: 5 (binary: 00000101)
  Data[0]: 10011011 -> 9b
  Data[1]: 00001101 -> 0d
  Data[2]: 11010010 -> d2
  Data[3]: 10000010 -> 82
  Data[4]: 11001111 -> cf

Address #320: 000010
RDWR Bit: 0
Stream Bit: 1
Stream Length: 29 (binary: 00011101)
  Data[0]: 11011011 -> db
  Data[1]: 10010010 -> 92
  Data[2]: 00111011 -> 3b
  Data[3]: 10011111 -> 9f
  Data[4]: 00111110 -> 3e
  Data[5]: 11011000 -> d8
  Data[6]: 00111011 -> 3b
  Data[7]: 11101000 -> e8
  Data[8]: 11101111 -> ef
  Data[9]: 10000110 -> 86
  Data[10]: 00000101 -> 05
  Data[11]: 10111000 -> b8
  Data[12]: 01100110 -> 66
  Data[13]: 11010110 -> d6
  Data[14]: 10110110 -> b6
  Data[15]: 10100100 -> a4
  Data[16]: 10000101 -> 85
  Data[17]: 01010000 -> 50
  Data[18]: 01110010 -> 72
  Data[19]: 11001010 -> ca
  Data[20]: 10010110 -> 96
  Data[21]: 11011000 -> d8
  Data[22]: 11101101 -> ed
  Data[23]: 01011010 -> 5a
  Data[24]: 10000010 -> 82
  Data[25]: 10111111 -> bf
  Data[26]: 00010111 -> 17
  Data[27]: 00011111 -> 1f
  Data[28]: 10001010 -> 8a

Address #336: 110110
RDWR Bit: 1
Stream Bit: 0
Exchange: 10001100

Address #337: 110110
RDWR Bit: 1
Stream Bit: 0
Exchange: 00011011

Address #338: 011100
RDWR Bit: 1
Stream Bit: 0
Exchange: 00010011

Address #339: 010100
RDWR Bit: 0
Stream Bit: 0
Exchange: 11101110

Address #340: 110001
RDWR Bit: 1
Stream Bit: 0
Exchange: 10011110

Address #341: 101101
RDWR Bit: 1
Stream Bit: 1
Stream Length: 2 (binary: 00000010)
  Data[0]: 11010011 -> d3
  Data[1]: 00001000 -> 08

Address #343: 110001
RDWR Bit: 1
Stream Bit: 0
Exchange: 11010110

Address #344: 001001
RDWR Bit: 1
Stream Bit: 1
Stream Length: 7 (binary: 00000111)
  Data[0]: 10110100 -> b4
  Data[1]: 00000100 -> 04
  Data[2]: 01001010 -> 4a
  Data[3]: 01000100 -> 44
  Data[4]: 11011110 -> de
  Data[5]: 10100101 -> a5
  Data[6]: 10101100 -> ac

Address #348: 000001
RDWR Bit: 1
Stream Bit: 1
Stream Length: 20 (binary: 00010100)
  Data[0]: 11100011 -> e3
  Data[1]: 00010101 -> 15
  Data[2]: 01010010 -> 52
  Data[3]: 00001101 -> 0d
  Data[4]: 00101010 -> 2a
  Data[5]: 00001111 -> 0f
  Data[6]: 01011001 -> 59
  Data[7]: 10011100 -> 9c
  Data[8]: 00001110 -> 0e
  Data[9]: 01110101 -> 75
  Data[10]: 11000010 -> c2
  Data[11]: 01110010 -> 72
  Data[12]: 10001101 -> 8d
  Data[13]: 11110011 -> f3
  Data[14]: 10010111 -> 97
  Data[15]: 10001010 -> 8a
  Data[16]: 10111101 -> bd
  Data[17]: 10111001 -> b9
  Data[18]: 01101100 -> 6c
  Data[19]: 01100010 -> 62
