Read a waves file with 6 signals and 2243 samples...
Input has these signals:
	* sclk (1 bits)
	* mosi (1 bits)
	* miso (1 bits)
	* ss (1 bits)
	* cpol (1 bits)
	* cpha (1 bits)

Address #1: 110111
RDWR Bit: 0
Stream Bit: 0
Exchange: 11100010

Address #2: 110110
RDWR Bit: 1
Stream Bit: 0
Exchange: 00111101

Address #3: 101011
RDWR Bit: 1
Stream Bit: 0
Exchange: 00010010

Address #4: 110011
RDWR Bit: 0
Stream Bit: 0
Exchange: 11101101

Address #5: 011101
RDWR Bit: 0
Stream Bit: 0
Exchange: 00000011

Address #6: 110110
RDWR Bit: 1
Stream Bit: 0
Exchange: 00011010

Address #7: 101010
RDWR Bit: 0
Stream Bit: 0
Exchange: 00100011

Address #8: 000010
RDWR Bit: 1
Stream Bit: 0
Exchange: 10110111

Address #9: 101001
RDWR Bit: 0
Stream Bit: 0
Exchange: 11010100

Address #10: 010110
RDWR Bit: 0
Stream Bit: 0
Exchange: 11110110

Address #11: 100111
RDWR Bit: 0
Stream Bit: 0
Exchange: 00000100

Address #12: 100100
RDWR Bit: 1
Stream Bit: 0
Exchange: 00011001

Address #13: 110111
RDWR Bit: 0
Stream Bit: 0
Exchange: 11010000

Address #14: 110111
RDWR Bit: 1
Stream Bit: 0
Exchange: 10101110

Address #15: 111110
RDWR Bit: 1
Stream Bit: 0
Exchange: 10010010

Address #16: 010001
RDWR Bit: 0
Stream Bit: 0
Exchange: 00000100

Address #17: 110011
RDWR Bit: 1
Stream Bit: 0
Exchange: 10011001

Address #18: 101000
RDWR Bit: 1
Stream Bit: 0
Exchange: 00011001

Address #19: 110110
RDWR Bit: 0
Stream Bit: 0
Exchange: 10011101

Address #20: 001011
RDWR Bit: 1
Stream Bit: 0
Exchange: 00010001

Address #21: 110011
RDWR Bit: 1
Stream Bit: 0
Exchange: 01111000

Address #22: 011000
RDWR Bit: 0
Stream Bit: 0
Exchange: 00110001

Address #23: 110101
RDWR Bit: 1
Stream Bit: 0
Exchange: 11110110

Address #24: 110011
RDWR Bit: 0
Stream Bit: 0
Exchange: 11101000

Address #25: 011010
RDWR Bit: 1
Stream Bit: 0
Exchange: 10000001

Address #26: 100010
RDWR Bit: 0
Stream Bit: 0
Exchange: 10001010

Address #27: 001101
RDWR Bit: 1
Stream Bit: 0
Exchange: 01001010

Address #28: 001011
RDWR Bit: 0
Stream Bit: 0
Exchange: 00010101

Address #29: 011001
RDWR Bit: 0
Stream Bit: 0
Exchange: 00110111

Address #30: 010000
RDWR Bit: 1
Stream Bit: 0
Exchange: 11100101

Address #31: 101111
RDWR Bit: 1
Stream Bit: 0
Exchange: 10000110

Address #32: 001100
RDWR Bit: 1
Stream Bit: 0
Exchange: 10110100

Address #33: 111011
RDWR Bit: 1
Stream Bit: 0
Exchange: 01010110

Address #34: 001101
RDWR Bit: 0
Stream Bit: 0
Exchange: 00010001

Address #35: 001001
RDWR Bit: 1
Stream Bit: 0
Exchange: 00000001

Address #36: 111010
RDWR Bit: 1
Stream Bit: 0
Exchange: 10110110

Address #37: 101110
RDWR Bit: 0
Stream Bit: 0
Exchange: 11111011

Address #38: 011111
RDWR Bit: 0
Stream Bit: 0
Exchange: 10000110

Address #39: 010111
RDWR Bit: 1
Stream Bit: 0
Exchange: 00000111

Address #40: 100101
RDWR Bit: 1
Stream Bit: 0
Exchange: 11101000

Address #41: 010011
RDWR Bit: 0
Stream Bit: 0
Exchange: 01001011

Address #42: 010011
RDWR Bit: 1
Stream Bit: 0
Exchange: 00011100

Address #43: 110000
RDWR Bit: 0
Stream Bit: 0
Exchange: 11101011

Address #44: 111000
RDWR Bit: 0
Stream Bit: 0
Exchange: 00101011

Address #45: 110010
RDWR Bit: 0
Stream Bit: 0
Exchange: 11001000

Address #46: 101010
RDWR Bit: 1
Stream Bit: 0
Exchange: 11011100

Address #47: 001110
RDWR Bit: 1
Stream Bit: 0
Exchange: 11000111

Address #48: 011000
RDWR Bit: 1
Stream Bit: 0
Exchange: 11000001

Address #49: 000101
RDWR Bit: 1
Stream Bit: 0
Exchange: 01001011

Address #50: 110101
RDWR Bit: 0
Stream Bit: 0
Exchange: 10010111

Address #51: 011100
RDWR Bit: 0
Stream Bit: 0
Exchange: 11100100

Address #52: 100011
RDWR Bit: 1
Stream Bit: 0
Exchange: 10000111

Address #53: 000111
RDWR Bit: 1
Stream Bit: 0
Exchange: 11010001

Address #54: 001010
RDWR Bit: 1
Stream Bit: 0
Exchange: 01111001

Address #55: 000011
RDWR Bit: 0
Stream Bit: 0
Exchange: 10010011

Address #56: 100001
RDWR Bit: 1
Stream Bit: 0
Exchange: 01100100

Address #57: 010011
RDWR Bit: 1
Stream Bit: 0
Exchange: 01100001

Address #58: 100111
RDWR Bit: 1
Stream Bit: 0
Exchange: 00100110

Address #59: 011100
RDWR Bit: 1
Stream Bit: 0
Exchange: 01000001

Address #60: 101110
RDWR Bit: 1
Stream Bit: 0
Exchange: 11011011

Address #61: 111100
RDWR Bit: 0
Stream Bit: 0
Exchange: 11111101

Address #62: 101001
RDWR Bit: 0
Stream Bit: 0
Exchange: 10110110

Address #63: 001101
RDWR Bit: 1
Stream Bit: 0
Exchange: 11011110

Address #64: 101000
RDWR Bit: 1
Stream Bit: 0
Exchange: 11010011
