read a waves file with 6 signals and 2243 samples
input has these signals:
	* sclk (1 bits)
	* mosi (1 bits)
	* miso (1 bits)
	* ss (1 bits)
	* cpol (1 bits)
	* cpha (1 bits)


1024

011111

0

111101

0

110110

0

010011

0

011010

0

110011

0

001001

0

110010

0

000111

0

110111

0

001010

0

011010

0

001110

0

101101

0

000101

0

110000

0

000001

0

001001

0

110010

0

010010

0

001000

0

110000

0

110000

0

101101

0

000101

0

110111

0

110001

0

110101

0

010010

0

011100

0

011101

0

001000

0

000111

0

100000

0

100100

0

100100

0

101101

0

110101

0

001101

0

010010

0

111111

0

011000

0

001111

0

000000

0

010011

0

000111

0

000101

0

111010

0

110111

0

101010

0

001010

0

000001

0

000110

0

011010

0

100010

0

000110

0

101001

0

110000

0

101010

0

100000

0

101111

0

110100

0

100001

0

000011

0