Read a waves file with 6 signals and 6275 samples...
Input has these signals:
	* sclk (1 bits)
	* mosi (1 bits)
	* miso (1 bits)
	* ss (1 bits)
	* cpol (1 bits)
	* cpha (1 bits)

Address #1: 011111
RDWR Bit: 0
Stream Bit: 1
Stream Length: 1 (binary: 00000001)
  Data[0]: 00011001 -> 19

Address #2: 000100
RDWR Bit: 1
Stream Bit: 0
Exchange: 10100000

Address #3: 100110
RDWR Bit: 1
Stream Bit: 0
Exchange: 01111011

Address #4: 101000
RDWR Bit: 0
Stream Bit: 0
Exchange: 00100111

Address #5: 000110
RDWR Bit: 1
Stream Bit: 0
Exchange: 01010111

Address #6: 101100
RDWR Bit: 1
Stream Bit: 1
Stream Length: 18 (binary: 00010010)
  Data[0]: 11110111 -> f7
  Data[1]: 10001001 -> 89
  Data[2]: 10001011 -> 8b
  Data[3]: 10001111 -> 8f
  Data[4]: 00111100 -> 3c
  Data[5]: 10101001 -> a9
  Data[6]: 10111010 -> ba
  Data[7]: 11011101 -> dd
  Data[8]: 00101000 -> 28
  Data[9]: 01101100 -> 6c
  Data[10]: 01111011 -> 7b
  Data[11]: 00111111 -> 3f
  Data[12]: 10000011 -> 83
  Data[13]: 01000000 -> 40
  Data[14]: 10011110 -> 9e
  Data[15]: 10011101 -> 9d
  Data[16]: 10111110 -> be
  Data[17]: 11100100 -> e4

Address #16: 111111
RDWR Bit: 0
Stream Bit: 1
Stream Length: 13 (binary: 00001101)
  Data[0]: 10101010 -> aa
  Data[1]: 11011000 -> d8
  Data[2]: 10110001 -> b1
  Data[3]: 01100010 -> 62
  Data[4]: 10011001 -> 99
  Data[5]: 01011100 -> 5c
  Data[6]: 00011101 -> 1d
  Data[7]: 11100001 -> e1
  Data[8]: 01011001 -> 59
  Data[9]: 10001100 -> 8c
  Data[10]: 01000010 -> 42
  Data[11]: 01110100 -> 74
  Data[12]: 01110101 -> 75

Address #24: 110111
RDWR Bit: 0
Stream Bit: 0
Exchange: 11101101

Address #25: 111010
RDWR Bit: 1
Stream Bit: 0
Exchange: 00010011

Address #26: 001011
RDWR Bit: 0
Stream Bit: 0
Exchange: 10111001

Address #27: 000010
RDWR Bit: 1
Stream Bit: 1
Stream Length: 10 (binary: 00001010)
  Data[0]: 11111110 -> fe
  Data[1]: 11010010 -> d2
  Data[2]: 01000110 -> 46
  Data[3]: 10001100 -> 8c
  Data[4]: 11110100 -> f4
  Data[5]: 11001000 -> c8
  Data[6]: 01010111 -> 57
  Data[7]: 01000110 -> 46
  Data[8]: 11010010 -> d2
  Data[9]: 11000110 -> c6

Address #33: 110011
RDWR Bit: 0
Stream Bit: 0
Exchange: 01100111

Address #34: 100010
RDWR Bit: 1
Stream Bit: 0
Exchange: 00111111

Address #35: 000001
RDWR Bit: 0
Stream Bit: 1
Stream Length: 29 (binary: 00011101)
  Data[0]: 00110001 -> 31
  Data[1]: 11000111 -> c7
  Data[2]: 10111110 -> be
  Data[3]: 10010101 -> 95
  Data[4]: 00100010 -> 22
  Data[5]: 00000011 -> 03
  Data[6]: 10010110 -> 96
  Data[7]: 11111110 -> fe
  Data[8]: 00100010 -> 22
  Data[9]: 11011111 -> df
  Data[10]: 00011011 -> 1b
  Data[11]: 10111010 -> ba
  Data[12]: 10100011 -> a3
  Data[13]: 10101101 -> ad
  Data[14]: 10101011 -> ab
  Data[15]: 00101001 -> 29
  Data[16]: 01000010 -> 42
  Data[17]: 01001100 -> 4c
  Data[18]: 10110011 -> b3
  Data[19]: 10010011 -> 93
  Data[20]: 11001110 -> ce
  Data[21]: 00011000 -> 18
  Data[22]: 00011011 -> 1b
  Data[23]: 10000000 -> 80
  Data[24]: 00101101 -> 2d
  Data[25]: 01100110 -> 66
  Data[26]: 10110101 -> b5
  Data[27]: 01000100 -> 44
  Data[28]: 10011110 -> 9e

Address #50: 110100
RDWR Bit: 0
Stream Bit: 0
Exchange: 00100100

Address #51: 111100
RDWR Bit: 1
Stream Bit: 1
Stream Length: 20 (binary: 00010100)
  Data[0]: 10100001 -> a1
  Data[1]: 11100110 -> e6
  Data[2]: 01101010 -> 6a
  Data[3]: 10010011 -> 93
  Data[4]: 01110110 -> 76
  Data[5]: 11010110 -> d6
  Data[6]: 10110010 -> b2
  Data[7]: 01001000 -> 48
  Data[8]: 10001100 -> 8c
  Data[9]: 00011100 -> 1c
  Data[10]: 00001101 -> 0d
  Data[11]: 00111101 -> 3d
  Data[12]: 11001111 -> cf
  Data[13]: 00000101 -> 05
  Data[14]: 10111100 -> bc
  Data[15]: 01011001 -> 59
  Data[16]: 01000010 -> 42
  Data[17]: 11000111 -> c7
  Data[18]: 01101001 -> 69
  Data[19]: 00000010 -> 02

Address #62: 000100
RDWR Bit: 1
Stream Bit: 0
Exchange: 10101000

Address #63: 101110
RDWR Bit: 1
Stream Bit: 1
Stream Length: 9 (binary: 00001001)
  Data[0]: 10010100 -> 94
  Data[1]: 10101010 -> aa
  Data[2]: 01001110 -> 4e
  Data[3]: 11011100 -> dc
  Data[4]: 00000111 -> 07
  Data[5]: 11011110 -> de
  Data[6]: 01100100 -> 64
  Data[7]: 00110000 -> 30
  Data[8]: 00000110 -> 06

Address #69: 001111
RDWR Bit: 0
Stream Bit: 0
Exchange: 11000101

Address #70: 011101
RDWR Bit: 1
Stream Bit: 0
Exchange: 11111111

Address #71: 011111
RDWR Bit: 0
Stream Bit: 1
Stream Length: 18 (binary: 00010010)
  Data[0]: 01101111 -> 6f
  Data[1]: 11111100 -> fc
  Data[2]: 10100100 -> a4
  Data[3]: 00101001 -> 29
  Data[4]: 10110000 -> b0
  Data[5]: 00111001 -> 39
  Data[6]: 01000010 -> 42
  Data[7]: 00001100 -> 0c
  Data[8]: 00001111 -> 0f
  Data[9]: 00001010 -> 0a
  Data[10]: 10111000 -> b8
  Data[11]: 11111111 -> ff
  Data[12]: 11100001 -> e1
  Data[13]: 10110101 -> b5
  Data[14]: 10111011 -> bb
  Data[15]: 00110110 -> 36
  Data[16]: 01011100 -> 5c
  Data[17]: 01101010 -> 6a

Address #81: 110101
RDWR Bit: 1
Stream Bit: 0
Exchange: 01100001

Address #82: 000111
RDWR Bit: 0
Stream Bit: 0
Exchange: 10100000

Address #83: 100101
RDWR Bit: 0
Stream Bit: 1
Stream Length: 12 (binary: 00001100)
  Data[0]: 01011011 -> 5b
  Data[1]: 11101111 -> ef
  Data[2]: 11010011 -> d3
  Data[3]: 10000101 -> 85
  Data[4]: 00001100 -> 0c
  Data[5]: 10111001 -> b9
  Data[6]: 11101000 -> e8
  Data[7]: 10001110 -> 8e
  Data[8]: 10000110 -> 86
  Data[9]: 01111111 -> 7f
  Data[10]: 00110101 -> 35
  Data[11]: 10010011 -> 93

Address #90: 110100
RDWR Bit: 1
Stream Bit: 1
Stream Length: 20 (binary: 00010100)
  Data[0]: 01110000 -> 70
  Data[1]: 10011100 -> 9c
  Data[2]: 01000100 -> 44
  Data[3]: 11100000 -> e0
  Data[4]: 11100010 -> e2
  Data[5]: 10011101 -> 9d
  Data[6]: 11011000 -> d8
  Data[7]: 11100011 -> e3
  Data[8]: 00010000 -> 10
  Data[9]: 11001111 -> cf
  Data[10]: 01100100 -> 64
  Data[11]: 00101011 -> 2b
  Data[12]: 01010111 -> 57
  Data[13]: 01011000 -> 58
  Data[14]: 00011111 -> 1f
  Data[15]: 11010101 -> d5
  Data[16]: 00110011 -> 33
  Data[17]: 00000001 -> 01
  Data[18]: 01010010 -> 52
  Data[19]: 01100000 -> 60

Address #101: 101011
RDWR Bit: 1
Stream Bit: 0
Exchange: 00111110

Address #102: 000001
RDWR Bit: 1
Stream Bit: 0
Exchange: 10111100

Address #103: 010011
RDWR Bit: 0
Stream Bit: 0
Exchange: 00101000

Address #104: 110010
RDWR Bit: 0
Stream Bit: 0
Exchange: 11101011

Address #105: 110010
RDWR Bit: 1
Stream Bit: 0
Exchange: 01011100

Address #106: 010100
RDWR Bit: 1
Stream Bit: 1
Stream Length: 5 (binary: 00000101)
  Data[0]: 11111100 -> fc
  Data[1]: 11101001 -> e9
  Data[2]: 01010000 -> 50
  Data[3]: 10000001 -> 81
  Data[4]: 10100100 -> a4

Address #109: 010100
RDWR Bit: 1
Stream Bit: 0
Exchange: 01101101

Address #110: 011001
RDWR Bit: 0
Stream Bit: 1
Stream Length: 12 (binary: 00001100)
  Data[0]: 11000011 -> c3
  Data[1]: 11011010 -> da
  Data[2]: 01010101 -> 55
  Data[3]: 11011111 -> df
  Data[4]: 10000101 -> 85
  Data[5]: 10000110 -> 86
  Data[6]: 00011011 -> 1b
  Data[7]: 00001110 -> 0e
  Data[8]: 01010000 -> 50
  Data[9]: 00011010 -> 1a
  Data[10]: 00111000 -> 38
  Data[11]: 00000000 -> 00

Address #117: 001111
RDWR Bit: 1
Stream Bit: 0
Exchange: 10111001

Address #118: 011001
RDWR Bit: 1
Stream Bit: 1
Stream Length: 19 (binary: 00010011)
  Data[0]: 00000000 -> 00
  Data[1]: 10010011 -> 93
  Data[2]: 01010010 -> 52
  Data[3]: 01101011 -> 6b
  Data[4]: 01110000 -> 70
  Data[5]: 10010100 -> 94
  Data[6]: 10110001 -> b1
  Data[7]: 11111100 -> fc
  Data[8]: 01000111 -> 47
  Data[9]: 11000001 -> c1
  Data[10]: 11101010 -> ea
  Data[11]: 11001001 -> c9
  Data[12]: 00111110 -> 3e
  Data[13]: 00111111 -> 3f
  Data[14]: 10101110 -> ae
  Data[15]: 00000000 -> 00
  Data[16]: 00001011 -> 0b
  Data[17]: 00100000 -> 20
  Data[18]: 01001110 -> 4e

Address #129: 100111
RDWR Bit: 0
Stream Bit: 0
Exchange: 01110000

Address #130: 101111
RDWR Bit: 1
Stream Bit: 0
Exchange: 00011110

Address #131: 100110
RDWR Bit: 1
Stream Bit: 0
Exchange: 01000000

Address #132: 010101
RDWR Bit: 1
Stream Bit: 0
Exchange: 00011011

Address #133: 110110
RDWR Bit: 1
Stream Bit: 0
Exchange: 10111111

Address #134: 111110
RDWR Bit: 0
Stream Bit: 0
Exchange: 11001101

Address #135: 100001
RDWR Bit: 1
Stream Bit: 1
Stream Length: 29 (binary: 00011101)
  Data[0]: 10011101 -> 9d
  Data[1]: 00110100 -> 34
  Data[2]: 10101111 -> af
  Data[3]: 01111010 -> 7a
  Data[4]: 00101001 -> 29
  Data[5]: 11000101 -> c5
  Data[6]: 01110010 -> 72
  Data[7]: 01001101 -> 4d
  Data[8]: 11110010 -> f2
  Data[9]: 00010000 -> 10
  Data[10]: 10101010 -> aa
  Data[11]: 11010111 -> d7
  Data[12]: 01000001 -> 41
  Data[13]: 01001000 -> 48
  Data[14]: 01010100 -> 54
  Data[15]: 10100110 -> a6
  Data[16]: 10010101 -> 95
  Data[17]: 10111110 -> be
  Data[18]: 00100111 -> 27
  Data[19]: 01110100 -> 74
  Data[20]: 10100101 -> a5
  Data[21]: 11101100 -> ec
  Data[22]: 01100011 -> 63
  Data[23]: 11010110 -> d6
  Data[24]: 01000101 -> 45
  Data[25]: 10111010 -> ba
  Data[26]: 01001100 -> 4c
  Data[27]: 01100011 -> 63
  Data[28]: 00111100 -> 3c

Address #150: 111010
RDWR Bit: 1
Stream Bit: 0
Exchange: 00101010

Address #151: 100010
RDWR Bit: 0
Stream Bit: 0
Exchange: 11110010

Address #152: 011110
RDWR Bit: 1
Stream Bit: 0
Exchange: 00011010

Address #153: 001001
RDWR Bit: 0
Stream Bit: 0
Exchange: 01111010

Address #154: 000100
RDWR Bit: 1
Stream Bit: 0
Exchange: 01101000

Address #155: 010111
RDWR Bit: 0
Stream Bit: 0
Exchange: 01111001

Address #156: 010100
RDWR Bit: 1
Stream Bit: 1
Stream Length: 3 (binary: 00000011)
  Data[0]: 00101101 -> 2d
  Data[1]: 00001000 -> 08
  Data[2]: 00000100 -> 04

Address #159: 011100
RDWR Bit: 1
Stream Bit: 0
Exchange: 01000001

Address #160: 100111
RDWR Bit: 0
Stream Bit: 0
Exchange: 10111100

Address #161: 101010
RDWR Bit: 1
Stream Bit: 0
Exchange: 01010011

Address #162: 101010
RDWR Bit: 1
Stream Bit: 0
Exchange: 10111110

Address #163: 011001
RDWR Bit: 0
Stream Bit: 0
Exchange: 10101111

Address #164: 011111
RDWR Bit: 1
Stream Bit: 0
Exchange: 01010110

Address #165: 000000
RDWR Bit: 1
Stream Bit: 0
Exchange: 01100101

Address #166: 111000
RDWR Bit: 1
Stream Bit: 0
Exchange: 00110110

Address #167: 001000
RDWR Bit: 0
Stream Bit: 1
Stream Length: 12 (binary: 00001100)
  Data[0]: 11000110 -> c6
  Data[1]: 00011111 -> 1f
  Data[2]: 10000010 -> 82
  Data[3]: 10001101 -> 8d
  Data[4]: 10001010 -> 8a
  Data[5]: 01110011 -> 73
  Data[6]: 01111010 -> 7a
  Data[7]: 01111100 -> 7c
  Data[8]: 00110010 -> 32
  Data[9]: 00001111 -> 0f
  Data[10]: 11011100 -> dc
  Data[11]: 10101100 -> ac

Address #174: 010010
RDWR Bit: 1
Stream Bit: 0
Exchange: 10100100

Address #175: 101100
RDWR Bit: 0
Stream Bit: 0
Exchange: 10111111

Address #176: 101110
RDWR Bit: 0
Stream Bit: 0
Exchange: 01100010

Address #177: 110111
RDWR Bit: 1
Stream Bit: 0
Exchange: 11011011

Address #178: 010010
RDWR Bit: 0
Stream Bit: 1
Stream Length: 22 (binary: 00010110)
  Data[0]: 10101110 -> ae
  Data[1]: 11000000 -> c0
  Data[2]: 00101100 -> 2c
  Data[3]: 11001001 -> c9
  Data[4]: 01111111 -> 7f
  Data[5]: 01000011 -> 43
  Data[6]: 01111011 -> 7b
  Data[7]: 01100110 -> 66
  Data[8]: 00111111 -> 3f
  Data[9]: 01110000 -> 70
  Data[10]: 11111010 -> fa
  Data[11]: 11100001 -> e1
  Data[12]: 11010001 -> d1
  Data[13]: 11110000 -> f0
  Data[14]: 01101011 -> 6b
  Data[15]: 00011100 -> 1c
  Data[16]: 00000101 -> 05
  Data[17]: 01000011 -> 43
  Data[18]: 11101110 -> ee
  Data[19]: 11011101 -> dd
  Data[20]: 00110110 -> 36
  Data[21]: 01110001 -> 71

Address #190: 101010
RDWR Bit: 0
Stream Bit: 0
Exchange: 11000100
