Read a waves file with 6 signals and 7203 samples...
Input has these signals:
	* sclk (1 bits)
	* mosi (1 bits)
	* miso (1 bits)
	* ss (1 bits)
	* cpol (1 bits)
	* cpha (1 bits)

Address #1: 010011
RDWR Bit: 1
Stream Bit: 1
Stream Length: 12 (binary: 00001100)
  Data[0]: 01011011 -> 5b
  Data[1]: 11101011 -> eb
  Data[2]: 00111101 -> 3d
  Data[3]: 11000111 -> c7
  Data[4]: 10100111 -> a7
  Data[5]: 11111110 -> fe
  Data[6]: 00111010 -> 3a
  Data[7]: 10100001 -> a1
  Data[8]: 01101111 -> 6f
  Data[9]: 01110000 -> 70
  Data[10]: 01001010 -> 4a
  Data[11]: 00011100 -> 1c

Address #8: 011111
RDWR Bit: 0
Stream Bit: 1
Stream Length: 26 (binary: 00011010)
  Data[0]: 00111010 -> 3a
  Data[1]: 11101110 -> ee
  Data[2]: 10001101 -> 8d
  Data[3]: 10100010 -> a2
  Data[4]: 00010011 -> 13
  Data[5]: 00100101 -> 25
  Data[6]: 10100110 -> a6
  Data[7]: 00010100 -> 14
  Data[8]: 01011000 -> 58
  Data[9]: 00100100 -> 24
  Data[10]: 00101010 -> 2a
  Data[11]: 10111010 -> ba
  Data[12]: 11110011 -> f3
  Data[13]: 00111011 -> 3b
  Data[14]: 01010001 -> 51
  Data[15]: 10001000 -> 88
  Data[16]: 01101100 -> 6c
  Data[17]: 01010100 -> 54
  Data[18]: 10011101 -> 9d
  Data[19]: 10011001 -> 99
  Data[20]: 11110000 -> f0
  Data[21]: 11110111 -> f7
  Data[22]: 11001000 -> c8
  Data[23]: 01000100 -> 44
  Data[24]: 10110100 -> b4
  Data[25]: 00010001 -> 11

Address #22: 000010
RDWR Bit: 0
Stream Bit: 1
Stream Length: 15 (binary: 00001111)
  Data[0]: 01000001 -> 41
  Data[1]: 10001000 -> 88
  Data[2]: 11001110 -> ce
  Data[3]: 01011000 -> 58
  Data[4]: 11010011 -> d3
  Data[5]: 00010101 -> 15
  Data[6]: 11101000 -> e8
  Data[7]: 00011101 -> 1d
  Data[8]: 00011000 -> 18
  Data[9]: 11001011 -> cb
  Data[10]: 01001100 -> 4c
  Data[11]: 01101100 -> 6c
  Data[12]: 00111000 -> 38
  Data[13]: 00011011 -> 1b
  Data[14]: 01100111 -> 67

Address #30: 110010
RDWR Bit: 1
Stream Bit: 1
Stream Length: 27 (binary: 00011011)
  Data[0]: 11111111 -> ff
  Data[1]: 11101011 -> eb
  Data[2]: 00110011 -> 33
  Data[3]: 11101011 -> eb
  Data[4]: 10101110 -> ae
  Data[5]: 10001010 -> 8a
  Data[6]: 10101101 -> ad
  Data[7]: 11010100 -> d4
  Data[8]: 10101000 -> a8
  Data[9]: 01001000 -> 48
  Data[10]: 00110010 -> 32
  Data[11]: 01100110 -> 66
  Data[12]: 01010011 -> 53
  Data[13]: 00100110 -> 26
  Data[14]: 11000101 -> c5
  Data[15]: 00010011 -> 13
  Data[16]: 10001010 -> 8a
  Data[17]: 11100110 -> e6
  Data[18]: 11010000 -> d0
  Data[19]: 00000011 -> 03
  Data[20]: 01010001 -> 51
  Data[21]: 11010010 -> d2
  Data[22]: 01100010 -> 62
  Data[23]: 01010110 -> 56
  Data[24]: 10011101 -> 9d
  Data[25]: 11011001 -> d9
  Data[26]: 11000001 -> c1

Address #45: 000100
RDWR Bit: 0
Stream Bit: 0
Exchange: 01101100

Address #46: 101110
RDWR Bit: 1
Stream Bit: 0
Exchange: 11101111

Address #47: 111111
RDWR Bit: 1
Stream Bit: 0
Exchange: 00001001

Address #48: 001010
RDWR Bit: 0
Stream Bit: 0
Exchange: 00111110

Address #49: 011111
RDWR Bit: 0
Stream Bit: 0
Exchange: 10100011

Address #50: 100101
RDWR Bit: 1
Stream Bit: 0
Exchange: 10001011

Address #51: 010001
RDWR Bit: 0
Stream Bit: 0
Exchange: 10000010

Address #52: 100010
RDWR Bit: 1
Stream Bit: 0
Exchange: 00001010

Address #53: 111111
RDWR Bit: 1
Stream Bit: 0
Exchange: 01001100

Address #54: 000000
RDWR Bit: 1
Stream Bit: 1
Stream Length: 19 (binary: 00010011)
  Data[0]: 01100000 -> 60
  Data[1]: 11110110 -> f6
  Data[2]: 11000000 -> c0
  Data[3]: 11011100 -> dc
  Data[4]: 00100010 -> 22
  Data[5]: 10100010 -> a2
  Data[6]: 00011111 -> 1f
  Data[7]: 11101100 -> ec
  Data[8]: 11101001 -> e9
  Data[9]: 00010101 -> 15
  Data[10]: 10001010 -> 8a
  Data[11]: 01000100 -> 44
  Data[12]: 11101011 -> eb
  Data[13]: 10111100 -> bc
  Data[14]: 00001011 -> 0b
  Data[15]: 11101001 -> e9
  Data[16]: 01101011 -> 6b
  Data[17]: 11111011 -> fb
  Data[18]: 01110111 -> 77

Address #64: 110101
RDWR Bit: 0
Stream Bit: 0
Exchange: 10101100

Address #65: 010101
RDWR Bit: 0
Stream Bit: 0
Exchange: 11111001

Address #66: 100101
RDWR Bit: 1
Stream Bit: 0
Exchange: 00111101

Address #67: 000111
RDWR Bit: 0
Stream Bit: 0
Exchange: 01000000

Address #68: 111000
RDWR Bit: 0
Stream Bit: 0
Exchange: 10000100

Address #69: 100000
RDWR Bit: 0
Stream Bit: 1
Stream Length: 13 (binary: 00001101)
  Data[0]: 11100011 -> e3
  Data[1]: 10010001 -> 91
  Data[2]: 00001010 -> 0a
  Data[3]: 11010110 -> d6
  Data[4]: 11011111 -> df
  Data[5]: 11110010 -> f2
  Data[6]: 10000000 -> 80
  Data[7]: 01101000 -> 68
  Data[8]: 01101011 -> 6b
  Data[9]: 00100100 -> 24
  Data[10]: 10110101 -> b5
  Data[11]: 10011100 -> 9c
  Data[12]: 00111100 -> 3c

Address #77: 111100
RDWR Bit: 0
Stream Bit: 1
Stream Length: 18 (binary: 00010010)
  Data[0]: 00100000 -> 20
  Data[1]: 10001000 -> 88
  Data[2]: 11100000 -> e0
  Data[3]: 00111110 -> 3e
  Data[4]: 10010010 -> 92
  Data[5]: 01111110 -> 7e
  Data[6]: 00110001 -> 31
  Data[7]: 10011010 -> 9a
  Data[8]: 01010111 -> 57
  Data[9]: 10110011 -> b3
  Data[10]: 00001011 -> 0b
  Data[11]: 11001010 -> ca
  Data[12]: 01000000 -> 40
  Data[13]: 00010011 -> 13
  Data[14]: 00100001 -> 21
  Data[15]: 01101000 -> 68
  Data[16]: 00100011 -> 23
  Data[17]: 00011010 -> 1a

Address #87: 111110
RDWR Bit: 1
Stream Bit: 0
Exchange: 00101101

Address #88: 100001
RDWR Bit: 1
Stream Bit: 0
Exchange: 10010110

Address #89: 110110
RDWR Bit: 1
Stream Bit: 0
Exchange: 10010100

Address #90: 111100
RDWR Bit: 0
Stream Bit: 0
Exchange: 00011100

Address #91: 001111
RDWR Bit: 1
Stream Bit: 0
Exchange: 01011100

Address #92: 110101
RDWR Bit: 1
Stream Bit: 1
Stream Length: 2 (binary: 00000010)
  Data[0]: 10010000 -> 90
  Data[1]: 10011000 -> 98

Address #94: 101110
RDWR Bit: 1
Stream Bit: 0
Exchange: 00010001

Address #95: 101011
RDWR Bit: 0
Stream Bit: 0
Exchange: 00001011

Address #96: 110000
RDWR Bit: 0
Stream Bit: 1
Stream Length: 22 (binary: 00010110)
  Data[0]: 00011111 -> 1f
  Data[1]: 00000001 -> 01
  Data[2]: 01011001 -> 59
  Data[3]: 11000100 -> c4
  Data[4]: 11011010 -> da
  Data[5]: 00111111 -> 3f
  Data[6]: 10000111 -> 87
  Data[7]: 10111110 -> be
  Data[8]: 01011111 -> 5f
  Data[9]: 01000111 -> 47
  Data[10]: 01010111 -> 57
  Data[11]: 01110110 -> 76
  Data[12]: 10110100 -> b4
  Data[13]: 11101001 -> e9
  Data[14]: 11100101 -> e5
  Data[15]: 11110100 -> f4
  Data[16]: 01101000 -> 68
  Data[17]: 11011011 -> db
  Data[18]: 10111000 -> b8
  Data[19]: 00100010 -> 22
  Data[20]: 00010001 -> 11
  Data[21]: 00101111 -> 2f

Address #108: 011101
RDWR Bit: 0
Stream Bit: 0
Exchange: 00110111

Address #109: 111101
RDWR Bit: 1
Stream Bit: 1
Stream Length: 26 (binary: 00011010)
  Data[0]: 10110111 -> b7
  Data[1]: 11111000 -> f8
  Data[2]: 00111010 -> 3a
  Data[3]: 10010111 -> 97
  Data[4]: 00011010 -> 1a
  Data[5]: 10110010 -> b2
  Data[6]: 10000101 -> 85
  Data[7]: 11011100 -> dc
  Data[8]: 01000110 -> 46
  Data[9]: 11000011 -> c3
  Data[10]: 10001000 -> 88
  Data[11]: 01011101 -> 5d
  Data[12]: 10001001 -> 89
  Data[13]: 10011000 -> 98
  Data[14]: 01101011 -> 6b
  Data[15]: 11101011 -> eb
  Data[16]: 10110001 -> b1
  Data[17]: 10011101 -> 9d
  Data[18]: 11110001 -> f1
  Data[19]: 00111001 -> 39
  Data[20]: 11110100 -> f4
  Data[21]: 10010011 -> 93
  Data[22]: 10111001 -> b9
  Data[23]: 11010010 -> d2
  Data[24]: 01011110 -> 5e
  Data[25]: 00111101 -> 3d

Address #123: 100010
RDWR Bit: 1
Stream Bit: 0
Exchange: 01111100

Address #124: 110010
RDWR Bit: 0
Stream Bit: 1
Stream Length: 20 (binary: 00010100)
  Data[0]: 10111110 -> be
  Data[1]: 00100100 -> 24
  Data[2]: 00100101 -> 25
  Data[3]: 10111001 -> b9
  Data[4]: 10011001 -> 99
  Data[5]: 10101000 -> a8
  Data[6]: 00111011 -> 3b
  Data[7]: 11011010 -> da
  Data[8]: 01000000 -> 40
  Data[9]: 01110011 -> 73
  Data[10]: 11000111 -> c7
  Data[11]: 11110100 -> f4
  Data[12]: 01000111 -> 47
  Data[13]: 01101101 -> 6d
  Data[14]: 10010110 -> 96
  Data[15]: 01101100 -> 6c
  Data[16]: 00011010 -> 1a
  Data[17]: 10110111 -> b7
  Data[18]: 10011010 -> 9a
  Data[19]: 00110101 -> 35

Address #135: 001011
RDWR Bit: 1
Stream Bit: 0
Exchange: 01001111

Address #136: 111010
RDWR Bit: 1
Stream Bit: 0
Exchange: 10100100

Address #137: 000110
RDWR Bit: 1
Stream Bit: 0
Exchange: 01100011

Address #138: 101010
RDWR Bit: 0
Stream Bit: 0
Exchange: 10010101

Address #139: 100111
RDWR Bit: 1
Stream Bit: 0
Exchange: 11011110

Address #140: 010001
RDWR Bit: 1
Stream Bit: 1
Stream Length: 24 (binary: 00011000)
  Data[0]: 11101010 -> ea
  Data[1]: 01100010 -> 62
  Data[2]: 01110000 -> 70
  Data[3]: 10011100 -> 9c
  Data[4]: 11100001 -> e1
  Data[5]: 11101111 -> ef
  Data[6]: 00000101 -> 05
  Data[7]: 01010011 -> 53
  Data[8]: 00101011 -> 2b
  Data[9]: 01101000 -> 68
  Data[10]: 10011100 -> 9c
  Data[11]: 10001110 -> 8e
  Data[12]: 11011111 -> df
  Data[13]: 10101111 -> af
  Data[14]: 01110111 -> 77
  Data[15]: 00110010 -> 32
  Data[16]: 10010101 -> 95
  Data[17]: 10101010 -> aa
  Data[18]: 10011100 -> 9c
  Data[19]: 10111010 -> ba
  Data[20]: 11100100 -> e4
  Data[21]: 00010111 -> 17
  Data[22]: 11011001 -> d9
  Data[23]: 01101000 -> 68

Address #153: 111100
RDWR Bit: 1
Stream Bit: 1
Stream Length: 10 (binary: 00001010)
  Data[0]: 00110101 -> 35
  Data[1]: 00101100 -> 2c
  Data[2]: 10110100 -> b4
  Data[3]: 00101111 -> 2f
  Data[4]: 11001000 -> c8
  Data[5]: 01010011 -> 53
  Data[6]: 11111101 -> fd
  Data[7]: 01100100 -> 64
  Data[8]: 01000010 -> 42
  Data[9]: 00011110 -> 1e

Address #159: 011010
RDWR Bit: 1
Stream Bit: 1
Stream Length: 20 (binary: 00010100)
  Data[0]: 00111010 -> 3a
  Data[1]: 00110000 -> 30
  Data[2]: 00000101 -> 05
  Data[3]: 11111100 -> fc
  Data[4]: 00001111 -> 0f
  Data[5]: 11010111 -> d7
  Data[6]: 10111101 -> bd
  Data[7]: 11110011 -> f3
  Data[8]: 00100010 -> 22
  Data[9]: 10000110 -> 86
  Data[10]: 10111110 -> be
  Data[11]: 11001110 -> ce
  Data[12]: 11110111 -> f7
  Data[13]: 00010101 -> 15
  Data[14]: 11000000 -> c0
  Data[15]: 11101111 -> ef
  Data[16]: 11011110 -> de
  Data[17]: 01010101 -> 55
  Data[18]: 01010100 -> 54
  Data[19]: 11100100 -> e4

Address #170: 000010
RDWR Bit: 1
Stream Bit: 0
Exchange: 11001001

Address #171: 101101
RDWR Bit: 1
Stream Bit: 0
Exchange: 11110001

Address #172: 100010
RDWR Bit: 0
Stream Bit: 0
Exchange: 10100100

Address #173: 101101
RDWR Bit: 1
Stream Bit: 0
Exchange: 11001011

Address #174: 011110
RDWR Bit: 0
Stream Bit: 0
Exchange: 10010111

Address #175: 011110
RDWR Bit: 0
Stream Bit: 0
Exchange: 11011000

Address #176: 100011
RDWR Bit: 1
Stream Bit: 0
Exchange: 00100111

Address #177: 000110
RDWR Bit: 1
Stream Bit: 0
Exchange: 01111100

Address #178: 101111
RDWR Bit: 1
Stream Bit: 0
Exchange: 00101001

Address #179: 101011
RDWR Bit: 0
Stream Bit: 0
Exchange: 00101101

Address #180: 111011
RDWR Bit: 0
Stream Bit: 1
Stream Length: 20 (binary: 00010100)
  Data[0]: 10001111 -> 8f
  Data[1]: 11101100 -> ec
  Data[2]: 11011110 -> de
  Data[3]: 10011100 -> 9c
  Data[4]: 10100111 -> a7
  Data[5]: 01100111 -> 67
  Data[6]: 01001010 -> 4a
  Data[7]: 00011111 -> 1f
  Data[8]: 11000000 -> c0
  Data[9]: 10100010 -> a2
  Data[10]: 10100000 -> a0
  Data[11]: 10010011 -> 93
  Data[12]: 11011010 -> da
  Data[13]: 11101100 -> ec
  Data[14]: 01110011 -> 73
  Data[15]: 10110111 -> b7
  Data[16]: 01001010 -> 4a
  Data[17]: 00011110 -> 1e
  Data[18]: 01100101 -> 65
  Data[19]: 11110010 -> f2

Address #191: 111111
RDWR Bit: 1
Stream Bit: 0
Exchange: 00010101

Address #192: 001010
RDWR Bit: 0
Stream Bit: 0
Exchange: 00100001

Address #193: 100110
RDWR Bit: 0
Stream Bit: 0
Exchange: 01111001

Address #194: 000000
RDWR Bit: 0
Stream Bit: 1
Stream Length: 7 (binary: 00000111)
  Data[0]: 10110010 -> b2
  Data[1]: 00011111 -> 1f
  Data[2]: 11010001 -> d1
  Data[3]: 01010000 -> 50
  Data[4]: 01011101 -> 5d
  Data[5]: 11011110 -> de
  Data[6]: 10011100 -> 9c

Address #198: 110011
RDWR Bit: 1
Stream Bit: 0
Exchange: 01100000

Address #199: 111110
RDWR Bit: 1
Stream Bit: 0
Exchange: 11110000

Address #200: 010110
RDWR Bit: 0
Stream Bit: 0
Exchange: 01000110

Address #201: 011011
RDWR Bit: 1
Stream Bit: 0
Exchange: 01011000

Address #202: 100101
RDWR Bit: 0
Stream Bit: 1
Stream Length: 19 (binary: 00010011)
  Data[0]: 11111111 -> ff
  Data[1]: 00110000 -> 30
  Data[2]: 10100001 -> a1
  Data[3]: 01101001 -> 69
  Data[4]: 11100001 -> e1
  Data[5]: 01100110 -> 66
  Data[6]: 10110100 -> b4
  Data[7]: 10001000 -> 88
  Data[8]: 01000011 -> 43
  Data[9]: 00010100 -> 14
  Data[10]: 11110111 -> f7
  Data[11]: 11010000 -> d0
  Data[12]: 00001011 -> 0b
  Data[13]: 11100111 -> e7
  Data[14]: 01110000 -> 70
  Data[15]: 01100010 -> 62
  Data[16]: 01000000 -> 40
  Data[17]: 01000010 -> 42
  Data[18]: 11101010 -> ea

Address #213: 010000
RDWR Bit: 1
Stream Bit: 1
Stream Length: 10 (binary: 00001010)
  Data[0]: 10001011 -> 8b
  Data[1]: 01000111 -> 47
  Data[2]: 10001010 -> 8a
  Data[3]: 01101011 -> 6b
  Data[4]: 00001101 -> 0d
  Data[5]: 00100110 -> 26
  Data[6]: 10111000 -> b8
  Data[7]: 10010001 -> 91
  Data[8]: 10111100 -> bc
  Data[9]: 11101101 -> ed

Address #219: 111110
RDWR Bit: 0
Stream Bit: 0
Exchange: 10000000
