Read a waves file with 6 signals and 7331 samples...
Input has these signals:
	* sclk (1 bits)
	* mosi (1 bits)
	* miso (1 bits)
	* ss (1 bits)
	* cpol (1 bits)
	* cpha (1 bits)

Address #1: 000000
RDWR Bit: 0
Stream Bit: 1
Stream Length: 1 (binary: 00000001)
  Data[0]: 10000100 -> 84

Address #2: 101110
RDWR Bit: 0
Stream Bit: 0
Exchange: 01011101

Address #3: 100100
RDWR Bit: 0
Stream Bit: 1
Stream Length: 17 (binary: 00010001)
  Data[0]: 11001100 -> cc
  Data[1]: 10111110 -> be
  Data[2]: 01101101 -> 6d
  Data[3]: 11010001 -> d1
  Data[4]: 11110010 -> f2
  Data[5]: 10001101 -> 8d
  Data[6]: 00011111 -> 1f
  Data[7]: 01101000 -> 68
  Data[8]: 10101110 -> ae
  Data[9]: 10010101 -> 95
  Data[10]: 00111110 -> 3e
  Data[11]: 01010110 -> 56
  Data[12]: 10000011 -> 83
  Data[13]: 11000111 -> c7
  Data[14]: 00100011 -> 23
  Data[15]: 11011001 -> d9
  Data[16]: 10100111 -> a7

Address #13: 000000
RDWR Bit: 1
Stream Bit: 1
Stream Length: 29 (binary: 00011101)
  Data[0]: 11000001 -> c1
  Data[1]: 10100111 -> a7
  Data[2]: 11010011 -> d3
  Data[3]: 01110111 -> 77
  Data[4]: 11010000 -> d0
  Data[5]: 10000011 -> 83
  Data[6]: 01000000 -> 40
  Data[7]: 11000100 -> c4
  Data[8]: 10011000 -> 98
  Data[9]: 01111000 -> 78
  Data[10]: 10110111 -> b7
  Data[11]: 10111100 -> bc
  Data[12]: 01010011 -> 53
  Data[13]: 10010010 -> 92
  Data[14]: 00010001 -> 11
  Data[15]: 10010111 -> 97
  Data[16]: 10001100 -> 8c
  Data[17]: 11110100 -> f4
  Data[18]: 10001110 -> 8e
  Data[19]: 10111110 -> be
  Data[20]: 11101100 -> ec
  Data[21]: 10001000 -> 88
  Data[22]: 01011100 -> 5c
  Data[23]: 01000010 -> 42
  Data[24]: 00010100 -> 14
  Data[25]: 00001111 -> 0f
  Data[26]: 10101111 -> af
  Data[27]: 01010100 -> 54
  Data[28]: 01010010 -> 52

Address #28: 110100
RDWR Bit: 0
Stream Bit: 0
Exchange: 10110010

Address #29: 011000
RDWR Bit: 1
Stream Bit: 0
Exchange: 10000001

Address #30: 011000
RDWR Bit: 0
Stream Bit: 0
Exchange: 10110000

Address #31: 110110
RDWR Bit: 0
Stream Bit: 0
Exchange: 01010000

Address #32: 100111
RDWR Bit: 1
Stream Bit: 0
Exchange: 11111100

Address #33: 001100
RDWR Bit: 1
Stream Bit: 0
Exchange: 01110110

Address #34: 111110
RDWR Bit: 1
Stream Bit: 1
Stream Length: 6 (binary: 00000110)
  Data[0]: 00110101 -> 35
  Data[1]: 11011100 -> dc
  Data[2]: 01000101 -> 45
  Data[3]: 01101011 -> 6b
  Data[4]: 10111000 -> b8
  Data[5]: 11000101 -> c5

Address #38: 100000
RDWR Bit: 0
Stream Bit: 1
Stream Length: 17 (binary: 00010001)
  Data[0]: 11000101 -> c5
  Data[1]: 11111011 -> fb
  Data[2]: 00010110 -> 16
  Data[3]: 00010000 -> 10
  Data[4]: 11001011 -> cb
  Data[5]: 10111011 -> bb
  Data[6]: 00000111 -> 07
  Data[7]: 01000001 -> 41
  Data[8]: 01101011 -> 6b
  Data[9]: 10001010 -> 8a
  Data[10]: 00010010 -> 12
  Data[11]: 11000100 -> c4
  Data[12]: 01011100 -> 5c
  Data[13]: 11110101 -> f5
  Data[14]: 10111110 -> be
  Data[15]: 01001000 -> 48
  Data[16]: 11000001 -> c1

Address #48: 000000
RDWR Bit: 1
Stream Bit: 0
Exchange: 11011101

Address #49: 110100
RDWR Bit: 0
Stream Bit: 0
Exchange: 11001000

Address #50: 000011
RDWR Bit: 1
Stream Bit: 1
Stream Length: 22 (binary: 00010110)
  Data[0]: 10111001 -> b9
  Data[1]: 00000000 -> 00
  Data[2]: 10000010 -> 82
  Data[3]: 11101110 -> ee
  Data[4]: 11001101 -> cd
  Data[5]: 01010001 -> 51
  Data[6]: 01000000 -> 40
  Data[7]: 11011100 -> dc
  Data[8]: 11111010 -> fa
  Data[9]: 01000111 -> 47
  Data[10]: 11010011 -> d3
  Data[11]: 11000010 -> c2
  Data[12]: 11111111 -> ff
  Data[13]: 00100111 -> 27
  Data[14]: 11110001 -> f1
  Data[15]: 10100111 -> a7
  Data[16]: 01001000 -> 48
  Data[17]: 11001011 -> cb
  Data[18]: 11010010 -> d2
  Data[19]: 10000001 -> 81
  Data[20]: 11100110 -> e6
  Data[21]: 00001111 -> 0f

Address #62: 101011
RDWR Bit: 0
Stream Bit: 0
Exchange: 01011011

Address #63: 101001
RDWR Bit: 0
Stream Bit: 1
Stream Length: 13 (binary: 00001101)
  Data[0]: 10100100 -> a4
  Data[1]: 10000010 -> 82
  Data[2]: 11100100 -> e4
  Data[3]: 11101100 -> ec
  Data[4]: 10010101 -> 95
  Data[5]: 11011110 -> de
  Data[6]: 11111010 -> fa
  Data[7]: 10111100 -> bc
  Data[8]: 00000010 -> 02
  Data[9]: 00001010 -> 0a
  Data[10]: 10111100 -> bc
  Data[11]: 01011111 -> 5f
  Data[12]: 00111101 -> 3d

Address #70: 101011
RDWR Bit: 0
Stream Bit: 1
Stream Length: 19 (binary: 00010011)
  Data[0]: 00100001 -> 21
  Data[1]: 10001100 -> 8c
  Data[2]: 01001001 -> 49
  Data[3]: 01100000 -> 60
  Data[4]: 01100000 -> 60
  Data[5]: 01011100 -> 5c
  Data[6]: 00010011 -> 13
  Data[7]: 10111101 -> bd
  Data[8]: 00100110 -> 26
  Data[9]: 01100101 -> 65
  Data[10]: 00100001 -> 21
  Data[11]: 11000011 -> c3
  Data[12]: 11000001 -> c1
  Data[13]: 01001001 -> 49
  Data[14]: 11100011 -> e3
  Data[15]: 01000110 -> 46
  Data[16]: 10010010 -> 92
  Data[17]: 10000011 -> 83
  Data[18]: 10111001 -> b9

Address #81: 101010
RDWR Bit: 1
Stream Bit: 0
Exchange: 00111010

Address #82: 110010
RDWR Bit: 1
Stream Bit: 0
Exchange: 01010010

Address #83: 011101
RDWR Bit: 1
Stream Bit: 0
Exchange: 00110110

Address #84: 111101
RDWR Bit: 0
Stream Bit: 1
Stream Length: 17 (binary: 00010001)
  Data[0]: 01100110 -> 66
  Data[1]: 01001111 -> 4f
  Data[2]: 01010100 -> 54
  Data[3]: 01001011 -> 4b
  Data[4]: 01011000 -> 58
  Data[5]: 10111110 -> be
  Data[6]: 10000110 -> 86
  Data[7]: 00111001 -> 39
  Data[8]: 10101011 -> ab
  Data[9]: 01100000 -> 60
  Data[10]: 00111001 -> 39
  Data[11]: 01011011 -> 5b
  Data[12]: 11000000 -> c0
  Data[13]: 10101110 -> ae
  Data[14]: 00101100 -> 2c
  Data[15]: 01000011 -> 43
  Data[16]: 11100011 -> e3

Address #93: 100010
RDWR Bit: 0
Stream Bit: 0
Exchange: 10100110

Address #94: 100111
RDWR Bit: 1
Stream Bit: 1
Stream Length: 1 (binary: 00000001)
  Data[0]: 00101010 -> 2a

Address #96: 011100
RDWR Bit: 1
Stream Bit: 0
Exchange: 10001010

Address #97: 001100
RDWR Bit: 0
Stream Bit: 1
Stream Length: 4 (binary: 00000100)
  Data[0]: 10011101 -> 9d
  Data[1]: 00110001 -> 31
  Data[2]: 10000011 -> 83
  Data[3]: 11100110 -> e6

Address #100: 101110
RDWR Bit: 1
Stream Bit: 0
Exchange: 11110001

Address #101: 101110
RDWR Bit: 0
Stream Bit: 1
Stream Length: 5 (binary: 00000101)
  Data[0]: 01011001 -> 59
  Data[1]: 10111001 -> b9
  Data[2]: 00001000 -> 08
  Data[3]: 01010111 -> 57
  Data[4]: 11001011 -> cb

Address #104: 111111
RDWR Bit: 0
Stream Bit: 0
Exchange: 11001010

Address #105: 011001
RDWR Bit: 1
Stream Bit: 1
Stream Length: 15 (binary: 00001111)
  Data[0]: 11000110 -> c6
  Data[1]: 01110010 -> 72
  Data[2]: 11011011 -> db
  Data[3]: 00101000 -> 28
  Data[4]: 10010001 -> 91
  Data[5]: 10101000 -> a8
  Data[6]: 10110110 -> b6
  Data[7]: 11101000 -> e8
  Data[8]: 10110111 -> b7
  Data[9]: 11100010 -> e2
  Data[10]: 11111101 -> fd
  Data[11]: 11010101 -> d5
  Data[12]: 11110100 -> f4
  Data[13]: 10101100 -> ac
  Data[14]: 00100001 -> 21

Address #114: 010110
RDWR Bit: 1
Stream Bit: 0
Exchange: 10001110

Address #115: 001011
RDWR Bit: 0
Stream Bit: 0
Exchange: 11011000

Address #116: 111001
RDWR Bit: 0
Stream Bit: 0
Exchange: 01011101

Address #117: 100010
RDWR Bit: 1
Stream Bit: 0
Exchange: 00100011

Address #118: 001000
RDWR Bit: 0
Stream Bit: 0
Exchange: 11011111

Address #119: 111101
RDWR Bit: 1
Stream Bit: 0
Exchange: 11001111

Address #120: 010011
RDWR Bit: 0
Stream Bit: 0
Exchange: 10100011

Address #121: 100101
RDWR Bit: 1
Stream Bit: 0
Exchange: 01110000

Address #122: 001010
RDWR Bit: 0
Stream Bit: 1
Stream Length: 25 (binary: 00011001)
  Data[0]: 01000011 -> 43
  Data[1]: 01000100 -> 44
  Data[2]: 11100000 -> e0
  Data[3]: 11101000 -> e8
  Data[4]: 10001101 -> 8d
  Data[5]: 01111101 -> 7d
  Data[6]: 11111101 -> fd
  Data[7]: 10110101 -> b5
  Data[8]: 11010011 -> d3
  Data[9]: 01110010 -> 72
  Data[10]: 01000011 -> 43
  Data[11]: 01000011 -> 43
  Data[12]: 11110001 -> f1
  Data[13]: 10010110 -> 96
  Data[14]: 10010111 -> 97
  Data[15]: 11101001 -> e9
  Data[16]: 01111101 -> 7d
  Data[17]: 01110101 -> 75
  Data[18]: 10010101 -> 95
  Data[19]: 01100110 -> 66
  Data[20]: 00010001 -> 11
  Data[21]: 00011011 -> 1b
  Data[22]: 01101110 -> 6e
  Data[23]: 00101100 -> 2c
  Data[24]: 11111101 -> fd

Address #135: 100100
RDWR Bit: 1
Stream Bit: 0
Exchange: 10000111

Address #136: 011110
RDWR Bit: 0
Stream Bit: 1
Stream Length: 5 (binary: 00000101)
  Data[0]: 00011010 -> 1a
  Data[1]: 00110101 -> 35
  Data[2]: 11010011 -> d3
  Data[3]: 11000101 -> c5
  Data[4]: 11111101 -> fd

Address #140: 101111
RDWR Bit: 0
Stream Bit: 0
Exchange: 11110010

Address #141: 100110
RDWR Bit: 1
Stream Bit: 1
Stream Length: 19 (binary: 00010011)
  Data[0]: 01011000 -> 58
  Data[1]: 01111011 -> 7b
  Data[2]: 11001011 -> cb
  Data[3]: 10110100 -> b4
  Data[4]: 10101000 -> a8
  Data[5]: 10010101 -> 95
  Data[6]: 10101101 -> ad
  Data[7]: 01110101 -> 75
  Data[8]: 10101100 -> ac
  Data[9]: 01110010 -> 72
  Data[10]: 11001100 -> cc
  Data[11]: 11001110 -> ce
  Data[12]: 00100100 -> 24
  Data[13]: 01001001 -> 49
  Data[14]: 00011110 -> 1e
  Data[15]: 11000101 -> c5
  Data[16]: 11110000 -> f0
  Data[17]: 10011101 -> 9d
  Data[18]: 10111101 -> bd

Address #151: 100010
RDWR Bit: 0
Stream Bit: 1
Stream Length: 15 (binary: 00001111)
  Data[0]: 10111111 -> bf
  Data[1]: 11101100 -> ec
  Data[2]: 01111001 -> 79
  Data[3]: 00101101 -> 2d
  Data[4]: 00011001 -> 19
  Data[5]: 01101100 -> 6c
  Data[6]: 11000111 -> c7
  Data[7]: 00101000 -> 28
  Data[8]: 10101110 -> ae
  Data[9]: 01100101 -> 65
  Data[10]: 00001100 -> 0c
  Data[11]: 00110110 -> 36
  Data[12]: 01011000 -> 58
  Data[13]: 11001111 -> cf
  Data[14]: 01100010 -> 62

Address #160: 111110
RDWR Bit: 1
Stream Bit: 1
Stream Length: 26 (binary: 00011010)
  Data[0]: 00100110 -> 26
  Data[1]: 11101010 -> ea
  Data[2]: 01110100 -> 74
  Data[3]: 10110001 -> b1
  Data[4]: 10000110 -> 86
  Data[5]: 11000001 -> c1
  Data[6]: 01110010 -> 72
  Data[7]: 10101011 -> ab
  Data[8]: 01010110 -> 56
  Data[9]: 11100001 -> e1
  Data[10]: 00010101 -> 15
  Data[11]: 01000010 -> 42
  Data[12]: 01000101 -> 45
  Data[13]: 11000001 -> c1
  Data[14]: 11001101 -> cd
  Data[15]: 01011101 -> 5d
  Data[16]: 01010010 -> 52
  Data[17]: 01110100 -> 74
  Data[18]: 11101110 -> ee
  Data[19]: 01101011 -> 6b
  Data[20]: 01001011 -> 4b
  Data[21]: 10101101 -> ad
  Data[22]: 10110011 -> b3
  Data[23]: 00000110 -> 06
  Data[24]: 11000110 -> c6
  Data[25]: 10011111 -> 9f

Address #174: 100010
RDWR Bit: 1
Stream Bit: 0
Exchange: 01101101

Address #175: 000011
RDWR Bit: 0
Stream Bit: 1
Stream Length: 19 (binary: 00010011)
  Data[0]: 11000101 -> c5
  Data[1]: 01010000 -> 50
  Data[2]: 10101101 -> ad
  Data[3]: 00001111 -> 0f
  Data[4]: 01011100 -> 5c
  Data[5]: 10100010 -> a2
  Data[6]: 10011001 -> 99
  Data[7]: 11011100 -> dc
  Data[8]: 10011000 -> 98
  Data[9]: 10000101 -> 85
  Data[10]: 11111110 -> fe
  Data[11]: 11110001 -> f1
  Data[12]: 11011010 -> da
  Data[13]: 11010011 -> d3
  Data[14]: 01001100 -> 4c
  Data[15]: 11001000 -> c8
  Data[16]: 01100011 -> 63
  Data[17]: 00100011 -> 23
  Data[18]: 00011100 -> 1c

Address #185: 101110
RDWR Bit: 1
Stream Bit: 1
Stream Length: 4 (binary: 00000100)
  Data[0]: 00001100 -> 0c
  Data[1]: 10001101 -> 8d
  Data[2]: 10111011 -> bb
  Data[3]: 10100101 -> a5

Address #188: 100100
RDWR Bit: 0
Stream Bit: 0
Exchange: 00000001

Address #189: 010011
RDWR Bit: 0
Stream Bit: 1
Stream Length: 23 (binary: 00010111)
  Data[0]: 01100100 -> 64
  Data[1]: 00010011 -> 13
  Data[2]: 10011101 -> 9d
  Data[3]: 00100010 -> 22
  Data[4]: 11101110 -> ee
  Data[5]: 00100000 -> 20
  Data[6]: 11111101 -> fd
  Data[7]: 00000101 -> 05
  Data[8]: 11110001 -> f1
  Data[9]: 11010110 -> d6
  Data[10]: 11111110 -> fe
  Data[11]: 00001011 -> 0b
  Data[12]: 10101010 -> aa
  Data[13]: 10111011 -> bb
  Data[14]: 10001100 -> 8c
  Data[15]: 11001111 -> cf
  Data[16]: 11110111 -> f7
  Data[17]: 01011010 -> 5a
  Data[18]: 11100010 -> e2
  Data[19]: 01100000 -> 60
  Data[20]: 10100010 -> a2
  Data[21]: 00101001 -> 29
  Data[22]: 01000000 -> 40

Address #202: 101000
RDWR Bit: 1
Stream Bit: 0
Exchange: 11110110

Address #203: 000010
RDWR Bit: 1
Stream Bit: 0
Exchange: 00111001

Address #204: 001000
RDWR Bit: 0
Stream Bit: 0
Exchange: 11011010

Address #205: 011101
RDWR Bit: 0
Stream Bit: 0
Exchange: 11101010

Address #206: 100000
RDWR Bit: 0
Stream Bit: 0
Exchange: 10010100

Address #207: 000110
RDWR Bit: 1
Stream Bit: 0
Exchange: 00000100

Address #208: 110110
RDWR Bit: 1
Stream Bit: 1
Stream Length: 4 (binary: 00000100)
  Data[0]: 11100011 -> e3
  Data[1]: 00000100 -> 04
  Data[2]: 01101011 -> 6b
  Data[3]: 11010110 -> d6

Address #211: 101100
RDWR Bit: 1
Stream Bit: 0
Exchange: 11000111

Address #212: 001001
RDWR Bit: 1
Stream Bit: 0
Exchange: 00000011

Address #213: 011010
RDWR Bit: 1
Stream Bit: 1
Stream Length: 2 (binary: 00000010)
  Data[0]: 01010011 -> 53
  Data[1]: 11001100 -> cc

Address #215: 100000
RDWR Bit: 1
Stream Bit: 0
Exchange: 00000001

Address #216: 100101
RDWR Bit: 1
Stream Bit: 0
Exchange: 00000110

Address #217: 000000
RDWR Bit: 1
Stream Bit: 1
Stream Length: 10 (binary: 00001010)
  Data[0]: 01010001 -> 51
  Data[1]: 01001100 -> 4c
  Data[2]: 10010011 -> 93
  Data[3]: 00001110 -> 0e
  Data[4]: 00100111 -> 27
  Data[5]: 10001010 -> 8a
  Data[6]: 11110010 -> f2
  Data[7]: 10001000 -> 88
  Data[8]: 11101000 -> e8
  Data[9]: 11010111 -> d7

Address #223: 110100
RDWR Bit: 0
Stream Bit: 0
Exchange: 01110011
