Read a waves file with 6 signals and 12467 samples...
Input has these signals:
	* sclk (1 bits)
	* mosi (1 bits)
	* miso (1 bits)
	* ss (1 bits)
	* cpol (1 bits)
	* cpha (1 bits)

Address #1: 001101
RDWR Bit: 1
Stream Bit: 1
Stream Length: 30 (binary: 00011110)
  Data[0]: 01110010 -> 72
  Data[1]: 00001111 -> 0f
  Data[2]: 01100011 -> 63
  Data[3]: 01000001 -> 41
  Data[4]: 11000011 -> c3
  Data[5]: 00110011 -> 33
  Data[6]: 11010001 -> d1
  Data[7]: 01111001 -> 79
  Data[8]: 01110110 -> 76
  Data[9]: 01001010 -> 4a
  Data[10]: 00010001 -> 11
  Data[11]: 11000011 -> c3
  Data[12]: 01010111 -> 57
  Data[13]: 10001001 -> 89
  Data[14]: 01010111 -> 57
  Data[15]: 01000010 -> 42
  Data[16]: 11101110 -> ee
  Data[17]: 01111001 -> 79
  Data[18]: 11100010 -> e2
  Data[19]: 11010001 -> d1
  Data[20]: 00111011 -> 3b
  Data[21]: 10011101 -> 9d
  Data[22]: 10111000 -> b8
  Data[23]: 11101000 -> e8
  Data[24]: 10101001 -> a9
  Data[25]: 00011000 -> 18
  Data[26]: 11101111 -> ef
  Data[27]: 01100001 -> 61
  Data[28]: 00111011 -> 3b
  Data[29]: 11111001 -> f9

Address #17: 000110
RDWR Bit: 1
Stream Bit: 1
Stream Length: 30 (binary: 00011110)
  Data[0]: 01111010 -> 7a
  Data[1]: 00001110 -> 0e
  Data[2]: 10000000 -> 80
  Data[3]: 10101011 -> ab
  Data[4]: 10000100 -> 84
  Data[5]: 11001000 -> c8
  Data[6]: 01111001 -> 79
  Data[7]: 01010010 -> 52
  Data[8]: 11100011 -> e3
  Data[9]: 00100100 -> 24
  Data[10]: 10100111 -> a7
  Data[11]: 01100001 -> 61
  Data[12]: 11100110 -> e6
  Data[13]: 01000111 -> 47
  Data[14]: 01111110 -> 7e
  Data[15]: 01100010 -> 62
  Data[16]: 11010111 -> d7
  Data[17]: 01111110 -> 7e
  Data[18]: 10100100 -> a4
  Data[19]: 00101110 -> 2e
  Data[20]: 10010100 -> 94
  Data[21]: 10000100 -> 84
  Data[22]: 00001111 -> 0f
  Data[23]: 00111101 -> 3d
  Data[24]: 00110010 -> 32
  Data[25]: 00111000 -> 38
  Data[26]: 10100011 -> a3
  Data[27]: 01010100 -> 54
  Data[28]: 11111111 -> ff
  Data[29]: 00110111 -> 37

Address #33: 100111
RDWR Bit: 0
Stream Bit: 1
Stream Length: 16 (binary: 00010000)
  Data[0]: 01011110 -> 5e
  Data[1]: 01100111 -> 67
  Data[2]: 11010111 -> d7
  Data[3]: 00100011 -> 23
  Data[4]: 11111101 -> fd
  Data[5]: 00010000 -> 10
  Data[6]: 01000110 -> 46
  Data[7]: 11101001 -> e9
  Data[8]: 01010001 -> 51
  Data[9]: 11100000 -> e0
  Data[10]: 01101101 -> 6d
  Data[11]: 00010110 -> 16
  Data[12]: 11111111 -> ff
  Data[13]: 01011011 -> 5b
  Data[14]: 10001011 -> 8b
  Data[15]: 10010010 -> 92

Address #42: 001010
RDWR Bit: 1
Stream Bit: 1
Stream Length: 26 (binary: 00011010)
  Data[0]: 11011000 -> d8
  Data[1]: 11100110 -> e6
  Data[2]: 01101101 -> 6d
  Data[3]: 10000001 -> 81
  Data[4]: 00100001 -> 21
  Data[5]: 01100001 -> 61
  Data[6]: 00001001 -> 09
  Data[7]: 11001101 -> cd
  Data[8]: 11100101 -> e5
  Data[9]: 11100000 -> e0
  Data[10]: 00000001 -> 01
  Data[11]: 10010111 -> 97
  Data[12]: 01100100 -> 64
  Data[13]: 00010111 -> 17
  Data[14]: 01111011 -> 7b
  Data[15]: 01000110 -> 46
  Data[16]: 11010011 -> d3
  Data[17]: 10001011 -> 8b
  Data[18]: 10101001 -> a9
  Data[19]: 01111001 -> 79
  Data[20]: 10000101 -> 85
  Data[21]: 10011110 -> 9e
  Data[22]: 11100111 -> e7
  Data[23]: 01001011 -> 4b
  Data[24]: 01001101 -> 4d
  Data[25]: 01100100 -> 64

Address #56: 001111
RDWR Bit: 0
Stream Bit: 1
Stream Length: 6 (binary: 00000110)
  Data[0]: 11001010 -> ca
  Data[1]: 00101010 -> 2a
  Data[2]: 00101001 -> 29
  Data[3]: 00000100 -> 04
  Data[4]: 00011011 -> 1b
  Data[5]: 11010001 -> d1

Address #60: 001000
RDWR Bit: 1
Stream Bit: 1
Stream Length: 29 (binary: 00011101)
  Data[0]: 11110110 -> f6
  Data[1]: 00011001 -> 19
  Data[2]: 10010011 -> 93
  Data[3]: 11100111 -> e7
  Data[4]: 00010101 -> 15
  Data[5]: 01110101 -> 75
  Data[6]: 10110101 -> b5
  Data[7]: 11111001 -> f9
  Data[8]: 11110100 -> f4
  Data[9]: 10010001 -> 91
  Data[10]: 11101000 -> e8
  Data[11]: 10111000 -> b8
  Data[12]: 10110110 -> b6
  Data[13]: 00110110 -> 36
  Data[14]: 01001110 -> 4e
  Data[15]: 11000110 -> c6
  Data[16]: 01110010 -> 72
  Data[17]: 01000010 -> 42
  Data[18]: 11100011 -> e3
  Data[19]: 01111111 -> 7f
  Data[20]: 01100101 -> 65
  Data[21]: 00110110 -> 36
  Data[22]: 01010100 -> 54
  Data[23]: 10100010 -> a2
  Data[24]: 01111101 -> 7d
  Data[25]: 11001011 -> cb
  Data[26]: 10110010 -> b2
  Data[27]: 01101011 -> 6b
  Data[28]: 11110100 -> f4

Address #75: 101010
RDWR Bit: 0
Stream Bit: 1
Stream Length: 11 (binary: 00001011)
  Data[0]: 10000000 -> 80
  Data[1]: 01011001 -> 59
  Data[2]: 00000100 -> 04
  Data[3]: 11010101 -> d5
  Data[4]: 00111101 -> 3d
  Data[5]: 10100010 -> a2
  Data[6]: 01001111 -> 4f
  Data[7]: 00000100 -> 04
  Data[8]: 11110111 -> f7
  Data[9]: 00100101 -> 25
  Data[10]: 00011010 -> 1a

Address #82: 111000
RDWR Bit: 1
Stream Bit: 0
Exchange: 00111110

Address #83: 101101
RDWR Bit: 0
Stream Bit: 0
Exchange: 01110111

Address #84: 111101
RDWR Bit: 0
Stream Bit: 0
Exchange: 11100010

Address #85: 101100
RDWR Bit: 0
Stream Bit: 0
Exchange: 00000101

Address #86: 000011
RDWR Bit: 1
Stream Bit: 0
Exchange: 00001001

Address #87: 011011
RDWR Bit: 1
Stream Bit: 0
Exchange: 10011000

Address #88: 111110
RDWR Bit: 1
Stream Bit: 0
Exchange: 10110010

Address #89: 110101
RDWR Bit: 0
Stream Bit: 1
Stream Length: 21 (binary: 00010101)
  Data[0]: 11011000 -> d8
  Data[1]: 01100001 -> 61
  Data[2]: 10110101 -> b5
  Data[3]: 10010111 -> 97
  Data[4]: 10010111 -> 97
  Data[5]: 11000111 -> c7
  Data[6]: 11000011 -> c3
  Data[7]: 00111111 -> 3f
  Data[8]: 10001110 -> 8e
  Data[9]: 01011000 -> 58
  Data[10]: 00101011 -> 2b
  Data[11]: 00001010 -> 0a
  Data[12]: 10000010 -> 82
  Data[13]: 11101011 -> eb
  Data[14]: 10001100 -> 8c
  Data[15]: 11011011 -> db
  Data[16]: 00100100 -> 24
  Data[17]: 00111100 -> 3c
  Data[18]: 01111100 -> 7c
  Data[19]: 00110110 -> 36
  Data[20]: 00011001 -> 19

Address #100: 101110
RDWR Bit: 1
Stream Bit: 1
Stream Length: 7 (binary: 00000111)
  Data[0]: 01110110 -> 76
  Data[1]: 01011110 -> 5e
  Data[2]: 01011110 -> 5e
  Data[3]: 00010010 -> 12
  Data[4]: 01110010 -> 72
  Data[5]: 01001110 -> 4e
  Data[6]: 11111110 -> fe

Address #105: 001101
RDWR Bit: 1
Stream Bit: 0
Exchange: 01011110

Address #106: 010010
RDWR Bit: 0
Stream Bit: 1
Stream Length: 8 (binary: 00001000)
  Data[0]: 01101000 -> 68
  Data[1]: 00000000 -> 00
  Data[2]: 11001010 -> ca
  Data[3]: 10001001 -> 89
  Data[4]: 00010110 -> 16
  Data[5]: 11110011 -> f3
  Data[6]: 00001110 -> 0e
  Data[7]: 01101100 -> 6c

Address #111: 010101
RDWR Bit: 1
Stream Bit: 0
Exchange: 00101110

Address #112: 100100
RDWR Bit: 1
Stream Bit: 1
Stream Length: 15 (binary: 00001111)
  Data[0]: 00100000 -> 20
  Data[1]: 11010001 -> d1
  Data[2]: 10100001 -> a1
  Data[3]: 11001000 -> c8
  Data[4]: 00111011 -> 3b
  Data[5]: 01111100 -> 7c
  Data[6]: 00000000 -> 00
  Data[7]: 11000110 -> c6
  Data[8]: 10110001 -> b1
  Data[9]: 10100110 -> a6
  Data[10]: 11110000 -> f0
  Data[11]: 00010001 -> 11
  Data[12]: 00000110 -> 06
  Data[13]: 01001101 -> 4d
  Data[14]: 10111110 -> be

Address #120: 010101
RDWR Bit: 0
Stream Bit: 0
Exchange: 00110101

Address #121: 101110
RDWR Bit: 1
Stream Bit: 0
Exchange: 11110110

Address #122: 000101
RDWR Bit: 0
Stream Bit: 0
Exchange: 10001000

Address #123: 011101
RDWR Bit: 0
Stream Bit: 1
Stream Length: 29 (binary: 00011101)
  Data[0]: 00001101 -> 0d
  Data[1]: 10011001 -> 99
  Data[2]: 00111001 -> 39
  Data[3]: 01010111 -> 57
  Data[4]: 00111000 -> 38
  Data[5]: 00101100 -> 2c
  Data[6]: 11010110 -> d6
  Data[7]: 10010111 -> 97
  Data[8]: 00111110 -> 3e
  Data[9]: 01011101 -> 5d
  Data[10]: 00001010 -> 0a
  Data[11]: 10001001 -> 89
  Data[12]: 01110000 -> 70
  Data[13]: 10010011 -> 93
  Data[14]: 01110000 -> 70
  Data[15]: 00111110 -> 3e
  Data[16]: 10110001 -> b1
  Data[17]: 01001110 -> 4e
  Data[18]: 10001001 -> 89
  Data[19]: 01011000 -> 58
  Data[20]: 10110111 -> b7
  Data[21]: 00010001 -> 11
  Data[22]: 10011101 -> 9d
  Data[23]: 10100010 -> a2
  Data[24]: 01110111 -> 77
  Data[25]: 01010000 -> 50
  Data[26]: 01111111 -> 7f
  Data[27]: 01111110 -> 7e
  Data[28]: 11010001 -> d1

Address #139: 000011
RDWR Bit: 0
Stream Bit: 1
Stream Length: 18 (binary: 00010010)
  Data[0]: 00000001 -> 01
  Data[1]: 10110001 -> b1
  Data[2]: 10110001 -> b1
  Data[3]: 01001101 -> 4d
  Data[4]: 00000100 -> 04
  Data[5]: 01100000 -> 60
  Data[6]: 01100101 -> 65
  Data[7]: 11010110 -> d6
  Data[8]: 10110111 -> b7
  Data[9]: 00001111 -> 0f
  Data[10]: 11111101 -> fd
  Data[11]: 11110111 -> f7
  Data[12]: 01000000 -> 40
  Data[13]: 00101110 -> 2e
  Data[14]: 01100101 -> 65
  Data[15]: 11011100 -> dc
  Data[16]: 11100011 -> e3
  Data[17]: 11101100 -> ec

Address #149: 110011
RDWR Bit: 0
Stream Bit: 1
Stream Length: 20 (binary: 00010100)
  Data[0]: 01101111 -> 6f
  Data[1]: 00011011 -> 1b
  Data[2]: 01111001 -> 79
  Data[3]: 10011010 -> 9a
  Data[4]: 00010010 -> 12
  Data[5]: 11110101 -> f5
  Data[6]: 10010001 -> 91
  Data[7]: 00100101 -> 25
  Data[8]: 01110110 -> 76
  Data[9]: 00001001 -> 09
  Data[10]: 11001010 -> ca
  Data[11]: 00011110 -> 1e
  Data[12]: 10001010 -> 8a
  Data[13]: 01010100 -> 54
  Data[14]: 01011000 -> 58
  Data[15]: 00110000 -> 30
  Data[16]: 11001011 -> cb
  Data[17]: 00100011 -> 23
  Data[18]: 01000101 -> 45
  Data[19]: 01010101 -> 55

Address #160: 101100
RDWR Bit: 0
Stream Bit: 1
Stream Length: 7 (binary: 00000111)
  Data[0]: 10100101 -> a5
  Data[1]: 11110001 -> f1
  Data[2]: 11111101 -> fd
  Data[3]: 11001111 -> cf
  Data[4]: 10111011 -> bb
  Data[5]: 11100001 -> e1
  Data[6]: 00101101 -> 2d

Address #164: 110001
RDWR Bit: 0
Stream Bit: 0
Exchange: 11001010

Address #165: 001010
RDWR Bit: 0
Stream Bit: 0
Exchange: 10011010

Address #166: 111001
RDWR Bit: 0
Stream Bit: 1
Stream Length: 30 (binary: 00011110)
  Data[0]: 01011111 -> 5f
  Data[1]: 11100100 -> e4
  Data[2]: 10010001 -> 91
  Data[3]: 00110110 -> 36
  Data[4]: 10100111 -> a7
  Data[5]: 01100010 -> 62
  Data[6]: 01101110 -> 6e
  Data[7]: 10110010 -> b2
  Data[8]: 11010111 -> d7
  Data[9]: 00110110 -> 36
  Data[10]: 10101110 -> ae
  Data[11]: 11111011 -> fb
  Data[12]: 10110001 -> b1
  Data[13]: 00010011 -> 13
  Data[14]: 11100001 -> e1
  Data[15]: 10100111 -> a7
  Data[16]: 10101010 -> aa
  Data[17]: 10110110 -> b6
  Data[18]: 11011001 -> d9
  Data[19]: 00000110 -> 06
  Data[20]: 10100111 -> a7
  Data[21]: 11001010 -> ca
  Data[22]: 10110011 -> b3
  Data[23]: 11101010 -> ea
  Data[24]: 11101110 -> ee
  Data[25]: 10010110 -> 96
  Data[26]: 00101110 -> 2e
  Data[27]: 00100110 -> 26
  Data[28]: 00000011 -> 03
  Data[29]: 01111101 -> 7d

Address #182: 101110
RDWR Bit: 0
Stream Bit: 1
Stream Length: 23 (binary: 00010111)
  Data[0]: 00001101 -> 0d
  Data[1]: 01011110 -> 5e
  Data[2]: 01011010 -> 5a
  Data[3]: 01101010 -> 6a
  Data[4]: 01000111 -> 47
  Data[5]: 00011110 -> 1e
  Data[6]: 01000111 -> 47
  Data[7]: 10100001 -> a1
  Data[8]: 00010001 -> 11
  Data[9]: 01111100 -> 7c
  Data[10]: 01111101 -> 7d
  Data[11]: 10111110 -> be
  Data[12]: 10001100 -> 8c
  Data[13]: 01001110 -> 4e
  Data[14]: 01101000 -> 68
  Data[15]: 10101011 -> ab
  Data[16]: 11001010 -> ca
  Data[17]: 00111111 -> 3f
  Data[18]: 10011100 -> 9c
  Data[19]: 01100001 -> 61
  Data[20]: 10110101 -> b5
  Data[21]: 11100010 -> e2
  Data[22]: 00101001 -> 29

Address #195: 111001
RDWR Bit: 1
Stream Bit: 1
Stream Length: 27 (binary: 00011011)
  Data[0]: 00000010 -> 02
  Data[1]: 00100000 -> 20
  Data[2]: 10100111 -> a7
  Data[3]: 11111111 -> ff
  Data[4]: 10100101 -> a5
  Data[5]: 10110001 -> b1
  Data[6]: 01000101 -> 45
  Data[7]: 00011011 -> 1b
  Data[8]: 11000010 -> c2
  Data[9]: 10101111 -> af
  Data[10]: 00001110 -> 0e
  Data[11]: 11001110 -> ce
  Data[12]: 01110111 -> 77
  Data[13]: 00100111 -> 27
  Data[14]: 10100111 -> a7
  Data[15]: 11100111 -> e7
  Data[16]: 10110110 -> b6
  Data[17]: 01111111 -> 7f
  Data[18]: 00001001 -> 09
  Data[19]: 01010000 -> 50
  Data[20]: 10110110 -> b6
  Data[21]: 00011110 -> 1e
  Data[22]: 01010101 -> 55
  Data[23]: 10100111 -> a7
  Data[24]: 00000000 -> 00
  Data[25]: 00101101 -> 2d
  Data[26]: 01001001 -> 49

Address #209: 101100
RDWR Bit: 0
Stream Bit: 1
Stream Length: 17 (binary: 00010001)
  Data[0]: 00010001 -> 11
  Data[1]: 11011000 -> d8
  Data[2]: 11010101 -> d5
  Data[3]: 00001000 -> 08
  Data[4]: 01011001 -> 59
  Data[5]: 10001100 -> 8c
  Data[6]: 01110111 -> 77
  Data[7]: 01010111 -> 57
  Data[8]: 01110010 -> 72
  Data[9]: 01001010 -> 4a
  Data[10]: 01011000 -> 58
  Data[11]: 01100010 -> 62
  Data[12]: 10101111 -> af
  Data[13]: 00110011 -> 33
  Data[14]: 00011001 -> 19
  Data[15]: 01011000 -> 58
  Data[16]: 01010011 -> 53

Address #219: 101010
RDWR Bit: 0
Stream Bit: 1
Stream Length: 4 (binary: 00000100)
  Data[0]: 10001011 -> 8b
  Data[1]: 01010001 -> 51
  Data[2]: 11100100 -> e4
  Data[3]: 10110101 -> b5

Address #222: 111011
RDWR Bit: 1
Stream Bit: 1
Stream Length: 30 (binary: 00011110)
  Data[0]: 01010110 -> 56
  Data[1]: 10010000 -> 90
  Data[2]: 10111001 -> b9
  Data[3]: 10111101 -> bd
  Data[4]: 10001110 -> 8e
  Data[5]: 01010010 -> 52
  Data[6]: 10110000 -> b0
  Data[7]: 11001110 -> ce
  Data[8]: 01011101 -> 5d
  Data[9]: 00111000 -> 38
  Data[10]: 00111111 -> 3f
  Data[11]: 10110010 -> b2
  Data[12]: 00100010 -> 22
  Data[13]: 11100000 -> e0
  Data[14]: 01001111 -> 4f
  Data[15]: 10000000 -> 80
  Data[16]: 10101100 -> ac
  Data[17]: 01101110 -> 6e
  Data[18]: 10101110 -> ae
  Data[19]: 00101110 -> 2e
  Data[20]: 01001001 -> 49
  Data[21]: 10010010 -> 92
  Data[22]: 00001100 -> 0c
  Data[23]: 01101011 -> 6b
  Data[24]: 01010011 -> 53
  Data[25]: 11011010 -> da
  Data[26]: 10110110 -> b6
  Data[27]: 01101100 -> 6c
  Data[28]: 00001000 -> 08
  Data[29]: 11011001 -> d9

Address #238: 100011
RDWR Bit: 1
Stream Bit: 0
Exchange: 01100011

Address #239: 001000
RDWR Bit: 0
Stream Bit: 1
Stream Length: 15 (binary: 00001111)
  Data[0]: 00110010 -> 32
  Data[1]: 10110100 -> b4
  Data[2]: 00010111 -> 17
  Data[3]: 00111001 -> 39
  Data[4]: 11100011 -> e3
  Data[5]: 01001001 -> 49
  Data[6]: 11100111 -> e7
  Data[7]: 01001110 -> 4e
  Data[8]: 10000001 -> 81
  Data[9]: 11110011 -> f3
  Data[10]: 11011011 -> db
  Data[11]: 11110110 -> f6
  Data[12]: 10000110 -> 86
  Data[13]: 10011101 -> 9d
  Data[14]: 01000110 -> 46

Address #247: 001100
RDWR Bit: 0
Stream Bit: 1
Stream Length: 19 (binary: 00010011)
  Data[0]: 10000100 -> 84
  Data[1]: 10010111 -> 97
  Data[2]: 10000100 -> 84
  Data[3]: 01000111 -> 47
  Data[4]: 10010110 -> 96
  Data[5]: 11100000 -> e0
  Data[6]: 01111000 -> 78
  Data[7]: 11101010 -> ea
  Data[8]: 10001001 -> 89
  Data[9]: 10010111 -> 97
  Data[10]: 10011000 -> 98
  Data[11]: 10101011 -> ab
  Data[12]: 11101000 -> e8
  Data[13]: 10011100 -> 9c
  Data[14]: 10011111 -> 9f
  Data[15]: 10011100 -> 9c
  Data[16]: 00110110 -> 36
  Data[17]: 00111010 -> 3a
  Data[18]: 00011010 -> 1a

Address #258: 100111
RDWR Bit: 0
Stream Bit: 0
Exchange: 01010110

Address #259: 010110
RDWR Bit: 0
Stream Bit: 1
Stream Length: 9 (binary: 00001001)
  Data[0]: 11011000 -> d8
  Data[1]: 01011101 -> 5d
  Data[2]: 00111010 -> 3a
  Data[3]: 00000000 -> 00
  Data[4]: 00011001 -> 19
  Data[5]: 00010101 -> 15
  Data[6]: 10110010 -> b2
  Data[7]: 00100001 -> 21
  Data[8]: 10110010 -> b2

Address #264: 100101
RDWR Bit: 0
Stream Bit: 0
Exchange: 00111100

Address #265: 000010
RDWR Bit: 0
Stream Bit: 1
Stream Length: 25 (binary: 00011001)
  Data[0]: 01010100 -> 54
  Data[1]: 01100110 -> 66
  Data[2]: 11001010 -> ca
  Data[3]: 01111110 -> 7e
  Data[4]: 11101101 -> ed
  Data[5]: 01111101 -> 7d
  Data[6]: 10000010 -> 82
  Data[7]: 00000110 -> 06
  Data[8]: 00010000 -> 10
  Data[9]: 00100111 -> 27
  Data[10]: 11111100 -> fc
  Data[11]: 01000101 -> 45
  Data[12]: 01011010 -> 5a
  Data[13]: 00001101 -> 0d
  Data[14]: 01000001 -> 41
  Data[15]: 11010000 -> d0
  Data[16]: 00001110 -> 0e
  Data[17]: 11111101 -> fd
  Data[18]: 01110101 -> 75
  Data[19]: 01000000 -> 40
  Data[20]: 10100101 -> a5
  Data[21]: 10000111 -> 87
  Data[22]: 01111011 -> 7b
  Data[23]: 10101110 -> ae
  Data[24]: 01100110 -> 66

Address #279: 000001
RDWR Bit: 0
Stream Bit: 1
Stream Length: 8 (binary: 00001000)
  Data[0]: 00011011 -> 1b
  Data[1]: 10000001 -> 81
  Data[2]: 00000111 -> 07
  Data[3]: 11111010 -> fa
  Data[4]: 00010001 -> 11
  Data[5]: 10100111 -> a7
  Data[6]: 11001001 -> c9
  Data[7]: 11001011 -> cb

Address #284: 110111
RDWR Bit: 0
Stream Bit: 0
Exchange: 01000001

Address #285: 111011
RDWR Bit: 0
Stream Bit: 0
Exchange: 01000000

Address #286: 011000
RDWR Bit: 1
Stream Bit: 0
Exchange: 11100010

Address #287: 101101
RDWR Bit: 1
Stream Bit: 0
Exchange: 10111111

Address #288: 101101
RDWR Bit: 0
Stream Bit: 1
Stream Length: 19 (binary: 00010011)
  Data[0]: 01110101 -> 75
  Data[1]: 11101011 -> eb
  Data[2]: 00011000 -> 18
  Data[3]: 10000101 -> 85
  Data[4]: 10000100 -> 84
  Data[5]: 11011001 -> d9
  Data[6]: 11001110 -> ce
  Data[7]: 11111000 -> f8
  Data[8]: 00111100 -> 3c
  Data[9]: 00010101 -> 15
  Data[10]: 01000011 -> 43
  Data[11]: 01001001 -> 49
  Data[12]: 11001111 -> cf
  Data[13]: 01000111 -> 47
  Data[14]: 01100000 -> 60
  Data[15]: 10100001 -> a1
  Data[16]: 11111100 -> fc
  Data[17]: 01111111 -> 7f
  Data[18]: 11110111 -> f7

Address #298: 101001
RDWR Bit: 0
Stream Bit: 0
Exchange: 11111000

Address #299: 001011
RDWR Bit: 0
Stream Bit: 0
Exchange: 11010101

Address #300: 011010
RDWR Bit: 1
Stream Bit: 1
Stream Length: 28 (binary: 00011100)
  Data[0]: 11000001 -> c1
  Data[1]: 10001000 -> 88
  Data[2]: 00010110 -> 16
  Data[3]: 11010000 -> d0
  Data[4]: 10111011 -> bb
  Data[5]: 10010010 -> 92
  Data[6]: 10010101 -> 95
  Data[7]: 11011001 -> d9
  Data[8]: 10101110 -> ae
  Data[9]: 00101100 -> 2c
  Data[10]: 01101010 -> 6a
  Data[11]: 11100011 -> e3
  Data[12]: 00001100 -> 0c
  Data[13]: 01111110 -> 7e
  Data[14]: 01110101 -> 75
  Data[15]: 00101111 -> 2f
  Data[16]: 00110001 -> 31
  Data[17]: 10101010 -> aa
  Data[18]: 00011111 -> 1f
  Data[19]: 10001110 -> 8e
  Data[20]: 00001111 -> 0f
  Data[21]: 10001000 -> 88
  Data[22]: 10111001 -> b9
  Data[23]: 01000110 -> 46
  Data[24]: 10011110 -> 9e
  Data[25]: 00010100 -> 14
  Data[26]: 00010011 -> 13
  Data[27]: 00100000 -> 20

Address #315: 110111
RDWR Bit: 0
Stream Bit: 1
Stream Length: 16 (binary: 00010000)
  Data[0]: 10000011 -> 83
  Data[1]: 10110001 -> b1
  Data[2]: 01101110 -> 6e
  Data[3]: 00100110 -> 26
  Data[4]: 01101010 -> 6a
  Data[5]: 10101010 -> aa
  Data[6]: 01001110 -> 4e
  Data[7]: 00101000 -> 28
  Data[8]: 11111100 -> fc
  Data[9]: 10111101 -> bd
  Data[10]: 11111010 -> fa
  Data[11]: 10011110 -> 9e
  Data[12]: 11011001 -> d9
  Data[13]: 11100000 -> e0
  Data[14]: 00101010 -> 2a
  Data[15]: 00001000 -> 08

Address #324: 100001
RDWR Bit: 1
Stream Bit: 0
Exchange: 01111001

Address #325: 000011
RDWR Bit: 1
Stream Bit: 0
Exchange: 11000110

Address #326: 000111
RDWR Bit: 1
Stream Bit: 1
Stream Length: 23 (binary: 00010111)
  Data[0]: 01100110 -> 66
  Data[1]: 11010111 -> d7
  Data[2]: 10111110 -> be
  Data[3]: 11001010 -> ca
  Data[4]: 01101010 -> 6a
  Data[5]: 10001010 -> 8a
  Data[6]: 01010001 -> 51
  Data[7]: 01000000 -> 40
  Data[8]: 01001101 -> 4d
  Data[9]: 11011111 -> df
  Data[10]: 01001000 -> 48
  Data[11]: 11000011 -> c3
  Data[12]: 10000010 -> 82
  Data[13]: 10100001 -> a1
  Data[14]: 01111111 -> 7f
  Data[15]: 00011010 -> 1a
  Data[16]: 10010000 -> 90
  Data[17]: 11010000 -> d0
  Data[18]: 11101111 -> ef
  Data[19]: 01011010 -> 5a
  Data[20]: 01101101 -> 6d
  Data[21]: 10101100 -> ac
  Data[22]: 11000001 -> c1

Address #339: 100010
RDWR Bit: 1
Stream Bit: 0
Exchange: 10010111

Address #340: 001101
RDWR Bit: 0
Stream Bit: 0
Exchange: 11001011

Address #341: 000101
RDWR Bit: 1
Stream Bit: 1
Stream Length: 30 (binary: 00011110)
  Data[0]: 10001110 -> 8e
  Data[1]: 01100110 -> 66
  Data[2]: 00100011 -> 23
  Data[3]: 10111111 -> bf
  Data[4]: 01110100 -> 74
  Data[5]: 01001110 -> 4e
  Data[6]: 00100001 -> 21
  Data[7]: 01111110 -> 7e
  Data[8]: 11010011 -> d3
  Data[9]: 01101000 -> 68
  Data[10]: 11101110 -> ee
  Data[11]: 10110100 -> b4
  Data[12]: 10100001 -> a1
  Data[13]: 01001101 -> 4d
  Data[14]: 00101010 -> 2a
  Data[15]: 00101101 -> 2d
  Data[16]: 11000010 -> c2
  Data[17]: 01100001 -> 61
  Data[18]: 01100100 -> 64
  Data[19]: 01110110 -> 76
  Data[20]: 10101101 -> ad
  Data[21]: 00101110 -> 2e
  Data[22]: 00111000 -> 38
  Data[23]: 11111101 -> fd
  Data[24]: 10001010 -> 8a
  Data[25]: 11100111 -> e7
  Data[26]: 11101101 -> ed
  Data[27]: 00101100 -> 2c
  Data[28]: 01110001 -> 71
  Data[29]: 10101101 -> ad

Address #357: 101100
RDWR Bit: 0
Stream Bit: 1
Stream Length: 24 (binary: 00011000)
  Data[0]: 11000100 -> c4
  Data[1]: 11001111 -> cf
  Data[2]: 01001110 -> 4e
  Data[3]: 11011100 -> dc
  Data[4]: 00011010 -> 1a
  Data[5]: 11111010 -> fa
  Data[6]: 00001101 -> 0d
  Data[7]: 10111000 -> b8
  Data[8]: 00000010 -> 02
  Data[9]: 01001000 -> 48
  Data[10]: 01111000 -> 78
  Data[11]: 10111010 -> ba
  Data[12]: 00110111 -> 37
  Data[13]: 11011101 -> dd
  Data[14]: 10100110 -> a6
  Data[15]: 10001010 -> 8a
  Data[16]: 10000110 -> 86
  Data[17]: 01011011 -> 5b
  Data[18]: 10001000 -> 88
  Data[19]: 00101110 -> 2e
  Data[20]: 01100000 -> 60
  Data[21]: 10011111 -> 9f
  Data[22]: 00111001 -> 39
  Data[23]: 11000111 -> c7

Address #370: 111101
RDWR Bit: 1
Stream Bit: 0
Exchange: 10011100

Address #371: 000111
RDWR Bit: 0
Stream Bit: 1
Stream Length: 19 (binary: 00010011)
  Data[0]: 00110000 -> 30
  Data[1]: 00111010 -> 3a
  Data[2]: 00000010 -> 02
  Data[3]: 01111110 -> 7e
  Data[4]: 11010111 -> d7
  Data[5]: 00110011 -> 33
  Data[6]: 00010010 -> 12
  Data[7]: 00001100 -> 0c
  Data[8]: 11011001 -> d9
  Data[9]: 10010010 -> 92
  Data[10]: 11000111 -> c7
  Data[11]: 10100011 -> a3
  Data[12]: 10111010 -> ba
  Data[13]: 01101111 -> 6f
  Data[14]: 01000001 -> 41
  Data[15]: 11110110 -> f6
  Data[16]: 10111010 -> ba
  Data[17]: 00010000 -> 10
  Data[18]: 00100010 -> 22

Address #381: 110000
RDWR Bit: 1
Stream Bit: 0
Exchange: 00111011

Address #382: 101111
RDWR Bit: 1
Stream Bit: 0
Exchange: 00000011

Address #383: 111111
RDWR Bit: 0
Stream Bit: 0
Exchange: 01110010
