Read a waves file with 6 signals and 9267 samples...
Input has these signals:
	* sclk (1 bits)
	* mosi (1 bits)
	* miso (1 bits)
	* ss (1 bits)
	* cpol (1 bits)
	* cpha (1 bits)

Address #1: 000101
RDWR Bit: 1
Stream Bit: 1
Stream Length: 24 (binary: 00011000)
  Data[0]: 11000011 -> c3
  Data[1]: 11111000 -> f8
  Data[2]: 00000110 -> 06
  Data[3]: 10010101 -> 95
  Data[4]: 00011000 -> 18
  Data[5]: 00010000 -> 10
  Data[6]: 11001110 -> ce
  Data[7]: 01111001 -> 79
  Data[8]: 11011110 -> de
  Data[9]: 01010101 -> 55
  Data[10]: 00000111 -> 07
  Data[11]: 11100100 -> e4
  Data[12]: 01011011 -> 5b
  Data[13]: 10001100 -> 8c
  Data[14]: 11100101 -> e5
  Data[15]: 00110010 -> 32
  Data[16]: 11001000 -> c8
  Data[17]: 01000000 -> 40
  Data[18]: 01011000 -> 58
  Data[19]: 10110101 -> b5
  Data[20]: 01110111 -> 77
  Data[21]: 11111100 -> fc
  Data[22]: 01100000 -> 60
  Data[23]: 11001011 -> cb

Address #14: 100111
RDWR Bit: 1
Stream Bit: 0
Exchange: 00011110

Address #15: 111010
RDWR Bit: 0
Stream Bit: 0
Exchange: 01001110

Address #16: 111000
RDWR Bit: 0
Stream Bit: 0
Exchange: 11010001

Address #17: 101011
RDWR Bit: 1
Stream Bit: 0
Exchange: 11100101

Address #18: 101110
RDWR Bit: 0
Stream Bit: 0
Exchange: 01100100

Address #19: 000000
RDWR Bit: 0
Stream Bit: 1
Stream Length: 23 (binary: 00010111)
  Data[0]: 10100010 -> a2
  Data[1]: 00001111 -> 0f
  Data[2]: 01011011 -> 5b
  Data[3]: 00000100 -> 04
  Data[4]: 11111010 -> fa
  Data[5]: 11110000 -> f0
  Data[6]: 10101001 -> a9
  Data[7]: 00000100 -> 04
  Data[8]: 01111101 -> 7d
  Data[9]: 11011100 -> dc
  Data[10]: 01000010 -> 42
  Data[11]: 10100011 -> a3
  Data[12]: 00100001 -> 21
  Data[13]: 01001010 -> 4a
  Data[14]: 00010110 -> 16
  Data[15]: 00010001 -> 11
  Data[16]: 01001101 -> 4d
  Data[17]: 01001111 -> 4f
  Data[18]: 11111101 -> fd
  Data[19]: 01100011 -> 63
  Data[20]: 01110110 -> 76
  Data[21]: 11110000 -> f0
  Data[22]: 00111000 -> 38

Address #31: 111010
RDWR Bit: 0
Stream Bit: 1
Stream Length: 1 (binary: 00000001)
  Data[0]: 11101100 -> ec

Address #33: 010001
RDWR Bit: 1
Stream Bit: 1
Stream Length: 5 (binary: 00000101)
  Data[0]: 00101000 -> 28
  Data[1]: 00001011 -> 0b
  Data[2]: 01100000 -> 60
  Data[3]: 00001001 -> 09
  Data[4]: 10100111 -> a7

Address #36: 011010
RDWR Bit: 1
Stream Bit: 1
Stream Length: 8 (binary: 00001000)
  Data[0]: 11010001 -> d1
  Data[1]: 01110111 -> 77
  Data[2]: 01111010 -> 7a
  Data[3]: 10001000 -> 88
  Data[4]: 10011110 -> 9e
  Data[5]: 01011000 -> 58
  Data[6]: 01000001 -> 41
  Data[7]: 01000010 -> 42

Address #41: 101110
RDWR Bit: 1
Stream Bit: 1
Stream Length: 24 (binary: 00011000)
  Data[0]: 11110101 -> f5
  Data[1]: 00111001 -> 39
  Data[2]: 11111100 -> fc
  Data[3]: 01100000 -> 60
  Data[4]: 10000001 -> 81
  Data[5]: 01011010 -> 5a
  Data[6]: 01010010 -> 52
  Data[7]: 00111101 -> 3d
  Data[8]: 00110101 -> 35
  Data[9]: 10110011 -> b3
  Data[10]: 10000011 -> 83
  Data[11]: 10001011 -> 8b
  Data[12]: 10110100 -> b4
  Data[13]: 10011100 -> 9c
  Data[14]: 11101010 -> ea
  Data[15]: 10000001 -> 81
  Data[16]: 10011100 -> 9c
  Data[17]: 11100101 -> e5
  Data[18]: 11011001 -> d9
  Data[19]: 00001000 -> 08
  Data[20]: 10111000 -> b8
  Data[21]: 10110011 -> b3
  Data[22]: 01111110 -> 7e
  Data[23]: 00110110 -> 36

Address #54: 110101
RDWR Bit: 1
Stream Bit: 0
Exchange: 10010010

Address #55: 101111
RDWR Bit: 0
Stream Bit: 1
Stream Length: 30 (binary: 00011110)
  Data[0]: 11110100 -> f4
  Data[1]: 00100110 -> 26
  Data[2]: 00100111 -> 27
  Data[3]: 00011011 -> 1b
  Data[4]: 11001100 -> cc
  Data[5]: 01100001 -> 61
  Data[6]: 00010101 -> 15
  Data[7]: 11100101 -> e5
  Data[8]: 11111010 -> fa
  Data[9]: 00100101 -> 25
  Data[10]: 00001111 -> 0f
  Data[11]: 10110000 -> b0
  Data[12]: 00100100 -> 24
  Data[13]: 00100100 -> 24
  Data[14]: 11110100 -> f4
  Data[15]: 00000011 -> 03
  Data[16]: 11100111 -> e7
  Data[17]: 11001010 -> ca
  Data[18]: 11000000 -> c0
  Data[19]: 10001110 -> 8e
  Data[20]: 11000110 -> c6
  Data[21]: 00001000 -> 08
  Data[22]: 01001111 -> 4f
  Data[23]: 00011010 -> 1a
  Data[24]: 10011110 -> 9e
  Data[25]: 10000011 -> 83
  Data[26]: 00000010 -> 02
  Data[27]: 00010010 -> 12
  Data[28]: 11100110 -> e6
  Data[29]: 11010100 -> d4

Address #71: 010010
RDWR Bit: 0
Stream Bit: 0
Exchange: 00100000

Address #72: 000100
RDWR Bit: 0
Stream Bit: 1
Stream Length: 5 (binary: 00000101)
  Data[0]: 10100110 -> a6
  Data[1]: 01010111 -> 57
  Data[2]: 01101110 -> 6e
  Data[3]: 00100011 -> 23
  Data[4]: 11001010 -> ca

Address #76: 100111
RDWR Bit: 1
Stream Bit: 0
Exchange: 00010001

Address #77: 001111
RDWR Bit: 1
Stream Bit: 1
Stream Length: 4 (binary: 00000100)
  Data[0]: 00110011 -> 33
  Data[1]: 11101110 -> ee
  Data[2]: 01100010 -> 62
  Data[3]: 00011111 -> 1f

Address #80: 001111
RDWR Bit: 1
Stream Bit: 1
Stream Length: 16 (binary: 00010000)
  Data[0]: 11010000 -> d0
  Data[1]: 00001110 -> 0e
  Data[2]: 10001101 -> 8d
  Data[3]: 01001001 -> 49
  Data[4]: 00111111 -> 3f
  Data[5]: 10011000 -> 98
  Data[6]: 01110110 -> 76
  Data[7]: 00100010 -> 22
  Data[8]: 01100010 -> 62
  Data[9]: 11001001 -> c9
  Data[10]: 01001000 -> 48
  Data[11]: 01010010 -> 52
  Data[12]: 10110011 -> b3
  Data[13]: 00110000 -> 30
  Data[14]: 11100010 -> e2
  Data[15]: 10111001 -> b9

Address #89: 111011
RDWR Bit: 1
Stream Bit: 1
Stream Length: 7 (binary: 00000111)
  Data[0]: 00101111 -> 2f
  Data[1]: 11000110 -> c6
  Data[2]: 00100010 -> 22
  Data[3]: 11001101 -> cd
  Data[4]: 00101000 -> 28
  Data[5]: 11001111 -> cf
  Data[6]: 00111100 -> 3c

Address #93: 001001
RDWR Bit: 0
Stream Bit: 1
Stream Length: 29 (binary: 00011101)
  Data[0]: 11011101 -> dd
  Data[1]: 10011000 -> 98
  Data[2]: 00011000 -> 18
  Data[3]: 00000001 -> 01
  Data[4]: 01010111 -> 57
  Data[5]: 00101011 -> 2b
  Data[6]: 01010010 -> 52
  Data[7]: 10110110 -> b6
  Data[8]: 10001110 -> 8e
  Data[9]: 11000100 -> c4
  Data[10]: 10100010 -> a2
  Data[11]: 10101011 -> ab
  Data[12]: 00111000 -> 38
  Data[13]: 10100101 -> a5
  Data[14]: 11101000 -> e8
  Data[15]: 10001000 -> 88
  Data[16]: 01110010 -> 72
  Data[17]: 10111111 -> bf
  Data[18]: 01101001 -> 69
  Data[19]: 00110001 -> 31
  Data[20]: 00110111 -> 37
  Data[21]: 10110111 -> b7
  Data[22]: 11111010 -> fa
  Data[23]: 11110000 -> f0
  Data[24]: 01110011 -> 73
  Data[25]: 00111111 -> 3f
  Data[26]: 01000100 -> 44
  Data[27]: 11010110 -> d6
  Data[28]: 01101110 -> 6e

Address #109: 010010
RDWR Bit: 0
Stream Bit: 1
Stream Length: 1 (binary: 00000001)
  Data[0]: 11011101 -> dd

Address #110: 000010
RDWR Bit: 0
Stream Bit: 0
Exchange: 11100010

Address #111: 101100
RDWR Bit: 0
Stream Bit: 0
Exchange: 10010110

Address #112: 000000
RDWR Bit: 0
Stream Bit: 0
Exchange: 00100011

Address #113: 010100
RDWR Bit: 0
Stream Bit: 0
Exchange: 00101101

Address #114: 101100
RDWR Bit: 1
Stream Bit: 1
Stream Length: 12 (binary: 00001100)
  Data[0]: 10000101 -> 85
  Data[1]: 00001111 -> 0f
  Data[2]: 01101000 -> 68
  Data[3]: 10101000 -> a8
  Data[4]: 00001001 -> 09
  Data[5]: 11110011 -> f3
  Data[6]: 10001011 -> 8b
  Data[7]: 11010111 -> d7
  Data[8]: 01110110 -> 76
  Data[9]: 01010101 -> 55
  Data[10]: 10100001 -> a1
  Data[11]: 11001110 -> ce

Address #121: 110010
RDWR Bit: 1
Stream Bit: 1
Stream Length: 1 (binary: 00000001)
  Data[0]: 10100000 -> a0

Address #123: 001110
RDWR Bit: 1
Stream Bit: 0
Exchange: 11110000

Address #124: 000101
RDWR Bit: 1
Stream Bit: 0
Exchange: 10100010

Address #125: 111000
RDWR Bit: 1
Stream Bit: 1
Stream Length: 12 (binary: 00001100)
  Data[0]: 00101010 -> 2a
  Data[1]: 11111100 -> fc
  Data[2]: 00100100 -> 24
  Data[3]: 01101101 -> 6d
  Data[4]: 01010011 -> 53
  Data[5]: 10010000 -> 90
  Data[6]: 00111010 -> 3a
  Data[7]: 10101111 -> af
  Data[8]: 01000001 -> 41
  Data[9]: 10110100 -> b4
  Data[10]: 00000010 -> 02
  Data[11]: 11110110 -> f6

Address #132: 100011
RDWR Bit: 0
Stream Bit: 0
Exchange: 10110100

Address #133: 000110
RDWR Bit: 1
Stream Bit: 1
Stream Length: 7 (binary: 00000111)
  Data[0]: 01010111 -> 57
  Data[1]: 01100111 -> 67
  Data[2]: 11110101 -> f5
  Data[3]: 11001111 -> cf
  Data[4]: 11110011 -> f3
  Data[5]: 00110001 -> 31
  Data[6]: 10001000 -> 88

Address #137: 111111
RDWR Bit: 1
Stream Bit: 0
Exchange: 01010010

Address #138: 110000
RDWR Bit: 1
Stream Bit: 1
Stream Length: 26 (binary: 00011010)
  Data[0]: 11010110 -> d6
  Data[1]: 11010111 -> d7
  Data[2]: 00100011 -> 23
  Data[3]: 00001101 -> 0d
  Data[4]: 11010111 -> d7
  Data[5]: 11011000 -> d8
  Data[6]: 10101001 -> a9
  Data[7]: 11000101 -> c5
  Data[8]: 10001000 -> 88
  Data[9]: 10000010 -> 82
  Data[10]: 01011110 -> 5e
  Data[11]: 10101110 -> ae
  Data[12]: 01011101 -> 5d
  Data[13]: 01001101 -> 4d
  Data[14]: 00010001 -> 11
  Data[15]: 11010110 -> d6
  Data[16]: 10000000 -> 80
  Data[17]: 00001010 -> 0a
  Data[18]: 00101111 -> 2f
  Data[19]: 01011100 -> 5c
  Data[20]: 01111001 -> 79
  Data[21]: 10010100 -> 94
  Data[22]: 10110001 -> b1
  Data[23]: 00111000 -> 38
  Data[24]: 11100101 -> e5
  Data[25]: 01101111 -> 6f

Address #152: 100000
RDWR Bit: 0
Stream Bit: 0
Exchange: 10110000

Address #153: 011101
RDWR Bit: 1
Stream Bit: 1
Stream Length: 8 (binary: 00001000)
  Data[0]: 01011100 -> 5c
  Data[1]: 10100001 -> a1
  Data[2]: 01000110 -> 46
  Data[3]: 01110000 -> 70
  Data[4]: 00000100 -> 04
  Data[5]: 11110011 -> f3
  Data[6]: 11110000 -> f0
  Data[7]: 01001101 -> 4d

Address #158: 111111
RDWR Bit: 1
Stream Bit: 1
Stream Length: 1 (binary: 00000001)
  Data[0]: 11000110 -> c6

Address #160: 011100
RDWR Bit: 1
Stream Bit: 0
Exchange: 11011001

Address #161: 000000
RDWR Bit: 1
Stream Bit: 0
Exchange: 11001010

Address #162: 100111
RDWR Bit: 0
Stream Bit: 0
Exchange: 01101100

Address #163: 100110
RDWR Bit: 0
Stream Bit: 1
Stream Length: 22 (binary: 00010110)
  Data[0]: 11010101 -> d5
  Data[1]: 10010000 -> 90
  Data[2]: 10101100 -> ac
  Data[3]: 10111001 -> b9
  Data[4]: 11001000 -> c8
  Data[5]: 00010001 -> 11
  Data[6]: 00010001 -> 11
  Data[7]: 01011001 -> 59
  Data[8]: 00010010 -> 12
  Data[9]: 10001011 -> 8b
  Data[10]: 01010110 -> 56
  Data[11]: 11001000 -> c8
  Data[12]: 10100110 -> a6
  Data[13]: 01010011 -> 53
  Data[14]: 10000011 -> 83
  Data[15]: 10011101 -> 9d
  Data[16]: 00000111 -> 07
  Data[17]: 11101110 -> ee
  Data[18]: 00010000 -> 10
  Data[19]: 01111001 -> 79
  Data[20]: 00100001 -> 21
  Data[21]: 10101011 -> ab

Address #175: 010100
RDWR Bit: 1
Stream Bit: 1
Stream Length: 17 (binary: 00010001)
  Data[0]: 11101101 -> ed
  Data[1]: 10011101 -> 9d
  Data[2]: 11011001 -> d9
  Data[3]: 00010000 -> 10
  Data[4]: 01110010 -> 72
  Data[5]: 01110010 -> 72
  Data[6]: 00111111 -> 3f
  Data[7]: 00101100 -> 2c
  Data[8]: 01111110 -> 7e
  Data[9]: 11000111 -> c7
  Data[10]: 10100000 -> a0
  Data[11]: 00000110 -> 06
  Data[12]: 11111101 -> fd
  Data[13]: 00100011 -> 23
  Data[14]: 01101001 -> 69
  Data[15]: 01100001 -> 61
  Data[16]: 10010101 -> 95

Address #184: 110001
RDWR Bit: 0
Stream Bit: 1
Stream Length: 1 (binary: 00000001)
  Data[0]: 11000010 -> c2

Address #186: 110011
RDWR Bit: 1
Stream Bit: 0
Exchange: 11000110

Address #187: 110011
RDWR Bit: 1
Stream Bit: 0
Exchange: 00001100

Address #188: 101000
RDWR Bit: 1
Stream Bit: 0
Exchange: 10100011

Address #189: 000000
RDWR Bit: 1
Stream Bit: 1
Stream Length: 29 (binary: 00011101)
  Data[0]: 11111111 -> ff
  Data[1]: 00010010 -> 12
  Data[2]: 01011010 -> 5a
  Data[3]: 01110001 -> 71
  Data[4]: 11000010 -> c2
  Data[5]: 10101111 -> af
  Data[6]: 00001001 -> 09
  Data[7]: 01100011 -> 63
  Data[8]: 00000000 -> 00
  Data[9]: 10101010 -> aa
  Data[10]: 01010000 -> 50
  Data[11]: 11001110 -> ce
  Data[12]: 11011100 -> dc
  Data[13]: 01100110 -> 66
  Data[14]: 01010001 -> 51
  Data[15]: 11101111 -> ef
  Data[16]: 00100010 -> 22
  Data[17]: 01000110 -> 46
  Data[18]: 11010001 -> d1
  Data[19]: 10000000 -> 80
  Data[20]: 11011110 -> de
  Data[21]: 11010101 -> d5
  Data[22]: 11000001 -> c1
  Data[23]: 11011110 -> de
  Data[24]: 11001100 -> cc
  Data[25]: 11000001 -> c1
  Data[26]: 10100001 -> a1
  Data[27]: 11100100 -> e4
  Data[28]: 11100110 -> e6

Address #204: 011110
RDWR Bit: 0
Stream Bit: 0
Exchange: 10100001

Address #205: 000101
RDWR Bit: 1
Stream Bit: 1
Stream Length: 24 (binary: 00011000)
  Data[0]: 11111001 -> f9
  Data[1]: 00100010 -> 22
  Data[2]: 11101110 -> ee
  Data[3]: 10110000 -> b0
  Data[4]: 10101110 -> ae
  Data[5]: 11100110 -> e6
  Data[6]: 00110001 -> 31
  Data[7]: 10100110 -> a6
  Data[8]: 00001001 -> 09
  Data[9]: 01011010 -> 5a
  Data[10]: 00011100 -> 1c
  Data[11]: 11001111 -> cf
  Data[12]: 10001000 -> 88
  Data[13]: 00011011 -> 1b
  Data[14]: 01001110 -> 4e
  Data[15]: 10000111 -> 87
  Data[16]: 00000011 -> 03
  Data[17]: 00111101 -> 3d
  Data[18]: 10001110 -> 8e
  Data[19]: 00010110 -> 16
  Data[20]: 10010110 -> 96
  Data[21]: 11000011 -> c3
  Data[22]: 10000000 -> 80
  Data[23]: 11100101 -> e5

Address #218: 010110
RDWR Bit: 1
Stream Bit: 1
Stream Length: 18 (binary: 00010010)
  Data[0]: 00011001 -> 19
  Data[1]: 00010110 -> 16
  Data[2]: 10010000 -> 90
  Data[3]: 00100100 -> 24
  Data[4]: 11101001 -> e9
  Data[5]: 01000111 -> 47
  Data[6]: 10010101 -> 95
  Data[7]: 01101010 -> 6a
  Data[8]: 10100111 -> a7
  Data[9]: 11110111 -> f7
  Data[10]: 01001100 -> 4c
  Data[11]: 10110000 -> b0
  Data[12]: 11001101 -> cd
  Data[13]: 01010000 -> 50
  Data[14]: 11011001 -> d9
  Data[15]: 01110111 -> 77
  Data[16]: 01010101 -> 55
  Data[17]: 11100100 -> e4

Address #228: 111000
RDWR Bit: 0
Stream Bit: 1
Stream Length: 24 (binary: 00011000)
  Data[0]: 00000001 -> 01
  Data[1]: 11000110 -> c6
  Data[2]: 11011110 -> de
  Data[3]: 01100011 -> 63
  Data[4]: 11101111 -> ef
  Data[5]: 11100101 -> e5
  Data[6]: 00100111 -> 27
  Data[7]: 10110111 -> b7
  Data[8]: 11011101 -> dd
  Data[9]: 10011110 -> 9e
  Data[10]: 11000101 -> c5
  Data[11]: 11000101 -> c5
  Data[12]: 01100111 -> 67
  Data[13]: 11000111 -> c7
  Data[14]: 10100111 -> a7
  Data[15]: 01001010 -> 4a
  Data[16]: 10110001 -> b1
  Data[17]: 10101110 -> ae
  Data[18]: 10110100 -> b4
  Data[19]: 10100001 -> a1
  Data[20]: 00111110 -> 3e
  Data[21]: 10010100 -> 94
  Data[22]: 10000101 -> 85
  Data[23]: 00001100 -> 0c

Address #241: 110111
RDWR Bit: 1
Stream Bit: 1
Stream Length: 2 (binary: 00000010)
  Data[0]: 11111000 -> f8
  Data[1]: 11110110 -> f6

Address #243: 001010
RDWR Bit: 1
Stream Bit: 1
Stream Length: 17 (binary: 00010001)
  Data[0]: 11011111 -> df
  Data[1]: 10010110 -> 96
  Data[2]: 10010011 -> 93
  Data[3]: 11011010 -> da
  Data[4]: 01011110 -> 5e
  Data[5]: 11011100 -> dc
  Data[6]: 11001001 -> c9
  Data[7]: 00011101 -> 1d
  Data[8]: 01001110 -> 4e
  Data[9]: 01100010 -> 62
  Data[10]: 00101001 -> 29
  Data[11]: 11100010 -> e2
  Data[12]: 10110010 -> b2
  Data[13]: 10100111 -> a7
  Data[14]: 00101000 -> 28
  Data[15]: 10110011 -> b3
  Data[16]: 01100101 -> 65

Address #253: 101011
RDWR Bit: 1
Stream Bit: 0
Exchange: 10001100

Address #254: 101010
RDWR Bit: 0
Stream Bit: 0
Exchange: 11001101

Address #255: 110100
RDWR Bit: 0
Stream Bit: 0
Exchange: 11100000

Address #256: 000111
RDWR Bit: 1
Stream Bit: 0
Exchange: 10110010

Address #257: 000001
RDWR Bit: 0
Stream Bit: 1
Stream Length: 9 (binary: 00001001)
  Data[0]: 01000100 -> 44
  Data[1]: 01011100 -> 5c
  Data[2]: 01100001 -> 61
  Data[3]: 00000110 -> 06
  Data[4]: 10011000 -> 98
  Data[5]: 01001101 -> 4d
  Data[6]: 11100001 -> e1
  Data[7]: 01111000 -> 78
  Data[8]: 11010101 -> d5

Address #262: 000110
RDWR Bit: 1
Stream Bit: 0
Exchange: 11011001

Address #263: 101001
RDWR Bit: 0
Stream Bit: 0
Exchange: 01101011

Address #264: 011001
RDWR Bit: 0
Stream Bit: 0
Exchange: 01001101

Address #265: 011000
RDWR Bit: 0
Stream Bit: 1
Stream Length: 7 (binary: 00000111)
  Data[0]: 10011100 -> 9c
  Data[1]: 01110000 -> 70
  Data[2]: 01101011 -> 6b
  Data[3]: 10101100 -> ac
  Data[4]: 01011100 -> 5c
  Data[5]: 00010110 -> 16
  Data[6]: 01110110 -> 76

Address #270: 000001
RDWR Bit: 0
Stream Bit: 1
Stream Length: 25 (binary: 00011001)
  Data[0]: 11000100 -> c4
  Data[1]: 00100000 -> 20
  Data[2]: 01111100 -> 7c
  Data[3]: 00010000 -> 10
  Data[4]: 11010111 -> d7
  Data[5]: 11110010 -> f2
  Data[6]: 01000010 -> 42
  Data[7]: 10000111 -> 87
  Data[8]: 01010000 -> 50
  Data[9]: 11100110 -> e6
  Data[10]: 10010110 -> 96
  Data[11]: 10010010 -> 92
  Data[12]: 00110100 -> 34
  Data[13]: 00000100 -> 04
  Data[14]: 11101010 -> ea
  Data[15]: 01101010 -> 6a
  Data[16]: 11100110 -> e6
  Data[17]: 00011110 -> 1e
  Data[18]: 11000100 -> c4
  Data[19]: 11000111 -> c7
  Data[20]: 11000101 -> c5
  Data[21]: 00111001 -> 39
  Data[22]: 10011010 -> 9a
  Data[23]: 00010011 -> 13
  Data[24]: 10001011 -> 8b

Address #283: 100100
RDWR Bit: 1
Stream Bit: 0
Exchange: 10100011
