Read a waves file with 6 signals and 6963 samples...
Input has these signals:
	* sclk (1 bits)
	* mosi (1 bits)
	* miso (1 bits)
	* ss (1 bits)
	* cpol (1 bits)
	* cpha (1 bits)

Address #1: 111000
RDWR Bit: 1
Stream Bit: 1
Stream Length: 11 (binary: 00001011)
  Data[0]: 11110111 -> f7
  Data[1]: 00101110 -> 2e
  Data[2]: 10101000 -> a8
  Data[3]: 11011111 -> df
  Data[4]: 11100111 -> e7
  Data[5]: 01110010 -> 72
  Data[6]: 11110011 -> f3
  Data[7]: 01011000 -> 58
  Data[8]: 01111100 -> 7c
  Data[9]: 00001001 -> 09
  Data[10]: 01101101 -> 6d

Address #7: 001100
RDWR Bit: 1
Stream Bit: 1
Stream Length: 9 (binary: 00001001)
  Data[0]: 10100011 -> a3
  Data[1]: 11111110 -> fe
  Data[2]: 11011101 -> dd
  Data[3]: 10001111 -> 8f
  Data[4]: 11000000 -> c0
  Data[5]: 11010001 -> d1
  Data[6]: 10010001 -> 91
  Data[7]: 11110010 -> f2
  Data[8]: 11010000 -> d0

Address #13: 100000
RDWR Bit: 0
Stream Bit: 0
Exchange: 10000000

Address #14: 001000
RDWR Bit: 0
Stream Bit: 0
Exchange: 11000001

Address #15: 101110
RDWR Bit: 1
Stream Bit: 0
Exchange: 10011110

Address #16: 101000
RDWR Bit: 0
Stream Bit: 0
Exchange: 10110111

Address #17: 001110
RDWR Bit: 1
Stream Bit: 0
Exchange: 01111000

Address #18: 001110
RDWR Bit: 0
Stream Bit: 1
Stream Length: 30 (binary: 00011110)
  Data[0]: 10101011 -> ab
  Data[1]: 01010000 -> 50
  Data[2]: 00100001 -> 21
  Data[3]: 01011101 -> 5d
  Data[4]: 01100000 -> 60
  Data[5]: 11001110 -> ce
  Data[6]: 10111100 -> bc
  Data[7]: 01100001 -> 61
  Data[8]: 01000000 -> 40
  Data[9]: 11001101 -> cd
  Data[10]: 01000010 -> 42
  Data[11]: 10111001 -> b9
  Data[12]: 10100000 -> a0
  Data[13]: 01111101 -> 7d
  Data[14]: 01010101 -> 55
  Data[15]: 11111100 -> fc
  Data[16]: 11011110 -> de
  Data[17]: 11011011 -> db
  Data[18]: 01001110 -> 4e
  Data[19]: 01010100 -> 54
  Data[20]: 00011110 -> 1e
  Data[21]: 00111010 -> 3a
  Data[22]: 01011110 -> 5e
  Data[23]: 10100010 -> a2
  Data[24]: 00001111 -> 0f
  Data[25]: 00111111 -> 3f
  Data[26]: 01101101 -> 6d
  Data[27]: 10101011 -> ab
  Data[28]: 01011100 -> 5c
  Data[29]: 00101000 -> 28

Address #34: 100110
RDWR Bit: 1
Stream Bit: 0
Exchange: 11110101

Address #35: 100100
RDWR Bit: 0
Stream Bit: 0
Exchange: 00000000

Address #36: 110110
RDWR Bit: 0
Stream Bit: 0
Exchange: 00110001

Address #37: 111110
RDWR Bit: 0
Stream Bit: 1
Stream Length: 6 (binary: 00000110)
  Data[0]: 10111100 -> bc
  Data[1]: 01111110 -> 7e
  Data[2]: 00011011 -> 1b
  Data[3]: 00110001 -> 31
  Data[4]: 01011011 -> 5b
  Data[5]: 11010101 -> d5

Address #41: 111101
RDWR Bit: 1
Stream Bit: 0
Exchange: 11010011

Address #42: 000111
RDWR Bit: 0
Stream Bit: 0
Exchange: 01111010

Address #43: 110111
RDWR Bit: 0
Stream Bit: 1
Stream Length: 24 (binary: 00011000)
  Data[0]: 10111000 -> b8
  Data[1]: 01010000 -> 50
  Data[2]: 01000011 -> 43
  Data[3]: 00101110 -> 2e
  Data[4]: 01110011 -> 73
  Data[5]: 01010000 -> 50
  Data[6]: 11010111 -> d7
  Data[7]: 10011110 -> 9e
  Data[8]: 10101100 -> ac
  Data[9]: 11010110 -> d6
  Data[10]: 10111111 -> bf
  Data[11]: 10101110 -> ae
  Data[12]: 11101001 -> e9
  Data[13]: 10111001 -> b9
  Data[14]: 10100100 -> a4
  Data[15]: 01010001 -> 51
  Data[16]: 10001110 -> 8e
  Data[17]: 11111110 -> fe
  Data[18]: 01001000 -> 48
  Data[19]: 10101100 -> ac
  Data[20]: 10000111 -> 87
  Data[21]: 10011010 -> 9a
  Data[22]: 10110001 -> b1
  Data[23]: 00010000 -> 10

Address #56: 110110
RDWR Bit: 0
Stream Bit: 0
Exchange: 00100011

Address #57: 110000
RDWR Bit: 1
Stream Bit: 1
Stream Length: 1 (binary: 00000001)
  Data[0]: 11011001 -> d9

Address #58: 101001
RDWR Bit: 0
Stream Bit: 0
Exchange: 10010101

Address #59: 101111
RDWR Bit: 0
Stream Bit: 1
Stream Length: 31 (binary: 00011111)
  Data[0]: 11001010 -> ca
  Data[1]: 01001110 -> 4e
  Data[2]: 11101110 -> ee
  Data[3]: 11010010 -> d2
  Data[4]: 11001011 -> cb
  Data[5]: 10101011 -> ab
  Data[6]: 01000001 -> 41
  Data[7]: 01110110 -> 76
  Data[8]: 01111001 -> 79
  Data[9]: 11010010 -> d2
  Data[10]: 11010010 -> d2
  Data[11]: 01000110 -> 46
  Data[12]: 00000010 -> 02
  Data[13]: 01111110 -> 7e
  Data[14]: 10010111 -> 97
  Data[15]: 01101110 -> 6e
  Data[16]: 01010110 -> 56
  Data[17]: 00100000 -> 20
  Data[18]: 00100111 -> 27
  Data[19]: 00001000 -> 08
  Data[20]: 11011100 -> dc
  Data[21]: 00000011 -> 03
  Data[22]: 10110000 -> b0
  Data[23]: 01011011 -> 5b
  Data[24]: 10001011 -> 8b
  Data[25]: 00111000 -> 38
  Data[26]: 00010101 -> 15
  Data[27]: 10110111 -> b7
  Data[28]: 11110001 -> f1
  Data[29]: 11001111 -> cf
  Data[30]: 10000000 -> 80

Address #76: 101110
RDWR Bit: 0
Stream Bit: 1
Stream Length: 25 (binary: 00011001)
  Data[0]: 01100110 -> 66
  Data[1]: 00110110 -> 36
  Data[2]: 10010110 -> 96
  Data[3]: 10111000 -> b8
  Data[4]: 00011010 -> 1a
  Data[5]: 01010000 -> 50
  Data[6]: 01000000 -> 40
  Data[7]: 01100000 -> 60
  Data[8]: 01011111 -> 5f
  Data[9]: 11000100 -> c4
  Data[10]: 10010100 -> 94
  Data[11]: 00001100 -> 0c
  Data[12]: 10011111 -> 9f
  Data[13]: 00011010 -> 1a
  Data[14]: 00001111 -> 0f
  Data[15]: 01111000 -> 78
  Data[16]: 10001100 -> 8c
  Data[17]: 00001010 -> 0a
  Data[18]: 00001101 -> 0d
  Data[19]: 00000010 -> 02
  Data[20]: 00111101 -> 3d
  Data[21]: 01100001 -> 61
  Data[22]: 01011101 -> 5d
  Data[23]: 11010001 -> d1
  Data[24]: 10001111 -> 8f

Address #89: 101101
RDWR Bit: 0
Stream Bit: 1
Stream Length: 2 (binary: 00000010)
  Data[0]: 11001001 -> c9
  Data[1]: 11001011 -> cb

Address #91: 010010
RDWR Bit: 0
Stream Bit: 0
Exchange: 10100111

Address #92: 100001
RDWR Bit: 0
Stream Bit: 0
Exchange: 00011111

Address #93: 100101
RDWR Bit: 0
Stream Bit: 1
Stream Length: 9 (binary: 00001001)
  Data[0]: 11110000 -> f0
  Data[1]: 01101110 -> 6e
  Data[2]: 10010001 -> 91
  Data[3]: 01001001 -> 49
  Data[4]: 00111111 -> 3f
  Data[5]: 10110000 -> b0
  Data[6]: 10110101 -> b5
  Data[7]: 10001111 -> 8f
  Data[8]: 00100010 -> 22

Address #99: 000001
RDWR Bit: 1
Stream Bit: 0
Exchange: 00101001

Address #100: 101101
RDWR Bit: 1
Stream Bit: 0
Exchange: 11011111

Address #101: 100100
RDWR Bit: 1
Stream Bit: 0
Exchange: 10000100

Address #102: 101000
RDWR Bit: 1
Stream Bit: 0
Exchange: 11011011

Address #103: 001000
RDWR Bit: 1
Stream Bit: 0
Exchange: 11101110

Address #104: 100111
RDWR Bit: 1
Stream Bit: 0
Exchange: 10101001

Address #105: 011010
RDWR Bit: 1
Stream Bit: 0
Exchange: 11100101

Address #106: 011010
RDWR Bit: 0
Stream Bit: 1
Stream Length: 9 (binary: 00001001)
  Data[0]: 01010111 -> 57
  Data[1]: 10111100 -> bc
  Data[2]: 11110100 -> f4
  Data[3]: 01111111 -> 7f
  Data[4]: 10101011 -> ab
  Data[5]: 11111110 -> fe
  Data[6]: 01101101 -> 6d
  Data[7]: 00010000 -> 10
  Data[8]: 10101101 -> ad

Address #111: 001110
RDWR Bit: 0
Stream Bit: 0
Exchange: 01101101

Address #112: 111111
RDWR Bit: 0
Stream Bit: 0
Exchange: 10100011

Address #113: 000101
RDWR Bit: 1
Stream Bit: 0
Exchange: 00011010

Address #114: 010011
RDWR Bit: 1
Stream Bit: 0
Exchange: 10100010

Address #115: 010100
RDWR Bit: 0
Stream Bit: 1
Stream Length: 31 (binary: 00011111)
  Data[0]: 11000100 -> c4
  Data[1]: 01011111 -> 5f
  Data[2]: 00010000 -> 10
  Data[3]: 00111110 -> 3e
  Data[4]: 00101000 -> 28
  Data[5]: 11110111 -> f7
  Data[6]: 01101101 -> 6d
  Data[7]: 11100010 -> e2
  Data[8]: 00001010 -> 0a
  Data[9]: 11001100 -> cc
  Data[10]: 11001011 -> cb
  Data[11]: 10000101 -> 85
  Data[12]: 10001001 -> 89
  Data[13]: 00101001 -> 29
  Data[14]: 01011100 -> 5c
  Data[15]: 01111100 -> 7c
  Data[16]: 00100101 -> 25
  Data[17]: 00011111 -> 1f
  Data[18]: 01011011 -> 5b
  Data[19]: 10110000 -> b0
  Data[20]: 00101001 -> 29
  Data[21]: 00010111 -> 17
  Data[22]: 01011110 -> 5e
  Data[23]: 10011000 -> 98
  Data[24]: 00011001 -> 19
  Data[25]: 11001011 -> cb
  Data[26]: 11111010 -> fa
  Data[27]: 00100011 -> 23
  Data[28]: 11101101 -> ed
  Data[29]: 01001001 -> 49
  Data[30]: 10000111 -> 87

Address #132: 001001
RDWR Bit: 1
Stream Bit: 0
Exchange: 00000111

Address #133: 100010
RDWR Bit: 1
Stream Bit: 0
Exchange: 00100101

Address #134: 000110
RDWR Bit: 0
Stream Bit: 0
Exchange: 00000001

Address #135: 010001
RDWR Bit: 1
Stream Bit: 0
Exchange: 01000010

Address #136: 000101
RDWR Bit: 1
Stream Bit: 1
Stream Length: 2 (binary: 00000010)
  Data[0]: 11000010 -> c2
  Data[1]: 10011010 -> 9a

Address #138: 111110
RDWR Bit: 1
Stream Bit: 0
Exchange: 10110111

Address #139: 101010
RDWR Bit: 1
Stream Bit: 0
Exchange: 00111101

Address #140: 101010
RDWR Bit: 0
Stream Bit: 0
Exchange: 01011010

Address #141: 110111
RDWR Bit: 1
Stream Bit: 0
Exchange: 11101111

Address #142: 111110
RDWR Bit: 0
Stream Bit: 0
Exchange: 00001000

Address #143: 011010
RDWR Bit: 0
Stream Bit: 1
Stream Length: 1 (binary: 00000001)
  Data[0]: 10001000 -> 88

Address #144: 011101
RDWR Bit: 1
Stream Bit: 1
Stream Length: 27 (binary: 00011011)
  Data[0]: 10010110 -> 96
  Data[1]: 10011010 -> 9a
  Data[2]: 01111100 -> 7c
  Data[3]: 11100011 -> e3
  Data[4]: 11101110 -> ee
  Data[5]: 00110110 -> 36
  Data[6]: 01101000 -> 68
  Data[7]: 00010110 -> 16
  Data[8]: 10010011 -> 93
  Data[9]: 11010000 -> d0
  Data[10]: 11100111 -> e7
  Data[11]: 11001111 -> cf
  Data[12]: 01000111 -> 47
  Data[13]: 10000101 -> 85
  Data[14]: 10100011 -> a3
  Data[15]: 11100101 -> e5
  Data[16]: 01000010 -> 42
  Data[17]: 11011001 -> d9
  Data[18]: 01100111 -> 67
  Data[19]: 10101101 -> ad
  Data[20]: 01010001 -> 51
  Data[21]: 11110000 -> f0
  Data[22]: 00100011 -> 23
  Data[23]: 00010110 -> 16
  Data[24]: 10111100 -> bc
  Data[25]: 00010000 -> 10
  Data[26]: 00011101 -> 1d

Address #159: 111100
RDWR Bit: 0
Stream Bit: 0
Exchange: 10000111

Address #160: 010011
RDWR Bit: 1
Stream Bit: 1
Stream Length: 13 (binary: 00001101)
  Data[0]: 00101111 -> 2f
  Data[1]: 11100100 -> e4
  Data[2]: 00010010 -> 12
  Data[3]: 10111000 -> b8
  Data[4]: 00100110 -> 26
  Data[5]: 10101111 -> af
  Data[6]: 00100101 -> 25
  Data[7]: 00001111 -> 0f
  Data[8]: 00101101 -> 2d
  Data[9]: 01110110 -> 76
  Data[10]: 01011001 -> 59
  Data[11]: 01110101 -> 75
  Data[12]: 11110011 -> f3

Address #167: 110000
RDWR Bit: 1
Stream Bit: 0
Exchange: 10000011

Address #168: 110011
RDWR Bit: 0
Stream Bit: 0
Exchange: 00111000

Address #169: 001011
RDWR Bit: 1
Stream Bit: 0
Exchange: 10101100

Address #170: 110000
RDWR Bit: 1
Stream Bit: 0
Exchange: 01111101

Address #171: 101111
RDWR Bit: 1
Stream Bit: 1
Stream Length: 8 (binary: 00001000)
  Data[0]: 11110100 -> f4
  Data[1]: 11100111 -> e7
  Data[2]: 00110011 -> 33
  Data[3]: 10101001 -> a9
  Data[4]: 10010110 -> 96
  Data[5]: 01001001 -> 49
  Data[6]: 10000100 -> 84
  Data[7]: 10010100 -> 94

Address #176: 101010
RDWR Bit: 0
Stream Bit: 0
Exchange: 10111010

Address #177: 111110
RDWR Bit: 1
Stream Bit: 0
Exchange: 01011100

Address #178: 101010
RDWR Bit: 1
Stream Bit: 0
Exchange: 00111100

Address #179: 101111
RDWR Bit: 1
Stream Bit: 0
Exchange: 01011011

Address #180: 011100
RDWR Bit: 0
Stream Bit: 0
Exchange: 11100101

Address #181: 100010
RDWR Bit: 1
Stream Bit: 1
Stream Length: 27 (binary: 00011011)
  Data[0]: 10001110 -> 8e
  Data[1]: 00110001 -> 31
  Data[2]: 01111111 -> 7f
  Data[3]: 00011011 -> 1b
  Data[4]: 11110101 -> f5
  Data[5]: 11000111 -> c7
  Data[6]: 10101100 -> ac
  Data[7]: 01000010 -> 42
  Data[8]: 01110110 -> 76
  Data[9]: 00111110 -> 3e
  Data[10]: 01111111 -> 7f
  Data[11]: 01001101 -> 4d
  Data[12]: 10100110 -> a6
  Data[13]: 01101101 -> 6d
  Data[14]: 00110100 -> 34
  Data[15]: 11110110 -> f6
  Data[16]: 01011000 -> 58
  Data[17]: 11110110 -> f6
  Data[18]: 00010010 -> 12
  Data[19]: 01010111 -> 57
  Data[20]: 10111100 -> bc
  Data[21]: 11011010 -> da
  Data[22]: 01110101 -> 75
  Data[23]: 00010101 -> 15
  Data[24]: 00001010 -> 0a
  Data[25]: 10111111 -> bf
  Data[26]: 11000100 -> c4

Address #196: 100000
RDWR Bit: 1
Stream Bit: 1
Stream Length: 29 (binary: 00011101)
  Data[0]: 10010101 -> 95
  Data[1]: 10111001 -> b9
  Data[2]: 00011110 -> 1e
  Data[3]: 11001100 -> cc
  Data[4]: 00001000 -> 08
  Data[5]: 11101001 -> e9
  Data[6]: 00110101 -> 35
  Data[7]: 01000111 -> 47
  Data[8]: 01001011 -> 4b
  Data[9]: 11011100 -> dc
  Data[10]: 11100110 -> e6
  Data[11]: 11101100 -> ec
  Data[12]: 10100101 -> a5
  Data[13]: 10001001 -> 89
  Data[14]: 10101000 -> a8
  Data[15]: 00101011 -> 2b
  Data[16]: 10110010 -> b2
  Data[17]: 11001110 -> ce
  Data[18]: 01101000 -> 68
  Data[19]: 01001000 -> 48
  Data[20]: 11100101 -> e5
  Data[21]: 10111001 -> b9
  Data[22]: 11001000 -> c8
  Data[23]: 01111001 -> 79
  Data[24]: 10110000 -> b0
  Data[25]: 10011000 -> 98
  Data[26]: 11010000 -> d0
  Data[27]: 00100110 -> 26
  Data[28]: 00000000 -> 00

Address #211: 000100
RDWR Bit: 1
Stream Bit: 0
Exchange: 01100111
