Read a waves file with 6 signals and 10179 samples...
Input has these signals:
	* sclk (1 bits)
	* mosi (1 bits)
	* miso (1 bits)
	* ss (1 bits)
	* cpol (1 bits)
	* cpha (1 bits)

Address #1: 100001
RDWR Bit: 1
Stream Bit: 1
Stream Length: 12 (binary: 00001100)
  Data[0]: 10100001 -> a1
  Data[1]: 00000110 -> 06
  Data[2]: 00001110 -> 0e
  Data[3]: 10111101 -> bd
  Data[4]: 00010000 -> 10
  Data[5]: 11010101 -> d5
  Data[6]: 00100000 -> 20
  Data[7]: 10010000 -> 90
  Data[8]: 01100010 -> 62
  Data[9]: 00110111 -> 37
  Data[10]: 10101001 -> a9
  Data[11]: 11110101 -> f5

Address #8: 110111
RDWR Bit: 1
Stream Bit: 1
Stream Length: 2 (binary: 00000010)
  Data[0]: 00101111 -> 2f
  Data[1]: 00001000 -> 08

Address #10: 010011
RDWR Bit: 1
Stream Bit: 0
Exchange: 11001010

Address #11: 001100
RDWR Bit: 1
Stream Bit: 0
Exchange: 01111010

Address #12: 110011
RDWR Bit: 0
Stream Bit: 0
Exchange: 10100111

Address #13: 111100
RDWR Bit: 0
Stream Bit: 1
Stream Length: 18 (binary: 00010010)
  Data[0]: 10010010 -> 92
  Data[1]: 00100011 -> 23
  Data[2]: 01111101 -> 7d
  Data[3]: 01010001 -> 51
  Data[4]: 11011110 -> de
  Data[5]: 11101100 -> ec
  Data[6]: 11000111 -> c7
  Data[7]: 01111011 -> 7b
  Data[8]: 10011010 -> 9a
  Data[9]: 10101011 -> ab
  Data[10]: 11111000 -> f8
  Data[11]: 00101110 -> 2e
  Data[12]: 10011011 -> 9b
  Data[13]: 11000010 -> c2
  Data[14]: 01111101 -> 7d
  Data[15]: 11000010 -> c2
  Data[16]: 11101100 -> ec
  Data[17]: 00101011 -> 2b

Address #23: 000010
RDWR Bit: 0
Stream Bit: 0
Exchange: 10011101

Address #24: 110011
RDWR Bit: 1
Stream Bit: 1
Stream Length: 27 (binary: 00011011)
  Data[0]: 10000010 -> 82
  Data[1]: 00110000 -> 30
  Data[2]: 10100000 -> a0
  Data[3]: 11010101 -> d5
  Data[4]: 01110111 -> 77
  Data[5]: 00010000 -> 10
  Data[6]: 10001111 -> 8f
  Data[7]: 01111010 -> 7a
  Data[8]: 00011111 -> 1f
  Data[9]: 01110001 -> 71
  Data[10]: 01010010 -> 52
  Data[11]: 00000001 -> 01
  Data[12]: 10111111 -> bf
  Data[13]: 11010110 -> d6
  Data[14]: 10111111 -> bf
  Data[15]: 11110100 -> f4
  Data[16]: 10001110 -> 8e
  Data[17]: 11110100 -> f4
  Data[18]: 00001001 -> 09
  Data[19]: 01110010 -> 72
  Data[20]: 11101011 -> eb
  Data[21]: 01000010 -> 42
  Data[22]: 00100000 -> 20
  Data[23]: 00011110 -> 1e
  Data[24]: 10011111 -> 9f
  Data[25]: 00101110 -> 2e
  Data[26]: 01011011 -> 5b

Address #38: 111111
RDWR Bit: 0
Stream Bit: 1
Stream Length: 14 (binary: 00001110)
  Data[0]: 00110000 -> 30
  Data[1]: 11001110 -> ce
  Data[2]: 11110000 -> f0
  Data[3]: 10101111 -> af
  Data[4]: 11111010 -> fa
  Data[5]: 11001001 -> c9
  Data[6]: 11110011 -> f3
  Data[7]: 00100110 -> 26
  Data[8]: 00110100 -> 34
  Data[9]: 11110101 -> f5
  Data[10]: 10011101 -> 9d
  Data[11]: 11111110 -> fe
  Data[12]: 10110001 -> b1
  Data[13]: 01101100 -> 6c

Address #46: 011110
RDWR Bit: 0
Stream Bit: 1
Stream Length: 12 (binary: 00001100)
  Data[0]: 00100011 -> 23
  Data[1]: 11111000 -> f8
  Data[2]: 11101000 -> e8
  Data[3]: 01011000 -> 58
  Data[4]: 01010101 -> 55
  Data[5]: 00110011 -> 33
  Data[6]: 11110101 -> f5
  Data[7]: 11110111 -> f7
  Data[8]: 00100101 -> 25
  Data[9]: 10001010 -> 8a
  Data[10]: 01000100 -> 44
  Data[11]: 01001101 -> 4d

Address #53: 100011
RDWR Bit: 1
Stream Bit: 1
Stream Length: 3 (binary: 00000011)
  Data[0]: 01100011 -> 63
  Data[1]: 00110100 -> 34
  Data[2]: 00110001 -> 31

Address #56: 111111
RDWR Bit: 1
Stream Bit: 0
Exchange: 10101100

Address #57: 010111
RDWR Bit: 0
Stream Bit: 0
Exchange: 01100100

Address #58: 110010
RDWR Bit: 0
Stream Bit: 1
Stream Length: 18 (binary: 00010010)
  Data[0]: 01101100 -> 6c
  Data[1]: 10000001 -> 81
  Data[2]: 01111011 -> 7b
  Data[3]: 00100011 -> 23
  Data[4]: 00110000 -> 30
  Data[5]: 10010110 -> 96
  Data[6]: 00101011 -> 2b
  Data[7]: 11000111 -> c7
  Data[8]: 00101101 -> 2d
  Data[9]: 11111100 -> fc
  Data[10]: 11110000 -> f0
  Data[11]: 10011010 -> 9a
  Data[12]: 00011110 -> 1e
  Data[13]: 00011010 -> 1a
  Data[14]: 11010101 -> d5
  Data[15]: 00010001 -> 11
  Data[16]: 01101111 -> 6f
  Data[17]: 11100010 -> e2

Address #68: 110101
RDWR Bit: 0
Stream Bit: 1
Stream Length: 10 (binary: 00001010)
  Data[0]: 01111001 -> 79
  Data[1]: 11110100 -> f4
  Data[2]: 01101001 -> 69
  Data[3]: 01011010 -> 5a
  Data[4]: 00101100 -> 2c
  Data[5]: 11111100 -> fc
  Data[6]: 10100111 -> a7
  Data[7]: 01111010 -> 7a
  Data[8]: 01100111 -> 67
  Data[9]: 11101110 -> ee

Address #74: 000100
RDWR Bit: 1
Stream Bit: 0
Exchange: 10000001

Address #75: 001000
RDWR Bit: 0
Stream Bit: 1
Stream Length: 7 (binary: 00000111)
  Data[0]: 11010111 -> d7
  Data[1]: 01101011 -> 6b
  Data[2]: 00101101 -> 2d
  Data[3]: 10000100 -> 84
  Data[4]: 10110010 -> b2
  Data[5]: 11001110 -> ce
  Data[6]: 10001101 -> 8d

Address #79: 011001
RDWR Bit: 0
Stream Bit: 0
Exchange: 11011111

Address #80: 011110
RDWR Bit: 1
Stream Bit: 1
Stream Length: 27 (binary: 00011011)
  Data[0]: 00000011 -> 03
  Data[1]: 10001111 -> 8f
  Data[2]: 11000001 -> c1
  Data[3]: 11100010 -> e2
  Data[4]: 11100111 -> e7
  Data[5]: 10110100 -> b4
  Data[6]: 11101011 -> eb
  Data[7]: 11100011 -> e3
  Data[8]: 01111001 -> 79
  Data[9]: 00001010 -> 0a
  Data[10]: 01100010 -> 62
  Data[11]: 01111011 -> 7b
  Data[12]: 11011111 -> df
  Data[13]: 10011111 -> 9f
  Data[14]: 00100000 -> 20
  Data[15]: 10001111 -> 8f
  Data[16]: 00010111 -> 17
  Data[17]: 00001001 -> 09
  Data[18]: 11111111 -> ff
  Data[19]: 10101011 -> ab
  Data[20]: 01011100 -> 5c
  Data[21]: 00011011 -> 1b
  Data[22]: 10011000 -> 98
  Data[23]: 01010001 -> 51
  Data[24]: 01110111 -> 77
  Data[25]: 11011001 -> d9
  Data[26]: 11111111 -> ff

Address #95: 010110
RDWR Bit: 1
Stream Bit: 0
Exchange: 00100001

Address #96: 001001
RDWR Bit: 1
Stream Bit: 0
Exchange: 00110111

Address #97: 010101
RDWR Bit: 1
Stream Bit: 0
Exchange: 11001011

Address #98: 010011
RDWR Bit: 1
Stream Bit: 1
Stream Length: 18 (binary: 00010010)
  Data[0]: 10000000 -> 80
  Data[1]: 01101100 -> 6c
  Data[2]: 00001011 -> 0b
  Data[3]: 00011000 -> 18
  Data[4]: 00100011 -> 23
  Data[5]: 10011101 -> 9d
  Data[6]: 11010100 -> d4
  Data[7]: 01111001 -> 79
  Data[8]: 11110100 -> f4
  Data[9]: 11100000 -> e0
  Data[10]: 10011100 -> 9c
  Data[11]: 00001001 -> 09
  Data[12]: 00100111 -> 27
  Data[13]: 10001100 -> 8c
  Data[14]: 11101111 -> ef
  Data[15]: 01001010 -> 4a
  Data[16]: 01010001 -> 51
  Data[17]: 10011100 -> 9c

Address #108: 101110
RDWR Bit: 0
Stream Bit: 0
Exchange: 11010110

Address #109: 010000
RDWR Bit: 1
Stream Bit: 0
Exchange: 01000010

Address #110: 011110
RDWR Bit: 1
Stream Bit: 1
Stream Length: 1 (binary: 00000001)
  Data[0]: 00110001 -> 31

Address #111: 011100
RDWR Bit: 0
Stream Bit: 1
Stream Length: 17 (binary: 00010001)
  Data[0]: 11011111 -> df
  Data[1]: 11111011 -> fb
  Data[2]: 00101010 -> 2a
  Data[3]: 01010101 -> 55
  Data[4]: 10001011 -> 8b
  Data[5]: 01101111 -> 6f
  Data[6]: 01011010 -> 5a
  Data[7]: 11100001 -> e1
  Data[8]: 10110011 -> b3
  Data[9]: 00101010 -> 2a
  Data[10]: 11011001 -> d9
  Data[11]: 00010001 -> 11
  Data[12]: 11000110 -> c6
  Data[13]: 01100011 -> 63
  Data[14]: 00000110 -> 06
  Data[15]: 11111011 -> fb
  Data[16]: 00000001 -> 01

Address #121: 100110
RDWR Bit: 0
Stream Bit: 0
Exchange: 00110111

Address #122: 000000
RDWR Bit: 1
Stream Bit: 0
Exchange: 00101010

Address #123: 000000
RDWR Bit: 1
Stream Bit: 1
Stream Length: 26 (binary: 00011010)
  Data[0]: 01100111 -> 67
  Data[1]: 01101010 -> 6a
  Data[2]: 11110111 -> f7
  Data[3]: 00100010 -> 22
  Data[4]: 01111011 -> 7b
  Data[5]: 11101001 -> e9
  Data[6]: 00000101 -> 05
  Data[7]: 11011111 -> df
  Data[8]: 10110001 -> b1
  Data[9]: 01011111 -> 5f
  Data[10]: 01111000 -> 78
  Data[11]: 00010100 -> 14
  Data[12]: 00010011 -> 13
  Data[13]: 11100000 -> e0
  Data[14]: 00111100 -> 3c
  Data[15]: 10001011 -> 8b
  Data[16]: 11000000 -> c0
  Data[17]: 11001010 -> ca
  Data[18]: 11111101 -> fd
  Data[19]: 10100011 -> a3
  Data[20]: 11101011 -> eb
  Data[21]: 11010101 -> d5
  Data[22]: 10110101 -> b5
  Data[23]: 10111111 -> bf
  Data[24]: 10111100 -> bc
  Data[25]: 01100001 -> 61

Address #137: 110111
RDWR Bit: 1
Stream Bit: 1
Stream Length: 23 (binary: 00010111)
  Data[0]: 10011011 -> 9b
  Data[1]: 01001101 -> 4d
  Data[2]: 00000111 -> 07
  Data[3]: 11000011 -> c3
  Data[4]: 11010010 -> d2
  Data[5]: 10001111 -> 8f
  Data[6]: 01110101 -> 75
  Data[7]: 10010011 -> 93
  Data[8]: 00100110 -> 26
  Data[9]: 11000110 -> c6
  Data[10]: 10110010 -> b2
  Data[11]: 10001011 -> 8b
  Data[12]: 00100011 -> 23
  Data[13]: 01010011 -> 53
  Data[14]: 11111011 -> fb
  Data[15]: 00011011 -> 1b
  Data[16]: 00100110 -> 26
  Data[17]: 10111110 -> be
  Data[18]: 00000010 -> 02
  Data[19]: 11010001 -> d1
  Data[20]: 00011100 -> 1c
  Data[21]: 00111001 -> 39
  Data[22]: 01110101 -> 75

Address #149: 000111
RDWR Bit: 1
Stream Bit: 0
Exchange: 10100010

Address #150: 000101
RDWR Bit: 1
Stream Bit: 1
Stream Length: 24 (binary: 00011000)
  Data[0]: 01001111 -> 4f
  Data[1]: 00001100 -> 0c
  Data[2]: 11011011 -> db
  Data[3]: 00110001 -> 31
  Data[4]: 01010000 -> 50
  Data[5]: 01001000 -> 48
  Data[6]: 10110110 -> b6
  Data[7]: 00000000 -> 00
  Data[8]: 00110111 -> 37
  Data[9]: 00110001 -> 31
  Data[10]: 01111010 -> 7a
  Data[11]: 11100001 -> e1
  Data[12]: 01110011 -> 73
  Data[13]: 11101101 -> ed
  Data[14]: 11010111 -> d7
  Data[15]: 01010100 -> 54
  Data[16]: 01101000 -> 68
  Data[17]: 00111000 -> 38
  Data[18]: 00000110 -> 06
  Data[19]: 11111010 -> fa
  Data[20]: 00110010 -> 32
  Data[21]: 11100010 -> e2
  Data[22]: 10001011 -> 8b
  Data[23]: 00010001 -> 11

Address #163: 110010
RDWR Bit: 1
Stream Bit: 0
Exchange: 01110010

Address #164: 101000
RDWR Bit: 0
Stream Bit: 0
Exchange: 10100011

Address #165: 100100
RDWR Bit: 1
Stream Bit: 1
Stream Length: 7 (binary: 00000111)
  Data[0]: 00001110 -> 0e
  Data[1]: 01110001 -> 71
  Data[2]: 00000101 -> 05
  Data[3]: 10101001 -> a9
  Data[4]: 01001111 -> 4f
  Data[5]: 11111011 -> fb
  Data[6]: 00111110 -> 3e

Address #170: 000001
RDWR Bit: 1
Stream Bit: 0
Exchange: 00100100

Address #171: 101000
RDWR Bit: 1
Stream Bit: 1
Stream Length: 1 (binary: 00000001)
  Data[0]: 10001111 -> 8f

Address #172: 101011
RDWR Bit: 0
Stream Bit: 1
Stream Length: 18 (binary: 00010010)
  Data[0]: 00010010 -> 12
  Data[1]: 00101111 -> 2f
  Data[2]: 00000111 -> 07
  Data[3]: 10001111 -> 8f
  Data[4]: 00111101 -> 3d
  Data[5]: 10110110 -> b6
  Data[6]: 10111001 -> b9
  Data[7]: 11011101 -> dd
  Data[8]: 10101011 -> ab
  Data[9]: 11111111 -> ff
  Data[10]: 11110001 -> f1
  Data[11]: 10010100 -> 94
  Data[12]: 11111001 -> f9
  Data[13]: 10110101 -> b5
  Data[14]: 00001000 -> 08
  Data[15]: 11100100 -> e4
  Data[16]: 11001100 -> cc
  Data[17]: 00101000 -> 28

Address #182: 010110
RDWR Bit: 1
Stream Bit: 1
Stream Length: 26 (binary: 00011010)
  Data[0]: 10001001 -> 89
  Data[1]: 00110000 -> 30
  Data[2]: 11111101 -> fd
  Data[3]: 10101010 -> aa
  Data[4]: 11100101 -> e5
  Data[5]: 10001011 -> 8b
  Data[6]: 01000010 -> 42
  Data[7]: 11101000 -> e8
  Data[8]: 10001100 -> 8c
  Data[9]: 00100011 -> 23
  Data[10]: 00110000 -> 30
  Data[11]: 10100110 -> a6
  Data[12]: 11100111 -> e7
  Data[13]: 11011110 -> de
  Data[14]: 10101101 -> ad
  Data[15]: 10101110 -> ae
  Data[16]: 10010100 -> 94
  Data[17]: 11100001 -> e1
  Data[18]: 10101101 -> ad
  Data[19]: 10010101 -> 95
  Data[20]: 00110111 -> 37
  Data[21]: 00011000 -> 18
  Data[22]: 10111000 -> b8
  Data[23]: 00111010 -> 3a
  Data[24]: 01110111 -> 77
  Data[25]: 11000000 -> c0

Address #196: 101110
RDWR Bit: 0
Stream Bit: 0
Exchange: 00011111

Address #197: 010111
RDWR Bit: 1
Stream Bit: 0
Exchange: 01001000

Address #198: 011101
RDWR Bit: 1
Stream Bit: 0
Exchange: 10000101

Address #199: 000110
RDWR Bit: 0
Stream Bit: 1
Stream Length: 31 (binary: 00011111)
  Data[0]: 10010000 -> 90
  Data[1]: 10011100 -> 9c
  Data[2]: 01000001 -> 41
  Data[3]: 00000000 -> 00
  Data[4]: 00000110 -> 06
  Data[5]: 11000011 -> c3
  Data[6]: 11100010 -> e2
  Data[7]: 11100100 -> e4
  Data[8]: 10101111 -> af
  Data[9]: 01011010 -> 5a
  Data[10]: 01010101 -> 55
  Data[11]: 10011011 -> 9b
  Data[12]: 11111110 -> fe
  Data[13]: 01011011 -> 5b
  Data[14]: 11001010 -> ca
  Data[15]: 01100101 -> 65
  Data[16]: 01011010 -> 5a
  Data[17]: 11001100 -> cc
  Data[18]: 10100001 -> a1
  Data[19]: 10110111 -> b7
  Data[20]: 01011000 -> 58
  Data[21]: 00010000 -> 10
  Data[22]: 00000010 -> 02
  Data[23]: 01100001 -> 61
  Data[24]: 10111111 -> bf
  Data[25]: 00011101 -> 1d
  Data[26]: 00001000 -> 08
  Data[27]: 00110101 -> 35
  Data[28]: 11001110 -> ce
  Data[29]: 01011001 -> 59
  Data[30]: 00011101 -> 1d

Address #216: 111100
RDWR Bit: 0
Stream Bit: 1
Stream Length: 15 (binary: 00001111)
  Data[0]: 00101001 -> 29
  Data[1]: 01110011 -> 73
  Data[2]: 01101001 -> 69
  Data[3]: 10100101 -> a5
  Data[4]: 00111001 -> 39
  Data[5]: 11110010 -> f2
  Data[6]: 00101101 -> 2d
  Data[7]: 00110100 -> 34
  Data[8]: 00100101 -> 25
  Data[9]: 10011101 -> 9d
  Data[10]: 00101111 -> 2f
  Data[11]: 01110111 -> 77
  Data[12]: 01100000 -> 60
  Data[13]: 10110000 -> b0
  Data[14]: 00110000 -> 30

Address #224: 111001
RDWR Bit: 0
Stream Bit: 1
Stream Length: 15 (binary: 00001111)
  Data[0]: 11111001 -> f9
  Data[1]: 10010110 -> 96
  Data[2]: 10100000 -> a0
  Data[3]: 11111100 -> fc
  Data[4]: 11000111 -> c7
  Data[5]: 01010100 -> 54
  Data[6]: 01100010 -> 62
  Data[7]: 10010101 -> 95
  Data[8]: 11011110 -> de
  Data[9]: 10110110 -> b6
  Data[10]: 00000111 -> 07
  Data[11]: 10000000 -> 80
  Data[12]: 01010000 -> 50
  Data[13]: 11000110 -> c6
  Data[14]: 00001101 -> 0d

Address #233: 011110
RDWR Bit: 1
Stream Bit: 0
Exchange: 10101110

Address #234: 011010
RDWR Bit: 1
Stream Bit: 0
Exchange: 11110000

Address #235: 011101
RDWR Bit: 1
Stream Bit: 1
Stream Length: 20 (binary: 00010100)
  Data[0]: 01000101 -> 45
  Data[1]: 11011000 -> d8
  Data[2]: 10011001 -> 99
  Data[3]: 01000010 -> 42
  Data[4]: 00100000 -> 20
  Data[5]: 00011101 -> 1d
  Data[6]: 01111011 -> 7b
  Data[7]: 10010110 -> 96
  Data[8]: 10101110 -> ae
  Data[9]: 11100000 -> e0
  Data[10]: 00111000 -> 38
  Data[11]: 11111011 -> fb
  Data[12]: 00000001 -> 01
  Data[13]: 01111111 -> 7f
  Data[14]: 11111100 -> fc
  Data[15]: 00101101 -> 2d
  Data[16]: 11110101 -> f5
  Data[17]: 01011110 -> 5e
  Data[18]: 00011110 -> 1e
  Data[19]: 10101110 -> ae

Address #246: 011111
RDWR Bit: 1
Stream Bit: 0
Exchange: 00000000

Address #247: 010010
RDWR Bit: 1
Stream Bit: 1
Stream Length: 11 (binary: 00001011)
  Data[0]: 00000101 -> 05
  Data[1]: 11101111 -> ef
  Data[2]: 10001000 -> 88
  Data[3]: 01111100 -> 7c
  Data[4]: 10100011 -> a3
  Data[5]: 11001111 -> cf
  Data[6]: 00011101 -> 1d
  Data[7]: 00101101 -> 2d
  Data[8]: 00100100 -> 24
  Data[9]: 01110011 -> 73
  Data[10]: 01000011 -> 43

Address #253: 110110
RDWR Bit: 1
Stream Bit: 0
Exchange: 01100101

Address #254: 011101
RDWR Bit: 0
Stream Bit: 0
Exchange: 01000000

Address #255: 110111
RDWR Bit: 0
Stream Bit: 1
Stream Length: 9 (binary: 00001001)
  Data[0]: 01101011 -> 6b
  Data[1]: 01101011 -> 6b
  Data[2]: 00001010 -> 0a
  Data[3]: 01110010 -> 72
  Data[4]: 11111001 -> f9
  Data[5]: 10110011 -> b3
  Data[6]: 01111001 -> 79
  Data[7]: 00100011 -> 23
  Data[8]: 01011010 -> 5a

Address #261: 111111
RDWR Bit: 0
Stream Bit: 1
Stream Length: 16 (binary: 00010000)
  Data[0]: 00011000 -> 18
  Data[1]: 00011001 -> 19
  Data[2]: 01011110 -> 5e
  Data[3]: 11110011 -> f3
  Data[4]: 01110100 -> 74
  Data[5]: 11011011 -> db
  Data[6]: 00001100 -> 0c
  Data[7]: 11001011 -> cb
  Data[8]: 00111011 -> 3b
  Data[9]: 11001010 -> ca
  Data[10]: 00001110 -> 0e
  Data[11]: 00000101 -> 05
  Data[12]: 00111011 -> 3b
  Data[13]: 10000101 -> 85
  Data[14]: 10110101 -> b5
  Data[15]: 01010110 -> 56

Address #270: 111000
RDWR Bit: 0
Stream Bit: 0
Exchange: 00100000

Address #271: 100101
RDWR Bit: 0
Stream Bit: 1
Stream Length: 31 (binary: 00011111)
  Data[0]: 10111011 -> bb
  Data[1]: 01011111 -> 5f
  Data[2]: 10010001 -> 91
  Data[3]: 11110100 -> f4
  Data[4]: 10110011 -> b3
  Data[5]: 10000001 -> 81
  Data[6]: 01001001 -> 49
  Data[7]: 01111000 -> 78
  Data[8]: 10000110 -> 86
  Data[9]: 00100111 -> 27
  Data[10]: 00111111 -> 3f
  Data[11]: 11101011 -> eb
  Data[12]: 00010100 -> 14
  Data[13]: 01101010 -> 6a
  Data[14]: 01101010 -> 6a
  Data[15]: 10000100 -> 84
  Data[16]: 10001110 -> 8e
  Data[17]: 11111111 -> ff
  Data[18]: 10110000 -> b0
  Data[19]: 10001111 -> 8f
  Data[20]: 01111011 -> 7b
  Data[21]: 11101110 -> ee
  Data[22]: 01010100 -> 54
  Data[23]: 10000000 -> 80
  Data[24]: 11010011 -> d3
  Data[25]: 00111011 -> 3b
  Data[26]: 10010000 -> 90
  Data[27]: 10001101 -> 8d
  Data[28]: 01111010 -> 7a
  Data[29]: 11100011 -> e3
  Data[30]: 11001011 -> cb

Address #287: 101001
RDWR Bit: 0
Stream Bit: 0
Exchange: 11100100

Address #288: 001110
RDWR Bit: 1
Stream Bit: 0
Exchange: 10111110

Address #289: 010110
RDWR Bit: 1
Stream Bit: 0
Exchange: 10100011

Address #290: 011001
RDWR Bit: 1
Stream Bit: 0
Exchange: 10111110

Address #291: 110011
RDWR Bit: 1
Stream Bit: 1
Stream Length: 6 (binary: 00000110)
  Data[0]: 11110010 -> f2
  Data[1]: 00011011 -> 1b
  Data[2]: 11101010 -> ea
  Data[3]: 10000010 -> 82
  Data[4]: 11110111 -> f7
  Data[5]: 00010011 -> 13

Address #295: 000000
RDWR Bit: 0
Stream Bit: 0
Exchange: 00010001

Address #296: 000111
RDWR Bit: 0
Stream Bit: 1
Stream Length: 31 (binary: 00011111)
  Data[0]: 11101100 -> ec
  Data[1]: 00110000 -> 30
  Data[2]: 11000001 -> c1
  Data[3]: 00101111 -> 2f
  Data[4]: 01001100 -> 4c
  Data[5]: 11001010 -> ca
  Data[6]: 11001101 -> cd
  Data[7]: 00010011 -> 13
  Data[8]: 10011110 -> 9e
  Data[9]: 10000110 -> 86
  Data[10]: 01101100 -> 6c
  Data[11]: 10111011 -> bb
  Data[12]: 11100100 -> e4
  Data[13]: 00010000 -> 10
  Data[14]: 11111011 -> fb
  Data[15]: 10110101 -> b5
  Data[16]: 00010100 -> 14
  Data[17]: 01101101 -> 6d
  Data[18]: 01000101 -> 45
  Data[19]: 00110111 -> 37
  Data[20]: 10111010 -> ba
  Data[21]: 00110011 -> 33
  Data[22]: 00011100 -> 1c
  Data[23]: 11011100 -> dc
  Data[24]: 01101100 -> 6c
  Data[25]: 00001100 -> 0c
  Data[26]: 00000011 -> 03
  Data[27]: 11100001 -> e1
  Data[28]: 00100001 -> 21
  Data[29]: 10000001 -> 81
  Data[30]: 01000101 -> 45
