Read a waves file with 6 signals and 8723 samples...
Input has these signals:
	* sclk (1 bits)
	* mosi (1 bits)
	* miso (1 bits)
	* ss (1 bits)
	* cpol (1 bits)
	* cpha (1 bits)

Address #1: 010110
RDWR Bit: 0
Stream Bit: 1
Stream Length: 30 (binary: 00011110)
  Data[0]: 10101110 -> ae
  Data[1]: 10100000 -> a0
  Data[2]: 01100011 -> 63
  Data[3]: 11100011 -> e3
  Data[4]: 11010011 -> d3
  Data[5]: 10101111 -> af
  Data[6]: 10001010 -> 8a
  Data[7]: 11101000 -> e8
  Data[8]: 10110100 -> b4
  Data[9]: 01110000 -> 70
  Data[10]: 10101100 -> ac
  Data[11]: 10000100 -> 84
  Data[12]: 01111011 -> 7b
  Data[13]: 00110010 -> 32
  Data[14]: 11011011 -> db
  Data[15]: 10000110 -> 86
  Data[16]: 10111011 -> bb
  Data[17]: 10010110 -> 96
  Data[18]: 00010101 -> 15
  Data[19]: 00100010 -> 22
  Data[20]: 01010011 -> 53
  Data[21]: 01110110 -> 76
  Data[22]: 00010010 -> 12
  Data[23]: 11101011 -> eb
  Data[24]: 10111110 -> be
  Data[25]: 11010010 -> d2
  Data[26]: 00100001 -> 21
  Data[27]: 10011001 -> 99
  Data[28]: 00111000 -> 38
  Data[29]: 00110001 -> 31

Address #17: 111110
RDWR Bit: 0
Stream Bit: 0
Exchange: 10111111

Address #18: 110101
RDWR Bit: 0
Stream Bit: 0
Exchange: 00111101

Address #19: 101000
RDWR Bit: 0
Stream Bit: 0
Exchange: 00000111

Address #20: 111011
RDWR Bit: 0
Stream Bit: 0
Exchange: 01001010

Address #21: 110100
RDWR Bit: 1
Stream Bit: 0
Exchange: 00001100

Address #22: 001100
RDWR Bit: 0
Stream Bit: 1
Stream Length: 11 (binary: 00001011)
  Data[0]: 01110010 -> 72
  Data[1]: 11001101 -> cd
  Data[2]: 11011100 -> dc
  Data[3]: 11101010 -> ea
  Data[4]: 01111001 -> 79
  Data[5]: 00101011 -> 2b
  Data[6]: 00101110 -> 2e
  Data[7]: 01010110 -> 56
  Data[8]: 11101001 -> e9
  Data[9]: 01000111 -> 47
  Data[10]: 10011001 -> 99

Address #28: 011000
RDWR Bit: 0
Stream Bit: 0
Exchange: 00111010

Address #29: 001101
RDWR Bit: 1
Stream Bit: 0
Exchange: 00011011

Address #30: 011011
RDWR Bit: 0
Stream Bit: 0
Exchange: 11110000

Address #31: 010100
RDWR Bit: 1
Stream Bit: 1
Stream Length: 18 (binary: 00010010)
  Data[0]: 11011100 -> dc
  Data[1]: 00111000 -> 38
  Data[2]: 11010100 -> d4
  Data[3]: 11000100 -> c4
  Data[4]: 01110111 -> 77
  Data[5]: 11000100 -> c4
  Data[6]: 01111000 -> 78
  Data[7]: 00010100 -> 14
  Data[8]: 01101001 -> 69
  Data[9]: 11110111 -> f7
  Data[10]: 10111100 -> bc
  Data[11]: 10111111 -> bf
  Data[12]: 10010100 -> 94
  Data[13]: 01010111 -> 57
  Data[14]: 11010010 -> d2
  Data[15]: 11111110 -> fe
  Data[16]: 10111000 -> b8
  Data[17]: 00100000 -> 20

Address #41: 010101
RDWR Bit: 1
Stream Bit: 0
Exchange: 01011000

Address #42: 100011
RDWR Bit: 1
Stream Bit: 0
Exchange: 11001000

Address #43: 100101
RDWR Bit: 0
Stream Bit: 0
Exchange: 11001101

Address #44: 110010
RDWR Bit: 0
Stream Bit: 0
Exchange: 11001110

Address #45: 001000
RDWR Bit: 1
Stream Bit: 0
Exchange: 01010000

Address #46: 011000
RDWR Bit: 0
Stream Bit: 0
Exchange: 01000101

Address #47: 110110
RDWR Bit: 0
Stream Bit: 0
Exchange: 00111111

Address #48: 000010
RDWR Bit: 1
Stream Bit: 1
Stream Length: 20 (binary: 00010100)
  Data[0]: 00111100 -> 3c
  Data[1]: 11110111 -> f7
  Data[2]: 10010100 -> 94
  Data[3]: 00110010 -> 32
  Data[4]: 10001101 -> 8d
  Data[5]: 01001001 -> 49
  Data[6]: 10001100 -> 8c
  Data[7]: 10100010 -> a2
  Data[8]: 10001100 -> 8c
  Data[9]: 00101001 -> 29
  Data[10]: 01001000 -> 48
  Data[11]: 11110101 -> f5
  Data[12]: 00100111 -> 27
  Data[13]: 00011010 -> 1a
  Data[14]: 11001001 -> c9
  Data[15]: 10100010 -> a2
  Data[16]: 01101011 -> 6b
  Data[17]: 11111100 -> fc
  Data[18]: 01111100 -> 7c
  Data[19]: 01110110 -> 76

Address #59: 010000
RDWR Bit: 0
Stream Bit: 0
Exchange: 00001110

Address #60: 011001
RDWR Bit: 1
Stream Bit: 0
Exchange: 00100101

Address #61: 110000
RDWR Bit: 0
Stream Bit: 0
Exchange: 11101110

Address #62: 011000
RDWR Bit: 1
Stream Bit: 1
Stream Length: 4 (binary: 00000100)
  Data[0]: 01111001 -> 79
  Data[1]: 01111010 -> 7a
  Data[2]: 00100111 -> 27
  Data[3]: 01101010 -> 6a

Address #65: 010001
RDWR Bit: 1
Stream Bit: 0
Exchange: 00000010

Address #66: 001110
RDWR Bit: 1
Stream Bit: 0
Exchange: 10000011

Address #67: 010010
RDWR Bit: 0
Stream Bit: 1
Stream Length: 11 (binary: 00001011)
  Data[0]: 01111101 -> 7d
  Data[1]: 11000011 -> c3
  Data[2]: 00010000 -> 10
  Data[3]: 01101000 -> 68
  Data[4]: 01110111 -> 77
  Data[5]: 00100110 -> 26
  Data[6]: 01110101 -> 75
  Data[7]: 01110000 -> 70
  Data[8]: 10111110 -> be
  Data[9]: 01101101 -> 6d
  Data[10]: 10110000 -> b0

Address #74: 101000
RDWR Bit: 0
Stream Bit: 1
Stream Length: 19 (binary: 00010011)
  Data[0]: 01101000 -> 68
  Data[1]: 11011111 -> df
  Data[2]: 11111011 -> fb
  Data[3]: 10000110 -> 86
  Data[4]: 10111110 -> be
  Data[5]: 00101011 -> 2b
  Data[6]: 01001100 -> 4c
  Data[7]: 01101101 -> 6d
  Data[8]: 00000101 -> 05
  Data[9]: 11011011 -> db
  Data[10]: 11011101 -> dd
  Data[11]: 11101011 -> eb
  Data[12]: 10100101 -> a5
  Data[13]: 11001111 -> cf
  Data[14]: 11010001 -> d1
  Data[15]: 10110001 -> b1
  Data[16]: 10101010 -> aa
  Data[17]: 10011101 -> 9d
  Data[18]: 00110010 -> 32

Address #84: 011110
RDWR Bit: 0
Stream Bit: 0
Exchange: 01110100

Address #85: 101110
RDWR Bit: 1
Stream Bit: 1
Stream Length: 26 (binary: 00011010)
  Data[0]: 01100010 -> 62
  Data[1]: 10001010 -> 8a
  Data[2]: 11000101 -> c5
  Data[3]: 10011000 -> 98
  Data[4]: 00011001 -> 19
  Data[5]: 11111111 -> ff
  Data[6]: 01101001 -> 69
  Data[7]: 10000101 -> 85
  Data[8]: 10011011 -> 9b
  Data[9]: 01011100 -> 5c
  Data[10]: 11110101 -> f5
  Data[11]: 01111000 -> 78
  Data[12]: 01110001 -> 71
  Data[13]: 11001100 -> cc
  Data[14]: 11111101 -> fd
  Data[15]: 00100101 -> 25
  Data[16]: 01011101 -> 5d
  Data[17]: 00001110 -> 0e
  Data[18]: 01101000 -> 68
  Data[19]: 00100001 -> 21
  Data[20]: 00011001 -> 19
  Data[21]: 11101100 -> ec
  Data[22]: 00110100 -> 34
  Data[23]: 10110001 -> b1
  Data[24]: 01101010 -> 6a
  Data[25]: 11000100 -> c4

Address #99: 111000
RDWR Bit: 0
Stream Bit: 0
Exchange: 01000010

Address #100: 101010
RDWR Bit: 0
Stream Bit: 1
Stream Length: 12 (binary: 00001100)
  Data[0]: 11011010 -> da
  Data[1]: 00111000 -> 38
  Data[2]: 10010110 -> 96
  Data[3]: 10010011 -> 93
  Data[4]: 11101111 -> ef
  Data[5]: 10110110 -> b6
  Data[6]: 01110111 -> 77
  Data[7]: 01000010 -> 42
  Data[8]: 01011111 -> 5f
  Data[9]: 01100001 -> 61
  Data[10]: 11011010 -> da
  Data[11]: 11110011 -> f3

Address #107: 011011
RDWR Bit: 0
Stream Bit: 0
Exchange: 01111100

Address #108: 011001
RDWR Bit: 1
Stream Bit: 1
Stream Length: 19 (binary: 00010011)
  Data[0]: 10111011 -> bb
  Data[1]: 00101100 -> 2c
  Data[2]: 00110011 -> 33
  Data[3]: 10100001 -> a1
  Data[4]: 10010101 -> 95
  Data[5]: 11010111 -> d7
  Data[6]: 11101110 -> ee
  Data[7]: 11111011 -> fb
  Data[8]: 00110110 -> 36
  Data[9]: 10101000 -> a8
  Data[10]: 00001110 -> 0e
  Data[11]: 10010011 -> 93
  Data[12]: 10000000 -> 80
  Data[13]: 01001000 -> 48
  Data[14]: 10010011 -> 93
  Data[15]: 10011001 -> 99
  Data[16]: 00001001 -> 09
  Data[17]: 01001000 -> 48
  Data[18]: 01011101 -> 5d

Address #119: 100101
RDWR Bit: 0
Stream Bit: 1
Stream Length: 23 (binary: 00010111)
  Data[0]: 00010110 -> 16
  Data[1]: 11011011 -> db
  Data[2]: 00111001 -> 39
  Data[3]: 00010000 -> 10
  Data[4]: 11000101 -> c5
  Data[5]: 00011110 -> 1e
  Data[6]: 01100000 -> 60
  Data[7]: 00110001 -> 31
  Data[8]: 10011011 -> 9b
  Data[9]: 11101000 -> e8
  Data[10]: 00010011 -> 13
  Data[11]: 01001111 -> 4f
  Data[12]: 00111111 -> 3f
  Data[13]: 11001001 -> c9
  Data[14]: 10001100 -> 8c
  Data[15]: 01101010 -> 6a
  Data[16]: 11111110 -> fe
  Data[17]: 00111000 -> 38
  Data[18]: 11110011 -> f3
  Data[19]: 00000100 -> 04
  Data[20]: 10000000 -> 80
  Data[21]: 10011111 -> 9f
  Data[22]: 00111100 -> 3c

Address #131: 010010
RDWR Bit: 0
Stream Bit: 1
Stream Length: 27 (binary: 00011011)
  Data[0]: 00010111 -> 17
  Data[1]: 00100011 -> 23
  Data[2]: 00011001 -> 19
  Data[3]: 00010110 -> 16
  Data[4]: 00000001 -> 01
  Data[5]: 10101010 -> aa
  Data[6]: 01001110 -> 4e
  Data[7]: 01100110 -> 66
  Data[8]: 11001010 -> ca
  Data[9]: 00001100 -> 0c
  Data[10]: 10101010 -> aa
  Data[11]: 01110100 -> 74
  Data[12]: 00010011 -> 13
  Data[13]: 11101100 -> ec
  Data[14]: 10000010 -> 82
  Data[15]: 00010001 -> 11
  Data[16]: 00000111 -> 07
  Data[17]: 11110110 -> f6
  Data[18]: 10110011 -> b3
  Data[19]: 00000000 -> 00
  Data[20]: 00101000 -> 28
  Data[21]: 01001110 -> 4e
  Data[22]: 11111101 -> fd
  Data[23]: 00011101 -> 1d
  Data[24]: 01000000 -> 40
  Data[25]: 01111011 -> 7b
  Data[26]: 00110001 -> 31

Address #146: 001111
RDWR Bit: 1
Stream Bit: 0
Exchange: 10001110

Address #147: 111110
RDWR Bit: 0
Stream Bit: 0
Exchange: 00001100

Address #148: 000110
RDWR Bit: 0
Stream Bit: 0
Exchange: 10111000

Address #149: 001011
RDWR Bit: 1
Stream Bit: 0
Exchange: 10010100

Address #150: 101001
RDWR Bit: 0
Stream Bit: 1
Stream Length: 22 (binary: 00010110)
  Data[0]: 00101100 -> 2c
  Data[1]: 10100100 -> a4
  Data[2]: 01100000 -> 60
  Data[3]: 00011010 -> 1a
  Data[4]: 00001110 -> 0e
  Data[5]: 10010111 -> 97
  Data[6]: 10000100 -> 84
  Data[7]: 00000010 -> 02
  Data[8]: 11110011 -> f3
  Data[9]: 01101100 -> 6c
  Data[10]: 01001000 -> 48
  Data[11]: 10100101 -> a5
  Data[12]: 11000110 -> c6
  Data[13]: 01000010 -> 42
  Data[14]: 11001100 -> cc
  Data[15]: 11001011 -> cb
  Data[16]: 01110111 -> 77
  Data[17]: 01111111 -> 7f
  Data[18]: 01111110 -> 7e
  Data[19]: 00110100 -> 34
  Data[20]: 01000010 -> 42
  Data[21]: 01001000 -> 48

Address #162: 001010
RDWR Bit: 0
Stream Bit: 1
Stream Length: 15 (binary: 00001111)
  Data[0]: 10101101 -> ad
  Data[1]: 10100101 -> a5
  Data[2]: 01000011 -> 43
  Data[3]: 11011011 -> db
  Data[4]: 11011010 -> da
  Data[5]: 10101000 -> a8
  Data[6]: 10110000 -> b0
  Data[7]: 00101000 -> 28
  Data[8]: 00001010 -> 0a
  Data[9]: 00010001 -> 11
  Data[10]: 00011010 -> 1a
  Data[11]: 01001100 -> 4c
  Data[12]: 01011110 -> 5e
  Data[13]: 00101100 -> 2c
  Data[14]: 11001101 -> cd

Address #170: 101011
RDWR Bit: 1
Stream Bit: 0
Exchange: 11110011

Address #171: 010111
RDWR Bit: 0
Stream Bit: 0
Exchange: 01010100

Address #172: 000011
RDWR Bit: 1
Stream Bit: 0
Exchange: 00011100

Address #173: 110100
RDWR Bit: 0
Stream Bit: 0
Exchange: 11001111

Address #174: 011001
RDWR Bit: 1
Stream Bit: 0
Exchange: 01011110

Address #175: 001110
RDWR Bit: 0
Stream Bit: 0
Exchange: 10000001

Address #176: 001010
RDWR Bit: 1
Stream Bit: 1
Stream Length: 20 (binary: 00010100)
  Data[0]: 11110000 -> f0
  Data[1]: 10101010 -> aa
  Data[2]: 10111100 -> bc
  Data[3]: 01000111 -> 47
  Data[4]: 11010000 -> d0
  Data[5]: 10000100 -> 84
  Data[6]: 01110111 -> 77
  Data[7]: 01001111 -> 4f
  Data[8]: 11111110 -> fe
  Data[9]: 10001101 -> 8d
  Data[10]: 00000001 -> 01
  Data[11]: 10010000 -> 90
  Data[12]: 11100001 -> e1
  Data[13]: 11000101 -> c5
  Data[14]: 00001011 -> 0b
  Data[15]: 01100010 -> 62
  Data[16]: 00011101 -> 1d
  Data[17]: 10011011 -> 9b
  Data[18]: 01011010 -> 5a
  Data[19]: 01011000 -> 58

Address #187: 110100
RDWR Bit: 1
Stream Bit: 1
Stream Length: 8 (binary: 00001000)
  Data[0]: 00000110 -> 06
  Data[1]: 11111100 -> fc
  Data[2]: 00010011 -> 13
  Data[3]: 00001001 -> 09
  Data[4]: 00111011 -> 3b
  Data[5]: 10110011 -> b3
  Data[6]: 01110110 -> 76
  Data[7]: 10011110 -> 9e

Address #192: 001111
RDWR Bit: 1
Stream Bit: 1
Stream Length: 24 (binary: 00011000)
  Data[0]: 11110101 -> f5
  Data[1]: 00010101 -> 15
  Data[2]: 00111001 -> 39
  Data[3]: 01010101 -> 55
  Data[4]: 00001110 -> 0e
  Data[5]: 01111011 -> 7b
  Data[6]: 00011010 -> 1a
  Data[7]: 00110111 -> 37
  Data[8]: 00001110 -> 0e
  Data[9]: 00010011 -> 13
  Data[10]: 01010110 -> 56
  Data[11]: 10101000 -> a8
  Data[12]: 11000111 -> c7
  Data[13]: 10110010 -> b2
  Data[14]: 11000000 -> c0
  Data[15]: 11101111 -> ef
  Data[16]: 10100000 -> a0
  Data[17]: 00011110 -> 1e
  Data[18]: 00000111 -> 07
  Data[19]: 10011111 -> 9f
  Data[20]: 00010110 -> 16
  Data[21]: 11101101 -> ed
  Data[22]: 11011100 -> dc
  Data[23]: 11101110 -> ee

Address #205: 011111
RDWR Bit: 0
Stream Bit: 0
Exchange: 11001111

Address #206: 010001
RDWR Bit: 1
Stream Bit: 1
Stream Length: 7 (binary: 00000111)
  Data[0]: 01110010 -> 72
  Data[1]: 01111001 -> 79
  Data[2]: 10101101 -> ad
  Data[3]: 00111000 -> 38
  Data[4]: 11111000 -> f8
  Data[5]: 00010000 -> 10
  Data[6]: 01000110 -> 46

Address #211: 011010
RDWR Bit: 1
Stream Bit: 0
Exchange: 00010111

Address #212: 010000
RDWR Bit: 1
Stream Bit: 1
Stream Length: 27 (binary: 00011011)
  Data[0]: 00010101 -> 15
  Data[1]: 01000000 -> 40
  Data[2]: 10100111 -> a7
  Data[3]: 01011110 -> 5e
  Data[4]: 01001101 -> 4d
  Data[5]: 00110100 -> 34
  Data[6]: 11111110 -> fe
  Data[7]: 00110011 -> 33
  Data[8]: 11000011 -> c3
  Data[9]: 10001001 -> 89
  Data[10]: 01001111 -> 4f
  Data[11]: 01100011 -> 63
  Data[12]: 11011100 -> dc
  Data[13]: 01101101 -> 6d
  Data[14]: 11001001 -> c9
  Data[15]: 01111101 -> 7d
  Data[16]: 11110101 -> f5
  Data[17]: 01110011 -> 73
  Data[18]: 11111110 -> fe
  Data[19]: 10011000 -> 98
  Data[20]: 11011101 -> dd
  Data[21]: 10000111 -> 87
  Data[22]: 10010000 -> 90
  Data[23]: 10110101 -> b5
  Data[24]: 10010111 -> 97
  Data[25]: 10010111 -> 97
  Data[26]: 00010111 -> 17

Address #226: 011011
RDWR Bit: 1
Stream Bit: 0
Exchange: 10111011

Address #227: 110111
RDWR Bit: 1
Stream Bit: 1
Stream Length: 12 (binary: 00001100)
  Data[0]: 00101100 -> 2c
  Data[1]: 00010011 -> 13
  Data[2]: 01111010 -> 7a
  Data[3]: 00101110 -> 2e
  Data[4]: 01001001 -> 49
  Data[5]: 00111011 -> 3b
  Data[6]: 11000000 -> c0
  Data[7]: 10111000 -> b8
  Data[8]: 11100111 -> e7
  Data[9]: 01101100 -> 6c
  Data[10]: 10011110 -> 9e
  Data[11]: 10011000 -> 98

Address #234: 000001
RDWR Bit: 1
Stream Bit: 0
Exchange: 11100111

Address #235: 011111
RDWR Bit: 0
Stream Bit: 0
Exchange: 11111011

Address #236: 000100
RDWR Bit: 1
Stream Bit: 0
Exchange: 10000111

Address #237: 010100
RDWR Bit: 0
Stream Bit: 0
Exchange: 11010011

Address #238: 001111
RDWR Bit: 0
Stream Bit: 1
Stream Length: 22 (binary: 00010110)
  Data[0]: 11001001 -> c9
  Data[1]: 00001111 -> 0f
  Data[2]: 00110001 -> 31
  Data[3]: 11101010 -> ea
  Data[4]: 00101000 -> 28
  Data[5]: 11001010 -> ca
  Data[6]: 01101101 -> 6d
  Data[7]: 01100000 -> 60
  Data[8]: 11111001 -> f9
  Data[9]: 11110001 -> f1
  Data[10]: 01000101 -> 45
  Data[11]: 10001100 -> 8c
  Data[12]: 01001111 -> 4f
  Data[13]: 10111000 -> b8
  Data[14]: 11100100 -> e4
  Data[15]: 01100101 -> 65
  Data[16]: 11110110 -> f6
  Data[17]: 11100101 -> e5
  Data[18]: 10001110 -> 8e
  Data[19]: 10101101 -> ad
  Data[20]: 10110000 -> b0
  Data[21]: 10010001 -> 91

Address #250: 000001
RDWR Bit: 0
Stream Bit: 0
Exchange: 11101101

Address #251: 111111
RDWR Bit: 0
Stream Bit: 1
Stream Length: 28 (binary: 00011100)
  Data[0]: 00111111 -> 3f
  Data[1]: 01000010 -> 42
  Data[2]: 00110100 -> 34
  Data[3]: 01110011 -> 73
  Data[4]: 01001010 -> 4a
  Data[5]: 11011011 -> db
  Data[6]: 11100010 -> e2
  Data[7]: 01001100 -> 4c
  Data[8]: 01100101 -> 65
  Data[9]: 01001100 -> 4c
  Data[10]: 10000100 -> 84
  Data[11]: 01110101 -> 75
  Data[12]: 10001101 -> 8d
  Data[13]: 11111100 -> fc
  Data[14]: 11100100 -> e4
  Data[15]: 00101111 -> 2f
  Data[16]: 10011011 -> 9b
  Data[17]: 00000011 -> 03
  Data[18]: 11100010 -> e2
  Data[19]: 11111100 -> fc
  Data[20]: 01011101 -> 5d
  Data[21]: 01011101 -> 5d
  Data[22]: 11000001 -> c1
  Data[23]: 11101011 -> eb
  Data[24]: 11011100 -> dc
  Data[25]: 00100010 -> 22
  Data[26]: 11000010 -> c2
  Data[27]: 00010111 -> 17

Address #266: 111101
RDWR Bit: 1
Stream Bit: 0
Exchange: 11101001
