Read a waves file with 6 signals and 7651 samples...
Input has these signals:
	* sclk (1 bits)
	* mosi (1 bits)
	* miso (1 bits)
	* ss (1 bits)
	* cpol (1 bits)
	* cpha (1 bits)

Address #1: 111001
RDWR Bit: 0
Stream Bit: 1
Stream Length: 14 (binary: 00001110)
  Data[0]: 01101001 -> 69
  Data[1]: 01010000 -> 50
  Data[2]: 10011110 -> 9e
  Data[3]: 00000010 -> 02
  Data[4]: 00010110 -> 16
  Data[5]: 11010100 -> d4
  Data[6]: 00100111 -> 27
  Data[7]: 01111010 -> 7a
  Data[8]: 01101110 -> 6e
  Data[9]: 10011101 -> 9d
  Data[10]: 01010011 -> 53
  Data[11]: 10001011 -> 8b
  Data[12]: 01001111 -> 4f
  Data[13]: 10011000 -> 98

Address #9: 100000
RDWR Bit: 1
Stream Bit: 0
Exchange: 11011111

Address #10: 001000
RDWR Bit: 1
Stream Bit: 0
Exchange: 01101101

Address #11: 011001
RDWR Bit: 1
Stream Bit: 1
Stream Length: 5 (binary: 00000101)
  Data[0]: 01110100 -> 74
  Data[1]: 11101011 -> eb
  Data[2]: 10100110 -> a6
  Data[3]: 11001100 -> cc
  Data[4]: 00000001 -> 01

Address #14: 101100
RDWR Bit: 0
Stream Bit: 0
Exchange: 01000001

Address #15: 000111
RDWR Bit: 0
Stream Bit: 0
Exchange: 10110000

Address #16: 111001
RDWR Bit: 1
Stream Bit: 0
Exchange: 10110101

Address #17: 010111
RDWR Bit: 0
Stream Bit: 0
Exchange: 01111100

Address #18: 111010
RDWR Bit: 0
Stream Bit: 1
Stream Length: 29 (binary: 00011101)
  Data[0]: 10111110 -> be
  Data[1]: 01010011 -> 53
  Data[2]: 10000010 -> 82
  Data[3]: 11001111 -> cf
  Data[4]: 11001110 -> ce
  Data[5]: 00111100 -> 3c
  Data[6]: 00011010 -> 1a
  Data[7]: 01000100 -> 44
  Data[8]: 01011110 -> 5e
  Data[9]: 01001110 -> 4e
  Data[10]: 01111110 -> 7e
  Data[11]: 10100001 -> a1
  Data[12]: 10010001 -> 91
  Data[13]: 01100100 -> 64
  Data[14]: 01110001 -> 71
  Data[15]: 10011100 -> 9c
  Data[16]: 00000110 -> 06
  Data[17]: 00010101 -> 15
  Data[18]: 00110100 -> 34
  Data[19]: 00001100 -> 0c
  Data[20]: 10101110 -> ae
  Data[21]: 11000001 -> c1
  Data[22]: 11110111 -> f7
  Data[23]: 00000111 -> 07
  Data[24]: 11101101 -> ed
  Data[25]: 00000000 -> 00
  Data[26]: 11011010 -> da
  Data[27]: 01001010 -> 4a
  Data[28]: 11100000 -> e0

Address #34: 100101
RDWR Bit: 0
Stream Bit: 1
Stream Length: 30 (binary: 00011110)
  Data[0]: 11011110 -> de
  Data[1]: 10011010 -> 9a
  Data[2]: 10010100 -> 94
  Data[3]: 10000010 -> 82
  Data[4]: 01000011 -> 43
  Data[5]: 10001110 -> 8e
  Data[6]: 00110111 -> 37
  Data[7]: 01011100 -> 5c
  Data[8]: 01000101 -> 45
  Data[9]: 11010000 -> d0
  Data[10]: 11001111 -> cf
  Data[11]: 01110111 -> 77
  Data[12]: 10101001 -> a9
  Data[13]: 10001010 -> 8a
  Data[14]: 01111100 -> 7c
  Data[15]: 01010101 -> 55
  Data[16]: 11010100 -> d4
  Data[17]: 11100000 -> e0
  Data[18]: 10101110 -> ae
  Data[19]: 10100010 -> a2
  Data[20]: 11001011 -> cb
  Data[21]: 11110011 -> f3
  Data[22]: 00100110 -> 26
  Data[23]: 00001100 -> 0c
  Data[24]: 11101000 -> e8
  Data[25]: 10000000 -> 80
  Data[26]: 11101010 -> ea
  Data[27]: 00101101 -> 2d
  Data[28]: 01011011 -> 5b
  Data[29]: 11111100 -> fc

Address #50: 010000
RDWR Bit: 0
Stream Bit: 0
Exchange: 01000001

Address #51: 011111
RDWR Bit: 0
Stream Bit: 1
Stream Length: 12 (binary: 00001100)
  Data[0]: 11100101 -> e5
  Data[1]: 01110010 -> 72
  Data[2]: 11100101 -> e5
  Data[3]: 01010001 -> 51
  Data[4]: 11110000 -> f0
  Data[5]: 10011100 -> 9c
  Data[6]: 00101011 -> 2b
  Data[7]: 10111000 -> b8
  Data[8]: 11110000 -> f0
  Data[9]: 00001101 -> 0d
  Data[10]: 11110010 -> f2
  Data[11]: 10101010 -> aa

Address #58: 111001
RDWR Bit: 0
Stream Bit: 0
Exchange: 01110011

Address #59: 011001
RDWR Bit: 0
Stream Bit: 0
Exchange: 00001111

Address #60: 001111
RDWR Bit: 0
Stream Bit: 0
Exchange: 00011110

Address #61: 011100
RDWR Bit: 1
Stream Bit: 1
Stream Length: 21 (binary: 00010101)
  Data[0]: 10100000 -> a0
  Data[1]: 00110110 -> 36
  Data[2]: 11000011 -> c3
  Data[3]: 01001101 -> 4d
  Data[4]: 00001000 -> 08
  Data[5]: 11101000 -> e8
  Data[6]: 00101011 -> 2b
  Data[7]: 00000111 -> 07
  Data[8]: 01101101 -> 6d
  Data[9]: 11101100 -> ec
  Data[10]: 00111010 -> 3a
  Data[11]: 01101100 -> 6c
  Data[12]: 01000110 -> 46
  Data[13]: 11010001 -> d1
  Data[14]: 10110100 -> b4
  Data[15]: 10010000 -> 90
  Data[16]: 11010101 -> d5
  Data[17]: 10110011 -> b3
  Data[18]: 00100010 -> 22
  Data[19]: 11011011 -> db
  Data[20]: 10111010 -> ba

Address #72: 110011
RDWR Bit: 1
Stream Bit: 0
Exchange: 11101101

Address #73: 101110
RDWR Bit: 0
Stream Bit: 0
Exchange: 10101110

Address #74: 100001
RDWR Bit: 1
Stream Bit: 0
Exchange: 11000100

Address #75: 100111
RDWR Bit: 0
Stream Bit: 0
Exchange: 10110101

Address #76: 011110
RDWR Bit: 0
Stream Bit: 0
Exchange: 11001001

Address #77: 010000
RDWR Bit: 1
Stream Bit: 0
Exchange: 11111011

Address #78: 100100
RDWR Bit: 0
Stream Bit: 0
Exchange: 01100010

Address #79: 101110
RDWR Bit: 1
Stream Bit: 0
Exchange: 00110100

Address #80: 101100
RDWR Bit: 1
Stream Bit: 1
Stream Length: 9 (binary: 00001001)
  Data[0]: 10101110 -> ae
  Data[1]: 10111010 -> ba
  Data[2]: 11010000 -> d0
  Data[3]: 11010010 -> d2
  Data[4]: 00110011 -> 33
  Data[5]: 00011000 -> 18
  Data[6]: 01101000 -> 68
  Data[7]: 11111111 -> ff
  Data[8]: 01001111 -> 4f

Address #86: 100000
RDWR Bit: 0
Stream Bit: 0
Exchange: 10100001

Address #87: 110111
RDWR Bit: 0
Stream Bit: 0
Exchange: 10000101

Address #88: 100110
RDWR Bit: 1
Stream Bit: 0
Exchange: 11000100

Address #89: 101110
RDWR Bit: 0
Stream Bit: 0
Exchange: 11000101

Address #90: 011111
RDWR Bit: 0
Stream Bit: 0
Exchange: 01010001

Address #91: 101110
RDWR Bit: 1
Stream Bit: 0
Exchange: 11100110

Address #92: 011000
RDWR Bit: 0
Stream Bit: 0
Exchange: 11110001

Address #93: 001000
RDWR Bit: 0
Stream Bit: 0
Exchange: 01100010

Address #94: 111110
RDWR Bit: 1
Stream Bit: 0
Exchange: 11000101

Address #95: 100100
RDWR Bit: 1
Stream Bit: 1
Stream Length: 15 (binary: 00001111)
  Data[0]: 10100100 -> a4
  Data[1]: 00111011 -> 3b
  Data[2]: 10100010 -> a2
  Data[3]: 11101100 -> ec
  Data[4]: 11011101 -> dd
  Data[5]: 11100101 -> e5
  Data[6]: 10100011 -> a3
  Data[7]: 00111010 -> 3a
  Data[8]: 01001100 -> 4c
  Data[9]: 00100100 -> 24
  Data[10]: 11001111 -> cf
  Data[11]: 10010001 -> 91
  Data[12]: 11011001 -> d9
  Data[13]: 10110000 -> b0
  Data[14]: 11010100 -> d4

Address #103: 101110
RDWR Bit: 0
Stream Bit: 0
Exchange: 00000101

Address #104: 001011
RDWR Bit: 1
Stream Bit: 1
Stream Length: 25 (binary: 00011001)
  Data[0]: 10010110 -> 96
  Data[1]: 01011000 -> 58
  Data[2]: 11110101 -> f5
  Data[3]: 11011001 -> d9
  Data[4]: 11111111 -> ff
  Data[5]: 11011010 -> da
  Data[6]: 11110111 -> f7
  Data[7]: 10111110 -> be
  Data[8]: 11011100 -> dc
  Data[9]: 11110101 -> f5
  Data[10]: 11101100 -> ec
  Data[11]: 10011101 -> 9d
  Data[12]: 00101111 -> 2f
  Data[13]: 00100000 -> 20
  Data[14]: 11000101 -> c5
  Data[15]: 01101110 -> 6e
  Data[16]: 00000001 -> 01
  Data[17]: 11110100 -> f4
  Data[18]: 11011111 -> df
  Data[19]: 11101111 -> ef
  Data[20]: 01011011 -> 5b
  Data[21]: 00011011 -> 1b
  Data[22]: 11000010 -> c2
  Data[23]: 00011000 -> 18
  Data[24]: 11111000 -> f8

Address #118: 100101
RDWR Bit: 1
Stream Bit: 1
Stream Length: 18 (binary: 00010010)
  Data[0]: 11000001 -> c1
  Data[1]: 01010101 -> 55
  Data[2]: 00100111 -> 27
  Data[3]: 11010111 -> d7
  Data[4]: 11101101 -> ed
  Data[5]: 11000100 -> c4
  Data[6]: 11011101 -> dd
  Data[7]: 00010101 -> 15
  Data[8]: 00000111 -> 07
  Data[9]: 01010101 -> 55
  Data[10]: 10011010 -> 9a
  Data[11]: 11010011 -> d3
  Data[12]: 11000000 -> c0
  Data[13]: 11001010 -> ca
  Data[14]: 10101101 -> ad
  Data[15]: 00010000 -> 10
  Data[16]: 10000101 -> 85
  Data[17]: 10100000 -> a0

Address #128: 100000
RDWR Bit: 0
Stream Bit: 1
Stream Length: 28 (binary: 00011100)
  Data[0]: 10101110 -> ae
  Data[1]: 01111001 -> 79
  Data[2]: 00000101 -> 05
  Data[3]: 01001001 -> 49
  Data[4]: 11101101 -> ed
  Data[5]: 01001011 -> 4b
  Data[6]: 10000101 -> 85
  Data[7]: 00101110 -> 2e
  Data[8]: 11101101 -> ed
  Data[9]: 10110100 -> b4
  Data[10]: 10011100 -> 9c
  Data[11]: 10010110 -> 96
  Data[12]: 00010111 -> 17
  Data[13]: 00110101 -> 35
  Data[14]: 11000010 -> c2
  Data[15]: 00101101 -> 2d
  Data[16]: 00001100 -> 0c
  Data[17]: 10001000 -> 88
  Data[18]: 01111101 -> 7d
  Data[19]: 01011110 -> 5e
  Data[20]: 10001011 -> 8b
  Data[21]: 10100111 -> a7
  Data[22]: 11001001 -> c9
  Data[23]: 11100101 -> e5
  Data[24]: 01110100 -> 74
  Data[25]: 00111110 -> 3e
  Data[26]: 11010100 -> d4
  Data[27]: 00001101 -> 0d

Address #143: 011111
RDWR Bit: 0
Stream Bit: 1
Stream Length: 17 (binary: 00010001)
  Data[0]: 01011110 -> 5e
  Data[1]: 10100000 -> a0
  Data[2]: 01100101 -> 65
  Data[3]: 11101101 -> ed
  Data[4]: 00000011 -> 03
  Data[5]: 00111011 -> 3b
  Data[6]: 11011100 -> dc
  Data[7]: 11110111 -> f7
  Data[8]: 11111000 -> f8
  Data[9]: 10001111 -> 8f
  Data[10]: 01011000 -> 58
  Data[11]: 10011011 -> 9b
  Data[12]: 10100001 -> a1
  Data[13]: 01101011 -> 6b
  Data[14]: 00110011 -> 33
  Data[15]: 00011111 -> 1f
  Data[16]: 11101101 -> ed

Address #152: 010100
RDWR Bit: 0
Stream Bit: 0
Exchange: 00111111

Address #153: 101111
RDWR Bit: 0
Stream Bit: 0
Exchange: 11010011

Address #154: 011100
RDWR Bit: 1
Stream Bit: 0
Exchange: 01010000

Address #155: 110011
RDWR Bit: 1
Stream Bit: 0
Exchange: 11110001

Address #156: 000011
RDWR Bit: 1
Stream Bit: 0
Exchange: 01010100

Address #157: 001101
RDWR Bit: 0
Stream Bit: 0
Exchange: 10000001

Address #158: 111010
RDWR Bit: 1
Stream Bit: 1
Stream Length: 20 (binary: 00010100)
  Data[0]: 11110111 -> f7
  Data[1]: 01001100 -> 4c
  Data[2]: 11110101 -> f5
  Data[3]: 00001010 -> 0a
  Data[4]: 00101000 -> 28
  Data[5]: 11011011 -> db
  Data[6]: 10110111 -> b7
  Data[7]: 00101100 -> 2c
  Data[8]: 10011101 -> 9d
  Data[9]: 00110001 -> 31
  Data[10]: 00101011 -> 2b
  Data[11]: 01110110 -> 76
  Data[12]: 01110110 -> 76
  Data[13]: 10100111 -> a7
  Data[14]: 10101100 -> ac
  Data[15]: 01101110 -> 6e
  Data[16]: 00100000 -> 20
  Data[17]: 11001100 -> cc
  Data[18]: 01011111 -> 5f
  Data[19]: 00010010 -> 12

Address #169: 101011
RDWR Bit: 1
Stream Bit: 0
Exchange: 11011111

Address #170: 110100
RDWR Bit: 1
Stream Bit: 0
Exchange: 10000010

Address #171: 111001
RDWR Bit: 1
Stream Bit: 1
Stream Length: 10 (binary: 00001010)
  Data[0]: 00100010 -> 22
  Data[1]: 11010001 -> d1
  Data[2]: 11110001 -> f1
  Data[3]: 11011010 -> da
  Data[4]: 11100100 -> e4
  Data[5]: 11100001 -> e1
  Data[6]: 01010010 -> 52
  Data[7]: 01001101 -> 4d
  Data[8]: 10000101 -> 85
  Data[9]: 10101110 -> ae

Address #177: 100111
RDWR Bit: 1
Stream Bit: 1
Stream Length: 14 (binary: 00001110)
  Data[0]: 10101010 -> aa
  Data[1]: 01101110 -> 6e
  Data[2]: 01011110 -> 5e
  Data[3]: 01100100 -> 64
  Data[4]: 00111110 -> 3e
  Data[5]: 11101001 -> e9
  Data[6]: 10100100 -> a4
  Data[7]: 00110110 -> 36
  Data[8]: 01101000 -> 68
  Data[9]: 00001111 -> 0f
  Data[10]: 01110011 -> 73
  Data[11]: 01010010 -> 52
  Data[12]: 11010010 -> d2
  Data[13]: 00101100 -> 2c

Address #185: 111100
RDWR Bit: 1
Stream Bit: 0
Exchange: 01000101

Address #186: 101001
RDWR Bit: 0
Stream Bit: 0
Exchange: 01110011

Address #187: 111000
RDWR Bit: 1
Stream Bit: 1
Stream Length: 24 (binary: 00011000)
  Data[0]: 01010000 -> 50
  Data[1]: 01000100 -> 44
  Data[2]: 11100100 -> e4
  Data[3]: 10001100 -> 8c
  Data[4]: 10110011 -> b3
  Data[5]: 00001011 -> 0b
  Data[6]: 10101101 -> ad
  Data[7]: 00100110 -> 26
  Data[8]: 01000001 -> 41
  Data[9]: 10100100 -> a4
  Data[10]: 10101010 -> aa
  Data[11]: 11000001 -> c1
  Data[12]: 00101000 -> 28
  Data[13]: 00011111 -> 1f
  Data[14]: 00110100 -> 34
  Data[15]: 10011101 -> 9d
  Data[16]: 11101110 -> ee
  Data[17]: 10010110 -> 96
  Data[18]: 01110111 -> 77
  Data[19]: 00111011 -> 3b
  Data[20]: 00101001 -> 29
  Data[21]: 10100101 -> a5
  Data[22]: 11101100 -> ec
  Data[23]: 00111111 -> 3f

Address #200: 010010
RDWR Bit: 1
Stream Bit: 0
Exchange: 11011101

Address #201: 110000
RDWR Bit: 1
Stream Bit: 0
Exchange: 11011011

Address #202: 001010
RDWR Bit: 0
Stream Bit: 1
Stream Length: 20 (binary: 00010100)
  Data[0]: 11011011 -> db
  Data[1]: 10001101 -> 8d
  Data[2]: 01011000 -> 58
  Data[3]: 01010100 -> 54
  Data[4]: 11111101 -> fd
  Data[5]: 01100110 -> 66
  Data[6]: 10101001 -> a9
  Data[7]: 00001100 -> 0c
  Data[8]: 01101000 -> 68
  Data[9]: 01100001 -> 61
  Data[10]: 00110001 -> 31
  Data[11]: 01001111 -> 4f
  Data[12]: 01000000 -> 40
  Data[13]: 11010011 -> d3
  Data[14]: 11011110 -> de
  Data[15]: 01111111 -> 7f
  Data[16]: 11011001 -> d9
  Data[17]: 01110000 -> 70
  Data[18]: 00100001 -> 21
  Data[19]: 10001111 -> 8f

Address #213: 101100
RDWR Bit: 1
Stream Bit: 0
Exchange: 11110001

Address #214: 100011
RDWR Bit: 0
Stream Bit: 0
Exchange: 00010101

Address #215: 000010
RDWR Bit: 1
Stream Bit: 0
Exchange: 01000101

Address #216: 011000
RDWR Bit: 0
Stream Bit: 0
Exchange: 00000101

Address #217: 001011
RDWR Bit: 0
Stream Bit: 0
Exchange: 01001010

Address #218: 101100
RDWR Bit: 1
Stream Bit: 1
Stream Length: 27 (binary: 00011011)
  Data[0]: 11001111 -> cf
  Data[1]: 00000101 -> 05
  Data[2]: 00110100 -> 34
  Data[3]: 11011101 -> dd
  Data[4]: 11000011 -> c3
  Data[5]: 10000011 -> 83
  Data[6]: 10110001 -> b1
  Data[7]: 01101111 -> 6f
  Data[8]: 01100010 -> 62
  Data[9]: 10111000 -> b8
  Data[10]: 01110101 -> 75
  Data[11]: 10111110 -> be
  Data[12]: 00111110 -> 3e
  Data[13]: 10111110 -> be
  Data[14]: 11110101 -> f5
  Data[15]: 01011011 -> 5b
  Data[16]: 11010101 -> d5
  Data[17]: 01110001 -> 71
  Data[18]: 11110001 -> f1
  Data[19]: 01110010 -> 72
  Data[20]: 11110001 -> f1
  Data[21]: 00111000 -> 38
  Data[22]: 00001111 -> 0f
  Data[23]: 10010011 -> 93
  Data[24]: 01011111 -> 5f
  Data[25]: 00001100 -> 0c
  Data[26]: 10001111 -> 8f

Address #233: 101101
RDWR Bit: 0
Stream Bit: 0
Exchange: 01001010
