RD 33 00
RD 00 21
RD 00 da
RD 00 ee
RD 00 66
RD 00 3c
RD 00 77
RD 00 00
RD 01 00
WR 0c ca
WR 36 29
RD 13 00
RD 00 6c
RD 00 73
RD 00 12
RD 00 21
RD 00 cd
RD 00 64
RD 00 be
RD 00 99
RD 00 8e
RD 00 ff
RD 00 9e
RD 00 7d
RD 00 f9
RD 00 ab
RD 00 00
RD 05 00
WR 28 e5
RD 36 00
WR 0f 88
RD 20 00
WR 14 6a
WR 36 b1
RD 0b 00
RD 08 00
RD 25 00
WR 2e 75
RD 2f 00
RD 00 fa
RD 00 67
RD 00 1f
RD 00 b3
RD 00 43
RD 00 3a
RD 00 08
RD 00 29
RD 00 11
RD 00 00
WR 06 b8
WR 2c 5a
RD 10 00
RD 1b 00
RD 2f 00
WR 04 1f
WR 3b c3
WR 22 18
WR 05 b5
WR 0f 48
RD 3a 00
WR 16 b0
RD 18 00
RD 12 00
WR 3f 15
RD 09 00
WR 03 8e
WR 11 04
RD 09 00
RD 1c 00
RD 3a 00
RD 29 00
WR 39 45
WR 04 eb
WR 00 13
RD 2f 00
RD 08 00
WR 07 25
WR 11 68
WR 25 0b
WR 2c 6b
RD 1c 00
RD 24 00
WR 14 9d
WR 09 22
RD 08 00
RD 03 00
RD 20 00
WR 05 3c
RD 3b 00
RD 20 00
RD 27 00
WR 01 27
WR 06 91
WR 37 bb
WR 36 3e
WR 00 cc
RD 16 00
WR 05 b3
WR 32 25
RD 1b 00
RD 15 00
RD 33 00
RD 0e 00
RD 2b 00
RD 1e 00
WR 07 2a
WR 3b 06
WR 36 d1
RD 24 00
RD 23 00
WR 21 19
WR 2a 12
WR 3d f0
WR 13 40
WR 11 0a
WR 37 a7
WR 04 d6
RD 09 00
RD 2a 00
RD 1b 00
RD 2d 00
RD 20 00
RD 3f 00
WR 17 24
RD 00 00
WR 06 00
RD 00 0e
RD 00 7a
RD 00 66
RD 00 85
RD 00 d4
RD 00 dc
RD 00 75
RD 00 58
RD 00 95
RD 00 cb
RD 00 06
RD 00 e8
RD 00 00
RD 04 52
RD 00 82
RD 00 62
RD 00 b6
RD 00 16
RD 00 8e
RD 00 d9
RD 00 36
RD 00 60
WR 3d 5e
RD 33 00
RD 00 26
RD 00 e8
RD 00 6d
RD 00 fc
RD 00 41
RD 00 98
WR 07 54
WR 1b 01
RD 38 00
RD 00 00
WR 02 00
RD 00 0e
RD 00 a5
RD 00 fe
RD 00 8c
RD 00 f3
RD 30 00
RD 00 00
WR 00 00
RD 00 00
WR 05 00
RD 00 e8
RD 00 91
RD 00 ce
RD 00 24
RD 00 f7
RD 00 b7
RD 00 4d
RD 00 72
RD 00 b9
RD 00 09
RD 00 00
RD 00 00
WR 04 00
RD 00 fe
RD 00 29
RD 00 cd
RD 00 16
RD 00 8a
RD 00 ea
RD 00 32
RD 00 e7
RD 00 00
RD 03 00
RD 06 00
WR 21 e4
WR 10 ee
RD 18 00
RD 12 00
WR 04 59
WR 00 00
RD 00 0a
WR 2b 27
WR 03 1d
WR 3a e6
RD 3b 00
WR 25 b9
WR 33 c6
RD 04 00
RD 3d 00
WR 16 cf
RD 18 00
WR 0e 99
RD 13 00
RD 07 00
RD 05 00
WR 03 97
WR 3d 3e
RD 31 00
RD 00 00
WR 3c f6
RD 3b 00
RD 00 00
RD 00 00
RD 00 00
RD 05 8d
RD 00 96
RD 00 97
RD 00 e8
RD 00 30
RD 00 41
RD 00 6f
RD 00 27
RD 00 d9
RD 00 ad
RD 00 00
RD 04 00
WR 00 ea
RD 29 00
RD 1b 00
WR 06 cc
RD 1a 00
WR 05 2c
RD 07 00
WR 16 5f
RD 02 00
WR 3f 01
RD 1f 00
RD 08 00
RD 08 00
WR 1d 12
WR 09 d7
WR 3e 55
WR 0b 06
WR 21 e3
WR 2a 1b
WR 12 46
RD 16 00
RD 02 00
WR 3c cb
RD 22 00
RD 00 3b
RD 00 ff
RD 00 4e
RD 00 00
WR 01 72
WR 06 5d
WR 25 c9
WR 0c 8a
RD 34 00
WR 04 af
RD 10 00
WR 33 8e
RD 1c 00
RD 00 00
RD 0c 00
RD 31 00
WR 3c 21
RD 26 00
RD 3f 00
WR 0f d1
WR 3c 02
WR 03 6b
RD 13 f1
RD 07 00
RD 00 84
RD 00 97
RD 00 8a
RD 00 c9
RD 00 b3
RD 00 ab
RD 00 c9
RD 00 ed
RD 00 31
WR 08 15
WR 33 ad
WR 29 c2
RD 2b 00
RD 2c 00
WR 0a 8a
WR 13 ed
RD 38 00
WR 2f 92
WR 31 79
WR 06 03
WR 09 ac
RD 00 00
RD 00 00
WR 3d 4b
RD 07 00
WR 24 63
WR 0f 46
WR 37 42
RD 04 00
RD 28 00
RD 08 00
WR 2a de
RD 22 00
WR 1e 5a
WR 0f c0
RD 1d 00
WR 23 97
WR 0d b7
WR 2b 56
RD 04 00
RD 38 00
WR 00 00
RD 00 00
WR 04 00
RD 00 b3
RD 00 a6
RD 00 46
RD 00 90
RD 00 14
RD 00 f5
RD 00 85
RD 00 5a
RD 00 00
RD 05 00
WR 01 6c
RD 06 00
RD 1c 00
RD 01 00
RD 32 00
RD 25 00
RD 2e 00
WR 32 76
RD 3f 00
WR 0c 48
RD 00 00
RD 00 00
RD 00 00
RD 01 64
RD 00 75
RD 00 75
WR 3e 67
RD 3c 00
RD 00 2e
RD 00 cb
RD 00 56
RD 00 bd
RD 00 1b
