Read a waves file with 6 signals and 11795 samples...
Input has these signals:
	* sclk (1 bits)
	* mosi (1 bits)
	* miso (1 bits)
	* ss (1 bits)
	* cpol (1 bits)
	* cpha (1 bits)

Address #1: 110011
RDWR Bit: 0
Stream Bit: 1
Stream Length: 13 (binary: 00001101)
  Data[0]: 01011000 -> 58
  Data[1]: 00100001 -> 21
  Data[2]: 00100001 -> 21
  Data[3]: 11011010 -> da
  Data[4]: 11000010 -> c2
  Data[5]: 11101110 -> ee
  Data[6]: 11000011 -> c3
  Data[7]: 01100110 -> 66
  Data[8]: 10110101 -> b5
  Data[9]: 00111100 -> 3c
  Data[10]: 01011000 -> 58
  Data[11]: 01110111 -> 77
  Data[12]: 11011101 -> dd

Address #8: 100101
RDWR Bit: 1
Stream Bit: 1
Stream Length: 5 (binary: 00000101)
  Data[0]: 10001110 -> 8e
  Data[1]: 00110010 -> 32
  Data[2]: 11001010 -> ca
  Data[3]: 11011010 -> da
  Data[4]: 00101001 -> 29

Address #12: 010011
RDWR Bit: 0
Stream Bit: 1
Stream Length: 29 (binary: 00011101)
  Data[0]: 01000111 -> 47
  Data[1]: 01101100 -> 6c
  Data[2]: 00010011 -> 13
  Data[3]: 01110011 -> 73
  Data[4]: 00001000 -> 08
  Data[5]: 00010010 -> 12
  Data[6]: 10101110 -> ae
  Data[7]: 00100001 -> 21
  Data[8]: 00101101 -> 2d
  Data[9]: 11001101 -> cd
  Data[10]: 10000111 -> 87
  Data[11]: 01100100 -> 64
  Data[12]: 11000000 -> c0
  Data[13]: 10111110 -> be
  Data[14]: 00101001 -> 29
  Data[15]: 10011001 -> 99
  Data[16]: 00111110 -> 3e
  Data[17]: 10001110 -> 8e
  Data[18]: 11101100 -> ec
  Data[19]: 11111111 -> ff
  Data[20]: 10000000 -> 80
  Data[21]: 10011110 -> 9e
  Data[22]: 01000000 -> 40
  Data[23]: 01111101 -> 7d
  Data[24]: 00010000 -> 10
  Data[25]: 11111001 -> f9
  Data[26]: 10111010 -> ba
  Data[27]: 10101011 -> ab
  Data[28]: 10111110 -> be

Address #27: 001001
RDWR Bit: 1
Stream Bit: 1
Stream Length: 21 (binary: 00010101)
  Data[0]: 10010001 -> 91
  Data[1]: 10100010 -> a2
  Data[2]: 11100101 -> e5
  Data[3]: 11011000 -> d8
  Data[4]: 11001110 -> ce
  Data[5]: 00111110 -> 3e
  Data[6]: 10001000 -> 88
  Data[7]: 10000001 -> 81
  Data[8]: 11011000 -> d8
  Data[9]: 01010010 -> 52
  Data[10]: 01101010 -> 6a
  Data[11]: 11011010 -> da
  Data[12]: 10110001 -> b1
  Data[13]: 00101101 -> 2d
  Data[14]: 00011100 -> 1c
  Data[15]: 00100000 -> 20
  Data[16]: 01110111 -> 77
  Data[17]: 10010100 -> 94
  Data[18]: 10100010 -> a2
  Data[19]: 10111011 -> bb
  Data[20]: 01110101 -> 75

Address #39: 101111
RDWR Bit: 0
Stream Bit: 1
Stream Length: 19 (binary: 00010011)
  Data[0]: 00110101 -> 35
  Data[1]: 11111010 -> fa
  Data[2]: 10010010 -> 92
  Data[3]: 01100111 -> 67
  Data[4]: 00001000 -> 08
  Data[5]: 00011111 -> 1f
  Data[6]: 01101101 -> 6d
  Data[7]: 10110011 -> b3
  Data[8]: 00111111 -> 3f
  Data[9]: 01000011 -> 43
  Data[10]: 00001010 -> 0a
  Data[11]: 00111010 -> 3a
  Data[12]: 00011001 -> 19
  Data[13]: 00001000 -> 08
  Data[14]: 01011011 -> 5b
  Data[15]: 00101001 -> 29
  Data[16]: 10111011 -> bb
  Data[17]: 00010001 -> 11
  Data[18]: 11111000 -> f8

Address #49: 111110
RDWR Bit: 1
Stream Bit: 1
Stream Length: 27 (binary: 00011011)
  Data[0]: 10111000 -> b8
  Data[1]: 10110011 -> b3
  Data[2]: 01011010 -> 5a
  Data[3]: 01000001 -> 41
  Data[4]: 00100001 -> 21
  Data[5]: 01101101 -> 6d
  Data[6]: 01001000 -> 48
  Data[7]: 10111101 -> bd
  Data[8]: 11110101 -> f5
  Data[9]: 00010011 -> 13
  Data[10]: 00011111 -> 1f
  Data[11]: 11101111 -> ef
  Data[12]: 11000011 -> c3
  Data[13]: 10001011 -> 8b
  Data[14]: 00011000 -> 18
  Data[15]: 00010110 -> 16
  Data[16]: 10110101 -> b5
  Data[17]: 00111111 -> 3f
  Data[18]: 01001000 -> 48
  Data[19]: 11101000 -> e8
  Data[20]: 11101011 -> eb
  Data[21]: 01011011 -> 5b
  Data[22]: 10110000 -> b0
  Data[23]: 01100000 -> 60
  Data[24]: 00111100 -> 3c
  Data[25]: 01001000 -> 48
  Data[26]: 10111101 -> bd

Address #64: 111111
RDWR Bit: 1
Stream Bit: 1
Stream Length: 21 (binary: 00010101)
  Data[0]: 00100101 -> 25
  Data[1]: 10001101 -> 8d
  Data[2]: 00001110 -> 0e
  Data[3]: 10001110 -> 8e
  Data[4]: 01000111 -> 47
  Data[5]: 00000100 -> 04
  Data[6]: 00100101 -> 25
  Data[7]: 10111110 -> be
  Data[8]: 01110000 -> 70
  Data[9]: 10000111 -> 87
  Data[10]: 11101001 -> e9
  Data[11]: 11000001 -> c1
  Data[12]: 10100100 -> a4
  Data[13]: 10110101 -> b5
  Data[14]: 11100110 -> e6
  Data[15]: 01000101 -> 45
  Data[16]: 00010010 -> 12
  Data[17]: 11101011 -> eb
  Data[18]: 00000010 -> 02
  Data[19]: 00010011 -> 13
  Data[20]: 10111101 -> bd

Address #75: 011001
RDWR Bit: 1
Stream Bit: 0
Exchange: 00100000

Address #76: 000110
RDWR Bit: 1
Stream Bit: 1
Stream Length: 30 (binary: 00011110)
  Data[0]: 00100101 -> 25
  Data[1]: 01000111 -> 47
  Data[2]: 01101000 -> 68
  Data[3]: 10010110 -> 96
  Data[4]: 00001011 -> 0b
  Data[5]: 10110011 -> b3
  Data[6]: 01101011 -> 6b
  Data[7]: 01110001 -> 71
  Data[8]: 00010011 -> 13
  Data[9]: 10010000 -> 90
  Data[10]: 10101001 -> a9
  Data[11]: 01010011 -> 53
  Data[12]: 10011101 -> 9d
  Data[13]: 00100110 -> 26
  Data[14]: 00100010 -> 22
  Data[15]: 00100000 -> 20
  Data[16]: 01011101 -> 5d
  Data[17]: 00001101 -> 0d
  Data[18]: 01011000 -> 58
  Data[19]: 10000001 -> 81
  Data[20]: 00101101 -> 2d
  Data[21]: 00010111 -> 17
  Data[22]: 00111100 -> 3c
  Data[23]: 11101100 -> ec
  Data[24]: 11101010 -> ea
  Data[25]: 10000001 -> 81
  Data[26]: 10110001 -> b1
  Data[27]: 10011101 -> 9d
  Data[28]: 10110001 -> b1
  Data[29]: 00000110 -> 06

Address #92: 001001
RDWR Bit: 1
Stream Bit: 1
Stream Length: 27 (binary: 00011011)
  Data[0]: 10010001 -> 91
  Data[1]: 11011111 -> df
  Data[2]: 10111011 -> bb
  Data[3]: 11011010 -> da
  Data[4]: 00111110 -> 3e
  Data[5]: 00000011 -> 03
  Data[6]: 11001100 -> cc
  Data[7]: 01011001 -> 59
  Data[8]: 10111011 -> bb
  Data[9]: 00010110 -> 16
  Data[10]: 10110011 -> b3
  Data[11]: 11001011 -> cb
  Data[12]: 00100101 -> 25
  Data[13]: 01101100 -> 6c
  Data[14]: 01101100 -> 6c
  Data[15]: 01010100 -> 54
  Data[16]: 00010010 -> 12
  Data[17]: 11001100 -> cc
  Data[18]: 00011111 -> 1f
  Data[19]: 00111001 -> 39
  Data[20]: 11110101 -> f5
  Data[21]: 10101100 -> ac
  Data[22]: 01001000 -> 48
  Data[23]: 01111000 -> 78
  Data[24]: 11001000 -> c8
  Data[25]: 00011110 -> 1e
  Data[26]: 00101010 -> 2a

Address #107: 111011
RDWR Bit: 1
Stream Bit: 1
Stream Length: 6 (binary: 00000110)
  Data[0]: 11011010 -> da
  Data[1]: 11010001 -> d1
  Data[2]: 10010001 -> 91
  Data[3]: 01100001 -> 61
  Data[4]: 10001100 -> 8c
  Data[5]: 00100110 -> 26

Address #111: 100001
RDWR Bit: 1
Stream Bit: 1
Stream Length: 25 (binary: 00011001)
  Data[0]: 10101011 -> ab
  Data[1]: 00010010 -> 12
  Data[2]: 11110110 -> f6
  Data[3]: 11110000 -> f0
  Data[4]: 01001110 -> 4e
  Data[5]: 01000000 -> 40
  Data[6]: 01000111 -> 47
  Data[7]: 00001010 -> 0a
  Data[8]: 11011111 -> df
  Data[9]: 10100111 -> a7
  Data[10]: 00010010 -> 12
  Data[11]: 11010110 -> d6
  Data[12]: 00100100 -> 24
  Data[13]: 10010001 -> 91
  Data[14]: 10101000 -> a8
  Data[15]: 00000010 -> 02
  Data[16]: 01101100 -> 6c
  Data[17]: 01011110 -> 5e
  Data[18]: 10110101 -> b5
  Data[19]: 01101000 -> 68
  Data[20]: 10000000 -> 80
  Data[21]: 11001110 -> ce
  Data[22]: 11111101 -> fd
  Data[23]: 11011011 -> db
  Data[24]: 01011110 -> 5e

Address #124: 001001
RDWR Bit: 0
Stream Bit: 0
Exchange: 00000101

Address #125: 001110
RDWR Bit: 0
Stream Bit: 1
Stream Length: 26 (binary: 00011010)
  Data[0]: 10110110 -> b6
  Data[1]: 10100011 -> a3
  Data[2]: 00001110 -> 0e
  Data[3]: 00100001 -> 21
  Data[4]: 01111010 -> 7a
  Data[5]: 10000010 -> 82
  Data[6]: 01100110 -> 66
  Data[7]: 11000001 -> c1
  Data[8]: 10000101 -> 85
  Data[9]: 10100111 -> a7
  Data[10]: 11010100 -> d4
  Data[11]: 11110100 -> f4
  Data[12]: 11011100 -> dc
  Data[13]: 00011000 -> 18
  Data[14]: 01110101 -> 75
  Data[15]: 01001101 -> 4d
  Data[16]: 01011000 -> 58
  Data[17]: 10101110 -> ae
  Data[18]: 10010101 -> 95
  Data[19]: 00011001 -> 19
  Data[20]: 11001011 -> cb
  Data[21]: 00010000 -> 10
  Data[22]: 00000110 -> 06
  Data[23]: 11010111 -> d7
  Data[24]: 11101000 -> e8
  Data[25]: 11110010 -> f2

Address #139: 000010
RDWR Bit: 0
Stream Bit: 1
Stream Length: 17 (binary: 00010001)
  Data[0]: 01010010 -> 52
  Data[1]: 10111000 -> b8
  Data[2]: 10000010 -> 82
  Data[3]: 11011101 -> dd
  Data[4]: 01100010 -> 62
  Data[5]: 10011100 -> 9c
  Data[6]: 10110110 -> b6
  Data[7]: 10011010 -> 9a
  Data[8]: 00010110 -> 16
  Data[9]: 10111101 -> bd
  Data[10]: 10001110 -> 8e
  Data[11]: 11011110 -> de
  Data[12]: 11011001 -> d9
  Data[13]: 00001101 -> 0d
  Data[14]: 00110110 -> 36
  Data[15]: 00100110 -> 26
  Data[16]: 01100000 -> 60

Address #149: 111101
RDWR Bit: 1
Stream Bit: 0
Exchange: 01011110

Address #150: 110011
RDWR Bit: 0
Stream Bit: 1
Stream Length: 12 (binary: 00001100)
  Data[0]: 10110111 -> b7
  Data[1]: 00100110 -> 26
  Data[2]: 00111111 -> 3f
  Data[3]: 11101000 -> e8
  Data[4]: 01100000 -> 60
  Data[5]: 01101101 -> 6d
  Data[6]: 00101000 -> 28
  Data[7]: 11111100 -> fc
  Data[8]: 01101101 -> 6d
  Data[9]: 01000001 -> 41
  Data[10]: 11001001 -> c9
  Data[11]: 10011000 -> 98

Address #157: 000111
RDWR Bit: 1
Stream Bit: 0
Exchange: 01010100

Address #158: 011011
RDWR Bit: 1
Stream Bit: 1
Stream Length: 1 (binary: 00000001)
  Data[0]: 11100000 -> e0

Address #159: 101111
RDWR Bit: 0
Stream Bit: 0
Exchange: 11111001

Address #160: 010011
RDWR Bit: 0
Stream Bit: 1
Stream Length: 11 (binary: 00001011)
  Data[0]: 10010110 -> 96
  Data[1]: 00100111 -> 27
  Data[2]: 00001110 -> 0e
  Data[3]: 00011101 -> 1d
  Data[4]: 10100101 -> a5
  Data[5]: 00000111 -> 07
  Data[6]: 11111110 -> fe
  Data[7]: 01100100 -> 64
  Data[8]: 10001100 -> 8c
  Data[9]: 11010111 -> d7
  Data[10]: 11110011 -> f3

Address #167: 110000
RDWR Bit: 0
Stream Bit: 1
Stream Length: 1 (binary: 00000001)
  Data[0]: 10000000 -> 80

Address #168: 011101
RDWR Bit: 0
Stream Bit: 1
Stream Length: 2 (binary: 00000010)
  Data[0]: 10111100 -> bc
  Data[1]: 01101100 -> 6c

Address #170: 101000
RDWR Bit: 0
Stream Bit: 1
Stream Length: 22 (binary: 00010110)
  Data[0]: 01000101 -> 45
  Data[1]: 10010100 -> 94
  Data[2]: 11101000 -> e8
  Data[3]: 01101001 -> 69
  Data[4]: 10010001 -> 91
  Data[5]: 01101010 -> 6a
  Data[6]: 11001110 -> ce
  Data[7]: 11101101 -> ed
  Data[8]: 00100100 -> 24
  Data[9]: 00011100 -> 1c
  Data[10]: 11110111 -> f7
  Data[11]: 10001011 -> 8b
  Data[12]: 10110111 -> b7
  Data[13]: 11001111 -> cf
  Data[14]: 01001101 -> 4d
  Data[15]: 01111111 -> 7f
  Data[16]: 01110010 -> 72
  Data[17]: 01111001 -> 79
  Data[18]: 10111001 -> b9
  Data[19]: 01001110 -> 4e
  Data[20]: 00001001 -> 09
  Data[21]: 10010001 -> 91

Address #182: 101010
RDWR Bit: 0
Stream Bit: 0
Exchange: 10011010

Address #183: 111100
RDWR Bit: 0
Stream Bit: 1
Stream Length: 18 (binary: 00010010)
  Data[0]: 00101001 -> 29
  Data[1]: 10000101 -> 85
  Data[2]: 11111110 -> fe
  Data[3]: 10111100 -> bc
  Data[4]: 00101001 -> 29
  Data[5]: 11101101 -> ed
  Data[6]: 11001101 -> cd
  Data[7]: 00011010 -> 1a
  Data[8]: 00010110 -> 16
  Data[9]: 00110001 -> 31
  Data[10]: 10001010 -> 8a
  Data[11]: 01111111 -> 7f
  Data[12]: 11101010 -> ea
  Data[13]: 10101101 -> ad
  Data[14]: 00110010 -> 32
  Data[15]: 11100011 -> e3
  Data[16]: 11100111 -> e7
  Data[17]: 01110110 -> 76

Address #193: 010011
RDWR Bit: 1
Stream Bit: 1
Stream Length: 12 (binary: 00001100)
  Data[0]: 10100110 -> a6
  Data[1]: 00011001 -> 19
  Data[2]: 01110101 -> 75
  Data[3]: 10000111 -> 87
  Data[4]: 11100100 -> e4
  Data[5]: 01000011 -> 43
  Data[6]: 11101110 -> ee
  Data[7]: 01100001 -> 61
  Data[8]: 00011010 -> 1a
  Data[9]: 01001001 -> 49
  Data[10]: 00110100 -> 34
  Data[11]: 00010010 -> 12

Address #200: 010110
RDWR Bit: 0
Stream Bit: 1
Stream Length: 3 (binary: 00000011)
  Data[0]: 01101100 -> 6c
  Data[1]: 01110100 -> 74
  Data[2]: 00001010 -> 0a

Address #203: 101011
RDWR Bit: 1
Stream Bit: 0
Exchange: 00100111

Address #204: 000011
RDWR Bit: 1
Stream Bit: 1
Stream Length: 29 (binary: 00011101)
  Data[0]: 11101010 -> ea
  Data[1]: 11100110 -> e6
  Data[2]: 11101100 -> ec
  Data[3]: 11000100 -> c4
  Data[4]: 10010111 -> 97
  Data[5]: 10111001 -> b9
  Data[6]: 11001110 -> ce
  Data[7]: 11000110 -> c6
  Data[8]: 00010000 -> 10
  Data[9]: 00111000 -> 38
  Data[10]: 11110101 -> f5
  Data[11]: 00000111 -> 07
  Data[12]: 01011011 -> 5b
  Data[13]: 11001111 -> cf
  Data[14]: 01100001 -> 61
  Data[15]: 01111011 -> 7b
  Data[16]: 00111010 -> 3a
  Data[17]: 10011001 -> 99
  Data[18]: 01001101 -> 4d
  Data[19]: 01111101 -> 7d
  Data[20]: 00011101 -> 1d
  Data[21]: 11000101 -> c5
  Data[22]: 00010100 -> 14
  Data[23]: 00111110 -> 3e
  Data[24]: 00001110 -> 0e
  Data[25]: 10010111 -> 97
  Data[26]: 11110111 -> f7
  Data[27]: 00111110 -> 3e
  Data[28]: 11000100 -> c4

Address #219: 000011
RDWR Bit: 0
Stream Bit: 0
Exchange: 10010100

Address #220: 010100
RDWR Bit: 1
Stream Bit: 0
Exchange: 11110010

Address #221: 111101
RDWR Bit: 1
Stream Bit: 0
Exchange: 11101101

Address #222: 111111
RDWR Bit: 0
Stream Bit: 0
Exchange: 10001001

Address #223: 101011
RDWR Bit: 0
Stream Bit: 0
Exchange: 11011101

Address #224: 101011
RDWR Bit: 0
Stream Bit: 0
Exchange: 01001110

Address #225: 110101
RDWR Bit: 0
Stream Bit: 1
Stream Length: 20 (binary: 00010100)
  Data[0]: 10001101 -> 8d
  Data[1]: 01011110 -> 5e
  Data[2]: 10010110 -> 96
  Data[3]: 00010001 -> 11
  Data[4]: 10010111 -> 97
  Data[5]: 11000000 -> c0
  Data[6]: 11101000 -> e8
  Data[7]: 11011111 -> df
  Data[8]: 00110000 -> 30
  Data[9]: 11110110 -> f6
  Data[10]: 01000001 -> 41
  Data[11]: 10011001 -> 99
  Data[12]: 01101111 -> 6f
  Data[13]: 10001100 -> 8c
  Data[14]: 00100111 -> 27
  Data[15]: 11000001 -> c1
  Data[16]: 11011001 -> d9
  Data[17]: 11101010 -> ea
  Data[18]: 10101101 -> ad
  Data[19]: 00101101 -> 2d

Address #236: 100111
RDWR Bit: 1
Stream Bit: 1
Stream Length: 16 (binary: 00010000)
  Data[0]: 00110011 -> 33
  Data[1]: 00000010 -> 02
  Data[2]: 11101010 -> ea
  Data[3]: 10100101 -> a5
  Data[4]: 11100111 -> e7
  Data[5]: 01101100 -> 6c
  Data[6]: 10000100 -> 84
  Data[7]: 00011010 -> 1a
  Data[8]: 11001100 -> cc
  Data[9]: 01101000 -> 68
  Data[10]: 10000000 -> 80
  Data[11]: 00010110 -> 16
  Data[12]: 00101100 -> 2c
  Data[13]: 00011100 -> 1c
  Data[14]: 00101101 -> 2d
  Data[15]: 01011010 -> 5a

Address #245: 010111
RDWR Bit: 1
Stream Bit: 1
Stream Length: 9 (binary: 00001001)
  Data[0]: 10000000 -> 80
  Data[1]: 11111110 -> fe
  Data[2]: 00000001 -> 01
  Data[3]: 01111100 -> 7c
  Data[4]: 00011011 -> 1b
  Data[5]: 00100000 -> 20
  Data[6]: 11001000 -> c8
  Data[7]: 00100000 -> 20
  Data[8]: 11110010 -> f2

Address #251: 011101
RDWR Bit: 1
Stream Bit: 1
Stream Length: 18 (binary: 00010010)
  Data[0]: 00100111 -> 27
  Data[1]: 11010111 -> d7
  Data[2]: 11111011 -> fb
  Data[3]: 01010101 -> 55
  Data[4]: 00101110 -> 2e
  Data[5]: 00000110 -> 06
  Data[6]: 10000110 -> 86
  Data[7]: 11100011 -> e3
  Data[8]: 10101010 -> aa
  Data[9]: 00011011 -> 1b
  Data[10]: 01001010 -> 4a
  Data[11]: 01000110 -> 46
  Data[12]: 01011001 -> 59
  Data[13]: 00000000 -> 00
  Data[14]: 00001000 -> 08
  Data[15]: 10010101 -> 95
  Data[16]: 11110010 -> f2
  Data[17]: 11001011 -> cb

Address #261: 100010
RDWR Bit: 0
Stream Bit: 1
Stream Length: 7 (binary: 00000111)
  Data[0]: 10010000 -> 90
  Data[1]: 00111011 -> 3b
  Data[2]: 01010001 -> 51
  Data[3]: 11111111 -> ff
  Data[4]: 11101001 -> e9
  Data[5]: 01001110 -> 4e
  Data[6]: 10101011 -> ab

Address #265: 010001
RDWR Bit: 1
Stream Bit: 1
Stream Length: 6 (binary: 00000110)
  Data[0]: 01110010 -> 72
  Data[1]: 00011010 -> 1a
  Data[2]: 01011101 -> 5d
  Data[3]: 10010110 -> 96
  Data[4]: 11001001 -> c9
  Data[5]: 00110010 -> 32

Address #269: 100010
RDWR Bit: 1
Stream Bit: 0
Exchange: 11010001

Address #270: 000011
RDWR Bit: 1
Stream Bit: 1
Stream Length: 19 (binary: 00010011)
  Data[0]: 10101111 -> af
  Data[1]: 01000000 -> 40
  Data[2]: 10000001 -> 81
  Data[3]: 11001111 -> cf
  Data[4]: 10001110 -> 8e
  Data[5]: 01110000 -> 70
  Data[6]: 10010110 -> 96
  Data[7]: 00000001 -> 01
  Data[8]: 01101100 -> 6c
  Data[9]: 00110001 -> 31
  Data[10]: 10001011 -> 8b
  Data[11]: 11000101 -> c5
  Data[12]: 00110100 -> 34
  Data[13]: 11110010 -> f2
  Data[14]: 00100001 -> 21
  Data[15]: 10011000 -> 98
  Data[16]: 11000010 -> c2
  Data[17]: 11111100 -> fc
  Data[18]: 10110001 -> b1

Address #281: 001111
RDWR Bit: 1
Stream Bit: 0
Exchange: 11010001

Address #282: 111100
RDWR Bit: 1
Stream Bit: 1
Stream Length: 2 (binary: 00000010)
  Data[0]: 00001111 -> 0f
  Data[1]: 01101011 -> 6b

Address #284: 010011
RDWR Bit: 0
Stream Bit: 0
Exchange: 11110001

Address #285: 000111
RDWR Bit: 0
Stream Bit: 1
Stream Length: 18 (binary: 00010010)
  Data[0]: 10001000 -> 88
  Data[1]: 10000100 -> 84
  Data[2]: 00101101 -> 2d
  Data[3]: 10010111 -> 97
  Data[4]: 00100000 -> 20
  Data[5]: 10001010 -> 8a
  Data[6]: 11011100 -> dc
  Data[7]: 11001001 -> c9
  Data[8]: 01101110 -> 6e
  Data[9]: 10110011 -> b3
  Data[10]: 00111010 -> 3a
  Data[11]: 10101011 -> ab
  Data[12]: 01100010 -> 62
  Data[13]: 11001001 -> c9
  Data[14]: 10011100 -> 9c
  Data[15]: 11101101 -> ed
  Data[16]: 11110111 -> f7
  Data[17]: 00110001 -> 31

Address #295: 001000
RDWR Bit: 1
Stream Bit: 1
Stream Length: 21 (binary: 00010101)
  Data[0]: 11001111 -> cf
  Data[1]: 10101101 -> ad
  Data[2]: 10100110 -> a6
  Data[3]: 11000010 -> c2
  Data[4]: 10101100 -> ac
  Data[5]: 10101101 -> ad
  Data[6]: 10110000 -> b0
  Data[7]: 01010101 -> 55
  Data[8]: 00101010 -> 2a
  Data[9]: 10001010 -> 8a
  Data[10]: 01001110 -> 4e
  Data[11]: 11101101 -> ed
  Data[12]: 11100001 -> e1
  Data[13]: 11100000 -> e0
  Data[14]: 10111111 -> bf
  Data[15]: 10010010 -> 92
  Data[16]: 11000111 -> c7
  Data[17]: 01111001 -> 79
  Data[18]: 00011010 -> 1a
  Data[19]: 00000011 -> 03
  Data[20]: 00100111 -> 27

Address #306: 101011
RDWR Bit: 0
Stream Bit: 0
Exchange: 00011111

Address #307: 000011
RDWR Bit: 0
Stream Bit: 0
Exchange: 10011111

Address #308: 001000
RDWR Bit: 1
Stream Bit: 0
Exchange: 11110110

Address #309: 010010
RDWR Bit: 1
Stream Bit: 1
Stream Length: 28 (binary: 00011100)
  Data[0]: 01110100 -> 74
  Data[1]: 10010011 -> 93
  Data[2]: 01100011 -> 63
  Data[3]: 00111110 -> 3e
  Data[4]: 01000110 -> 46
  Data[5]: 11011111 -> df
  Data[6]: 01000010 -> 42
  Data[7]: 00010001 -> 11
  Data[8]: 10100111 -> a7
  Data[9]: 10100000 -> a0
  Data[10]: 00101110 -> 2e
  Data[11]: 00100000 -> 20
  Data[12]: 10101010 -> aa
  Data[13]: 10101010 -> aa
  Data[14]: 11011110 -> de
  Data[15]: 10001001 -> 89
  Data[16]: 10010110 -> 96
  Data[17]: 01111010 -> 7a
  Data[18]: 01011010 -> 5a
  Data[19]: 00111111 -> 3f
  Data[20]: 11000000 -> c0
  Data[21]: 01110101 -> 75
  Data[22]: 10100001 -> a1
  Data[23]: 10001111 -> 8f
  Data[24]: 10010111 -> 97
  Data[25]: 00110110 -> 36
  Data[26]: 10110111 -> b7
  Data[27]: 10101111 -> af

Address #324: 010101
RDWR Bit: 1
Stream Bit: 0
Exchange: 00010001

Address #325: 011100
RDWR Bit: 1
Stream Bit: 0
Exchange: 11100000

Address #326: 010011
RDWR Bit: 0
Stream Bit: 1
Stream Length: 2 (binary: 00000010)
  Data[0]: 10100110 -> a6
  Data[1]: 01111010 -> 7a

Address #328: 110111
RDWR Bit: 0
Stream Bit: 1
Stream Length: 18 (binary: 00010010)
  Data[0]: 00001000 -> 08
  Data[1]: 10101010 -> aa
  Data[2]: 10110011 -> b3
  Data[3]: 01010111 -> 57
  Data[4]: 10100110 -> a6
  Data[5]: 10001110 -> 8e
  Data[6]: 01000110 -> 46
  Data[7]: 00000011 -> 03
  Data[8]: 10010000 -> 90
  Data[9]: 10010011 -> 93
  Data[10]: 00010100 -> 14
  Data[11]: 10011111 -> 9f
  Data[12]: 11110101 -> f5
  Data[13]: 01001001 -> 49
  Data[14]: 10000101 -> 85
  Data[15]: 10110100 -> b4
  Data[16]: 01011010 -> 5a
  Data[17]: 00000001 -> 01

Address #338: 000011
RDWR Bit: 1
Stream Bit: 1
Stream Length: 20 (binary: 00010100)
  Data[0]: 10011111 -> 9f
  Data[1]: 00000111 -> 07
  Data[2]: 01101100 -> 6c
  Data[3]: 00011001 -> 19
  Data[4]: 00000000 -> 00
  Data[5]: 01110001 -> 71
  Data[6]: 10001101 -> 8d
  Data[7]: 00000100 -> 04
  Data[8]: 00110000 -> 30
  Data[9]: 11001000 -> c8
  Data[10]: 11101101 -> ed
  Data[11]: 10010101 -> 95
  Data[12]: 10101010 -> aa
  Data[13]: 10111001 -> b9
  Data[14]: 10110110 -> b6
  Data[15]: 11001010 -> ca
  Data[16]: 01110110 -> 76
  Data[17]: 11111100 -> fc
  Data[18]: 10110010 -> b2
  Data[19]: 00110010 -> 32

Address #349: 010010
RDWR Bit: 0
Stream Bit: 0
Exchange: 10100001

Address #350: 110010
RDWR Bit: 0
Stream Bit: 0
Exchange: 01010011

Address #351: 111101
RDWR Bit: 0
Stream Bit: 0
Exchange: 01001011

Address #352: 101111
RDWR Bit: 0
Stream Bit: 1
Stream Length: 5 (binary: 00000101)
  Data[0]: 01100100 -> 64
  Data[1]: 10001111 -> 8f
  Data[2]: 01110101 -> 75
  Data[3]: 11110000 -> f0
  Data[4]: 01110101 -> 75

Address #356: 111110
RDWR Bit: 1
Stream Bit: 0
Exchange: 01100111

Address #357: 111100
RDWR Bit: 0
Stream Bit: 1
Stream Length: 11 (binary: 00001011)
  Data[0]: 10010101 -> 95
  Data[1]: 00101110 -> 2e
  Data[2]: 01110001 -> 71
  Data[3]: 11001011 -> cb
  Data[4]: 01110000 -> 70
  Data[5]: 01010110 -> 56
  Data[6]: 10110111 -> b7
  Data[7]: 10111101 -> bd
  Data[8]: 00011010 -> 1a
  Data[9]: 00011011 -> 1b
  Data[10]: 11011111 -> df
