Read a waves file with 6 signals and 9203 samples...
Input has these signals:
	* sclk (1 bits)
	* mosi (1 bits)
	* miso (1 bits)
	* ss (1 bits)
	* cpol (1 bits)
	* cpha (1 bits)

Address #1: 011101
RDWR Bit: 1
Stream Bit: 1
Stream Length: 20 (binary: 00010100)
  Data[0]: 01001010 -> 4a
  Data[1]: 00110010 -> 32
  Data[2]: 00010111 -> 17
  Data[3]: 00100110 -> 26
  Data[4]: 11101100 -> ec
  Data[5]: 10101100 -> ac
  Data[6]: 11010101 -> d5
  Data[7]: 01011110 -> 5e
  Data[8]: 11011001 -> d9
  Data[9]: 01110010 -> 72
  Data[10]: 00010010 -> 12
  Data[11]: 10100011 -> a3
  Data[12]: 11010000 -> d0
  Data[13]: 01100010 -> 62
  Data[14]: 00111110 -> 3e
  Data[15]: 01010101 -> 55
  Data[16]: 01000011 -> 43
  Data[17]: 00010010 -> 12
  Data[18]: 11000110 -> c6
  Data[19]: 10110111 -> b7

Address #12: 101100
RDWR Bit: 1
Stream Bit: 1
Stream Length: 5 (binary: 00000101)
  Data[0]: 01001110 -> 4e
  Data[1]: 10110000 -> b0
  Data[2]: 00111001 -> 39
  Data[3]: 10110000 -> b0
  Data[4]: 00010101 -> 15

Address #15: 111001
RDWR Bit: 1
Stream Bit: 0
Exchange: 00000010

Address #16: 110110
RDWR Bit: 0
Stream Bit: 0
Exchange: 10011111

Address #17: 001011
RDWR Bit: 1
Stream Bit: 1
Stream Length: 7 (binary: 00000111)
  Data[0]: 01000011 -> 43
  Data[1]: 01001010 -> 4a
  Data[2]: 10110010 -> b2
  Data[3]: 01111010 -> 7a
  Data[4]: 11010000 -> d0
  Data[5]: 10000011 -> 83
  Data[6]: 00100001 -> 21

Address #22: 111111
RDWR Bit: 1
Stream Bit: 0
Exchange: 11110100

Address #23: 010000
RDWR Bit: 1
Stream Bit: 1
Stream Length: 31 (binary: 00011111)
  Data[0]: 11101110 -> ee
  Data[1]: 00010011 -> 13
  Data[2]: 01000010 -> 42
  Data[3]: 01001100 -> 4c
  Data[4]: 10010100 -> 94
  Data[5]: 10110010 -> b2
  Data[6]: 11010001 -> d1
  Data[7]: 10100100 -> a4
  Data[8]: 11000011 -> c3
  Data[9]: 10100000 -> a0
  Data[10]: 10000111 -> 87
  Data[11]: 10111000 -> b8
  Data[12]: 10110100 -> b4
  Data[13]: 10010110 -> 96
  Data[14]: 00100001 -> 21
  Data[15]: 10111100 -> bc
  Data[16]: 00000001 -> 01
  Data[17]: 10010101 -> 95
  Data[18]: 00010011 -> 13
  Data[19]: 10111100 -> bc
  Data[20]: 00110001 -> 31
  Data[21]: 11101001 -> e9
  Data[22]: 11110001 -> f1
  Data[23]: 01001100 -> 4c
  Data[24]: 00001011 -> 0b
  Data[25]: 10111111 -> bf
  Data[26]: 00011101 -> 1d
  Data[27]: 10101000 -> a8
  Data[28]: 01100000 -> 60
  Data[29]: 11100001 -> e1
  Data[30]: 10100101 -> a5

Address #39: 101100
RDWR Bit: 1
Stream Bit: 1
Stream Length: 25 (binary: 00011001)
  Data[0]: 11010110 -> d6
  Data[1]: 01000000 -> 40
  Data[2]: 01001001 -> 49
  Data[3]: 01010101 -> 55
  Data[4]: 10011001 -> 99
  Data[5]: 01101110 -> 6e
  Data[6]: 01010010 -> 52
  Data[7]: 00100000 -> 20
  Data[8]: 00011100 -> 1c
  Data[9]: 01100001 -> 61
  Data[10]: 11011111 -> df
  Data[11]: 10100111 -> a7
  Data[12]: 10100111 -> a7
  Data[13]: 11111011 -> fb
  Data[14]: 00011100 -> 1c
  Data[15]: 01101110 -> 6e
  Data[16]: 01011101 -> 5d
  Data[17]: 10110011 -> b3
  Data[18]: 00110100 -> 34
  Data[19]: 10010100 -> 94
  Data[20]: 11000011 -> c3
  Data[21]: 11110001 -> f1
  Data[22]: 01010111 -> 57
  Data[23]: 11011010 -> da
  Data[24]: 10100101 -> a5

Address #53: 001101
RDWR Bit: 1
Stream Bit: 1
Stream Length: 4 (binary: 00000100)
  Data[0]: 01111100 -> 7c
  Data[1]: 00000101 -> 05
  Data[2]: 01000111 -> 47
  Data[3]: 11011111 -> df

Address #56: 100110
RDWR Bit: 0
Stream Bit: 0
Exchange: 00011111

Address #57: 100000
RDWR Bit: 1
Stream Bit: 1
Stream Length: 2 (binary: 00000010)
  Data[0]: 11011000 -> d8
  Data[1]: 00000000 -> 00

Address #59: 010001
RDWR Bit: 1
Stream Bit: 0
Exchange: 01111000

Address #60: 111010
RDWR Bit: 1
Stream Bit: 0
Exchange: 01010100

Address #61: 001100
RDWR Bit: 1
Stream Bit: 1
Stream Length: 10 (binary: 00001010)
  Data[0]: 00010110 -> 16
  Data[1]: 00101101 -> 2d
  Data[2]: 01011010 -> 5a
  Data[3]: 01000000 -> 40
  Data[4]: 01100000 -> 60
  Data[5]: 10100101 -> a5
  Data[6]: 10111010 -> ba
  Data[7]: 10100101 -> a5
  Data[8]: 10000111 -> 87
  Data[9]: 01000001 -> 41

Address #67: 100110
RDWR Bit: 1
Stream Bit: 0
Exchange: 00101100

Address #68: 100101
RDWR Bit: 1
Stream Bit: 1
Stream Length: 28 (binary: 00011100)
  Data[0]: 11000111 -> c7
  Data[1]: 00111001 -> 39
  Data[2]: 00011011 -> 1b
  Data[3]: 11011011 -> db
  Data[4]: 00000110 -> 06
  Data[5]: 00100101 -> 25
  Data[6]: 11010000 -> d0
  Data[7]: 11111000 -> f8
  Data[8]: 10001011 -> 8b
  Data[9]: 00010000 -> 10
  Data[10]: 01010111 -> 57
  Data[11]: 10100000 -> a0
  Data[12]: 11001001 -> c9
  Data[13]: 10110001 -> b1
  Data[14]: 10110101 -> b5
  Data[15]: 01101111 -> 6f
  Data[16]: 11011010 -> da
  Data[17]: 10011010 -> 9a
  Data[18]: 00011011 -> 1b
  Data[19]: 10100000 -> a0
  Data[20]: 10110011 -> b3
  Data[21]: 10110101 -> b5
  Data[22]: 10111000 -> b8
  Data[23]: 11000000 -> c0
  Data[24]: 00001010 -> 0a
  Data[25]: 10101111 -> af
  Data[26]: 01101001 -> 69
  Data[27]: 01011100 -> 5c

Address #83: 001000
RDWR Bit: 0
Stream Bit: 0
Exchange: 10011111

Address #84: 100001
RDWR Bit: 0
Stream Bit: 0
Exchange: 01111011

Address #85: 111010
RDWR Bit: 1
Stream Bit: 1
Stream Length: 22 (binary: 00010110)
  Data[0]: 11011101 -> dd
  Data[1]: 10101011 -> ab
  Data[2]: 10000010 -> 82
  Data[3]: 00000101 -> 05
  Data[4]: 10110001 -> b1
  Data[5]: 10000001 -> 81
  Data[6]: 11000101 -> c5
  Data[7]: 00101011 -> 2b
  Data[8]: 10011010 -> 9a
  Data[9]: 00100101 -> 25
  Data[10]: 01100001 -> 61
  Data[11]: 11001010 -> ca
  Data[12]: 10110100 -> b4
  Data[13]: 01110010 -> 72
  Data[14]: 11000000 -> c0
  Data[15]: 10011100 -> 9c
  Data[16]: 00100001 -> 21
  Data[17]: 00100010 -> 22
  Data[18]: 01011010 -> 5a
  Data[19]: 00011101 -> 1d
  Data[20]: 01010111 -> 57
  Data[21]: 11100001 -> e1

Address #97: 001000
RDWR Bit: 0
Stream Bit: 1
Stream Length: 3 (binary: 00000011)
  Data[0]: 00111000 -> 38
  Data[1]: 01110001 -> 71
  Data[2]: 11111101 -> fd

Address #99: 111000
RDWR Bit: 0
Stream Bit: 0
Exchange: 00000101

Address #100: 000000
RDWR Bit: 0
Stream Bit: 1
Stream Length: 23 (binary: 00010111)
  Data[0]: 01010100 -> 54
  Data[1]: 01010100 -> 54
  Data[2]: 10110100 -> b4
  Data[3]: 10011000 -> 98
  Data[4]: 01111110 -> 7e
  Data[5]: 11000011 -> c3
  Data[6]: 11101101 -> ed
  Data[7]: 10100010 -> a2
  Data[8]: 11101011 -> eb
  Data[9]: 11100001 -> e1
  Data[10]: 10100101 -> a5
  Data[11]: 01110001 -> 71
  Data[12]: 01101100 -> 6c
  Data[13]: 10110011 -> b3
  Data[14]: 01010001 -> 51
  Data[15]: 11010000 -> d0
  Data[16]: 10100111 -> a7
  Data[17]: 11110010 -> f2
  Data[18]: 11000100 -> c4
  Data[19]: 00011011 -> 1b
  Data[20]: 11110111 -> f7
  Data[21]: 10010011 -> 93
  Data[22]: 01101111 -> 6f

Address #113: 101111
RDWR Bit: 0
Stream Bit: 1
Stream Length: 26 (binary: 00011010)
  Data[0]: 10001111 -> 8f
  Data[1]: 01000111 -> 47
  Data[2]: 10011110 -> 9e
  Data[3]: 00110001 -> 31
  Data[4]: 01011010 -> 5a
  Data[5]: 00101000 -> 28
  Data[6]: 11000010 -> c2
  Data[7]: 11100001 -> e1
  Data[8]: 10000010 -> 82
  Data[9]: 10111011 -> bb
  Data[10]: 11101100 -> ec
  Data[11]: 10101110 -> ae
  Data[12]: 10000001 -> 81
  Data[13]: 00100110 -> 26
  Data[14]: 10100111 -> a7
  Data[15]: 11000001 -> c1
  Data[16]: 01011100 -> 5c
  Data[17]: 00110010 -> 32
  Data[18]: 00010111 -> 17
  Data[19]: 10011111 -> 9f
  Data[20]: 01001001 -> 49
  Data[21]: 11110000 -> f0
  Data[22]: 00100001 -> 21
  Data[23]: 01000001 -> 41
  Data[24]: 10001010 -> 8a
  Data[25]: 11111100 -> fc

Address #127: 000010
RDWR Bit: 1
Stream Bit: 0
Exchange: 11111001

Address #128: 111110
RDWR Bit: 1
Stream Bit: 0
Exchange: 01000100

Address #129: 101101
RDWR Bit: 1
Stream Bit: 1
Stream Length: 9 (binary: 00001001)
  Data[0]: 01000001 -> 41
  Data[1]: 10010000 -> 90
  Data[2]: 11010011 -> d3
  Data[3]: 01010010 -> 52
  Data[4]: 00001101 -> 0d
  Data[5]: 11010101 -> d5
  Data[6]: 10000010 -> 82
  Data[7]: 10110111 -> b7
  Data[8]: 10101100 -> ac

Address #134: 011100
RDWR Bit: 0
Stream Bit: 0
Exchange: 01111000

Address #135: 011110
RDWR Bit: 0
Stream Bit: 1
Stream Length: 31 (binary: 00011111)
  Data[0]: 01011011 -> 5b
  Data[1]: 01001111 -> 4f
  Data[2]: 11010001 -> d1
  Data[3]: 11111110 -> fe
  Data[4]: 11110011 -> f3
  Data[5]: 01101000 -> 68
  Data[6]: 11010101 -> d5
  Data[7]: 00010000 -> 10
  Data[8]: 00110011 -> 33
  Data[9]: 11000110 -> c6
  Data[10]: 11010111 -> d7
  Data[11]: 11000001 -> c1
  Data[12]: 11111010 -> fa
  Data[13]: 11000100 -> c4
  Data[14]: 01011111 -> 5f
  Data[15]: 10110100 -> b4
  Data[16]: 01100100 -> 64
  Data[17]: 01000100 -> 44
  Data[18]: 00011001 -> 19
  Data[19]: 11101010 -> ea
  Data[20]: 00000001 -> 01
  Data[21]: 00111111 -> 3f
  Data[22]: 01010011 -> 53
  Data[23]: 11000111 -> c7
  Data[24]: 10101011 -> ab
  Data[25]: 10110100 -> b4
  Data[26]: 00011100 -> 1c
  Data[27]: 01111010 -> 7a
  Data[28]: 01101110 -> 6e
  Data[29]: 10111010 -> ba
  Data[30]: 11111111 -> ff

Address #152: 000000
RDWR Bit: 0
Stream Bit: 0
Exchange: 10101101

Address #153: 110001
RDWR Bit: 1
Stream Bit: 0
Exchange: 01010001

Address #154: 111000
RDWR Bit: 0
Stream Bit: 0
Exchange: 00001111

Address #155: 111111
RDWR Bit: 1
Stream Bit: 1
Stream Length: 5 (binary: 00000101)
  Data[0]: 11100111 -> e7
  Data[1]: 00100101 -> 25
  Data[2]: 10101101 -> ad
  Data[3]: 01110110 -> 76
  Data[4]: 11000100 -> c4

Address #158: 001111
RDWR Bit: 0
Stream Bit: 1
Stream Length: 13 (binary: 00001101)
  Data[0]: 10000101 -> 85
  Data[1]: 10000110 -> 86
  Data[2]: 11111100 -> fc
  Data[3]: 00110010 -> 32
  Data[4]: 00110100 -> 34
  Data[5]: 00001000 -> 08
  Data[6]: 01100111 -> 67
  Data[7]: 11011101 -> dd
  Data[8]: 10010100 -> 94
  Data[9]: 01011101 -> 5d
  Data[10]: 11110111 -> f7
  Data[11]: 11010111 -> d7
  Data[12]: 10101011 -> ab

Address #166: 111101
RDWR Bit: 1
Stream Bit: 0
Exchange: 10000001

Address #167: 000001
RDWR Bit: 0
Stream Bit: 0
Exchange: 01111011

Address #168: 111111
RDWR Bit: 1
Stream Bit: 1
Stream Length: 18 (binary: 00010010)
  Data[0]: 11010100 -> d4
  Data[1]: 10110110 -> b6
  Data[2]: 00110000 -> 30
  Data[3]: 11000100 -> c4
  Data[4]: 10110101 -> b5
  Data[5]: 10011100 -> 9c
  Data[6]: 01001010 -> 4a
  Data[7]: 11011100 -> dc
  Data[8]: 01100110 -> 66
  Data[9]: 00011011 -> 1b
  Data[10]: 11110111 -> f7
  Data[11]: 00011011 -> 1b
  Data[12]: 00111010 -> 3a
  Data[13]: 10010110 -> 96
  Data[14]: 10001010 -> 8a
  Data[15]: 00000111 -> 07
  Data[16]: 00100001 -> 21
  Data[17]: 11000100 -> c4

Address #178: 111111
RDWR Bit: 1
Stream Bit: 1
Stream Length: 11 (binary: 00001011)
  Data[0]: 11101010 -> ea
  Data[1]: 00101110 -> 2e
  Data[2]: 10110101 -> b5
  Data[3]: 00001100 -> 0c
  Data[4]: 00101111 -> 2f
  Data[5]: 11001000 -> c8
  Data[6]: 10100011 -> a3
  Data[7]: 00110011 -> 33
  Data[8]: 11001110 -> ce
  Data[9]: 11100010 -> e2
  Data[10]: 10101010 -> aa

Address #184: 011010
RDWR Bit: 1
Stream Bit: 1
Stream Length: 10 (binary: 00001010)
  Data[0]: 00001001 -> 09
  Data[1]: 11011010 -> da
  Data[2]: 00101010 -> 2a
  Data[3]: 11110111 -> f7
  Data[4]: 00101010 -> 2a
  Data[5]: 00011110 -> 1e
  Data[6]: 01010001 -> 51
  Data[7]: 01100001 -> 61
  Data[8]: 11011111 -> df
  Data[9]: 11100111 -> e7

Address #190: 101101
RDWR Bit: 0
Stream Bit: 0
Exchange: 11010101

Address #191: 010000
RDWR Bit: 1
Stream Bit: 1
Stream Length: 19 (binary: 00010011)
  Data[0]: 11000111 -> c7
  Data[1]: 10001000 -> 88
  Data[2]: 11000010 -> c2
  Data[3]: 01100111 -> 67
  Data[4]: 11011010 -> da
  Data[5]: 01011100 -> 5c
  Data[6]: 11110100 -> f4
  Data[7]: 10100100 -> a4
  Data[8]: 11000111 -> c7
  Data[9]: 11110101 -> f5
  Data[10]: 00110111 -> 37
  Data[11]: 01010000 -> 50
  Data[12]: 01010000 -> 50
  Data[13]: 10010111 -> 97
  Data[14]: 01011100 -> 5c
  Data[15]: 00111101 -> 3d
  Data[16]: 11010100 -> d4
  Data[17]: 00011111 -> 1f
  Data[18]: 11010101 -> d5

Address #202: 101000
RDWR Bit: 1
Stream Bit: 1
Stream Length: 22 (binary: 00010110)
  Data[0]: 11111000 -> f8
  Data[1]: 01100010 -> 62
  Data[2]: 10110000 -> b0
  Data[3]: 11000111 -> c7
  Data[4]: 10111010 -> ba
  Data[5]: 10001100 -> 8c
  Data[6]: 11001011 -> cb
  Data[7]: 10101110 -> ae
  Data[8]: 11011000 -> d8
  Data[9]: 10000100 -> 84
  Data[10]: 10100110 -> a6
  Data[11]: 11001010 -> ca
  Data[12]: 00011110 -> 1e
  Data[13]: 00110010 -> 32
  Data[14]: 11110110 -> f6
  Data[15]: 00101101 -> 2d
  Data[16]: 11011011 -> db
  Data[17]: 01000110 -> 46
  Data[18]: 11100001 -> e1
  Data[19]: 01011011 -> 5b
  Data[20]: 01001001 -> 49
  Data[21]: 10110001 -> b1

Address #214: 000111
RDWR Bit: 1
Stream Bit: 0
Exchange: 11011011

Address #215: 010111
RDWR Bit: 1
Stream Bit: 0
Exchange: 01111111

Address #216: 110111
RDWR Bit: 1
Stream Bit: 0
Exchange: 00101001

Address #217: 100011
RDWR Bit: 1
Stream Bit: 0
Exchange: 00011000

Address #218: 100101
RDWR Bit: 1
Stream Bit: 0
Exchange: 10100011

Address #219: 110100
RDWR Bit: 1
Stream Bit: 0
Exchange: 00001111

Address #220: 000000
RDWR Bit: 0
Stream Bit: 0
Exchange: 00000101

Address #221: 001100
RDWR Bit: 0
Stream Bit: 0
Exchange: 10100000

Address #222: 100111
RDWR Bit: 1
Stream Bit: 1
Stream Length: 16 (binary: 00010000)
  Data[0]: 10001110 -> 8e
  Data[1]: 01011010 -> 5a
  Data[2]: 11011011 -> db
  Data[3]: 10111101 -> bd
  Data[4]: 11101101 -> ed
  Data[5]: 00100111 -> 27
  Data[6]: 01000010 -> 42
  Data[7]: 01111000 -> 78
  Data[8]: 10010100 -> 94
  Data[9]: 10000100 -> 84
  Data[10]: 11110111 -> f7
  Data[11]: 10001011 -> 8b
  Data[12]: 11101101 -> ed
  Data[13]: 11001001 -> c9
  Data[14]: 11001101 -> cd
  Data[15]: 11110011 -> f3

Address #231: 010111
RDWR Bit: 1
Stream Bit: 0
Exchange: 11100010

Address #232: 011110
RDWR Bit: 0
Stream Bit: 1
Stream Length: 4 (binary: 00000100)
  Data[0]: 01101110 -> 6e
  Data[1]: 11011000 -> d8
  Data[2]: 11000100 -> c4
  Data[3]: 11011111 -> df

Address #235: 100011
RDWR Bit: 1
Stream Bit: 0
Exchange: 01011110

Address #236: 001011
RDWR Bit: 1
Stream Bit: 1
Stream Length: 5 (binary: 00000101)
  Data[0]: 10101100 -> ac
  Data[1]: 10001101 -> 8d
  Data[2]: 01110000 -> 70
  Data[3]: 10110110 -> b6
  Data[4]: 01011111 -> 5f

Address #239: 011011
RDWR Bit: 1
Stream Bit: 1
Stream Length: 19 (binary: 00010011)
  Data[0]: 01110000 -> 70
  Data[1]: 10000110 -> 86
  Data[2]: 01111101 -> 7d
  Data[3]: 11010100 -> d4
  Data[4]: 01001000 -> 48
  Data[5]: 01000111 -> 47
  Data[6]: 10000000 -> 80
  Data[7]: 01110000 -> 70
  Data[8]: 10111110 -> be
  Data[9]: 10100100 -> a4
  Data[10]: 01101110 -> 6e
  Data[11]: 10011110 -> 9e
  Data[12]: 01101000 -> 68
  Data[13]: 01000111 -> 47
  Data[14]: 11111111 -> ff
  Data[15]: 11101010 -> ea
  Data[16]: 00101001 -> 29
  Data[17]: 00011101 -> 1d
  Data[18]: 11100010 -> e2

Address #250: 010100
RDWR Bit: 1
Stream Bit: 1
Stream Length: 22 (binary: 00010110)
  Data[0]: 10101110 -> ae
  Data[1]: 00001100 -> 0c
  Data[2]: 10101011 -> ab
  Data[3]: 11001000 -> c8
  Data[4]: 10100100 -> a4
  Data[5]: 11110000 -> f0
  Data[6]: 01100110 -> 66
  Data[7]: 11100000 -> e0
  Data[8]: 01001100 -> 4c
  Data[9]: 00110000 -> 30
  Data[10]: 00001011 -> 0b
  Data[11]: 10011111 -> 9f
  Data[12]: 00001101 -> 0d
  Data[13]: 11011011 -> db
  Data[14]: 10000110 -> 86
  Data[15]: 01101011 -> 6b
  Data[16]: 00001001 -> 09
  Data[17]: 10000001 -> 81
  Data[18]: 10001010 -> 8a
  Data[19]: 01011100 -> 5c
  Data[20]: 10101010 -> aa
  Data[21]: 01001001 -> 49

Address #262: 101100
RDWR Bit: 0
Stream Bit: 0
Exchange: 01111111

Address #263: 110100
RDWR Bit: 1
Stream Bit: 1
Stream Length: 25 (binary: 00011001)
  Data[0]: 00010101 -> 15
  Data[1]: 00100101 -> 25
  Data[2]: 01111110 -> 7e
  Data[3]: 11101000 -> e8
  Data[4]: 10001000 -> 88
  Data[5]: 10110100 -> b4
  Data[6]: 10101011 -> ab
  Data[7]: 11011101 -> dd
  Data[8]: 10100111 -> a7
  Data[9]: 01110100 -> 74
  Data[10]: 10010101 -> 95
  Data[11]: 11101101 -> ed
  Data[12]: 10001000 -> 88
  Data[13]: 11001101 -> cd
  Data[14]: 11100000 -> e0
  Data[15]: 00110100 -> 34
  Data[16]: 01011101 -> 5d
  Data[17]: 11111100 -> fc
  Data[18]: 00100010 -> 22
  Data[19]: 01010000 -> 50
  Data[20]: 10010010 -> 92
  Data[21]: 10010011 -> 93
  Data[22]: 00010111 -> 17
  Data[23]: 10110010 -> b2
  Data[24]: 00101011 -> 2b

Address #276: 101110
RDWR Bit: 1
Stream Bit: 0
Exchange: 10111011

Address #277: 010100
RDWR Bit: 0
Stream Bit: 0
Exchange: 10010010

Address #278: 101101
RDWR Bit: 1
Stream Bit: 0
Exchange: 10111000

Address #279: 000011
RDWR Bit: 1
Stream Bit: 0
Exchange: 01110110

Address #280: 110100
RDWR Bit: 0
Stream Bit: 0
Exchange: 01100100

Address #281: 110101
RDWR Bit: 1
Stream Bit: 0
Exchange: 11101110
