Read a waves file with 6 signals and 12547 samples...
Input has these signals:
	* sclk (1 bits)
	* mosi (1 bits)
	* miso (1 bits)
	* ss (1 bits)
	* cpol (1 bits)
	* cpha (1 bits)

Address #1: 110010
RDWR Bit: 0
Stream Bit: 1
Stream Length: 25 (binary: 00011001)
  Data[0]: 01111001 -> 79
  Data[1]: 10011000 -> 98
  Data[2]: 01111000 -> 78
  Data[3]: 01111101 -> 7d
  Data[4]: 11110110 -> f6
  Data[5]: 00100111 -> 27
  Data[6]: 10011111 -> 9f
  Data[7]: 01100110 -> 66
  Data[8]: 10100001 -> a1
  Data[9]: 01011101 -> 5d
  Data[10]: 00011101 -> 1d
  Data[11]: 11101110 -> ee
  Data[12]: 11011111 -> df
  Data[13]: 11010000 -> d0
  Data[14]: 11011001 -> d9
  Data[15]: 11001101 -> cd
  Data[16]: 00100101 -> 25
  Data[17]: 10110000 -> b0
  Data[18]: 10010101 -> 95
  Data[19]: 11111100 -> fc
  Data[20]: 01100010 -> 62
  Data[21]: 10011100 -> 9c
  Data[22]: 10110011 -> b3
  Data[23]: 01111101 -> 7d
  Data[24]: 11001000 -> c8

Address #14: 100011
RDWR Bit: 1
Stream Bit: 1
Stream Length: 30 (binary: 00011110)
  Data[0]: 11111010 -> fa
  Data[1]: 00110001 -> 31
  Data[2]: 10110111 -> b7
  Data[3]: 01010100 -> 54
  Data[4]: 11101001 -> e9
  Data[5]: 00100111 -> 27
  Data[6]: 11001111 -> cf
  Data[7]: 01100111 -> 67
  Data[8]: 01110100 -> 74
  Data[9]: 10011011 -> 9b
  Data[10]: 11110100 -> f4
  Data[11]: 10011011 -> 9b
  Data[12]: 00110010 -> 32
  Data[13]: 11100100 -> e4
  Data[14]: 01001110 -> 4e
  Data[15]: 10001010 -> 8a
  Data[16]: 00001100 -> 0c
  Data[17]: 01001100 -> 4c
  Data[18]: 00010010 -> 12
  Data[19]: 01001110 -> 4e
  Data[20]: 00001101 -> 0d
  Data[21]: 11111110 -> fe
  Data[22]: 01001100 -> 4c
  Data[23]: 11110011 -> f3
  Data[24]: 01011000 -> 58
  Data[25]: 00010110 -> 16
  Data[26]: 11000011 -> c3
  Data[27]: 11010111 -> d7
  Data[28]: 00100001 -> 21
  Data[29]: 01111100 -> 7c

Address #30: 010111
RDWR Bit: 0
Stream Bit: 1
Stream Length: 26 (binary: 00011010)
  Data[0]: 11001100 -> cc
  Data[1]: 11000100 -> c4
  Data[2]: 00100000 -> 20
  Data[3]: 01001101 -> 4d
  Data[4]: 10001101 -> 8d
  Data[5]: 00110111 -> 37
  Data[6]: 00010111 -> 17
  Data[7]: 00100101 -> 25
  Data[8]: 10100000 -> a0
  Data[9]: 00001101 -> 0d
  Data[10]: 10110101 -> b5
  Data[11]: 00100110 -> 26
  Data[12]: 10001101 -> 8d
  Data[13]: 00000011 -> 03
  Data[14]: 00010110 -> 16
  Data[15]: 11000111 -> c7
  Data[16]: 11001100 -> cc
  Data[17]: 11000000 -> c0
  Data[18]: 11010100 -> d4
  Data[19]: 01011000 -> 58
  Data[20]: 11111100 -> fc
  Data[21]: 01111000 -> 78
  Data[22]: 01100110 -> 66
  Data[23]: 01111001 -> 79
  Data[24]: 01011100 -> 5c
  Data[25]: 00010110 -> 16

Address #44: 001010
RDWR Bit: 1
Stream Bit: 1
Stream Length: 6 (binary: 00000110)
  Data[0]: 11110100 -> f4
  Data[1]: 01100101 -> 65
  Data[2]: 11000011 -> c3
  Data[3]: 11000111 -> c7
  Data[4]: 11010111 -> d7
  Data[5]: 11001000 -> c8

Address #48: 000001
RDWR Bit: 1
Stream Bit: 0
Exchange: 10111100

Address #49: 000101
RDWR Bit: 1
Stream Bit: 1
Stream Length: 31 (binary: 00011111)
  Data[0]: 01011101 -> 5d
  Data[1]: 01000010 -> 42
  Data[2]: 11001100 -> cc
  Data[3]: 00100101 -> 25
  Data[4]: 01111000 -> 78
  Data[5]: 00111100 -> 3c
  Data[6]: 11001010 -> ca
  Data[7]: 00101111 -> 2f
  Data[8]: 00000111 -> 07
  Data[9]: 10011110 -> 9e
  Data[10]: 00000001 -> 01
  Data[11]: 00101011 -> 2b
  Data[12]: 10100101 -> a5
  Data[13]: 10010001 -> 91
  Data[14]: 11000111 -> c7
  Data[15]: 00101001 -> 29
  Data[16]: 01000111 -> 47
  Data[17]: 11101011 -> eb
  Data[18]: 11001100 -> cc
  Data[19]: 11010110 -> d6
  Data[20]: 11101011 -> eb
  Data[21]: 01110100 -> 74
  Data[22]: 11111001 -> f9
  Data[23]: 01111111 -> 7f
  Data[24]: 11111010 -> fa
  Data[25]: 01110100 -> 74
  Data[26]: 10101000 -> a8
  Data[27]: 11100001 -> e1
  Data[28]: 11011101 -> dd
  Data[29]: 10011101 -> 9d
  Data[30]: 11110101 -> f5

Address #66: 001011
RDWR Bit: 0
Stream Bit: 0
Exchange: 11101100

Address #67: 110101
RDWR Bit: 0
Stream Bit: 1
Stream Length: 5 (binary: 00000101)
  Data[0]: 00010011 -> 13
  Data[1]: 01000010 -> 42
  Data[2]: 00000100 -> 04
  Data[3]: 01100001 -> 61
  Data[4]: 01101000 -> 68

Address #70: 101010
RDWR Bit: 0
Stream Bit: 0
Exchange: 01111000

Address #71: 001100
RDWR Bit: 1
Stream Bit: 1
Stream Length: 30 (binary: 00011110)
  Data[0]: 01110110 -> 76
  Data[1]: 11001110 -> ce
  Data[2]: 11101110 -> ee
  Data[3]: 00101111 -> 2f
  Data[4]: 01111111 -> 7f
  Data[5]: 00111101 -> 3d
  Data[6]: 01011110 -> 5e
  Data[7]: 01000011 -> 43
  Data[8]: 00100110 -> 26
  Data[9]: 01010101 -> 55
  Data[10]: 10110100 -> b4
  Data[11]: 10000000 -> 80
  Data[12]: 01001010 -> 4a
  Data[13]: 10101010 -> aa
  Data[14]: 00000111 -> 07
  Data[15]: 01011101 -> 5d
  Data[16]: 01111001 -> 79
  Data[17]: 00101110 -> 2e
  Data[18]: 11011000 -> d8
  Data[19]: 01001011 -> 4b
  Data[20]: 00000101 -> 05
  Data[21]: 00000111 -> 07
  Data[22]: 10100011 -> a3
  Data[23]: 10001000 -> 88
  Data[24]: 11110000 -> f0
  Data[25]: 00110111 -> 37
  Data[26]: 01111000 -> 78
  Data[27]: 00011110 -> 1e
  Data[28]: 00011010 -> 1a
  Data[29]: 00001100 -> 0c

Address #87: 110000
RDWR Bit: 1
Stream Bit: 1
Stream Length: 23 (binary: 00010111)
  Data[0]: 01000111 -> 47
  Data[1]: 10010111 -> 97
  Data[2]: 01101001 -> 69
  Data[3]: 10001111 -> 8f
  Data[4]: 00110000 -> 30
  Data[5]: 01011110 -> 5e
  Data[6]: 01111001 -> 79
  Data[7]: 00000111 -> 07
  Data[8]: 11111110 -> fe
  Data[9]: 10000110 -> 86
  Data[10]: 00101101 -> 2d
  Data[11]: 01000000 -> 40
  Data[12]: 11111001 -> f9
  Data[13]: 10100100 -> a4
  Data[14]: 01111111 -> 7f
  Data[15]: 01110010 -> 72
  Data[16]: 11100111 -> e7
  Data[17]: 11000101 -> c5
  Data[18]: 00000010 -> 02
  Data[19]: 01000101 -> 45
  Data[20]: 11001100 -> cc
  Data[21]: 01101100 -> 6c
  Data[22]: 00001110 -> 0e

Address #100: 110111
RDWR Bit: 1
Stream Bit: 0
Exchange: 11011101

Address #101: 000100
RDWR Bit: 1
Stream Bit: 1
Stream Length: 28 (binary: 00011100)
  Data[0]: 00011111 -> 1f
  Data[1]: 10010011 -> 93
  Data[2]: 10101110 -> ae
  Data[3]: 00011110 -> 1e
  Data[4]: 11010001 -> d1
  Data[5]: 01011000 -> 58
  Data[6]: 00001100 -> 0c
  Data[7]: 00000011 -> 03
  Data[8]: 01001010 -> 4a
  Data[9]: 00100010 -> 22
  Data[10]: 01011110 -> 5e
  Data[11]: 01000010 -> 42
  Data[12]: 10011101 -> 9d
  Data[13]: 01000000 -> 40
  Data[14]: 10101111 -> af
  Data[15]: 00010111 -> 17
  Data[16]: 00100001 -> 21
  Data[17]: 00000001 -> 01
  Data[18]: 10001010 -> 8a
  Data[19]: 01000010 -> 42
  Data[20]: 10000001 -> 81
  Data[21]: 00000001 -> 01
  Data[22]: 00001010 -> 0a
  Data[23]: 01111011 -> 7b
  Data[24]: 00101110 -> 2e
  Data[25]: 11101000 -> e8
  Data[26]: 10111011 -> bb
  Data[27]: 11101100 -> ec

Address #116: 110111
RDWR Bit: 1
Stream Bit: 1
Stream Length: 27 (binary: 00011011)
  Data[0]: 10111010 -> ba
  Data[1]: 11111100 -> fc
  Data[2]: 01011001 -> 59
  Data[3]: 00100011 -> 23
  Data[4]: 10100001 -> a1
  Data[5]: 10011011 -> 9b
  Data[6]: 11010010 -> d2
  Data[7]: 10010100 -> 94
  Data[8]: 00110001 -> 31
  Data[9]: 00000000 -> 00
  Data[10]: 01111111 -> 7f
  Data[11]: 00010010 -> 12
  Data[12]: 11000100 -> c4
  Data[13]: 00011101 -> 1d
  Data[14]: 00100011 -> 23
  Data[15]: 11100001 -> e1
  Data[16]: 01100001 -> 61
  Data[17]: 10111000 -> b8
  Data[18]: 11001110 -> ce
  Data[19]: 01000111 -> 47
  Data[20]: 11011010 -> da
  Data[21]: 11010000 -> d0
  Data[22]: 10111101 -> bd
  Data[23]: 00010101 -> 15
  Data[24]: 01011100 -> 5c
  Data[25]: 00100010 -> 22
  Data[26]: 10101011 -> ab

Address #130: 001011
RDWR Bit: 0
Stream Bit: 0
Exchange: 11101000

Address #131: 001111
RDWR Bit: 0
Stream Bit: 0
Exchange: 11101001

Address #132: 010110
RDWR Bit: 1
Stream Bit: 0
Exchange: 10111001

Address #133: 110000
RDWR Bit: 0
Stream Bit: 0
Exchange: 00111101

Address #134: 000001
RDWR Bit: 0
Stream Bit: 1
Stream Length: 16 (binary: 00010000)
  Data[0]: 10110010 -> b2
  Data[1]: 01000111 -> 47
  Data[2]: 10100101 -> a5
  Data[3]: 00101001 -> 29
  Data[4]: 01011111 -> 5f
  Data[5]: 10111001 -> b9
  Data[6]: 11111110 -> fe
  Data[7]: 01110111 -> 77
  Data[8]: 00110010 -> 32
  Data[9]: 11101010 -> ea
  Data[10]: 11100101 -> e5
  Data[11]: 11101001 -> e9
  Data[12]: 10001111 -> 8f
  Data[13]: 11001111 -> cf
  Data[14]: 00110000 -> 30
  Data[15]: 10100001 -> a1

Address #143: 100101
RDWR Bit: 1
Stream Bit: 0
Exchange: 11101110

Address #144: 101101
RDWR Bit: 0
Stream Bit: 1
Stream Length: 31 (binary: 00011111)
  Data[0]: 10101110 -> ae
  Data[1]: 11011110 -> de
  Data[2]: 11010101 -> d5
  Data[3]: 10110100 -> b4
  Data[4]: 00001000 -> 08
  Data[5]: 00111110 -> 3e
  Data[6]: 10001110 -> 8e
  Data[7]: 10110110 -> b6
  Data[8]: 11010110 -> d6
  Data[9]: 01110100 -> 74
  Data[10]: 01111101 -> 7d
  Data[11]: 10011000 -> 98
  Data[12]: 10000011 -> 83
  Data[13]: 01100101 -> 65
  Data[14]: 00100100 -> 24
  Data[15]: 10101001 -> a9
  Data[16]: 11101011 -> eb
  Data[17]: 10011001 -> 99
  Data[18]: 01101100 -> 6c
  Data[19]: 10000001 -> 81
  Data[20]: 11000100 -> c4
  Data[21]: 10011010 -> 9a
  Data[22]: 11001000 -> c8
  Data[23]: 01111101 -> 7d
  Data[24]: 11001001 -> c9
  Data[25]: 01010000 -> 50
  Data[26]: 01010000 -> 50
  Data[27]: 01100010 -> 62
  Data[28]: 11111111 -> ff
  Data[29]: 00000011 -> 03
  Data[30]: 10001011 -> 8b

Address #161: 011011
RDWR Bit: 0
Stream Bit: 0
Exchange: 00101101

Address #162: 001010
RDWR Bit: 1
Stream Bit: 1
Stream Length: 18 (binary: 00010010)
  Data[0]: 11011101 -> dd
  Data[1]: 11111010 -> fa
  Data[2]: 11100001 -> e1
  Data[3]: 11001010 -> ca
  Data[4]: 10111000 -> b8
  Data[5]: 11011100 -> dc
  Data[6]: 00000010 -> 02
  Data[7]: 00101010 -> 2a
  Data[8]: 11000000 -> c0
  Data[9]: 01100010 -> 62
  Data[10]: 10000010 -> 82
  Data[11]: 01110001 -> 71
  Data[12]: 10100011 -> a3
  Data[13]: 01010101 -> 55
  Data[14]: 10001111 -> 8f
  Data[15]: 00110000 -> 30
  Data[16]: 00101111 -> 2f
  Data[17]: 01001111 -> 4f

Address #172: 001011
RDWR Bit: 0
Stream Bit: 0
Exchange: 10011011

Address #173: 011101
RDWR Bit: 0
Stream Bit: 0
Exchange: 00011110

Address #174: 110101
RDWR Bit: 0
Stream Bit: 0
Exchange: 01101000

Address #175: 010101
RDWR Bit: 0
Stream Bit: 1
Stream Length: 25 (binary: 00011001)
  Data[0]: 01100010 -> 62
  Data[1]: 10111010 -> ba
  Data[2]: 10101010 -> aa
  Data[3]: 01011111 -> 5f
  Data[4]: 00001000 -> 08
  Data[5]: 10001101 -> 8d
  Data[6]: 11111010 -> fa
  Data[7]: 01101111 -> 6f
  Data[8]: 10001001 -> 89
  Data[9]: 10101101 -> ad
  Data[10]: 01110010 -> 72
  Data[11]: 01100010 -> 62
  Data[12]: 01000011 -> 43
  Data[13]: 10011110 -> 9e
  Data[14]: 10000100 -> 84
  Data[15]: 11101010 -> ea
  Data[16]: 00010101 -> 15
  Data[17]: 00001001 -> 09
  Data[18]: 01000001 -> 41
  Data[19]: 10101011 -> ab
  Data[20]: 01101101 -> 6d
  Data[21]: 00011010 -> 1a
  Data[22]: 11101010 -> ea
  Data[23]: 11010101 -> d5
  Data[24]: 01111111 -> 7f

Address #188: 001001
RDWR Bit: 1
Stream Bit: 0
Exchange: 00011100

Address #189: 010000
RDWR Bit: 1
Stream Bit: 0
Exchange: 01001111

Address #190: 000001
RDWR Bit: 0
Stream Bit: 0
Exchange: 01001000

Address #191: 100001
RDWR Bit: 0
Stream Bit: 1
Stream Length: 27 (binary: 00011011)
  Data[0]: 10011111 -> 9f
  Data[1]: 00110011 -> 33
  Data[2]: 11101001 -> e9
  Data[3]: 10000001 -> 81
  Data[4]: 11100111 -> e7
  Data[5]: 00010100 -> 14
  Data[6]: 11111001 -> f9
  Data[7]: 10001011 -> 8b
  Data[8]: 11110100 -> f4
  Data[9]: 11101111 -> ef
  Data[10]: 01100111 -> 67
  Data[11]: 10101110 -> ae
  Data[12]: 01000101 -> 45
  Data[13]: 10110010 -> b2
  Data[14]: 11111111 -> ff
  Data[15]: 11100100 -> e4
  Data[16]: 01011101 -> 5d
  Data[17]: 11100101 -> e5
  Data[18]: 00111110 -> 3e
  Data[19]: 11001111 -> cf
  Data[20]: 00011000 -> 18
  Data[21]: 00111111 -> 3f
  Data[22]: 01111111 -> 7f
  Data[23]: 11100101 -> e5
  Data[24]: 10100000 -> a0
  Data[25]: 11100100 -> e4
  Data[26]: 10110000 -> b0

Address #206: 110001
RDWR Bit: 1
Stream Bit: 1
Stream Length: 13 (binary: 00001101)
  Data[0]: 11111010 -> fa
  Data[1]: 11110001 -> f1
  Data[2]: 11010010 -> d2
  Data[3]: 11101100 -> ec
  Data[4]: 10101101 -> ad
  Data[5]: 00101100 -> 2c
  Data[6]: 10111011 -> bb
  Data[7]: 10111110 -> be
  Data[8]: 11011111 -> df
  Data[9]: 00101011 -> 2b
  Data[10]: 00001010 -> 0a
  Data[11]: 10110010 -> b2
  Data[12]: 00001100 -> 0c

Address #213: 000011
RDWR Bit: 0
Stream Bit: 0
Exchange: 00010110

Address #214: 110001
RDWR Bit: 0
Stream Bit: 0
Exchange: 00000111

Address #215: 110101
RDWR Bit: 1
Stream Bit: 1
Stream Length: 16 (binary: 00010000)
  Data[0]: 00100101 -> 25
  Data[1]: 00101111 -> 2f
  Data[2]: 10010000 -> 90
  Data[3]: 01010011 -> 53
  Data[4]: 01010110 -> 56
  Data[5]: 11010111 -> d7
  Data[6]: 11001100 -> cc
  Data[7]: 00011110 -> 1e
  Data[8]: 11011000 -> d8
  Data[9]: 01100110 -> 66
  Data[10]: 11101000 -> e8
  Data[11]: 11011100 -> dc
  Data[12]: 11010111 -> d7
  Data[13]: 10011100 -> 9c
  Data[14]: 11000110 -> c6
  Data[15]: 10100100 -> a4

Address #224: 110100
RDWR Bit: 0
Stream Bit: 1
Stream Length: 7 (binary: 00000111)
  Data[0]: 01001100 -> 4c
  Data[1]: 01101000 -> 68
  Data[2]: 00001001 -> 09
  Data[3]: 11010011 -> d3
  Data[4]: 11111001 -> f9
  Data[5]: 00000110 -> 06
  Data[6]: 01110001 -> 71

Address #229: 001100
RDWR Bit: 0
Stream Bit: 0
Exchange: 11110100

Address #230: 100110
RDWR Bit: 0
Stream Bit: 1
Stream Length: 21 (binary: 00010101)
  Data[0]: 01000010 -> 42
  Data[1]: 00001010 -> 0a
  Data[2]: 11001000 -> c8
  Data[3]: 11111011 -> fb
  Data[4]: 00010001 -> 11
  Data[5]: 11011000 -> d8
  Data[6]: 01100011 -> 63
  Data[7]: 00001011 -> 0b
  Data[8]: 00111011 -> 3b
  Data[9]: 00000100 -> 04
  Data[10]: 00100011 -> 23
  Data[11]: 11001100 -> cc
  Data[12]: 00110101 -> 35
  Data[13]: 10011011 -> 9b
  Data[14]: 01001100 -> 4c
  Data[15]: 10010111 -> 97
  Data[16]: 11011100 -> dc
  Data[17]: 10011000 -> 98
  Data[18]: 01000000 -> 40
  Data[19]: 10110101 -> b5
  Data[20]: 00010111 -> 17

Address #241: 010111
RDWR Bit: 1
Stream Bit: 1
Stream Length: 23 (binary: 00010111)
  Data[0]: 01100010 -> 62
  Data[1]: 01101000 -> 68
  Data[2]: 00100101 -> 25
  Data[3]: 10100111 -> a7
  Data[4]: 00000101 -> 05
  Data[5]: 00011100 -> 1c
  Data[6]: 10011001 -> 99
  Data[7]: 10110101 -> b5
  Data[8]: 11100101 -> e5
  Data[9]: 00110110 -> 36
  Data[10]: 01110101 -> 75
  Data[11]: 00011101 -> 1d
  Data[12]: 10101000 -> a8
  Data[13]: 10100110 -> a6
  Data[14]: 11000011 -> c3
  Data[15]: 01110100 -> 74
  Data[16]: 11011000 -> d8
  Data[17]: 01001100 -> 4c
  Data[18]: 11101100 -> ec
  Data[19]: 11100100 -> e4
  Data[20]: 10101000 -> a8
  Data[21]: 10001010 -> 8a
  Data[22]: 01000111 -> 47

Address #254: 101110
RDWR Bit: 0
Stream Bit: 0
Exchange: 01010001

Address #255: 010110
RDWR Bit: 1
Stream Bit: 1
Stream Length: 19 (binary: 00010011)
  Data[0]: 00001111 -> 0f
  Data[1]: 00000000 -> 00
  Data[2]: 10111010 -> ba
  Data[3]: 11001011 -> cb
  Data[4]: 01100100 -> 64
  Data[5]: 11011111 -> df
  Data[6]: 10101111 -> af
  Data[7]: 10000101 -> 85
  Data[8]: 01111011 -> 7b
  Data[9]: 00111111 -> 3f
  Data[10]: 11000101 -> c5
  Data[11]: 10001111 -> 8f
  Data[12]: 10111011 -> bb
  Data[13]: 10001101 -> 8d
  Data[14]: 01101110 -> 6e
  Data[15]: 00001100 -> 0c
  Data[16]: 10101111 -> af
  Data[17]: 11110100 -> f4
  Data[18]: 00111100 -> 3c

Address #265: 010111
RDWR Bit: 1
Stream Bit: 0
Exchange: 00111010

Address #266: 101000
RDWR Bit: 0
Stream Bit: 0
Exchange: 00110100

Address #267: 000100
RDWR Bit: 0
Stream Bit: 1
Stream Length: 6 (binary: 00000110)
  Data[0]: 01011000 -> 58
  Data[1]: 11100001 -> e1
  Data[2]: 11000100 -> c4
  Data[3]: 00101111 -> 2f
  Data[4]: 11101101 -> ed
  Data[5]: 11011000 -> d8

Address #271: 111011
RDWR Bit: 0
Stream Bit: 1
Stream Length: 22 (binary: 00010110)
  Data[0]: 01101001 -> 69
  Data[1]: 10000001 -> 81
  Data[2]: 01111101 -> 7d
  Data[3]: 11110011 -> f3
  Data[4]: 01111110 -> 7e
  Data[5]: 10011101 -> 9d
  Data[6]: 10100011 -> a3
  Data[7]: 00001111 -> 0f
  Data[8]: 11001000 -> c8
  Data[9]: 00101000 -> 28
  Data[10]: 11001011 -> cb
  Data[11]: 00111101 -> 3d
  Data[12]: 10111000 -> b8
  Data[13]: 11110101 -> f5
  Data[14]: 10000110 -> 86
  Data[15]: 10110101 -> b5
  Data[16]: 11100111 -> e7
  Data[17]: 01000111 -> 47
  Data[18]: 11100010 -> e2
  Data[19]: 11010000 -> d0
  Data[20]: 10100100 -> a4
  Data[21]: 10100000 -> a0

Address #283: 011111
RDWR Bit: 1
Stream Bit: 1
Stream Length: 29 (binary: 00011101)
  Data[0]: 11010101 -> d5
  Data[1]: 00100000 -> 20
  Data[2]: 00010110 -> 16
  Data[3]: 01100101 -> 65
  Data[4]: 00001101 -> 0d
  Data[5]: 10110000 -> b0
  Data[6]: 11101001 -> e9
  Data[7]: 01001001 -> 49
  Data[8]: 00111110 -> 3e
  Data[9]: 11101100 -> ec
  Data[10]: 10000000 -> 80
  Data[11]: 00110001 -> 31
  Data[12]: 11001100 -> cc
  Data[13]: 00110110 -> 36
  Data[14]: 10100111 -> a7
  Data[15]: 01111111 -> 7f
  Data[16]: 10000100 -> 84
  Data[17]: 11101000 -> e8
  Data[18]: 11010010 -> d2
  Data[19]: 00110010 -> 32
  Data[20]: 10000100 -> 84
  Data[21]: 01011001 -> 59
  Data[22]: 11011000 -> d8
  Data[23]: 01001111 -> 4f
  Data[24]: 00001001 -> 09
  Data[25]: 10011101 -> 9d
  Data[26]: 10110011 -> b3
  Data[27]: 11110111 -> f7
  Data[28]: 10100000 -> a0

Address #299: 001010
RDWR Bit: 0
Stream Bit: 1
Stream Length: 7 (binary: 00000111)
  Data[0]: 00001011 -> 0b
  Data[1]: 00000101 -> 05
  Data[2]: 11100011 -> e3
  Data[3]: 11100101 -> e5
  Data[4]: 01100100 -> 64
  Data[5]: 01011010 -> 5a
  Data[6]: 10011100 -> 9c

Address #303: 000011
RDWR Bit: 1
Stream Bit: 0
Exchange: 01010000

Address #304: 100011
RDWR Bit: 1
Stream Bit: 1
Stream Length: 13 (binary: 00001101)
  Data[0]: 10000000 -> 80
  Data[1]: 01101101 -> 6d
  Data[2]: 01001111 -> 4f
  Data[3]: 11111111 -> ff
  Data[4]: 01111011 -> 7b
  Data[5]: 10111011 -> bb
  Data[6]: 00110100 -> 34
  Data[7]: 01110100 -> 74
  Data[8]: 00100001 -> 21
  Data[9]: 00000010 -> 02
  Data[10]: 10000000 -> 80
  Data[11]: 00001011 -> 0b
  Data[12]: 01101011 -> 6b

Address #312: 101010
RDWR Bit: 0
Stream Bit: 0
Exchange: 00011100

Address #313: 011111
RDWR Bit: 0
Stream Bit: 0
Exchange: 11010110

Address #314: 110110
RDWR Bit: 0
Stream Bit: 0
Exchange: 00010111

Address #315: 100010
RDWR Bit: 1
Stream Bit: 1
Stream Length: 19 (binary: 00010011)
  Data[0]: 01110010 -> 72
  Data[1]: 00001110 -> 0e
  Data[2]: 01010000 -> 50
  Data[3]: 10100000 -> a0
  Data[4]: 10010000 -> 90
  Data[5]: 10000101 -> 85
  Data[6]: 10101010 -> aa
  Data[7]: 11111000 -> f8
  Data[8]: 01101010 -> 6a
  Data[9]: 01010010 -> 52
  Data[10]: 11111001 -> f9
  Data[11]: 00101110 -> 2e
  Data[12]: 10000110 -> 86
  Data[13]: 01111011 -> 7b
  Data[14]: 11010001 -> d1
  Data[15]: 01011101 -> 5d
  Data[16]: 10001110 -> 8e
  Data[17]: 10110100 -> b4
  Data[18]: 10011010 -> 9a

Address #325: 101011
RDWR Bit: 0
Stream Bit: 0
Exchange: 10111010

Address #326: 011101
RDWR Bit: 0
Stream Bit: 0
Exchange: 01011101

Address #327: 110101
RDWR Bit: 0
Stream Bit: 0
Exchange: 10011000

Address #328: 111101
RDWR Bit: 0
Stream Bit: 1
Stream Length: 4 (binary: 00000100)
  Data[0]: 01000011 -> 43
  Data[1]: 01000110 -> 46
  Data[2]: 10111011 -> bb
  Data[3]: 11011100 -> dc

Address #331: 010111
RDWR Bit: 1
Stream Bit: 1
Stream Length: 13 (binary: 00001101)
  Data[0]: 10010111 -> 97
  Data[1]: 00011110 -> 1e
  Data[2]: 10000111 -> 87
  Data[3]: 11001000 -> c8
  Data[4]: 11010010 -> d2
  Data[5]: 00001101 -> 0d
  Data[6]: 11000010 -> c2
  Data[7]: 00111010 -> 3a
  Data[8]: 11000101 -> c5
  Data[9]: 00010111 -> 17
  Data[10]: 10101101 -> ad
  Data[11]: 10101000 -> a8
  Data[12]: 00000001 -> 01

Address #339: 111111
RDWR Bit: 1
Stream Bit: 1
Stream Length: 3 (binary: 00000011)
  Data[0]: 10011100 -> 9c
  Data[1]: 11000011 -> c3
  Data[2]: 11001101 -> cd

Address #341: 101000
RDWR Bit: 0
Stream Bit: 0
Exchange: 10011001

Address #342: 110011
RDWR Bit: 1
Stream Bit: 1
Stream Length: 26 (binary: 00011010)
  Data[0]: 01110110 -> 76
  Data[1]: 01010010 -> 52
  Data[2]: 00000001 -> 01
  Data[3]: 10101000 -> a8
  Data[4]: 01101111 -> 6f
  Data[5]: 00011100 -> 1c
  Data[6]: 11101100 -> ec
  Data[7]: 01101010 -> 6a
  Data[8]: 10111001 -> b9
  Data[9]: 11000110 -> c6
  Data[10]: 11001000 -> c8
  Data[11]: 01110010 -> 72
  Data[12]: 10011000 -> 98
  Data[13]: 10110001 -> b1
  Data[14]: 10000001 -> 81
  Data[15]: 10101010 -> aa
  Data[16]: 01010101 -> 55
  Data[17]: 11011101 -> dd
  Data[18]: 11111101 -> fd
  Data[19]: 11110011 -> f3
  Data[20]: 00111101 -> 3d
  Data[21]: 00100010 -> 22
  Data[22]: 01111011 -> 7b
  Data[23]: 01101110 -> 6e
  Data[24]: 11011111 -> df
  Data[25]: 01001010 -> 4a

Address #356: 110000
RDWR Bit: 0
Stream Bit: 1
Stream Length: 28 (binary: 00011100)
  Data[0]: 11110110 -> f6
  Data[1]: 01000010 -> 42
  Data[2]: 11111101 -> fd
  Data[3]: 00000010 -> 02
  Data[4]: 01101010 -> 6a
  Data[5]: 11011001 -> d9
  Data[6]: 11111011 -> fb
  Data[7]: 11110001 -> f1
  Data[8]: 01100001 -> 61
  Data[9]: 11010100 -> d4
  Data[10]: 10010011 -> 93
  Data[11]: 01001101 -> 4d
  Data[12]: 10001110 -> 8e
  Data[13]: 01110010 -> 72
  Data[14]: 00110000 -> 30
  Data[15]: 00010000 -> 10
  Data[16]: 11111101 -> fd
  Data[17]: 01110000 -> 70
  Data[18]: 00100011 -> 23
  Data[19]: 11100000 -> e0
  Data[20]: 10100011 -> a3
  Data[21]: 11110100 -> f4
  Data[22]: 10110001 -> b1
  Data[23]: 11000011 -> c3
  Data[24]: 01001001 -> 49
  Data[25]: 11010001 -> d1
  Data[26]: 10100011 -> a3
  Data[27]: 11000011 -> c3

Address #371: 100001
RDWR Bit: 0
Stream Bit: 0
Exchange: 00011111

Address #372: 011011
RDWR Bit: 1
Stream Bit: 1
Stream Length: 27 (binary: 00011011)
  Data[0]: 10000101 -> 85
  Data[1]: 10001110 -> 8e
  Data[2]: 00111001 -> 39
  Data[3]: 01101010 -> 6a
  Data[4]: 01001111 -> 4f
  Data[5]: 10110010 -> b2
  Data[6]: 10111010 -> ba
  Data[7]: 01101110 -> 6e
  Data[8]: 00110100 -> 34
  Data[9]: 00111011 -> 3b
  Data[10]: 00010001 -> 11
  Data[11]: 10110001 -> b1
  Data[12]: 11111101 -> fd
  Data[13]: 01101010 -> 6a
  Data[14]: 11010001 -> d1
  Data[15]: 01101101 -> 6d
  Data[16]: 01100111 -> 67
  Data[17]: 11100110 -> e6
  Data[18]: 10000000 -> 80
  Data[19]: 11011001 -> d9
  Data[20]: 11011100 -> dc
  Data[21]: 10011101 -> 9d
  Data[22]: 11001000 -> c8
  Data[23]: 11011111 -> df
  Data[24]: 01111010 -> 7a
  Data[25]: 11101111 -> ef
  Data[26]: 11001110 -> ce
