Read a waves file with 6 signals and 6291 samples...
Input has these signals:
	* sclk (1 bits)
	* mosi (1 bits)
	* miso (1 bits)
	* ss (1 bits)
	* cpol (1 bits)
	* cpha (1 bits)

Address #1: 111000
RDWR Bit: 0
Stream Bit: 1
Stream Length: 6 (binary: 00000110)
  Data[0]: 10101011 -> ab
  Data[1]: 11101101 -> ed
  Data[2]: 01011111 -> 5f
  Data[3]: 00001001 -> 09
  Data[4]: 01011001 -> 59
  Data[5]: 01111110 -> 7e

Address #5: 011110
RDWR Bit: 1
Stream Bit: 0
Exchange: 10101001

Address #6: 111001
RDWR Bit: 1
Stream Bit: 0
Exchange: 00100000

Address #7: 111100
RDWR Bit: 1
Stream Bit: 1
Stream Length: 23 (binary: 00010111)
  Data[0]: 01011101 -> 5d
  Data[1]: 10001001 -> 89
  Data[2]: 01111011 -> 7b
  Data[3]: 01001100 -> 4c
  Data[4]: 00010010 -> 12
  Data[5]: 11111000 -> f8
  Data[6]: 00100100 -> 24
  Data[7]: 00000010 -> 02
  Data[8]: 10111001 -> b9
  Data[9]: 11011110 -> de
  Data[10]: 10010001 -> 91
  Data[11]: 10101111 -> af
  Data[12]: 10001000 -> 88
  Data[13]: 00000010 -> 02
  Data[14]: 01001100 -> 4c
  Data[15]: 11001011 -> cb
  Data[16]: 01110100 -> 74
  Data[17]: 10110001 -> b1
  Data[18]: 10101111 -> af
  Data[19]: 00100110 -> 26
  Data[20]: 11000001 -> c1
  Data[21]: 00111000 -> 38
  Data[22]: 00001101 -> 0d

Address #19: 000101
RDWR Bit: 0
Stream Bit: 0
Exchange: 10100100

Address #20: 111101
RDWR Bit: 1
Stream Bit: 1
Stream Length: 21 (binary: 00010101)
  Data[0]: 10001010 -> 8a
  Data[1]: 10101110 -> ae
  Data[2]: 11011011 -> db
  Data[3]: 01101010 -> 6a
  Data[4]: 10111010 -> ba
  Data[5]: 01101001 -> 69
  Data[6]: 10100011 -> a3
  Data[7]: 00000111 -> 07
  Data[8]: 10001000 -> 88
  Data[9]: 11000011 -> c3
  Data[10]: 10111011 -> bb
  Data[11]: 11000011 -> c3
  Data[12]: 10001100 -> 8c
  Data[13]: 11000001 -> c1
  Data[14]: 01111001 -> 79
  Data[15]: 10110101 -> b5
  Data[16]: 01001000 -> 48
  Data[17]: 10011011 -> 9b
  Data[18]: 01010011 -> 53
  Data[19]: 10110011 -> b3
  Data[20]: 10100100 -> a4

Address #32: 100101
RDWR Bit: 0
Stream Bit: 1
Stream Length: 14 (binary: 00001110)
  Data[0]: 00001011 -> 0b
  Data[1]: 01011110 -> 5e
  Data[2]: 00111001 -> 39
  Data[3]: 10110010 -> b2
  Data[4]: 00001010 -> 0a
  Data[5]: 00111010 -> 3a
  Data[6]: 10011100 -> 9c
  Data[7]: 00000111 -> 07
  Data[8]: 01111010 -> 7a
  Data[9]: 00001110 -> 0e
  Data[10]: 00100010 -> 22
  Data[11]: 01000110 -> 46
  Data[12]: 11001010 -> ca
  Data[13]: 10100111 -> a7

Address #40: 001100
RDWR Bit: 1
Stream Bit: 1
Stream Length: 12 (binary: 00001100)
  Data[0]: 11001101 -> cd
  Data[1]: 10101100 -> ac
  Data[2]: 10111010 -> ba
  Data[3]: 00011001 -> 19
  Data[4]: 01110011 -> 73
  Data[5]: 01001111 -> 4f
  Data[6]: 01011100 -> 5c
  Data[7]: 01111111 -> 7f
  Data[8]: 10111111 -> bf
  Data[9]: 01001101 -> 4d
  Data[10]: 11110001 -> f1
  Data[11]: 00000000 -> 00

Address #47: 010110
RDWR Bit: 1
Stream Bit: 0
Exchange: 01100101

Address #48: 000000
RDWR Bit: 1
Stream Bit: 0
Exchange: 01100010

Address #49: 111111
RDWR Bit: 1
Stream Bit: 0
Exchange: 00101101

Address #50: 011011
RDWR Bit: 1
Stream Bit: 1
Stream Length: 2 (binary: 00000010)
  Data[0]: 10000000 -> 80
  Data[1]: 00000011 -> 03

Address #52: 010101
RDWR Bit: 1
Stream Bit: 1
Stream Length: 16 (binary: 00010000)
  Data[0]: 00001000 -> 08
  Data[1]: 00100011 -> 23
  Data[2]: 00100101 -> 25
  Data[3]: 00001001 -> 09
  Data[4]: 11011111 -> df
  Data[5]: 01110111 -> 77
  Data[6]: 11110100 -> f4
  Data[7]: 01010001 -> 51
  Data[8]: 01100001 -> 61
  Data[9]: 01010011 -> 53
  Data[10]: 00011011 -> 1b
  Data[11]: 00100100 -> 24
  Data[12]: 10110100 -> b4
  Data[13]: 11101100 -> ec
  Data[14]: 11100010 -> e2
  Data[15]: 11100101 -> e5

Address #61: 100010
RDWR Bit: 0
Stream Bit: 0
Exchange: 10101001

Address #62: 000110
RDWR Bit: 1
Stream Bit: 0
Exchange: 10101011

Address #63: 111110
RDWR Bit: 1
Stream Bit: 1
Stream Length: 3 (binary: 00000011)
  Data[0]: 00100110 -> 26
  Data[1]: 11100010 -> e2
  Data[2]: 01110001 -> 71

Address #65: 000110
RDWR Bit: 0
Stream Bit: 0
Exchange: 11111010

Address #66: 100111
RDWR Bit: 0
Stream Bit: 0
Exchange: 00111000

Address #67: 100111
RDWR Bit: 1
Stream Bit: 1
Stream Length: 21 (binary: 00010101)
  Data[0]: 10110101 -> b5
  Data[1]: 01101010 -> 6a
  Data[2]: 11110000 -> f0
  Data[3]: 00111000 -> 38
  Data[4]: 00011011 -> 1b
  Data[5]: 11100110 -> e6
  Data[6]: 11110000 -> f0
  Data[7]: 10110011 -> b3
  Data[8]: 10100001 -> a1
  Data[9]: 00100100 -> 24
  Data[10]: 00110011 -> 33
  Data[11]: 10101111 -> af
  Data[12]: 00001100 -> 0c
  Data[13]: 01110110 -> 76
  Data[14]: 01111101 -> 7d
  Data[15]: 11111110 -> fe
  Data[16]: 10100100 -> a4
  Data[17]: 11101101 -> ed
  Data[18]: 11011100 -> dc
  Data[19]: 00001010 -> 0a
  Data[20]: 11101111 -> ef

Address #79: 001111
RDWR Bit: 0
Stream Bit: 0
Exchange: 01000011

Address #80: 010011
RDWR Bit: 0
Stream Bit: 0
Exchange: 11001110

Address #81: 111000
RDWR Bit: 0
Stream Bit: 0
Exchange: 10010001

Address #82: 000000
RDWR Bit: 1
Stream Bit: 0
Exchange: 01111001

Address #83: 111011
RDWR Bit: 1
Stream Bit: 1
Stream Length: 21 (binary: 00010101)
  Data[0]: 10001111 -> 8f
  Data[1]: 01000011 -> 43
  Data[2]: 11111000 -> f8
  Data[3]: 10101111 -> af
  Data[4]: 11000100 -> c4
  Data[5]: 01101001 -> 69
  Data[6]: 01011110 -> 5e
  Data[7]: 10010110 -> 96
  Data[8]: 01011110 -> 5e
  Data[9]: 11110000 -> f0
  Data[10]: 11100011 -> e3
  Data[11]: 01000100 -> 44
  Data[12]: 11011111 -> df
  Data[13]: 01000110 -> 46
  Data[14]: 00111010 -> 3a
  Data[15]: 11001000 -> c8
  Data[16]: 00111101 -> 3d
  Data[17]: 10101110 -> ae
  Data[18]: 11001111 -> cf
  Data[19]: 01011000 -> 58
  Data[20]: 10000110 -> 86

Address #94: 111001
RDWR Bit: 1
Stream Bit: 1
Stream Length: 2 (binary: 00000010)
  Data[0]: 10001100 -> 8c
  Data[1]: 10101011 -> ab

Address #96: 011100
RDWR Bit: 0
Stream Bit: 0
Exchange: 01000110

Address #97: 100100
RDWR Bit: 0
Stream Bit: 0
Exchange: 11011000

Address #98: 100000
RDWR Bit: 0
Stream Bit: 0
Exchange: 00000000

Address #99: 111000
RDWR Bit: 1
Stream Bit: 0
Exchange: 11011000

Address #100: 111111
RDWR Bit: 0
Stream Bit: 0
Exchange: 11110111

Address #101: 000110
RDWR Bit: 0
Stream Bit: 0
Exchange: 11110111

Address #102: 101110
RDWR Bit: 0
Stream Bit: 0
Exchange: 10100100

Address #103: 000011
RDWR Bit: 0
Stream Bit: 0
Exchange: 11101101

Address #104: 101101
RDWR Bit: 1
Stream Bit: 1
Stream Length: 15 (binary: 00001111)
  Data[0]: 11101101 -> ed
  Data[1]: 10001011 -> 8b
  Data[2]: 01001001 -> 49
  Data[3]: 00000011 -> 03
  Data[4]: 00111000 -> 38
  Data[5]: 00101110 -> 2e
  Data[6]: 00111000 -> 38
  Data[7]: 01011010 -> 5a
  Data[8]: 01010101 -> 55
  Data[9]: 00010011 -> 13
  Data[10]: 01111101 -> 7d
  Data[11]: 11000111 -> c7
  Data[12]: 10100001 -> a1
  Data[13]: 11000001 -> c1
  Data[14]: 01111010 -> 7a

Address #113: 000000
RDWR Bit: 0
Stream Bit: 0
Exchange: 01101111

Address #114: 100001
RDWR Bit: 1
Stream Bit: 0
Exchange: 01001001

Address #115: 000001
RDWR Bit: 1
Stream Bit: 1
Stream Length: 2 (binary: 00000010)
  Data[0]: 00010100 -> 14
  Data[1]: 00011100 -> 1c

Address #117: 110111
RDWR Bit: 0
Stream Bit: 0
Exchange: 00100111

Address #118: 101001
RDWR Bit: 1
Stream Bit: 0
Exchange: 11101110

Address #119: 101110
RDWR Bit: 0
Stream Bit: 0
Exchange: 11101011

Address #120: 010110
RDWR Bit: 0
Stream Bit: 0
Exchange: 10110010

Address #121: 010000
RDWR Bit: 0
Stream Bit: 0
Exchange: 01011001

Address #122: 110011
RDWR Bit: 0
Stream Bit: 0
Exchange: 01000100

Address #123: 001101
RDWR Bit: 1
Stream Bit: 0
Exchange: 10000110

Address #124: 110001
RDWR Bit: 0
Stream Bit: 1
Stream Length: 13 (binary: 00001101)
  Data[0]: 00011011 -> 1b
  Data[1]: 01001010 -> 4a
  Data[2]: 01101111 -> 6f
  Data[3]: 10100110 -> a6
  Data[4]: 01001001 -> 49
  Data[5]: 01010011 -> 53
  Data[6]: 00110101 -> 35
  Data[7]: 00011001 -> 19
  Data[8]: 01101111 -> 6f
  Data[9]: 01100101 -> 65
  Data[10]: 10011101 -> 9d
  Data[11]: 11110101 -> f5
  Data[12]: 00011101 -> 1d

Address #131: 111011
RDWR Bit: 1
Stream Bit: 0
Exchange: 10100011

Address #132: 110100
RDWR Bit: 1
Stream Bit: 1
Stream Length: 16 (binary: 00010000)
  Data[0]: 01001111 -> 4f
  Data[1]: 01111000 -> 78
  Data[2]: 10110110 -> b6
  Data[3]: 11001000 -> c8
  Data[4]: 00011101 -> 1d
  Data[5]: 01111010 -> 7a
  Data[6]: 01011110 -> 5e
  Data[7]: 00010010 -> 12
  Data[8]: 11110010 -> f2
  Data[9]: 00110011 -> 33
  Data[10]: 11001001 -> c9
  Data[11]: 00011100 -> 1c
  Data[12]: 10001010 -> 8a
  Data[13]: 01000010 -> 42
  Data[14]: 11010100 -> d4
  Data[15]: 10110110 -> b6

Address #141: 100010
RDWR Bit: 0
Stream Bit: 0
Exchange: 01111010

Address #142: 010100
RDWR Bit: 0
Stream Bit: 0
Exchange: 11100011

Address #143: 011000
RDWR Bit: 0
Stream Bit: 0
Exchange: 00110110

Address #144: 100101
RDWR Bit: 0
Stream Bit: 0
Exchange: 00111011

Address #145: 000110
RDWR Bit: 1
Stream Bit: 0
Exchange: 00000111

Address #146: 010001
RDWR Bit: 1
Stream Bit: 1
Stream Length: 10 (binary: 00001010)
  Data[0]: 00001011 -> 0b
  Data[1]: 00000000 -> 00
  Data[2]: 11101010 -> ea
  Data[3]: 11101001 -> e9
  Data[4]: 10111001 -> b9
  Data[5]: 00101111 -> 2f
  Data[6]: 01110110 -> 76
  Data[7]: 11111111 -> ff
  Data[8]: 10011101 -> 9d
  Data[9]: 00000011 -> 03

Address #152: 010001
RDWR Bit: 0
Stream Bit: 0
Exchange: 00010000

Address #153: 100010
RDWR Bit: 0
Stream Bit: 0
Exchange: 11111100

Address #154: 011101
RDWR Bit: 0
Stream Bit: 0
Exchange: 00101100

Address #155: 101011
RDWR Bit: 1
Stream Bit: 0
Exchange: 01011000

Address #156: 011011
RDWR Bit: 1
Stream Bit: 1
Stream Length: 1 (binary: 00000001)
  Data[0]: 11100001 -> e1

Address #158: 111010
RDWR Bit: 0
Stream Bit: 1
Stream Length: 15 (binary: 00001111)
  Data[0]: 00111011 -> 3b
  Data[1]: 10100111 -> a7
  Data[2]: 11011101 -> dd
  Data[3]: 01001001 -> 49
  Data[4]: 10101010 -> aa
  Data[5]: 10110111 -> b7
  Data[6]: 01110101 -> 75
  Data[7]: 01101001 -> 69
  Data[8]: 01000100 -> 44
  Data[9]: 10010111 -> 97
  Data[10]: 01001101 -> 4d
  Data[11]: 00001110 -> 0e
  Data[12]: 01000101 -> 45
  Data[13]: 10000000 -> 80
  Data[14]: 11101101 -> ed

Address #166: 000100
RDWR Bit: 1
Stream Bit: 1
Stream Length: 29 (binary: 00011101)
  Data[0]: 01001000 -> 48
  Data[1]: 01100011 -> 63
  Data[2]: 01101101 -> 6d
  Data[3]: 01001111 -> 4f
  Data[4]: 01001110 -> 4e
  Data[5]: 10111001 -> b9
  Data[6]: 00010011 -> 13
  Data[7]: 11111100 -> fc
  Data[8]: 10111100 -> bc
  Data[9]: 01100111 -> 67
  Data[10]: 00111101 -> 3d
  Data[11]: 00111000 -> 38
  Data[12]: 10010101 -> 95
  Data[13]: 00100111 -> 27
  Data[14]: 00100011 -> 23
  Data[15]: 11101011 -> eb
  Data[16]: 01111100 -> 7c
  Data[17]: 10111101 -> bd
  Data[18]: 01010111 -> 57
  Data[19]: 11110010 -> f2
  Data[20]: 01000010 -> 42
  Data[21]: 01010011 -> 53
  Data[22]: 01101010 -> 6a
  Data[23]: 01000001 -> 41
  Data[24]: 01010100 -> 54
  Data[25]: 01111001 -> 79
  Data[26]: 11010101 -> d5
  Data[27]: 10010001 -> 91
  Data[28]: 01001100 -> 4c

Address #182: 010110
RDWR Bit: 1
Stream Bit: 0
Exchange: 11001101

Address #183: 101110
RDWR Bit: 1
Stream Bit: 0
Exchange: 00001100

Address #184: 011101
RDWR Bit: 0
Stream Bit: 1
Stream Length: 11 (binary: 00001011)
  Data[0]: 01111110 -> 7e
  Data[1]: 11100111 -> e7
  Data[2]: 00101100 -> 2c
  Data[3]: 01111110 -> 7e
  Data[4]: 10111001 -> b9
  Data[5]: 01111101 -> 7d
  Data[6]: 10011101 -> 9d
  Data[7]: 10011000 -> 98
  Data[8]: 11010011 -> d3
  Data[9]: 10101100 -> ac
  Data[10]: 11111010 -> fa

Address #190: 111100
RDWR Bit: 0
Stream Bit: 0
Exchange: 11111100
