Read a waves file with 6 signals and 11603 samples...
Input has these signals:
	* sclk (1 bits)
	* mosi (1 bits)
	* miso (1 bits)
	* ss (1 bits)
	* cpol (1 bits)
	* cpha (1 bits)

Address #1: 111101
RDWR Bit: 0
Stream Bit: 1
Stream Length: 29 (binary: 00011101)
  Data[0]: 00111111 -> 3f
  Data[1]: 11011101 -> dd
  Data[2]: 00000111 -> 07
  Data[3]: 10101000 -> a8
  Data[4]: 01100001 -> 61
  Data[5]: 10000100 -> 84
  Data[6]: 10011001 -> 99
  Data[7]: 00100101 -> 25
  Data[8]: 11010101 -> d5
  Data[9]: 11110100 -> f4
  Data[10]: 00100000 -> 20
  Data[11]: 01111001 -> 79
  Data[12]: 01010011 -> 53
  Data[13]: 01000010 -> 42
  Data[14]: 11100100 -> e4
  Data[15]: 01110101 -> 75
  Data[16]: 10111001 -> b9
  Data[17]: 01011011 -> 5b
  Data[18]: 00011010 -> 1a
  Data[19]: 00110000 -> 30
  Data[20]: 00111001 -> 39
  Data[21]: 10000000 -> 80
  Data[22]: 10101110 -> ae
  Data[23]: 00100011 -> 23
  Data[24]: 10000000 -> 80
  Data[25]: 00111010 -> 3a
  Data[26]: 01100110 -> 66
  Data[27]: 11100111 -> e7
  Data[28]: 00110000 -> 30

Address #16: 011011
RDWR Bit: 1
Stream Bit: 0
Exchange: 10100011

Address #17: 111101
RDWR Bit: 1
Stream Bit: 0
Exchange: 10001100

Address #18: 111011
RDWR Bit: 0
Stream Bit: 1
Stream Length: 23 (binary: 00010111)
  Data[0]: 01100101 -> 65
  Data[1]: 10101100 -> ac
  Data[2]: 10110010 -> b2
  Data[3]: 00011111 -> 1f
  Data[4]: 10111101 -> bd
  Data[5]: 00101010 -> 2a
  Data[6]: 01010010 -> 52
  Data[7]: 01110100 -> 74
  Data[8]: 00001000 -> 08
  Data[9]: 11011100 -> dc
  Data[10]: 00011100 -> 1c
  Data[11]: 11111111 -> ff
  Data[12]: 10000111 -> 87
  Data[13]: 01010011 -> 53
  Data[14]: 11001111 -> cf
  Data[15]: 11011110 -> de
  Data[16]: 01111111 -> 7f
  Data[17]: 01010001 -> 51
  Data[18]: 10100100 -> a4
  Data[19]: 10011011 -> 9b
  Data[20]: 10101101 -> ad
  Data[21]: 00111111 -> 3f
  Data[22]: 01001100 -> 4c

Address #31: 011010
RDWR Bit: 0
Stream Bit: 0
Exchange: 00010011

Address #32: 111110
RDWR Bit: 0
Stream Bit: 1
Stream Length: 2 (binary: 00000010)
  Data[0]: 01010110 -> 56
  Data[1]: 01010000 -> 50

Address #34: 011100
RDWR Bit: 0
Stream Bit: 1
Stream Length: 18 (binary: 00010010)
  Data[0]: 10000100 -> 84
  Data[1]: 00000110 -> 06
  Data[2]: 10111010 -> ba
  Data[3]: 01001111 -> 4f
  Data[4]: 11110000 -> f0
  Data[5]: 01110010 -> 72
  Data[6]: 11001110 -> ce
  Data[7]: 11001101 -> cd
  Data[8]: 11001111 -> cf
  Data[9]: 01010010 -> 52
  Data[10]: 01111011 -> 7b
  Data[11]: 00111000 -> 38
  Data[12]: 01010100 -> 54
  Data[13]: 11110100 -> f4
  Data[14]: 11110001 -> f1
  Data[15]: 01101100 -> 6c
  Data[16]: 01110011 -> 73
  Data[17]: 01101011 -> 6b

Address #44: 110011
RDWR Bit: 0
Stream Bit: 1
Stream Length: 31 (binary: 00011111)
  Data[0]: 10100100 -> a4
  Data[1]: 11110111 -> f7
  Data[2]: 00011111 -> 1f
  Data[3]: 10010110 -> 96
  Data[4]: 10101100 -> ac
  Data[5]: 00101000 -> 28
  Data[6]: 11111000 -> f8
  Data[7]: 00001100 -> 0c
  Data[8]: 00010001 -> 11
  Data[9]: 01011110 -> 5e
  Data[10]: 01110010 -> 72
  Data[11]: 01100100 -> 64
  Data[12]: 11001001 -> c9
  Data[13]: 10010001 -> 91
  Data[14]: 11010000 -> d0
  Data[15]: 10011010 -> 9a
  Data[16]: 10101100 -> ac
  Data[17]: 01011000 -> 58
  Data[18]: 00111110 -> 3e
  Data[19]: 11111001 -> f9
  Data[20]: 11101111 -> ef
  Data[21]: 01010011 -> 53
  Data[22]: 11110010 -> f2
  Data[23]: 00111100 -> 3c
  Data[24]: 01001101 -> 4d
  Data[25]: 00000001 -> 01
  Data[26]: 10000010 -> 82
  Data[27]: 11001010 -> ca
  Data[28]: 00011000 -> 18
  Data[29]: 10110011 -> b3
  Data[30]: 00011101 -> 1d

Address #60: 100010
RDWR Bit: 1
Stream Bit: 0
Exchange: 10010111

Address #61: 110100
RDWR Bit: 0
Stream Bit: 0
Exchange: 00111110

Address #62: 110000
RDWR Bit: 0
Stream Bit: 1
Stream Length: 28 (binary: 00011100)
  Data[0]: 01110011 -> 73
  Data[1]: 01000110 -> 46
  Data[2]: 01010011 -> 53
  Data[3]: 10001010 -> 8a
  Data[4]: 01011000 -> 58
  Data[5]: 11011111 -> df
  Data[6]: 01100100 -> 64
  Data[7]: 01011101 -> 5d
  Data[8]: 00111011 -> 3b
  Data[9]: 11101011 -> eb
  Data[10]: 01111001 -> 79
  Data[11]: 11000010 -> c2
  Data[12]: 00001011 -> 0b
  Data[13]: 11100100 -> e4
  Data[14]: 00110001 -> 31
  Data[15]: 00111110 -> 3e
  Data[16]: 01011101 -> 5d
  Data[17]: 10100010 -> a2
  Data[18]: 00111101 -> 3d
  Data[19]: 00101010 -> 2a
  Data[20]: 01101010 -> 6a
  Data[21]: 00100110 -> 26
  Data[22]: 00110110 -> 36
  Data[23]: 10101100 -> ac
  Data[24]: 11111111 -> ff
  Data[25]: 00011110 -> 1e
  Data[26]: 11111111 -> ff
  Data[27]: 01101100 -> 6c

Address #77: 100000
RDWR Bit: 1
Stream Bit: 0
Exchange: 00110001

Address #78: 011001
RDWR Bit: 1
Stream Bit: 1
Stream Length: 1 (binary: 00000001)
  Data[0]: 00110110 -> 36

Address #80: 010000
RDWR Bit: 1
Stream Bit: 1
Stream Length: 21 (binary: 00010101)
  Data[0]: 01111010 -> 7a
  Data[1]: 10111000 -> b8
  Data[2]: 00110010 -> 32
  Data[3]: 11011110 -> de
  Data[4]: 10001101 -> 8d
  Data[5]: 00011000 -> 18
  Data[6]: 11001010 -> ca
  Data[7]: 01000001 -> 41
  Data[8]: 11010111 -> d7
  Data[9]: 01100001 -> 61
  Data[10]: 01001110 -> 4e
  Data[11]: 00100101 -> 25
  Data[12]: 11010101 -> d5
  Data[13]: 10000001 -> 81
  Data[14]: 11111110 -> fe
  Data[15]: 01010011 -> 53
  Data[16]: 01111010 -> 7a
  Data[17]: 11111011 -> fb
  Data[18]: 01101001 -> 69
  Data[19]: 01101110 -> 6e
  Data[20]: 10011100 -> 9c

Address #91: 100101
RDWR Bit: 1
Stream Bit: 1
Stream Length: 28 (binary: 00011100)
  Data[0]: 10110110 -> b6
  Data[1]: 10111000 -> b8
  Data[2]: 11001101 -> cd
  Data[3]: 10010000 -> 90
  Data[4]: 01101111 -> 6f
  Data[5]: 01101101 -> 6d
  Data[6]: 01101101 -> 6d
  Data[7]: 01101010 -> 6a
  Data[8]: 00010101 -> 15
  Data[9]: 11101100 -> ec
  Data[10]: 01111111 -> 7f
  Data[11]: 00100011 -> 23
  Data[12]: 11111011 -> fb
  Data[13]: 01010000 -> 50
  Data[14]: 00000100 -> 04
  Data[15]: 00011111 -> 1f
  Data[16]: 00011001 -> 19
  Data[17]: 10001010 -> 8a
  Data[18]: 11000100 -> c4
  Data[19]: 10010000 -> 90
  Data[20]: 01011111 -> 5f
  Data[21]: 01111101 -> 7d
  Data[22]: 10110101 -> b5
  Data[23]: 01011111 -> 5f
  Data[24]: 00101011 -> 2b
  Data[25]: 00110101 -> 35
  Data[26]: 10001001 -> 89
  Data[27]: 11010010 -> d2

Address #106: 101101
RDWR Bit: 1
Stream Bit: 0
Exchange: 10011111

Address #107: 000010
RDWR Bit: 1
Stream Bit: 0
Exchange: 01010001

Address #108: 101110
RDWR Bit: 0
Stream Bit: 1
Stream Length: 21 (binary: 00010101)
  Data[0]: 00100111 -> 27
  Data[1]: 11100111 -> e7
  Data[2]: 01000110 -> 46
  Data[3]: 00100111 -> 27
  Data[4]: 11110110 -> f6
  Data[5]: 01010010 -> 52
  Data[6]: 01011011 -> 5b
  Data[7]: 01111001 -> 79
  Data[8]: 11111010 -> fa
  Data[9]: 10010001 -> 91
  Data[10]: 01000101 -> 45
  Data[11]: 11110000 -> f0
  Data[12]: 00000101 -> 05
  Data[13]: 01001001 -> 49
  Data[14]: 01100010 -> 62
  Data[15]: 00001000 -> 08
  Data[16]: 10001010 -> 8a
  Data[17]: 11111110 -> fe
  Data[18]: 01110001 -> 71
  Data[19]: 11010101 -> d5
  Data[20]: 00001111 -> 0f

Address #120: 011100
RDWR Bit: 0
Stream Bit: 0
Exchange: 01110001

Address #121: 011011
RDWR Bit: 1
Stream Bit: 1
Stream Length: 2 (binary: 00000010)
  Data[0]: 01101001 -> 69
  Data[1]: 01101110 -> 6e

Address #123: 101110
RDWR Bit: 0
Stream Bit: 1
Stream Length: 26 (binary: 00011010)
  Data[0]: 10000011 -> 83
  Data[1]: 00110011 -> 33
  Data[2]: 10010001 -> 91
  Data[3]: 10101000 -> a8
  Data[4]: 11001000 -> c8
  Data[5]: 10000101 -> 85
  Data[6]: 10010110 -> 96
  Data[7]: 11001111 -> cf
  Data[8]: 01001001 -> 49
  Data[9]: 11101011 -> eb
  Data[10]: 01101010 -> 6a
  Data[11]: 11010110 -> d6
  Data[12]: 01100001 -> 61
  Data[13]: 10100111 -> a7
  Data[14]: 11011111 -> df
  Data[15]: 10110001 -> b1
  Data[16]: 10100110 -> a6
  Data[17]: 01101100 -> 6c
  Data[18]: 01110110 -> 76
  Data[19]: 11101001 -> e9
  Data[20]: 11111010 -> fa
  Data[21]: 11000011 -> c3
  Data[22]: 01001111 -> 4f
  Data[23]: 00001111 -> 0f
  Data[24]: 11110111 -> f7
  Data[25]: 00100111 -> 27

Address #137: 011100
RDWR Bit: 0
Stream Bit: 0
Exchange: 11111001

Address #138: 110110
RDWR Bit: 1
Stream Bit: 1
Stream Length: 19 (binary: 00010011)
  Data[0]: 10101101 -> ad
  Data[1]: 10001110 -> 8e
  Data[2]: 01000101 -> 45
  Data[3]: 11110110 -> f6
  Data[4]: 10101100 -> ac
  Data[5]: 01011110 -> 5e
  Data[6]: 11010000 -> d0
  Data[7]: 00010011 -> 13
  Data[8]: 00101011 -> 2b
  Data[9]: 10000111 -> 87
  Data[10]: 10001100 -> 8c
  Data[11]: 01011100 -> 5c
  Data[12]: 11001101 -> cd
  Data[13]: 00111111 -> 3f
  Data[14]: 00001111 -> 0f
  Data[15]: 00011100 -> 1c
  Data[16]: 10110001 -> b1
  Data[17]: 00110010 -> 32
  Data[18]: 11011110 -> de

Address #148: 001101
RDWR Bit: 0
Stream Bit: 0
Exchange: 11110111

Address #149: 111100
RDWR Bit: 0
Stream Bit: 0
Exchange: 01011010

Address #150: 010111
RDWR Bit: 0
Stream Bit: 1
Stream Length: 10 (binary: 00001010)
  Data[0]: 01001101 -> 4d
  Data[1]: 01101100 -> 6c
  Data[2]: 11001100 -> cc
  Data[3]: 01101100 -> 6c
  Data[4]: 00010001 -> 11
  Data[5]: 11111101 -> fd
  Data[6]: 11101100 -> ec
  Data[7]: 00011010 -> 1a
  Data[8]: 11001011 -> cb
  Data[9]: 01100000 -> 60

Address #156: 010100
RDWR Bit: 1
Stream Bit: 1
Stream Length: 20 (binary: 00010100)
  Data[0]: 00010100 -> 14
  Data[1]: 10000111 -> 87
  Data[2]: 01110010 -> 72
  Data[3]: 00010111 -> 17
  Data[4]: 10001111 -> 8f
  Data[5]: 11101000 -> e8
  Data[6]: 10110111 -> b7
  Data[7]: 00100100 -> 24
  Data[8]: 11111110 -> fe
  Data[9]: 11001110 -> ce
  Data[10]: 01110010 -> 72
  Data[11]: 01100001 -> 61
  Data[12]: 11110001 -> f1
  Data[13]: 00110110 -> 36
  Data[14]: 11110011 -> f3
  Data[15]: 00001100 -> 0c
  Data[16]: 11001100 -> cc
  Data[17]: 00111001 -> 39
  Data[18]: 01010001 -> 51
  Data[19]: 10000111 -> 87

Address #167: 101000
RDWR Bit: 0
Stream Bit: 0
Exchange: 00001111

Address #168: 000100
RDWR Bit: 0
Stream Bit: 0
Exchange: 00010101

Address #169: 010110
RDWR Bit: 1
Stream Bit: 1
Stream Length: 25 (binary: 00011001)
  Data[0]: 01100110 -> 66
  Data[1]: 00110101 -> 35
  Data[2]: 11001110 -> ce
  Data[3]: 10001011 -> 8b
  Data[4]: 01111110 -> 7e
  Data[5]: 01001000 -> 48
  Data[6]: 11101010 -> ea
  Data[7]: 11000001 -> c1
  Data[8]: 00100110 -> 26
  Data[9]: 01010010 -> 52
  Data[10]: 01011111 -> 5f
  Data[11]: 11001111 -> cf
  Data[12]: 00101010 -> 2a
  Data[13]: 10110010 -> b2
  Data[14]: 10101011 -> ab
  Data[15]: 00110111 -> 37
  Data[16]: 11000011 -> c3
  Data[17]: 01110100 -> 74
  Data[18]: 10011011 -> 9b
  Data[19]: 00111110 -> 3e
  Data[20]: 01100001 -> 61
  Data[21]: 10001000 -> 88
  Data[22]: 00111011 -> 3b
  Data[23]: 00011000 -> 18
  Data[24]: 00100101 -> 25

Address #183: 110100
RDWR Bit: 1
Stream Bit: 1
Stream Length: 12 (binary: 00001100)
  Data[0]: 01111111 -> 7f
  Data[1]: 01010001 -> 51
  Data[2]: 01001001 -> 49
  Data[3]: 10101011 -> ab
  Data[4]: 11001011 -> cb
  Data[5]: 10100001 -> a1
  Data[6]: 01110010 -> 72
  Data[7]: 00010101 -> 15
  Data[8]: 00100010 -> 22
  Data[9]: 01010001 -> 51
  Data[10]: 10110101 -> b5
  Data[11]: 11010110 -> d6

Address #190: 101100
RDWR Bit: 0
Stream Bit: 1
Stream Length: 10 (binary: 00001010)
  Data[0]: 00001000 -> 08
  Data[1]: 10000101 -> 85
  Data[2]: 11101111 -> ef
  Data[3]: 10111011 -> bb
  Data[4]: 01100101 -> 65
  Data[5]: 11000110 -> c6
  Data[6]: 11110011 -> f3
  Data[7]: 00100100 -> 24
  Data[8]: 10111100 -> bc
  Data[9]: 00000100 -> 04

Address #196: 010111
RDWR Bit: 0
Stream Bit: 0
Exchange: 01111100

Address #197: 000111
RDWR Bit: 0
Stream Bit: 0
Exchange: 01001111

Address #198: 001100
RDWR Bit: 1
Stream Bit: 1
Stream Length: 20 (binary: 00010100)
  Data[0]: 01010001 -> 51
  Data[1]: 00100001 -> 21
  Data[2]: 10110100 -> b4
  Data[3]: 10100000 -> a0
  Data[4]: 10001011 -> 8b
  Data[5]: 00011101 -> 1d
  Data[6]: 01011000 -> 58
  Data[7]: 00110011 -> 33
  Data[8]: 11100110 -> e6
  Data[9]: 10101101 -> ad
  Data[10]: 00100010 -> 22
  Data[11]: 10111110 -> be
  Data[12]: 10010010 -> 92
  Data[13]: 00100011 -> 23
  Data[14]: 01011010 -> 5a
  Data[15]: 01100100 -> 64
  Data[16]: 11011001 -> d9
  Data[17]: 10011011 -> 9b
  Data[18]: 10101110 -> ae
  Data[19]: 11000111 -> c7

Address #209: 111010
RDWR Bit: 1
Stream Bit: 1
Stream Length: 10 (binary: 00001010)
  Data[0]: 00010001 -> 11
  Data[1]: 01111110 -> 7e
  Data[2]: 11100111 -> e7
  Data[3]: 01101010 -> 6a
  Data[4]: 00101100 -> 2c
  Data[5]: 00100100 -> 24
  Data[6]: 10011011 -> 9b
  Data[7]: 10011110 -> 9e
  Data[8]: 11101000 -> e8
  Data[9]: 10111100 -> bc

Address #215: 110010
RDWR Bit: 1
Stream Bit: 0
Exchange: 01110111

Address #216: 001110
RDWR Bit: 0
Stream Bit: 1
Stream Length: 26 (binary: 00011010)
  Data[0]: 00001110 -> 0e
  Data[1]: 10111111 -> bf
  Data[2]: 01010001 -> 51
  Data[3]: 11000001 -> c1
  Data[4]: 01010011 -> 53
  Data[5]: 10011000 -> 98
  Data[6]: 00011111 -> 1f
  Data[7]: 10011110 -> 9e
  Data[8]: 10101101 -> ad
  Data[9]: 11010010 -> d2
  Data[10]: 01101101 -> 6d
  Data[11]: 00110101 -> 35
  Data[12]: 10100101 -> a5
  Data[13]: 01011111 -> 5f
  Data[14]: 10100111 -> a7
  Data[15]: 01010001 -> 51
  Data[16]: 00000000 -> 00
  Data[17]: 00001110 -> 0e
  Data[18]: 11100101 -> e5
  Data[19]: 10101110 -> ae
  Data[20]: 01100010 -> 62
  Data[21]: 10101010 -> aa
  Data[22]: 10110101 -> b5
  Data[23]: 10110100 -> b4
  Data[24]: 10100011 -> a3
  Data[25]: 01001110 -> 4e

Address #230: 110010
RDWR Bit: 0
Stream Bit: 1
Stream Length: 14 (binary: 00001110)
  Data[0]: 00010100 -> 14
  Data[1]: 00111110 -> 3e
  Data[2]: 11011110 -> de
  Data[3]: 01100001 -> 61
  Data[4]: 01010010 -> 52
  Data[5]: 10101101 -> ad
  Data[6]: 01010001 -> 51
  Data[7]: 10010011 -> 93
  Data[8]: 11000011 -> c3
  Data[9]: 11100000 -> e0
  Data[10]: 01101100 -> 6c
  Data[11]: 10000011 -> 83
  Data[12]: 10101111 -> af
  Data[13]: 01100011 -> 63

Address #238: 111001
RDWR Bit: 0
Stream Bit: 0
Exchange: 11100111

Address #239: 011011
RDWR Bit: 1
Stream Bit: 1
Stream Length: 23 (binary: 00010111)
  Data[0]: 10010110 -> 96
  Data[1]: 11000001 -> c1
  Data[2]: 11000111 -> c7
  Data[3]: 01110111 -> 77
  Data[4]: 00101001 -> 29
  Data[5]: 00110011 -> 33
  Data[6]: 10111011 -> bb
  Data[7]: 01100011 -> 63
  Data[8]: 10101010 -> aa
  Data[9]: 01010010 -> 52
  Data[10]: 01110101 -> 75
  Data[11]: 10010000 -> 90
  Data[12]: 10111100 -> bc
  Data[13]: 10111010 -> ba
  Data[14]: 11001001 -> c9
  Data[15]: 10101000 -> a8
  Data[16]: 11011000 -> d8
  Data[17]: 01000000 -> 40
  Data[18]: 00010100 -> 14
  Data[19]: 10111101 -> bd
  Data[20]: 00100001 -> 21
  Data[21]: 10000100 -> 84
  Data[22]: 11110001 -> f1

Address #251: 011001
RDWR Bit: 0
Stream Bit: 1
Stream Length: 24 (binary: 00011000)
  Data[0]: 11111011 -> fb
  Data[1]: 11010011 -> d3
  Data[2]: 11111000 -> f8
  Data[3]: 11111001 -> f9
  Data[4]: 11110010 -> f2
  Data[5]: 10011101 -> 9d
  Data[6]: 01001111 -> 4f
  Data[7]: 11011010 -> da
  Data[8]: 11101101 -> ed
  Data[9]: 01011100 -> 5c
  Data[10]: 00101001 -> 29
  Data[11]: 00110010 -> 32
  Data[12]: 10000101 -> 85
  Data[13]: 01001001 -> 49
  Data[14]: 01001000 -> 48
  Data[15]: 00110101 -> 35
  Data[16]: 11011001 -> d9
  Data[17]: 00001010 -> 0a
  Data[18]: 01110110 -> 76
  Data[19]: 01011110 -> 5e
  Data[20]: 11011110 -> de
  Data[21]: 01100011 -> 63
  Data[22]: 10010011 -> 93
  Data[23]: 00000100 -> 04

Address #264: 111101
RDWR Bit: 0
Stream Bit: 1
Stream Length: 29 (binary: 00011101)
  Data[0]: 01100110 -> 66
  Data[1]: 11000010 -> c2
  Data[2]: 00111011 -> 3b
  Data[3]: 01100111 -> 67
  Data[4]: 11001010 -> ca
  Data[5]: 11100000 -> e0
  Data[6]: 00011000 -> 18
  Data[7]: 00100001 -> 21
  Data[8]: 00000011 -> 03
  Data[9]: 01100101 -> 65
  Data[10]: 10110001 -> b1
  Data[11]: 11111001 -> f9
  Data[12]: 01011101 -> 5d
  Data[13]: 11000100 -> c4
  Data[14]: 01010111 -> 57
  Data[15]: 01100110 -> 66
  Data[16]: 11101111 -> ef
  Data[17]: 00011011 -> 1b
  Data[18]: 11011110 -> de
  Data[19]: 10111010 -> ba
  Data[20]: 00001111 -> 0f
  Data[21]: 00101100 -> 2c
  Data[22]: 00100000 -> 20
  Data[23]: 01100111 -> 67
  Data[24]: 00000000 -> 00
  Data[25]: 11010100 -> d4
  Data[26]: 10001110 -> 8e
  Data[27]: 10110101 -> b5
  Data[28]: 10001011 -> 8b

Address #280: 011101
RDWR Bit: 0
Stream Bit: 1
Stream Length: 16 (binary: 00010000)
  Data[0]: 10100100 -> a4
  Data[1]: 11000010 -> c2
  Data[2]: 00111100 -> 3c
  Data[3]: 01011100 -> 5c
  Data[4]: 10100101 -> a5
  Data[5]: 11101011 -> eb
  Data[6]: 10100111 -> a7
  Data[7]: 10010101 -> 95
  Data[8]: 01011000 -> 58
  Data[9]: 10011101 -> 9d
  Data[10]: 10101000 -> a8
  Data[11]: 11010010 -> d2
  Data[12]: 00000000 -> 00
  Data[13]: 10000110 -> 86
  Data[14]: 11010001 -> d1
  Data[15]: 11010000 -> d0

Address #289: 010011
RDWR Bit: 0
Stream Bit: 0
Exchange: 01110111

Address #290: 101011
RDWR Bit: 0
Stream Bit: 0
Exchange: 00110110

Address #291: 110001
RDWR Bit: 1
Stream Bit: 1
Stream Length: 27 (binary: 00011011)
  Data[0]: 10010100 -> 94
  Data[1]: 10110010 -> b2
  Data[2]: 01101011 -> 6b
  Data[3]: 00110111 -> 37
  Data[4]: 00011011 -> 1b
  Data[5]: 11011100 -> dc
  Data[6]: 00011110 -> 1e
  Data[7]: 01110110 -> 76
  Data[8]: 11011110 -> de
  Data[9]: 10101111 -> af
  Data[10]: 01011101 -> 5d
  Data[11]: 00000010 -> 02
  Data[12]: 00010100 -> 14
  Data[13]: 00110100 -> 34
  Data[14]: 11011010 -> da
  Data[15]: 00010100 -> 14
  Data[16]: 11110101 -> f5
  Data[17]: 10011001 -> 99
  Data[18]: 00001101 -> 0d
  Data[19]: 10001111 -> 8f
  Data[20]: 10101111 -> af
  Data[21]: 00110000 -> 30
  Data[22]: 01101011 -> 6b
  Data[23]: 11011101 -> dd
  Data[24]: 10001111 -> 8f
  Data[25]: 10101100 -> ac
  Data[26]: 11110000 -> f0

Address #305: 011110
RDWR Bit: 1
Stream Bit: 0
Exchange: 01011010

Address #306: 111111
RDWR Bit: 0
Stream Bit: 0
Exchange: 11111111

Address #307: 000110
RDWR Bit: 0
Stream Bit: 0
Exchange: 11100010

Address #308: 100110
RDWR Bit: 1
Stream Bit: 1
Stream Length: 5 (binary: 00000101)
  Data[0]: 10011001 -> 99
  Data[1]: 00011010 -> 1a
  Data[2]: 01100111 -> 67
  Data[3]: 11000110 -> c6
  Data[4]: 11110100 -> f4

Address #312: 000110
RDWR Bit: 1
Stream Bit: 0
Exchange: 01000001

Address #313: 101111
RDWR Bit: 0
Stream Bit: 1
Stream Length: 3 (binary: 00000011)
  Data[0]: 00010000 -> 10
  Data[1]: 11110011 -> f3
  Data[2]: 01111100 -> 7c

Address #315: 111100
RDWR Bit: 1
Stream Bit: 0
Exchange: 11100111

Address #316: 000000
RDWR Bit: 0
Stream Bit: 0
Exchange: 01100100

Address #317: 011110
RDWR Bit: 0
Stream Bit: 1
Stream Length: 30 (binary: 00011110)
  Data[0]: 01111101 -> 7d
  Data[1]: 01111111 -> 7f
  Data[2]: 10001110 -> 8e
  Data[3]: 11011000 -> d8
  Data[4]: 10010111 -> 97
  Data[5]: 11101100 -> ec
  Data[6]: 00101110 -> 2e
  Data[7]: 11111011 -> fb
  Data[8]: 00010001 -> 11
  Data[9]: 10110111 -> b7
  Data[10]: 11011111 -> df
  Data[11]: 10101100 -> ac
  Data[12]: 01000100 -> 44
  Data[13]: 11001111 -> cf
  Data[14]: 11000001 -> c1
  Data[15]: 10101001 -> a9
  Data[16]: 11001100 -> cc
  Data[17]: 01000001 -> 41
  Data[18]: 01101111 -> 6f
  Data[19]: 01001011 -> 4b
  Data[20]: 11001110 -> ce
  Data[21]: 00110110 -> 36
  Data[22]: 10111010 -> ba
  Data[23]: 10010110 -> 96
  Data[24]: 11100011 -> e3
  Data[25]: 01010111 -> 57
  Data[26]: 10110010 -> b2
  Data[27]: 01101001 -> 69
  Data[28]: 10111010 -> ba
  Data[29]: 11111101 -> fd

Address #333: 100001
RDWR Bit: 1
Stream Bit: 0
Exchange: 00011111

Address #334: 011100
RDWR Bit: 0
Stream Bit: 1
Stream Length: 22 (binary: 00010110)
  Data[0]: 01010111 -> 57
  Data[1]: 10110010 -> b2
  Data[2]: 01111101 -> 7d
  Data[3]: 00100000 -> 20
  Data[4]: 11001000 -> c8
  Data[5]: 00110111 -> 37
  Data[6]: 00001011 -> 0b
  Data[7]: 00111011 -> 3b
  Data[8]: 11011100 -> dc
  Data[9]: 10000010 -> 82
  Data[10]: 11100100 -> e4
  Data[11]: 00000011 -> 03
  Data[12]: 00001101 -> 0d
  Data[13]: 10111111 -> bf
  Data[14]: 01001001 -> 49
  Data[15]: 11001111 -> cf
  Data[16]: 11100000 -> e0
  Data[17]: 00011100 -> 1c
  Data[18]: 10010010 -> 92
  Data[19]: 10101110 -> ae
  Data[20]: 11101101 -> ed
  Data[21]: 11110101 -> f5

Address #346: 001001
RDWR Bit: 1
Stream Bit: 0
Exchange: 11010010

Address #347: 110010
RDWR Bit: 0
Stream Bit: 0
Exchange: 00000111

Address #348: 100100
RDWR Bit: 1
Stream Bit: 0
Exchange: 00000010

Address #349: 001110
RDWR Bit: 0
Stream Bit: 0
Exchange: 11111101

Address #350: 111000
RDWR Bit: 0
Stream Bit: 0
Exchange: 10010010

Address #351: 111100
RDWR Bit: 0
Stream Bit: 1
Stream Length: 10 (binary: 00001010)
  Data[0]: 01100010 -> 62
  Data[1]: 00001000 -> 08
  Data[2]: 11000111 -> c7
  Data[3]: 01100101 -> 65
  Data[4]: 01000101 -> 45
  Data[5]: 10111100 -> bc
  Data[6]: 00010100 -> 14
  Data[7]: 00110001 -> 31
  Data[8]: 00111000 -> 38
  Data[9]: 00001101 -> 0d
