Read a waves file with 6 signals and 12643 samples...
Input has these signals:
	* sclk (1 bits)
	* mosi (1 bits)
	* miso (1 bits)
	* ss (1 bits)
	* cpol (1 bits)
	* cpha (1 bits)

Address #1: 001000
RDWR Bit: 0
Stream Bit: 1
Stream Length: 24 (binary: 00011000)
  Data[0]: 11000101 -> c5
  Data[1]: 01101111 -> 6f
  Data[2]: 01110011 -> 73
  Data[3]: 11111100 -> fc
  Data[4]: 00101000 -> 28
  Data[5]: 00010101 -> 15
  Data[6]: 00110110 -> 36
  Data[7]: 01011101 -> 5d
  Data[8]: 00011110 -> 1e
  Data[9]: 11110110 -> f6
  Data[10]: 01001110 -> 4e
  Data[11]: 11100000 -> e0
  Data[12]: 00000111 -> 07
  Data[13]: 01111110 -> 7e
  Data[14]: 01100100 -> 64
  Data[15]: 10010000 -> 90
  Data[16]: 01011010 -> 5a
  Data[17]: 00000000 -> 00
  Data[18]: 00100100 -> 24
  Data[19]: 01100010 -> 62
  Data[20]: 10100010 -> a2
  Data[21]: 10000000 -> 80
  Data[22]: 01010111 -> 57
  Data[23]: 01011011 -> 5b

Address #14: 001111
RDWR Bit: 1
Stream Bit: 1
Stream Length: 29 (binary: 00011101)
  Data[0]: 01111100 -> 7c
  Data[1]: 10100001 -> a1
  Data[2]: 11100000 -> e0
  Data[3]: 01000000 -> 40
  Data[4]: 10011101 -> 9d
  Data[5]: 01111011 -> 7b
  Data[6]: 10110101 -> b5
  Data[7]: 00011000 -> 18
  Data[8]: 10001011 -> 8b
  Data[9]: 10111111 -> bf
  Data[10]: 00111100 -> 3c
  Data[11]: 01000000 -> 40
  Data[12]: 00101110 -> 2e
  Data[13]: 01111001 -> 79
  Data[14]: 11001011 -> cb
  Data[15]: 10011010 -> 9a
  Data[16]: 11001000 -> c8
  Data[17]: 01011000 -> 58
  Data[18]: 11111100 -> fc
  Data[19]: 01111010 -> 7a
  Data[20]: 01101111 -> 6f
  Data[21]: 10000110 -> 86
  Data[22]: 01000000 -> 40
  Data[23]: 01101000 -> 68
  Data[24]: 11010101 -> d5
  Data[25]: 11010010 -> d2
  Data[26]: 11110100 -> f4
  Data[27]: 10000010 -> 82
  Data[28]: 00110100 -> 34

Address #29: 010100
RDWR Bit: 1
Stream Bit: 1
Stream Length: 10 (binary: 00001010)
  Data[0]: 00001011 -> 0b
  Data[1]: 01000000 -> 40
  Data[2]: 01010111 -> 57
  Data[3]: 11010111 -> d7
  Data[4]: 01101001 -> 69
  Data[5]: 00100101 -> 25
  Data[6]: 00011101 -> 1d
  Data[7]: 10001010 -> 8a
  Data[8]: 00100001 -> 21
  Data[9]: 01001110 -> 4e

Address #35: 001000
RDWR Bit: 0
Stream Bit: 1
Stream Length: 17 (binary: 00010001)
  Data[0]: 00001101 -> 0d
  Data[1]: 01000010 -> 42
  Data[2]: 11010100 -> d4
  Data[3]: 10010100 -> 94
  Data[4]: 01110101 -> 75
  Data[5]: 10101001 -> a9
  Data[6]: 11010011 -> d3
  Data[7]: 01101010 -> 6a
  Data[8]: 11110100 -> f4
  Data[9]: 10110011 -> b3
  Data[10]: 10010111 -> 97
  Data[11]: 01101010 -> 6a
  Data[12]: 11010100 -> d4
  Data[13]: 00000000 -> 00
  Data[14]: 01010000 -> 50
  Data[15]: 11111000 -> f8
  Data[16]: 11111110 -> fe

Address #45: 010101
RDWR Bit: 1
Stream Bit: 1
Stream Length: 26 (binary: 00011010)
  Data[0]: 00010000 -> 10
  Data[1]: 11011101 -> dd
  Data[2]: 10011111 -> 9f
  Data[3]: 01110011 -> 73
  Data[4]: 00111001 -> 39
  Data[5]: 10010111 -> 97
  Data[6]: 01010100 -> 54
  Data[7]: 00101000 -> 28
  Data[8]: 01111101 -> 7d
  Data[9]: 00011100 -> 1c
  Data[10]: 10100011 -> a3
  Data[11]: 00110000 -> 30
  Data[12]: 01001011 -> 4b
  Data[13]: 10011011 -> 9b
  Data[14]: 11011010 -> da
  Data[15]: 00110011 -> 33
  Data[16]: 10001001 -> 89
  Data[17]: 00111111 -> 3f
  Data[18]: 11101101 -> ed
  Data[19]: 00100100 -> 24
  Data[20]: 01001110 -> 4e
  Data[21]: 00110010 -> 32
  Data[22]: 01001011 -> 4b
  Data[23]: 11101111 -> ef
  Data[24]: 10010111 -> 97
  Data[25]: 11011100 -> dc

Address #59: 001011
RDWR Bit: 1
Stream Bit: 0
Exchange: 11100111

Address #60: 101111
RDWR Bit: 1
Stream Bit: 0
Exchange: 10000010

Address #61: 011110
RDWR Bit: 1
Stream Bit: 1
Stream Length: 21 (binary: 00010101)
  Data[0]: 01111110 -> 7e
  Data[1]: 11010101 -> d5
  Data[2]: 10000101 -> 85
  Data[3]: 10110111 -> b7
  Data[4]: 11011011 -> db
  Data[5]: 10000110 -> 86
  Data[6]: 01000010 -> 42
  Data[7]: 11011010 -> da
  Data[8]: 00000011 -> 03
  Data[9]: 00110000 -> 30
  Data[10]: 00100100 -> 24
  Data[11]: 00111100 -> 3c
  Data[12]: 11101010 -> ea
  Data[13]: 01011011 -> 5b
  Data[14]: 11100110 -> e6
  Data[15]: 11010110 -> d6
  Data[16]: 00111101 -> 3d
  Data[17]: 10011001 -> 99
  Data[18]: 11110100 -> f4
  Data[19]: 00000101 -> 05
  Data[20]: 10011110 -> 9e

Address #72: 010000
RDWR Bit: 1
Stream Bit: 0
Exchange: 11101110

Address #73: 011010
RDWR Bit: 0
Stream Bit: 1
Stream Length: 28 (binary: 00011100)
  Data[0]: 11001111 -> cf
  Data[1]: 11000000 -> c0
  Data[2]: 11010010 -> d2
  Data[3]: 00011010 -> 1a
  Data[4]: 00000101 -> 05
  Data[5]: 11111110 -> fe
  Data[6]: 00111101 -> 3d
  Data[7]: 00100100 -> 24
  Data[8]: 01000010 -> 42
  Data[9]: 01001001 -> 49
  Data[10]: 10100101 -> a5
  Data[11]: 00000000 -> 00
  Data[12]: 10000001 -> 81
  Data[13]: 01011100 -> 5c
  Data[14]: 01011101 -> 5d
  Data[15]: 10010100 -> 94
  Data[16]: 00111001 -> 39
  Data[17]: 11011001 -> d9
  Data[18]: 00011010 -> 1a
  Data[19]: 10100010 -> a2
  Data[20]: 11101101 -> ed
  Data[21]: 01100111 -> 67
  Data[22]: 10000100 -> 84
  Data[23]: 00111110 -> 3e
  Data[24]: 11011100 -> dc
  Data[25]: 10100100 -> a4
  Data[26]: 11001100 -> cc
  Data[27]: 10010111 -> 97

Address #88: 111001
RDWR Bit: 1
Stream Bit: 1
Stream Length: 1 (binary: 00000001)
  Data[0]: 01111010 -> 7a

Address #90: 011110
RDWR Bit: 0
Stream Bit: 0
Exchange: 01110110

Address #91: 001001
RDWR Bit: 0
Stream Bit: 0
Exchange: 00011110

Address #92: 101010
RDWR Bit: 0
Stream Bit: 0
Exchange: 10110100

Address #93: 110111
RDWR Bit: 0
Stream Bit: 0
Exchange: 10110000

Address #94: 100000
RDWR Bit: 1
Stream Bit: 0
Exchange: 10110010

Address #95: 001000
RDWR Bit: 0
Stream Bit: 0
Exchange: 01010010

Address #96: 010010
RDWR Bit: 0
Stream Bit: 0
Exchange: 11010010

Address #97: 011010
RDWR Bit: 1
Stream Bit: 1
Stream Length: 7 (binary: 00000111)
  Data[0]: 10111011 -> bb
  Data[1]: 00011010 -> 1a
  Data[2]: 01100000 -> 60
  Data[3]: 01000111 -> 47
  Data[4]: 00101100 -> 2c
  Data[5]: 10110000 -> b0
  Data[6]: 11110010 -> f2

Address #101: 101110
RDWR Bit: 1
Stream Bit: 1
Stream Length: 16 (binary: 00010000)
  Data[0]: 11011010 -> da
  Data[1]: 10100111 -> a7
  Data[2]: 11101011 -> eb
  Data[3]: 01110001 -> 71
  Data[4]: 10010111 -> 97
  Data[5]: 01101001 -> 69
  Data[6]: 10010001 -> 91
  Data[7]: 00010101 -> 15
  Data[8]: 10101011 -> ab
  Data[9]: 00001101 -> 0d
  Data[10]: 11101010 -> ea
  Data[11]: 00111110 -> 3e
  Data[12]: 00010100 -> 14
  Data[13]: 11000000 -> c0
  Data[14]: 11100111 -> e7
  Data[15]: 01001110 -> 4e

Address #110: 000000
RDWR Bit: 0
Stream Bit: 1
Stream Length: 8 (binary: 00001000)
  Data[0]: 11011011 -> db
  Data[1]: 01100101 -> 65
  Data[2]: 11010010 -> d2
  Data[3]: 01011110 -> 5e
  Data[4]: 11111010 -> fa
  Data[5]: 11010011 -> d3
  Data[6]: 00100001 -> 21
  Data[7]: 00110010 -> 32

Address #115: 101110
RDWR Bit: 0
Stream Bit: 1
Stream Length: 31 (binary: 00011111)
  Data[0]: 01101101 -> 6d
  Data[1]: 10011000 -> 98
  Data[2]: 00001100 -> 0c
  Data[3]: 10111010 -> ba
  Data[4]: 01011011 -> 5b
  Data[5]: 01110010 -> 72
  Data[6]: 00100101 -> 25
  Data[7]: 00100101 -> 25
  Data[8]: 00111110 -> 3e
  Data[9]: 11001100 -> cc
  Data[10]: 01001011 -> 4b
  Data[11]: 01100000 -> 60
  Data[12]: 01010000 -> 50
  Data[13]: 10110110 -> b6
  Data[14]: 10001100 -> 8c
  Data[15]: 01111011 -> 7b
  Data[16]: 00100110 -> 26
  Data[17]: 00111001 -> 39
  Data[18]: 10101100 -> ac
  Data[19]: 11010000 -> d0
  Data[20]: 11011001 -> d9
  Data[21]: 00000000 -> 00
  Data[22]: 01000100 -> 44
  Data[23]: 00100011 -> 23
  Data[24]: 01111110 -> 7e
  Data[25]: 11111000 -> f8
  Data[26]: 10101000 -> a8
  Data[27]: 10100001 -> a1
  Data[28]: 11010100 -> d4
  Data[29]: 11011000 -> d8
  Data[30]: 01011111 -> 5f

Address #132: 010011
RDWR Bit: 0
Stream Bit: 1
Stream Length: 5 (binary: 00000101)
  Data[0]: 01011101 -> 5d
  Data[1]: 11010010 -> d2
  Data[2]: 01011001 -> 59
  Data[3]: 10011000 -> 98
  Data[4]: 11010111 -> d7

Address #135: 010110
RDWR Bit: 0
Stream Bit: 0
Exchange: 10011001

Address #136: 110110
RDWR Bit: 1
Stream Bit: 0
Exchange: 11101110

Address #137: 100100
RDWR Bit: 1
Stream Bit: 1
Stream Length: 10 (binary: 00001010)
  Data[0]: 11111111 -> ff
  Data[1]: 00110110 -> 36
  Data[2]: 01000100 -> 44
  Data[3]: 01110110 -> 76
  Data[4]: 01111111 -> 7f
  Data[5]: 11000110 -> c6
  Data[6]: 11011100 -> dc
  Data[7]: 01110010 -> 72
  Data[8]: 10010010 -> 92
  Data[9]: 11110011 -> f3

Address #143: 100111
RDWR Bit: 1
Stream Bit: 1
Stream Length: 16 (binary: 00010000)
  Data[0]: 10101000 -> a8
  Data[1]: 10001010 -> 8a
  Data[2]: 01010001 -> 51
  Data[3]: 01010100 -> 54
  Data[4]: 00101010 -> 2a
  Data[5]: 10000100 -> 84
  Data[6]: 01001000 -> 48
  Data[7]: 00111100 -> 3c
  Data[8]: 11100000 -> e0
  Data[9]: 10010010 -> 92
  Data[10]: 00001001 -> 09
  Data[11]: 01100000 -> 60
  Data[12]: 00000100 -> 04
  Data[13]: 10001101 -> 8d
  Data[14]: 11110101 -> f5
  Data[15]: 01000101 -> 45

Address #152: 111111
RDWR Bit: 0
Stream Bit: 1
Stream Length: 13 (binary: 00001101)
  Data[0]: 10100101 -> a5
  Data[1]: 10001110 -> 8e
  Data[2]: 10100101 -> a5
  Data[3]: 01110111 -> 77
  Data[4]: 11100000 -> e0
  Data[5]: 10111101 -> bd
  Data[6]: 01101011 -> 6b
  Data[7]: 00110011 -> 33
  Data[8]: 10100010 -> a2
  Data[9]: 10010101 -> 95
  Data[10]: 10011110 -> 9e
  Data[11]: 00000110 -> 06
  Data[12]: 11011111 -> df

Address #160: 000101
RDWR Bit: 1
Stream Bit: 1
Stream Length: 19 (binary: 00010011)
  Data[0]: 11001011 -> cb
  Data[1]: 01110101 -> 75
  Data[2]: 01110110 -> 76
  Data[3]: 10010000 -> 90
  Data[4]: 00001101 -> 0d
  Data[5]: 00000100 -> 04
  Data[6]: 01011101 -> 5d
  Data[7]: 00111010 -> 3a
  Data[8]: 10100001 -> a1
  Data[9]: 10110010 -> b2
  Data[10]: 10001110 -> 8e
  Data[11]: 00110000 -> 30
  Data[12]: 00001110 -> 0e
  Data[13]: 01110011 -> 73
  Data[14]: 11010100 -> d4
  Data[15]: 00001110 -> 0e
  Data[16]: 01010111 -> 57
  Data[17]: 00101111 -> 2f
  Data[18]: 11001001 -> c9

Address #170: 111110
RDWR Bit: 0
Stream Bit: 0
Exchange: 10001011

Address #171: 111111
RDWR Bit: 0
Stream Bit: 1
Stream Length: 23 (binary: 00010111)
  Data[0]: 00000001 -> 01
  Data[1]: 10101000 -> a8
  Data[2]: 10100010 -> a2
  Data[3]: 01101010 -> 6a
  Data[4]: 11100111 -> e7
  Data[5]: 00000110 -> 06
  Data[6]: 00000100 -> 04
  Data[7]: 10011110 -> 9e
  Data[8]: 01101111 -> 6f
  Data[9]: 11000110 -> c6
  Data[10]: 00100111 -> 27
  Data[11]: 10111001 -> b9
  Data[12]: 00100110 -> 26
  Data[13]: 11010111 -> d7
  Data[14]: 01110000 -> 70
  Data[15]: 10001101 -> 8d
  Data[16]: 10100101 -> a5
  Data[17]: 01100000 -> 60
  Data[18]: 00101100 -> 2c
  Data[19]: 10010001 -> 91
  Data[20]: 10100110 -> a6
  Data[21]: 11011100 -> dc
  Data[22]: 10000111 -> 87

Address #184: 110100
RDWR Bit: 0
Stream Bit: 1
Stream Length: 12 (binary: 00001100)
  Data[0]: 11111011 -> fb
  Data[1]: 01101011 -> 6b
  Data[2]: 00000000 -> 00
  Data[3]: 11001101 -> cd
  Data[4]: 11010001 -> d1
  Data[5]: 10001011 -> 8b
  Data[6]: 00101001 -> 29
  Data[7]: 10010011 -> 93
  Data[8]: 10001101 -> 8d
  Data[9]: 10010010 -> 92
  Data[10]: 01101111 -> 6f
  Data[11]: 00100000 -> 20

Address #191: 100011
RDWR Bit: 1
Stream Bit: 0
Exchange: 00001000

Address #192: 001111
RDWR Bit: 0
Stream Bit: 0
Exchange: 10011110

Address #193: 000100
RDWR Bit: 0
Stream Bit: 1
Stream Length: 6 (binary: 00000110)
  Data[0]: 10001111 -> 8f
  Data[1]: 00110001 -> 31
  Data[2]: 00101101 -> 2d
  Data[3]: 10100001 -> a1
  Data[4]: 10110101 -> b5
  Data[5]: 00100011 -> 23

Address #197: 111001
RDWR Bit: 1
Stream Bit: 1
Stream Length: 23 (binary: 00010111)
  Data[0]: 10001001 -> 89
  Data[1]: 00010011 -> 13
  Data[2]: 01100101 -> 65
  Data[3]: 00001001 -> 09
  Data[4]: 01001111 -> 4f
  Data[5]: 10110001 -> b1
  Data[6]: 01000000 -> 40
  Data[7]: 01001010 -> 4a
  Data[8]: 10100110 -> a6
  Data[9]: 10100100 -> a4
  Data[10]: 11111011 -> fb
  Data[11]: 00010111 -> 17
  Data[12]: 11001100 -> cc
  Data[13]: 01110110 -> 76
  Data[14]: 10100101 -> a5
  Data[15]: 01100100 -> 64
  Data[16]: 10110011 -> b3
  Data[17]: 11101110 -> ee
  Data[18]: 11101011 -> eb
  Data[19]: 01000010 -> 42
  Data[20]: 11100100 -> e4
  Data[21]: 00100000 -> 20
  Data[22]: 00001100 -> 0c

Address #209: 010110
RDWR Bit: 1
Stream Bit: 1
Stream Length: 16 (binary: 00010000)
  Data[0]: 10010100 -> 94
  Data[1]: 01101101 -> 6d
  Data[2]: 01011000 -> 58
  Data[3]: 00110010 -> 32
  Data[4]: 01010000 -> 50
  Data[5]: 00011001 -> 19
  Data[6]: 00011100 -> 1c
  Data[7]: 11010000 -> d0
  Data[8]: 11111100 -> fc
  Data[9]: 11111100 -> fc
  Data[10]: 01111100 -> 7c
  Data[11]: 11101110 -> ee
  Data[12]: 01010000 -> 50
  Data[13]: 01011000 -> 58
  Data[14]: 11000011 -> c3
  Data[15]: 11111101 -> fd

Address #218: 011111
RDWR Bit: 1
Stream Bit: 0
Exchange: 00110000

Address #219: 011011
RDWR Bit: 1
Stream Bit: 1
Stream Length: 28 (binary: 00011100)
  Data[0]: 10110110 -> b6
  Data[1]: 01001001 -> 49
  Data[2]: 10101111 -> af
  Data[3]: 11110111 -> f7
  Data[4]: 00100001 -> 21
  Data[5]: 00010011 -> 13
  Data[6]: 01100011 -> 63
  Data[7]: 11010010 -> d2
  Data[8]: 10111010 -> ba
  Data[9]: 01011010 -> 5a
  Data[10]: 11101000 -> e8
  Data[11]: 01010111 -> 57
  Data[12]: 10100111 -> a7
  Data[13]: 11010000 -> d0
  Data[14]: 10011101 -> 9d
  Data[15]: 11100100 -> e4
  Data[16]: 10111000 -> b8
  Data[17]: 10100011 -> a3
  Data[18]: 11111111 -> ff
  Data[19]: 10100010 -> a2
  Data[20]: 11011110 -> de
  Data[21]: 01001001 -> 49
  Data[22]: 01010001 -> 51
  Data[23]: 01111001 -> 79
  Data[24]: 01011101 -> 5d
  Data[25]: 10111111 -> bf
  Data[26]: 01001011 -> 4b
  Data[27]: 00111010 -> 3a

Address #234: 001111
RDWR Bit: 1
Stream Bit: 1
Stream Length: 17 (binary: 00010001)
  Data[0]: 11101100 -> ec
  Data[1]: 01000101 -> 45
  Data[2]: 01100101 -> 65
  Data[3]: 00001110 -> 0e
  Data[4]: 11100100 -> e4
  Data[5]: 01000111 -> 47
  Data[6]: 10001010 -> 8a
  Data[7]: 00000100 -> 04
  Data[8]: 01000000 -> 40
  Data[9]: 10100100 -> a4
  Data[10]: 01110011 -> 73
  Data[11]: 00100000 -> 20
  Data[12]: 01110111 -> 77
  Data[13]: 00110100 -> 34
  Data[14]: 00001111 -> 0f
  Data[15]: 00111011 -> 3b
  Data[16]: 10110110 -> b6

Address #244: 101101
RDWR Bit: 1
Stream Bit: 1
Stream Length: 25 (binary: 00011001)
  Data[0]: 00110100 -> 34
  Data[1]: 11011000 -> d8
  Data[2]: 00011101 -> 1d
  Data[3]: 00000101 -> 05
  Data[4]: 11001011 -> cb
  Data[5]: 11010111 -> d7
  Data[6]: 11000011 -> c3
  Data[7]: 00100100 -> 24
  Data[8]: 11000111 -> c7
  Data[9]: 11100101 -> e5
  Data[10]: 11001111 -> cf
  Data[11]: 10100011 -> a3
  Data[12]: 00110011 -> 33
  Data[13]: 00110101 -> 35
  Data[14]: 01100010 -> 62
  Data[15]: 00010011 -> 13
  Data[16]: 11011110 -> de
  Data[17]: 01111010 -> 7a
  Data[18]: 11010010 -> d2
  Data[19]: 10111101 -> bd
  Data[20]: 00111100 -> 3c
  Data[21]: 00100110 -> 26
  Data[22]: 00010001 -> 11
  Data[23]: 01000001 -> 41
  Data[24]: 10010010 -> 92

Address #257: 101110
RDWR Bit: 0
Stream Bit: 1
Stream Length: 25 (binary: 00011001)
  Data[0]: 01100000 -> 60
  Data[1]: 00100100 -> 24
  Data[2]: 01011111 -> 5f
  Data[3]: 10100010 -> a2
  Data[4]: 11110101 -> f5
  Data[5]: 00001110 -> 0e
  Data[6]: 01000100 -> 44
  Data[7]: 01010001 -> 51
  Data[8]: 11101000 -> e8
  Data[9]: 11011110 -> de
  Data[10]: 00010000 -> 10
  Data[11]: 10010111 -> 97
  Data[12]: 00000101 -> 05
  Data[13]: 10100001 -> a1
  Data[14]: 01100100 -> 64
  Data[15]: 10011001 -> 99
  Data[16]: 11111111 -> ff
  Data[17]: 00001001 -> 09
  Data[18]: 11000110 -> c6
  Data[19]: 00101011 -> 2b
  Data[20]: 11011001 -> d9
  Data[21]: 11101011 -> eb
  Data[22]: 01111011 -> 7b
  Data[23]: 00010011 -> 13
  Data[24]: 10010101 -> 95

Address #271: 110000
RDWR Bit: 1
Stream Bit: 1
Stream Length: 2 (binary: 00000010)
  Data[0]: 11010001 -> d1
  Data[1]: 10110110 -> b6

Address #273: 101100
RDWR Bit: 1
Stream Bit: 1
Stream Length: 25 (binary: 00011001)
  Data[0]: 01010000 -> 50
  Data[1]: 10000011 -> 83
  Data[2]: 10000001 -> 81
  Data[3]: 00111011 -> 3b
  Data[4]: 01100011 -> 63
  Data[5]: 01111100 -> 7c
  Data[6]: 11100111 -> e7
  Data[7]: 10001001 -> 89
  Data[8]: 11100101 -> e5
  Data[9]: 11110111 -> f7
  Data[10]: 00011111 -> 1f
  Data[11]: 10001000 -> 88
  Data[12]: 00110101 -> 35
  Data[13]: 00111011 -> 3b
  Data[14]: 01000100 -> 44
  Data[15]: 10010100 -> 94
  Data[16]: 10001111 -> 8f
  Data[17]: 00011110 -> 1e
  Data[18]: 11111101 -> fd
  Data[19]: 11000000 -> c0
  Data[20]: 00100011 -> 23
  Data[21]: 00011101 -> 1d
  Data[22]: 10111010 -> ba
  Data[23]: 11101010 -> ea
  Data[24]: 11001001 -> c9

Address #286: 001011
RDWR Bit: 1
Stream Bit: 0
Exchange: 11110011

Address #287: 101011
RDWR Bit: 0
Stream Bit: 1
Stream Length: 22 (binary: 00010110)
  Data[0]: 11000000 -> c0
  Data[1]: 00110001 -> 31
  Data[2]: 00111001 -> 39
  Data[3]: 00011010 -> 1a
  Data[4]: 10011011 -> 9b
  Data[5]: 01010110 -> 56
  Data[6]: 10010100 -> 94
  Data[7]: 00101010 -> 2a
  Data[8]: 11111110 -> fe
  Data[9]: 01111100 -> 7c
  Data[10]: 11010111 -> d7
  Data[11]: 10011100 -> 9c
  Data[12]: 00101111 -> 2f
  Data[13]: 10111111 -> bf
  Data[14]: 11011000 -> d8
  Data[15]: 11101110 -> ee
  Data[16]: 10011100 -> 9c
  Data[17]: 10001011 -> 8b
  Data[18]: 01011100 -> 5c
  Data[19]: 01111011 -> 7b
  Data[20]: 10101000 -> a8
  Data[21]: 01001100 -> 4c

Address #299: 111111
RDWR Bit: 0
Stream Bit: 1
Stream Length: 5 (binary: 00000101)
  Data[0]: 00010011 -> 13
  Data[1]: 10101001 -> a9
  Data[2]: 10000011 -> 83
  Data[3]: 01111001 -> 79
  Data[4]: 01011111 -> 5f

Address #303: 001111
RDWR Bit: 1
Stream Bit: 0
Exchange: 11110000

Address #304: 001111
RDWR Bit: 1
Stream Bit: 0
Exchange: 11110001

Address #305: 001100
RDWR Bit: 1
Stream Bit: 1
Stream Length: 14 (binary: 00001110)
  Data[0]: 11110011 -> f3
  Data[1]: 11100011 -> e3
  Data[2]: 01011101 -> 5d
  Data[3]: 11110101 -> f5
  Data[4]: 10100101 -> a5
  Data[5]: 10010101 -> 95
  Data[6]: 10001100 -> 8c
  Data[7]: 10101100 -> ac
  Data[8]: 01100001 -> 61
  Data[9]: 10100001 -> a1
  Data[10]: 10101111 -> af
  Data[11]: 01100111 -> 67
  Data[12]: 11000101 -> c5
  Data[13]: 11101111 -> ef

Address #313: 110110
RDWR Bit: 1
Stream Bit: 1
Stream Length: 1 (binary: 00000001)
  Data[0]: 10010101 -> 95

Address #314: 100011
RDWR Bit: 1
Stream Bit: 1
Stream Length: 13 (binary: 00001101)
  Data[0]: 01010111 -> 57
  Data[1]: 10101110 -> ae
  Data[2]: 10000011 -> 83
  Data[3]: 11100011 -> e3
  Data[4]: 00110101 -> 35
  Data[5]: 01110001 -> 71
  Data[6]: 01011111 -> 5f
  Data[7]: 00000001 -> 01
  Data[8]: 00001010 -> 0a
  Data[9]: 10100011 -> a3
  Data[10]: 11010011 -> d3
  Data[11]: 10111010 -> ba
  Data[12]: 01111100 -> 7c

Address #322: 110100
RDWR Bit: 0
Stream Bit: 1
Stream Length: 23 (binary: 00010111)
  Data[0]: 00011110 -> 1e
  Data[1]: 01111110 -> 7e
  Data[2]: 01010010 -> 52
  Data[3]: 01100011 -> 63
  Data[4]: 11101010 -> ea
  Data[5]: 00011011 -> 1b
  Data[6]: 01010001 -> 51
  Data[7]: 00111011 -> 3b
  Data[8]: 00011100 -> 1c
  Data[9]: 01111101 -> 7d
  Data[10]: 01110110 -> 76
  Data[11]: 10110110 -> b6
  Data[12]: 11010011 -> d3
  Data[13]: 01000011 -> 43
  Data[14]: 11001100 -> cc
  Data[15]: 01110110 -> 76
  Data[16]: 11001001 -> c9
  Data[17]: 10101011 -> ab
  Data[18]: 00110000 -> 30
  Data[19]: 11011111 -> df
  Data[20]: 10011010 -> 9a
  Data[21]: 01111010 -> 7a
  Data[22]: 01001100 -> 4c

Address #334: 001011
RDWR Bit: 0
Stream Bit: 1
Stream Length: 7 (binary: 00000111)
  Data[0]: 11001110 -> ce
  Data[1]: 11010001 -> d1
  Data[2]: 01001001 -> 49
  Data[3]: 01000111 -> 47
  Data[4]: 00111101 -> 3d
  Data[5]: 00010010 -> 12
  Data[6]: 10110101 -> b5

Address #339: 000011
RDWR Bit: 1
Stream Bit: 0
Exchange: 10110111

Address #340: 101101
RDWR Bit: 0
Stream Bit: 1
Stream Length: 31 (binary: 00011111)
  Data[0]: 11010000 -> d0
  Data[1]: 10000111 -> 87
  Data[2]: 10000001 -> 81
  Data[3]: 01000000 -> 40
  Data[4]: 00010100 -> 14
  Data[5]: 10001011 -> 8b
  Data[6]: 00001000 -> 08
  Data[7]: 11101010 -> ea
  Data[8]: 10011000 -> 98
  Data[9]: 10100011 -> a3
  Data[10]: 10110100 -> b4
  Data[11]: 01101100 -> 6c
  Data[12]: 10110111 -> b7
  Data[13]: 01110100 -> 74
  Data[14]: 01110101 -> 75
  Data[15]: 01000000 -> 40
  Data[16]: 10011110 -> 9e
  Data[17]: 00011111 -> 1f
  Data[18]: 11100011 -> e3
  Data[19]: 10101110 -> ae
  Data[20]: 00100000 -> 20
  Data[21]: 00100100 -> 24
  Data[22]: 11101110 -> ee
  Data[23]: 11000000 -> c0
  Data[24]: 10111101 -> bd
  Data[25]: 10000010 -> 82
  Data[26]: 10000000 -> 80
  Data[27]: 00010001 -> 11
  Data[28]: 01001010 -> 4a
  Data[29]: 11000001 -> c1
  Data[30]: 00100000 -> 20

Address #356: 010000
RDWR Bit: 0
Stream Bit: 0
Exchange: 11010000

Address #357: 000010
RDWR Bit: 1
Stream Bit: 1
Stream Length: 20 (binary: 00010100)
  Data[0]: 10110001 -> b1
  Data[1]: 00101110 -> 2e
  Data[2]: 01111111 -> 7f
  Data[3]: 00011010 -> 1a
  Data[4]: 10110010 -> b2
  Data[5]: 10101001 -> a9
  Data[6]: 01001010 -> 4a
  Data[7]: 11110001 -> f1
  Data[8]: 01111011 -> 7b
  Data[9]: 01011101 -> 5d
  Data[10]: 01001011 -> 4b
  Data[11]: 11001010 -> ca
  Data[12]: 01000111 -> 47
  Data[13]: 10011010 -> 9a
  Data[14]: 10101110 -> ae
  Data[15]: 11111101 -> fd
  Data[16]: 00110110 -> 36
  Data[17]: 01101111 -> 6f
  Data[18]: 11111100 -> fc
  Data[19]: 00111100 -> 3c

Address #368: 010101
RDWR Bit: 1
Stream Bit: 0
Exchange: 11011100

Address #369: 011010
RDWR Bit: 1
Stream Bit: 0
Exchange: 00101000

Address #370: 100110
RDWR Bit: 0
Stream Bit: 0
Exchange: 00101001

Address #371: 010101
RDWR Bit: 0
Stream Bit: 1
Stream Length: 25 (binary: 00011001)
  Data[0]: 00011010 -> 1a
  Data[1]: 11001010 -> ca
  Data[2]: 11101101 -> ed
  Data[3]: 11110110 -> f6
  Data[4]: 00011101 -> 1d
  Data[5]: 00101110 -> 2e
  Data[6]: 11010000 -> d0
  Data[7]: 00011000 -> 18
  Data[8]: 11001101 -> cd
  Data[9]: 01111100 -> 7c
  Data[10]: 10011111 -> 9f
  Data[11]: 00011010 -> 1a
  Data[12]: 11110101 -> f5
  Data[13]: 00111110 -> 3e
  Data[14]: 00101100 -> 2c
  Data[15]: 00110111 -> 37
  Data[16]: 00101100 -> 2c
  Data[17]: 00010111 -> 17
  Data[18]: 00000110 -> 06
  Data[19]: 00011010 -> 1a
  Data[20]: 11000010 -> c2
  Data[21]: 10101101 -> ad
  Data[22]: 01001011 -> 4b
  Data[23]: 10110010 -> b2
  Data[24]: 01111100 -> 7c

Address #385: 010111
RDWR Bit: 1
Stream Bit: 0
Exchange: 10110001

Address #386: 101110
RDWR Bit: 1
Stream Bit: 1
Stream Length: 6 (binary: 00000110)
  Data[0]: 00011100 -> 1c
  Data[1]: 00001110 -> 0e
  Data[2]: 00011110 -> 1e
  Data[3]: 10111110 -> be
  Data[4]: 00111110 -> 3e
  Data[5]: 10000010 -> 82
