Read a waves file with 6 signals and 7443 samples...
Input has these signals:
	* sclk (1 bits)
	* mosi (1 bits)
	* miso (1 bits)
	* ss (1 bits)
	* cpol (1 bits)
	* cpha (1 bits)

Address #1: 001000
RDWR Bit: 0
Stream Bit: 1
Stream Length: 12 (binary: 00001100)
  Data[0]: 10011110 -> 9e
  Data[1]: 00010001 -> 11
  Data[2]: 01011101 -> 5d
  Data[3]: 11111110 -> fe
  Data[4]: 01010010 -> 52
  Data[5]: 00001001 -> 09
  Data[6]: 11010101 -> d5
  Data[7]: 00000100 -> 04
  Data[8]: 11011000 -> d8
  Data[9]: 01101110 -> 6e
  Data[10]: 01011011 -> 5b
  Data[11]: 11110001 -> f1

Address #8: 100001
RDWR Bit: 1
Stream Bit: 1
Stream Length: 1 (binary: 00000001)
  Data[0]: 10111101 -> bd

Address #9: 000010
RDWR Bit: 1
Stream Bit: 0
Exchange: 11011110

Address #10: 000100
RDWR Bit: 1
Stream Bit: 0
Exchange: 01001001

Address #11: 110100
RDWR Bit: 1
Stream Bit: 0
Exchange: 11111000

Address #12: 000001
RDWR Bit: 1
Stream Bit: 1
Stream Length: 11 (binary: 00001011)
  Data[0]: 10111000 -> b8
  Data[1]: 01001111 -> 4f
  Data[2]: 10111110 -> be
  Data[3]: 10111101 -> bd
  Data[4]: 01000110 -> 46
  Data[5]: 00011010 -> 1a
  Data[6]: 01110101 -> 75
  Data[7]: 01100001 -> 61
  Data[8]: 10001101 -> 8d
  Data[9]: 10010100 -> 94
  Data[10]: 00000110 -> 06

Address #19: 111111
RDWR Bit: 0
Stream Bit: 0
Exchange: 00100101

Address #20: 111100
RDWR Bit: 0
Stream Bit: 0
Exchange: 01010010

Address #21: 001000
RDWR Bit: 0
Stream Bit: 0
Exchange: 00110101

Address #22: 011101
RDWR Bit: 1
Stream Bit: 0
Exchange: 11000010

Address #23: 100110
RDWR Bit: 1
Stream Bit: 0
Exchange: 00111111

Address #24: 101011
RDWR Bit: 1
Stream Bit: 0
Exchange: 10001101

Address #25: 100001
RDWR Bit: 1
Stream Bit: 0
Exchange: 10011010

Address #26: 011010
RDWR Bit: 0
Stream Bit: 0
Exchange: 10001001

Address #27: 101101
RDWR Bit: 0
Stream Bit: 0
Exchange: 10111110

Address #28: 001101
RDWR Bit: 0
Stream Bit: 0
Exchange: 01000011

Address #29: 111111
RDWR Bit: 0
Stream Bit: 1
Stream Length: 20 (binary: 00010100)
  Data[0]: 00100110 -> 26
  Data[1]: 00001010 -> 0a
  Data[2]: 11101100 -> ec
  Data[3]: 10101010 -> aa
  Data[4]: 00000100 -> 04
  Data[5]: 00111001 -> 39
  Data[6]: 11110110 -> f6
  Data[7]: 11001111 -> cf
  Data[8]: 01010111 -> 57
  Data[9]: 00010010 -> 12
  Data[10]: 01100000 -> 60
  Data[11]: 01001010 -> 4a
  Data[12]: 00000110 -> 06
  Data[13]: 00001110 -> 0e
  Data[14]: 10001111 -> 8f
  Data[15]: 00101001 -> 29
  Data[16]: 01001101 -> 4d
  Data[17]: 11100101 -> e5
  Data[18]: 10011001 -> 99
  Data[19]: 11010010 -> d2

Address #40: 010011
RDWR Bit: 1
Stream Bit: 1
Stream Length: 20 (binary: 00010100)
  Data[0]: 10011010 -> 9a
  Data[1]: 10000001 -> 81
  Data[2]: 11110100 -> f4
  Data[3]: 01010000 -> 50
  Data[4]: 01011101 -> 5d
  Data[5]: 00100110 -> 26
  Data[6]: 01000101 -> 45
  Data[7]: 00111111 -> 3f
  Data[8]: 00001111 -> 0f
  Data[9]: 11110111 -> f7
  Data[10]: 01000111 -> 47
  Data[11]: 11110111 -> f7
  Data[12]: 00100101 -> 25
  Data[13]: 01011010 -> 5a
  Data[14]: 01010010 -> 52
  Data[15]: 01101100 -> 6c
  Data[16]: 10110111 -> b7
  Data[17]: 11110101 -> f5
  Data[18]: 00010010 -> 12
  Data[19]: 11010001 -> d1

Address #51: 110011
RDWR Bit: 0
Stream Bit: 0
Exchange: 10111011

Address #52: 110011
RDWR Bit: 1
Stream Bit: 0
Exchange: 01100110

Address #53: 111110
RDWR Bit: 0
Stream Bit: 0
Exchange: 10110110

Address #54: 101100
RDWR Bit: 0
Stream Bit: 0
Exchange: 01110011

Address #55: 100010
RDWR Bit: 0
Stream Bit: 0
Exchange: 00001000

Address #56: 101000
RDWR Bit: 1
Stream Bit: 0
Exchange: 10010001

Address #57: 111001
RDWR Bit: 1
Stream Bit: 0
Exchange: 10100010

Address #58: 011101
RDWR Bit: 1
Stream Bit: 1
Stream Length: 19 (binary: 00010011)
  Data[0]: 01110000 -> 70
  Data[1]: 00001011 -> 0b
  Data[2]: 01110011 -> 73
  Data[3]: 01000110 -> 46
  Data[4]: 01011000 -> 58
  Data[5]: 11001100 -> cc
  Data[6]: 00110011 -> 33
  Data[7]: 00001101 -> 0d
  Data[8]: 01000010 -> 42
  Data[9]: 01010000 -> 50
  Data[10]: 11110001 -> f1
  Data[11]: 00110010 -> 32
  Data[12]: 01101100 -> 6c
  Data[13]: 10010011 -> 93
  Data[14]: 00010100 -> 14
  Data[15]: 00110111 -> 37
  Data[16]: 00110010 -> 32
  Data[17]: 10000110 -> 86
  Data[18]: 01101001 -> 69

Address #68: 111011
RDWR Bit: 0
Stream Bit: 1
Stream Length: 25 (binary: 00011001)
  Data[0]: 01111010 -> 7a
  Data[1]: 10110001 -> b1
  Data[2]: 01101000 -> 68
  Data[3]: 10100001 -> a1
  Data[4]: 00100000 -> 20
  Data[5]: 10011100 -> 9c
  Data[6]: 11000010 -> c2
  Data[7]: 11101011 -> eb
  Data[8]: 00011011 -> 1b
  Data[9]: 11000101 -> c5
  Data[10]: 11111101 -> fd
  Data[11]: 10000111 -> 87
  Data[12]: 00001011 -> 0b
  Data[13]: 00100010 -> 22
  Data[14]: 00000111 -> 07
  Data[15]: 01100110 -> 66
  Data[16]: 00000011 -> 03
  Data[17]: 10110011 -> b3
  Data[18]: 01000010 -> 42
  Data[19]: 11111101 -> fd
  Data[20]: 10001001 -> 89
  Data[21]: 10111001 -> b9
  Data[22]: 00010110 -> 16
  Data[23]: 01101001 -> 69
  Data[24]: 11101001 -> e9

Address #82: 110001
RDWR Bit: 1
Stream Bit: 1
Stream Length: 14 (binary: 00001110)
  Data[0]: 10100111 -> a7
  Data[1]: 00010000 -> 10
  Data[2]: 10100010 -> a2
  Data[3]: 01010011 -> 53
  Data[4]: 01101111 -> 6f
  Data[5]: 10010000 -> 90
  Data[6]: 11000010 -> c2
  Data[7]: 10101110 -> ae
  Data[8]: 00101010 -> 2a
  Data[9]: 11100111 -> e7
  Data[10]: 10010011 -> 93
  Data[11]: 00000011 -> 03
  Data[12]: 10011110 -> 9e
  Data[13]: 01000100 -> 44

Address #90: 000000
RDWR Bit: 1
Stream Bit: 0
Exchange: 00001000

Address #91: 001011
RDWR Bit: 0
Stream Bit: 1
Stream Length: 2 (binary: 00000010)
  Data[0]: 00100001 -> 21
  Data[1]: 11011110 -> de

Address #93: 011111
RDWR Bit: 0
Stream Bit: 1
Stream Length: 19 (binary: 00010011)
  Data[0]: 00100110 -> 26
  Data[1]: 00001011 -> 0b
  Data[2]: 01100000 -> 60
  Data[3]: 00101101 -> 2d
  Data[4]: 10111100 -> bc
  Data[5]: 00101111 -> 2f
  Data[6]: 10010011 -> 93
  Data[7]: 11100010 -> e2
  Data[8]: 01100100 -> 64
  Data[9]: 01000001 -> 41
  Data[10]: 10100100 -> a4
  Data[11]: 10110101 -> b5
  Data[12]: 10110111 -> b7
  Data[13]: 10110011 -> b3
  Data[14]: 00000001 -> 01
  Data[15]: 11101000 -> e8
  Data[16]: 00001101 -> 0d
  Data[17]: 01000100 -> 44
  Data[18]: 11101100 -> ec

Address #103: 010110
RDWR Bit: 1
Stream Bit: 1
Stream Length: 22 (binary: 00010110)
  Data[0]: 01000011 -> 43
  Data[1]: 10111011 -> bb
  Data[2]: 00000110 -> 06
  Data[3]: 10010001 -> 91
  Data[4]: 10000101 -> 85
  Data[5]: 10010100 -> 94
  Data[6]: 11001011 -> cb
  Data[7]: 10100101 -> a5
  Data[8]: 00101010 -> 2a
  Data[9]: 00011001 -> 19
  Data[10]: 10001101 -> 8d
  Data[11]: 10100001 -> a1
  Data[12]: 01001000 -> 48
  Data[13]: 11100111 -> e7
  Data[14]: 01001100 -> 4c
  Data[15]: 01010100 -> 54
  Data[16]: 01111100 -> 7c
  Data[17]: 00010001 -> 11
  Data[18]: 00000100 -> 04
  Data[19]: 01100011 -> 63
  Data[20]: 11001111 -> cf
  Data[21]: 11101001 -> e9

Address #115: 010000
RDWR Bit: 0
Stream Bit: 0
Exchange: 11000000

Address #116: 000011
RDWR Bit: 1
Stream Bit: 0
Exchange: 10000101

Address #117: 001000
RDWR Bit: 1
Stream Bit: 1
Stream Length: 3 (binary: 00000011)
  Data[0]: 11011001 -> d9
  Data[1]: 00010011 -> 13
  Data[2]: 10001000 -> 88

Address #120: 000101
RDWR Bit: 0
Stream Bit: 0
Exchange: 01100010

Address #121: 110011
RDWR Bit: 1
Stream Bit: 0
Exchange: 10111000

Address #122: 100011
RDWR Bit: 1
Stream Bit: 0
Exchange: 00000011

Address #123: 001101
RDWR Bit: 0
Stream Bit: 0
Exchange: 10010101

Address #124: 010101
RDWR Bit: 1
Stream Bit: 0
Exchange: 10110000

Address #125: 100001
RDWR Bit: 0
Stream Bit: 1
Stream Length: 14 (binary: 00001110)
  Data[0]: 00000101 -> 05
  Data[1]: 01110100 -> 74
  Data[2]: 01001010 -> 4a
  Data[3]: 11100111 -> e7
  Data[4]: 00101011 -> 2b
  Data[5]: 11101110 -> ee
  Data[6]: 10000010 -> 82
  Data[7]: 11000010 -> c2
  Data[8]: 10100001 -> a1
  Data[9]: 01111000 -> 78
  Data[10]: 00011110 -> 1e
  Data[11]: 10101010 -> aa
  Data[12]: 11010011 -> d3
  Data[13]: 00100110 -> 26

Address #133: 001010
RDWR Bit: 1
Stream Bit: 0
Exchange: 00001010

Address #134: 000100
RDWR Bit: 1
Stream Bit: 1
Stream Length: 7 (binary: 00000111)
  Data[0]: 10110001 -> b1
  Data[1]: 00001000 -> 08
  Data[2]: 01010110 -> 56
  Data[3]: 10001110 -> 8e
  Data[4]: 10110010 -> b2
  Data[5]: 01110000 -> 70
  Data[6]: 00000111 -> 07

Address #138: 101100
RDWR Bit: 0
Stream Bit: 0
Exchange: 00010000

Address #139: 110110
RDWR Bit: 1
Stream Bit: 0
Exchange: 10110011

Address #140: 000001
RDWR Bit: 0
Stream Bit: 0
Exchange: 01010111

Address #141: 110011
RDWR Bit: 0
Stream Bit: 1
Stream Length: 28 (binary: 00011100)
  Data[0]: 10110110 -> b6
  Data[1]: 01101010 -> 6a
  Data[2]: 10111110 -> be
  Data[3]: 01011000 -> 58
  Data[4]: 01001101 -> 4d
  Data[5]: 11010101 -> d5
  Data[6]: 00101100 -> 2c
  Data[7]: 10100001 -> a1
  Data[8]: 10000000 -> 80
  Data[9]: 01011111 -> 5f
  Data[10]: 11001100 -> cc
  Data[11]: 00101100 -> 2c
  Data[12]: 10101011 -> ab
  Data[13]: 10010111 -> 97
  Data[14]: 00101001 -> 29
  Data[15]: 00111111 -> 3f
  Data[16]: 11111100 -> fc
  Data[17]: 10001110 -> 8e
  Data[18]: 01101010 -> 6a
  Data[19]: 01100011 -> 63
  Data[20]: 10001000 -> 88
  Data[21]: 01101000 -> 68
  Data[22]: 11001000 -> c8
  Data[23]: 11111101 -> fd
  Data[24]: 11010001 -> d1
  Data[25]: 10111111 -> bf
  Data[26]: 01011110 -> 5e
  Data[27]: 10110110 -> b6

Address #156: 001100
RDWR Bit: 1
Stream Bit: 1
Stream Length: 10 (binary: 00001010)
  Data[0]: 00101011 -> 2b
  Data[1]: 10100000 -> a0
  Data[2]: 01110100 -> 74
  Data[3]: 10001010 -> 8a
  Data[4]: 10011001 -> 99
  Data[5]: 00001001 -> 09
  Data[6]: 01110100 -> 74
  Data[7]: 10010011 -> 93
  Data[8]: 01001000 -> 48
  Data[9]: 01111001 -> 79

Address #162: 111110
RDWR Bit: 0
Stream Bit: 1
Stream Length: 5 (binary: 00000101)
  Data[0]: 00100101 -> 25
  Data[1]: 10000101 -> 85
  Data[2]: 00001110 -> 0e
  Data[3]: 10101001 -> a9
  Data[4]: 10100000 -> a0

Address #166: 111100
RDWR Bit: 1
Stream Bit: 1
Stream Length: 1 (binary: 00000001)
  Data[0]: 11100010 -> e2

Address #167: 111000
RDWR Bit: 1
Stream Bit: 0
Exchange: 00101000

Address #168: 111010
RDWR Bit: 1
Stream Bit: 1
Stream Length: 26 (binary: 00011010)
  Data[0]: 00011110 -> 1e
  Data[1]: 11100010 -> e2
  Data[2]: 00110111 -> 37
  Data[3]: 01010010 -> 52
  Data[4]: 11111111 -> ff
  Data[5]: 11001101 -> cd
  Data[6]: 10101001 -> a9
  Data[7]: 01101010 -> 6a
  Data[8]: 00110011 -> 33
  Data[9]: 10100100 -> a4
  Data[10]: 11111000 -> f8
  Data[11]: 11110000 -> f0
  Data[12]: 01000101 -> 45
  Data[13]: 11000111 -> c7
  Data[14]: 00110110 -> 36
  Data[15]: 11010010 -> d2
  Data[16]: 10100011 -> a3
  Data[17]: 10111000 -> b8
  Data[18]: 01001011 -> 4b
  Data[19]: 01110110 -> 76
  Data[20]: 10111010 -> ba
  Data[21]: 11110001 -> f1
  Data[22]: 01110011 -> 73
  Data[23]: 10001111 -> 8f
  Data[24]: 11011000 -> d8
  Data[25]: 00011101 -> 1d

Address #182: 110101
RDWR Bit: 0
Stream Bit: 0
Exchange: 11110010

Address #183: 110110
RDWR Bit: 1
Stream Bit: 0
Exchange: 00101110

Address #184: 001001
RDWR Bit: 1
Stream Bit: 0
Exchange: 01001000

Address #185: 111001
RDWR Bit: 0
Stream Bit: 1
Stream Length: 17 (binary: 00010001)
  Data[0]: 10110011 -> b3
  Data[1]: 11011111 -> df
  Data[2]: 01111011 -> 7b
  Data[3]: 10001110 -> 8e
  Data[4]: 00001000 -> 08
  Data[5]: 00101101 -> 2d
  Data[6]: 11101111 -> ef
  Data[7]: 10100000 -> a0
  Data[8]: 10100001 -> a1
  Data[9]: 01100111 -> 67
  Data[10]: 10111101 -> bd
  Data[11]: 01100001 -> 61
  Data[12]: 10101001 -> a9
  Data[13]: 00111001 -> 39
  Data[14]: 11001010 -> ca
  Data[15]: 00101110 -> 2e
  Data[16]: 00010111 -> 17

Address #195: 011111
RDWR Bit: 0
Stream Bit: 1
Stream Length: 24 (binary: 00011000)
  Data[0]: 11000111 -> c7
  Data[1]: 10011011 -> 9b
  Data[2]: 11011011 -> db
  Data[3]: 11000010 -> c2
  Data[4]: 01100010 -> 62
  Data[5]: 10011001 -> 99
  Data[6]: 11011000 -> d8
  Data[7]: 01001001 -> 49
  Data[8]: 11100101 -> e5
  Data[9]: 01111001 -> 79
  Data[10]: 11010000 -> d0
  Data[11]: 00111101 -> 3d
  Data[12]: 01100111 -> 67
  Data[13]: 01000111 -> 47
  Data[14]: 01101100 -> 6c
  Data[15]: 00100100 -> 24
  Data[16]: 01111010 -> 7a
  Data[17]: 11111001 -> f9
  Data[18]: 00011010 -> 1a
  Data[19]: 11010000 -> d0
  Data[20]: 11000001 -> c1
  Data[21]: 00000011 -> 03
  Data[22]: 10000000 -> 80
  Data[23]: 01000011 -> 43

Address #208: 100010
RDWR Bit: 1
Stream Bit: 0
Exchange: 10111001

Address #209: 000110
RDWR Bit: 1
Stream Bit: 0
Exchange: 01001010

Address #210: 010101
RDWR Bit: 0
Stream Bit: 0
Exchange: 11110010

Address #211: 101000
RDWR Bit: 0
Stream Bit: 0
Exchange: 10010110

Address #212: 001010
RDWR Bit: 1
Stream Bit: 0
Exchange: 01011101

Address #213: 110101
RDWR Bit: 1
Stream Bit: 1
Stream Length: 25 (binary: 00011001)
  Data[0]: 10000111 -> 87
  Data[1]: 10111000 -> b8
  Data[2]: 11010001 -> d1
  Data[3]: 11111000 -> f8
  Data[4]: 01110010 -> 72
  Data[5]: 10010100 -> 94
  Data[6]: 01001001 -> 49
  Data[7]: 11110111 -> f7
  Data[8]: 10000011 -> 83
  Data[9]: 11011010 -> da
  Data[10]: 10000001 -> 81
  Data[11]: 01010011 -> 53
  Data[12]: 01010001 -> 51
  Data[13]: 00001110 -> 0e
  Data[14]: 01000011 -> 43
  Data[15]: 11110010 -> f2
  Data[16]: 01101111 -> 6f
  Data[17]: 00101010 -> 2a
  Data[18]: 10010000 -> 90
  Data[19]: 11010010 -> d2
  Data[20]: 10001111 -> 8f
  Data[21]: 00010010 -> 12
  Data[22]: 11000000 -> c0
  Data[23]: 11000101 -> c5
  Data[24]: 10001001 -> 89

Address #226: 111001
RDWR Bit: 0
Stream Bit: 0
Exchange: 10101011
