Read a waves file with 6 signals and 8131 samples...
Input has these signals:
	* sclk (1 bits)
	* mosi (1 bits)
	* miso (1 bits)
	* ss (1 bits)
	* cpol (1 bits)
	* cpha (1 bits)

Address #1: 111011
RDWR Bit: 1
Stream Bit: 1
Stream Length: 9 (binary: 00001001)
  Data[0]: 10100011 -> a3
  Data[1]: 00011111 -> 1f
  Data[2]: 01000111 -> 47
  Data[3]: 01001000 -> 48
  Data[4]: 11101110 -> ee
  Data[5]: 10110011 -> b3
  Data[6]: 00010110 -> 16
  Data[7]: 11001110 -> ce
  Data[8]: 10000010 -> 82

Address #6: 011011
RDWR Bit: 0
Stream Bit: 1
Stream Length: 11 (binary: 00001011)
  Data[0]: 11011100 -> dc
  Data[1]: 11111111 -> ff
  Data[2]: 00001100 -> 0c
  Data[3]: 01101111 -> 6f
  Data[4]: 11100101 -> e5
  Data[5]: 11110010 -> f2
  Data[6]: 11101111 -> ef
  Data[7]: 01101001 -> 69
  Data[8]: 10101010 -> aa
  Data[9]: 10111011 -> bb
  Data[10]: 11100110 -> e6

Address #13: 000000
RDWR Bit: 0
Stream Bit: 0
Exchange: 11101001

Address #14: 110111
RDWR Bit: 0
Stream Bit: 0
Exchange: 01001100

Address #15: 000010
RDWR Bit: 0
Stream Bit: 0
Exchange: 01011000

Address #16: 100011
RDWR Bit: 0
Stream Bit: 1
Stream Length: 21 (binary: 00010101)
  Data[0]: 01011110 -> 5e
  Data[1]: 00000001 -> 01
  Data[2]: 01111001 -> 79
  Data[3]: 00110011 -> 33
  Data[4]: 11001111 -> cf
  Data[5]: 11000000 -> c0
  Data[6]: 00100111 -> 27
  Data[7]: 10101001 -> a9
  Data[8]: 00011011 -> 1b
  Data[9]: 00011101 -> 1d
  Data[10]: 10101100 -> ac
  Data[11]: 11101101 -> ed
  Data[12]: 01101000 -> 68
  Data[13]: 00110101 -> 35
  Data[14]: 10001001 -> 89
  Data[15]: 11100100 -> e4
  Data[16]: 10010001 -> 91
  Data[17]: 10110010 -> b2
  Data[18]: 01101101 -> 6d
  Data[19]: 10010010 -> 92
  Data[20]: 11101000 -> e8

Address #27: 111111
RDWR Bit: 0
Stream Bit: 0
Exchange: 01011000

Address #28: 011001
RDWR Bit: 0
Stream Bit: 1
Stream Length: 20 (binary: 00010100)
  Data[0]: 01001000 -> 48
  Data[1]: 01101001 -> 69
  Data[2]: 11110010 -> f2
  Data[3]: 00000000 -> 00
  Data[4]: 11111011 -> fb
  Data[5]: 10000101 -> 85
  Data[6]: 11100011 -> e3
  Data[7]: 10001010 -> 8a
  Data[8]: 01111100 -> 7c
  Data[9]: 10101101 -> ad
  Data[10]: 01000011 -> 43
  Data[11]: 10101111 -> af
  Data[12]: 11000001 -> c1
  Data[13]: 10101010 -> aa
  Data[14]: 11101011 -> eb
  Data[15]: 10111101 -> bd
  Data[16]: 01100110 -> 66
  Data[17]: 10011011 -> 9b
  Data[18]: 11100111 -> e7
  Data[19]: 10011001 -> 99

Address #39: 100000
RDWR Bit: 0
Stream Bit: 0
Exchange: 00010001

Address #40: 011100
RDWR Bit: 0
Stream Bit: 1
Stream Length: 4 (binary: 00000100)
  Data[0]: 01101000 -> 68
  Data[1]: 11101101 -> ed
  Data[2]: 10001001 -> 89
  Data[3]: 11011001 -> d9

Address #43: 100110
RDWR Bit: 0
Stream Bit: 0
Exchange: 11010100

Address #44: 011010
RDWR Bit: 0
Stream Bit: 1
Stream Length: 29 (binary: 00011101)
  Data[0]: 00011010 -> 1a
  Data[1]: 11011111 -> df
  Data[2]: 10101010 -> aa
  Data[3]: 01111000 -> 78
  Data[4]: 00110111 -> 37
  Data[5]: 11111101 -> fd
  Data[6]: 01110111 -> 77
  Data[7]: 10010010 -> 92
  Data[8]: 11010111 -> d7
  Data[9]: 01100011 -> 63
  Data[10]: 10000010 -> 82
  Data[11]: 11101000 -> e8
  Data[12]: 00100101 -> 25
  Data[13]: 10111001 -> b9
  Data[14]: 00001100 -> 0c
  Data[15]: 10000010 -> 82
  Data[16]: 10100001 -> a1
  Data[17]: 00000111 -> 07
  Data[18]: 10011000 -> 98
  Data[19]: 00010111 -> 17
  Data[20]: 01011000 -> 58
  Data[21]: 11011100 -> dc
  Data[22]: 10111001 -> b9
  Data[23]: 01100001 -> 61
  Data[24]: 11011011 -> db
  Data[25]: 10010010 -> 92
  Data[26]: 10101110 -> ae
  Data[27]: 01001001 -> 49
  Data[28]: 00110111 -> 37

Address #60: 101001
RDWR Bit: 0
Stream Bit: 0
Exchange: 00010101

Address #61: 000010
RDWR Bit: 0
Stream Bit: 0
Exchange: 10011111

Address #62: 101110
RDWR Bit: 1
Stream Bit: 0
Exchange: 00100011

Address #63: 100000
RDWR Bit: 0
Stream Bit: 0
Exchange: 10010110

Address #64: 001100
RDWR Bit: 1
Stream Bit: 0
Exchange: 10111110

Address #65: 110101
RDWR Bit: 0
Stream Bit: 0
Exchange: 11111010

Address #66: 100110
RDWR Bit: 0
Stream Bit: 0
Exchange: 10111010

Address #67: 101010
RDWR Bit: 0
Stream Bit: 0
Exchange: 01011011

Address #68: 100001
RDWR Bit: 0
Stream Bit: 1
Stream Length: 20 (binary: 00010100)
  Data[0]: 01000111 -> 47
  Data[1]: 00110111 -> 37
  Data[2]: 10100101 -> a5
  Data[3]: 01110111 -> 77
  Data[4]: 10001001 -> 89
  Data[5]: 00110001 -> 31
  Data[6]: 01010010 -> 52
  Data[7]: 11011000 -> d8
  Data[8]: 10111001 -> b9
  Data[9]: 00011000 -> 18
  Data[10]: 00110001 -> 31
  Data[11]: 11101011 -> eb
  Data[12]: 11011101 -> dd
  Data[13]: 00101010 -> 2a
  Data[14]: 01111110 -> 7e
  Data[15]: 11000101 -> c5
  Data[16]: 01011010 -> 5a
  Data[17]: 01010101 -> 55
  Data[18]: 11010110 -> d6
  Data[19]: 11100001 -> e1

Address #79: 000000
RDWR Bit: 1
Stream Bit: 1
Stream Length: 21 (binary: 00010101)
  Data[0]: 11111111 -> ff
  Data[1]: 00100010 -> 22
  Data[2]: 00001110 -> 0e
  Data[3]: 01100110 -> 66
  Data[4]: 01010100 -> 54
  Data[5]: 01000010 -> 42
  Data[6]: 10100000 -> a0
  Data[7]: 10111001 -> b9
  Data[8]: 00110011 -> 33
  Data[9]: 01110111 -> 77
  Data[10]: 01110000 -> 70
  Data[11]: 11111110 -> fe
  Data[12]: 11001001 -> c9
  Data[13]: 00011101 -> 1d
  Data[14]: 00001101 -> 0d
  Data[15]: 11111010 -> fa
  Data[16]: 11001100 -> cc
  Data[17]: 00000011 -> 03
  Data[18]: 00111111 -> 3f
  Data[19]: 10001100 -> 8c
  Data[20]: 00011111 -> 1f

Address #90: 000110
RDWR Bit: 0
Stream Bit: 0
Exchange: 11100000

Address #91: 010001
RDWR Bit: 1
Stream Bit: 0
Exchange: 01100111

Address #92: 111011
RDWR Bit: 1
Stream Bit: 1
Stream Length: 9 (binary: 00001001)
  Data[0]: 01000111 -> 47
  Data[1]: 01101111 -> 6f
  Data[2]: 01000111 -> 47
  Data[3]: 00110010 -> 32
  Data[4]: 01111011 -> 7b
  Data[5]: 00101000 -> 28
  Data[6]: 00000000 -> 00
  Data[7]: 11100100 -> e4
  Data[8]: 10101100 -> ac

Address #98: 101101
RDWR Bit: 0
Stream Bit: 1
Stream Length: 22 (binary: 00010110)
  Data[0]: 10100010 -> a2
  Data[1]: 11010011 -> d3
  Data[2]: 10010110 -> 96
  Data[3]: 10011011 -> 9b
  Data[4]: 01101110 -> 6e
  Data[5]: 11110110 -> f6
  Data[6]: 00100100 -> 24
  Data[7]: 00111001 -> 39
  Data[8]: 00100011 -> 23
  Data[9]: 10110001 -> b1
  Data[10]: 01001100 -> 4c
  Data[11]: 11101101 -> ed
  Data[12]: 10111101 -> bd
  Data[13]: 01001110 -> 4e
  Data[14]: 01111100 -> 7c
  Data[15]: 01000100 -> 44
  Data[16]: 11011111 -> df
  Data[17]: 10111010 -> ba
  Data[18]: 01000010 -> 42
  Data[19]: 10100100 -> a4
  Data[20]: 10011001 -> 99
  Data[21]: 10001111 -> 8f

Address #110: 000111
RDWR Bit: 1
Stream Bit: 0
Exchange: 11010011

Address #111: 011111
RDWR Bit: 1
Stream Bit: 1
Stream Length: 29 (binary: 00011101)
  Data[0]: 01110100 -> 74
  Data[1]: 00011001 -> 19
  Data[2]: 00010101 -> 15
  Data[3]: 01101101 -> 6d
  Data[4]: 10110001 -> b1
  Data[5]: 00111011 -> 3b
  Data[6]: 00011001 -> 19
  Data[7]: 10100101 -> a5
  Data[8]: 01110100 -> 74
  Data[9]: 01101110 -> 6e
  Data[10]: 11010000 -> d0
  Data[11]: 01111100 -> 7c
  Data[12]: 10010000 -> 90
  Data[13]: 10011010 -> 9a
  Data[14]: 00000011 -> 03
  Data[15]: 01001101 -> 4d
  Data[16]: 11101010 -> ea
  Data[17]: 01001001 -> 49
  Data[18]: 00000011 -> 03
  Data[19]: 00010100 -> 14
  Data[20]: 00101001 -> 29
  Data[21]: 11001100 -> cc
  Data[22]: 01100010 -> 62
  Data[23]: 10001101 -> 8d
  Data[24]: 11000101 -> c5
  Data[25]: 00001001 -> 09
  Data[26]: 11110000 -> f0
  Data[27]: 11010001 -> d1
  Data[28]: 10010011 -> 93

Address #126: 111110
RDWR Bit: 1
Stream Bit: 0
Exchange: 01110110

Address #127: 000001
RDWR Bit: 0
Stream Bit: 1
Stream Length: 24 (binary: 00011000)
  Data[0]: 11111110 -> fe
  Data[1]: 11011100 -> dc
  Data[2]: 01001000 -> 48
  Data[3]: 00000000 -> 00
  Data[4]: 10010000 -> 90
  Data[5]: 01101000 -> 68
  Data[6]: 10011110 -> 9e
  Data[7]: 00100100 -> 24
  Data[8]: 11011010 -> da
  Data[9]: 00101110 -> 2e
  Data[10]: 00100000 -> 20
  Data[11]: 11101110 -> ee
  Data[12]: 10111010 -> ba
  Data[13]: 00111011 -> 3b
  Data[14]: 11110000 -> f0
  Data[15]: 01000110 -> 46
  Data[16]: 01000111 -> 47
  Data[17]: 10000001 -> 81
  Data[18]: 01001001 -> 49
  Data[19]: 11011111 -> df
  Data[20]: 01000000 -> 40
  Data[21]: 00011101 -> 1d
  Data[22]: 11110000 -> f0
  Data[23]: 00010101 -> 15

Address #140: 011011
RDWR Bit: 1
Stream Bit: 0
Exchange: 10111010

Address #141: 010011
RDWR Bit: 0
Stream Bit: 0
Exchange: 11100111

Address #142: 101000
RDWR Bit: 1
Stream Bit: 0
Exchange: 11001101

Address #143: 110001
RDWR Bit: 1
Stream Bit: 0
Exchange: 11111101

Address #144: 101110
RDWR Bit: 0
Stream Bit: 0
Exchange: 10010100

Address #145: 100110
RDWR Bit: 0
Stream Bit: 0
Exchange: 10101011

Address #146: 111000
RDWR Bit: 0
Stream Bit: 1
Stream Length: 1 (binary: 00000001)
  Data[0]: 01100010 -> 62

Address #148: 110110
RDWR Bit: 1
Stream Bit: 1
Stream Length: 17 (binary: 00010001)
  Data[0]: 01110111 -> 77
  Data[1]: 11000110 -> c6
  Data[2]: 11111011 -> fb
  Data[3]: 10000001 -> 81
  Data[4]: 01101010 -> 6a
  Data[5]: 00011110 -> 1e
  Data[6]: 00110100 -> 34
  Data[7]: 01010100 -> 54
  Data[8]: 01100111 -> 67
  Data[9]: 11000010 -> c2
  Data[10]: 10000101 -> 85
  Data[11]: 00001010 -> 0a
  Data[12]: 00100110 -> 26
  Data[13]: 11001111 -> cf
  Data[14]: 01101000 -> 68
  Data[15]: 10100010 -> a2
  Data[16]: 00101101 -> 2d

Address #157: 011111
RDWR Bit: 0
Stream Bit: 1
Stream Length: 12 (binary: 00001100)
  Data[0]: 01010111 -> 57
  Data[1]: 00011100 -> 1c
  Data[2]: 00000001 -> 01
  Data[3]: 00010101 -> 15
  Data[4]: 10011111 -> 9f
  Data[5]: 01110000 -> 70
  Data[6]: 00010000 -> 10
  Data[7]: 01110011 -> 73
  Data[8]: 00110001 -> 31
  Data[9]: 00110100 -> 34
  Data[10]: 01110101 -> 75
  Data[11]: 11010001 -> d1

Address #164: 110100
RDWR Bit: 1
Stream Bit: 1
Stream Length: 4 (binary: 00000100)
  Data[0]: 11110111 -> f7
  Data[1]: 10011011 -> 9b
  Data[2]: 10000000 -> 80
  Data[3]: 01001011 -> 4b

Address #167: 011000
RDWR Bit: 1
Stream Bit: 1
Stream Length: 19 (binary: 00010011)
  Data[0]: 00010101 -> 15
  Data[1]: 00101111 -> 2f
  Data[2]: 11100100 -> e4
  Data[3]: 01111110 -> 7e
  Data[4]: 10101011 -> ab
  Data[5]: 10111010 -> ba
  Data[6]: 10010110 -> 96
  Data[7]: 01111101 -> 7d
  Data[8]: 10000100 -> 84
  Data[9]: 00111001 -> 39
  Data[10]: 00000000 -> 00
  Data[11]: 00000011 -> 03
  Data[12]: 00100100 -> 24
  Data[13]: 11111110 -> fe
  Data[14]: 10010110 -> 96
  Data[15]: 00100100 -> 24
  Data[16]: 10010010 -> 92
  Data[17]: 01110010 -> 72
  Data[18]: 00001010 -> 0a

Address #178: 101001
RDWR Bit: 1
Stream Bit: 1
Stream Length: 17 (binary: 00010001)
  Data[0]: 10100111 -> a7
  Data[1]: 10010001 -> 91
  Data[2]: 00010000 -> 10
  Data[3]: 10100111 -> a7
  Data[4]: 11001101 -> cd
  Data[5]: 00001000 -> 08
  Data[6]: 10000001 -> 81
  Data[7]: 11000011 -> c3
  Data[8]: 10110011 -> b3
  Data[9]: 01101110 -> 6e
  Data[10]: 10110101 -> b5
  Data[11]: 00011101 -> 1d
  Data[12]: 10001000 -> 88
  Data[13]: 10001001 -> 89
  Data[14]: 00101010 -> 2a
  Data[15]: 00101111 -> 2f
  Data[16]: 01011000 -> 58

Address #187: 000100
RDWR Bit: 1
Stream Bit: 0
Exchange: 10110010

Address #188: 000111
RDWR Bit: 0
Stream Bit: 0
Exchange: 10111100

Address #189: 101100
RDWR Bit: 0
Stream Bit: 1
Stream Length: 26 (binary: 00011010)
  Data[0]: 00000100 -> 04
  Data[1]: 10111100 -> bc
  Data[2]: 01101000 -> 68
  Data[3]: 11101101 -> ed
  Data[4]: 11001010 -> ca
  Data[5]: 01111111 -> 7f
  Data[6]: 11100111 -> e7
  Data[7]: 01011010 -> 5a
  Data[8]: 00001001 -> 09
  Data[9]: 10110011 -> b3
  Data[10]: 01000101 -> 45
  Data[11]: 00110111 -> 37
  Data[12]: 10110110 -> b6
  Data[13]: 11011101 -> dd
  Data[14]: 10001110 -> 8e
  Data[15]: 01101110 -> 6e
  Data[16]: 00110101 -> 35
  Data[17]: 01000000 -> 40
  Data[18]: 01011110 -> 5e
  Data[19]: 11000110 -> c6
  Data[20]: 01011100 -> 5c
  Data[21]: 01111110 -> 7e
  Data[22]: 00111010 -> 3a
  Data[23]: 11000011 -> c3
  Data[24]: 11001011 -> cb
  Data[25]: 11000101 -> c5

Address #203: 000011
RDWR Bit: 1
Stream Bit: 1
Stream Length: 5 (binary: 00000101)
  Data[0]: 10011011 -> 9b
  Data[1]: 11011100 -> dc
  Data[2]: 10011101 -> 9d
  Data[3]: 10010110 -> 96
  Data[4]: 00111100 -> 3c

Address #207: 000010
RDWR Bit: 0
Stream Bit: 1
Stream Length: 9 (binary: 00001001)
  Data[0]: 11010110 -> d6
  Data[1]: 11001011 -> cb
  Data[2]: 00001001 -> 09
  Data[3]: 00011001 -> 19
  Data[4]: 01100000 -> 60
  Data[5]: 01001101 -> 4d
  Data[6]: 11010111 -> d7
  Data[7]: 10001010 -> 8a
  Data[8]: 10011000 -> 98

Address #212: 100101
RDWR Bit: 1
Stream Bit: 0
Exchange: 10101000

Address #213: 101010
RDWR Bit: 1
Stream Bit: 0
Exchange: 01001001

Address #214: 110010
RDWR Bit: 0
Stream Bit: 0
Exchange: 10011110

Address #215: 001101
RDWR Bit: 1
Stream Bit: 0
Exchange: 11001110

Address #216: 111100
RDWR Bit: 1
Stream Bit: 1
Stream Length: 29 (binary: 00011101)
  Data[0]: 01010110 -> 56
  Data[1]: 01011000 -> 58
  Data[2]: 10001000 -> 88
  Data[3]: 11011101 -> dd
  Data[4]: 11101110 -> ee
  Data[5]: 00001101 -> 0d
  Data[6]: 01011100 -> 5c
  Data[7]: 10000110 -> 86
  Data[8]: 00010100 -> 14
  Data[9]: 11111110 -> fe
  Data[10]: 00010111 -> 17
  Data[11]: 10100101 -> a5
  Data[12]: 00001111 -> 0f
  Data[13]: 00011010 -> 1a
  Data[14]: 01011000 -> 58
  Data[15]: 10000110 -> 86
  Data[16]: 11010001 -> d1
  Data[17]: 00000111 -> 07
  Data[18]: 10101011 -> ab
  Data[19]: 10001011 -> 8b
  Data[20]: 11101010 -> ea
  Data[21]: 10101100 -> ac
  Data[22]: 10101101 -> ad
  Data[23]: 10110110 -> b6
  Data[24]: 10110011 -> b3
  Data[25]: 10010111 -> 97
  Data[26]: 10100111 -> a7
  Data[27]: 11100011 -> e3
  Data[28]: 00000010 -> 02

Address #232: 111101
RDWR Bit: 0
Stream Bit: 0
Exchange: 01000001

Address #233: 000101
RDWR Bit: 1
Stream Bit: 0
Exchange: 01110111

Address #234: 101101
RDWR Bit: 1
Stream Bit: 1
Stream Length: 4 (binary: 00000100)
  Data[0]: 00111110 -> 3e
  Data[1]: 10011011 -> 9b
  Data[2]: 11110101 -> f5
  Data[3]: 11100111 -> e7

Address #237: 110111
RDWR Bit: 0
Stream Bit: 0
Exchange: 01000001

Address #238: 011110
RDWR Bit: 0
Stream Bit: 0
Exchange: 00010111

Address #239: 010011
RDWR Bit: 1
Stream Bit: 1
Stream Length: 5 (binary: 00000101)
  Data[0]: 10011100 -> 9c
  Data[1]: 11111001 -> f9
  Data[2]: 01110101 -> 75
  Data[3]: 11101011 -> eb
  Data[4]: 00110100 -> 34

Address #242: 101011
RDWR Bit: 1
Stream Bit: 0
Exchange: 11011101

Address #243: 101011
RDWR Bit: 1
Stream Bit: 0
Exchange: 00100101

Address #244: 010011
RDWR Bit: 1
Stream Bit: 0
Exchange: 10011110

Address #245: 111101
RDWR Bit: 0
Stream Bit: 0
Exchange: 10000000

Address #246: 101001
RDWR Bit: 1
Stream Bit: 0
Exchange: 01010100

Address #247: 011110
RDWR Bit: 1
Stream Bit: 1
Stream Length: 1 (binary: 00000001)
  Data[0]: 10001110 -> 8e
