Read a waves file with 6 signals and 11251 samples...
Input has these signals:
	* sclk (1 bits)
	* mosi (1 bits)
	* miso (1 bits)
	* ss (1 bits)
	* cpol (1 bits)
	* cpha (1 bits)

Address #1: 111010
RDWR Bit: 1
Stream Bit: 1
Stream Length: 27 (binary: 00011011)
  Data[0]: 00011011 -> 1b
  Data[1]: 01001000 -> 48
  Data[2]: 10010001 -> 91
  Data[3]: 00110000 -> 30
  Data[4]: 10001011 -> 8b
  Data[5]: 11000101 -> c5
  Data[6]: 11010011 -> d3
  Data[7]: 11101000 -> e8
  Data[8]: 11111011 -> fb
  Data[9]: 10110000 -> b0
  Data[10]: 10110001 -> b1
  Data[11]: 01001111 -> 4f
  Data[12]: 10001111 -> 8f
  Data[13]: 11111100 -> fc
  Data[14]: 00010110 -> 16
  Data[15]: 10000111 -> 87
  Data[16]: 00100010 -> 22
  Data[17]: 00010111 -> 17
  Data[18]: 10011011 -> 9b
  Data[19]: 10000010 -> 82
  Data[20]: 10011000 -> 98
  Data[21]: 11010011 -> d3
  Data[22]: 00000100 -> 04
  Data[23]: 10011101 -> 9d
  Data[24]: 01110100 -> 74
  Data[25]: 10111110 -> be
  Data[26]: 01011100 -> 5c

Address #15: 000111
RDWR Bit: 1
Stream Bit: 1
Stream Length: 10 (binary: 00001010)
  Data[0]: 00101000 -> 28
  Data[1]: 10001010 -> 8a
  Data[2]: 10101010 -> aa
  Data[3]: 11000101 -> c5
  Data[4]: 00101110 -> 2e
  Data[5]: 01110011 -> 73
  Data[6]: 01101101 -> 6d
  Data[7]: 11011111 -> df
  Data[8]: 10010010 -> 92
  Data[9]: 10011110 -> 9e

Address #21: 110011
RDWR Bit: 0
Stream Bit: 0
Exchange: 00011100

Address #22: 100010
RDWR Bit: 1
Stream Bit: 0
Exchange: 00010110

Address #23: 101010
RDWR Bit: 0
Stream Bit: 1
Stream Length: 31 (binary: 00011111)
  Data[0]: 01010011 -> 53
  Data[1]: 10010100 -> 94
  Data[2]: 00101011 -> 2b
  Data[3]: 10011010 -> 9a
  Data[4]: 01110010 -> 72
  Data[5]: 11111100 -> fc
  Data[6]: 00110001 -> 31
  Data[7]: 10101010 -> aa
  Data[8]: 01110010 -> 72
  Data[9]: 10000100 -> 84
  Data[10]: 00000011 -> 03
  Data[11]: 10010011 -> 93
  Data[12]: 11100101 -> e5
  Data[13]: 00100111 -> 27
  Data[14]: 11000110 -> c6
  Data[15]: 10010010 -> 92
  Data[16]: 01111011 -> 7b
  Data[17]: 00111010 -> 3a
  Data[18]: 00111110 -> 3e
  Data[19]: 01111101 -> 7d
  Data[20]: 01010111 -> 57
  Data[21]: 00001011 -> 0b
  Data[22]: 00101101 -> 2d
  Data[23]: 01101110 -> 6e
  Data[24]: 00111011 -> 3b
  Data[25]: 00101000 -> 28
  Data[26]: 01010111 -> 57
  Data[27]: 01110100 -> 74
  Data[28]: 00011101 -> 1d
  Data[29]: 00110111 -> 37
  Data[30]: 11000010 -> c2

Address #40: 101010
RDWR Bit: 0
Stream Bit: 0
Exchange: 01111011

Address #41: 100011
RDWR Bit: 1
Stream Bit: 0
Exchange: 01101101

Address #42: 100011
RDWR Bit: 0
Stream Bit: 1
Stream Length: 3 (binary: 00000011)
  Data[0]: 11100001 -> e1
  Data[1]: 10101101 -> ad
  Data[2]: 11011001 -> d9

Address #44: 001100
RDWR Bit: 0
Stream Bit: 1
Stream Length: 28 (binary: 00011100)
  Data[0]: 11001010 -> ca
  Data[1]: 00010100 -> 14
  Data[2]: 00101110 -> 2e
  Data[3]: 11110000 -> f0
  Data[4]: 01001110 -> 4e
  Data[5]: 11110001 -> f1
  Data[6]: 10111000 -> b8
  Data[7]: 00100100 -> 24
  Data[8]: 11011001 -> d9
  Data[9]: 01101010 -> 6a
  Data[10]: 11000011 -> c3
  Data[11]: 00010101 -> 15
  Data[12]: 10001011 -> 8b
  Data[13]: 00101001 -> 29
  Data[14]: 01100001 -> 61
  Data[15]: 01001110 -> 4e
  Data[16]: 11011101 -> dd
  Data[17]: 00001001 -> 09
  Data[18]: 11011011 -> db
  Data[19]: 11001100 -> cc
  Data[20]: 10110011 -> b3
  Data[21]: 10100001 -> a1
  Data[22]: 01111101 -> 7d
  Data[23]: 10000110 -> 86
  Data[24]: 01111010 -> 7a
  Data[25]: 11110110 -> f6
  Data[26]: 01011010 -> 5a
  Data[27]: 11001010 -> ca

Address #59: 010000
RDWR Bit: 0
Stream Bit: 1
Stream Length: 9 (binary: 00001001)
  Data[0]: 11110010 -> f2
  Data[1]: 01001110 -> 4e
  Data[2]: 00000000 -> 00
  Data[3]: 10110101 -> b5
  Data[4]: 10111101 -> bd
  Data[5]: 10100001 -> a1
  Data[6]: 10000110 -> 86
  Data[7]: 01011000 -> 58
  Data[8]: 00111101 -> 3d

Address #65: 010010
RDWR Bit: 1
Stream Bit: 1
Stream Length: 31 (binary: 00011111)
  Data[0]: 01101010 -> 6a
  Data[1]: 00100111 -> 27
  Data[2]: 00011011 -> 1b
  Data[3]: 01100101 -> 65
  Data[4]: 01111110 -> 7e
  Data[5]: 10011100 -> 9c
  Data[6]: 10101100 -> ac
  Data[7]: 00110110 -> 36
  Data[8]: 10010110 -> 96
  Data[9]: 11010000 -> d0
  Data[10]: 00101001 -> 29
  Data[11]: 11101111 -> ef
  Data[12]: 01011110 -> 5e
  Data[13]: 11110100 -> f4
  Data[14]: 01010010 -> 52
  Data[15]: 10011101 -> 9d
  Data[16]: 10011101 -> 9d
  Data[17]: 10100011 -> a3
  Data[18]: 01001010 -> 4a
  Data[19]: 00111011 -> 3b
  Data[20]: 10100011 -> a3
  Data[21]: 11100000 -> e0
  Data[22]: 01001101 -> 4d
  Data[23]: 11100100 -> e4
  Data[24]: 00100111 -> 27
  Data[25]: 11000010 -> c2
  Data[26]: 11101100 -> ec
  Data[27]: 00101000 -> 28
  Data[28]: 00001011 -> 0b
  Data[29]: 00010101 -> 15
  Data[30]: 00111110 -> 3e

Address #81: 111100
RDWR Bit: 0
Stream Bit: 0
Exchange: 01000101

Address #82: 110110
RDWR Bit: 1
Stream Bit: 1
Stream Length: 20 (binary: 00010100)
  Data[0]: 00110011 -> 33
  Data[1]: 10001000 -> 88
  Data[2]: 01001101 -> 4d
  Data[3]: 10101001 -> a9
  Data[4]: 00111100 -> 3c
  Data[5]: 11000100 -> c4
  Data[6]: 01010110 -> 56
  Data[7]: 10111101 -> bd
  Data[8]: 11011100 -> dc
  Data[9]: 11011111 -> df
  Data[10]: 01001010 -> 4a
  Data[11]: 10101111 -> af
  Data[12]: 00110100 -> 34
  Data[13]: 10111010 -> ba
  Data[14]: 11111110 -> fe
  Data[15]: 11010010 -> d2
  Data[16]: 00011011 -> 1b
  Data[17]: 10000100 -> 84
  Data[18]: 01110111 -> 77
  Data[19]: 10001110 -> 8e

Address #93: 100100
RDWR Bit: 1
Stream Bit: 0
Exchange: 10000000

Address #94: 110110
RDWR Bit: 1
Stream Bit: 1
Stream Length: 9 (binary: 00001001)
  Data[0]: 01111011 -> 7b
  Data[1]: 10011111 -> 9f
  Data[2]: 11111000 -> f8
  Data[3]: 10100010 -> a2
  Data[4]: 10010000 -> 90
  Data[5]: 00011111 -> 1f
  Data[6]: 11110101 -> f5
  Data[7]: 01101101 -> 6d
  Data[8]: 00000101 -> 05

Address #100: 100001
RDWR Bit: 0
Stream Bit: 0
Exchange: 01000100

Address #101: 011001
RDWR Bit: 1
Stream Bit: 1
Stream Length: 4 (binary: 00000100)
  Data[0]: 11011000 -> d8
  Data[1]: 01000001 -> 41
  Data[2]: 11001101 -> cd
  Data[3]: 00011110 -> 1e

Address #104: 001100
RDWR Bit: 0
Stream Bit: 1
Stream Length: 10 (binary: 00001010)
  Data[0]: 10111001 -> b9
  Data[1]: 01101011 -> 6b
  Data[2]: 00110110 -> 36
  Data[3]: 10010101 -> 95
  Data[4]: 01101110 -> 6e
  Data[5]: 10001101 -> 8d
  Data[6]: 10101111 -> af
  Data[7]: 10001110 -> 8e
  Data[8]: 11000100 -> c4
  Data[9]: 11111000 -> f8

Address #110: 000010
RDWR Bit: 0
Stream Bit: 1
Stream Length: 29 (binary: 00011101)
  Data[0]: 00010100 -> 14
  Data[1]: 00100010 -> 22
  Data[2]: 01100010 -> 62
  Data[3]: 10111000 -> b8
  Data[4]: 00011111 -> 1f
  Data[5]: 01011111 -> 5f
  Data[6]: 11010000 -> d0
  Data[7]: 00110001 -> 31
  Data[8]: 10000010 -> 82
  Data[9]: 10010000 -> 90
  Data[10]: 11110011 -> f3
  Data[11]: 01010001 -> 51
  Data[12]: 01100000 -> 60
  Data[13]: 00100101 -> 25
  Data[14]: 01000100 -> 44
  Data[15]: 01111101 -> 7d
  Data[16]: 01110101 -> 75
  Data[17]: 11101000 -> e8
  Data[18]: 10110010 -> b2
  Data[19]: 11110110 -> f6
  Data[20]: 10000010 -> 82
  Data[21]: 00010001 -> 11
  Data[22]: 11010010 -> d2
  Data[23]: 10000100 -> 84
  Data[24]: 00101100 -> 2c
  Data[25]: 11100011 -> e3
  Data[26]: 11011110 -> de
  Data[27]: 11000001 -> c1
  Data[28]: 01101110 -> 6e

Address #125: 000000
RDWR Bit: 0
Stream Bit: 1
Stream Length: 17 (binary: 00010001)
  Data[0]: 10010000 -> 90
  Data[1]: 10111000 -> b8
  Data[2]: 10110110 -> b6
  Data[3]: 00011010 -> 1a
  Data[4]: 10001100 -> 8c
  Data[5]: 00001010 -> 0a
  Data[6]: 00100101 -> 25
  Data[7]: 11101100 -> ec
  Data[8]: 00110111 -> 37
  Data[9]: 01100101 -> 65
  Data[10]: 10001010 -> 8a
  Data[11]: 01011010 -> 5a
  Data[12]: 10001011 -> 8b
  Data[13]: 11110011 -> f3
  Data[14]: 11001010 -> ca
  Data[15]: 01001111 -> 4f
  Data[16]: 00110100 -> 34

Address #135: 011000
RDWR Bit: 0
Stream Bit: 0
Exchange: 11001001

Address #136: 000100
RDWR Bit: 0
Stream Bit: 1
Stream Length: 13 (binary: 00001101)
  Data[0]: 10010001 -> 91
  Data[1]: 11001100 -> cc
  Data[2]: 01000000 -> 40
  Data[3]: 10010111 -> 97
  Data[4]: 01010101 -> 55
  Data[5]: 10011001 -> 99
  Data[6]: 01011001 -> 59
  Data[7]: 10001100 -> 8c
  Data[8]: 11001100 -> cc
  Data[9]: 11001010 -> ca
  Data[10]: 11011111 -> df
  Data[11]: 10000110 -> 86
  Data[12]: 01011010 -> 5a

Address #143: 101111
RDWR Bit: 1
Stream Bit: 1
Stream Length: 14 (binary: 00001110)
  Data[0]: 11100110 -> e6
  Data[1]: 11101100 -> ec
  Data[2]: 01100100 -> 64
  Data[3]: 01100111 -> 67
  Data[4]: 01101110 -> 6e
  Data[5]: 01110100 -> 74
  Data[6]: 00010101 -> 15
  Data[7]: 11111010 -> fa
  Data[8]: 01001110 -> 4e
  Data[9]: 01110010 -> 72
  Data[10]: 10100111 -> a7
  Data[11]: 01010000 -> 50
  Data[12]: 10001111 -> 8f
  Data[13]: 11111000 -> f8

Address #151: 011111
RDWR Bit: 1
Stream Bit: 1
Stream Length: 12 (binary: 00001100)
  Data[0]: 01101010 -> 6a
  Data[1]: 11101010 -> ea
  Data[2]: 11001111 -> cf
  Data[3]: 00101101 -> 2d
  Data[4]: 11101111 -> ef
  Data[5]: 11101001 -> e9
  Data[6]: 10000110 -> 86
  Data[7]: 11010111 -> d7
  Data[8]: 00110000 -> 30
  Data[9]: 01110110 -> 76
  Data[10]: 01111000 -> 78
  Data[11]: 11000111 -> c7

Address #158: 000111
RDWR Bit: 0
Stream Bit: 0
Exchange: 00001001

Address #159: 010010
RDWR Bit: 1
Stream Bit: 1
Stream Length: 8 (binary: 00001000)
  Data[0]: 11101001 -> e9
  Data[1]: 00100111 -> 27
  Data[2]: 10100101 -> a5
  Data[3]: 01111110 -> 7e
  Data[4]: 11000001 -> c1
  Data[5]: 01110101 -> 75
  Data[6]: 11000001 -> c1
  Data[7]: 01110101 -> 75

Address #164: 111110
RDWR Bit: 1
Stream Bit: 1
Stream Length: 3 (binary: 00000011)
  Data[0]: 11011001 -> d9
  Data[1]: 01000010 -> 42
  Data[2]: 00000010 -> 02

Address #167: 101001
RDWR Bit: 0
Stream Bit: 1
Stream Length: 1 (binary: 00000001)
  Data[0]: 10010011 -> 93

Address #168: 011110
RDWR Bit: 1
Stream Bit: 1
Stream Length: 18 (binary: 00010010)
  Data[0]: 11010000 -> d0
  Data[1]: 10010101 -> 95
  Data[2]: 00011110 -> 1e
  Data[3]: 10100000 -> a0
  Data[4]: 11001100 -> cc
  Data[5]: 11011010 -> da
  Data[6]: 01101110 -> 6e
  Data[7]: 00011111 -> 1f
  Data[8]: 11100010 -> e2
  Data[9]: 11001001 -> c9
  Data[10]: 11100011 -> e3
  Data[11]: 01001010 -> 4a
  Data[12]: 11111111 -> ff
  Data[13]: 10100000 -> a0
  Data[14]: 00101001 -> 29
  Data[15]: 11010010 -> d2
  Data[16]: 11010110 -> d6
  Data[17]: 11110011 -> f3

Address #178: 011110
RDWR Bit: 1
Stream Bit: 1
Stream Length: 22 (binary: 00010110)
  Data[0]: 11110101 -> f5
  Data[1]: 10011001 -> 99
  Data[2]: 10100110 -> a6
  Data[3]: 00111001 -> 39
  Data[4]: 01001111 -> 4f
  Data[5]: 01111011 -> 7b
  Data[6]: 01011011 -> 5b
  Data[7]: 01100100 -> 64
  Data[8]: 11110101 -> f5
  Data[9]: 11001111 -> cf
  Data[10]: 10111001 -> b9
  Data[11]: 10111001 -> b9
  Data[12]: 00000101 -> 05
  Data[13]: 10001111 -> 8f
  Data[14]: 00000110 -> 06
  Data[15]: 01001001 -> 49
  Data[16]: 11101111 -> ef
  Data[17]: 00010000 -> 10
  Data[18]: 01110101 -> 75
  Data[19]: 10000111 -> 87
  Data[20]: 11111110 -> fe
  Data[21]: 10000010 -> 82

Address #190: 001111
RDWR Bit: 0
Stream Bit: 1
Stream Length: 16 (binary: 00010000)
  Data[0]: 01001101 -> 4d
  Data[1]: 11010100 -> d4
  Data[2]: 10111000 -> b8
  Data[3]: 01010110 -> 56
  Data[4]: 11001100 -> cc
  Data[5]: 10111101 -> bd
  Data[6]: 00000001 -> 01
  Data[7]: 10110111 -> b7
  Data[8]: 00000001 -> 01
  Data[9]: 01100111 -> 67
  Data[10]: 01010010 -> 52
  Data[11]: 10011100 -> 9c
  Data[12]: 11010001 -> d1
  Data[13]: 11010101 -> d5
  Data[14]: 01011010 -> 5a
  Data[15]: 10110101 -> b5

Address #199: 101111
RDWR Bit: 1
Stream Bit: 1
Stream Length: 5 (binary: 00000101)
  Data[0]: 11000010 -> c2
  Data[1]: 10111110 -> be
  Data[2]: 10010101 -> 95
  Data[3]: 01101101 -> 6d
  Data[4]: 01110011 -> 73

Address #203: 000010
RDWR Bit: 1
Stream Bit: 1
Stream Length: 18 (binary: 00010010)
  Data[0]: 11000111 -> c7
  Data[1]: 01111110 -> 7e
  Data[2]: 00000011 -> 03
  Data[3]: 11110010 -> f2
  Data[4]: 11000111 -> c7
  Data[5]: 10011011 -> 9b
  Data[6]: 10001110 -> 8e
  Data[7]: 11010001 -> d1
  Data[8]: 00001110 -> 0e
  Data[9]: 01000111 -> 47
  Data[10]: 01011011 -> 5b
  Data[11]: 00010110 -> 16
  Data[12]: 00001110 -> 0e
  Data[13]: 11000101 -> c5
  Data[14]: 00001010 -> 0a
  Data[15]: 00110110 -> 36
  Data[16]: 11111001 -> f9
  Data[17]: 01011100 -> 5c

Address #213: 111101
RDWR Bit: 1
Stream Bit: 0
Exchange: 11011000

Address #214: 100010
RDWR Bit: 1
Stream Bit: 0
Exchange: 01110010

Address #215: 110111
RDWR Bit: 1
Stream Bit: 0
Exchange: 00100011

Address #216: 000101
RDWR Bit: 0
Stream Bit: 0
Exchange: 11000000

Address #217: 101011
RDWR Bit: 1
Stream Bit: 1
Stream Length: 23 (binary: 00010111)
  Data[0]: 01111011 -> 7b
  Data[1]: 01001001 -> 49
  Data[2]: 01101101 -> 6d
  Data[3]: 00001100 -> 0c
  Data[4]: 11011011 -> db
  Data[5]: 11100001 -> e1
  Data[6]: 00010100 -> 14
  Data[7]: 01110011 -> 73
  Data[8]: 01110001 -> 71
  Data[9]: 00001110 -> 0e
  Data[10]: 00010001 -> 11
  Data[11]: 00011000 -> 18
  Data[12]: 00001111 -> 0f
  Data[13]: 01110010 -> 72
  Data[14]: 00011110 -> 1e
  Data[15]: 10000001 -> 81
  Data[16]: 11001001 -> c9
  Data[17]: 10101111 -> af
  Data[18]: 10100110 -> a6
  Data[19]: 11110100 -> f4
  Data[20]: 00110100 -> 34
  Data[21]: 00001000 -> 08
  Data[22]: 11011000 -> d8

Address #229: 111001
RDWR Bit: 0
Stream Bit: 0
Exchange: 01100101

Address #230: 010000
RDWR Bit: 0
Stream Bit: 0
Exchange: 00000111

Address #231: 101111
RDWR Bit: 0
Stream Bit: 1
Stream Length: 17 (binary: 00010001)
  Data[0]: 01111111 -> 7f
  Data[1]: 10111111 -> bf
  Data[2]: 10110110 -> b6
  Data[3]: 00000000 -> 00
  Data[4]: 01010110 -> 56
  Data[5]: 01011110 -> 5e
  Data[6]: 11100010 -> e2
  Data[7]: 10100101 -> a5
  Data[8]: 01101000 -> 68
  Data[9]: 10111111 -> bf
  Data[10]: 01011101 -> 5d
  Data[11]: 10011110 -> 9e
  Data[12]: 00110011 -> 33
  Data[13]: 11001100 -> cc
  Data[14]: 01101001 -> 69
  Data[15]: 00010010 -> 12
  Data[16]: 00111011 -> 3b

Address #241: 000111
RDWR Bit: 0
Stream Bit: 1
Stream Length: 16 (binary: 00010000)
  Data[0]: 01011100 -> 5c
  Data[1]: 10001110 -> 8e
  Data[2]: 00100110 -> 26
  Data[3]: 01000101 -> 45
  Data[4]: 11110000 -> f0
  Data[5]: 11001010 -> ca
  Data[6]: 11001111 -> cf
  Data[7]: 01111001 -> 79
  Data[8]: 10100101 -> a5
  Data[9]: 10110111 -> b7
  Data[10]: 10111000 -> b8
  Data[11]: 11101011 -> eb
  Data[12]: 10011010 -> 9a
  Data[13]: 10101110 -> ae
  Data[14]: 11100010 -> e2
  Data[15]: 01100110 -> 66

Address #250: 101110
RDWR Bit: 1
Stream Bit: 0
Exchange: 10101110

Address #251: 000111
RDWR Bit: 0
Stream Bit: 0
Exchange: 10010011

Address #252: 101111
RDWR Bit: 0
Stream Bit: 1
Stream Length: 1 (binary: 00000001)
  Data[0]: 11000100 -> c4

Address #253: 001011
RDWR Bit: 0
Stream Bit: 0
Exchange: 10101010

Address #254: 000001
RDWR Bit: 0
Stream Bit: 1
Stream Length: 26 (binary: 00011010)
  Data[0]: 00100010 -> 22
  Data[1]: 00000110 -> 06
  Data[2]: 00100100 -> 24
  Data[3]: 11001000 -> c8
  Data[4]: 10101100 -> ac
  Data[5]: 10110100 -> b4
  Data[6]: 01101000 -> 68
  Data[7]: 01011001 -> 59
  Data[8]: 01110111 -> 77
  Data[9]: 11000010 -> c2
  Data[10]: 11001011 -> cb
  Data[11]: 11010100 -> d4
  Data[12]: 01110000 -> 70
  Data[13]: 01111101 -> 7d
  Data[14]: 10110011 -> b3
  Data[15]: 10100010 -> a2
  Data[16]: 00010000 -> 10
  Data[17]: 01111001 -> 79
  Data[18]: 01100000 -> 60
  Data[19]: 10110111 -> b7
  Data[20]: 01010000 -> 50
  Data[21]: 11111000 -> f8
  Data[22]: 01000010 -> 42
  Data[23]: 11100111 -> e7
  Data[24]: 01111001 -> 79
  Data[25]: 00000000 -> 00

Address #268: 001110
RDWR Bit: 1
Stream Bit: 1
Stream Length: 24 (binary: 00011000)
  Data[0]: 01001001 -> 49
  Data[1]: 11000110 -> c6
  Data[2]: 00011101 -> 1d
  Data[3]: 11010110 -> d6
  Data[4]: 00100001 -> 21
  Data[5]: 00100000 -> 20
  Data[6]: 11000110 -> c6
  Data[7]: 00101001 -> 29
  Data[8]: 11101111 -> ef
  Data[9]: 01100000 -> 60
  Data[10]: 10100101 -> a5
  Data[11]: 10100111 -> a7
  Data[12]: 00010001 -> 11
  Data[13]: 11011001 -> d9
  Data[14]: 10101001 -> a9
  Data[15]: 11000110 -> c6
  Data[16]: 01001101 -> 4d
  Data[17]: 10101111 -> af
  Data[18]: 01110001 -> 71
  Data[19]: 11111000 -> f8
  Data[20]: 11001001 -> c9
  Data[21]: 10101010 -> aa
  Data[22]: 10011011 -> 9b
  Data[23]: 01000100 -> 44

Address #281: 100111
RDWR Bit: 0
Stream Bit: 1
Stream Length: 9 (binary: 00001001)
  Data[0]: 11100101 -> e5
  Data[1]: 01110110 -> 76
  Data[2]: 01101001 -> 69
  Data[3]: 11100100 -> e4
  Data[4]: 11111111 -> ff
  Data[5]: 01110110 -> 76
  Data[6]: 01110011 -> 73
  Data[7]: 00001110 -> 0e
  Data[8]: 10101101 -> ad

Address #287: 001100
RDWR Bit: 0
Stream Bit: 0
Exchange: 11011010

Address #288: 010100
RDWR Bit: 1
Stream Bit: 0
Exchange: 00000011

Address #289: 100101
RDWR Bit: 1
Stream Bit: 0
Exchange: 01100100

Address #290: 101110
RDWR Bit: 1
Stream Bit: 1
Stream Length: 18 (binary: 00010010)
  Data[0]: 11110100 -> f4
  Data[1]: 01001011 -> 4b
  Data[2]: 11100011 -> e3
  Data[3]: 00001001 -> 09
  Data[4]: 01001110 -> 4e
  Data[5]: 10011000 -> 98
  Data[6]: 10111111 -> bf
  Data[7]: 01011010 -> 5a
  Data[8]: 10110011 -> b3
  Data[9]: 10001100 -> 8c
  Data[10]: 11010010 -> d2
  Data[11]: 00010010 -> 12
  Data[12]: 00101111 -> 2f
  Data[13]: 01110001 -> 71
  Data[14]: 10010001 -> 91
  Data[15]: 10100100 -> a4
  Data[16]: 10101100 -> ac
  Data[17]: 11100011 -> e3

Address #300: 001100
RDWR Bit: 1
Stream Bit: 1
Stream Length: 28 (binary: 00011100)
  Data[0]: 11000110 -> c6
  Data[1]: 10110100 -> b4
  Data[2]: 01010100 -> 54
  Data[3]: 10000101 -> 85
  Data[4]: 01111101 -> 7d
  Data[5]: 11100100 -> e4
  Data[6]: 01101110 -> 6e
  Data[7]: 11010011 -> d3
  Data[8]: 01101011 -> 6b
  Data[9]: 11101110 -> ee
  Data[10]: 10100011 -> a3
  Data[11]: 00111110 -> 3e
  Data[12]: 00100010 -> 22
  Data[13]: 11101000 -> e8
  Data[14]: 11111100 -> fc
  Data[15]: 11110100 -> f4
  Data[16]: 00110011 -> 33
  Data[17]: 01111010 -> 7a
  Data[18]: 11010110 -> d6
  Data[19]: 11010110 -> d6
  Data[20]: 10001111 -> 8f
  Data[21]: 11111100 -> fc
  Data[22]: 00100111 -> 27
  Data[23]: 10100010 -> a2
  Data[24]: 11001000 -> c8
  Data[25]: 11011001 -> d9
  Data[26]: 11101110 -> ee
  Data[27]: 10111001 -> b9

Address #315: 111101
RDWR Bit: 0
Stream Bit: 1
Stream Length: 14 (binary: 00001110)
  Data[0]: 00110010 -> 32
  Data[1]: 01100101 -> 65
  Data[2]: 00011001 -> 19
  Data[3]: 01011010 -> 5a
  Data[4]: 11011110 -> de
  Data[5]: 10100001 -> a1
  Data[6]: 00011000 -> 18
  Data[7]: 11110110 -> f6
  Data[8]: 01011100 -> 5c
  Data[9]: 10001001 -> 89
  Data[10]: 00011001 -> 19
  Data[11]: 00000110 -> 06
  Data[12]: 10011010 -> 9a
  Data[13]: 10011011 -> 9b

Address #323: 001110
RDWR Bit: 0
Stream Bit: 0
Exchange: 01100100

Address #324: 110000
RDWR Bit: 1
Stream Bit: 0
Exchange: 00011110

Address #325: 110111
RDWR Bit: 1
Stream Bit: 0
Exchange: 10011110

Address #326: 001000
RDWR Bit: 1
Stream Bit: 1
Stream Length: 21 (binary: 00010101)
  Data[0]: 01111000 -> 78
  Data[1]: 10000100 -> 84
  Data[2]: 11101101 -> ed
  Data[3]: 11001101 -> cd
  Data[4]: 10110011 -> b3
  Data[5]: 10101000 -> a8
  Data[6]: 10111110 -> be
  Data[7]: 10100101 -> a5
  Data[8]: 00010111 -> 17
  Data[9]: 11001100 -> cc
  Data[10]: 10011011 -> 9b
  Data[11]: 01100101 -> 65
  Data[12]: 01101100 -> 6c
  Data[13]: 10001110 -> 8e
  Data[14]: 11001110 -> ce
  Data[15]: 10111110 -> be
  Data[16]: 01001011 -> 4b
  Data[17]: 00001111 -> 0f
  Data[18]: 10110010 -> b2
  Data[19]: 00101010 -> 2a
  Data[20]: 11001111 -> cf

Address #337: 011101
RDWR Bit: 0
Stream Bit: 0
Exchange: 11000110

Address #338: 001000
RDWR Bit: 0
Stream Bit: 0
Exchange: 01001001

Address #339: 010101
RDWR Bit: 1
Stream Bit: 0
Exchange: 10011000

Address #340: 101101
RDWR Bit: 1
Stream Bit: 1
Stream Length: 8 (binary: 00001000)
  Data[0]: 00111100 -> 3c
  Data[1]: 00101000 -> 28
  Data[2]: 00000110 -> 06
  Data[3]: 10111000 -> b8
  Data[4]: 00101111 -> 2f
  Data[5]: 00111000 -> 38
  Data[6]: 10010110 -> 96
  Data[7]: 00001110 -> 0e

Address #345: 111110
RDWR Bit: 0
Stream Bit: 0
Exchange: 10010000
