Read a waves file with 6 signals and 7219 samples...
Input has these signals:
	* sclk (1 bits)
	* mosi (1 bits)
	* miso (1 bits)
	* ss (1 bits)
	* cpol (1 bits)
	* cpha (1 bits)

Address #1: 110111
RDWR Bit: 1
Stream Bit: 1
Stream Length: 23 (binary: 00010111)
  Data[0]: 00011011 -> 1b
  Data[1]: 11100100 -> e4
  Data[2]: 00110111 -> 37
  Data[3]: 11010000 -> d0
  Data[4]: 00100101 -> 25
  Data[5]: 10101000 -> a8
  Data[6]: 10000010 -> 82
  Data[7]: 01010010 -> 52
  Data[8]: 00010010 -> 12
  Data[9]: 11000111 -> c7
  Data[10]: 10101010 -> aa
  Data[11]: 01000111 -> 47
  Data[12]: 01111100 -> 7c
  Data[13]: 10011100 -> 9c
  Data[14]: 11110101 -> f5
  Data[15]: 01001000 -> 48
  Data[16]: 10101100 -> ac
  Data[17]: 10000100 -> 84
  Data[18]: 00001110 -> 0e
  Data[19]: 00000011 -> 03
  Data[20]: 01110110 -> 76
  Data[21]: 00011001 -> 19
  Data[22]: 01110010 -> 72

Address #13: 000001
RDWR Bit: 0
Stream Bit: 0
Exchange: 01111100

Address #14: 011101
RDWR Bit: 1
Stream Bit: 0
Exchange: 01111001

Address #15: 010101
RDWR Bit: 0
Stream Bit: 0
Exchange: 11001111

Address #16: 101001
RDWR Bit: 0
Stream Bit: 1
Stream Length: 12 (binary: 00001100)
  Data[0]: 11011110 -> de
  Data[1]: 01101011 -> 6b
  Data[2]: 00101101 -> 2d
  Data[3]: 00001101 -> 0d
  Data[4]: 11001011 -> cb
  Data[5]: 11000110 -> c6
  Data[6]: 10001001 -> 89
  Data[7]: 01011101 -> 5d
  Data[8]: 10001001 -> 89
  Data[9]: 00101001 -> 29
  Data[10]: 01101100 -> 6c
  Data[11]: 11010101 -> d5

Address #23: 011010
RDWR Bit: 0
Stream Bit: 0
Exchange: 11010111

Address #24: 101000
RDWR Bit: 0
Stream Bit: 0
Exchange: 10000111

Address #25: 010011
RDWR Bit: 1
Stream Bit: 1
Stream Length: 11 (binary: 00001011)
  Data[0]: 01111111 -> 7f
  Data[1]: 01001011 -> 4b
  Data[2]: 11000111 -> c7
  Data[3]: 01001000 -> 48
  Data[4]: 11001001 -> c9
  Data[5]: 00111101 -> 3d
  Data[6]: 10010001 -> 91
  Data[7]: 11110000 -> f0
  Data[8]: 11111011 -> fb
  Data[9]: 00001111 -> 0f
  Data[10]: 11000011 -> c3

Address #32: 000100
RDWR Bit: 0
Stream Bit: 0
Exchange: 10010010

Address #33: 111000
RDWR Bit: 1
Stream Bit: 0
Exchange: 11011011

Address #34: 111111
RDWR Bit: 1
Stream Bit: 0
Exchange: 11100010

Address #35: 000001
RDWR Bit: 0
Stream Bit: 0
Exchange: 01100100

Address #36: 111101
RDWR Bit: 1
Stream Bit: 1
Stream Length: 23 (binary: 00010111)
  Data[0]: 10101011 -> ab
  Data[1]: 01110000 -> 70
  Data[2]: 11001001 -> c9
  Data[3]: 00110000 -> 30
  Data[4]: 01010000 -> 50
  Data[5]: 00111101 -> 3d
  Data[6]: 10100101 -> a5
  Data[7]: 10100110 -> a6
  Data[8]: 00101111 -> 2f
  Data[9]: 00010110 -> 16
  Data[10]: 11010100 -> d4
  Data[11]: 01011010 -> 5a
  Data[12]: 00001101 -> 0d
  Data[13]: 00000010 -> 02
  Data[14]: 01000001 -> 41
  Data[15]: 00100111 -> 27
  Data[16]: 11001001 -> c9
  Data[17]: 01010000 -> 50
  Data[18]: 00011001 -> 19
  Data[19]: 11000001 -> c1
  Data[20]: 01110001 -> 71
  Data[21]: 00100011 -> 23
  Data[22]: 01110110 -> 76

Address #48: 000011
RDWR Bit: 1
Stream Bit: 1
Stream Length: 16 (binary: 00010000)
  Data[0]: 10010001 -> 91
  Data[1]: 10101100 -> ac
  Data[2]: 00010110 -> 16
  Data[3]: 10100110 -> a6
  Data[4]: 00100001 -> 21
  Data[5]: 11111101 -> fd
  Data[6]: 11101010 -> ea
  Data[7]: 10101001 -> a9
  Data[8]: 10000101 -> 85
  Data[9]: 00001111 -> 0f
  Data[10]: 00110111 -> 37
  Data[11]: 00101001 -> 29
  Data[12]: 11010101 -> d5
  Data[13]: 10010000 -> 90
  Data[14]: 10110010 -> b2
  Data[15]: 01011000 -> 58

Address #57: 110101
RDWR Bit: 1
Stream Bit: 1
Stream Length: 13 (binary: 00001101)
  Data[0]: 10110100 -> b4
  Data[1]: 10011011 -> 9b
  Data[2]: 10110001 -> b1
  Data[3]: 00010001 -> 11
  Data[4]: 11101110 -> ee
  Data[5]: 01111111 -> 7f
  Data[6]: 01100101 -> 65
  Data[7]: 01110001 -> 71
  Data[8]: 00111000 -> 38
  Data[9]: 01000111 -> 47
  Data[10]: 01100101 -> 65
  Data[11]: 11001001 -> c9
  Data[12]: 01110101 -> 75

Address #65: 100110
RDWR Bit: 1
Stream Bit: 0
Exchange: 01100101

Address #66: 010011
RDWR Bit: 0
Stream Bit: 1
Stream Length: 10 (binary: 00001010)
  Data[0]: 00001110 -> 0e
  Data[1]: 11110111 -> f7
  Data[2]: 10010001 -> 91
  Data[3]: 01000110 -> 46
  Data[4]: 10111111 -> bf
  Data[5]: 11110110 -> f6
  Data[6]: 00101011 -> 2b
  Data[7]: 00001011 -> 0b
  Data[8]: 11110010 -> f2
  Data[9]: 10101000 -> a8

Address #72: 110110
RDWR Bit: 0
Stream Bit: 0
Exchange: 01000100

Address #73: 011101
RDWR Bit: 1
Stream Bit: 1
Stream Length: 23 (binary: 00010111)
  Data[0]: 10011101 -> 9d
  Data[1]: 01111010 -> 7a
  Data[2]: 11010000 -> d0
  Data[3]: 11000101 -> c5
  Data[4]: 01010001 -> 51
  Data[5]: 01001101 -> 4d
  Data[6]: 00100011 -> 23
  Data[7]: 01010100 -> 54
  Data[8]: 11010111 -> d7
  Data[9]: 10000001 -> 81
  Data[10]: 11111110 -> fe
  Data[11]: 01101001 -> 69
  Data[12]: 01001110 -> 4e
  Data[13]: 10011101 -> 9d
  Data[14]: 11101101 -> ed
  Data[15]: 00110110 -> 36
  Data[16]: 00101000 -> 28
  Data[17]: 00000110 -> 06
  Data[18]: 00100111 -> 27
  Data[19]: 11010101 -> d5
  Data[20]: 10000000 -> 80
  Data[21]: 10010101 -> 95
  Data[22]: 10100110 -> a6

Address #85: 111110
RDWR Bit: 0
Stream Bit: 0
Exchange: 11010011

Address #86: 011110
RDWR Bit: 1
Stream Bit: 0
Exchange: 11000000

Address #87: 101110
RDWR Bit: 0
Stream Bit: 0
Exchange: 00011100

Address #88: 110111
RDWR Bit: 1
Stream Bit: 0
Exchange: 00000100

Address #89: 111100
RDWR Bit: 1
Stream Bit: 1
Stream Length: 31 (binary: 00011111)
  Data[0]: 01000110 -> 46
  Data[1]: 00110101 -> 35
  Data[2]: 01101110 -> 6e
  Data[3]: 00000011 -> 03
  Data[4]: 11000010 -> c2
  Data[5]: 01111000 -> 78
  Data[6]: 11011000 -> d8
  Data[7]: 11010111 -> d7
  Data[8]: 01001111 -> 4f
  Data[9]: 00010000 -> 10
  Data[10]: 10101111 -> af
  Data[11]: 11111111 -> ff
  Data[12]: 10110010 -> b2
  Data[13]: 01111100 -> 7c
  Data[14]: 01010111 -> 57
  Data[15]: 10000100 -> 84
  Data[16]: 11001000 -> c8
  Data[17]: 11001000 -> c8
  Data[18]: 01101111 -> 6f
  Data[19]: 00101101 -> 2d
  Data[20]: 10101010 -> aa
  Data[21]: 01000100 -> 44
  Data[22]: 00000110 -> 06
  Data[23]: 10011110 -> 9e
  Data[24]: 00111010 -> 3a
  Data[25]: 11101010 -> ea
  Data[26]: 01110110 -> 76
  Data[27]: 01111011 -> 7b
  Data[28]: 10110101 -> b5
  Data[29]: 01111110 -> 7e
  Data[30]: 00110011 -> 33

Address #106: 000010
RDWR Bit: 1
Stream Bit: 0
Exchange: 10010000

Address #107: 101000
RDWR Bit: 1
Stream Bit: 0
Exchange: 10011011

Address #108: 110010
RDWR Bit: 0
Stream Bit: 1
Stream Length: 13 (binary: 00001101)
  Data[0]: 11010010 -> d2
  Data[1]: 10010001 -> 91
  Data[2]: 11111110 -> fe
  Data[3]: 01100111 -> 67
  Data[4]: 01011101 -> 5d
  Data[5]: 11111110 -> fe
  Data[6]: 10011110 -> 9e
  Data[7]: 10001001 -> 89
  Data[8]: 11100111 -> e7
  Data[9]: 10110110 -> b6
  Data[10]: 11101010 -> ea
  Data[11]: 00001001 -> 09
  Data[12]: 11001000 -> c8

Address #115: 010001
RDWR Bit: 0
Stream Bit: 0
Exchange: 00001001

Address #116: 011111
RDWR Bit: 0
Stream Bit: 1
Stream Length: 14 (binary: 00001110)
  Data[0]: 01100000 -> 60
  Data[1]: 00011001 -> 19
  Data[2]: 01101110 -> 6e
  Data[3]: 10010001 -> 91
  Data[4]: 10010011 -> 93
  Data[5]: 11000000 -> c0
  Data[6]: 00011011 -> 1b
  Data[7]: 10001100 -> 8c
  Data[8]: 11101010 -> ea
  Data[9]: 01011101 -> 5d
  Data[10]: 11110011 -> f3
  Data[11]: 01100111 -> 67
  Data[12]: 10111010 -> ba
  Data[13]: 00011010 -> 1a

Address #124: 110111
RDWR Bit: 0
Stream Bit: 0
Exchange: 11011010

Address #125: 001000
RDWR Bit: 1
Stream Bit: 0
Exchange: 10000011

Address #126: 100110
RDWR Bit: 0
Stream Bit: 1
Stream Length: 26 (binary: 00011010)
  Data[0]: 00011110 -> 1e
  Data[1]: 01000111 -> 47
  Data[2]: 10100010 -> a2
  Data[3]: 10010010 -> 92
  Data[4]: 00000100 -> 04
  Data[5]: 01000010 -> 42
  Data[6]: 10010101 -> 95
  Data[7]: 11011010 -> da
  Data[8]: 00010001 -> 11
  Data[9]: 10101110 -> ae
  Data[10]: 11010100 -> d4
  Data[11]: 11000111 -> c7
  Data[12]: 10100101 -> a5
  Data[13]: 10011110 -> 9e
  Data[14]: 11110100 -> f4
  Data[15]: 01001101 -> 4d
  Data[16]: 00011010 -> 1a
  Data[17]: 01111111 -> 7f
  Data[18]: 10000100 -> 84
  Data[19]: 10010000 -> 90
  Data[20]: 10101000 -> a8
  Data[21]: 01000111 -> 47
  Data[22]: 10110001 -> b1
  Data[23]: 11111111 -> ff
  Data[24]: 01110101 -> 75
  Data[25]: 01101110 -> 6e

Address #140: 001000
RDWR Bit: 0
Stream Bit: 1
Stream Length: 5 (binary: 00000101)
  Data[0]: 01010101 -> 55
  Data[1]: 00000000 -> 00
  Data[2]: 11111100 -> fc
  Data[3]: 00110100 -> 34
  Data[4]: 00111001 -> 39

Address #144: 001001
RDWR Bit: 0
Stream Bit: 0
Exchange: 10011010

Address #145: 100100
RDWR Bit: 1
Stream Bit: 1
Stream Length: 3 (binary: 00000011)
  Data[0]: 11100011 -> e3
  Data[1]: 11010101 -> d5
  Data[2]: 11111100 -> fc

Address #147: 110010
RDWR Bit: 0
Stream Bit: 0
Exchange: 00100011

Address #148: 011011
RDWR Bit: 1
Stream Bit: 0
Exchange: 01010100

Address #149: 101000
RDWR Bit: 0
Stream Bit: 0
Exchange: 10001011

Address #150: 100000
RDWR Bit: 0
Stream Bit: 1
Stream Length: 29 (binary: 00011101)
  Data[0]: 11110000 -> f0
  Data[1]: 01001000 -> 48
  Data[2]: 01011110 -> 5e
  Data[3]: 00100000 -> 20
  Data[4]: 11111001 -> f9
  Data[5]: 00000111 -> 07
  Data[6]: 11010111 -> d7
  Data[7]: 00110100 -> 34
  Data[8]: 00000001 -> 01
  Data[9]: 11010100 -> d4
  Data[10]: 11011010 -> da
  Data[11]: 01011011 -> 5b
  Data[12]: 00011000 -> 18
  Data[13]: 00101000 -> 28
  Data[14]: 11001011 -> cb
  Data[15]: 11101110 -> ee
  Data[16]: 11101111 -> ef
  Data[17]: 00000110 -> 06
  Data[18]: 11011010 -> da
  Data[19]: 11100101 -> e5
  Data[20]: 10011110 -> 9e
  Data[21]: 10010011 -> 93
  Data[22]: 10111001 -> b9
  Data[23]: 00100111 -> 27
  Data[24]: 00101111 -> 2f
  Data[25]: 11111100 -> fc
  Data[26]: 01000010 -> 42
  Data[27]: 10001010 -> 8a
  Data[28]: 01010001 -> 51

Address #166: 011010
RDWR Bit: 1
Stream Bit: 0
Exchange: 00110011

Address #167: 001010
RDWR Bit: 0
Stream Bit: 1
Stream Length: 30 (binary: 00011110)
  Data[0]: 00001000 -> 08
  Data[1]: 01000100 -> 44
  Data[2]: 11001011 -> cb
  Data[3]: 10011100 -> 9c
  Data[4]: 01001001 -> 49
  Data[5]: 00101110 -> 2e
  Data[6]: 01001101 -> 4d
  Data[7]: 01001011 -> 4b
  Data[8]: 00110101 -> 35
  Data[9]: 01000110 -> 46
  Data[10]: 11101111 -> ef
  Data[11]: 10111111 -> bf
  Data[12]: 11000001 -> c1
  Data[13]: 10100100 -> a4
  Data[14]: 11010001 -> d1
  Data[15]: 00010111 -> 17
  Data[16]: 11110001 -> f1
  Data[17]: 01010110 -> 56
  Data[18]: 00001010 -> 0a
  Data[19]: 10001001 -> 89
  Data[20]: 00001100 -> 0c
  Data[21]: 01001011 -> 4b
  Data[22]: 00100101 -> 25
  Data[23]: 11000111 -> c7
  Data[24]: 11111110 -> fe
  Data[25]: 01000000 -> 40
  Data[26]: 01011011 -> 5b
  Data[27]: 01000101 -> 45
  Data[28]: 01100011 -> 63
  Data[29]: 00101111 -> 2f

Address #183: 001011
RDWR Bit: 0
Stream Bit: 0
Exchange: 10101011

Address #184: 011011
RDWR Bit: 1
Stream Bit: 0
Exchange: 00111111

Address #185: 010111
RDWR Bit: 1
Stream Bit: 0
Exchange: 10100101

Address #186: 010010
RDWR Bit: 0
Stream Bit: 0
Exchange: 11001111

Address #187: 010111
RDWR Bit: 1
Stream Bit: 0
Exchange: 01001100

Address #188: 101101
RDWR Bit: 0
Stream Bit: 0
Exchange: 11101101

Address #189: 000010
RDWR Bit: 0
Stream Bit: 0
Exchange: 11000011

Address #190: 101011
RDWR Bit: 1
Stream Bit: 0
Exchange: 00101111

Address #191: 110000
RDWR Bit: 0
Stream Bit: 0
Exchange: 10000100

Address #192: 111101
RDWR Bit: 0
Stream Bit: 0
Exchange: 10001001

Address #193: 111001
RDWR Bit: 0
Stream Bit: 0
Exchange: 10100100

Address #194: 010010
RDWR Bit: 1
Stream Bit: 0
Exchange: 10111101

Address #195: 001100
RDWR Bit: 1
Stream Bit: 1
Stream Length: 9 (binary: 00001001)
  Data[0]: 10000001 -> 81
  Data[1]: 10010100 -> 94
  Data[2]: 00011111 -> 1f
  Data[3]: 00110101 -> 35
  Data[4]: 01101100 -> 6c
  Data[5]: 01010010 -> 52
  Data[6]: 10110001 -> b1
  Data[7]: 11001101 -> cd
  Data[8]: 10010011 -> 93

Address #200: 001001
RDWR Bit: 1
Stream Bit: 0
Exchange: 00110110

Address #201: 110011
RDWR Bit: 1
Stream Bit: 0
Exchange: 11001111

Address #202: 111010
RDWR Bit: 1
Stream Bit: 0
Exchange: 10010100

Address #203: 101010
RDWR Bit: 0
Stream Bit: 1
Stream Length: 15 (binary: 00001111)
  Data[0]: 10110100 -> b4
  Data[1]: 10110111 -> b7
  Data[2]: 10000011 -> 83
  Data[3]: 01000100 -> 44
  Data[4]: 11111011 -> fb
  Data[5]: 01010011 -> 53
  Data[6]: 10100101 -> a5
  Data[7]: 00010111 -> 17
  Data[8]: 11000000 -> c0
  Data[9]: 01010011 -> 53
  Data[10]: 00011110 -> 1e
  Data[11]: 01011001 -> 59
  Data[12]: 11001000 -> c8
  Data[13]: 10111111 -> bf
  Data[14]: 00100000 -> 20

Address #212: 001001
RDWR Bit: 1
Stream Bit: 1
Stream Length: 2 (binary: 00000010)
  Data[0]: 00001100 -> 0c
  Data[1]: 10101000 -> a8

Address #214: 101000
RDWR Bit: 1
Stream Bit: 1
Stream Length: 3 (binary: 00000011)
  Data[0]: 11011010 -> da
  Data[1]: 11101011 -> eb
  Data[2]: 01011100 -> 5c

Address #216: 101001
RDWR Bit: 0
Stream Bit: 0
Exchange: 10010010

Address #217: 011011
RDWR Bit: 1
Stream Bit: 0
Exchange: 10010100

Address #218: 000010
RDWR Bit: 0
Stream Bit: 0
Exchange: 00011111

Address #219: 011000
RDWR Bit: 0
Stream Bit: 0
Exchange: 10111100
