Read a waves file with 6 signals and 5987 samples...
Input has these signals:
	* sclk (1 bits)
	* mosi (1 bits)
	* miso (1 bits)
	* ss (1 bits)
	* cpol (1 bits)
	* cpha (1 bits)

Address #1: 101010
RDWR Bit: 1
Stream Bit: 1
Stream Length: 16 (binary: 00010000)
  Data[0]: 00111001 -> 39
  Data[1]: 10110001 -> b1
  Data[2]: 01100001 -> 61
  Data[3]: 01000001 -> 41
  Data[4]: 01101100 -> 6c
  Data[5]: 01111001 -> 79
  Data[6]: 11110000 -> f0
  Data[7]: 11111111 -> ff
  Data[8]: 10011010 -> 9a
  Data[9]: 10111101 -> bd
  Data[10]: 11010100 -> d4
  Data[11]: 01010111 -> 57
  Data[12]: 11101101 -> ed
  Data[13]: 01000001 -> 41
  Data[14]: 11110000 -> f0
  Data[15]: 00110100 -> 34

Address #10: 110111
RDWR Bit: 1
Stream Bit: 1
Stream Length: 11 (binary: 00001011)
  Data[0]: 11001000 -> c8
  Data[1]: 00011011 -> 1b
  Data[2]: 11111001 -> f9
  Data[3]: 01100110 -> 66
  Data[4]: 11100001 -> e1
  Data[5]: 11101010 -> ea
  Data[6]: 00010010 -> 12
  Data[7]: 10010011 -> 93
  Data[8]: 11010000 -> d0
  Data[9]: 11001000 -> c8
  Data[10]: 11110010 -> f2

Address #16: 101100
RDWR Bit: 0
Stream Bit: 0
Exchange: 10000111

Address #17: 110111
RDWR Bit: 0
Stream Bit: 0
Exchange: 10011111

Address #18: 011010
RDWR Bit: 1
Stream Bit: 0
Exchange: 01111000

Address #19: 111001
RDWR Bit: 0
Stream Bit: 0
Exchange: 01111000

Address #20: 111101
RDWR Bit: 1
Stream Bit: 0
Exchange: 11100111

Address #21: 010000
RDWR Bit: 0
Stream Bit: 0
Exchange: 01110101

Address #22: 010101
RDWR Bit: 1
Stream Bit: 0
Exchange: 00010001

Address #23: 011111
RDWR Bit: 1
Stream Bit: 0
Exchange: 00010010

Address #24: 100001
RDWR Bit: 1
Stream Bit: 0
Exchange: 01000100

Address #25: 001111
RDWR Bit: 1
Stream Bit: 0
Exchange: 10010010

Address #26: 000000
RDWR Bit: 1
Stream Bit: 0
Exchange: 11100100

Address #27: 011100
RDWR Bit: 1
Stream Bit: 0
Exchange: 01011000

Address #28: 011110
RDWR Bit: 1
Stream Bit: 0
Exchange: 00010011

Address #29: 010110
RDWR Bit: 1
Stream Bit: 0
Exchange: 11101010

Address #30: 010100
RDWR Bit: 1
Stream Bit: 0
Exchange: 01000110

Address #31: 000101
RDWR Bit: 0
Stream Bit: 0
Exchange: 01111011

Address #32: 111111
RDWR Bit: 1
Stream Bit: 0
Exchange: 10100001

Address #33: 101001
RDWR Bit: 1
Stream Bit: 0
Exchange: 00000010

Address #34: 111110
RDWR Bit: 0
Stream Bit: 0
Exchange: 10111010

Address #35: 010000
RDWR Bit: 1
Stream Bit: 1
Stream Length: 16 (binary: 00010000)
  Data[0]: 10010111 -> 97
  Data[1]: 00100011 -> 23
  Data[2]: 11101000 -> e8
  Data[3]: 01101011 -> 6b
  Data[4]: 00100010 -> 22
  Data[5]: 01100101 -> 65
  Data[6]: 10010100 -> 94
  Data[7]: 01011110 -> 5e
  Data[8]: 01110101 -> 75
  Data[9]: 01011111 -> 5f
  Data[10]: 10111110 -> be
  Data[11]: 00000100 -> 04
  Data[12]: 01000110 -> 46
  Data[13]: 10111101 -> bd
  Data[14]: 00001100 -> 0c
  Data[15]: 10100011 -> a3

Address #44: 001000
RDWR Bit: 1
Stream Bit: 0
Exchange: 11101100

Address #45: 100001
RDWR Bit: 0
Stream Bit: 0
Exchange: 01000010

Address #46: 100110
RDWR Bit: 0
Stream Bit: 0
Exchange: 10110011

Address #47: 100100
RDWR Bit: 0
Stream Bit: 1
Stream Length: 10 (binary: 00001010)
  Data[0]: 01011000 -> 58
  Data[1]: 10010010 -> 92
  Data[2]: 00111010 -> 3a
  Data[3]: 11010001 -> d1
  Data[4]: 00110000 -> 30
  Data[5]: 01001110 -> 4e
  Data[6]: 11110011 -> f3
  Data[7]: 11111000 -> f8
  Data[8]: 01001000 -> 48
  Data[9]: 11001110 -> ce

Address #53: 111101
RDWR Bit: 1
Stream Bit: 0
Exchange: 10000111

Address #54: 011000
RDWR Bit: 1
Stream Bit: 1
Stream Length: 4 (binary: 00000100)
  Data[0]: 10110110 -> b6
  Data[1]: 11010100 -> d4
  Data[2]: 11001000 -> c8
  Data[3]: 11100110 -> e6

Address #57: 000001
RDWR Bit: 1
Stream Bit: 0
Exchange: 01011110

Address #58: 111001
RDWR Bit: 1
Stream Bit: 1
Stream Length: 18 (binary: 00010010)
  Data[0]: 11111001 -> f9
  Data[1]: 10001010 -> 8a
  Data[2]: 11010110 -> d6
  Data[3]: 10011000 -> 98
  Data[4]: 10100010 -> a2
  Data[5]: 01110111 -> 77
  Data[6]: 10000001 -> 81
  Data[7]: 00111011 -> 3b
  Data[8]: 10110100 -> b4
  Data[9]: 10101001 -> a9
  Data[10]: 00000010 -> 02
  Data[11]: 11111100 -> fc
  Data[12]: 00111101 -> 3d
  Data[13]: 00110000 -> 30
  Data[14]: 10000000 -> 80
  Data[15]: 00000010 -> 02
  Data[16]: 11100111 -> e7
  Data[17]: 10011111 -> 9f

Address #68: 000100
RDWR Bit: 0
Stream Bit: 0
Exchange: 01011101

Address #69: 011000
RDWR Bit: 0
Stream Bit: 0
Exchange: 10011011

Address #70: 100000
RDWR Bit: 0
Stream Bit: 0
Exchange: 01010000

Address #71: 010101
RDWR Bit: 0
Stream Bit: 1
Stream Length: 30 (binary: 00011110)
  Data[0]: 11111101 -> fd
  Data[1]: 10110001 -> b1
  Data[2]: 00111001 -> 39
  Data[3]: 10101100 -> ac
  Data[4]: 11111010 -> fa
  Data[5]: 01011101 -> 5d
  Data[6]: 00010101 -> 15
  Data[7]: 11001001 -> c9
  Data[8]: 10001111 -> 8f
  Data[9]: 00100101 -> 25
  Data[10]: 01001001 -> 49
  Data[11]: 11110011 -> f3
  Data[12]: 11110011 -> f3
  Data[13]: 01111101 -> 7d
  Data[14]: 11111001 -> f9
  Data[15]: 01111011 -> 7b
  Data[16]: 10001101 -> 8d
  Data[17]: 11111110 -> fe
  Data[18]: 11001111 -> cf
  Data[19]: 01000011 -> 43
  Data[20]: 00011010 -> 1a
  Data[21]: 00111101 -> 3d
  Data[22]: 01111101 -> 7d
  Data[23]: 00011100 -> 1c
  Data[24]: 01010011 -> 53
  Data[25]: 00110010 -> 32
  Data[26]: 11111001 -> f9
  Data[27]: 00111110 -> 3e
  Data[28]: 00111110 -> 3e
  Data[29]: 11000011 -> c3

Address #87: 100101
RDWR Bit: 1
Stream Bit: 0
Exchange: 00000100

Address #88: 011000
RDWR Bit: 1
Stream Bit: 0
Exchange: 00100100

Address #89: 001111
RDWR Bit: 0
Stream Bit: 0
Exchange: 01110000

Address #90: 000101
RDWR Bit: 0
Stream Bit: 0
Exchange: 00001101

Address #91: 001101
RDWR Bit: 1
Stream Bit: 0
Exchange: 11000000

Address #92: 011001
RDWR Bit: 1
Stream Bit: 1
Stream Length: 30 (binary: 00011110)
  Data[0]: 00111001 -> 39
  Data[1]: 00111000 -> 38
  Data[2]: 00000011 -> 03
  Data[3]: 00100100 -> 24
  Data[4]: 00111111 -> 3f
  Data[5]: 11100010 -> e2
  Data[6]: 01001000 -> 48
  Data[7]: 10110001 -> b1
  Data[8]: 11000001 -> c1
  Data[9]: 01111010 -> 7a
  Data[10]: 11010100 -> d4
  Data[11]: 11110011 -> f3
  Data[12]: 10110010 -> b2
  Data[13]: 11101000 -> e8
  Data[14]: 00010010 -> 12
  Data[15]: 10001101 -> 8d
  Data[16]: 01111110 -> 7e
  Data[17]: 01010011 -> 53
  Data[18]: 11001010 -> ca
  Data[19]: 11111100 -> fc
  Data[20]: 10110000 -> b0
  Data[21]: 10100000 -> a0
  Data[22]: 11010111 -> d7
  Data[23]: 01001001 -> 49
  Data[24]: 00011101 -> 1d
  Data[25]: 01101101 -> 6d
  Data[26]: 01011101 -> 5d
  Data[27]: 00100111 -> 27
  Data[28]: 10010000 -> 90
  Data[29]: 01010010 -> 52

Address #108: 111010
RDWR Bit: 1
Stream Bit: 0
Exchange: 11100011

Address #109: 110000
RDWR Bit: 0
Stream Bit: 0
Exchange: 11000011

Address #110: 010010
RDWR Bit: 0
Stream Bit: 1
Stream Length: 26 (binary: 00011010)
  Data[0]: 00011111 -> 1f
  Data[1]: 00010111 -> 17
  Data[2]: 11010011 -> d3
  Data[3]: 00001011 -> 0b
  Data[4]: 01001110 -> 4e
  Data[5]: 11011001 -> d9
  Data[6]: 10011010 -> 9a
  Data[7]: 00101100 -> 2c
  Data[8]: 10010100 -> 94
  Data[9]: 10111010 -> ba
  Data[10]: 11000101 -> c5
  Data[11]: 01010100 -> 54
  Data[12]: 01100001 -> 61
  Data[13]: 11101111 -> ef
  Data[14]: 01000101 -> 45
  Data[15]: 00010100 -> 14
  Data[16]: 11010011 -> d3
  Data[17]: 00010000 -> 10
  Data[18]: 10000101 -> 85
  Data[19]: 01111000 -> 78
  Data[20]: 10010000 -> 90
  Data[21]: 01010101 -> 55
  Data[22]: 00101010 -> 2a
  Data[23]: 01101101 -> 6d
  Data[24]: 10100101 -> a5
  Data[25]: 10101000 -> a8

Address #124: 101101
RDWR Bit: 1
Stream Bit: 0
Exchange: 00111110

Address #125: 010010
RDWR Bit: 0
Stream Bit: 0
Exchange: 10110111

Address #126: 010111
RDWR Bit: 0
Stream Bit: 1
Stream Length: 21 (binary: 00010101)
  Data[0]: 01111100 -> 7c
  Data[1]: 01001011 -> 4b
  Data[2]: 10001010 -> 8a
  Data[3]: 11001010 -> ca
  Data[4]: 10000110 -> 86
  Data[5]: 00111110 -> 3e
  Data[6]: 10010110 -> 96
  Data[7]: 00010100 -> 14
  Data[8]: 01101010 -> 6a
  Data[9]: 10111000 -> b8
  Data[10]: 00011111 -> 1f
  Data[11]: 10001001 -> 89
  Data[12]: 11101010 -> ea
  Data[13]: 10010000 -> 90
  Data[14]: 10111111 -> bf
  Data[15]: 11100011 -> e3
  Data[16]: 10011000 -> 98
  Data[17]: 01011111 -> 5f
  Data[18]: 10011100 -> 9c
  Data[19]: 10110000 -> b0
  Data[20]: 00101101 -> 2d

Address #138: 110100
RDWR Bit: 0
Stream Bit: 0
Exchange: 10010101

Address #139: 000011
RDWR Bit: 1
Stream Bit: 0
Exchange: 11100110

Address #140: 010000
RDWR Bit: 0
Stream Bit: 0
Exchange: 10100110

Address #141: 000110
RDWR Bit: 0
Stream Bit: 0
Exchange: 11101001

Address #142: 100100
RDWR Bit: 0
Stream Bit: 0
Exchange: 10010000

Address #143: 110010
RDWR Bit: 0
Stream Bit: 1
Stream Length: 17 (binary: 00010001)
  Data[0]: 10000100 -> 84
  Data[1]: 01011100 -> 5c
  Data[2]: 00110001 -> 31
  Data[3]: 10011000 -> 98
  Data[4]: 11000011 -> c3
  Data[5]: 01101001 -> 69
  Data[6]: 11111110 -> fe
  Data[7]: 11111101 -> fd
  Data[8]: 01111111 -> 7f
  Data[9]: 01111111 -> 7f
  Data[10]: 10111101 -> bd
  Data[11]: 10110000 -> b0
  Data[12]: 01100010 -> 62
  Data[13]: 10111000 -> b8
  Data[14]: 11001011 -> cb
  Data[15]: 00001010 -> 0a
  Data[16]: 01000110 -> 46

Address #152: 001100
RDWR Bit: 1
Stream Bit: 0
Exchange: 00010101

Address #153: 111111
RDWR Bit: 0
Stream Bit: 1
Stream Length: 3 (binary: 00000011)
  Data[0]: 11110010 -> f2
  Data[1]: 01011101 -> 5d
  Data[2]: 01100001 -> 61

Address #156: 000101
RDWR Bit: 0
Stream Bit: 0
Exchange: 11001110

Address #157: 000000
RDWR Bit: 1
Stream Bit: 0
Exchange: 10111001

Address #158: 010100
RDWR Bit: 1
Stream Bit: 0
Exchange: 10111010

Address #159: 110000
RDWR Bit: 1
Stream Bit: 0
Exchange: 11101100

Address #160: 111110
RDWR Bit: 1
Stream Bit: 0
Exchange: 11110100

Address #161: 011001
RDWR Bit: 0
Stream Bit: 1
Stream Length: 17 (binary: 00010001)
  Data[0]: 10001101 -> 8d
  Data[1]: 10100110 -> a6
  Data[2]: 11010001 -> d1
  Data[3]: 10100001 -> a1
  Data[4]: 00000000 -> 00
  Data[5]: 01100011 -> 63
  Data[6]: 10000110 -> 86
  Data[7]: 00110001 -> 31
  Data[8]: 00101010 -> 2a
  Data[9]: 11000100 -> c4
  Data[10]: 00101010 -> 2a
  Data[11]: 10010011 -> 93
  Data[12]: 10100110 -> a6
  Data[13]: 11001101 -> cd
  Data[14]: 10111110 -> be
  Data[15]: 11101000 -> e8
  Data[16]: 00001011 -> 0b

Address #170: 101101
RDWR Bit: 1
Stream Bit: 1
Stream Length: 15 (binary: 00001111)
  Data[0]: 10111101 -> bd
  Data[1]: 10001100 -> 8c
  Data[2]: 11001011 -> cb
  Data[3]: 11100110 -> e6
  Data[4]: 10000010 -> 82
  Data[5]: 11100100 -> e4
  Data[6]: 00100010 -> 22
  Data[7]: 01101000 -> 68
  Data[8]: 11100011 -> e3
  Data[9]: 01010100 -> 54
  Data[10]: 01110001 -> 71
  Data[11]: 10011000 -> 98
  Data[12]: 11011110 -> de
  Data[13]: 00100101 -> 25
  Data[14]: 11010110 -> d6

Address #179: 011001
RDWR Bit: 1
Stream Bit: 0
Exchange: 00011010

Address #180: 001111
RDWR Bit: 0
Stream Bit: 0
Exchange: 01100011

Address #181: 010001
RDWR Bit: 0
Stream Bit: 0
Exchange: 10000101
