Read a waves file with 6 signals and 5619 samples...
Input has these signals:
	* sclk (1 bits)
	* mosi (1 bits)
	* miso (1 bits)
	* ss (1 bits)
	* cpol (1 bits)
	* cpha (1 bits)

Address #1: 000001
RDWR Bit: 1
Stream Bit: 1
Stream Length: 1 (binary: 00000001)
  Data[0]: 01001110 -> 4e

Address #2: 111010
RDWR Bit: 0
Stream Bit: 0
Exchange: 11000011

Address #3: 100010
RDWR Bit: 0
Stream Bit: 1
Stream Length: 12 (binary: 00001100)
  Data[0]: 01101010 -> 6a
  Data[1]: 00000000 -> 00
  Data[2]: 11011011 -> db
  Data[3]: 11111101 -> fd
  Data[4]: 11101110 -> ee
  Data[5]: 10100101 -> a5
  Data[6]: 11011011 -> db
  Data[7]: 00110101 -> 35
  Data[8]: 01011111 -> 5f
  Data[9]: 00111011 -> 3b
  Data[10]: 11110111 -> f7
  Data[11]: 10010111 -> 97

Address #10: 110010
RDWR Bit: 1
Stream Bit: 0
Exchange: 10010000

Address #11: 101001
RDWR Bit: 0
Stream Bit: 1
Stream Length: 2 (binary: 00000010)
  Data[0]: 00000101 -> 05
  Data[1]: 11010011 -> d3

Address #13: 101100
RDWR Bit: 0
Stream Bit: 0
Exchange: 10111100

Address #14: 010110
RDWR Bit: 1
Stream Bit: 0
Exchange: 01000100

Address #15: 000110
RDWR Bit: 1
Stream Bit: 0
Exchange: 10100101

Address #16: 001100
RDWR Bit: 1
Stream Bit: 0
Exchange: 10000101

Address #17: 000111
RDWR Bit: 0
Stream Bit: 0
Exchange: 10111100

Address #18: 101100
RDWR Bit: 1
Stream Bit: 0
Exchange: 11001100

Address #19: 101000
RDWR Bit: 1
Stream Bit: 0
Exchange: 10011010

Address #20: 111011
RDWR Bit: 1
Stream Bit: 1
Stream Length: 19 (binary: 00010011)
  Data[0]: 10110100 -> b4
  Data[1]: 00101100 -> 2c
  Data[2]: 00101101 -> 2d
  Data[3]: 01011100 -> 5c
  Data[4]: 01101000 -> 68
  Data[5]: 01110110 -> 76
  Data[6]: 01100110 -> 66
  Data[7]: 00010011 -> 13
  Data[8]: 11100100 -> e4
  Data[9]: 00011101 -> 1d
  Data[10]: 11000010 -> c2
  Data[11]: 00101000 -> 28
  Data[12]: 01110100 -> 74
  Data[13]: 11011011 -> db
  Data[14]: 10110000 -> b0
  Data[15]: 01001101 -> 4d
  Data[16]: 10001010 -> 8a
  Data[17]: 00000101 -> 05
  Data[18]: 10000011 -> 83

Address #31: 111111
RDWR Bit: 1
Stream Bit: 0
Exchange: 10001110

Address #32: 001010
RDWR Bit: 0
Stream Bit: 0
Exchange: 10110111

Address #33: 011010
RDWR Bit: 1
Stream Bit: 0
Exchange: 11110000

Address #34: 010111
RDWR Bit: 1
Stream Bit: 0
Exchange: 10100000

Address #35: 101111
RDWR Bit: 1
Stream Bit: 0
Exchange: 01001010

Address #36: 111010
RDWR Bit: 0
Stream Bit: 1
Stream Length: 27 (binary: 00011011)
  Data[0]: 11100100 -> e4
  Data[1]: 00001100 -> 0c
  Data[2]: 00011011 -> 1b
  Data[3]: 11111010 -> fa
  Data[4]: 11110011 -> f3
  Data[5]: 01100110 -> 66
  Data[6]: 11100011 -> e3
  Data[7]: 10011110 -> 9e
  Data[8]: 10000000 -> 80
  Data[9]: 00001010 -> 0a
  Data[10]: 11101111 -> ef
  Data[11]: 01001101 -> 4d
  Data[12]: 10101000 -> a8
  Data[13]: 11000011 -> c3
  Data[14]: 10000000 -> 80
  Data[15]: 01000111 -> 47
  Data[16]: 10111000 -> b8
  Data[17]: 10110110 -> b6
  Data[18]: 10000101 -> 85
  Data[19]: 00110111 -> 37
  Data[20]: 00001001 -> 09
  Data[21]: 11010011 -> d3
  Data[22]: 01101001 -> 69
  Data[23]: 00000111 -> 07
  Data[24]: 11100100 -> e4
  Data[25]: 00010111 -> 17
  Data[26]: 00100110 -> 26

Address #50: 101111
RDWR Bit: 1
Stream Bit: 0
Exchange: 01010010

Address #51: 100001
RDWR Bit: 0
Stream Bit: 0
Exchange: 10111101

Address #52: 101101
RDWR Bit: 0
Stream Bit: 0
Exchange: 11001111

Address #53: 110001
RDWR Bit: 1
Stream Bit: 0
Exchange: 10011101

Address #54: 010011
RDWR Bit: 1
Stream Bit: 0
Exchange: 11110010

Address #55: 100111
RDWR Bit: 0
Stream Bit: 0
Exchange: 01000110

Address #56: 010110
RDWR Bit: 0
Stream Bit: 1
Stream Length: 20 (binary: 00010100)
  Data[0]: 00001011 -> 0b
  Data[1]: 01101110 -> 6e
  Data[2]: 11111001 -> f9
  Data[3]: 11001011 -> cb
  Data[4]: 10100110 -> a6
  Data[5]: 00000110 -> 06
  Data[6]: 00111001 -> 39
  Data[7]: 10100001 -> a1
  Data[8]: 10100011 -> a3
  Data[9]: 10100011 -> a3
  Data[10]: 01101011 -> 6b
  Data[11]: 11010111 -> d7
  Data[12]: 11011000 -> d8
  Data[13]: 00000110 -> 06
  Data[14]: 00111100 -> 3c
  Data[15]: 10110010 -> b2
  Data[16]: 00001101 -> 0d
  Data[17]: 00111111 -> 3f
  Data[18]: 10101000 -> a8
  Data[19]: 11111000 -> f8

Address #67: 011011
RDWR Bit: 0
Stream Bit: 0
Exchange: 10011110

Address #68: 001111
RDWR Bit: 1
Stream Bit: 0
Exchange: 10111011

Address #69: 100010
RDWR Bit: 1
Stream Bit: 0
Exchange: 00110000

Address #70: 110101
RDWR Bit: 1
Stream Bit: 0
Exchange: 11001010

Address #71: 111110
RDWR Bit: 0
Stream Bit: 0
Exchange: 11011111

Address #72: 010011
RDWR Bit: 0
Stream Bit: 0
Exchange: 11010011

Address #73: 001001
RDWR Bit: 0
Stream Bit: 1
Stream Length: 21 (binary: 00010101)
  Data[0]: 10000010 -> 82
  Data[1]: 01101011 -> 6b
  Data[2]: 10111100 -> bc
  Data[3]: 00110101 -> 35
  Data[4]: 10000111 -> 87
  Data[5]: 01111001 -> 79
  Data[6]: 00111111 -> 3f
  Data[7]: 01001001 -> 49
  Data[8]: 00000001 -> 01
  Data[9]: 00011000 -> 18
  Data[10]: 01000100 -> 44
  Data[11]: 10010111 -> 97
  Data[12]: 10101000 -> a8
  Data[13]: 01111101 -> 7d
  Data[14]: 00111100 -> 3c
  Data[15]: 10001000 -> 88
  Data[16]: 01101001 -> 69
  Data[17]: 01100110 -> 66
  Data[18]: 11100110 -> e6
  Data[19]: 00100111 -> 27
  Data[20]: 00000011 -> 03

Address #85: 111000
RDWR Bit: 1
Stream Bit: 0
Exchange: 10011100

Address #86: 100001
RDWR Bit: 0
Stream Bit: 0
Exchange: 11011110

Address #87: 110010
RDWR Bit: 0
Stream Bit: 0
Exchange: 00011101

Address #88: 011011
RDWR Bit: 1
Stream Bit: 0
Exchange: 11101111

Address #89: 111110
RDWR Bit: 1
Stream Bit: 0
Exchange: 01001101

Address #90: 111010
RDWR Bit: 1
Stream Bit: 0
Exchange: 11100001

Address #91: 110010
RDWR Bit: 1
Stream Bit: 1
Stream Length: 9 (binary: 00001001)
  Data[0]: 11000100 -> c4
  Data[1]: 01110010 -> 72
  Data[2]: 10100101 -> a5
  Data[3]: 00101101 -> 2d
  Data[4]: 01011001 -> 59
  Data[5]: 01100010 -> 62
  Data[6]: 11011000 -> d8
  Data[7]: 10011100 -> 9c
  Data[8]: 11110111 -> f7

Address #96: 100111
RDWR Bit: 0
Stream Bit: 1
Stream Length: 15 (binary: 00001111)
  Data[0]: 11011111 -> df
  Data[1]: 11100100 -> e4
  Data[2]: 10110000 -> b0
  Data[3]: 01000000 -> 40
  Data[4]: 01010110 -> 56
  Data[5]: 11101001 -> e9
  Data[6]: 11101101 -> ed
  Data[7]: 10010010 -> 92
  Data[8]: 00011110 -> 1e
  Data[9]: 11011001 -> d9
  Data[10]: 01011001 -> 59
  Data[11]: 11001010 -> ca
  Data[12]: 00010100 -> 14
  Data[13]: 11100001 -> e1
  Data[14]: 10110100 -> b4

Address #105: 001001
RDWR Bit: 1
Stream Bit: 1
Stream Length: 17 (binary: 00010001)
  Data[0]: 11100110 -> e6
  Data[1]: 11000100 -> c4
  Data[2]: 10010110 -> 96
  Data[3]: 11001010 -> ca
  Data[4]: 00111110 -> 3e
  Data[5]: 11000011 -> c3
  Data[6]: 11110001 -> f1
  Data[7]: 10101001 -> a9
  Data[8]: 10000011 -> 83
  Data[9]: 01011011 -> 5b
  Data[10]: 11101000 -> e8
  Data[11]: 10110010 -> b2
  Data[12]: 10111110 -> be
  Data[13]: 01100001 -> 61
  Data[14]: 00110100 -> 34
  Data[15]: 00011001 -> 19
  Data[16]: 01101000 -> 68

Address #114: 011101
RDWR Bit: 1
Stream Bit: 0
Exchange: 11000001

Address #115: 111010
RDWR Bit: 0
Stream Bit: 0
Exchange: 01011101

Address #116: 011011
RDWR Bit: 1
Stream Bit: 0
Exchange: 10010000

Address #117: 001100
RDWR Bit: 1
Stream Bit: 0
Exchange: 10011111

Address #118: 101110
RDWR Bit: 1
Stream Bit: 0
Exchange: 10111010

Address #119: 001000
RDWR Bit: 1
Stream Bit: 0
Exchange: 10001100

Address #120: 000001
RDWR Bit: 1
Stream Bit: 0
Exchange: 00010110

Address #121: 000011
RDWR Bit: 1
Stream Bit: 0
Exchange: 10100011

Address #122: 011001
RDWR Bit: 0
Stream Bit: 1
Stream Length: 14 (binary: 00001110)
  Data[0]: 01100111 -> 67
  Data[1]: 11111111 -> ff
  Data[2]: 00110011 -> 33
  Data[3]: 01101001 -> 69
  Data[4]: 10101001 -> a9
  Data[5]: 10010110 -> 96
  Data[6]: 11101011 -> eb
  Data[7]: 10010100 -> 94
  Data[8]: 01100101 -> 65
  Data[9]: 10001001 -> 89
  Data[10]: 11100001 -> e1
  Data[11]: 10110100 -> b4
  Data[12]: 10000010 -> 82
  Data[13]: 10010100 -> 94

Address #130: 101000
RDWR Bit: 1
Stream Bit: 0
Exchange: 11000100

Address #131: 000011
RDWR Bit: 1
Stream Bit: 0
Exchange: 11000011

Address #132: 001011
RDWR Bit: 0
Stream Bit: 1
Stream Length: 24 (binary: 00011000)
  Data[0]: 00100010 -> 22
  Data[1]: 11100011 -> e3
  Data[2]: 11000001 -> c1
  Data[3]: 01000101 -> 45
  Data[4]: 10010111 -> 97
  Data[5]: 11110100 -> f4
  Data[6]: 01110111 -> 77
  Data[7]: 00110111 -> 37
  Data[8]: 01101101 -> 6d
  Data[9]: 11001100 -> cc
  Data[10]: 01000111 -> 47
  Data[11]: 00010000 -> 10
  Data[12]: 00011001 -> 19
  Data[13]: 00000111 -> 07
  Data[14]: 00001001 -> 09
  Data[15]: 00000110 -> 06
  Data[16]: 01011110 -> 5e
  Data[17]: 01011001 -> 59
  Data[18]: 10111011 -> bb
  Data[19]: 11011111 -> df
  Data[20]: 01110000 -> 70
  Data[21]: 11011101 -> dd
  Data[22]: 01100110 -> 66
  Data[23]: 01011011 -> 5b

Address #145: 001101
RDWR Bit: 0
Stream Bit: 0
Exchange: 01101111

Address #146: 010101
RDWR Bit: 1
Stream Bit: 1
Stream Length: 11 (binary: 00001011)
  Data[0]: 10110110 -> b6
  Data[1]: 00001111 -> 0f
  Data[2]: 01110101 -> 75
  Data[3]: 01000101 -> 45
  Data[4]: 00110000 -> 30
  Data[5]: 11111000 -> f8
  Data[6]: 00001010 -> 0a
  Data[7]: 11010100 -> d4
  Data[8]: 11001101 -> cd
  Data[9]: 10101010 -> aa
  Data[10]: 10111110 -> be

Address #153: 100111
RDWR Bit: 1
Stream Bit: 0
Exchange: 00001000

Address #154: 101100
RDWR Bit: 0
Stream Bit: 1
Stream Length: 11 (binary: 00001011)
  Data[0]: 00010111 -> 17
  Data[1]: 11001000 -> c8
  Data[2]: 00010001 -> 11
  Data[3]: 11101000 -> e8
  Data[4]: 01010010 -> 52
  Data[5]: 01010010 -> 52
  Data[6]: 10001001 -> 89
  Data[7]: 11110110 -> f6
  Data[8]: 11110111 -> f7
  Data[9]: 10010000 -> 90
  Data[10]: 00000001 -> 01

Address #160: 011011
RDWR Bit: 0
Stream Bit: 0
Exchange: 01101001

Address #161: 110110
RDWR Bit: 0
Stream Bit: 0
Exchange: 00110010

Address #162: 100101
RDWR Bit: 1
Stream Bit: 1
Stream Length: 8 (binary: 00001000)
  Data[0]: 10000110 -> 86
  Data[1]: 01010001 -> 51
  Data[2]: 00011111 -> 1f
  Data[3]: 01010110 -> 56
  Data[4]: 00111110 -> 3e
  Data[5]: 01001111 -> 4f
  Data[6]: 10001000 -> 88
  Data[7]: 11000001 -> c1

Address #167: 110101
RDWR Bit: 1
Stream Bit: 0
Exchange: 00110111

Address #168: 110110
RDWR Bit: 1
Stream Bit: 0
Exchange: 10001011

Address #169: 010110
RDWR Bit: 1
Stream Bit: 0
Exchange: 10111011
