Read a waves file with 6 signals and 6723 samples...
Input has these signals:
	* sclk (1 bits)
	* mosi (1 bits)
	* miso (1 bits)
	* ss (1 bits)
	* cpol (1 bits)
	* cpha (1 bits)

Address #1: 111111
RDWR Bit: 0
Stream Bit: 1
Stream Length: 25 (binary: 00011001)
  Data[0]: 11111011 -> fb
  Data[1]: 10011001 -> 99
  Data[2]: 10110110 -> b6
  Data[3]: 00101101 -> 2d
  Data[4]: 10111111 -> bf
  Data[5]: 01100101 -> 65
  Data[6]: 00100111 -> 27
  Data[7]: 10011111 -> 9f
  Data[8]: 11101011 -> eb
  Data[9]: 11111110 -> fe
  Data[10]: 10000011 -> 83
  Data[11]: 00011111 -> 1f
  Data[12]: 10011110 -> 9e
  Data[13]: 11111011 -> fb
  Data[14]: 10101110 -> ae
  Data[15]: 10100011 -> a3
  Data[16]: 11111000 -> f8
  Data[17]: 11110010 -> f2
  Data[18]: 01011100 -> 5c
  Data[19]: 00001100 -> 0c
  Data[20]: 00000100 -> 04
  Data[21]: 11100111 -> e7
  Data[22]: 10010111 -> 97
  Data[23]: 01000110 -> 46
  Data[24]: 11111101 -> fd

Address #14: 011100
RDWR Bit: 1
Stream Bit: 0
Exchange: 00010111

Address #15: 011000
RDWR Bit: 0
Stream Bit: 0
Exchange: 10101001

Address #16: 110111
RDWR Bit: 0
Stream Bit: 0
Exchange: 01011101

Address #17: 101111
RDWR Bit: 0
Stream Bit: 1
Stream Length: 25 (binary: 00011001)
  Data[0]: 01100101 -> 65
  Data[1]: 00000101 -> 05
  Data[2]: 10100111 -> a7
  Data[3]: 10011010 -> 9a
  Data[4]: 11011001 -> d9
  Data[5]: 11001011 -> cb
  Data[6]: 10101001 -> a9
  Data[7]: 11001100 -> cc
  Data[8]: 10001101 -> 8d
  Data[9]: 00000000 -> 00
  Data[10]: 11010101 -> d5
  Data[11]: 00010000 -> 10
  Data[12]: 10000001 -> 81
  Data[13]: 11011100 -> dc
  Data[14]: 00000101 -> 05
  Data[15]: 11110000 -> f0
  Data[16]: 10001011 -> 8b
  Data[17]: 01100110 -> 66
  Data[18]: 10101110 -> ae
  Data[19]: 01110110 -> 76
  Data[20]: 01010110 -> 56
  Data[21]: 11011111 -> df
  Data[22]: 11010001 -> d1
  Data[23]: 11001101 -> cd
  Data[24]: 00100000 -> 20

Address #31: 100110
RDWR Bit: 1
Stream Bit: 0
Exchange: 11001001

Address #32: 000010
RDWR Bit: 1
Stream Bit: 0
Exchange: 10111100

Address #33: 100101
RDWR Bit: 0
Stream Bit: 1
Stream Length: 21 (binary: 00010101)
  Data[0]: 11001111 -> cf
  Data[1]: 00111011 -> 3b
  Data[2]: 10110101 -> b5
  Data[3]: 00110100 -> 34
  Data[4]: 01110001 -> 71
  Data[5]: 00011101 -> 1d
  Data[6]: 00100001 -> 21
  Data[7]: 01011000 -> 58
  Data[8]: 00000000 -> 00
  Data[9]: 11000010 -> c2
  Data[10]: 11010010 -> d2
  Data[11]: 01010110 -> 56
  Data[12]: 01110100 -> 74
  Data[13]: 01000111 -> 47
  Data[14]: 11101111 -> ef
  Data[15]: 00111110 -> 3e
  Data[16]: 11101100 -> ec
  Data[17]: 00011100 -> 1c
  Data[18]: 00100001 -> 21
  Data[19]: 10011001 -> 99
  Data[20]: 01010001 -> 51

Address #44: 101110
RDWR Bit: 1
Stream Bit: 1
Stream Length: 23 (binary: 00010111)
  Data[0]: 00101111 -> 2f
  Data[1]: 10110111 -> b7
  Data[2]: 10111000 -> b8
  Data[3]: 00110111 -> 37
  Data[4]: 11101100 -> ec
  Data[5]: 10101110 -> ae
  Data[6]: 11000100 -> c4
  Data[7]: 00001101 -> 0d
  Data[8]: 11010011 -> d3
  Data[9]: 01101111 -> 6f
  Data[10]: 10101101 -> ad
  Data[11]: 01000000 -> 40
  Data[12]: 11110000 -> f0
  Data[13]: 10000100 -> 84
  Data[14]: 00100111 -> 27
  Data[15]: 11110101 -> f5
  Data[16]: 11110011 -> f3
  Data[17]: 10100000 -> a0
  Data[18]: 00110010 -> 32
  Data[19]: 11110110 -> f6
  Data[20]: 01011110 -> 5e
  Data[21]: 10000010 -> 82
  Data[22]: 10110010 -> b2

Address #57: 110111
RDWR Bit: 0
Stream Bit: 0
Exchange: 10011001

Address #58: 001001
RDWR Bit: 1
Stream Bit: 1
Stream Length: 1 (binary: 00000001)
  Data[0]: 11011111 -> df

Address #59: 111000
RDWR Bit: 0
Stream Bit: 0
Exchange: 10100100

Address #60: 111011
RDWR Bit: 0
Stream Bit: 0
Exchange: 11010010

Address #61: 110101
RDWR Bit: 0
Stream Bit: 0
Exchange: 11011000

Address #62: 110111
RDWR Bit: 0
Stream Bit: 1
Stream Length: 14 (binary: 00001110)
  Data[0]: 10001010 -> 8a
  Data[1]: 11100111 -> e7
  Data[2]: 11110000 -> f0
  Data[3]: 01110011 -> 73
  Data[4]: 01110111 -> 77
  Data[5]: 10111011 -> bb
  Data[6]: 11110001 -> f1
  Data[7]: 00001101 -> 0d
  Data[8]: 00011010 -> 1a
  Data[9]: 01101001 -> 69
  Data[10]: 01010110 -> 56
  Data[11]: 00111011 -> 3b
  Data[12]: 10010111 -> 97
  Data[13]: 10011011 -> 9b

Address #70: 101001
RDWR Bit: 1
Stream Bit: 0
Exchange: 10101010

Address #71: 101001
RDWR Bit: 0
Stream Bit: 0
Exchange: 01110011

Address #72: 110101
RDWR Bit: 0
Stream Bit: 0
Exchange: 10101110

Address #73: 110111
RDWR Bit: 1
Stream Bit: 0
Exchange: 01010001

Address #74: 100001
RDWR Bit: 0
Stream Bit: 0
Exchange: 01111111

Address #75: 100000
RDWR Bit: 0
Stream Bit: 1
Stream Length: 8 (binary: 00001000)
  Data[0]: 01100001 -> 61
  Data[1]: 01101011 -> 6b
  Data[2]: 10111000 -> b8
  Data[3]: 10001010 -> 8a
  Data[4]: 10110000 -> b0
  Data[5]: 00110001 -> 31
  Data[6]: 01000101 -> 45
  Data[7]: 01100000 -> 60

Address #80: 111111
RDWR Bit: 0
Stream Bit: 0
Exchange: 11000010

Address #81: 100100
RDWR Bit: 0
Stream Bit: 0
Exchange: 10000001

Address #82: 100000
RDWR Bit: 1
Stream Bit: 0
Exchange: 11000100

Address #83: 110000
RDWR Bit: 1
Stream Bit: 0
Exchange: 10100011

Address #84: 000011
RDWR Bit: 1
Stream Bit: 1
Stream Length: 19 (binary: 00010011)
  Data[0]: 01110111 -> 77
  Data[1]: 11111010 -> fa
  Data[2]: 00111000 -> 38
  Data[3]: 10011101 -> 9d
  Data[4]: 01000101 -> 45
  Data[5]: 01100010 -> 62
  Data[6]: 00100001 -> 21
  Data[7]: 11101111 -> ef
  Data[8]: 00001101 -> 0d
  Data[9]: 11001110 -> ce
  Data[10]: 01111100 -> 7c
  Data[11]: 10101110 -> ae
  Data[12]: 01110000 -> 70
  Data[13]: 10101000 -> a8
  Data[14]: 11110000 -> f0
  Data[15]: 01110111 -> 77
  Data[16]: 00000110 -> 06
  Data[17]: 10011010 -> 9a
  Data[18]: 01001000 -> 48

Address #95: 111011
RDWR Bit: 0
Stream Bit: 0
Exchange: 11000011

Address #96: 010111
RDWR Bit: 0
Stream Bit: 0
Exchange: 00111100

Address #97: 000101
RDWR Bit: 0
Stream Bit: 1
Stream Length: 4 (binary: 00000100)
  Data[0]: 01001101 -> 4d
  Data[1]: 10000010 -> 82
  Data[2]: 10101110 -> ae
  Data[3]: 10010101 -> 95

Address #100: 001110
RDWR Bit: 0
Stream Bit: 0
Exchange: 00111110

Address #101: 101100
RDWR Bit: 1
Stream Bit: 1
Stream Length: 9 (binary: 00001001)
  Data[0]: 00111010 -> 3a
  Data[1]: 11010001 -> d1
  Data[2]: 11010110 -> d6
  Data[3]: 11101000 -> e8
  Data[4]: 00110000 -> 30
  Data[5]: 10110101 -> b5
  Data[6]: 10110011 -> b3
  Data[7]: 10111011 -> bb
  Data[8]: 01000100 -> 44

Address #106: 110110
RDWR Bit: 1
Stream Bit: 1
Stream Length: 6 (binary: 00000110)
  Data[0]: 10100001 -> a1
  Data[1]: 00000100 -> 04
  Data[2]: 00011000 -> 18
  Data[3]: 00010101 -> 15
  Data[4]: 00100101 -> 25
  Data[5]: 10111001 -> b9

Address #110: 111110
RDWR Bit: 1
Stream Bit: 0
Exchange: 11001010

Address #111: 101000
RDWR Bit: 0
Stream Bit: 0
Exchange: 11110100

Address #112: 100001
RDWR Bit: 1
Stream Bit: 0
Exchange: 10001011

Address #113: 011000
RDWR Bit: 1
Stream Bit: 0
Exchange: 00101100

Address #114: 100001
RDWR Bit: 1
Stream Bit: 1
Stream Length: 9 (binary: 00001001)
  Data[0]: 10001111 -> 8f
  Data[1]: 00011110 -> 1e
  Data[2]: 00011001 -> 19
  Data[3]: 01011010 -> 5a
  Data[4]: 11001011 -> cb
  Data[5]: 01110100 -> 74
  Data[6]: 11111110 -> fe
  Data[7]: 01000011 -> 43
  Data[8]: 01011001 -> 59

Address #120: 111110
RDWR Bit: 0
Stream Bit: 0
Exchange: 11010110

Address #121: 101010
RDWR Bit: 0
Stream Bit: 0
Exchange: 10100111

Address #122: 000101
RDWR Bit: 1
Stream Bit: 0
Exchange: 00010110

Address #123: 010110
RDWR Bit: 0
Stream Bit: 0
Exchange: 01010110

Address #124: 011010
RDWR Bit: 0
Stream Bit: 0
Exchange: 11110011

Address #125: 010101
RDWR Bit: 0
Stream Bit: 0
Exchange: 00001011

Address #126: 111101
RDWR Bit: 1
Stream Bit: 0
Exchange: 00110001

Address #127: 011101
RDWR Bit: 1
Stream Bit: 1
Stream Length: 14 (binary: 00001110)
  Data[0]: 11100010 -> e2
  Data[1]: 00001111 -> 0f
  Data[2]: 01100011 -> 63
  Data[3]: 11010111 -> d7
  Data[4]: 11101010 -> ea
  Data[5]: 11011100 -> dc
  Data[6]: 01001101 -> 4d
  Data[7]: 11000111 -> c7
  Data[8]: 11100001 -> e1
  Data[9]: 00101111 -> 2f
  Data[10]: 10110000 -> b0
  Data[11]: 10111010 -> ba
  Data[12]: 11110110 -> f6
  Data[13]: 00001110 -> 0e

Address #135: 010111
RDWR Bit: 0
Stream Bit: 0
Exchange: 10100111

Address #136: 110001
RDWR Bit: 0
Stream Bit: 0
Exchange: 10111000

Address #137: 000111
RDWR Bit: 1
Stream Bit: 0
Exchange: 01000011

Address #138: 110110
RDWR Bit: 0
Stream Bit: 0
Exchange: 00001001

Address #139: 101001
RDWR Bit: 0
Stream Bit: 0
Exchange: 01001100

Address #140: 111110
RDWR Bit: 1
Stream Bit: 0
Exchange: 00001010

Address #141: 010011
RDWR Bit: 1
Stream Bit: 1
Stream Length: 16 (binary: 00010000)
  Data[0]: 01000111 -> 47
  Data[1]: 00101101 -> 2d
  Data[2]: 11111110 -> fe
  Data[3]: 10101110 -> ae
  Data[4]: 00010010 -> 12
  Data[5]: 11001100 -> cc
  Data[6]: 10100000 -> a0
  Data[7]: 00101011 -> 2b
  Data[8]: 11100111 -> e7
  Data[9]: 10111001 -> b9
  Data[10]: 01100001 -> 61
  Data[11]: 11100001 -> e1
  Data[12]: 00000100 -> 04
  Data[13]: 01100111 -> 67
  Data[14]: 11001001 -> c9
  Data[15]: 01110110 -> 76

Address #150: 001000
RDWR Bit: 0
Stream Bit: 0
Exchange: 01111000

Address #151: 010111
RDWR Bit: 1
Stream Bit: 1
Stream Length: 11 (binary: 00001011)
  Data[0]: 00010010 -> 12
  Data[1]: 00011011 -> 1b
  Data[2]: 01000111 -> 47
  Data[3]: 00011011 -> 1b
  Data[4]: 11101101 -> ed
  Data[5]: 01010111 -> 57
  Data[6]: 01010110 -> 56
  Data[7]: 10101011 -> ab
  Data[8]: 10111111 -> bf
  Data[9]: 10010110 -> 96
  Data[10]: 01011000 -> 58

Address #157: 010010
RDWR Bit: 1
Stream Bit: 1
Stream Length: 31 (binary: 00011111)
  Data[0]: 01111010 -> 7a
  Data[1]: 00000110 -> 06
  Data[2]: 00111100 -> 3c
  Data[3]: 10101101 -> ad
  Data[4]: 00011011 -> 1b
  Data[5]: 00010011 -> 13
  Data[6]: 01100000 -> 60
  Data[7]: 00100010 -> 22
  Data[8]: 10100101 -> a5
  Data[9]: 11100101 -> e5
  Data[10]: 10101010 -> aa
  Data[11]: 11010110 -> d6
  Data[12]: 00001010 -> 0a
  Data[13]: 10111010 -> ba
  Data[14]: 10110001 -> b1
  Data[15]: 00110100 -> 34
  Data[16]: 10101111 -> af
  Data[17]: 11000001 -> c1
  Data[18]: 10110111 -> b7
  Data[19]: 00011011 -> 1b
  Data[20]: 01000111 -> 47
  Data[21]: 01101100 -> 6c
  Data[22]: 10011110 -> 9e
  Data[23]: 01110011 -> 73
  Data[24]: 01110101 -> 75
  Data[25]: 00111100 -> 3c
  Data[26]: 00110111 -> 37
  Data[27]: 01101111 -> 6f
  Data[28]: 11101011 -> eb
  Data[29]: 01000011 -> 43
  Data[30]: 10000111 -> 87

Address #174: 000001
RDWR Bit: 1
Stream Bit: 0
Exchange: 01001000

Address #175: 101101
RDWR Bit: 1
Stream Bit: 1
Stream Length: 7 (binary: 00000111)
  Data[0]: 10000111 -> 87
  Data[1]: 00110101 -> 35
  Data[2]: 01110010 -> 72
  Data[3]: 10011011 -> 9b
  Data[4]: 11100110 -> e6
  Data[5]: 10011011 -> 9b
  Data[6]: 10101111 -> af

Address #179: 010100
RDWR Bit: 0
Stream Bit: 1
Stream Length: 18 (binary: 00010010)
  Data[0]: 00110011 -> 33
  Data[1]: 11101100 -> ec
  Data[2]: 01011011 -> 5b
  Data[3]: 10000101 -> 85
  Data[4]: 00100000 -> 20
  Data[5]: 01011010 -> 5a
  Data[6]: 01011100 -> 5c
  Data[7]: 11001101 -> cd
  Data[8]: 00010011 -> 13
  Data[9]: 01010011 -> 53
  Data[10]: 01011100 -> 5c
  Data[11]: 11100000 -> e0
  Data[12]: 01011100 -> 5c
  Data[13]: 11001110 -> ce
  Data[14]: 01001001 -> 49
  Data[15]: 01000000 -> 40
  Data[16]: 00001101 -> 0d
  Data[17]: 11110001 -> f1

Address #189: 000100
RDWR Bit: 0
Stream Bit: 1
Stream Length: 14 (binary: 00001110)
  Data[0]: 10101000 -> a8
  Data[1]: 11011000 -> d8
  Data[2]: 00100001 -> 21
  Data[3]: 00000100 -> 04
  Data[4]: 11010101 -> d5
  Data[5]: 01001011 -> 4b
  Data[6]: 10000111 -> 87
  Data[7]: 10011010 -> 9a
  Data[8]: 10011110 -> 9e
  Data[9]: 00111001 -> 39
  Data[10]: 10011101 -> 9d
  Data[11]: 10111011 -> bb
  Data[12]: 00100110 -> 26
  Data[13]: 10110110 -> b6

Address #197: 110010
RDWR Bit: 0
Stream Bit: 1
Stream Length: 5 (binary: 00000101)
  Data[0]: 01010011 -> 53
  Data[1]: 00110011 -> 33
  Data[2]: 11111000 -> f8
  Data[3]: 01010001 -> 51
  Data[4]: 00110001 -> 31

Address #201: 111101
RDWR Bit: 0
Stream Bit: 0
Exchange: 01100011

Address #202: 000101
RDWR Bit: 0
Stream Bit: 0
Exchange: 01000011

Address #203: 011111
RDWR Bit: 1
Stream Bit: 0
Exchange: 01111010

Address #204: 010110
RDWR Bit: 1
Stream Bit: 0
Exchange: 10010011
