Read a waves file with 6 signals and 9123 samples...
Input has these signals:
	* sclk (1 bits)
	* mosi (1 bits)
	* miso (1 bits)
	* ss (1 bits)
	* cpol (1 bits)
	* cpha (1 bits)

Address #1: 011010
RDWR Bit: 0
Stream Bit: 1
Stream Length: 11 (binary: 00001011)
  Data[0]: 01001000 -> 48
  Data[1]: 10011100 -> 9c
  Data[2]: 11010000 -> d0
  Data[3]: 11000111 -> c7
  Data[4]: 00111011 -> 3b
  Data[5]: 00011000 -> 18
  Data[6]: 11110111 -> f7
  Data[7]: 01000100 -> 44
  Data[8]: 10011011 -> 9b
  Data[9]: 01110010 -> 72
  Data[10]: 01010001 -> 51

Address #7: 001100
RDWR Bit: 0
Stream Bit: 0
Exchange: 11111010

Address #8: 100000
RDWR Bit: 1
Stream Bit: 0
Exchange: 00111000

Address #9: 011010
RDWR Bit: 1
Stream Bit: 1
Stream Length: 28 (binary: 00011100)
  Data[0]: 10001100 -> 8c
  Data[1]: 00010101 -> 15
  Data[2]: 00001111 -> 0f
  Data[3]: 01011111 -> 5f
  Data[4]: 00100100 -> 24
  Data[5]: 11000011 -> c3
  Data[6]: 11101110 -> ee
  Data[7]: 00010111 -> 17
  Data[8]: 00101000 -> 28
  Data[9]: 01000001 -> 41
  Data[10]: 11000110 -> c6
  Data[11]: 00000010 -> 02
  Data[12]: 01101111 -> 6f
  Data[13]: 10111001 -> b9
  Data[14]: 11100010 -> e2
  Data[15]: 01011000 -> 58
  Data[16]: 10000001 -> 81
  Data[17]: 11000011 -> c3
  Data[18]: 10010010 -> 92
  Data[19]: 11100000 -> e0
  Data[20]: 01011010 -> 5a
  Data[21]: 01101111 -> 6f
  Data[22]: 01010000 -> 50
  Data[23]: 10101001 -> a9
  Data[24]: 00001101 -> 0d
  Data[25]: 11100011 -> e3
  Data[26]: 10101101 -> ad
  Data[27]: 11101000 -> e8

Address #24: 001000
RDWR Bit: 1
Stream Bit: 1
Stream Length: 28 (binary: 00011100)
  Data[0]: 01000010 -> 42
  Data[1]: 00011110 -> 1e
  Data[2]: 00000101 -> 05
  Data[3]: 00101000 -> 28
  Data[4]: 01010010 -> 52
  Data[5]: 01100100 -> 64
  Data[6]: 00001011 -> 0b
  Data[7]: 01000101 -> 45
  Data[8]: 11101110 -> ee
  Data[9]: 10000101 -> 85
  Data[10]: 01111010 -> 7a
  Data[11]: 10111101 -> bd
  Data[12]: 10111000 -> b8
  Data[13]: 10000011 -> 83
  Data[14]: 10101111 -> af
  Data[15]: 01011000 -> 58
  Data[16]: 11101001 -> e9
  Data[17]: 11010010 -> d2
  Data[18]: 01111111 -> 7f
  Data[19]: 11101101 -> ed
  Data[20]: 10110101 -> b5
  Data[21]: 00110011 -> 33
  Data[22]: 01001011 -> 4b
  Data[23]: 00010111 -> 17
  Data[24]: 11100001 -> e1
  Data[25]: 00010010 -> 12
  Data[26]: 01011010 -> 5a
  Data[27]: 00100100 -> 24

Address #39: 011010
RDWR Bit: 0
Stream Bit: 1
Stream Length: 24 (binary: 00011000)
  Data[0]: 10101011 -> ab
  Data[1]: 11000011 -> c3
  Data[2]: 10001100 -> 8c
  Data[3]: 10110110 -> b6
  Data[4]: 01110010 -> 72
  Data[5]: 10110001 -> b1
  Data[6]: 01010110 -> 56
  Data[7]: 01111101 -> 7d
  Data[8]: 10110000 -> b0
  Data[9]: 01111011 -> 7b
  Data[10]: 00110100 -> 34
  Data[11]: 00100000 -> 20
  Data[12]: 00110011 -> 33
  Data[13]: 11100110 -> e6
  Data[14]: 10000100 -> 84
  Data[15]: 11111011 -> fb
  Data[16]: 11010100 -> d4
  Data[17]: 01011111 -> 5f
  Data[18]: 01010010 -> 52
  Data[19]: 11110110 -> f6
  Data[20]: 01000001 -> 41
  Data[21]: 00001010 -> 0a
  Data[22]: 11000011 -> c3
  Data[23]: 11101001 -> e9

Address #52: 010000
RDWR Bit: 1
Stream Bit: 0
Exchange: 00010010

Address #53: 001111
RDWR Bit: 1
Stream Bit: 0
Exchange: 11101010

Address #54: 111011
RDWR Bit: 0
Stream Bit: 1
Stream Length: 27 (binary: 00011011)
  Data[0]: 00100011 -> 23
  Data[1]: 01000001 -> 41
  Data[2]: 11110011 -> f3
  Data[3]: 00110101 -> 35
  Data[4]: 01100000 -> 60
  Data[5]: 00110101 -> 35
  Data[6]: 10111010 -> ba
  Data[7]: 10000111 -> 87
  Data[8]: 11101010 -> ea
  Data[9]: 00100100 -> 24
  Data[10]: 10010001 -> 91
  Data[11]: 11010100 -> d4
  Data[12]: 11010110 -> d6
  Data[13]: 01111101 -> 7d
  Data[14]: 00010110 -> 16
  Data[15]: 00111000 -> 38
  Data[16]: 00101011 -> 2b
  Data[17]: 11110111 -> f7
  Data[18]: 01011011 -> 5b
  Data[19]: 01000111 -> 47
  Data[20]: 11101001 -> e9
  Data[21]: 10110010 -> b2
  Data[22]: 11000011 -> c3
  Data[23]: 10011111 -> 9f
  Data[24]: 10010010 -> 92
  Data[25]: 01001101 -> 4d
  Data[26]: 00000101 -> 05

Address #69: 011010
RDWR Bit: 0
Stream Bit: 1
Stream Length: 17 (binary: 00010001)
  Data[0]: 01100100 -> 64
  Data[1]: 01001010 -> 4a
  Data[2]: 10000001 -> 81
  Data[3]: 10100110 -> a6
  Data[4]: 10101010 -> aa
  Data[5]: 11101000 -> e8
  Data[6]: 00001000 -> 08
  Data[7]: 11001111 -> cf
  Data[8]: 00010011 -> 13
  Data[9]: 10000111 -> 87
  Data[10]: 10100111 -> a7
  Data[11]: 10001100 -> 8c
  Data[12]: 01001001 -> 49
  Data[13]: 01010011 -> 53
  Data[14]: 11111011 -> fb
  Data[15]: 11011000 -> d8
  Data[16]: 01101011 -> 6b

Address #78: 110011
RDWR Bit: 0
Stream Bit: 0
Exchange: 00000101

Address #79: 000001
RDWR Bit: 1
Stream Bit: 0
Exchange: 01001101

Address #80: 111110
RDWR Bit: 0
Stream Bit: 0
Exchange: 00101011

Address #81: 000111
RDWR Bit: 0
Stream Bit: 1
Stream Length: 18 (binary: 00010010)
  Data[0]: 11111010 -> fa
  Data[1]: 00100010 -> 22
  Data[2]: 10000010 -> 82
  Data[3]: 00110100 -> 34
  Data[4]: 01110110 -> 76
  Data[5]: 01101110 -> 6e
  Data[6]: 00111101 -> 3d
  Data[7]: 10101111 -> af
  Data[8]: 10001110 -> 8e
  Data[9]: 10101011 -> ab
  Data[10]: 00100110 -> 26
  Data[11]: 00101010 -> 2a
  Data[12]: 10001011 -> 8b
  Data[13]: 00110110 -> 36
  Data[14]: 00101101 -> 2d
  Data[15]: 01101011 -> 6b
  Data[16]: 10101010 -> aa
  Data[17]: 11010111 -> d7

Address #91: 011001
RDWR Bit: 0
Stream Bit: 0
Exchange: 10100000

Address #92: 100110
RDWR Bit: 1
Stream Bit: 1
Stream Length: 2 (binary: 00000010)
  Data[0]: 01001010 -> 4a
  Data[1]: 10001100 -> 8c

Address #94: 011111
RDWR Bit: 0
Stream Bit: 0
Exchange: 00111110

Address #95: 010101
RDWR Bit: 1
Stream Bit: 0
Exchange: 00101011

Address #96: 101101
RDWR Bit: 0
Stream Bit: 1
Stream Length: 6 (binary: 00000110)
  Data[0]: 00011100 -> 1c
  Data[1]: 11000110 -> c6
  Data[2]: 11001011 -> cb
  Data[3]: 01101101 -> 6d
  Data[4]: 00000011 -> 03
  Data[5]: 01111100 -> 7c

Address #100: 100111
RDWR Bit: 0
Stream Bit: 0
Exchange: 11101010

Address #101: 000100
RDWR Bit: 0
Stream Bit: 0
Exchange: 10010010

Address #102: 100110
RDWR Bit: 0
Stream Bit: 1
Stream Length: 6 (binary: 00000110)
  Data[0]: 01001110 -> 4e
  Data[1]: 11000010 -> c2
  Data[2]: 01011100 -> 5c
  Data[3]: 10010000 -> 90
  Data[4]: 01100010 -> 62
  Data[5]: 11010111 -> d7

Address #106: 101010
RDWR Bit: 0
Stream Bit: 0
Exchange: 11101001

Address #107: 101110
RDWR Bit: 0
Stream Bit: 0
Exchange: 11100110

Address #108: 001000
RDWR Bit: 1
Stream Bit: 1
Stream Length: 24 (binary: 00011000)
  Data[0]: 00011010 -> 1a
  Data[1]: 01011100 -> 5c
  Data[2]: 10100000 -> a0
  Data[3]: 11011100 -> dc
  Data[4]: 10100000 -> a0
  Data[5]: 11011111 -> df
  Data[6]: 00010001 -> 11
  Data[7]: 00100110 -> 26
  Data[8]: 10110100 -> b4
  Data[9]: 01010100 -> 54
  Data[10]: 00100110 -> 26
  Data[11]: 00100100 -> 24
  Data[12]: 11110110 -> f6
  Data[13]: 00101100 -> 2c
  Data[14]: 00011101 -> 1d
  Data[15]: 11011000 -> d8
  Data[16]: 01001110 -> 4e
  Data[17]: 11101110 -> ee
  Data[18]: 00001100 -> 0c
  Data[19]: 01010000 -> 50
  Data[20]: 00010000 -> 10
  Data[21]: 10100100 -> a4
  Data[22]: 01010100 -> 54
  Data[23]: 10111110 -> be

Address #121: 110011
RDWR Bit: 1
Stream Bit: 0
Exchange: 01100100

Address #122: 001001
RDWR Bit: 0
Stream Bit: 1
Stream Length: 12 (binary: 00001100)
  Data[0]: 00011111 -> 1f
  Data[1]: 00010111 -> 17
  Data[2]: 00101011 -> 2b
  Data[3]: 00011001 -> 19
  Data[4]: 00101001 -> 29
  Data[5]: 10000001 -> 81
  Data[6]: 01100101 -> 65
  Data[7]: 10110111 -> b7
  Data[8]: 10110001 -> b1
  Data[9]: 10101001 -> a9
  Data[10]: 01001101 -> 4d
  Data[11]: 01100001 -> 61

Address #129: 101000
RDWR Bit: 1
Stream Bit: 0
Exchange: 00110000

Address #130: 011011
RDWR Bit: 0
Stream Bit: 0
Exchange: 11111011

Address #131: 101010
RDWR Bit: 0
Stream Bit: 1
Stream Length: 24 (binary: 00011000)
  Data[0]: 01010000 -> 50
  Data[1]: 10101100 -> ac
  Data[2]: 00111100 -> 3c
  Data[3]: 01001011 -> 4b
  Data[4]: 11100001 -> e1
  Data[5]: 10110001 -> b1
  Data[6]: 10110111 -> b7
  Data[7]: 11101111 -> ef
  Data[8]: 11000101 -> c5
  Data[9]: 00010100 -> 14
  Data[10]: 11101000 -> e8
  Data[11]: 11011011 -> db
  Data[12]: 11101100 -> ec
  Data[13]: 11001001 -> c9
  Data[14]: 00100010 -> 22
  Data[15]: 11000100 -> c4
  Data[16]: 10001100 -> 8c
  Data[17]: 00011010 -> 1a
  Data[18]: 10000011 -> 83
  Data[19]: 01101100 -> 6c
  Data[20]: 00000011 -> 03
  Data[21]: 00110111 -> 37
  Data[22]: 10000110 -> 86
  Data[23]: 00001000 -> 08

Address #144: 000110
RDWR Bit: 0
Stream Bit: 1
Stream Length: 26 (binary: 00011010)
  Data[0]: 11000111 -> c7
  Data[1]: 11000010 -> c2
  Data[2]: 01100000 -> 60
  Data[3]: 01100001 -> 61
  Data[4]: 11000100 -> c4
  Data[5]: 00101101 -> 2d
  Data[6]: 11001001 -> c9
  Data[7]: 01010010 -> 52
  Data[8]: 11110110 -> f6
  Data[9]: 00100101 -> 25
  Data[10]: 00110100 -> 34
  Data[11]: 11000000 -> c0
  Data[12]: 11011101 -> dd
  Data[13]: 11011010 -> da
  Data[14]: 01110000 -> 70
  Data[15]: 10011111 -> 9f
  Data[16]: 11011000 -> d8
  Data[17]: 10010001 -> 91
  Data[18]: 01111001 -> 79
  Data[19]: 01101111 -> 6f
  Data[20]: 01010001 -> 51
  Data[21]: 00000001 -> 01
  Data[22]: 10011001 -> 99
  Data[23]: 10010010 -> 92
  Data[24]: 10100111 -> a7
  Data[25]: 10011011 -> 9b

Address #158: 110010
RDWR Bit: 0
Stream Bit: 0
Exchange: 00100110

Address #159: 111010
RDWR Bit: 0
Stream Bit: 1
Stream Length: 19 (binary: 00010011)
  Data[0]: 01101000 -> 68
  Data[1]: 11001000 -> c8
  Data[2]: 11100100 -> e4
  Data[3]: 01001001 -> 49
  Data[4]: 01001101 -> 4d
  Data[5]: 00000111 -> 07
  Data[6]: 01011111 -> 5f
  Data[7]: 10111111 -> bf
  Data[8]: 10110111 -> b7
  Data[9]: 11100001 -> e1
  Data[10]: 01001111 -> 4f
  Data[11]: 10100100 -> a4
  Data[12]: 10011001 -> 99
  Data[13]: 01111110 -> 7e
  Data[14]: 01001011 -> 4b
  Data[15]: 01000011 -> 43
  Data[16]: 11110111 -> f7
  Data[17]: 00001000 -> 08
  Data[18]: 01101100 -> 6c

Address #170: 111010
RDWR Bit: 0
Stream Bit: 0
Exchange: 11100000

Address #171: 101101
RDWR Bit: 1
Stream Bit: 1
Stream Length: 11 (binary: 00001011)
  Data[0]: 00100010 -> 22
  Data[1]: 01010000 -> 50
  Data[2]: 01010110 -> 56
  Data[3]: 10101010 -> aa
  Data[4]: 11100101 -> e5
  Data[5]: 10101011 -> ab
  Data[6]: 10101011 -> ab
  Data[7]: 10110110 -> b6
  Data[8]: 01101000 -> 68
  Data[9]: 10101011 -> ab
  Data[10]: 10111111 -> bf

Address #177: 111100
RDWR Bit: 0
Stream Bit: 0
Exchange: 10001101

Address #178: 110001
RDWR Bit: 0
Stream Bit: 1
Stream Length: 19 (binary: 00010011)
  Data[0]: 01110111 -> 77
  Data[1]: 11000111 -> c7
  Data[2]: 00000011 -> 03
  Data[3]: 00100110 -> 26
  Data[4]: 10101101 -> ad
  Data[5]: 01100111 -> 67
  Data[6]: 00000000 -> 00
  Data[7]: 10010111 -> 97
  Data[8]: 11101100 -> ec
  Data[9]: 11110010 -> f2
  Data[10]: 10001101 -> 8d
  Data[11]: 00101001 -> 29
  Data[12]: 00000110 -> 06
  Data[13]: 10111011 -> bb
  Data[14]: 01110000 -> 70
  Data[15]: 11011101 -> dd
  Data[16]: 00101100 -> 2c
  Data[17]: 11010100 -> d4
  Data[18]: 10001111 -> 8f

Address #189: 101101
RDWR Bit: 0
Stream Bit: 1
Stream Length: 7 (binary: 00000111)
  Data[0]: 10001111 -> 8f
  Data[1]: 01010000 -> 50
  Data[2]: 11011010 -> da
  Data[3]: 10011001 -> 99
  Data[4]: 11100100 -> e4
  Data[5]: 11100011 -> e3
  Data[6]: 01011110 -> 5e

Address #193: 001001
RDWR Bit: 1
Stream Bit: 1
Stream Length: 19 (binary: 00010011)
  Data[0]: 00001100 -> 0c
  Data[1]: 11011010 -> da
  Data[2]: 00101111 -> 2f
  Data[3]: 11011101 -> dd
  Data[4]: 10001110 -> 8e
  Data[5]: 11111110 -> fe
  Data[6]: 01110110 -> 76
  Data[7]: 00001111 -> 0f
  Data[8]: 00100101 -> 25
  Data[9]: 11010010 -> d2
  Data[10]: 00010101 -> 15
  Data[11]: 10011111 -> 9f
  Data[12]: 01111001 -> 79
  Data[13]: 10100100 -> a4
  Data[14]: 01010110 -> 56
  Data[15]: 11000110 -> c6
  Data[16]: 00101101 -> 2d
  Data[17]: 00110100 -> 34
  Data[18]: 00000000 -> 00

Address #204: 100010
RDWR Bit: 1
Stream Bit: 1
Stream Length: 8 (binary: 00001000)
  Data[0]: 01110000 -> 70
  Data[1]: 01110111 -> 77
  Data[2]: 01000010 -> 42
  Data[3]: 01110100 -> 74
  Data[4]: 11001101 -> cd
  Data[5]: 01111011 -> 7b
  Data[6]: 10101111 -> af
  Data[7]: 01110111 -> 77

Address #209: 001011
RDWR Bit: 1
Stream Bit: 1
Stream Length: 19 (binary: 00010011)
  Data[0]: 01111101 -> 7d
  Data[1]: 11010001 -> d1
  Data[2]: 00001100 -> 0c
  Data[3]: 10001011 -> 8b
  Data[4]: 11000111 -> c7
  Data[5]: 00001100 -> 0c
  Data[6]: 10001011 -> 8b
  Data[7]: 11011111 -> df
  Data[8]: 00101111 -> 2f
  Data[9]: 11111001 -> f9
  Data[10]: 10000100 -> 84
  Data[11]: 01001010 -> 4a
  Data[12]: 10001111 -> 8f
  Data[13]: 11011101 -> dd
  Data[14]: 11100110 -> e6
  Data[15]: 00101011 -> 2b
  Data[16]: 00101011 -> 2b
  Data[17]: 11010000 -> d0
  Data[18]: 01000010 -> 42

Address #219: 100000
RDWR Bit: 0
Stream Bit: 0
Exchange: 01111100

Address #220: 100010
RDWR Bit: 1
Stream Bit: 0
Exchange: 00111111

Address #221: 111001
RDWR Bit: 0
Stream Bit: 0
Exchange: 11010101

Address #222: 110000
RDWR Bit: 1
Stream Bit: 1
Stream Length: 12 (binary: 00001100)
  Data[0]: 11111101 -> fd
  Data[1]: 10011001 -> 99
  Data[2]: 10011010 -> 9a
  Data[3]: 10100111 -> a7
  Data[4]: 01010010 -> 52
  Data[5]: 01110000 -> 70
  Data[6]: 11101000 -> e8
  Data[7]: 00001110 -> 0e
  Data[8]: 00011100 -> 1c
  Data[9]: 10101111 -> af
  Data[10]: 11101011 -> eb
  Data[11]: 10111111 -> bf

Address #229: 010000
RDWR Bit: 0
Stream Bit: 0
Exchange: 10100110

Address #230: 101110
RDWR Bit: 1
Stream Bit: 0
Exchange: 00001010

Address #231: 011001
RDWR Bit: 1
Stream Bit: 1
Stream Length: 3 (binary: 00000011)
  Data[0]: 01100000 -> 60
  Data[1]: 00010101 -> 15
  Data[2]: 10000110 -> 86

Address #234: 000011
RDWR Bit: 0
Stream Bit: 1
Stream Length: 29 (binary: 00011101)
  Data[0]: 01111100 -> 7c
  Data[1]: 10011100 -> 9c
  Data[2]: 11011000 -> d8
  Data[3]: 00010000 -> 10
  Data[4]: 01010100 -> 54
  Data[5]: 10001100 -> 8c
  Data[6]: 10110000 -> b0
  Data[7]: 00001001 -> 09
  Data[8]: 10110000 -> b0
  Data[9]: 01000110 -> 46
  Data[10]: 00001011 -> 0b
  Data[11]: 10110111 -> b7
  Data[12]: 00100111 -> 27
  Data[13]: 10001000 -> 88
  Data[14]: 01110110 -> 76
  Data[15]: 10010011 -> 93
  Data[16]: 11001011 -> cb
  Data[17]: 10001111 -> 8f
  Data[18]: 00001100 -> 0c
  Data[19]: 10000101 -> 85
  Data[20]: 01110010 -> 72
  Data[21]: 00100110 -> 26
  Data[22]: 11100000 -> e0
  Data[23]: 00000101 -> 05
  Data[24]: 00101010 -> 2a
  Data[25]: 11101010 -> ea
  Data[26]: 11000011 -> c3
  Data[27]: 10101011 -> ab
  Data[28]: 01000011 -> 43

Address #249: 010011
RDWR Bit: 1
Stream Bit: 0
Exchange: 00011001

Address #250: 001101
RDWR Bit: 0
Stream Bit: 1
Stream Length: 1 (binary: 00000001)
  Data[0]: 00110001 -> 31

Address #252: 000000
RDWR Bit: 0
Stream Bit: 0
Exchange: 00001101

Address #253: 000100
RDWR Bit: 1
Stream Bit: 0
Exchange: 00001110

Address #254: 110001
RDWR Bit: 0
Stream Bit: 0
Exchange: 00111001

Address #255: 101110
RDWR Bit: 0
Stream Bit: 0
Exchange: 01001101

Address #256: 110111
RDWR Bit: 1
Stream Bit: 1
Stream Length: 8 (binary: 00001000)
  Data[0]: 11010111 -> d7
  Data[1]: 00100111 -> 27
  Data[2]: 00011110 -> 1e
  Data[3]: 00010010 -> 12
  Data[4]: 10100111 -> a7
  Data[5]: 11001000 -> c8
  Data[6]: 00011000 -> 18
  Data[7]: 00110000 -> 30

Address #261: 001110
RDWR Bit: 1
Stream Bit: 0
Exchange: 01111011

Address #262: 001110
RDWR Bit: 0
Stream Bit: 1
Stream Length: 14 (binary: 00001110)
  Data[0]: 01110000 -> 70
  Data[1]: 11011101 -> dd
  Data[2]: 00001001 -> 09
  Data[3]: 00100110 -> 26
  Data[4]: 10010111 -> 97
  Data[5]: 01000001 -> 41
  Data[6]: 11001000 -> c8
  Data[7]: 01010100 -> 54
  Data[8]: 01011010 -> 5a
  Data[9]: 10000010 -> 82
  Data[10]: 00110110 -> 36
  Data[11]: 01111110 -> 7e
  Data[12]: 10111000 -> b8
  Data[13]: 10100011 -> a3

Address #270: 011100
RDWR Bit: 0
Stream Bit: 1
Stream Length: 5 (binary: 00000101)
  Data[0]: 01010001 -> 51
  Data[1]: 00010011 -> 13
  Data[2]: 01111000 -> 78
  Data[3]: 10111100 -> bc
  Data[4]: 01011001 -> 59

Address #273: 001010
RDWR Bit: 1
Stream Bit: 0
Exchange: 01111100

Address #274: 100110
RDWR Bit: 1
Stream Bit: 0
Exchange: 10101111

Address #275: 101001
RDWR Bit: 0
Stream Bit: 0
Exchange: 01111011

Address #276: 000001
RDWR Bit: 0
Stream Bit: 1
Stream Length: 3 (binary: 00000011)
  Data[0]: 01000010 -> 42
  Data[1]: 10110011 -> b3
  Data[2]: 10110101 -> b5

Address #279: 011101
RDWR Bit: 1
Stream Bit: 0
Exchange: 11111000
