Read a waves file with 6 signals and 2243 samples...
Input has these signals:
	* sclk (1 bits)
	* mosi (1 bits)
	* miso (1 bits)
	* ss (1 bits)
	* cpol (1 bits)
	* cpha (1 bits)

Address #1: 101001
RDWR Bit: 0
Stream Bit: 0
Exchange: 00000011

Address #2: 000111
RDWR Bit: 0
Stream Bit: 0
Exchange: 10100011

Address #3: 100100
RDWR Bit: 1
Stream Bit: 0
Exchange: 00111001

Address #4: 111001
RDWR Bit: 1
Stream Bit: 0
Exchange: 10001111

Address #5: 011000
RDWR Bit: 0
Stream Bit: 0
Exchange: 11101101

Address #6: 111100
RDWR Bit: 1
Stream Bit: 0
Exchange: 00101011

Address #7: 001110
RDWR Bit: 1
Stream Bit: 0
Exchange: 11101001

Address #8: 001000
RDWR Bit: 1
Stream Bit: 0
Exchange: 01111110

Address #9: 010000
RDWR Bit: 0
Stream Bit: 0
Exchange: 00100110

Address #10: 100111
RDWR Bit: 0
Stream Bit: 0
Exchange: 11011110

Address #11: 000001
RDWR Bit: 1
Stream Bit: 0
Exchange: 10110101

Address #12: 011010
RDWR Bit: 1
Stream Bit: 0
Exchange: 00110010

Address #13: 110100
RDWR Bit: 0
Stream Bit: 0
Exchange: 10000000

Address #14: 000010
RDWR Bit: 1
Stream Bit: 0
Exchange: 10101010

Address #15: 001100
RDWR Bit: 1
Stream Bit: 0
Exchange: 00010111

Address #16: 010100
RDWR Bit: 0
Stream Bit: 0
Exchange: 01101101

Address #17: 000010
RDWR Bit: 0
Stream Bit: 0
Exchange: 01000000

Address #18: 010100
RDWR Bit: 1
Stream Bit: 0
Exchange: 01000101

Address #19: 111111
RDWR Bit: 0
Stream Bit: 0
Exchange: 11011011

Address #20: 001101
RDWR Bit: 1
Stream Bit: 0
Exchange: 00111011

Address #21: 100100
RDWR Bit: 0
Stream Bit: 0
Exchange: 10100010

Address #22: 100000
RDWR Bit: 1
Stream Bit: 0
Exchange: 11001010

Address #23: 011010
RDWR Bit: 1
Stream Bit: 0
Exchange: 00010010

Address #24: 111010
RDWR Bit: 1
Stream Bit: 0
Exchange: 10001101

Address #25: 111100
RDWR Bit: 1
Stream Bit: 0
Exchange: 01010100

Address #26: 110100
RDWR Bit: 1
Stream Bit: 0
Exchange: 11011110

Address #27: 000101
RDWR Bit: 1
Stream Bit: 0
Exchange: 00100110

Address #28: 011100
RDWR Bit: 0
Stream Bit: 0
Exchange: 11000010

Address #29: 000101
RDWR Bit: 0
Stream Bit: 0
Exchange: 10010111

Address #30: 100011
RDWR Bit: 0
Stream Bit: 0
Exchange: 10111001

Address #31: 111101
RDWR Bit: 1
Stream Bit: 0
Exchange: 10101101

Address #32: 111011
RDWR Bit: 0
Stream Bit: 0
Exchange: 00110110

Address #33: 101100
RDWR Bit: 1
Stream Bit: 0
Exchange: 10001110

Address #34: 000001
RDWR Bit: 0
Stream Bit: 0
Exchange: 10000100

Address #35: 101001
RDWR Bit: 1
Stream Bit: 0
Exchange: 00111000

Address #36: 100100
RDWR Bit: 1
Stream Bit: 0
Exchange: 01101000

Address #37: 010000
RDWR Bit: 0
Stream Bit: 0
Exchange: 11010000

Address #38: 011111
RDWR Bit: 1
Stream Bit: 0
Exchange: 01011100

Address #39: 100010
RDWR Bit: 0
Stream Bit: 0
Exchange: 10111110

Address #40: 010011
RDWR Bit: 1
Stream Bit: 0
Exchange: 10000001

Address #41: 101011
RDWR Bit: 1
Stream Bit: 0
Exchange: 11001100

Address #42: 100010
RDWR Bit: 0
Stream Bit: 0
Exchange: 10101001

Address #43: 100010
RDWR Bit: 1
Stream Bit: 0
Exchange: 00001000

Address #44: 010110
RDWR Bit: 0
Stream Bit: 0
Exchange: 10000111

Address #45: 111010
RDWR Bit: 0
Stream Bit: 0
Exchange: 11100011

Address #46: 110001
RDWR Bit: 0
Stream Bit: 0
Exchange: 10100011

Address #47: 100110
RDWR Bit: 0
Stream Bit: 0
Exchange: 11111000

Address #48: 100101
RDWR Bit: 1
Stream Bit: 0
Exchange: 10000010

Address #49: 001011
RDWR Bit: 1
Stream Bit: 0
Exchange: 11101001

Address #50: 011011
RDWR Bit: 1
Stream Bit: 0
Exchange: 00110110

Address #51: 110101
RDWR Bit: 1
Stream Bit: 0
Exchange: 10110011

Address #52: 011110
RDWR Bit: 0
Stream Bit: 0
Exchange: 11010010

Address #53: 111010
RDWR Bit: 0
Stream Bit: 0
Exchange: 00111100

Address #54: 010011
RDWR Bit: 0
Stream Bit: 0
Exchange: 11001011

Address #55: 111010
RDWR Bit: 0
Stream Bit: 0
Exchange: 01011111

Address #56: 000111
RDWR Bit: 0
Stream Bit: 0
Exchange: 11010010

Address #57: 100000
RDWR Bit: 0
Stream Bit: 0
Exchange: 10000101

Address #58: 101010
RDWR Bit: 0
Stream Bit: 0
Exchange: 00000110

Address #59: 100010
RDWR Bit: 1
Stream Bit: 0
Exchange: 11010011

Address #60: 101001
RDWR Bit: 0
Stream Bit: 0
Exchange: 00010100

Address #61: 101010
RDWR Bit: 1
Stream Bit: 0
Exchange: 00011100

Address #62: 101101
RDWR Bit: 0
Stream Bit: 0
Exchange: 00011111

Address #63: 101001
RDWR Bit: 0
Stream Bit: 0
Exchange: 10110000

Address #64: 000000
RDWR Bit: 0
Stream Bit: 0
Exchange: 10011100
