Read a waves file with 6 signals and 9779 samples...
Input has these signals:
	* sclk (1 bits)
	* mosi (1 bits)
	* miso (1 bits)
	* ss (1 bits)
	* cpol (1 bits)
	* cpha (1 bits)

Address #1: 001110
RDWR Bit: 0
Stream Bit: 1
Stream Length: 1 (binary: 00000001)
  Data[0]: 10100101 -> a5

Address #2: 100001
RDWR Bit: 0
Stream Bit: 0
Exchange: 00010110

Address #3: 110101
RDWR Bit: 0
Stream Bit: 0
Exchange: 11010000

Address #4: 101001
RDWR Bit: 1
Stream Bit: 0
Exchange: 11101000

Address #5: 101000
RDWR Bit: 1
Stream Bit: 0
Exchange: 00100010

Address #6: 101101
RDWR Bit: 0
Stream Bit: 1
Stream Length: 3 (binary: 00000011)
  Data[0]: 10111100 -> bc
  Data[1]: 01101110 -> 6e
  Data[2]: 00001010 -> 0a

Address #9: 111111
RDWR Bit: 1
Stream Bit: 0
Exchange: 11000001

Address #10: 000011
RDWR Bit: 1
Stream Bit: 0
Exchange: 11000000

Address #11: 100010
RDWR Bit: 1
Stream Bit: 1
Stream Length: 27 (binary: 00011011)
  Data[0]: 11111101 -> fd
  Data[1]: 10100011 -> a3
  Data[2]: 01110011 -> 73
  Data[3]: 11111111 -> ff
  Data[4]: 01111000 -> 78
  Data[5]: 11000111 -> c7
  Data[6]: 11110110 -> f6
  Data[7]: 10100010 -> a2
  Data[8]: 11001100 -> cc
  Data[9]: 01001101 -> 4d
  Data[10]: 00010101 -> 15
  Data[11]: 11110011 -> f3
  Data[12]: 11110110 -> f6
  Data[13]: 00110110 -> 36
  Data[14]: 11101101 -> ed
  Data[15]: 11101111 -> ef
  Data[16]: 01011101 -> 5d
  Data[17]: 00010100 -> 14
  Data[18]: 01001110 -> 4e
  Data[19]: 01001001 -> 49
  Data[20]: 11011011 -> db
  Data[21]: 01010001 -> 51
  Data[22]: 00111010 -> 3a
  Data[23]: 01101000 -> 68
  Data[24]: 01100000 -> 60
  Data[25]: 10000101 -> 85
  Data[26]: 01110011 -> 73

Address #25: 001001
RDWR Bit: 1
Stream Bit: 0
Exchange: 11010010

Address #26: 011110
RDWR Bit: 0
Stream Bit: 1
Stream Length: 18 (binary: 00010010)
  Data[0]: 01000000 -> 40
  Data[1]: 00101001 -> 29
  Data[2]: 01110110 -> 76
  Data[3]: 10111111 -> bf
  Data[4]: 01101000 -> 68
  Data[5]: 11010001 -> d1
  Data[6]: 01100110 -> 66
  Data[7]: 00010100 -> 14
  Data[8]: 00101001 -> 29
  Data[9]: 11010111 -> d7
  Data[10]: 01011000 -> 58
  Data[11]: 10101001 -> a9
  Data[12]: 00110000 -> 30
  Data[13]: 01100010 -> 62
  Data[14]: 11111010 -> fa
  Data[15]: 11000001 -> c1
  Data[16]: 01110011 -> 73
  Data[17]: 11001010 -> ca

Address #36: 101110
RDWR Bit: 1
Stream Bit: 0
Exchange: 10110011

Address #37: 110111
RDWR Bit: 0
Stream Bit: 0
Exchange: 10000010

Address #38: 110100
RDWR Bit: 1
Stream Bit: 1
Stream Length: 5 (binary: 00000101)
  Data[0]: 11001110 -> ce
  Data[1]: 11111010 -> fa
  Data[2]: 01011110 -> 5e
  Data[3]: 01011101 -> 5d
  Data[4]: 01010011 -> 53

Address #42: 100000
RDWR Bit: 1
Stream Bit: 0
Exchange: 00110000

Address #43: 010110
RDWR Bit: 1
Stream Bit: 0
Exchange: 11110001

Address #44: 010110
RDWR Bit: 1
Stream Bit: 1
Stream Length: 12 (binary: 00001100)
  Data[0]: 00100011 -> 23
  Data[1]: 01000111 -> 47
  Data[2]: 00001101 -> 0d
  Data[3]: 11001111 -> cf
  Data[4]: 01000011 -> 43
  Data[5]: 10100101 -> a5
  Data[6]: 11001111 -> cf
  Data[7]: 01011011 -> 5b
  Data[8]: 01000110 -> 46
  Data[9]: 00010111 -> 17
  Data[10]: 10101001 -> a9
  Data[11]: 00100110 -> 26

Address #51: 100100
RDWR Bit: 0
Stream Bit: 0
Exchange: 00010111

Address #52: 011000
RDWR Bit: 0
Stream Bit: 0
Exchange: 00110011

Address #53: 000000
RDWR Bit: 0
Stream Bit: 1
Stream Length: 17 (binary: 00010001)
  Data[0]: 00001001 -> 09
  Data[1]: 10111010 -> ba
  Data[2]: 10100010 -> a2
  Data[3]: 11100111 -> e7
  Data[4]: 00011010 -> 1a
  Data[5]: 10111000 -> b8
  Data[6]: 00101000 -> 28
  Data[7]: 01101000 -> 68
  Data[8]: 10010101 -> 95
  Data[9]: 10100110 -> a6
  Data[10]: 01011000 -> 58
  Data[11]: 11101000 -> e8
  Data[12]: 10111010 -> ba
  Data[13]: 00101011 -> 2b
  Data[14]: 10111100 -> bc
  Data[15]: 01111001 -> 79
  Data[16]: 10101100 -> ac

Address #62: 110011
RDWR Bit: 1
Stream Bit: 1
Stream Length: 2 (binary: 00000010)
  Data[0]: 01111100 -> 7c
  Data[1]: 01011110 -> 5e

Address #64: 111001
RDWR Bit: 1
Stream Bit: 1
Stream Length: 28 (binary: 00011100)
  Data[0]: 01001110 -> 4e
  Data[1]: 11111101 -> fd
  Data[2]: 01001001 -> 49
  Data[3]: 10111010 -> ba
  Data[4]: 10110101 -> b5
  Data[5]: 10101101 -> ad
  Data[6]: 01011110 -> 5e
  Data[7]: 10111011 -> bb
  Data[8]: 10010011 -> 93
  Data[9]: 11100011 -> e3
  Data[10]: 10000101 -> 85
  Data[11]: 10000000 -> 80
  Data[12]: 10000101 -> 85
  Data[13]: 00110100 -> 34
  Data[14]: 10110110 -> b6
  Data[15]: 10011111 -> 9f
  Data[16]: 01100001 -> 61
  Data[17]: 00110000 -> 30
  Data[18]: 10100010 -> a2
  Data[19]: 11011110 -> de
  Data[20]: 11000101 -> c5
  Data[21]: 10001111 -> 8f
  Data[22]: 10010011 -> 93
  Data[23]: 10001001 -> 89
  Data[24]: 11011010 -> da
  Data[25]: 00001000 -> 08
  Data[26]: 01100001 -> 61
  Data[27]: 10000000 -> 80

Address #79: 111010
RDWR Bit: 1
Stream Bit: 0
Exchange: 11001101

Address #80: 101010
RDWR Bit: 1
Stream Bit: 1
Stream Length: 16 (binary: 00010000)
  Data[0]: 10100100 -> a4
  Data[1]: 01111011 -> 7b
  Data[2]: 01111101 -> 7d
  Data[3]: 10010000 -> 90
  Data[4]: 00111010 -> 3a
  Data[5]: 10111000 -> b8
  Data[6]: 11011001 -> d9
  Data[7]: 01010010 -> 52
  Data[8]: 10001000 -> 88
  Data[9]: 11011011 -> db
  Data[10]: 11010111 -> d7
  Data[11]: 00111001 -> 39
  Data[12]: 10111011 -> bb
  Data[13]: 11100110 -> e6
  Data[14]: 00010101 -> 15
  Data[15]: 11001000 -> c8

Address #89: 110100
RDWR Bit: 1
Stream Bit: 1
Stream Length: 14 (binary: 00001110)
  Data[0]: 11010101 -> d5
  Data[1]: 00100100 -> 24
  Data[2]: 00110010 -> 32
  Data[3]: 00100101 -> 25
  Data[4]: 00110101 -> 35
  Data[5]: 00010010 -> 12
  Data[6]: 11111001 -> f9
  Data[7]: 10100100 -> a4
  Data[8]: 10100101 -> a5
  Data[9]: 10001110 -> 8e
  Data[10]: 10111010 -> ba
  Data[11]: 10111110 -> be
  Data[12]: 10100101 -> a5
  Data[13]: 00110011 -> 33

Address #97: 101010
RDWR Bit: 1
Stream Bit: 1
Stream Length: 27 (binary: 00011011)
  Data[0]: 01010101 -> 55
  Data[1]: 10111110 -> be
  Data[2]: 10010011 -> 93
  Data[3]: 00100000 -> 20
  Data[4]: 10101000 -> a8
  Data[5]: 01000100 -> 44
  Data[6]: 00000000 -> 00
  Data[7]: 10010110 -> 96
  Data[8]: 00001000 -> 08
  Data[9]: 10010001 -> 91
  Data[10]: 10010100 -> 94
  Data[11]: 11000101 -> c5
  Data[12]: 11100001 -> e1
  Data[13]: 01000110 -> 46
  Data[14]: 10111101 -> bd
  Data[15]: 10000010 -> 82
  Data[16]: 01100111 -> 67
  Data[17]: 10001011 -> 8b
  Data[18]: 10001000 -> 88
  Data[19]: 01100001 -> 61
  Data[20]: 11110000 -> f0
  Data[21]: 11001010 -> ca
  Data[22]: 10000001 -> 81
  Data[23]: 11010100 -> d4
  Data[24]: 10111111 -> bf
  Data[25]: 01100110 -> 66
  Data[26]: 11001111 -> cf

Address #112: 011011
RDWR Bit: 0
Stream Bit: 1
Stream Length: 14 (binary: 00001110)
  Data[0]: 11000001 -> c1
  Data[1]: 00001011 -> 0b
  Data[2]: 10111010 -> ba
  Data[3]: 01011011 -> 5b
  Data[4]: 10101111 -> af
  Data[5]: 00010110 -> 16
  Data[6]: 11100010 -> e2
  Data[7]: 10000011 -> 83
  Data[8]: 10110001 -> b1
  Data[9]: 10110101 -> b5
  Data[10]: 11100001 -> e1
  Data[11]: 01100011 -> 63
  Data[12]: 11101101 -> ed
  Data[13]: 10101001 -> a9

Address #120: 100111
RDWR Bit: 0
Stream Bit: 1
Stream Length: 24 (binary: 00011000)
  Data[0]: 10111011 -> bb
  Data[1]: 01101111 -> 6f
  Data[2]: 10011010 -> 9a
  Data[3]: 00101011 -> 2b
  Data[4]: 10011101 -> 9d
  Data[5]: 11111101 -> fd
  Data[6]: 11100010 -> e2
  Data[7]: 01010111 -> 57
  Data[8]: 01011110 -> 5e
  Data[9]: 00011110 -> 1e
  Data[10]: 10000110 -> 86
  Data[11]: 11000010 -> c2
  Data[12]: 11110001 -> f1
  Data[13]: 11101011 -> eb
  Data[14]: 11000000 -> c0
  Data[15]: 10011111 -> 9f
  Data[16]: 10110011 -> b3
  Data[17]: 00111011 -> 3b
  Data[18]: 01111111 -> 7f
  Data[19]: 01111111 -> 7f
  Data[20]: 01010111 -> 57
  Data[21]: 11110101 -> f5
  Data[22]: 01000011 -> 43
  Data[23]: 01110011 -> 73

Address #133: 000010
RDWR Bit: 0
Stream Bit: 0
Exchange: 11000100

Address #134: 101111
RDWR Bit: 0
Stream Bit: 1
Stream Length: 31 (binary: 00011111)
  Data[0]: 01101101 -> 6d
  Data[1]: 11100001 -> e1
  Data[2]: 01011010 -> 5a
  Data[3]: 10100000 -> a0
  Data[4]: 00010000 -> 10
  Data[5]: 00000010 -> 02
  Data[6]: 00100011 -> 23
  Data[7]: 01001000 -> 48
  Data[8]: 01111010 -> 7a
  Data[9]: 01000111 -> 47
  Data[10]: 11000001 -> c1
  Data[11]: 00001110 -> 0e
  Data[12]: 01001001 -> 49
  Data[13]: 01111101 -> 7d
  Data[14]: 10010100 -> 94
  Data[15]: 10001000 -> 88
  Data[16]: 00110011 -> 33
  Data[17]: 01101011 -> 6b
  Data[18]: 11011010 -> da
  Data[19]: 01011011 -> 5b
  Data[20]: 01111110 -> 7e
  Data[21]: 01001010 -> 4a
  Data[22]: 00111011 -> 3b
  Data[23]: 10001100 -> 8c
  Data[24]: 00011000 -> 18
  Data[25]: 00010000 -> 10
  Data[26]: 01110100 -> 74
  Data[27]: 11101001 -> e9
  Data[28]: 00100001 -> 21
  Data[29]: 00001011 -> 0b
  Data[30]: 01110110 -> 76

Address #150: 010010
RDWR Bit: 1
Stream Bit: 0
Exchange: 10111000

Address #151: 110000
RDWR Bit: 1
Stream Bit: 1
Stream Length: 21 (binary: 00010101)
  Data[0]: 10101010 -> aa
  Data[1]: 11001000 -> c8
  Data[2]: 00100011 -> 23
  Data[3]: 11101000 -> e8
  Data[4]: 10010000 -> 90
  Data[5]: 10000000 -> 80
  Data[6]: 01011010 -> 5a
  Data[7]: 01100010 -> 62
  Data[8]: 10101001 -> a9
  Data[9]: 10010010 -> 92
  Data[10]: 00001011 -> 0b
  Data[11]: 01000000 -> 40
  Data[12]: 11010111 -> d7
  Data[13]: 00011010 -> 1a
  Data[14]: 00100010 -> 22
  Data[15]: 01001010 -> 4a
  Data[16]: 11001110 -> ce
  Data[17]: 10000100 -> 84
  Data[18]: 11111100 -> fc
  Data[19]: 11000110 -> c6
  Data[20]: 11111001 -> f9

Address #163: 101100
RDWR Bit: 0
Stream Bit: 0
Exchange: 00011101

Address #164: 110110
RDWR Bit: 0
Stream Bit: 0
Exchange: 01101000

Address #165: 101001
RDWR Bit: 0
Stream Bit: 0
Exchange: 11101111

Address #166: 000110
RDWR Bit: 1
Stream Bit: 0
Exchange: 01110001

Address #167: 011010
RDWR Bit: 1
Stream Bit: 1
Stream Length: 15 (binary: 00001111)
  Data[0]: 01001100 -> 4c
  Data[1]: 10101010 -> aa
  Data[2]: 11111110 -> fe
  Data[3]: 10100100 -> a4
  Data[4]: 01001001 -> 49
  Data[5]: 11011001 -> d9
  Data[6]: 11001111 -> cf
  Data[7]: 01011111 -> 5f
  Data[8]: 01000010 -> 42
  Data[9]: 10100110 -> a6
  Data[10]: 10000000 -> 80
  Data[11]: 00000110 -> 06
  Data[12]: 00001110 -> 0e
  Data[13]: 01100000 -> 60
  Data[14]: 01011100 -> 5c

Address #175: 010010
RDWR Bit: 1
Stream Bit: 0
Exchange: 10101000

Address #176: 000110
RDWR Bit: 0
Stream Bit: 1
Stream Length: 22 (binary: 00010110)
  Data[0]: 01001010 -> 4a
  Data[1]: 10101001 -> a9
  Data[2]: 11100010 -> e2
  Data[3]: 01111111 -> 7f
  Data[4]: 00001111 -> 0f
  Data[5]: 10110111 -> b7
  Data[6]: 00101011 -> 2b
  Data[7]: 10011011 -> 9b
  Data[8]: 10110110 -> b6
  Data[9]: 11011010 -> da
  Data[10]: 11000001 -> c1
  Data[11]: 00001111 -> 0f
  Data[12]: 11011110 -> de
  Data[13]: 00101000 -> 28
  Data[14]: 00001010 -> 0a
  Data[15]: 11000000 -> c0
  Data[16]: 11101111 -> ef
  Data[17]: 00100001 -> 21
  Data[18]: 11011011 -> db
  Data[19]: 10000100 -> 84
  Data[20]: 10001010 -> 8a
  Data[21]: 10110011 -> b3

Address #188: 011010
RDWR Bit: 1
Stream Bit: 1
Stream Length: 15 (binary: 00001111)
  Data[0]: 01110010 -> 72
  Data[1]: 00100011 -> 23
  Data[2]: 00011100 -> 1c
  Data[3]: 01001111 -> 4f
  Data[4]: 00001010 -> 0a
  Data[5]: 01100000 -> 60
  Data[6]: 00011001 -> 19
  Data[7]: 11100101 -> e5
  Data[8]: 11110011 -> f3
  Data[9]: 00101100 -> 2c
  Data[10]: 01000101 -> 45
  Data[11]: 11110101 -> f5
  Data[12]: 10011100 -> 9c
  Data[13]: 10010100 -> 94
  Data[14]: 01111011 -> 7b

Address #197: 001001
RDWR Bit: 0
Stream Bit: 1
Stream Length: 5 (binary: 00000101)
  Data[0]: 11111100 -> fc
  Data[1]: 11001110 -> ce
  Data[2]: 11111100 -> fc
  Data[3]: 00110101 -> 35
  Data[4]: 10011110 -> 9e

Address #200: 011011
RDWR Bit: 1
Stream Bit: 1
Stream Length: 14 (binary: 00001110)
  Data[0]: 01011111 -> 5f
  Data[1]: 11001101 -> cd
  Data[2]: 11001101 -> cd
  Data[3]: 00101110 -> 2e
  Data[4]: 11100111 -> e7
  Data[5]: 01011111 -> 5f
  Data[6]: 11011110 -> de
  Data[7]: 10011010 -> 9a
  Data[8]: 00101010 -> 2a
  Data[9]: 11011000 -> d8
  Data[10]: 01100110 -> 66
  Data[11]: 11011111 -> df
  Data[12]: 11010110 -> d6
  Data[13]: 00101000 -> 28

Address #208: 001000
RDWR Bit: 0
Stream Bit: 0
Exchange: 10100100

Address #209: 001111
RDWR Bit: 1
Stream Bit: 1
Stream Length: 17 (binary: 00010001)
  Data[0]: 01000000 -> 40
  Data[1]: 01000010 -> 42
  Data[2]: 11010111 -> d7
  Data[3]: 10100101 -> a5
  Data[4]: 10000111 -> 87
  Data[5]: 10010110 -> 96
  Data[6]: 01111101 -> 7d
  Data[7]: 00001001 -> 09
  Data[8]: 00101011 -> 2b
  Data[9]: 01110011 -> 73
  Data[10]: 00100100 -> 24
  Data[11]: 00011000 -> 18
  Data[12]: 01011010 -> 5a
  Data[13]: 11101111 -> ef
  Data[14]: 00111101 -> 3d
  Data[15]: 11110001 -> f1
  Data[16]: 01001001 -> 49

Address #219: 101010
RDWR Bit: 0
Stream Bit: 0
Exchange: 00010110

Address #220: 111101
RDWR Bit: 0
Stream Bit: 0
Exchange: 01110000

Address #221: 111101
RDWR Bit: 1
Stream Bit: 1
Stream Length: 28 (binary: 00011100)
  Data[0]: 11001110 -> ce
  Data[1]: 00101111 -> 2f
  Data[2]: 10001101 -> 8d
  Data[3]: 11111000 -> f8
  Data[4]: 10011000 -> 98
  Data[5]: 00110000 -> 30
  Data[6]: 10010111 -> 97
  Data[7]: 10111000 -> b8
  Data[8]: 10100101 -> a5
  Data[9]: 11010100 -> d4
  Data[10]: 11111100 -> fc
  Data[11]: 01110001 -> 71
  Data[12]: 00001010 -> 0a
  Data[13]: 10000100 -> 84
  Data[14]: 11100010 -> e2
  Data[15]: 00111000 -> 38
  Data[16]: 10100100 -> a4
  Data[17]: 10010100 -> 94
  Data[18]: 01000011 -> 43
  Data[19]: 00101010 -> 2a
  Data[20]: 00101000 -> 28
  Data[21]: 11101101 -> ed
  Data[22]: 00100111 -> 27
  Data[23]: 11101100 -> ec
  Data[24]: 00100001 -> 21
  Data[25]: 00100001 -> 21
  Data[26]: 11001111 -> cf
  Data[27]: 00001100 -> 0c

Address #236: 001000
RDWR Bit: 1
Stream Bit: 1
Stream Length: 12 (binary: 00001100)
  Data[0]: 01100010 -> 62
  Data[1]: 01011111 -> 5f
  Data[2]: 01001000 -> 48
  Data[3]: 00111111 -> 3f
  Data[4]: 11110001 -> f1
  Data[5]: 10010000 -> 90
  Data[6]: 10001110 -> 8e
  Data[7]: 01001110 -> 4e
  Data[8]: 10110100 -> b4
  Data[9]: 11000001 -> c1
  Data[10]: 11000001 -> c1
  Data[11]: 01010000 -> 50

Address #243: 000111
RDWR Bit: 0
Stream Bit: 0
Exchange: 10101010

Address #244: 111001
RDWR Bit: 0
Stream Bit: 1
Stream Length: 19 (binary: 00010011)
  Data[0]: 00101110 -> 2e
  Data[1]: 10111110 -> be
  Data[2]: 11011010 -> da
  Data[3]: 11000100 -> c4
  Data[4]: 10011010 -> 9a
  Data[5]: 01100001 -> 61
  Data[6]: 11000110 -> c6
  Data[7]: 10100100 -> a4
  Data[8]: 01101000 -> 68
  Data[9]: 00100100 -> 24
  Data[10]: 00100000 -> 20
  Data[11]: 00001100 -> 0c
  Data[12]: 01110111 -> 77
  Data[13]: 00100001 -> 21
  Data[14]: 10110100 -> b4
  Data[15]: 11000110 -> c6
  Data[16]: 01010001 -> 51
  Data[17]: 01011000 -> 58
  Data[18]: 01110110 -> 76

Address #254: 110101
RDWR Bit: 1
Stream Bit: 0
Exchange: 00010000

Address #255: 000100
RDWR Bit: 0
Stream Bit: 0
Exchange: 11110011

Address #256: 010110
RDWR Bit: 0
Stream Bit: 1
Stream Length: 3 (binary: 00000011)
  Data[0]: 00000010 -> 02
  Data[1]: 00010001 -> 11
  Data[2]: 01111010 -> 7a

Address #259: 011111
RDWR Bit: 0
Stream Bit: 1
Stream Length: 6 (binary: 00000110)
  Data[0]: 01111001 -> 79
  Data[1]: 10101001 -> a9
  Data[2]: 10001110 -> 8e
  Data[3]: 10001000 -> 88
  Data[4]: 10100101 -> a5
  Data[5]: 10100001 -> a1

Address #263: 110001
RDWR Bit: 0
Stream Bit: 1
Stream Length: 4 (binary: 00000100)
  Data[0]: 01000010 -> 42
  Data[1]: 01110110 -> 76
  Data[2]: 01001000 -> 48
  Data[3]: 11100011 -> e3

Address #266: 011011
RDWR Bit: 0
Stream Bit: 1
Stream Length: 2 (binary: 00000010)
  Data[0]: 10101000 -> a8
  Data[1]: 01011100 -> 5c

Address #268: 111110
RDWR Bit: 0
Stream Bit: 0
Exchange: 11001001

Address #269: 111001
RDWR Bit: 1
Stream Bit: 0
Exchange: 10010011

Address #270: 100100
RDWR Bit: 0
Stream Bit: 0
Exchange: 10000011

Address #271: 101111
RDWR Bit: 1
Stream Bit: 1
Stream Length: 26 (binary: 00011010)
  Data[0]: 01110101 -> 75
  Data[1]: 01111100 -> 7c
  Data[2]: 10010101 -> 95
  Data[3]: 10101000 -> a8
  Data[4]: 11000000 -> c0
  Data[5]: 01100010 -> 62
  Data[6]: 11111101 -> fd
  Data[7]: 10110010 -> b2
  Data[8]: 00001111 -> 0f
  Data[9]: 01100011 -> 63
  Data[10]: 10101000 -> a8
  Data[11]: 10111110 -> be
  Data[12]: 10001111 -> 8f
  Data[13]: 01111111 -> 7f
  Data[14]: 01001010 -> 4a
  Data[15]: 00000111 -> 07
  Data[16]: 10101001 -> a9
  Data[17]: 01100001 -> 61
  Data[18]: 11110100 -> f4
  Data[19]: 00010000 -> 10
  Data[20]: 01111000 -> 78
  Data[21]: 10101011 -> ab
  Data[22]: 10001011 -> 8b
  Data[23]: 01011011 -> 5b
  Data[24]: 00010111 -> 17
  Data[25]: 10001100 -> 8c

Address #285: 111010
RDWR Bit: 1
Stream Bit: 0
Exchange: 10001010

Address #286: 110111
RDWR Bit: 1
Stream Bit: 1
Stream Length: 23 (binary: 00010111)
  Data[0]: 10100101 -> a5
  Data[1]: 10010011 -> 93
  Data[2]: 11111100 -> fc
  Data[3]: 11001100 -> cc
  Data[4]: 00110001 -> 31
  Data[5]: 00000110 -> 06
  Data[6]: 10001000 -> 88
  Data[7]: 01100111 -> 67
  Data[8]: 10001001 -> 89
  Data[9]: 01101001 -> 69
  Data[10]: 01101111 -> 6f
  Data[11]: 10101111 -> af
  Data[12]: 00110000 -> 30
  Data[13]: 10010110 -> 96
  Data[14]: 11110001 -> f1
  Data[15]: 10100010 -> a2
  Data[16]: 00111001 -> 39
  Data[17]: 10011101 -> 9d
  Data[18]: 10000000 -> 80
  Data[19]: 00010100 -> 14
  Data[20]: 01010101 -> 55
  Data[21]: 01111011 -> 7b
  Data[22]: 00001101 -> 0d

Address #298: 011100
RDWR Bit: 0
Stream Bit: 0
Exchange: 11001110

Address #299: 001011
RDWR Bit: 1
Stream Bit: 0
Exchange: 00111111
