Read a waves file with 6 signals and 2243 samples...
Input has these signals:
	* sclk (1 bits)
	* mosi (1 bits)
	* miso (1 bits)
	* ss (1 bits)
	* cpol (1 bits)
	* cpha (1 bits)

Address #1: 011010
RDWR Bit: 0
Stream Bit: 0
Exchange: 11001110

Address #2: 010001
RDWR Bit: 1
Stream Bit: 0
Exchange: 00001000

Address #3: 010111
RDWR Bit: 0
Stream Bit: 0
Exchange: 11000010

Address #4: 111010
RDWR Bit: 0
Stream Bit: 0
Exchange: 01011110

Address #5: 101100
RDWR Bit: 0
Stream Bit: 0
Exchange: 00100001

Address #6: 110000
RDWR Bit: 1
Stream Bit: 0
Exchange: 00101010

Address #7: 001000
RDWR Bit: 1
Stream Bit: 0
Exchange: 10101011

Address #8: 011111
RDWR Bit: 0
Stream Bit: 0
Exchange: 01011000

Address #9: 000000
RDWR Bit: 1
Stream Bit: 0
Exchange: 01100010

Address #10: 100010
RDWR Bit: 0
Stream Bit: 0
Exchange: 00010111

Address #11: 110010
RDWR Bit: 0
Stream Bit: 0
Exchange: 00110101

Address #12: 011111
RDWR Bit: 1
Stream Bit: 0
Exchange: 01101101

Address #13: 010011
RDWR Bit: 1
Stream Bit: 0
Exchange: 01010110

Address #14: 011000
RDWR Bit: 1
Stream Bit: 0
Exchange: 10111100

Address #15: 110111
RDWR Bit: 1
Stream Bit: 0
Exchange: 10011110

Address #16: 011101
RDWR Bit: 1
Stream Bit: 0
Exchange: 11110100

Address #17: 011111
RDWR Bit: 0
Stream Bit: 0
Exchange: 11111001

Address #18: 011000
RDWR Bit: 1
Stream Bit: 0
Exchange: 10100010

Address #19: 010110
RDWR Bit: 1
Stream Bit: 0
Exchange: 11101110

Address #20: 100100
RDWR Bit: 0
Stream Bit: 0
Exchange: 01000001

Address #21: 001000
RDWR Bit: 0
Stream Bit: 0
Exchange: 11100000

Address #22: 000010
RDWR Bit: 0
Stream Bit: 0
Exchange: 01101101

Address #23: 100000
RDWR Bit: 1
Stream Bit: 0
Exchange: 11100010

Address #24: 100001
RDWR Bit: 1
Stream Bit: 0
Exchange: 11010100

Address #25: 100010
RDWR Bit: 0
Stream Bit: 0
Exchange: 10011111

Address #26: 001000
RDWR Bit: 0
Stream Bit: 0
Exchange: 01000011

Address #27: 001110
RDWR Bit: 0
Stream Bit: 0
Exchange: 10000100

Address #28: 100110
RDWR Bit: 0
Stream Bit: 0
Exchange: 11110100

Address #29: 100110
RDWR Bit: 1
Stream Bit: 0
Exchange: 11000100

Address #30: 111000
RDWR Bit: 1
Stream Bit: 0
Exchange: 10101000

Address #31: 100100
RDWR Bit: 0
Stream Bit: 0
Exchange: 10000001

Address #32: 011001
RDWR Bit: 0
Stream Bit: 0
Exchange: 00011101

Address #33: 110110
RDWR Bit: 0
Stream Bit: 0
Exchange: 10100001

Address #34: 011100
RDWR Bit: 1
Stream Bit: 0
Exchange: 00111101

Address #35: 100111
RDWR Bit: 0
Stream Bit: 0
Exchange: 10011111

Address #36: 011010
RDWR Bit: 0
Stream Bit: 0
Exchange: 11111010

Address #37: 110000
RDWR Bit: 1
Stream Bit: 0
Exchange: 01010110

Address #38: 011010
RDWR Bit: 1
Stream Bit: 0
Exchange: 00111010

Address #39: 110010
RDWR Bit: 1
Stream Bit: 0
Exchange: 11010010

Address #40: 011100
RDWR Bit: 0
Stream Bit: 0
Exchange: 00110100

Address #41: 101110
RDWR Bit: 0
Stream Bit: 0
Exchange: 00111010

Address #42: 010011
RDWR Bit: 1
Stream Bit: 0
Exchange: 01110011

Address #43: 011100
RDWR Bit: 1
Stream Bit: 0
Exchange: 10000011

Address #44: 100001
RDWR Bit: 1
Stream Bit: 0
Exchange: 01001110

Address #45: 111001
RDWR Bit: 0
Stream Bit: 0
Exchange: 01001111

Address #46: 111001
RDWR Bit: 1
Stream Bit: 0
Exchange: 10011000

Address #47: 111111
RDWR Bit: 0
Stream Bit: 0
Exchange: 11011101

Address #48: 110010
RDWR Bit: 1
Stream Bit: 0
Exchange: 01101001

Address #49: 011001
RDWR Bit: 0
Stream Bit: 0
Exchange: 01000111

Address #50: 100111
RDWR Bit: 1
Stream Bit: 0
Exchange: 01011100

Address #51: 110000
RDWR Bit: 1
Stream Bit: 0
Exchange: 00000001

Address #52: 000111
RDWR Bit: 1
Stream Bit: 0
Exchange: 10010010

Address #53: 001110
RDWR Bit: 0
Stream Bit: 0
Exchange: 10000101

Address #54: 101100
RDWR Bit: 1
Stream Bit: 0
Exchange: 00111001

Address #55: 000011
RDWR Bit: 1
Stream Bit: 0
Exchange: 01010011

Address #56: 110011
RDWR Bit: 0
Stream Bit: 0
Exchange: 00000000

Address #57: 101010
RDWR Bit: 0
Stream Bit: 0
Exchange: 10011000

Address #58: 011001
RDWR Bit: 1
Stream Bit: 0
Exchange: 10011101

Address #59: 110110
RDWR Bit: 0
Stream Bit: 0
Exchange: 00101010

Address #60: 111011
RDWR Bit: 0
Stream Bit: 0
Exchange: 01010110

Address #61: 001001
RDWR Bit: 1
Stream Bit: 0
Exchange: 01101101

Address #62: 101000
RDWR Bit: 1
Stream Bit: 0
Exchange: 00001101

Address #63: 000011
RDWR Bit: 1
Stream Bit: 0
Exchange: 01010110

Address #64: 110110
RDWR Bit: 1
Stream Bit: 0
Exchange: 01110101
