Read a waves file with 6 signals and 2243 samples...
Input has these signals:
	* sclk (1 bits)
	* mosi (1 bits)
	* miso (1 bits)
	* ss (1 bits)
	* cpol (1 bits)
	* cpha (1 bits)

Address #1: 010010
RDWR Bit: 0
Stream Bit: 0
Exchange: 10101000

Address #2: 011011
RDWR Bit: 0
Stream Bit: 0
Exchange: 11110111

Address #3: 111000
RDWR Bit: 0
Stream Bit: 0
Exchange: 01111001

Address #4: 101001
RDWR Bit: 1
Stream Bit: 0
Exchange: 00001101

Address #5: 101101
RDWR Bit: 0
Stream Bit: 0
Exchange: 11010110

Address #6: 001101
RDWR Bit: 1
Stream Bit: 0
Exchange: 01100101

Address #7: 110000
RDWR Bit: 0
Stream Bit: 0
Exchange: 00011010

Address #8: 110011
RDWR Bit: 1
Stream Bit: 0
Exchange: 01010000

Address #9: 101100
RDWR Bit: 0
Stream Bit: 0
Exchange: 10111101

Address #10: 111001
RDWR Bit: 0
Stream Bit: 0
Exchange: 10011110

Address #11: 001011
RDWR Bit: 1
Stream Bit: 0
Exchange: 00000110

Address #12: 001111
RDWR Bit: 0
Stream Bit: 0
Exchange: 00111110

Address #13: 100011
RDWR Bit: 1
Stream Bit: 0
Exchange: 00111000

Address #14: 110010
RDWR Bit: 1
Stream Bit: 0
Exchange: 00000100

Address #15: 100001
RDWR Bit: 0
Stream Bit: 0
Exchange: 01010111

Address #16: 000001
RDWR Bit: 1
Stream Bit: 0
Exchange: 01101000

Address #17: 000100
RDWR Bit: 0
Stream Bit: 0
Exchange: 01011001

Address #18: 101001
RDWR Bit: 0
Stream Bit: 0
Exchange: 10110111

Address #19: 010001
RDWR Bit: 1
Stream Bit: 0
Exchange: 01111010

Address #20: 010100
RDWR Bit: 0
Stream Bit: 0
Exchange: 10011100

Address #21: 011100
RDWR Bit: 1
Stream Bit: 0
Exchange: 01100000

Address #22: 100111
RDWR Bit: 0
Stream Bit: 0
Exchange: 11000100

Address #23: 010011
RDWR Bit: 1
Stream Bit: 0
Exchange: 11111010

Address #24: 000100
RDWR Bit: 0
Stream Bit: 0
Exchange: 11000011

Address #25: 001001
RDWR Bit: 0
Stream Bit: 0
Exchange: 11001000

Address #26: 111001
RDWR Bit: 0
Stream Bit: 0
Exchange: 00010110

Address #27: 111101
RDWR Bit: 1
Stream Bit: 0
Exchange: 10001101

Address #28: 110100
RDWR Bit: 1
Stream Bit: 0
Exchange: 11111011

Address #29: 000100
RDWR Bit: 0
Stream Bit: 0
Exchange: 01011110

Address #30: 000100
RDWR Bit: 0
Stream Bit: 0
Exchange: 00001110

Address #31: 011100
RDWR Bit: 1
Stream Bit: 0
Exchange: 10001111

Address #32: 110110
RDWR Bit: 1
Stream Bit: 0
Exchange: 00001110

Address #33: 011001
RDWR Bit: 1
Stream Bit: 0
Exchange: 01010001

Address #34: 001011
RDWR Bit: 0
Stream Bit: 0
Exchange: 01111010

Address #35: 001101
RDWR Bit: 0
Stream Bit: 0
Exchange: 10001010

Address #36: 000001
RDWR Bit: 0
Stream Bit: 0
Exchange: 10010110

Address #37: 111011
RDWR Bit: 1
Stream Bit: 0
Exchange: 00000001

Address #38: 110000
RDWR Bit: 1
Stream Bit: 0
Exchange: 01001111

Address #39: 101100
RDWR Bit: 1
Stream Bit: 0
Exchange: 11010010

Address #40: 011001
RDWR Bit: 0
Stream Bit: 0
Exchange: 00000010

Address #41: 000101
RDWR Bit: 0
Stream Bit: 0
Exchange: 01000100

Address #42: 000001
RDWR Bit: 0
Stream Bit: 0
Exchange: 00000010

Address #43: 000111
RDWR Bit: 1
Stream Bit: 0
Exchange: 11101110

Address #44: 110011
RDWR Bit: 0
Stream Bit: 0
Exchange: 10010000

Address #45: 001010
RDWR Bit: 0
Stream Bit: 0
Exchange: 11110011

Address #46: 011101
RDWR Bit: 1
Stream Bit: 0
Exchange: 00000011

Address #47: 110000
RDWR Bit: 0
Stream Bit: 0
Exchange: 01011111

Address #48: 110010
RDWR Bit: 0
Stream Bit: 0
Exchange: 01111101

Address #49: 001000
RDWR Bit: 0
Stream Bit: 0
Exchange: 01000110

Address #50: 110011
RDWR Bit: 1
Stream Bit: 0
Exchange: 01111101

Address #51: 111101
RDWR Bit: 0
Stream Bit: 0
Exchange: 11011001

Address #52: 101110
RDWR Bit: 0
Stream Bit: 0
Exchange: 11011110

Address #53: 100010
RDWR Bit: 1
Stream Bit: 0
Exchange: 00000110

Address #54: 111000
RDWR Bit: 1
Stream Bit: 0
Exchange: 00010110

Address #55: 011000
RDWR Bit: 1
Stream Bit: 0
Exchange: 00010010

Address #56: 000001
RDWR Bit: 1
Stream Bit: 0
Exchange: 00111011

Address #57: 100000
RDWR Bit: 0
Stream Bit: 0
Exchange: 00001111

Address #58: 111010
RDWR Bit: 0
Stream Bit: 0
Exchange: 11101010

Address #59: 110011
RDWR Bit: 1
Stream Bit: 0
Exchange: 11111110

Address #60: 011110
RDWR Bit: 0
Stream Bit: 0
Exchange: 00100001

Address #61: 001010
RDWR Bit: 1
Stream Bit: 0
Exchange: 01010011

Address #62: 011001
RDWR Bit: 1
Stream Bit: 0
Exchange: 00100001

Address #63: 110011
RDWR Bit: 0
Stream Bit: 0
Exchange: 00000100

Address #64: 011101
RDWR Bit: 0
Stream Bit: 0
Exchange: 10010010
