Read a waves file with 6 signals and 10883 samples...
Input has these signals:
	* sclk (1 bits)
	* mosi (1 bits)
	* miso (1 bits)
	* ss (1 bits)
	* cpol (1 bits)
	* cpha (1 bits)

Address #1: 011011
RDWR Bit: 0
Stream Bit: 1
Stream Length: 22 (binary: 00010110)
  Data[0]: 00000100 -> 04
  Data[1]: 10111111 -> bf
  Data[2]: 01111100 -> 7c
  Data[3]: 11100110 -> e6
  Data[4]: 01011110 -> 5e
  Data[5]: 10010011 -> 93
  Data[6]: 11111110 -> fe
  Data[7]: 10010111 -> 97
  Data[8]: 01100000 -> 60
  Data[9]: 00010111 -> 17
  Data[10]: 10110110 -> b6
  Data[11]: 01101101 -> 6d
  Data[12]: 00001111 -> 0f
  Data[13]: 11010010 -> d2
  Data[14]: 11001000 -> c8
  Data[15]: 01010001 -> 51
  Data[16]: 10011011 -> 9b
  Data[17]: 10110001 -> b1
  Data[18]: 00011000 -> 18
  Data[19]: 00000100 -> 04
  Data[20]: 10100110 -> a6
  Data[21]: 10000010 -> 82

Address #13: 101100
RDWR Bit: 0
Stream Bit: 0
Exchange: 11010110

Address #14: 100100
RDWR Bit: 1
Stream Bit: 1
Stream Length: 16 (binary: 00010000)
  Data[0]: 11010000 -> d0
  Data[1]: 00101010 -> 2a
  Data[2]: 11101111 -> ef
  Data[3]: 01001001 -> 49
  Data[4]: 10011000 -> 98
  Data[5]: 10001010 -> 8a
  Data[6]: 10100010 -> a2
  Data[7]: 01111100 -> 7c
  Data[8]: 01101000 -> 68
  Data[9]: 01110111 -> 77
  Data[10]: 10110101 -> b5
  Data[11]: 01000001 -> 41
  Data[12]: 11101011 -> eb
  Data[13]: 10100011 -> a3
  Data[14]: 01110100 -> 74
  Data[15]: 00100110 -> 26

Address #23: 100001
RDWR Bit: 0
Stream Bit: 0
Exchange: 01101010

Address #24: 011100
RDWR Bit: 1
Stream Bit: 1
Stream Length: 8 (binary: 00001000)
  Data[0]: 10001010 -> 8a
  Data[1]: 00101001 -> 29
  Data[2]: 00110000 -> 30
  Data[3]: 11110011 -> f3
  Data[4]: 11110011 -> f3
  Data[5]: 00100000 -> 20
  Data[6]: 01010100 -> 54
  Data[7]: 00000101 -> 05

Address #29: 110101
RDWR Bit: 1
Stream Bit: 1
Stream Length: 11 (binary: 00001011)
  Data[0]: 00110000 -> 30
  Data[1]: 11011000 -> d8
  Data[2]: 11100000 -> e0
  Data[3]: 10011110 -> 9e
  Data[4]: 00000101 -> 05
  Data[5]: 11111111 -> ff
  Data[6]: 10111101 -> bd
  Data[7]: 00011001 -> 19
  Data[8]: 01011111 -> 5f
  Data[9]: 01011001 -> 59
  Data[10]: 11101001 -> e9

Address #35: 110101
RDWR Bit: 0
Stream Bit: 1
Stream Length: 29 (binary: 00011101)
  Data[0]: 10000000 -> 80
  Data[1]: 00101100 -> 2c
  Data[2]: 10110100 -> b4
  Data[3]: 10111000 -> b8
  Data[4]: 11011101 -> dd
  Data[5]: 00101111 -> 2f
  Data[6]: 11100001 -> e1
  Data[7]: 10110111 -> b7
  Data[8]: 00110010 -> 32
  Data[9]: 00010011 -> 13
  Data[10]: 01111111 -> 7f
  Data[11]: 00001111 -> 0f
  Data[12]: 11100110 -> e6
  Data[13]: 01100011 -> 63
  Data[14]: 00101000 -> 28
  Data[15]: 01011010 -> 5a
  Data[16]: 00010101 -> 15
  Data[17]: 01011110 -> 5e
  Data[18]: 10101101 -> ad
  Data[19]: 11110011 -> f3
  Data[20]: 01000111 -> 47
  Data[21]: 10001100 -> 8c
  Data[22]: 01111000 -> 78
  Data[23]: 00000110 -> 06
  Data[24]: 11000001 -> c1
  Data[25]: 11001101 -> cd
  Data[26]: 10000100 -> 84
  Data[27]: 10010110 -> 96
  Data[28]: 11010101 -> d5

Address #51: 100000
RDWR Bit: 1
Stream Bit: 0
Exchange: 01001100

Address #52: 111101
RDWR Bit: 1
Stream Bit: 0
Exchange: 01011000

Address #53: 100111
RDWR Bit: 0
Stream Bit: 1
Stream Length: 27 (binary: 00011011)
  Data[0]: 00010100 -> 14
  Data[1]: 10011011 -> 9b
  Data[2]: 01000100 -> 44
  Data[3]: 11110000 -> f0
  Data[4]: 11111010 -> fa
  Data[5]: 00011011 -> 1b
  Data[6]: 00000111 -> 07
  Data[7]: 11000010 -> c2
  Data[8]: 11000110 -> c6
  Data[9]: 11111110 -> fe
  Data[10]: 00101000 -> 28
  Data[11]: 11101010 -> ea
  Data[12]: 01110001 -> 71
  Data[13]: 10110110 -> b6
  Data[14]: 10011010 -> 9a
  Data[15]: 11111101 -> fd
  Data[16]: 11100111 -> e7
  Data[17]: 10011000 -> 98
  Data[18]: 10111101 -> bd
  Data[19]: 11101101 -> ed
  Data[20]: 10000001 -> 81
  Data[21]: 00111011 -> 3b
  Data[22]: 01111110 -> 7e
  Data[23]: 10101010 -> aa
  Data[24]: 00101011 -> 2b
  Data[25]: 01111011 -> 7b
  Data[26]: 01000110 -> 46

Address #67: 101001
RDWR Bit: 0
Stream Bit: 0
Exchange: 01100100

Address #68: 100100
RDWR Bit: 1
Stream Bit: 1
Stream Length: 12 (binary: 00001100)
  Data[0]: 11110111 -> f7
  Data[1]: 11100010 -> e2
  Data[2]: 10101010 -> aa
  Data[3]: 01000101 -> 45
  Data[4]: 01010000 -> 50
  Data[5]: 10000111 -> 87
  Data[6]: 11010010 -> d2
  Data[7]: 01101101 -> 6d
  Data[8]: 11101000 -> e8
  Data[9]: 01100101 -> 65
  Data[10]: 10101100 -> ac
  Data[11]: 01000011 -> 43

Address #75: 101111
RDWR Bit: 1
Stream Bit: 0
Exchange: 10010000

Address #76: 110000
RDWR Bit: 0
Stream Bit: 0
Exchange: 10110001

Address #77: 100000
RDWR Bit: 1
Stream Bit: 1
Stream Length: 1 (binary: 00000001)
  Data[0]: 10110100 -> b4

Address #79: 010000
RDWR Bit: 1
Stream Bit: 1
Stream Length: 30 (binary: 00011110)
  Data[0]: 01010011 -> 53
  Data[1]: 00001010 -> 0a
  Data[2]: 01100110 -> 66
  Data[3]: 00011000 -> 18
  Data[4]: 11011100 -> dc
  Data[5]: 10001000 -> 88
  Data[6]: 10110000 -> b0
  Data[7]: 00100011 -> 23
  Data[8]: 01001000 -> 48
  Data[9]: 10010001 -> 91
  Data[10]: 11011110 -> de
  Data[11]: 11111010 -> fa
  Data[12]: 00111001 -> 39
  Data[13]: 00011001 -> 19
  Data[14]: 01111000 -> 78
  Data[15]: 01011110 -> 5e
  Data[16]: 10101010 -> aa
  Data[17]: 01101011 -> 6b
  Data[18]: 11110101 -> f5
  Data[19]: 00011011 -> 1b
  Data[20]: 10110101 -> b5
  Data[21]: 10001000 -> 88
  Data[22]: 00111110 -> 3e
  Data[23]: 11111010 -> fa
  Data[24]: 00111010 -> 3a
  Data[25]: 11011100 -> dc
  Data[26]: 00010000 -> 10
  Data[27]: 00011001 -> 19
  Data[28]: 01000001 -> 41
  Data[29]: 01110001 -> 71

Address #95: 010110
RDWR Bit: 0
Stream Bit: 0
Exchange: 10110010

Address #96: 100010
RDWR Bit: 1
Stream Bit: 0
Exchange: 11001010

Address #97: 011010
RDWR Bit: 0
Stream Bit: 1
Stream Length: 17 (binary: 00010001)
  Data[0]: 00001100 -> 0c
  Data[1]: 11100100 -> e4
  Data[2]: 00101110 -> 2e
  Data[3]: 00100100 -> 24
  Data[4]: 10011011 -> 9b
  Data[5]: 01101100 -> 6c
  Data[6]: 00000000 -> 00
  Data[7]: 11011000 -> d8
  Data[8]: 00000101 -> 05
  Data[9]: 11000110 -> c6
  Data[10]: 10010110 -> 96
  Data[11]: 11000001 -> c1
  Data[12]: 00101100 -> 2c
  Data[13]: 11101101 -> ed
  Data[14]: 00100101 -> 25
  Data[15]: 00001101 -> 0d
  Data[16]: 11000101 -> c5

Address #106: 010110
RDWR Bit: 1
Stream Bit: 1
Stream Length: 8 (binary: 00001000)
  Data[0]: 00000001 -> 01
  Data[1]: 11010101 -> d5
  Data[2]: 11001011 -> cb
  Data[3]: 01011110 -> 5e
  Data[4]: 11001101 -> cd
  Data[5]: 00011001 -> 19
  Data[6]: 01100001 -> 61
  Data[7]: 10110011 -> b3

Address #111: 100100
RDWR Bit: 0
Stream Bit: 1
Stream Length: 15 (binary: 00001111)
  Data[0]: 10100111 -> a7
  Data[1]: 11111101 -> fd
  Data[2]: 00010000 -> 10
  Data[3]: 11101000 -> e8
  Data[4]: 10100001 -> a1
  Data[5]: 00010111 -> 17
  Data[6]: 01100111 -> 67
  Data[7]: 01100111 -> 67
  Data[8]: 01100000 -> 60
  Data[9]: 11001001 -> c9
  Data[10]: 00101010 -> 2a
  Data[11]: 10101010 -> aa
  Data[12]: 10101000 -> a8
  Data[13]: 10010110 -> 96
  Data[14]: 01001011 -> 4b

Address #120: 110111
RDWR Bit: 0
Stream Bit: 0
Exchange: 00110001

Address #121: 100010
RDWR Bit: 1
Stream Bit: 0
Exchange: 11010000

Address #122: 000000
RDWR Bit: 0
Stream Bit: 0
Exchange: 11111000

Address #123: 010111
RDWR Bit: 0
Stream Bit: 1
Stream Length: 11 (binary: 00001011)
  Data[0]: 10011101 -> 9d
  Data[1]: 01000011 -> 43
  Data[2]: 00100111 -> 27
  Data[3]: 10101001 -> a9
  Data[4]: 01000000 -> 40
  Data[5]: 01001010 -> 4a
  Data[6]: 11111001 -> f9
  Data[7]: 11001100 -> cc
  Data[8]: 11001011 -> cb
  Data[9]: 01101100 -> 6c
  Data[10]: 00010110 -> 16

Address #129: 011101
RDWR Bit: 0
Stream Bit: 1
Stream Length: 20 (binary: 00010100)
  Data[0]: 11110010 -> f2
  Data[1]: 01101111 -> 6f
  Data[2]: 01110001 -> 71
  Data[3]: 11101001 -> e9
  Data[4]: 01111101 -> 7d
  Data[5]: 11000001 -> c1
  Data[6]: 11100000 -> e0
  Data[7]: 10011010 -> 9a
  Data[8]: 01101001 -> 69
  Data[9]: 00110000 -> 30
  Data[10]: 11011000 -> d8
  Data[11]: 11011000 -> d8
  Data[12]: 00111011 -> 3b
  Data[13]: 00001001 -> 09
  Data[14]: 01101111 -> 6f
  Data[15]: 10010111 -> 97
  Data[16]: 10000011 -> 83
  Data[17]: 11100011 -> e3
  Data[18]: 10101111 -> af
  Data[19]: 11101110 -> ee

Address #140: 011001
RDWR Bit: 0
Stream Bit: 1
Stream Length: 19 (binary: 00010011)
  Data[0]: 00101111 -> 2f
  Data[1]: 11111101 -> fd
  Data[2]: 11101001 -> e9
  Data[3]: 11101000 -> e8
  Data[4]: 01100000 -> 60
  Data[5]: 00111011 -> 3b
  Data[6]: 01000000 -> 40
  Data[7]: 01101110 -> 6e
  Data[8]: 10001011 -> 8b
  Data[9]: 10110110 -> b6
  Data[10]: 11000111 -> c7
  Data[11]: 01001111 -> 4f
  Data[12]: 00000000 -> 00
  Data[13]: 01010101 -> 55
  Data[14]: 10010111 -> 97
  Data[15]: 01110011 -> 73
  Data[16]: 01101001 -> 69
  Data[17]: 00101000 -> 28
  Data[18]: 11011111 -> df

Address #151: 111000
RDWR Bit: 0
Stream Bit: 0
Exchange: 00101101

Address #152: 100001
RDWR Bit: 1
Stream Bit: 1
Stream Length: 14 (binary: 00001110)
  Data[0]: 01001011 -> 4b
  Data[1]: 01111010 -> 7a
  Data[2]: 00110011 -> 33
  Data[3]: 01111010 -> 7a
  Data[4]: 10010000 -> 90
  Data[5]: 11111001 -> f9
  Data[6]: 00001010 -> 0a
  Data[7]: 10100010 -> a2
  Data[8]: 11110111 -> f7
  Data[9]: 10001000 -> 88
  Data[10]: 00000101 -> 05
  Data[11]: 11100111 -> e7
  Data[12]: 00101101 -> 2d
  Data[13]: 10111110 -> be

Address #160: 111010
RDWR Bit: 1
Stream Bit: 1
Stream Length: 19 (binary: 00010011)
  Data[0]: 01011011 -> 5b
  Data[1]: 10110001 -> b1
  Data[2]: 00010010 -> 12
  Data[3]: 01111010 -> 7a
  Data[4]: 00000110 -> 06
  Data[5]: 11110101 -> f5
  Data[6]: 00010010 -> 12
  Data[7]: 01011010 -> 5a
  Data[8]: 10010001 -> 91
  Data[9]: 01110000 -> 70
  Data[10]: 00000101 -> 05
  Data[11]: 10100101 -> a5
  Data[12]: 00010011 -> 13
  Data[13]: 00100010 -> 22
  Data[14]: 10001011 -> 8b
  Data[15]: 10101010 -> aa
  Data[16]: 01001110 -> 4e
  Data[17]: 11000110 -> c6
  Data[18]: 00011110 -> 1e

Address #170: 001001
RDWR Bit: 1
Stream Bit: 0
Exchange: 01001001

Address #171: 100010
RDWR Bit: 0
Stream Bit: 0
Exchange: 01111110

Address #172: 000111
RDWR Bit: 1
Stream Bit: 1
Stream Length: 13 (binary: 00001101)
  Data[0]: 11001001 -> c9
  Data[1]: 01000010 -> 42
  Data[2]: 01001010 -> 4a
  Data[3]: 11001000 -> c8
  Data[4]: 10110100 -> b4
  Data[5]: 11001100 -> cc
  Data[6]: 11001101 -> cd
  Data[7]: 10100110 -> a6
  Data[8]: 10000011 -> 83
  Data[9]: 11000100 -> c4
  Data[10]: 01101100 -> 6c
  Data[11]: 11011011 -> db
  Data[12]: 10110010 -> b2

Address #180: 111000
RDWR Bit: 0
Stream Bit: 0
Exchange: 01100000

Address #181: 100001
RDWR Bit: 0
Stream Bit: 0
Exchange: 00111101

Address #182: 101100
RDWR Bit: 1
Stream Bit: 0
Exchange: 01001011

Address #183: 000001
RDWR Bit: 1
Stream Bit: 0
Exchange: 01101101

Address #184: 101110
RDWR Bit: 0
Stream Bit: 1
Stream Length: 21 (binary: 00010101)
  Data[0]: 01101011 -> 6b
  Data[1]: 10010101 -> 95
  Data[2]: 11000010 -> c2
  Data[3]: 11001000 -> c8
  Data[4]: 11000110 -> c6
  Data[5]: 10110101 -> b5
  Data[6]: 00010011 -> 13
  Data[7]: 11111010 -> fa
  Data[8]: 01001001 -> 49
  Data[9]: 00111001 -> 39
  Data[10]: 01000011 -> 43
  Data[11]: 01101001 -> 69
  Data[12]: 11111100 -> fc
  Data[13]: 00000010 -> 02
  Data[14]: 11100100 -> e4
  Data[15]: 10111111 -> bf
  Data[16]: 01010111 -> 57
  Data[17]: 11011000 -> d8
  Data[18]: 11111011 -> fb
  Data[19]: 11010110 -> d6
  Data[20]: 00000111 -> 07

Address #195: 110110
RDWR Bit: 0
Stream Bit: 1
Stream Length: 20 (binary: 00010100)
  Data[0]: 00111101 -> 3d
  Data[1]: 11010010 -> d2
  Data[2]: 11010101 -> d5
  Data[3]: 01100111 -> 67
  Data[4]: 11110101 -> f5
  Data[5]: 11010100 -> d4
  Data[6]: 10010111 -> 97
  Data[7]: 10001010 -> 8a
  Data[8]: 10101101 -> ad
  Data[9]: 11101011 -> eb
  Data[10]: 10100100 -> a4
  Data[11]: 10000101 -> 85
  Data[12]: 10010000 -> 90
  Data[13]: 01001001 -> 49
  Data[14]: 00011101 -> 1d
  Data[15]: 01001011 -> 4b
  Data[16]: 11011010 -> da
  Data[17]: 01011010 -> 5a
  Data[18]: 10011001 -> 99
  Data[19]: 01010110 -> 56

Address #206: 010111
RDWR Bit: 1
Stream Bit: 0
Exchange: 00010001

Address #207: 101011
RDWR Bit: 0
Stream Bit: 1
Stream Length: 30 (binary: 00011110)
  Data[0]: 00111111 -> 3f
  Data[1]: 10100000 -> a0
  Data[2]: 00001011 -> 0b
  Data[3]: 11001011 -> cb
  Data[4]: 10111001 -> b9
  Data[5]: 00111001 -> 39
  Data[6]: 11100011 -> e3
  Data[7]: 00110101 -> 35
  Data[8]: 11010000 -> d0
  Data[9]: 00110100 -> 34
  Data[10]: 11010001 -> d1
  Data[11]: 01010000 -> 50
  Data[12]: 10011000 -> 98
  Data[13]: 11000101 -> c5
  Data[14]: 00000010 -> 02
  Data[15]: 10010000 -> 90
  Data[16]: 11110010 -> f2
  Data[17]: 11110110 -> f6
  Data[18]: 10101001 -> a9
  Data[19]: 10100001 -> a1
  Data[20]: 01110111 -> 77
  Data[21]: 11111011 -> fb
  Data[22]: 00011000 -> 18
  Data[23]: 00010110 -> 16
  Data[24]: 11010100 -> d4
  Data[25]: 01100110 -> 66
  Data[26]: 00111011 -> 3b
  Data[27]: 11110100 -> f4
  Data[28]: 01000010 -> 42
  Data[29]: 01101010 -> 6a

Address #223: 110101
RDWR Bit: 0
Stream Bit: 0
Exchange: 11010001

Address #224: 010010
RDWR Bit: 1
Stream Bit: 1
Stream Length: 2 (binary: 00000010)
  Data[0]: 00010011 -> 13
  Data[1]: 11101000 -> e8

Address #226: 011111
RDWR Bit: 1
Stream Bit: 0
Exchange: 01010111

Address #227: 111010
RDWR Bit: 0
Stream Bit: 0
Exchange: 00011100

Address #228: 100011
RDWR Bit: 0
Stream Bit: 0
Exchange: 00110001

Address #229: 011100
RDWR Bit: 0
Stream Bit: 0
Exchange: 01011100

Address #230: 011000
RDWR Bit: 1
Stream Bit: 1
Stream Length: 31 (binary: 00011111)
  Data[0]: 00010011 -> 13
  Data[1]: 00011101 -> 1d
  Data[2]: 10111011 -> bb
  Data[3]: 00010001 -> 11
  Data[4]: 01001110 -> 4e
  Data[5]: 11000101 -> c5
  Data[6]: 00101110 -> 2e
  Data[7]: 11000100 -> c4
  Data[8]: 01110110 -> 76
  Data[9]: 01000100 -> 44
  Data[10]: 10010001 -> 91
  Data[11]: 10101011 -> ab
  Data[12]: 11100100 -> e4
  Data[13]: 01111100 -> 7c
  Data[14]: 10001000 -> 88
  Data[15]: 10011111 -> 9f
  Data[16]: 01010000 -> 50
  Data[17]: 01001110 -> 4e
  Data[18]: 01001110 -> 4e
  Data[19]: 00100101 -> 25
  Data[20]: 11101101 -> ed
  Data[21]: 01000111 -> 47
  Data[22]: 00011010 -> 1a
  Data[23]: 01100110 -> 66
  Data[24]: 01000011 -> 43
  Data[25]: 00101111 -> 2f
  Data[26]: 11100000 -> e0
  Data[27]: 10001001 -> 89
  Data[28]: 01110001 -> 71
  Data[29]: 11010101 -> d5
  Data[30]: 11000000 -> c0

Address #247: 001011
RDWR Bit: 0
Stream Bit: 0
Exchange: 01110001

Address #248: 111100
RDWR Bit: 0
Stream Bit: 0
Exchange: 00111011

Address #249: 000110
RDWR Bit: 0
Stream Bit: 1
Stream Length: 22 (binary: 00010110)
  Data[0]: 00010111 -> 17
  Data[1]: 00000001 -> 01
  Data[2]: 01011100 -> 5c
  Data[3]: 00111011 -> 3b
  Data[4]: 01010101 -> 55
  Data[5]: 00010000 -> 10
  Data[6]: 10010011 -> 93
  Data[7]: 00101000 -> 28
  Data[8]: 10110101 -> b5
  Data[9]: 10110011 -> b3
  Data[10]: 00001000 -> 08
  Data[11]: 01100011 -> 63
  Data[12]: 01010110 -> 56
  Data[13]: 11101000 -> e8
  Data[14]: 00110010 -> 32
  Data[15]: 11010110 -> d6
  Data[16]: 10010010 -> 92
  Data[17]: 00111010 -> 3a
  Data[18]: 01111001 -> 79
  Data[19]: 01000101 -> 45
  Data[20]: 10001010 -> 8a
  Data[21]: 11011110 -> de

Address #261: 110010
RDWR Bit: 0
Stream Bit: 1
Stream Length: 29 (binary: 00011101)
  Data[0]: 01101001 -> 69
  Data[1]: 00101100 -> 2c
  Data[2]: 01011010 -> 5a
  Data[3]: 11000001 -> c1
  Data[4]: 11111010 -> fa
  Data[5]: 11101101 -> ed
  Data[6]: 11100011 -> e3
  Data[7]: 01110010 -> 72
  Data[8]: 10100100 -> a4
  Data[9]: 11100110 -> e6
  Data[10]: 01010100 -> 54
  Data[11]: 11010100 -> d4
  Data[12]: 11010110 -> d6
  Data[13]: 00100100 -> 24
  Data[14]: 00001001 -> 09
  Data[15]: 01010111 -> 57
  Data[16]: 00100000 -> 20
  Data[17]: 00101110 -> 2e
  Data[18]: 11010111 -> d7
  Data[19]: 01010010 -> 52
  Data[20]: 10101000 -> a8
  Data[21]: 01000011 -> 43
  Data[22]: 10111001 -> b9
  Data[23]: 11011111 -> df
  Data[24]: 11000000 -> c0
  Data[25]: 00111101 -> 3d
  Data[26]: 01010001 -> 51
  Data[27]: 01011001 -> 59
  Data[28]: 00011111 -> 1f

Address #276: 101111
RDWR Bit: 1
Stream Bit: 0
Exchange: 01110111

Address #277: 011000
RDWR Bit: 1
Stream Bit: 0
Exchange: 10111011

Address #278: 110111
RDWR Bit: 1
Stream Bit: 1
Stream Length: 19 (binary: 00010011)
  Data[0]: 10011110 -> 9e
  Data[1]: 00100010 -> 22
  Data[2]: 10011110 -> 9e
  Data[3]: 10100101 -> a5
  Data[4]: 01010100 -> 54
  Data[5]: 10010011 -> 93
  Data[6]: 00100011 -> 23
  Data[7]: 11011100 -> dc
  Data[8]: 01101101 -> 6d
  Data[9]: 10111000 -> b8
  Data[10]: 01111111 -> 7f
  Data[11]: 01100100 -> 64
  Data[12]: 10100011 -> a3
  Data[13]: 10010101 -> 95
  Data[14]: 01110010 -> 72
  Data[15]: 01001111 -> 4f
  Data[16]: 11101011 -> eb
  Data[17]: 10100011 -> a3
  Data[18]: 11011111 -> df

Address #289: 101100
RDWR Bit: 0
Stream Bit: 1
Stream Length: 1 (binary: 00000001)
  Data[0]: 01001111 -> 4f

Address #290: 101111
RDWR Bit: 1
Stream Bit: 0
Exchange: 00010000

Address #291: 111010
RDWR Bit: 1
Stream Bit: 0
Exchange: 10111001

Address #292: 011100
RDWR Bit: 0
Stream Bit: 1
Stream Length: 24 (binary: 00011000)
  Data[0]: 01101100 -> 6c
  Data[1]: 10101111 -> af
  Data[2]: 11110010 -> f2
  Data[3]: 00001010 -> 0a
  Data[4]: 01011000 -> 58
  Data[5]: 01001111 -> 4f
  Data[6]: 01111110 -> 7e
  Data[7]: 10010001 -> 91
  Data[8]: 11100110 -> e6
  Data[9]: 11000101 -> c5
  Data[10]: 01101110 -> 6e
  Data[11]: 00010101 -> 15
  Data[12]: 11101100 -> ec
  Data[13]: 00100100 -> 24
  Data[14]: 00100011 -> 23
  Data[15]: 01001001 -> 49
  Data[16]: 01110001 -> 71
  Data[17]: 00110011 -> 33
  Data[18]: 00100110 -> 26
  Data[19]: 01011100 -> 5c
  Data[20]: 11110001 -> f1
  Data[21]: 11000010 -> c2
  Data[22]: 01110000 -> 70
  Data[23]: 00001010 -> 0a

Address #305: 100111
RDWR Bit: 1
Stream Bit: 1
Stream Length: 2 (binary: 00000010)
  Data[0]: 10101010 -> aa
  Data[1]: 10101001 -> a9

Address #307: 111110
RDWR Bit: 0
Stream Bit: 1
Stream Length: 29 (binary: 00011101)
  Data[0]: 01111100 -> 7c
  Data[1]: 11110010 -> f2
  Data[2]: 01010010 -> 52
  Data[3]: 11011010 -> da
  Data[4]: 00100001 -> 21
  Data[5]: 11001101 -> cd
  Data[6]: 00111101 -> 3d
  Data[7]: 10010110 -> 96
  Data[8]: 10110000 -> b0
  Data[9]: 11001101 -> cd
  Data[10]: 10100110 -> a6
  Data[11]: 00100011 -> 23
  Data[12]: 11010000 -> d0
  Data[13]: 00101011 -> 2b
  Data[14]: 00100101 -> 25
  Data[15]: 00010111 -> 17
  Data[16]: 01011001 -> 59
  Data[17]: 00001010 -> 0a
  Data[18]: 11001111 -> cf
  Data[19]: 01000100 -> 44
  Data[20]: 00011010 -> 1a
  Data[21]: 11101000 -> e8
  Data[22]: 00111110 -> 3e
  Data[23]: 10000111 -> 87
  Data[24]: 00110000 -> 30
  Data[25]: 11001000 -> c8
  Data[26]: 00100111 -> 27
  Data[27]: 11000000 -> c0
  Data[28]: 10111101 -> bd

Address #323: 000001
RDWR Bit: 0
Stream Bit: 1
Stream Length: 18 (binary: 00010010)
  Data[0]: 00001010 -> 0a
  Data[1]: 11110111 -> f7
  Data[2]: 11111000 -> f8
  Data[3]: 01000010 -> 42
  Data[4]: 10001110 -> 8e
  Data[5]: 10110001 -> b1
  Data[6]: 10011001 -> 99
  Data[7]: 00000101 -> 05
  Data[8]: 11011000 -> d8
  Data[9]: 11100111 -> e7
  Data[10]: 11000010 -> c2
  Data[11]: 00110110 -> 36
  Data[12]: 11101100 -> ec
  Data[13]: 01110101 -> 75
  Data[14]: 11010010 -> d2
  Data[15]: 11010010 -> d2
  Data[16]: 10110010 -> b2
  Data[17]: 01100001 -> 61

Address #333: 101001
RDWR Bit: 0
Stream Bit: 0
Exchange: 10110111

Address #334: 110110
RDWR Bit: 0
Stream Bit: 0
Exchange: 11100000
