Read a waves file with 6 signals and 6067 samples...
Input has these signals:
	* sclk (1 bits)
	* mosi (1 bits)
	* miso (1 bits)
	* ss (1 bits)
	* cpol (1 bits)
	* cpha (1 bits)

Address #1: 001001
RDWR Bit: 0
Stream Bit: 1
Stream Length: 20 (binary: 00010100)
  Data[0]: 01010010 -> 52
  Data[1]: 10111110 -> be
  Data[2]: 10100011 -> a3
  Data[3]: 10100001 -> a1
  Data[4]: 01100000 -> 60
  Data[5]: 11110100 -> f4
  Data[6]: 01110010 -> 72
  Data[7]: 11110111 -> f7
  Data[8]: 11001001 -> c9
  Data[9]: 00011011 -> 1b
  Data[10]: 10000101 -> 85
  Data[11]: 01011010 -> 5a
  Data[12]: 00010110 -> 16
  Data[13]: 01101111 -> 6f
  Data[14]: 11100100 -> e4
  Data[15]: 00010011 -> 13
  Data[16]: 01111101 -> 7d
  Data[17]: 11011111 -> df
  Data[18]: 00111001 -> 39
  Data[19]: 00010100 -> 14

Address #12: 001110
RDWR Bit: 0
Stream Bit: 0
Exchange: 11000111

Address #13: 100010
RDWR Bit: 0
Stream Bit: 0
Exchange: 11010010

Address #14: 010000
RDWR Bit: 0
Stream Bit: 0
Exchange: 00110000

Address #15: 110101
RDWR Bit: 0
Stream Bit: 0
Exchange: 00000111

Address #16: 011111
RDWR Bit: 1
Stream Bit: 0
Exchange: 10011100

Address #17: 011010
RDWR Bit: 1
Stream Bit: 0
Exchange: 01000101

Address #18: 110011
RDWR Bit: 1
Stream Bit: 1
Stream Length: 24 (binary: 00011000)
  Data[0]: 10000111 -> 87
  Data[1]: 00001011 -> 0b
  Data[2]: 11100111 -> e7
  Data[3]: 11010001 -> d1
  Data[4]: 10100000 -> a0
  Data[5]: 00011000 -> 18
  Data[6]: 11110001 -> f1
  Data[7]: 10111101 -> bd
  Data[8]: 10000011 -> 83
  Data[9]: 01010100 -> 54
  Data[10]: 10010010 -> 92
  Data[11]: 00101010 -> 2a
  Data[12]: 11111010 -> fa
  Data[13]: 10011011 -> 9b
  Data[14]: 10111101 -> bd
  Data[15]: 00111111 -> 3f
  Data[16]: 11101111 -> ef
  Data[17]: 01110000 -> 70
  Data[18]: 00011011 -> 1b
  Data[19]: 11010111 -> d7
  Data[20]: 01100001 -> 61
  Data[21]: 00001100 -> 0c
  Data[22]: 01000011 -> 43
  Data[23]: 01100001 -> 61

Address #31: 110011
RDWR Bit: 1
Stream Bit: 1
Stream Length: 16 (binary: 00010000)
  Data[0]: 01100111 -> 67
  Data[1]: 11110111 -> f7
  Data[2]: 01111111 -> 7f
  Data[3]: 01011010 -> 5a
  Data[4]: 00111011 -> 3b
  Data[5]: 11110110 -> f6
  Data[6]: 00100101 -> 25
  Data[7]: 11111000 -> f8
  Data[8]: 11110010 -> f2
  Data[9]: 00110011 -> 33
  Data[10]: 01111000 -> 78
  Data[11]: 00011111 -> 1f
  Data[12]: 01001010 -> 4a
  Data[13]: 00001001 -> 09
  Data[14]: 00011010 -> 1a
  Data[15]: 00000111 -> 07

Address #40: 001001
RDWR Bit: 1
Stream Bit: 0
Exchange: 11101100

Address #41: 110011
RDWR Bit: 1
Stream Bit: 0
Exchange: 11111010

Address #42: 011010
RDWR Bit: 0
Stream Bit: 0
Exchange: 01111101

Address #43: 001001
RDWR Bit: 1
Stream Bit: 0
Exchange: 10110111

Address #44: 100101
RDWR Bit: 1
Stream Bit: 0
Exchange: 01000000

Address #45: 110110
RDWR Bit: 0
Stream Bit: 0
Exchange: 00110110

Address #46: 110110
RDWR Bit: 0
Stream Bit: 1
Stream Length: 26 (binary: 00011010)
  Data[0]: 01111111 -> 7f
  Data[1]: 00000010 -> 02
  Data[2]: 10001011 -> 8b
  Data[3]: 01000110 -> 46
  Data[4]: 00010110 -> 16
  Data[5]: 01101011 -> 6b
  Data[6]: 01111111 -> 7f
  Data[7]: 11010010 -> d2
  Data[8]: 01001101 -> 4d
  Data[9]: 11001111 -> cf
  Data[10]: 01110011 -> 73
  Data[11]: 01000101 -> 45
  Data[12]: 00011000 -> 18
  Data[13]: 00000111 -> 07
  Data[14]: 11110001 -> f1
  Data[15]: 10100010 -> a2
  Data[16]: 01101010 -> 6a
  Data[17]: 01000011 -> 43
  Data[18]: 10100111 -> a7
  Data[19]: 11101111 -> ef
  Data[20]: 01111001 -> 79
  Data[21]: 00011110 -> 1e
  Data[22]: 01010100 -> 54
  Data[23]: 00111100 -> 3c
  Data[24]: 10101001 -> a9
  Data[25]: 11100011 -> e3

Address #60: 110000
RDWR Bit: 0
Stream Bit: 0
Exchange: 11011011

Address #61: 101001
RDWR Bit: 0
Stream Bit: 0
Exchange: 01111101

Address #62: 000010
RDWR Bit: 0
Stream Bit: 0
Exchange: 00000111

Address #63: 110110
RDWR Bit: 0
Stream Bit: 0
Exchange: 01110111

Address #64: 010100
RDWR Bit: 1
Stream Bit: 0
Exchange: 11110001

Address #65: 001010
RDWR Bit: 1
Stream Bit: 0
Exchange: 11001010

Address #66: 110011
RDWR Bit: 1
Stream Bit: 1
Stream Length: 15 (binary: 00001111)
  Data[0]: 10000011 -> 83
  Data[1]: 11101101 -> ed
  Data[2]: 01001110 -> 4e
  Data[3]: 10100000 -> a0
  Data[4]: 01011101 -> 5d
  Data[5]: 01011101 -> 5d
  Data[6]: 00101100 -> 2c
  Data[7]: 11100000 -> e0
  Data[8]: 10100010 -> a2
  Data[9]: 00001110 -> 0e
  Data[10]: 11011110 -> de
  Data[11]: 10000101 -> 85
  Data[12]: 00000001 -> 01
  Data[13]: 11100001 -> e1
  Data[14]: 11101010 -> ea

Address #74: 100100
RDWR Bit: 1
Stream Bit: 0
Exchange: 10011010

Address #75: 011011
RDWR Bit: 1
Stream Bit: 0
Exchange: 10010111

Address #76: 101101
RDWR Bit: 0
Stream Bit: 0
Exchange: 00101111

Address #77: 111000
RDWR Bit: 0
Stream Bit: 0
Exchange: 10111100

Address #78: 001111
RDWR Bit: 1
Stream Bit: 0
Exchange: 11010000

Address #79: 111010
RDWR Bit: 0
Stream Bit: 0
Exchange: 10101010

Address #80: 111100
RDWR Bit: 1
Stream Bit: 0
Exchange: 01101011

Address #81: 011110
RDWR Bit: 0
Stream Bit: 0
Exchange: 00010010

Address #82: 010100
RDWR Bit: 0
Stream Bit: 0
Exchange: 01111000

Address #83: 010110
RDWR Bit: 1
Stream Bit: 0
Exchange: 10110010

Address #84: 100010
RDWR Bit: 1
Stream Bit: 0
Exchange: 10101010

Address #85: 111101
RDWR Bit: 1
Stream Bit: 1
Stream Length: 20 (binary: 00010100)
  Data[0]: 01101010 -> 6a
  Data[1]: 11101011 -> eb
  Data[2]: 11010111 -> d7
  Data[3]: 01111100 -> 7c
  Data[4]: 01111001 -> 79
  Data[5]: 01101100 -> 6c
  Data[6]: 01001000 -> 48
  Data[7]: 00110000 -> 30
  Data[8]: 00001100 -> 0c
  Data[9]: 01100000 -> 60
  Data[10]: 11101001 -> e9
  Data[11]: 10011110 -> 9e
  Data[12]: 10110111 -> b7
  Data[13]: 11010010 -> d2
  Data[14]: 00000010 -> 02
  Data[15]: 01111000 -> 78
  Data[16]: 11100010 -> e2
  Data[17]: 00000001 -> 01
  Data[18]: 00000010 -> 02
  Data[19]: 00100010 -> 22

Address #96: 000100
RDWR Bit: 0
Stream Bit: 0
Exchange: 10010000

Address #97: 011001
RDWR Bit: 0
Stream Bit: 0
Exchange: 00010010

Address #98: 001110
RDWR Bit: 0
Stream Bit: 0
Exchange: 01011011

Address #99: 010010
RDWR Bit: 0
Stream Bit: 1
Stream Length: 28 (binary: 00011100)
  Data[0]: 10110110 -> b6
  Data[1]: 00100011 -> 23
  Data[2]: 10110100 -> b4
  Data[3]: 00101011 -> 2b
  Data[4]: 00100111 -> 27
  Data[5]: 01001111 -> 4f
  Data[6]: 11100000 -> e0
  Data[7]: 11000000 -> c0
  Data[8]: 11101010 -> ea
  Data[9]: 11000000 -> c0
  Data[10]: 01100101 -> 65
  Data[11]: 11110010 -> f2
  Data[12]: 00110110 -> 36
  Data[13]: 00111101 -> 3d
  Data[14]: 10111001 -> b9
  Data[15]: 00001000 -> 08
  Data[16]: 01100101 -> 65
  Data[17]: 00100010 -> 22
  Data[18]: 11001110 -> ce
  Data[19]: 00111011 -> 3b
  Data[20]: 01110100 -> 74
  Data[21]: 11100110 -> e6
  Data[22]: 01110111 -> 77
  Data[23]: 01101100 -> 6c
  Data[24]: 11010001 -> d1
  Data[25]: 11110011 -> f3
  Data[26]: 00010001 -> 11
  Data[27]: 11010000 -> d0

Address #114: 111111
RDWR Bit: 0
Stream Bit: 0
Exchange: 01010010

Address #115: 110001
RDWR Bit: 0
Stream Bit: 0
Exchange: 00000000

Address #116: 101011
RDWR Bit: 1
Stream Bit: 0
Exchange: 01101110

Address #117: 001000
RDWR Bit: 1
Stream Bit: 0
Exchange: 00001101

Address #118: 100011
RDWR Bit: 0
Stream Bit: 0
Exchange: 01010001

Address #119: 111010
RDWR Bit: 0
Stream Bit: 0
Exchange: 11111000

Address #120: 011111
RDWR Bit: 1
Stream Bit: 0
Exchange: 11101001

Address #121: 001010
RDWR Bit: 1
Stream Bit: 0
Exchange: 01000001

Address #122: 000001
RDWR Bit: 1
Stream Bit: 1
Stream Length: 4 (binary: 00000100)
  Data[0]: 00011011 -> 1b
  Data[1]: 01000001 -> 41
  Data[2]: 01110011 -> 73
  Data[3]: 10100011 -> a3

Address #125: 101000
RDWR Bit: 1
Stream Bit: 0
Exchange: 01111111

Address #126: 111100
RDWR Bit: 0
Stream Bit: 1
Stream Length: 4 (binary: 00000100)
  Data[0]: 00101001 -> 29
  Data[1]: 11100100 -> e4
  Data[2]: 01011100 -> 5c
  Data[3]: 00100101 -> 25

Address #129: 100110
RDWR Bit: 0
Stream Bit: 1
Stream Length: 18 (binary: 00010010)
  Data[0]: 00110010 -> 32
  Data[1]: 11001000 -> c8
  Data[2]: 00111111 -> 3f
  Data[3]: 10000100 -> 84
  Data[4]: 00001011 -> 0b
  Data[5]: 10011001 -> 99
  Data[6]: 11110010 -> f2
  Data[7]: 10010011 -> 93
  Data[8]: 00100000 -> 20
  Data[9]: 10110010 -> b2
  Data[10]: 01010000 -> 50
  Data[11]: 00101111 -> 2f
  Data[12]: 10110011 -> b3
  Data[13]: 01000000 -> 40
  Data[14]: 00001111 -> 0f
  Data[15]: 01111111 -> 7f
  Data[16]: 00101010 -> 2a
  Data[17]: 00101011 -> 2b

Address #139: 011001
RDWR Bit: 1
Stream Bit: 0
Exchange: 10000110

Address #140: 110001
RDWR Bit: 0
Stream Bit: 0
Exchange: 01010000

Address #141: 110001
RDWR Bit: 0
Stream Bit: 0
Exchange: 01011100

Address #142: 111010
RDWR Bit: 0
Stream Bit: 0
Exchange: 01110000

Address #143: 111000
RDWR Bit: 0
Stream Bit: 0
Exchange: 10111101

Address #144: 111110
RDWR Bit: 0
Stream Bit: 1
Stream Length: 10 (binary: 00001010)
  Data[0]: 11101001 -> e9
  Data[1]: 10101110 -> ae
  Data[2]: 01000010 -> 42
  Data[3]: 01011010 -> 5a
  Data[4]: 10100100 -> a4
  Data[5]: 00010111 -> 17
  Data[6]: 00010010 -> 12
  Data[7]: 00100110 -> 26
  Data[8]: 01010100 -> 54
  Data[9]: 01100001 -> 61

Address #150: 000011
RDWR Bit: 1
Stream Bit: 1
Stream Length: 26 (binary: 00011010)
  Data[0]: 00010101 -> 15
  Data[1]: 10110000 -> b0
  Data[2]: 00100001 -> 21
  Data[3]: 10111011 -> bb
  Data[4]: 00111011 -> 3b
  Data[5]: 10011101 -> 9d
  Data[6]: 00000101 -> 05
  Data[7]: 11111101 -> fd
  Data[8]: 01100000 -> 60
  Data[9]: 01000000 -> 40
  Data[10]: 00001000 -> 08
  Data[11]: 10111000 -> b8
  Data[12]: 10101111 -> af
  Data[13]: 11001101 -> cd
  Data[14]: 01010010 -> 52
  Data[15]: 10110100 -> b4
  Data[16]: 01111011 -> 7b
  Data[17]: 01101000 -> 68
  Data[18]: 11101011 -> eb
  Data[19]: 00111010 -> 3a
  Data[20]: 11010010 -> d2
  Data[21]: 01111011 -> 7b
  Data[22]: 11100100 -> e4
  Data[23]: 00010101 -> 15
  Data[24]: 00101011 -> 2b
  Data[25]: 01000101 -> 45

Address #164: 111010
RDWR Bit: 1
Stream Bit: 1
Stream Length: 18 (binary: 00010010)
  Data[0]: 11101010 -> ea
  Data[1]: 01011100 -> 5c
  Data[2]: 00111101 -> 3d
  Data[3]: 10000111 -> 87
  Data[4]: 00100111 -> 27
  Data[5]: 11011000 -> d8
  Data[6]: 01010000 -> 50
  Data[7]: 10101100 -> ac
  Data[8]: 11110010 -> f2
  Data[9]: 00001110 -> 0e
  Data[10]: 11110001 -> f1
  Data[11]: 00110110 -> 36
  Data[12]: 00001110 -> 0e
  Data[13]: 01111101 -> 7d
  Data[14]: 11101111 -> ef
  Data[15]: 11111001 -> f9
  Data[16]: 10110111 -> b7
  Data[17]: 01000101 -> 45

Address #174: 000011
RDWR Bit: 0
Stream Bit: 0
Exchange: 00101000

Address #175: 101110
RDWR Bit: 1
Stream Bit: 1
Stream Length: 3 (binary: 00000011)
  Data[0]: 01110110 -> 76
  Data[1]: 11100100 -> e4
  Data[2]: 11010101 -> d5

Address #178: 010011
RDWR Bit: 0
Stream Bit: 1
Stream Length: 7 (binary: 00000111)
  Data[0]: 00110011 -> 33
  Data[1]: 01111100 -> 7c
  Data[2]: 00000101 -> 05
  Data[3]: 11110110 -> f6
  Data[4]: 11100011 -> e3
  Data[5]: 11101011 -> eb
  Data[6]: 11001010 -> ca

Address #182: 001101
RDWR Bit: 0
Stream Bit: 0
Exchange: 01010000

Address #183: 000001
RDWR Bit: 0
Stream Bit: 0
Exchange: 10101111
