Read a waves file with 6 signals and 11123 samples...
Input has these signals:
	* sclk (1 bits)
	* mosi (1 bits)
	* miso (1 bits)
	* ss (1 bits)
	* cpol (1 bits)
	* cpha (1 bits)

Address #1: 110010
RDWR Bit: 0
Stream Bit: 1
Stream Length: 8 (binary: 00001000)
  Data[0]: 11111100 -> fc
  Data[1]: 10100000 -> a0
  Data[2]: 11111010 -> fa
  Data[3]: 11100110 -> e6
  Data[4]: 00010011 -> 13
  Data[5]: 11101000 -> e8
  Data[6]: 11010010 -> d2
  Data[7]: 01010111 -> 57

Address #6: 101001
RDWR Bit: 0
Stream Bit: 1
Stream Length: 6 (binary: 00000110)
  Data[0]: 00110000 -> 30
  Data[1]: 11010111 -> d7
  Data[2]: 11011010 -> da
  Data[3]: 11100101 -> e5
  Data[4]: 00001010 -> 0a
  Data[5]: 01001110 -> 4e

Address #10: 111100
RDWR Bit: 1
Stream Bit: 1
Stream Length: 13 (binary: 00001101)
  Data[0]: 11010100 -> d4
  Data[1]: 01001101 -> 4d
  Data[2]: 11000010 -> c2
  Data[3]: 00111111 -> 3f
  Data[4]: 01111101 -> 7d
  Data[5]: 10111101 -> bd
  Data[6]: 00101001 -> 29
  Data[7]: 10001101 -> 8d
  Data[8]: 01100011 -> 63
  Data[9]: 01101010 -> 6a
  Data[10]: 11010010 -> d2
  Data[11]: 10011001 -> 99
  Data[12]: 10111111 -> bf

Address #17: 011000
RDWR Bit: 0
Stream Bit: 0
Exchange: 10111111

Address #18: 001100
RDWR Bit: 1
Stream Bit: 0
Exchange: 10000110

Address #19: 111011
RDWR Bit: 1
Stream Bit: 0
Exchange: 01101101

Address #20: 111111
RDWR Bit: 0
Stream Bit: 1
Stream Length: 24 (binary: 00011000)
  Data[0]: 11110011 -> f3
  Data[1]: 00010001 -> 11
  Data[2]: 10001110 -> 8e
  Data[3]: 01001000 -> 48
  Data[4]: 11010010 -> d2
  Data[5]: 01110111 -> 77
  Data[6]: 00010011 -> 13
  Data[7]: 10011110 -> 9e
  Data[8]: 00001100 -> 0c
  Data[9]: 11011011 -> db
  Data[10]: 00011010 -> 1a
  Data[11]: 11000100 -> c4
  Data[12]: 10001001 -> 89
  Data[13]: 11011110 -> de
  Data[14]: 00010010 -> 12
  Data[15]: 01001010 -> 4a
  Data[16]: 10111111 -> bf
  Data[17]: 10001011 -> 8b
  Data[18]: 01011110 -> 5e
  Data[19]: 01101111 -> 6f
  Data[20]: 01110011 -> 73
  Data[21]: 10010111 -> 97
  Data[22]: 11100010 -> e2
  Data[23]: 01010011 -> 53

Address #33: 100000
RDWR Bit: 1
Stream Bit: 0
Exchange: 01110000

Address #34: 111100
RDWR Bit: 1
Stream Bit: 1
Stream Length: 11 (binary: 00001011)
  Data[0]: 11000100 -> c4
  Data[1]: 11000101 -> c5
  Data[2]: 00110111 -> 37
  Data[3]: 10100101 -> a5
  Data[4]: 01110110 -> 76
  Data[5]: 01010111 -> 57
  Data[6]: 11111001 -> f9
  Data[7]: 11000101 -> c5
  Data[8]: 01011010 -> 5a
  Data[9]: 01100111 -> 67
  Data[10]: 00110110 -> 36

Address #41: 110101
RDWR Bit: 1
Stream Bit: 0
Exchange: 11100101

Address #42: 101010
RDWR Bit: 0
Stream Bit: 1
Stream Length: 18 (binary: 00010010)
  Data[0]: 11001101 -> cd
  Data[1]: 01011110 -> 5e
  Data[2]: 11101011 -> eb
  Data[3]: 10101001 -> a9
  Data[4]: 00010100 -> 14
  Data[5]: 01100101 -> 65
  Data[6]: 11110111 -> f7
  Data[7]: 11000001 -> c1
  Data[8]: 00011101 -> 1d
  Data[9]: 01110100 -> 74
  Data[10]: 01011101 -> 5d
  Data[11]: 10110100 -> b4
  Data[12]: 10000011 -> 83
  Data[13]: 10000011 -> 83
  Data[14]: 00100010 -> 22
  Data[15]: 01110011 -> 73
  Data[16]: 11010011 -> d3
  Data[17]: 01011101 -> 5d

Address #52: 110001
RDWR Bit: 1
Stream Bit: 1
Stream Length: 10 (binary: 00001010)
  Data[0]: 11110101 -> f5
  Data[1]: 11110110 -> f6
  Data[2]: 00010001 -> 11
  Data[3]: 00111110 -> 3e
  Data[4]: 10111111 -> bf
  Data[5]: 11000110 -> c6
  Data[6]: 00010100 -> 14
  Data[7]: 11111000 -> f8
  Data[8]: 10010100 -> 94
  Data[9]: 10100000 -> a0

Address #58: 111010
RDWR Bit: 0
Stream Bit: 0
Exchange: 11101101

Address #59: 001110
RDWR Bit: 1
Stream Bit: 0
Exchange: 00110011

Address #60: 010111
RDWR Bit: 1
Stream Bit: 0
Exchange: 11101011

Address #61: 000011
RDWR Bit: 1
Stream Bit: 1
Stream Length: 28 (binary: 00011100)
  Data[0]: 11110001 -> f1
  Data[1]: 11011010 -> da
  Data[2]: 00010111 -> 17
  Data[3]: 10101110 -> ae
  Data[4]: 11001101 -> cd
  Data[5]: 11001100 -> cc
  Data[6]: 10000100 -> 84
  Data[7]: 01101000 -> 68
  Data[8]: 10010101 -> 95
  Data[9]: 00110010 -> 32
  Data[10]: 10100100 -> a4
  Data[11]: 11101110 -> ee
  Data[12]: 11101101 -> ed
  Data[13]: 11110000 -> f0
  Data[14]: 10110010 -> b2
  Data[15]: 01101111 -> 6f
  Data[16]: 01110110 -> 76
  Data[17]: 11101101 -> ed
  Data[18]: 01111000 -> 78
  Data[19]: 00010100 -> 14
  Data[20]: 11001000 -> c8
  Data[21]: 00001000 -> 08
  Data[22]: 11111111 -> ff
  Data[23]: 11100011 -> e3
  Data[24]: 00011001 -> 19
  Data[25]: 10000011 -> 83
  Data[26]: 11001000 -> c8
  Data[27]: 11110010 -> f2

Address #76: 010011
RDWR Bit: 0
Stream Bit: 1
Stream Length: 1 (binary: 00000001)
  Data[0]: 00001000 -> 08

Address #77: 100000
RDWR Bit: 1
Stream Bit: 0
Exchange: 01011010

Address #78: 000110
RDWR Bit: 1
Stream Bit: 1
Stream Length: 16 (binary: 00010000)
  Data[0]: 01010110 -> 56
  Data[1]: 01100000 -> 60
  Data[2]: 10101000 -> a8
  Data[3]: 10000011 -> 83
  Data[4]: 01100101 -> 65
  Data[5]: 01001011 -> 4b
  Data[6]: 01111100 -> 7c
  Data[7]: 00011010 -> 1a
  Data[8]: 01011111 -> 5f
  Data[9]: 01101011 -> 6b
  Data[10]: 11000111 -> c7
  Data[11]: 00011010 -> 1a
  Data[12]: 00000111 -> 07
  Data[13]: 10000100 -> 84
  Data[14]: 10010100 -> 94
  Data[15]: 01001101 -> 4d

Address #87: 110001
RDWR Bit: 0
Stream Bit: 0
Exchange: 00100101

Address #88: 010010
RDWR Bit: 0
Stream Bit: 0
Exchange: 10000001

Address #89: 110110
RDWR Bit: 0
Stream Bit: 0
Exchange: 01111000

Address #90: 110111
RDWR Bit: 0
Stream Bit: 1
Stream Length: 13 (binary: 00001101)
  Data[0]: 00111011 -> 3b
  Data[1]: 10111110 -> be
  Data[2]: 10001101 -> 8d
  Data[3]: 10110010 -> b2
  Data[4]: 00001001 -> 09
  Data[5]: 01000101 -> 45
  Data[6]: 10001010 -> 8a
  Data[7]: 01110000 -> 70
  Data[8]: 10011111 -> 9f
  Data[9]: 11111011 -> fb
  Data[10]: 01011011 -> 5b
  Data[11]: 10111101 -> bd
  Data[12]: 11001111 -> cf

Address #98: 101110
RDWR Bit: 1
Stream Bit: 0
Exchange: 11010001

Address #99: 100011
RDWR Bit: 1
Stream Bit: 0
Exchange: 00101000

Address #100: 010001
RDWR Bit: 1
Stream Bit: 1
Stream Length: 17 (binary: 00010001)
  Data[0]: 10111011 -> bb
  Data[1]: 10100011 -> a3
  Data[2]: 00011111 -> 1f
  Data[3]: 00011111 -> 1f
  Data[4]: 10101110 -> ae
  Data[5]: 10111110 -> be
  Data[6]: 11001000 -> c8
  Data[7]: 11101010 -> ea
  Data[8]: 11100101 -> e5
  Data[9]: 10010001 -> 91
  Data[10]: 00011101 -> 1d
  Data[11]: 01101111 -> 6f
  Data[12]: 00011010 -> 1a
  Data[13]: 01010110 -> 56
  Data[14]: 00111010 -> 3a
  Data[15]: 01101000 -> 68
  Data[16]: 01001010 -> 4a

Address #109: 000100
RDWR Bit: 1
Stream Bit: 1
Stream Length: 8 (binary: 00001000)
  Data[0]: 10100110 -> a6
  Data[1]: 00000100 -> 04
  Data[2]: 10101101 -> ad
  Data[3]: 00100011 -> 23
  Data[4]: 11100000 -> e0
  Data[5]: 00011010 -> 1a
  Data[6]: 00011111 -> 1f
  Data[7]: 00111011 -> 3b

Address #114: 101100
RDWR Bit: 1
Stream Bit: 0
Exchange: 10011110

Address #115: 100110
RDWR Bit: 0
Stream Bit: 1
Stream Length: 18 (binary: 00010010)
  Data[0]: 11101111 -> ef
  Data[1]: 00100011 -> 23
  Data[2]: 10000001 -> 81
  Data[3]: 10000001 -> 81
  Data[4]: 01110010 -> 72
  Data[5]: 10110100 -> b4
  Data[6]: 10110011 -> b3
  Data[7]: 11101010 -> ea
  Data[8]: 11110101 -> f5
  Data[9]: 01000100 -> 44
  Data[10]: 11010010 -> d2
  Data[11]: 11010101 -> d5
  Data[12]: 00100100 -> 24
  Data[13]: 11001010 -> ca
  Data[14]: 10110110 -> b6
  Data[15]: 00000001 -> 01
  Data[16]: 10010000 -> 90
  Data[17]: 01111111 -> 7f

Address #125: 100110
RDWR Bit: 0
Stream Bit: 0
Exchange: 11000001

Address #126: 111111
RDWR Bit: 0
Stream Bit: 0
Exchange: 11010000

Address #127: 000010
RDWR Bit: 0
Stream Bit: 0
Exchange: 11100010

Address #128: 100100
RDWR Bit: 1
Stream Bit: 1
Stream Length: 30 (binary: 00011110)
  Data[0]: 10010100 -> 94
  Data[1]: 00111100 -> 3c
  Data[2]: 10011110 -> 9e
  Data[3]: 10111101 -> bd
  Data[4]: 10110110 -> b6
  Data[5]: 00001011 -> 0b
  Data[6]: 01001111 -> 4f
  Data[7]: 00111110 -> 3e
  Data[8]: 10101000 -> a8
  Data[9]: 01111000 -> 78
  Data[10]: 01011010 -> 5a
  Data[11]: 01000100 -> 44
  Data[12]: 00111110 -> 3e
  Data[13]: 10111111 -> bf
  Data[14]: 11111100 -> fc
  Data[15]: 01111000 -> 78
  Data[16]: 00101101 -> 2d
  Data[17]: 01000110 -> 46
  Data[18]: 01111010 -> 7a
  Data[19]: 01010101 -> 55
  Data[20]: 11000010 -> c2
  Data[21]: 01011001 -> 59
  Data[22]: 11111010 -> fa
  Data[23]: 00111100 -> 3c
  Data[24]: 00101010 -> 2a
  Data[25]: 11100010 -> e2
  Data[26]: 11101100 -> ec
  Data[27]: 00111110 -> 3e
  Data[28]: 00011100 -> 1c
  Data[29]: 11110100 -> f4

Address #144: 011110
RDWR Bit: 1
Stream Bit: 1
Stream Length: 18 (binary: 00010010)
  Data[0]: 01001110 -> 4e
  Data[1]: 11101111 -> ef
  Data[2]: 10010011 -> 93
  Data[3]: 01101101 -> 6d
  Data[4]: 11111000 -> f8
  Data[5]: 01010111 -> 57
  Data[6]: 00100001 -> 21
  Data[7]: 10010100 -> 94
  Data[8]: 01010100 -> 54
  Data[9]: 11000011 -> c3
  Data[10]: 00110010 -> 32
  Data[11]: 11010111 -> d7
  Data[12]: 11010000 -> d0
  Data[13]: 00111000 -> 38
  Data[14]: 01110001 -> 71
  Data[15]: 10010001 -> 91
  Data[16]: 01100111 -> 67
  Data[17]: 01101011 -> 6b

Address #154: 011110
RDWR Bit: 1
Stream Bit: 0
Exchange: 11001000

Address #155: 001110
RDWR Bit: 1
Stream Bit: 0
Exchange: 10000011

Address #156: 110001
RDWR Bit: 0
Stream Bit: 0
Exchange: 10001000

Address #157: 111110
RDWR Bit: 0
Stream Bit: 1
Stream Length: 28 (binary: 00011100)
  Data[0]: 10000111 -> 87
  Data[1]: 01001110 -> 4e
  Data[2]: 11000100 -> c4
  Data[3]: 01111010 -> 7a
  Data[4]: 11010100 -> d4
  Data[5]: 01100001 -> 61
  Data[6]: 11100000 -> e0
  Data[7]: 01111111 -> 7f
  Data[8]: 10001100 -> 8c
  Data[9]: 10101101 -> ad
  Data[10]: 10100100 -> a4
  Data[11]: 01010100 -> 54
  Data[12]: 00010111 -> 17
  Data[13]: 01000000 -> 40
  Data[14]: 11101011 -> eb
  Data[15]: 11111010 -> fa
  Data[16]: 10110111 -> b7
  Data[17]: 11111110 -> fe
  Data[18]: 00100001 -> 21
  Data[19]: 00111000 -> 38
  Data[20]: 01000001 -> 41
  Data[21]: 00110110 -> 36
  Data[22]: 01010001 -> 51
  Data[23]: 00010110 -> 16
  Data[24]: 00010100 -> 14
  Data[25]: 10111111 -> bf
  Data[26]: 10010001 -> 91
  Data[27]: 10011000 -> 98

Address #172: 000100
RDWR Bit: 1
Stream Bit: 1
Stream Length: 31 (binary: 00011111)
  Data[0]: 10000111 -> 87
  Data[1]: 00011010 -> 1a
  Data[2]: 11001010 -> ca
  Data[3]: 11110111 -> f7
  Data[4]: 10110111 -> b7
  Data[5]: 01001101 -> 4d
  Data[6]: 11100001 -> e1
  Data[7]: 01101011 -> 6b
  Data[8]: 00010111 -> 17
  Data[9]: 11011010 -> da
  Data[10]: 11111000 -> f8
  Data[11]: 10111011 -> bb
  Data[12]: 00100111 -> 27
  Data[13]: 00010011 -> 13
  Data[14]: 10111000 -> b8
  Data[15]: 01111011 -> 7b
  Data[16]: 10111010 -> ba
  Data[17]: 10010111 -> 97
  Data[18]: 11001010 -> ca
  Data[19]: 10001000 -> 88
  Data[20]: 11001011 -> cb
  Data[21]: 00011100 -> 1c
  Data[22]: 11111001 -> f9
  Data[23]: 10010110 -> 96
  Data[24]: 11111101 -> fd
  Data[25]: 01000111 -> 47
  Data[26]: 00101111 -> 2f
  Data[27]: 01110010 -> 72
  Data[28]: 10100010 -> a2
  Data[29]: 10111010 -> ba
  Data[30]: 10001100 -> 8c

Address #189: 110001
RDWR Bit: 0
Stream Bit: 1
Stream Length: 19 (binary: 00010011)
  Data[0]: 11010101 -> d5
  Data[1]: 11010010 -> d2
  Data[2]: 11111110 -> fe
  Data[3]: 10101001 -> a9
  Data[4]: 10010101 -> 95
  Data[5]: 11011101 -> dd
  Data[6]: 01101100 -> 6c
  Data[7]: 01010110 -> 56
  Data[8]: 10101010 -> aa
  Data[9]: 11000001 -> c1
  Data[10]: 11110010 -> f2
  Data[11]: 00000001 -> 01
  Data[12]: 01101000 -> 68
  Data[13]: 01011100 -> 5c
  Data[14]: 00010101 -> 15
  Data[15]: 01011011 -> 5b
  Data[16]: 01010101 -> 55
  Data[17]: 01011111 -> 5f
  Data[18]: 01010100 -> 54

Address #199: 000011
RDWR Bit: 0
Stream Bit: 0
Exchange: 00010001

Address #200: 001110
RDWR Bit: 0
Stream Bit: 1
Stream Length: 2 (binary: 00000010)
  Data[0]: 00110010 -> 32
  Data[1]: 00010010 -> 12

Address #202: 001010
RDWR Bit: 0
Stream Bit: 0
Exchange: 00011011

Address #203: 001111
RDWR Bit: 1
Stream Bit: 1
Stream Length: 9 (binary: 00001001)
  Data[0]: 11000110 -> c6
  Data[1]: 10001111 -> 8f
  Data[2]: 01001010 -> 4a
  Data[3]: 00010100 -> 14
  Data[4]: 10110001 -> b1
  Data[5]: 11001011 -> cb
  Data[6]: 11110110 -> f6
  Data[7]: 00000000 -> 00
  Data[8]: 01001101 -> 4d

Address #209: 110010
RDWR Bit: 0
Stream Bit: 0
Exchange: 11101100

Address #210: 011001
RDWR Bit: 0
Stream Bit: 1
Stream Length: 30 (binary: 00011110)
  Data[0]: 10100110 -> a6
  Data[1]: 11110100 -> f4
  Data[2]: 11100110 -> e6
  Data[3]: 00111000 -> 38
  Data[4]: 01010001 -> 51
  Data[5]: 01011110 -> 5e
  Data[6]: 10110111 -> b7
  Data[7]: 00000011 -> 03
  Data[8]: 01110011 -> 73
  Data[9]: 10011001 -> 99
  Data[10]: 01100110 -> 66
  Data[11]: 00010101 -> 15
  Data[12]: 01001001 -> 49
  Data[13]: 10000000 -> 80
  Data[14]: 11010010 -> d2
  Data[15]: 10110101 -> b5
  Data[16]: 00100010 -> 22
  Data[17]: 10011010 -> 9a
  Data[18]: 11010110 -> d6
  Data[19]: 11111110 -> fe
  Data[20]: 00001110 -> 0e
  Data[21]: 01110001 -> 71
  Data[22]: 00001110 -> 0e
  Data[23]: 00111101 -> 3d
  Data[24]: 11011010 -> da
  Data[25]: 10100010 -> a2
  Data[26]: 01110110 -> 76
  Data[27]: 00110000 -> 30
  Data[28]: 10100101 -> a5
  Data[29]: 00011000 -> 18

Address #226: 100000
RDWR Bit: 1
Stream Bit: 0
Exchange: 11000000

Address #227: 110111
RDWR Bit: 1
Stream Bit: 0
Exchange: 00101010

Address #228: 010110
RDWR Bit: 1
Stream Bit: 1
Stream Length: 18 (binary: 00010010)
  Data[0]: 01111110 -> 7e
  Data[1]: 00000110 -> 06
  Data[2]: 10111101 -> bd
  Data[3]: 01001110 -> 4e
  Data[4]: 11110100 -> f4
  Data[5]: 10010011 -> 93
  Data[6]: 10011010 -> 9a
  Data[7]: 00011111 -> 1f
  Data[8]: 00011001 -> 19
  Data[9]: 00110000 -> 30
  Data[10]: 00010110 -> 16
  Data[11]: 10010110 -> 96
  Data[12]: 10110001 -> b1
  Data[13]: 01000001 -> 41
  Data[14]: 00101110 -> 2e
  Data[15]: 00100000 -> 20
  Data[16]: 11101100 -> ec
  Data[17]: 00101110 -> 2e

Address #238: 011111
RDWR Bit: 1
Stream Bit: 1
Stream Length: 30 (binary: 00011110)
  Data[0]: 10111001 -> b9
  Data[1]: 00110010 -> 32
  Data[2]: 10110010 -> b2
  Data[3]: 10101100 -> ac
  Data[4]: 10010011 -> 93
  Data[5]: 11110001 -> f1
  Data[6]: 11001110 -> ce
  Data[7]: 01000110 -> 46
  Data[8]: 10010001 -> 91
  Data[9]: 00110011 -> 33
  Data[10]: 11110001 -> f1
  Data[11]: 00111101 -> 3d
  Data[12]: 11011010 -> da
  Data[13]: 11111110 -> fe
  Data[14]: 00000101 -> 05
  Data[15]: 10101001 -> a9
  Data[16]: 11101001 -> e9
  Data[17]: 10110011 -> b3
  Data[18]: 01111000 -> 78
  Data[19]: 10001111 -> 8f
  Data[20]: 00010111 -> 17
  Data[21]: 10110001 -> b1
  Data[22]: 00100000 -> 20
  Data[23]: 01010010 -> 52
  Data[24]: 10100110 -> a6
  Data[25]: 10100010 -> a2
  Data[26]: 10000011 -> 83
  Data[27]: 01111110 -> 7e
  Data[28]: 00001101 -> 0d
  Data[29]: 11101100 -> ec

Address #254: 101010
RDWR Bit: 0
Stream Bit: 1
Stream Length: 8 (binary: 00001000)
  Data[0]: 11001111 -> cf
  Data[1]: 10101101 -> ad
  Data[2]: 11100101 -> e5
  Data[3]: 10000100 -> 84
  Data[4]: 11011010 -> da
  Data[5]: 01011100 -> 5c
  Data[6]: 00100110 -> 26
  Data[7]: 11110101 -> f5

Address #259: 110111
RDWR Bit: 1
Stream Bit: 1
Stream Length: 30 (binary: 00011110)
  Data[0]: 10001001 -> 89
  Data[1]: 00101000 -> 28
  Data[2]: 10000011 -> 83
  Data[3]: 11100011 -> e3
  Data[4]: 11000110 -> c6
  Data[5]: 10011000 -> 98
  Data[6]: 10101010 -> aa
  Data[7]: 00011101 -> 1d
  Data[8]: 01110110 -> 76
  Data[9]: 11100101 -> e5
  Data[10]: 00000011 -> 03
  Data[11]: 01000110 -> 46
  Data[12]: 01010000 -> 50
  Data[13]: 11101011 -> eb
  Data[14]: 11000111 -> c7
  Data[15]: 00100110 -> 26
  Data[16]: 10100111 -> a7
  Data[17]: 10001011 -> 8b
  Data[18]: 10101100 -> ac
  Data[19]: 11100101 -> e5
  Data[20]: 00101111 -> 2f
  Data[21]: 00000101 -> 05
  Data[22]: 10101100 -> ac
  Data[23]: 11001100 -> cc
  Data[24]: 10000100 -> 84
  Data[25]: 00000101 -> 05
  Data[26]: 01100101 -> 65
  Data[27]: 10001111 -> 8f
  Data[28]: 10001100 -> 8c
  Data[29]: 01100011 -> 63

Address #275: 100101
RDWR Bit: 1
Stream Bit: 1
Stream Length: 12 (binary: 00001100)
  Data[0]: 11111101 -> fd
  Data[1]: 01000010 -> 42
  Data[2]: 10000001 -> 81
  Data[3]: 10001111 -> 8f
  Data[4]: 11001111 -> cf
  Data[5]: 10010001 -> 91
  Data[6]: 00001111 -> 0f
  Data[7]: 00110100 -> 34
  Data[8]: 00111110 -> 3e
  Data[9]: 10011100 -> 9c
  Data[10]: 00100100 -> 24
  Data[11]: 11101010 -> ea

Address #282: 101110
RDWR Bit: 0
Stream Bit: 0
Exchange: 10010110

Address #283: 101000
RDWR Bit: 0
Stream Bit: 1
Stream Length: 14 (binary: 00001110)
  Data[0]: 01011100 -> 5c
  Data[1]: 10101111 -> af
  Data[2]: 01100110 -> 66
  Data[3]: 11001110 -> ce
  Data[4]: 10101010 -> aa
  Data[5]: 10011111 -> 9f
  Data[6]: 00111101 -> 3d
  Data[7]: 00100101 -> 25
  Data[8]: 11111010 -> fa
  Data[9]: 10000101 -> 85
  Data[10]: 00011100 -> 1c
  Data[11]: 00110110 -> 36
  Data[12]: 11110101 -> f5
  Data[13]: 00011111 -> 1f

Address #291: 101100
RDWR Bit: 1
Stream Bit: 0
Exchange: 00100110

Address #292: 111110
RDWR Bit: 1
Stream Bit: 1
Stream Length: 22 (binary: 00010110)
  Data[0]: 00100110 -> 26
  Data[1]: 01111110 -> 7e
  Data[2]: 01001111 -> 4f
  Data[3]: 10001011 -> 8b
  Data[4]: 00110001 -> 31
  Data[5]: 10001011 -> 8b
  Data[6]: 01100110 -> 66
  Data[7]: 10100111 -> a7
  Data[8]: 00100000 -> 20
  Data[9]: 10001110 -> 8e
  Data[10]: 11011110 -> de
  Data[11]: 00010000 -> 10
  Data[12]: 01011001 -> 59
  Data[13]: 11000011 -> c3
  Data[14]: 01111010 -> 7a
  Data[15]: 10100101 -> a5
  Data[16]: 01111100 -> 7c
  Data[17]: 00100100 -> 24
  Data[18]: 11000111 -> c7
  Data[19]: 00000011 -> 03
  Data[20]: 11010100 -> d4
  Data[21]: 01001011 -> 4b

Address #304: 011011
RDWR Bit: 1
Stream Bit: 0
Exchange: 00100011

Address #305: 100001
RDWR Bit: 0
Stream Bit: 0
Exchange: 00111010

Address #306: 001110
RDWR Bit: 0
Stream Bit: 1
Stream Length: 20 (binary: 00010100)
  Data[0]: 11110010 -> f2
  Data[1]: 11001010 -> ca
  Data[2]: 00111100 -> 3c
  Data[3]: 01010110 -> 56
  Data[4]: 11110100 -> f4
  Data[5]: 10110101 -> b5
  Data[6]: 01101011 -> 6b
  Data[7]: 11100001 -> e1
  Data[8]: 00010111 -> 17
  Data[9]: 00001101 -> 0d
  Data[10]: 10000001 -> 81
  Data[11]: 00001001 -> 09
  Data[12]: 01010101 -> 55
  Data[13]: 11000010 -> c2
  Data[14]: 00001000 -> 08
  Data[15]: 01100011 -> 63
  Data[16]: 11011110 -> de
  Data[17]: 11010001 -> d1
  Data[18]: 11001101 -> cd
  Data[19]: 01001111 -> 4f

Address #317: 011100
RDWR Bit: 1
Stream Bit: 1
Stream Length: 17 (binary: 00010001)
  Data[0]: 00000111 -> 07
  Data[1]: 01101111 -> 6f
  Data[2]: 11101111 -> ef
  Data[3]: 00010110 -> 16
  Data[4]: 11000101 -> c5
  Data[5]: 11010001 -> d1
  Data[6]: 00100010 -> 22
  Data[7]: 00111110 -> 3e
  Data[8]: 11100010 -> e2
  Data[9]: 01000111 -> 47
  Data[10]: 11110001 -> f1
  Data[11]: 11011101 -> dd
  Data[12]: 00011001 -> 19
  Data[13]: 01100000 -> 60
  Data[14]: 11000011 -> c3
  Data[15]: 00001110 -> 0e
  Data[16]: 00010101 -> 15

Address #326: 001110
RDWR Bit: 1
Stream Bit: 0
Exchange: 01110010

Address #327: 100101
RDWR Bit: 1
Stream Bit: 0
Exchange: 10011101

Address #328: 110001
RDWR Bit: 1
Stream Bit: 1
Stream Length: 26 (binary: 00011010)
  Data[0]: 10101100 -> ac
  Data[1]: 01001111 -> 4f
  Data[2]: 01010011 -> 53
  Data[3]: 00011100 -> 1c
  Data[4]: 11100001 -> e1
  Data[5]: 01101111 -> 6f
  Data[6]: 10010011 -> 93
  Data[7]: 00000100 -> 04
  Data[8]: 11110100 -> f4
  Data[9]: 01011100 -> 5c
  Data[10]: 10011111 -> 9f
  Data[11]: 10100010 -> a2
  Data[12]: 01101011 -> 6b
  Data[13]: 11010111 -> d7
  Data[14]: 00101100 -> 2c
  Data[15]: 00101011 -> 2b
  Data[16]: 11101100 -> ec
  Data[17]: 01010100 -> 54
  Data[18]: 10000010 -> 82
  Data[19]: 01011011 -> 5b
  Data[20]: 10010000 -> 90
  Data[21]: 11111001 -> f9
  Data[22]: 11011100 -> dc
  Data[23]: 11100011 -> e3
  Data[24]: 00110010 -> 32
  Data[25]: 10010010 -> 92
