Read a waves file with 6 signals and 7859 samples...
Input has these signals:
	* sclk (1 bits)
	* mosi (1 bits)
	* miso (1 bits)
	* ss (1 bits)
	* cpol (1 bits)
	* cpha (1 bits)

Address #1: 110000
RDWR Bit: 0
Stream Bit: 1
Stream Length: 25 (binary: 00011001)
  Data[0]: 11100110 -> e6
  Data[1]: 10111100 -> bc
  Data[2]: 11011101 -> dd
  Data[3]: 00100001 -> 21
  Data[4]: 00100101 -> 25
  Data[5]: 00100101 -> 25
  Data[6]: 00010010 -> 12
  Data[7]: 00110010 -> 32
  Data[8]: 10110110 -> b6
  Data[9]: 00100000 -> 20
  Data[10]: 01010100 -> 54
  Data[11]: 01101001 -> 69
  Data[12]: 10101101 -> ad
  Data[13]: 00011101 -> 1d
  Data[14]: 11000111 -> c7
  Data[15]: 01001110 -> 4e
  Data[16]: 11000101 -> c5
  Data[17]: 01111101 -> 7d
  Data[18]: 11111101 -> fd
  Data[19]: 10110011 -> b3
  Data[20]: 00011100 -> 1c
  Data[21]: 01110000 -> 70
  Data[22]: 10001000 -> 88
  Data[23]: 10010010 -> 92
  Data[24]: 00000110 -> 06

Address #14: 110001
RDWR Bit: 1
Stream Bit: 0
Exchange: 01001111

Address #15: 100011
RDWR Bit: 1
Stream Bit: 1
Stream Length: 21 (binary: 00010101)
  Data[0]: 10101111 -> af
  Data[1]: 00101100 -> 2c
  Data[2]: 11001001 -> c9
  Data[3]: 00111011 -> 3b
  Data[4]: 10000010 -> 82
  Data[5]: 01100100 -> 64
  Data[6]: 00110001 -> 31
  Data[7]: 10111011 -> bb
  Data[8]: 10101100 -> ac
  Data[9]: 00110011 -> 33
  Data[10]: 00010010 -> 12
  Data[11]: 11010101 -> d5
  Data[12]: 01001010 -> 4a
  Data[13]: 00110000 -> 30
  Data[14]: 00011011 -> 1b
  Data[15]: 10010111 -> 97
  Data[16]: 01100011 -> 63
  Data[17]: 00011011 -> 1b
  Data[18]: 10010011 -> 93
  Data[19]: 10110111 -> b7
  Data[20]: 11100110 -> e6

Address #27: 110000
RDWR Bit: 1
Stream Bit: 0
Exchange: 11001000

Address #28: 101001
RDWR Bit: 0
Stream Bit: 1
Stream Length: 12 (binary: 00001100)
  Data[0]: 11110010 -> f2
  Data[1]: 00010011 -> 13
  Data[2]: 11011110 -> de
  Data[3]: 00101010 -> 2a
  Data[4]: 01100001 -> 61
  Data[5]: 10100011 -> a3
  Data[6]: 01001000 -> 48
  Data[7]: 01100100 -> 64
  Data[8]: 10001111 -> 8f
  Data[9]: 00001000 -> 08
  Data[10]: 10101001 -> a9
  Data[11]: 01111100 -> 7c

Address #35: 010001
RDWR Bit: 0
Stream Bit: 1
Stream Length: 14 (binary: 00001110)
  Data[0]: 01000111 -> 47
  Data[1]: 11100010 -> e2
  Data[2]: 00110111 -> 37
  Data[3]: 00001100 -> 0c
  Data[4]: 01101111 -> 6f
  Data[5]: 10101100 -> ac
  Data[6]: 10011001 -> 99
  Data[7]: 00110001 -> 31
  Data[8]: 00101011 -> 2b
  Data[9]: 11001011 -> cb
  Data[10]: 10011000 -> 98
  Data[11]: 00000010 -> 02
  Data[12]: 11111010 -> fa
  Data[13]: 01100111 -> 67

Address #43: 001110
RDWR Bit: 1
Stream Bit: 1
Stream Length: 8 (binary: 00001000)
  Data[0]: 00001011 -> 0b
  Data[1]: 01010001 -> 51
  Data[2]: 10000100 -> 84
  Data[3]: 11000110 -> c6
  Data[4]: 10110010 -> b2
  Data[5]: 01100001 -> 61
  Data[6]: 01101001 -> 69
  Data[7]: 01000100 -> 44

Address #48: 010110
RDWR Bit: 0
Stream Bit: 0
Exchange: 10010010

Address #49: 100110
RDWR Bit: 0
Stream Bit: 0
Exchange: 00110100

Address #50: 010000
RDWR Bit: 0
Stream Bit: 1
Stream Length: 18 (binary: 00010010)
  Data[0]: 11011101 -> dd
  Data[1]: 01111101 -> 7d
  Data[2]: 11101011 -> eb
  Data[3]: 10101010 -> aa
  Data[4]: 11111000 -> f8
  Data[5]: 00001001 -> 09
  Data[6]: 10100000 -> a0
  Data[7]: 11101110 -> ee
  Data[8]: 00010010 -> 12
  Data[9]: 01001001 -> 49
  Data[10]: 10001011 -> 8b
  Data[11]: 11101000 -> e8
  Data[12]: 01100111 -> 67
  Data[13]: 10100110 -> a6
  Data[14]: 10011101 -> 9d
  Data[15]: 10010101 -> 95
  Data[16]: 01000001 -> 41
  Data[17]: 10010100 -> 94

Address #60: 110001
RDWR Bit: 1
Stream Bit: 1
Stream Length: 29 (binary: 00011101)
  Data[0]: 11000100 -> c4
  Data[1]: 00000110 -> 06
  Data[2]: 00010101 -> 15
  Data[3]: 11011111 -> df
  Data[4]: 10111111 -> bf
  Data[5]: 00001010 -> 0a
  Data[6]: 01011100 -> 5c
  Data[7]: 00000110 -> 06
  Data[8]: 10010011 -> 93
  Data[9]: 01000010 -> 42
  Data[10]: 01110110 -> 76
  Data[11]: 00000000 -> 00
  Data[12]: 10011010 -> 9a
  Data[13]: 01011011 -> 5b
  Data[14]: 00011110 -> 1e
  Data[15]: 11000001 -> c1
  Data[16]: 01011110 -> 5e
  Data[17]: 00011110 -> 1e
  Data[18]: 10011010 -> 9a
  Data[19]: 10110011 -> b3
  Data[20]: 10111111 -> bf
  Data[21]: 10010101 -> 95
  Data[22]: 01000111 -> 47
  Data[23]: 11111010 -> fa
  Data[24]: 00111100 -> 3c
  Data[25]: 11010110 -> d6
  Data[26]: 10111100 -> bc
  Data[27]: 10101011 -> ab
  Data[28]: 11100110 -> e6

Address #75: 001111
RDWR Bit: 0
Stream Bit: 1
Stream Length: 13 (binary: 00001101)
  Data[0]: 10001001 -> 89
  Data[1]: 11010101 -> d5
  Data[2]: 11110100 -> f4
  Data[3]: 10101110 -> ae
  Data[4]: 10010000 -> 90
  Data[5]: 10111101 -> bd
  Data[6]: 01110011 -> 73
  Data[7]: 11101100 -> ec
  Data[8]: 11101010 -> ea
  Data[9]: 01011000 -> 58
  Data[10]: 01100011 -> 63
  Data[11]: 10100001 -> a1
  Data[12]: 10010101 -> 95

Address #83: 010010
RDWR Bit: 1
Stream Bit: 1
Stream Length: 4 (binary: 00000100)
  Data[0]: 01001001 -> 49
  Data[1]: 00101011 -> 2b
  Data[2]: 01101100 -> 6c
  Data[3]: 11111111 -> ff

Address #86: 100111
RDWR Bit: 0
Stream Bit: 0
Exchange: 11100111

Address #87: 100001
RDWR Bit: 0
Stream Bit: 1
Stream Length: 27 (binary: 00011011)
  Data[0]: 10100101 -> a5
  Data[1]: 10101110 -> ae
  Data[2]: 10000010 -> 82
  Data[3]: 01010001 -> 51
  Data[4]: 11000011 -> c3
  Data[5]: 11001100 -> cc
  Data[6]: 00101100 -> 2c
  Data[7]: 00110000 -> 30
  Data[8]: 00110101 -> 35
  Data[9]: 00101001 -> 29
  Data[10]: 00111011 -> 3b
  Data[11]: 10101011 -> ab
  Data[12]: 11111101 -> fd
  Data[13]: 11010000 -> d0
  Data[14]: 01100100 -> 64
  Data[15]: 11011000 -> d8
  Data[16]: 11000010 -> c2
  Data[17]: 01110100 -> 74
  Data[18]: 01101001 -> 69
  Data[19]: 00001010 -> 0a
  Data[20]: 01100111 -> 67
  Data[21]: 11010000 -> d0
  Data[22]: 01010101 -> 55
  Data[23]: 10001100 -> 8c
  Data[24]: 00010110 -> 16
  Data[25]: 10001100 -> 8c
  Data[26]: 01001110 -> 4e

Address #101: 111101
RDWR Bit: 0
Stream Bit: 0
Exchange: 10100110

Address #102: 101110
RDWR Bit: 0
Stream Bit: 0
Exchange: 10100010

Address #103: 001000
RDWR Bit: 0
Stream Bit: 0
Exchange: 01010101

Address #104: 000100
RDWR Bit: 1
Stream Bit: 0
Exchange: 10001010

Address #105: 000001
RDWR Bit: 1
Stream Bit: 0
Exchange: 10111010

Address #106: 100111
RDWR Bit: 1
Stream Bit: 0
Exchange: 01010100

Address #107: 011011
RDWR Bit: 0
Stream Bit: 0
Exchange: 11101110

Address #108: 010011
RDWR Bit: 0
Stream Bit: 0
Exchange: 01001111

Address #109: 101110
RDWR Bit: 0
Stream Bit: 0
Exchange: 00010000

Address #110: 111111
RDWR Bit: 0
Stream Bit: 0
Exchange: 11001000

Address #111: 000111
RDWR Bit: 1
Stream Bit: 0
Exchange: 01101011

Address #112: 110101
RDWR Bit: 0
Stream Bit: 0
Exchange: 11100101

Address #113: 000010
RDWR Bit: 0
Stream Bit: 0
Exchange: 11011111

Address #114: 111111
RDWR Bit: 0
Stream Bit: 1
Stream Length: 1 (binary: 00000001)
  Data[0]: 00110111 -> 37

Address #116: 010100
RDWR Bit: 0
Stream Bit: 0
Exchange: 01111111

Address #117: 001001
RDWR Bit: 0
Stream Bit: 0
Exchange: 01100001

Address #118: 011110
RDWR Bit: 0
Stream Bit: 0
Exchange: 00001101

Address #119: 111001
RDWR Bit: 1
Stream Bit: 0
Exchange: 10001110

Address #120: 100011
RDWR Bit: 0
Stream Bit: 0
Exchange: 11100111

Address #121: 001101
RDWR Bit: 1
Stream Bit: 1
Stream Length: 11 (binary: 00001011)
  Data[0]: 10110001 -> b1
  Data[1]: 10110100 -> b4
  Data[2]: 11010010 -> d2
  Data[3]: 01111101 -> 7d
  Data[4]: 01000001 -> 41
  Data[5]: 00110101 -> 35
  Data[6]: 11010101 -> d5
  Data[7]: 10011101 -> 9d
  Data[8]: 11101110 -> ee
  Data[9]: 11000110 -> c6
  Data[10]: 00110100 -> 34

Address #127: 011010
RDWR Bit: 1
Stream Bit: 0
Exchange: 01010110

Address #128: 101111
RDWR Bit: 1
Stream Bit: 0
Exchange: 10010000

Address #129: 010001
RDWR Bit: 0
Stream Bit: 1
Stream Length: 21 (binary: 00010101)
  Data[0]: 00011010 -> 1a
  Data[1]: 00000111 -> 07
  Data[2]: 01111010 -> 7a
  Data[3]: 01110111 -> 77
  Data[4]: 11011111 -> df
  Data[5]: 10000010 -> 82
  Data[6]: 00010101 -> 15
  Data[7]: 11001111 -> cf
  Data[8]: 10011011 -> 9b
  Data[9]: 01101010 -> 6a
  Data[10]: 00111000 -> 38
  Data[11]: 01010001 -> 51
  Data[12]: 00111011 -> 3b
  Data[13]: 00101100 -> 2c
  Data[14]: 10001111 -> 8f
  Data[15]: 10001010 -> 8a
  Data[16]: 11100101 -> e5
  Data[17]: 11100000 -> e0
  Data[18]: 01101101 -> 6d
  Data[19]: 11010010 -> d2
  Data[20]: 11010000 -> d0

Address #141: 010011
RDWR Bit: 1
Stream Bit: 1
Stream Length: 21 (binary: 00010101)
  Data[0]: 11111101 -> fd
  Data[1]: 11111110 -> fe
  Data[2]: 10110111 -> b7
  Data[3]: 01010000 -> 50
  Data[4]: 00111011 -> 3b
  Data[5]: 01100001 -> 61
  Data[6]: 00101001 -> 29
  Data[7]: 00101010 -> 2a
  Data[8]: 10101001 -> a9
  Data[9]: 00111101 -> 3d
  Data[10]: 11001101 -> cd
  Data[11]: 10010001 -> 91
  Data[12]: 11100001 -> e1
  Data[13]: 11001101 -> cd
  Data[14]: 01011110 -> 5e
  Data[15]: 01000111 -> 47
  Data[16]: 01011010 -> 5a
  Data[17]: 01011111 -> 5f
  Data[18]: 11100111 -> e7
  Data[19]: 11101010 -> ea
  Data[20]: 00101111 -> 2f

Address #152: 011000
RDWR Bit: 0
Stream Bit: 0
Exchange: 00111010

Address #153: 010100
RDWR Bit: 1
Stream Bit: 0
Exchange: 11101110

Address #154: 001011
RDWR Bit: 0
Stream Bit: 1
Stream Length: 7 (binary: 00000111)
  Data[0]: 00110001 -> 31
  Data[1]: 00001101 -> 0d
  Data[2]: 00011110 -> 1e
  Data[3]: 00010101 -> 15
  Data[4]: 01100111 -> 67
  Data[5]: 10110010 -> b2
  Data[6]: 10111100 -> bc

Address #159: 010001
RDWR Bit: 0
Stream Bit: 1
Stream Length: 7 (binary: 00000111)
  Data[0]: 00010101 -> 15
  Data[1]: 01100111 -> 67
  Data[2]: 00001100 -> 0c
  Data[3]: 01111000 -> 78
  Data[4]: 10100011 -> a3
  Data[5]: 01101011 -> 6b
  Data[6]: 00101100 -> 2c

Address #163: 011101
RDWR Bit: 1
Stream Bit: 0
Exchange: 11001100

Address #164: 111001
RDWR Bit: 1
Stream Bit: 0
Exchange: 11100011

Address #165: 111000
RDWR Bit: 1
Stream Bit: 0
Exchange: 00000001

Address #166: 000000
RDWR Bit: 1
Stream Bit: 1
Stream Length: 17 (binary: 00010001)
  Data[0]: 01110101 -> 75
  Data[1]: 00000010 -> 02
  Data[2]: 00110101 -> 35
  Data[3]: 10001010 -> 8a
  Data[4]: 10011011 -> 9b
  Data[5]: 01000011 -> 43
  Data[6]: 10000101 -> 85
  Data[7]: 00000100 -> 04
  Data[8]: 11010011 -> d3
  Data[9]: 10110100 -> b4
  Data[10]: 00101110 -> 2e
  Data[11]: 11011011 -> db
  Data[12]: 11011101 -> dd
  Data[13]: 01010001 -> 51
  Data[14]: 00110011 -> 33
  Data[15]: 01010000 -> 50
  Data[16]: 01010011 -> 53

Address #176: 101110
RDWR Bit: 0
Stream Bit: 0
Exchange: 10010011

Address #177: 011100
RDWR Bit: 1
Stream Bit: 1
Stream Length: 29 (binary: 00011101)
  Data[0]: 10010010 -> 92
  Data[1]: 10000110 -> 86
  Data[2]: 10001110 -> 8e
  Data[3]: 11011011 -> db
  Data[4]: 01101100 -> 6c
  Data[5]: 01101111 -> 6f
  Data[6]: 00111101 -> 3d
  Data[7]: 11100000 -> e0
  Data[8]: 01101111 -> 6f
  Data[9]: 00010101 -> 15
  Data[10]: 11011001 -> d9
  Data[11]: 11110011 -> f3
  Data[12]: 00011000 -> 18
  Data[13]: 10110100 -> b4
  Data[14]: 10011110 -> 9e
  Data[15]: 11101000 -> e8
  Data[16]: 01101000 -> 68
  Data[17]: 10100011 -> a3
  Data[18]: 11001101 -> cd
  Data[19]: 00111011 -> 3b
  Data[20]: 11101101 -> ed
  Data[21]: 01111111 -> 7f
  Data[22]: 10011111 -> 9f
  Data[23]: 11001110 -> ce
  Data[24]: 11111111 -> ff
  Data[25]: 01000111 -> 47
  Data[26]: 00011011 -> 1b
  Data[27]: 10101110 -> ae
  Data[28]: 11101111 -> ef

Address #192: 111111
RDWR Bit: 0
Stream Bit: 0
Exchange: 01101001

Address #193: 010001
RDWR Bit: 0
Stream Bit: 1
Stream Length: 4 (binary: 00000100)
  Data[0]: 10110111 -> b7
  Data[1]: 11101101 -> ed
  Data[2]: 00100111 -> 27
  Data[3]: 11000011 -> c3

Address #196: 101101
RDWR Bit: 1
Stream Bit: 1
Stream Length: 13 (binary: 00001101)
  Data[0]: 11110101 -> f5
  Data[1]: 10001100 -> 8c
  Data[2]: 00001101 -> 0d
  Data[3]: 11101101 -> ed
  Data[4]: 11000111 -> c7
  Data[5]: 00100000 -> 20
  Data[6]: 01000000 -> 40
  Data[7]: 00000111 -> 07
  Data[8]: 10000001 -> 81
  Data[9]: 01011000 -> 58
  Data[10]: 01100110 -> 66
  Data[11]: 11001110 -> ce
  Data[12]: 11111000 -> f8

Address #204: 010000
RDWR Bit: 1
Stream Bit: 1
Stream Length: 5 (binary: 00000101)
  Data[0]: 10100101 -> a5
  Data[1]: 10001100 -> 8c
  Data[2]: 01001010 -> 4a
  Data[3]: 10010000 -> 90
  Data[4]: 11000001 -> c1

Address #207: 010111
RDWR Bit: 1
Stream Bit: 0
Exchange: 11100100

Address #208: 010001
RDWR Bit: 1
Stream Bit: 0
Exchange: 10010100

Address #209: 100010
RDWR Bit: 1
Stream Bit: 0
Exchange: 11110010

Address #210: 011110
RDWR Bit: 1
Stream Bit: 0
Exchange: 10111110

Address #211: 110101
RDWR Bit: 0
Stream Bit: 1
Stream Length: 30 (binary: 00011110)
  Data[0]: 01111011 -> 7b
  Data[1]: 01101001 -> 69
  Data[2]: 00110011 -> 33
  Data[3]: 01110110 -> 76
  Data[4]: 11101011 -> eb
  Data[5]: 01011010 -> 5a
  Data[6]: 01010110 -> 56
  Data[7]: 01101010 -> 6a
  Data[8]: 00111001 -> 39
  Data[9]: 11111011 -> fb
  Data[10]: 10000000 -> 80
  Data[11]: 11110101 -> f5
  Data[12]: 00011001 -> 19
  Data[13]: 11100101 -> e5
  Data[14]: 01100000 -> 60
  Data[15]: 01001101 -> 4d
  Data[16]: 00001111 -> 0f
  Data[17]: 00101010 -> 2a
  Data[18]: 00000100 -> 04
  Data[19]: 10011001 -> 99
  Data[20]: 00111001 -> 39
  Data[21]: 00010111 -> 17
  Data[22]: 10001010 -> 8a
  Data[23]: 10111010 -> ba
  Data[24]: 00011110 -> 1e
  Data[25]: 10111010 -> ba
  Data[26]: 00001000 -> 08
  Data[27]: 00001001 -> 09
  Data[28]: 11101001 -> e9
  Data[29]: 01100100 -> 64

Address #227: 111000
RDWR Bit: 0
Stream Bit: 1
Stream Length: 13 (binary: 00001101)
  Data[0]: 00000100 -> 04
  Data[1]: 10011001 -> 99
  Data[2]: 11101010 -> ea
  Data[3]: 01010010 -> 52
  Data[4]: 01010011 -> 53
  Data[5]: 11110101 -> f5
  Data[6]: 00110010 -> 32
  Data[7]: 01000111 -> 47
  Data[8]: 10110100 -> b4
  Data[9]: 10111100 -> bc
  Data[10]: 11111110 -> fe
  Data[11]: 11000001 -> c1
  Data[12]: 00101100 -> 2c

Address #235: 111010
RDWR Bit: 0
Stream Bit: 0
Exchange: 11110110

Address #236: 110110
RDWR Bit: 1
Stream Bit: 0
Exchange: 01000111

Address #237: 011011
RDWR Bit: 0
Stream Bit: 0
Exchange: 11001010

Address #238: 001101
RDWR Bit: 0
Stream Bit: 0
Exchange: 11001011

Address #239: 101110
RDWR Bit: 0
Stream Bit: 1
Stream Length: 1 (binary: 00000001)
  Data[0]: 11110010 -> f2
