Read a waves file with 6 signals and 12675 samples...
Input has these signals:
	* sclk (1 bits)
	* mosi (1 bits)
	* miso (1 bits)
	* ss (1 bits)
	* cpol (1 bits)
	* cpha (1 bits)

Address #1: 010001
RDWR Bit: 0
Stream Bit: 1
Stream Length: 1 (binary: 00000001)
  Data[0]: 10011101 -> 9d

Address #2: 110110
RDWR Bit: 0
Stream Bit: 1
Stream Length: 19 (binary: 00010011)
  Data[0]: 10100001 -> a1
  Data[1]: 01110101 -> 75
  Data[2]: 10101100 -> ac
  Data[3]: 11001011 -> cb
  Data[4]: 11101001 -> e9
  Data[5]: 01100111 -> 67
  Data[6]: 11001000 -> c8
  Data[7]: 11011011 -> db
  Data[8]: 00110011 -> 33
  Data[9]: 10000110 -> 86
  Data[10]: 00011100 -> 1c
  Data[11]: 11010000 -> d0
  Data[12]: 11001010 -> ca
  Data[13]: 01110010 -> 72
  Data[14]: 00110111 -> 37
  Data[15]: 00011010 -> 1a
  Data[16]: 01000111 -> 47
  Data[17]: 11111001 -> f9
  Data[18]: 00100001 -> 21

Address #13: 011111
RDWR Bit: 0
Stream Bit: 1
Stream Length: 16 (binary: 00010000)
  Data[0]: 10101010 -> aa
  Data[1]: 01001011 -> 4b
  Data[2]: 11101010 -> ea
  Data[3]: 00111010 -> 3a
  Data[4]: 11001101 -> cd
  Data[5]: 10100100 -> a4
  Data[6]: 00011010 -> 1a
  Data[7]: 00000011 -> 03
  Data[8]: 10111001 -> b9
  Data[9]: 00000101 -> 05
  Data[10]: 10001011 -> 8b
  Data[11]: 01111101 -> 7d
  Data[12]: 11111011 -> fb
  Data[13]: 10001011 -> 8b
  Data[14]: 00000101 -> 05
  Data[15]: 01010010 -> 52

Address #22: 010111
RDWR Bit: 0
Stream Bit: 0
Exchange: 00010001

Address #23: 100010
RDWR Bit: 1
Stream Bit: 0
Exchange: 01000101

Address #24: 001110
RDWR Bit: 0
Stream Bit: 1
Stream Length: 28 (binary: 00011100)
  Data[0]: 10011110 -> 9e
  Data[1]: 10010010 -> 92
  Data[2]: 11100000 -> e0
  Data[3]: 01001001 -> 49
  Data[4]: 00101111 -> 2f
  Data[5]: 01100001 -> 61
  Data[6]: 00010011 -> 13
  Data[7]: 11100011 -> e3
  Data[8]: 01000101 -> 45
  Data[9]: 10000101 -> 85
  Data[10]: 11101000 -> e8
  Data[11]: 01111010 -> 7a
  Data[12]: 10101011 -> ab
  Data[13]: 11000110 -> c6
  Data[14]: 01001100 -> 4c
  Data[15]: 01011001 -> 59
  Data[16]: 10010001 -> 91
  Data[17]: 10111011 -> bb
  Data[18]: 10001110 -> 8e
  Data[19]: 00010010 -> 12
  Data[20]: 10000000 -> 80
  Data[21]: 11110101 -> f5
  Data[22]: 11100010 -> e2
  Data[23]: 10011101 -> 9d
  Data[24]: 10000011 -> 83
  Data[25]: 11011111 -> df
  Data[26]: 10110010 -> b2
  Data[27]: 11000011 -> c3

Address #39: 100001
RDWR Bit: 1
Stream Bit: 1
Stream Length: 29 (binary: 00011101)
  Data[0]: 01000110 -> 46
  Data[1]: 00001100 -> 0c
  Data[2]: 10000100 -> 84
  Data[3]: 11010000 -> d0
  Data[4]: 10100100 -> a4
  Data[5]: 00011000 -> 18
  Data[6]: 00110100 -> 34
  Data[7]: 11101111 -> ef
  Data[8]: 10110010 -> b2
  Data[9]: 01011011 -> 5b
  Data[10]: 00001010 -> 0a
  Data[11]: 00010001 -> 11
  Data[12]: 11101011 -> eb
  Data[13]: 11100011 -> e3
  Data[14]: 10010011 -> 93
  Data[15]: 00010101 -> 15
  Data[16]: 10101010 -> aa
  Data[17]: 11101110 -> ee
  Data[18]: 11011100 -> dc
  Data[19]: 00101100 -> 2c
  Data[20]: 01001011 -> 4b
  Data[21]: 00111001 -> 39
  Data[22]: 01010011 -> 53
  Data[23]: 00010101 -> 15
  Data[24]: 10100000 -> a0
  Data[25]: 00100100 -> 24
  Data[26]: 11001111 -> cf
  Data[27]: 10001111 -> 8f
  Data[28]: 11111011 -> fb

Address #54: 011001
RDWR Bit: 1
Stream Bit: 0
Exchange: 00011110

Address #55: 001100
RDWR Bit: 1
Stream Bit: 1
Stream Length: 7 (binary: 00000111)
  Data[0]: 00001100 -> 0c
  Data[1]: 11000000 -> c0
  Data[2]: 01100011 -> 63
  Data[3]: 11000000 -> c0
  Data[4]: 11111110 -> fe
  Data[5]: 11110000 -> f0
  Data[6]: 10000100 -> 84

Address #60: 001100
RDWR Bit: 1
Stream Bit: 0
Exchange: 11110111

Address #61: 101001
RDWR Bit: 0
Stream Bit: 1
Stream Length: 1 (binary: 00000001)
  Data[0]: 00010001 -> 11

Address #62: 110100
RDWR Bit: 0
Stream Bit: 1
Stream Length: 14 (binary: 00001110)
  Data[0]: 11011111 -> df
  Data[1]: 00000110 -> 06
  Data[2]: 00001111 -> 0f
  Data[3]: 10010010 -> 92
  Data[4]: 11010011 -> d3
  Data[5]: 11111101 -> fd
  Data[6]: 11011101 -> dd
  Data[7]: 01100011 -> 63
  Data[8]: 00011000 -> 18
  Data[9]: 11100000 -> e0
  Data[10]: 11010101 -> d5
  Data[11]: 01100100 -> 64
  Data[12]: 00100110 -> 26
  Data[13]: 01000000 -> 40

Address #70: 111010
RDWR Bit: 1
Stream Bit: 1
Stream Length: 22 (binary: 00010110)
  Data[0]: 10001010 -> 8a
  Data[1]: 01111111 -> 7f
  Data[2]: 11100010 -> e2
  Data[3]: 11001100 -> cc
  Data[4]: 01110010 -> 72
  Data[5]: 11101010 -> ea
  Data[6]: 11001001 -> c9
  Data[7]: 11111001 -> f9
  Data[8]: 01001001 -> 49
  Data[9]: 00100111 -> 27
  Data[10]: 11110010 -> f2
  Data[11]: 01111110 -> 7e
  Data[12]: 01001000 -> 48
  Data[13]: 10101111 -> af
  Data[14]: 01100011 -> 63
  Data[15]: 00010000 -> 10
  Data[16]: 00011100 -> 1c
  Data[17]: 10011000 -> 98
  Data[18]: 10011011 -> 9b
  Data[19]: 10100100 -> a4
  Data[20]: 10000100 -> 84
  Data[21]: 11000000 -> c0

Address #82: 010011
RDWR Bit: 1
Stream Bit: 1
Stream Length: 8 (binary: 00001000)
  Data[0]: 10011111 -> 9f
  Data[1]: 01001010 -> 4a
  Data[2]: 10010111 -> 97
  Data[3]: 00000000 -> 00
  Data[4]: 01001100 -> 4c
  Data[5]: 11101000 -> e8
  Data[6]: 10010100 -> 94
  Data[7]: 01001100 -> 4c

Address #87: 010000
RDWR Bit: 1
Stream Bit: 0
Exchange: 01000111

Address #88: 111100
RDWR Bit: 1
Stream Bit: 1
Stream Length: 1 (binary: 00000001)
  Data[0]: 01101100 -> 6c

Address #90: 100111
RDWR Bit: 0
Stream Bit: 0
Exchange: 11111011

Address #91: 111111
RDWR Bit: 0
Stream Bit: 1
Stream Length: 26 (binary: 00011010)
  Data[0]: 10011111 -> 9f
  Data[1]: 00101100 -> 2c
  Data[2]: 11100101 -> e5
  Data[3]: 10000100 -> 84
  Data[4]: 01000011 -> 43
  Data[5]: 10010001 -> 91
  Data[6]: 01110100 -> 74
  Data[7]: 01000001 -> 41
  Data[8]: 01010100 -> 54
  Data[9]: 01101011 -> 6b
  Data[10]: 11000111 -> c7
  Data[11]: 10011111 -> 9f
  Data[12]: 10111100 -> bc
  Data[13]: 01001001 -> 49
  Data[14]: 01001011 -> 4b
  Data[15]: 11000100 -> c4
  Data[16]: 00111110 -> 3e
  Data[17]: 11010011 -> d3
  Data[18]: 01010101 -> 55
  Data[19]: 01111000 -> 78
  Data[20]: 11000001 -> c1
  Data[21]: 01010111 -> 57
  Data[22]: 01011110 -> 5e
  Data[23]: 01000000 -> 40
  Data[24]: 00101110 -> 2e
  Data[25]: 00001110 -> 0e

Address #105: 110111
RDWR Bit: 1
Stream Bit: 1
Stream Length: 24 (binary: 00011000)
  Data[0]: 10101101 -> ad
  Data[1]: 01101111 -> 6f
  Data[2]: 11010101 -> d5
  Data[3]: 01010011 -> 53
  Data[4]: 10001010 -> 8a
  Data[5]: 01001101 -> 4d
  Data[6]: 11000111 -> c7
  Data[7]: 11011010 -> da
  Data[8]: 01001000 -> 48
  Data[9]: 11001000 -> c8
  Data[10]: 11001011 -> cb
  Data[11]: 01110110 -> 76
  Data[12]: 01001011 -> 4b
  Data[13]: 01111100 -> 7c
  Data[14]: 10001011 -> 8b
  Data[15]: 00010011 -> 13
  Data[16]: 01100110 -> 66
  Data[17]: 01100100 -> 64
  Data[18]: 01101111 -> 6f
  Data[19]: 10100101 -> a5
  Data[20]: 11100011 -> e3
  Data[21]: 10011111 -> 9f
  Data[22]: 10101100 -> ac
  Data[23]: 11110110 -> f6

Address #118: 001000
RDWR Bit: 1
Stream Bit: 0
Exchange: 00111100

Address #119: 110000
RDWR Bit: 0
Stream Bit: 0
Exchange: 00010110

Address #120: 001100
RDWR Bit: 1
Stream Bit: 1
Stream Length: 26 (binary: 00011010)
  Data[0]: 00011101 -> 1d
  Data[1]: 11100011 -> e3
  Data[2]: 01100110 -> 66
  Data[3]: 10110001 -> b1
  Data[4]: 11010111 -> d7
  Data[5]: 10001000 -> 88
  Data[6]: 11100001 -> e1
  Data[7]: 10001010 -> 8a
  Data[8]: 10000001 -> 81
  Data[9]: 00010101 -> 15
  Data[10]: 11010110 -> d6
  Data[11]: 00101101 -> 2d
  Data[12]: 10101000 -> a8
  Data[13]: 01111010 -> 7a
  Data[14]: 10000101 -> 85
  Data[15]: 11101111 -> ef
  Data[16]: 10110100 -> b4
  Data[17]: 01011110 -> 5e
  Data[18]: 00011111 -> 1f
  Data[19]: 00100111 -> 27
  Data[20]: 00111100 -> 3c
  Data[21]: 10101000 -> a8
  Data[22]: 00010001 -> 11
  Data[23]: 01110000 -> 70
  Data[24]: 10101101 -> ad
  Data[25]: 01110110 -> 76

Address #134: 011110
RDWR Bit: 1
Stream Bit: 0
Exchange: 00010110

Address #135: 111101
RDWR Bit: 0
Stream Bit: 0
Exchange: 10010101

Address #136: 111010
RDWR Bit: 1
Stream Bit: 0
Exchange: 00010100

Address #137: 111110
RDWR Bit: 0
Stream Bit: 0
Exchange: 00100011

Address #138: 111000
RDWR Bit: 0
Stream Bit: 1
Stream Length: 26 (binary: 00011010)
  Data[0]: 01110101 -> 75
  Data[1]: 01010101 -> 55
  Data[2]: 01101110 -> 6e
  Data[3]: 11110110 -> f6
  Data[4]: 00101111 -> 2f
  Data[5]: 10010010 -> 92
  Data[6]: 10111011 -> bb
  Data[7]: 00110110 -> 36
  Data[8]: 01111100 -> 7c
  Data[9]: 11000111 -> c7
  Data[10]: 11010110 -> d6
  Data[11]: 00100101 -> 25
  Data[12]: 00010010 -> 12
  Data[13]: 01010001 -> 51
  Data[14]: 01111110 -> 7e
  Data[15]: 01001001 -> 49
  Data[16]: 01011000 -> 58
  Data[17]: 10010110 -> 96
  Data[18]: 00110101 -> 35
  Data[19]: 01101111 -> 6f
  Data[20]: 00011110 -> 1e
  Data[21]: 10000000 -> 80
  Data[22]: 10011111 -> 9f
  Data[23]: 00011100 -> 1c
  Data[24]: 10001110 -> 8e
  Data[25]: 00011001 -> 19

Address #152: 110111
RDWR Bit: 1
Stream Bit: 0
Exchange: 11011100

Address #153: 011011
RDWR Bit: 0
Stream Bit: 0
Exchange: 10010010

Address #154: 100110
RDWR Bit: 1
Stream Bit: 0
Exchange: 00000011

Address #155: 111011
RDWR Bit: 0
Stream Bit: 1
Stream Length: 18 (binary: 00010010)
  Data[0]: 01110111 -> 77
  Data[1]: 10110111 -> b7
  Data[2]: 11010111 -> d7
  Data[3]: 00000111 -> 07
  Data[4]: 11000111 -> c7
  Data[5]: 11000010 -> c2
  Data[6]: 00110110 -> 36
  Data[7]: 00111001 -> 39
  Data[8]: 11101101 -> ed
  Data[9]: 00101000 -> 28
  Data[10]: 00011100 -> 1c
  Data[11]: 10011100 -> 9c
  Data[12]: 11111010 -> fa
  Data[13]: 01010000 -> 50
  Data[14]: 01101101 -> 6d
  Data[15]: 00100010 -> 22
  Data[16]: 00110100 -> 34
  Data[17]: 01100001 -> 61

Address #165: 011100
RDWR Bit: 0
Stream Bit: 0
Exchange: 00011001

Address #166: 110001
RDWR Bit: 0
Stream Bit: 1
Stream Length: 20 (binary: 00010100)
  Data[0]: 11101111 -> ef
  Data[1]: 00011000 -> 18
  Data[2]: 11100100 -> e4
  Data[3]: 10011010 -> 9a
  Data[4]: 11010000 -> d0
  Data[5]: 01111110 -> 7e
  Data[6]: 00110000 -> 30
  Data[7]: 01110001 -> 71
  Data[8]: 10011101 -> 9d
  Data[9]: 11111000 -> f8
  Data[10]: 00010111 -> 17
  Data[11]: 01001111 -> 4f
  Data[12]: 10101111 -> af
  Data[13]: 00010111 -> 17
  Data[14]: 00100011 -> 23
  Data[15]: 11001000 -> c8
  Data[16]: 00010011 -> 13
  Data[17]: 10111010 -> ba
  Data[18]: 10100000 -> a0
  Data[19]: 00000000 -> 00

Address #177: 010111
RDWR Bit: 0
Stream Bit: 0
Exchange: 10011001

Address #178: 100000
RDWR Bit: 1
Stream Bit: 0
Exchange: 11101010

Address #179: 110101
RDWR Bit: 0
Stream Bit: 1
Stream Length: 26 (binary: 00011010)
  Data[0]: 01001101 -> 4d
  Data[1]: 01100110 -> 66
  Data[2]: 00000011 -> 03
  Data[3]: 01000001 -> 41
  Data[4]: 00010100 -> 14
  Data[5]: 11101000 -> e8
  Data[6]: 11111000 -> f8
  Data[7]: 00000110 -> 06
  Data[8]: 00000010 -> 02
  Data[9]: 01100011 -> 63
  Data[10]: 00000111 -> 07
  Data[11]: 11010000 -> d0
  Data[12]: 11010101 -> d5
  Data[13]: 01001111 -> 4f
  Data[14]: 01100100 -> 64
  Data[15]: 00100101 -> 25
  Data[16]: 00001111 -> 0f
  Data[17]: 01110100 -> 74
  Data[18]: 01000100 -> 44
  Data[19]: 11011110 -> de
  Data[20]: 00001111 -> 0f
  Data[21]: 01001001 -> 49
  Data[22]: 01001111 -> 4f
  Data[23]: 10001101 -> 8d
  Data[24]: 01010010 -> 52
  Data[25]: 01001111 -> 4f

Address #193: 101101
RDWR Bit: 0
Stream Bit: 0
Exchange: 01010110

Address #194: 100001
RDWR Bit: 0
Stream Bit: 1
Stream Length: 21 (binary: 00010101)
  Data[0]: 01011100 -> 5c
  Data[1]: 10110010 -> b2
  Data[2]: 01001010 -> 4a
  Data[3]: 11111001 -> f9
  Data[4]: 11010110 -> d6
  Data[5]: 01000001 -> 41
  Data[6]: 10011001 -> 99
  Data[7]: 01001000 -> 48
  Data[8]: 01001101 -> 4d
  Data[9]: 01111000 -> 78
  Data[10]: 11101001 -> e9
  Data[11]: 00001010 -> 0a
  Data[12]: 00100000 -> 20
  Data[13]: 01101001 -> 69
  Data[14]: 11101111 -> ef
  Data[15]: 10000001 -> 81
  Data[16]: 10110111 -> b7
  Data[17]: 00010010 -> 12
  Data[18]: 00000100 -> 04
  Data[19]: 00010110 -> 16
  Data[20]: 00001010 -> 0a

Address #205: 111101
RDWR Bit: 0
Stream Bit: 1
Stream Length: 23 (binary: 00010111)
  Data[0]: 00001100 -> 0c
  Data[1]: 01000011 -> 43
  Data[2]: 11010111 -> d7
  Data[3]: 10111000 -> b8
  Data[4]: 00100011 -> 23
  Data[5]: 01010011 -> 53
  Data[6]: 01100101 -> 65
  Data[7]: 10000011 -> 83
  Data[8]: 00101011 -> 2b
  Data[9]: 01101101 -> 6d
  Data[10]: 01111101 -> 7d
  Data[11]: 00011000 -> 18
  Data[12]: 00001101 -> 0d
  Data[13]: 10100111 -> a7
  Data[14]: 10010000 -> 90
  Data[15]: 00101011 -> 2b
  Data[16]: 00101110 -> 2e
  Data[17]: 01111011 -> 7b
  Data[18]: 11011111 -> df
  Data[19]: 11000010 -> c2
  Data[20]: 10011101 -> 9d
  Data[21]: 10000011 -> 83
  Data[22]: 00111010 -> 3a

Address #218: 000000
RDWR Bit: 0
Stream Bit: 1
Stream Length: 6 (binary: 00000110)
  Data[0]: 00000001 -> 01
  Data[1]: 01100111 -> 67
  Data[2]: 11011111 -> df
  Data[3]: 11000101 -> c5
  Data[4]: 11010011 -> d3
  Data[5]: 11011010 -> da

Address #222: 101100
RDWR Bit: 1
Stream Bit: 1
Stream Length: 11 (binary: 00001011)
  Data[0]: 01100001 -> 61
  Data[1]: 01111001 -> 79
  Data[2]: 10010101 -> 95
  Data[3]: 11110001 -> f1
  Data[4]: 01011001 -> 59
  Data[5]: 10101111 -> af
  Data[6]: 01101101 -> 6d
  Data[7]: 00000010 -> 02
  Data[8]: 01010111 -> 57
  Data[9]: 00101111 -> 2f
  Data[10]: 11101001 -> e9

Address #228: 000001
RDWR Bit: 0
Stream Bit: 1
Stream Length: 26 (binary: 00011010)
  Data[0]: 10101001 -> a9
  Data[1]: 00011110 -> 1e
  Data[2]: 00001111 -> 0f
  Data[3]: 11101100 -> ec
  Data[4]: 01010011 -> 53
  Data[5]: 11001000 -> c8
  Data[6]: 11011101 -> dd
  Data[7]: 00111011 -> 3b
  Data[8]: 11010101 -> d5
  Data[9]: 10001011 -> 8b
  Data[10]: 11011001 -> d9
  Data[11]: 11001010 -> ca
  Data[12]: 00011110 -> 1e
  Data[13]: 01001000 -> 48
  Data[14]: 10010101 -> 95
  Data[15]: 00100011 -> 23
  Data[16]: 10100001 -> a1
  Data[17]: 10001100 -> 8c
  Data[18]: 10101100 -> ac
  Data[19]: 01001011 -> 4b
  Data[20]: 01000110 -> 46
  Data[21]: 11111000 -> f8
  Data[22]: 11110000 -> f0
  Data[23]: 11110100 -> f4
  Data[24]: 01101110 -> 6e
  Data[25]: 00000110 -> 06

Address #242: 100011
RDWR Bit: 0
Stream Bit: 0
Exchange: 00110100

Address #243: 100011
RDWR Bit: 1
Stream Bit: 1
Stream Length: 23 (binary: 00010111)
  Data[0]: 00010001 -> 11
  Data[1]: 00001110 -> 0e
  Data[2]: 01000011 -> 43
  Data[3]: 00110100 -> 34
  Data[4]: 10000101 -> 85
  Data[5]: 00110101 -> 35
  Data[6]: 10101010 -> aa
  Data[7]: 00110011 -> 33
  Data[8]: 10100010 -> a2
  Data[9]: 00111100 -> 3c
  Data[10]: 10001000 -> 88
  Data[11]: 11110010 -> f2
  Data[12]: 01100001 -> 61
  Data[13]: 10111010 -> ba
  Data[14]: 01000001 -> 41
  Data[15]: 11110101 -> f5
  Data[16]: 00010011 -> 13
  Data[17]: 01000100 -> 44
  Data[18]: 10001000 -> 88
  Data[19]: 01011100 -> 5c
  Data[20]: 01110001 -> 71
  Data[21]: 00100000 -> 20
  Data[22]: 00110100 -> 34

Address #256: 001010
RDWR Bit: 1
Stream Bit: 1
Stream Length: 22 (binary: 00010110)
  Data[0]: 11111011 -> fb
  Data[1]: 10011111 -> 9f
  Data[2]: 00010101 -> 15
  Data[3]: 10001110 -> 8e
  Data[4]: 10011010 -> 9a
  Data[5]: 10000100 -> 84
  Data[6]: 10100101 -> a5
  Data[7]: 10101011 -> ab
  Data[8]: 11001010 -> ca
  Data[9]: 01000110 -> 46
  Data[10]: 01101011 -> 6b
  Data[11]: 10100101 -> a5
  Data[12]: 01100111 -> 67
  Data[13]: 11011111 -> df
  Data[14]: 00110111 -> 37
  Data[15]: 01110100 -> 74
  Data[16]: 10011111 -> 9f
  Data[17]: 00001001 -> 09
  Data[18]: 11001100 -> cc
  Data[19]: 10110010 -> b2
  Data[20]: 01101101 -> 6d
  Data[21]: 11100101 -> e5

Address #268: 000111
RDWR Bit: 1
Stream Bit: 1
Stream Length: 14 (binary: 00001110)
  Data[0]: 11110110 -> f6
  Data[1]: 11100001 -> e1
  Data[2]: 00011100 -> 1c
  Data[3]: 01101100 -> 6c
  Data[4]: 01101100 -> 6c
  Data[5]: 10010001 -> 91
  Data[6]: 11100000 -> e0
  Data[7]: 00110010 -> 32
  Data[8]: 11101000 -> e8
  Data[9]: 01101111 -> 6f
  Data[10]: 01101100 -> 6c
  Data[11]: 11010100 -> d4
  Data[12]: 10111001 -> b9
  Data[13]: 10010011 -> 93

Address #276: 000110
RDWR Bit: 1
Stream Bit: 1
Stream Length: 26 (binary: 00011010)
  Data[0]: 11010111 -> d7
  Data[1]: 01110100 -> 74
  Data[2]: 00110011 -> 33
  Data[3]: 00000111 -> 07
  Data[4]: 11111101 -> fd
  Data[5]: 00110010 -> 32
  Data[6]: 10110100 -> b4
  Data[7]: 01101110 -> 6e
  Data[8]: 00011101 -> 1d
  Data[9]: 00010010 -> 12
  Data[10]: 11011110 -> de
  Data[11]: 01110001 -> 71
  Data[12]: 00111001 -> 39
  Data[13]: 00011001 -> 19
  Data[14]: 01111110 -> 7e
  Data[15]: 00001010 -> 0a
  Data[16]: 11110001 -> f1
  Data[17]: 01110100 -> 74
  Data[18]: 00111001 -> 39
  Data[19]: 10111110 -> be
  Data[20]: 10000001 -> 81
  Data[21]: 11101011 -> eb
  Data[22]: 11011100 -> dc
  Data[23]: 01110010 -> 72
  Data[24]: 01000110 -> 46
  Data[25]: 11101001 -> e9

Address #290: 000011
RDWR Bit: 0
Stream Bit: 1
Stream Length: 30 (binary: 00011110)
  Data[0]: 11000111 -> c7
  Data[1]: 10111101 -> bd
  Data[2]: 10100100 -> a4
  Data[3]: 11010011 -> d3
  Data[4]: 01000100 -> 44
  Data[5]: 11010101 -> d5
  Data[6]: 00000011 -> 03
  Data[7]: 00000101 -> 05
  Data[8]: 11001101 -> cd
  Data[9]: 01000101 -> 45
  Data[10]: 10111101 -> bd
  Data[11]: 01111000 -> 78
  Data[12]: 11101110 -> ee
  Data[13]: 00101110 -> 2e
  Data[14]: 11001001 -> c9
  Data[15]: 01100011 -> 63
  Data[16]: 10010011 -> 93
  Data[17]: 01010000 -> 50
  Data[18]: 11000101 -> c5
  Data[19]: 00011100 -> 1c
  Data[20]: 01101000 -> 68
  Data[21]: 00110100 -> 34
  Data[22]: 01000100 -> 44
  Data[23]: 00101100 -> 2c
  Data[24]: 11000000 -> c0
  Data[25]: 01111001 -> 79
  Data[26]: 00001110 -> 0e
  Data[27]: 00010101 -> 15
  Data[28]: 10001001 -> 89
  Data[29]: 01101011 -> 6b

Address #306: 010101
RDWR Bit: 1
Stream Bit: 1
Stream Length: 26 (binary: 00011010)
  Data[0]: 11001000 -> c8
  Data[1]: 11000100 -> c4
  Data[2]: 00010100 -> 14
  Data[3]: 10110010 -> b2
  Data[4]: 10001111 -> 8f
  Data[5]: 01000110 -> 46
  Data[6]: 11111000 -> f8
  Data[7]: 11100001 -> e1
  Data[8]: 11101100 -> ec
  Data[9]: 10101101 -> ad
  Data[10]: 11100101 -> e5
  Data[11]: 11011001 -> d9
  Data[12]: 00001001 -> 09
  Data[13]: 00101110 -> 2e
  Data[14]: 11111111 -> ff
  Data[15]: 00100001 -> 21
  Data[16]: 00100000 -> 20
  Data[17]: 10001010 -> 8a
  Data[18]: 10111011 -> bb
  Data[19]: 01001001 -> 49
  Data[20]: 01010111 -> 57
  Data[21]: 00011100 -> 1c
  Data[22]: 01000001 -> 41
  Data[23]: 10100100 -> a4
  Data[24]: 01000101 -> 45
  Data[25]: 00111010 -> 3a

Address #320: 101100
RDWR Bit: 1
Stream Bit: 1
Stream Length: 13 (binary: 00001101)
  Data[0]: 01010010 -> 52
  Data[1]: 00111001 -> 39
  Data[2]: 01100010 -> 62
  Data[3]: 11111010 -> fa
  Data[4]: 01100010 -> 62
  Data[5]: 11111001 -> f9
  Data[6]: 00110101 -> 35
  Data[7]: 00110111 -> 37
  Data[8]: 10011010 -> 9a
  Data[9]: 00101011 -> 2b
  Data[10]: 01111101 -> 7d
  Data[11]: 10001001 -> 89
  Data[12]: 00001001 -> 09

Address #327: 110001
RDWR Bit: 0
Stream Bit: 1
Stream Length: 4 (binary: 00000100)
  Data[0]: 00101011 -> 2b
  Data[1]: 01011100 -> 5c
  Data[2]: 01101000 -> 68
  Data[3]: 10010011 -> 93

Address #330: 101010
RDWR Bit: 1
Stream Bit: 1
Stream Length: 10 (binary: 00001010)
  Data[0]: 11110010 -> f2
  Data[1]: 11010001 -> d1
  Data[2]: 10100001 -> a1
  Data[3]: 01111010 -> 7a
  Data[4]: 11000011 -> c3
  Data[5]: 10101010 -> aa
  Data[6]: 11101101 -> ed
  Data[7]: 00101001 -> 29
  Data[8]: 01100011 -> 63
  Data[9]: 00011011 -> 1b

Address #336: 010101
RDWR Bit: 0
Stream Bit: 1
Stream Length: 19 (binary: 00010011)
  Data[0]: 01110111 -> 77
  Data[1]: 11010010 -> d2
  Data[2]: 00110010 -> 32
  Data[3]: 10011001 -> 99
  Data[4]: 11000111 -> c7
  Data[5]: 00110111 -> 37
  Data[6]: 01010110 -> 56
  Data[7]: 11001001 -> c9
  Data[8]: 10000100 -> 84
  Data[9]: 01110100 -> 74
  Data[10]: 10001100 -> 8c
  Data[11]: 11101000 -> e8
  Data[12]: 01110100 -> 74
  Data[13]: 00101100 -> 2c
  Data[14]: 10101001 -> a9
  Data[15]: 10001101 -> 8d
  Data[16]: 10101110 -> ae
  Data[17]: 10101011 -> ab
  Data[18]: 11110101 -> f5

Address #347: 111111
RDWR Bit: 0
Stream Bit: 1
Stream Length: 21 (binary: 00010101)
  Data[0]: 10100010 -> a2
  Data[1]: 00000100 -> 04
  Data[2]: 00001010 -> 0a
  Data[3]: 01100100 -> 64
  Data[4]: 10111010 -> ba
  Data[5]: 10110011 -> b3
  Data[6]: 10001110 -> 8e
  Data[7]: 01100100 -> 64
  Data[8]: 11110110 -> f6
  Data[9]: 11101010 -> ea
  Data[10]: 00000110 -> 06
  Data[11]: 11111010 -> fa
  Data[12]: 00010101 -> 15
  Data[13]: 11110011 -> f3
  Data[14]: 10011000 -> 98
  Data[15]: 01110001 -> 71
  Data[16]: 01100000 -> 60
  Data[17]: 00001100 -> 0c
  Data[18]: 00010101 -> 15
  Data[19]: 10000111 -> 87
  Data[20]: 11111001 -> f9

Address #358: 111000
RDWR Bit: 0
Stream Bit: 0
Exchange: 00100111

Address #359: 001100
RDWR Bit: 0
Stream Bit: 0
Exchange: 10011000

Address #360: 010101
RDWR Bit: 1
Stream Bit: 0
Exchange: 01111111

Address #361: 110011
RDWR Bit: 0
Stream Bit: 1
Stream Length: 6 (binary: 00000110)
  Data[0]: 11100101 -> e5
  Data[1]: 11000101 -> c5
  Data[2]: 10010101 -> 95
  Data[3]: 00101001 -> 29
  Data[4]: 01101000 -> 68
  Data[5]: 00011001 -> 19

Address #365: 000010
RDWR Bit: 0
Stream Bit: 1
Stream Length: 10 (binary: 00001010)
  Data[0]: 00111111 -> 3f
  Data[1]: 00001101 -> 0d
  Data[2]: 01101101 -> 6d
  Data[3]: 01011010 -> 5a
  Data[4]: 10100010 -> a2
  Data[5]: 11001111 -> cf
  Data[6]: 10000011 -> 83
  Data[7]: 00000011 -> 03
  Data[8]: 01011110 -> 5e
  Data[9]: 11101000 -> e8

Address #371: 101001
RDWR Bit: 1
Stream Bit: 0
Exchange: 00101100

Address #372: 010100
RDWR Bit: 1
Stream Bit: 0
Exchange: 10011110

Address #373: 011101
RDWR Bit: 1
Stream Bit: 0
Exchange: 11000000

Address #374: 111000
RDWR Bit: 1
Stream Bit: 1
Stream Length: 23 (binary: 00010111)
  Data[0]: 10110110 -> b6
  Data[1]: 10111010 -> ba
  Data[2]: 10101110 -> ae
  Data[3]: 00011000 -> 18
  Data[4]: 11100101 -> e5
  Data[5]: 00001001 -> 09
  Data[6]: 00111001 -> 39
  Data[7]: 01001000 -> 48
  Data[8]: 01010101 -> 55
  Data[9]: 11011000 -> d8
  Data[10]: 01011111 -> 5f
  Data[11]: 00110100 -> 34
  Data[12]: 01011111 -> 5f
  Data[13]: 00001010 -> 0a
  Data[14]: 11100101 -> e5
  Data[15]: 11011111 -> df
  Data[16]: 00001001 -> 09
  Data[17]: 11001100 -> cc
  Data[18]: 00010100 -> 14
  Data[19]: 10110110 -> b6
  Data[20]: 01010001 -> 51
  Data[21]: 00100110 -> 26
  Data[22]: 01010110 -> 56

Address #387: 011001
RDWR Bit: 0
Stream Bit: 1
Stream Length: 6 (binary: 00000110)
  Data[0]: 01110101 -> 75
  Data[1]: 11010101 -> d5
  Data[2]: 00010001 -> 11
  Data[3]: 10010011 -> 93
  Data[4]: 11101001 -> e9
  Data[5]: 11001000 -> c8
