Read a waves file with 6 signals and 6739 samples...
Input has these signals:
	* sclk (1 bits)
	* mosi (1 bits)
	* miso (1 bits)
	* ss (1 bits)
	* cpol (1 bits)
	* cpha (1 bits)

Address #1: 110010
RDWR Bit: 1
Stream Bit: 1
Stream Length: 30 (binary: 00011110)
  Data[0]: 10101110 -> ae
  Data[1]: 11110010 -> f2
  Data[2]: 01000011 -> 43
  Data[3]: 00010001 -> 11
  Data[4]: 10101011 -> ab
  Data[5]: 01110101 -> 75
  Data[6]: 11011111 -> df
  Data[7]: 01101011 -> 6b
  Data[8]: 11011010 -> da
  Data[9]: 01011100 -> 5c
  Data[10]: 01000011 -> 43
  Data[11]: 10001100 -> 8c
  Data[12]: 00111001 -> 39
  Data[13]: 00100010 -> 22
  Data[14]: 00101100 -> 2c
  Data[15]: 00100100 -> 24
  Data[16]: 01111000 -> 78
  Data[17]: 01011000 -> 58
  Data[18]: 01010001 -> 51
  Data[19]: 00000110 -> 06
  Data[20]: 11001110 -> ce
  Data[21]: 01100011 -> 63
  Data[22]: 11111111 -> ff
  Data[23]: 01010011 -> 53
  Data[24]: 10011100 -> 9c
  Data[25]: 00111000 -> 38
  Data[26]: 01010010 -> 52
  Data[27]: 00111001 -> 39
  Data[28]: 10101011 -> ab
  Data[29]: 10111011 -> bb

Address #17: 110111
RDWR Bit: 0
Stream Bit: 0
Exchange: 11100010

Address #18: 011011
RDWR Bit: 0
Stream Bit: 0
Exchange: 10110000

Address #19: 011110
RDWR Bit: 0
Stream Bit: 0
Exchange: 10100101

Address #20: 100111
RDWR Bit: 0
Stream Bit: 1
Stream Length: 2 (binary: 00000010)
  Data[0]: 10101010 -> aa
  Data[1]: 11101001 -> e9

Address #22: 110101
RDWR Bit: 1
Stream Bit: 1
Stream Length: 11 (binary: 00001011)
  Data[0]: 11110000 -> f0
  Data[1]: 10101110 -> ae
  Data[2]: 11111010 -> fa
  Data[3]: 11100000 -> e0
  Data[4]: 01110101 -> 75
  Data[5]: 00000011 -> 03
  Data[6]: 10100010 -> a2
  Data[7]: 00011001 -> 19
  Data[8]: 01110111 -> 77
  Data[9]: 11000100 -> c4
  Data[10]: 01010000 -> 50

Address #28: 000001
RDWR Bit: 0
Stream Bit: 1
Stream Length: 17 (binary: 00010001)
  Data[0]: 00111100 -> 3c
  Data[1]: 11001000 -> c8
  Data[2]: 10000100 -> 84
  Data[3]: 01111100 -> 7c
  Data[4]: 01111100 -> 7c
  Data[5]: 10010100 -> 94
  Data[6]: 01001011 -> 4b
  Data[7]: 11011101 -> dd
  Data[8]: 11101100 -> ec
  Data[9]: 11100010 -> e2
  Data[10]: 11101100 -> ec
  Data[11]: 00110001 -> 31
  Data[12]: 00011000 -> 18
  Data[13]: 10110000 -> b0
  Data[14]: 00111100 -> 3c
  Data[15]: 00010011 -> 13
  Data[16]: 11011000 -> d8

Address #38: 110110
RDWR Bit: 0
Stream Bit: 0
Exchange: 11111000

Address #39: 011011
RDWR Bit: 1
Stream Bit: 0
Exchange: 00110110

Address #40: 101010
RDWR Bit: 0
Stream Bit: 1
Stream Length: 5 (binary: 00000101)
  Data[0]: 00100011 -> 23
  Data[1]: 01101100 -> 6c
  Data[2]: 10001111 -> 8f
  Data[3]: 11111000 -> f8
  Data[4]: 11100110 -> e6

Address #43: 111101
RDWR Bit: 1
Stream Bit: 0
Exchange: 00011110

Address #44: 101110
RDWR Bit: 1
Stream Bit: 0
Exchange: 11011111

Address #45: 111100
RDWR Bit: 0
Stream Bit: 0
Exchange: 11101011

Address #46: 011110
RDWR Bit: 1
Stream Bit: 0
Exchange: 11011001

Address #47: 001010
RDWR Bit: 0
Stream Bit: 0
Exchange: 00110111

Address #48: 110011
RDWR Bit: 0
Stream Bit: 0
Exchange: 01000110

Address #49: 110111
RDWR Bit: 1
Stream Bit: 0
Exchange: 11000010

Address #50: 001011
RDWR Bit: 0
Stream Bit: 1
Stream Length: 13 (binary: 00001101)
  Data[0]: 01000011 -> 43
  Data[1]: 00110110 -> 36
  Data[2]: 10010101 -> 95
  Data[3]: 11110110 -> f6
  Data[4]: 00000110 -> 06
  Data[5]: 10100101 -> a5
  Data[6]: 11000011 -> c3
  Data[7]: 10101011 -> ab
  Data[8]: 11000010 -> c2
  Data[9]: 10101110 -> ae
  Data[10]: 01100001 -> 61
  Data[11]: 01000110 -> 46
  Data[12]: 10010100 -> 94

Address #58: 011000
RDWR Bit: 1
Stream Bit: 0
Exchange: 10001111

Address #59: 110000
RDWR Bit: 0
Stream Bit: 0
Exchange: 01011101

Address #60: 010000
RDWR Bit: 1
Stream Bit: 1
Stream Length: 31 (binary: 00011111)
  Data[0]: 10110100 -> b4
  Data[1]: 11011100 -> dc
  Data[2]: 01100011 -> 63
  Data[3]: 01010001 -> 51
  Data[4]: 10111000 -> b8
  Data[5]: 10000011 -> 83
  Data[6]: 00011101 -> 1d
  Data[7]: 00111001 -> 39
  Data[8]: 10100010 -> a2
  Data[9]: 01100000 -> 60
  Data[10]: 01101001 -> 69
  Data[11]: 11001101 -> cd
  Data[12]: 11101011 -> eb
  Data[13]: 11100111 -> e7
  Data[14]: 00011101 -> 1d
  Data[15]: 00010100 -> 14
  Data[16]: 10011101 -> 9d
  Data[17]: 00111011 -> 3b
  Data[18]: 00000000 -> 00
  Data[19]: 11011101 -> dd
  Data[20]: 10110001 -> b1
  Data[21]: 00100001 -> 21
  Data[22]: 11110000 -> f0
  Data[23]: 11110110 -> f6
  Data[24]: 01001101 -> 4d
  Data[25]: 00110000 -> 30
  Data[26]: 00110111 -> 37
  Data[27]: 01100100 -> 64
  Data[28]: 00010000 -> 10
  Data[29]: 01000001 -> 41
  Data[30]: 01101000 -> 68

Address #76: 111100
RDWR Bit: 0
Stream Bit: 0
Exchange: 00110001

Address #77: 110010
RDWR Bit: 0
Stream Bit: 0
Exchange: 10001000

Address #78: 111100
RDWR Bit: 0
Stream Bit: 1
Stream Length: 4 (binary: 00000100)
  Data[0]: 00110000 -> 30
  Data[1]: 10110011 -> b3
  Data[2]: 10100010 -> a2
  Data[3]: 10100010 -> a2

Address #81: 010000
RDWR Bit: 0
Stream Bit: 1
Stream Length: 17 (binary: 00010001)
  Data[0]: 11011110 -> de
  Data[1]: 00110100 -> 34
  Data[2]: 01001011 -> 4b
  Data[3]: 11101110 -> ee
  Data[4]: 11001110 -> ce
  Data[5]: 11010000 -> d0
  Data[6]: 10011010 -> 9a
  Data[7]: 01000111 -> 47
  Data[8]: 10001001 -> 89
  Data[9]: 00101011 -> 2b
  Data[10]: 00011001 -> 19
  Data[11]: 10011101 -> 9d
  Data[12]: 11001010 -> ca
  Data[13]: 01011010 -> 5a
  Data[14]: 00111010 -> 3a
  Data[15]: 10101010 -> aa
  Data[16]: 10110101 -> b5

Address #91: 010110
RDWR Bit: 0
Stream Bit: 0
Exchange: 01001001

Address #92: 110011
RDWR Bit: 1
Stream Bit: 1
Stream Length: 21 (binary: 00010101)
  Data[0]: 01110011 -> 73
  Data[1]: 00001100 -> 0c
  Data[2]: 00000111 -> 07
  Data[3]: 00110011 -> 33
  Data[4]: 11010000 -> d0
  Data[5]: 11011110 -> de
  Data[6]: 11001100 -> cc
  Data[7]: 11010011 -> d3
  Data[8]: 10000101 -> 85
  Data[9]: 11011010 -> da
  Data[10]: 10011111 -> 9f
  Data[11]: 00100010 -> 22
  Data[12]: 00011100 -> 1c
  Data[13]: 00111100 -> 3c
  Data[14]: 10010100 -> 94
  Data[15]: 00010000 -> 10
  Data[16]: 11000111 -> c7
  Data[17]: 00111100 -> 3c
  Data[18]: 00101110 -> 2e
  Data[19]: 01010011 -> 53
  Data[20]: 11011010 -> da

Address #103: 010000
RDWR Bit: 1
Stream Bit: 0
Exchange: 01010011

Address #104: 010010
RDWR Bit: 0
Stream Bit: 0
Exchange: 10101010

Address #105: 011000
RDWR Bit: 1
Stream Bit: 1
Stream Length: 9 (binary: 00001001)
  Data[0]: 11110111 -> f7
  Data[1]: 01011000 -> 58
  Data[2]: 11001001 -> c9
  Data[3]: 01001001 -> 49
  Data[4]: 00001100 -> 0c
  Data[5]: 00010110 -> 16
  Data[6]: 00111010 -> 3a
  Data[7]: 10001000 -> 88
  Data[8]: 00000011 -> 03

Address #111: 001011
RDWR Bit: 1
Stream Bit: 0
Exchange: 11100010

Address #112: 001010
RDWR Bit: 1
Stream Bit: 0
Exchange: 11011101

Address #113: 101001
RDWR Bit: 0
Stream Bit: 0
Exchange: 00110111

Address #114: 101111
RDWR Bit: 1
Stream Bit: 0
Exchange: 11001111

Address #115: 111011
RDWR Bit: 1
Stream Bit: 0
Exchange: 00101100

Address #116: 010110
RDWR Bit: 1
Stream Bit: 0
Exchange: 11100001

Address #117: 011011
RDWR Bit: 1
Stream Bit: 1
Stream Length: 24 (binary: 00011000)
  Data[0]: 00010101 -> 15
  Data[1]: 00010100 -> 14
  Data[2]: 00111010 -> 3a
  Data[3]: 11001010 -> ca
  Data[4]: 00110110 -> 36
  Data[5]: 00110011 -> 33
  Data[6]: 00110001 -> 31
  Data[7]: 01101000 -> 68
  Data[8]: 10100111 -> a7
  Data[9]: 00100000 -> 20
  Data[10]: 10010101 -> 95
  Data[11]: 01101101 -> 6d
  Data[12]: 10110000 -> b0
  Data[13]: 10100100 -> a4
  Data[14]: 10100101 -> a5
  Data[15]: 01100000 -> 60
  Data[16]: 11011101 -> dd
  Data[17]: 00101100 -> 2c
  Data[18]: 11001110 -> ce
  Data[19]: 01100010 -> 62
  Data[20]: 01011101 -> 5d
  Data[21]: 11011011 -> db
  Data[22]: 00110111 -> 37
  Data[23]: 10001111 -> 8f

Address #130: 111001
RDWR Bit: 1
Stream Bit: 0
Exchange: 01010011

Address #131: 001110
RDWR Bit: 0
Stream Bit: 0
Exchange: 01110000

Address #132: 110111
RDWR Bit: 1
Stream Bit: 1
Stream Length: 15 (binary: 00001111)
  Data[0]: 10110101 -> b5
  Data[1]: 10010100 -> 94
  Data[2]: 01001110 -> 4e
  Data[3]: 01100101 -> 65
  Data[4]: 00001001 -> 09
  Data[5]: 01001100 -> 4c
  Data[6]: 10011010 -> 9a
  Data[7]: 00011001 -> 19
  Data[8]: 11001110 -> ce
  Data[9]: 01100111 -> 67
  Data[10]: 00110001 -> 31
  Data[11]: 01110001 -> 71
  Data[12]: 00010111 -> 17
  Data[13]: 00010001 -> 11
  Data[14]: 10101101 -> ad

Address #140: 010000
RDWR Bit: 1
Stream Bit: 0
Exchange: 01111111

Address #141: 101110
RDWR Bit: 1
Stream Bit: 0
Exchange: 01100111

Address #142: 011000
RDWR Bit: 1
Stream Bit: 0
Exchange: 10000111

Address #143: 100111
RDWR Bit: 0
Stream Bit: 0
Exchange: 10101010

Address #144: 110111
RDWR Bit: 1
Stream Bit: 0
Exchange: 10101000

Address #145: 111001
RDWR Bit: 1
Stream Bit: 1
Stream Length: 28 (binary: 00011100)
  Data[0]: 11100100 -> e4
  Data[1]: 01011110 -> 5e
  Data[2]: 01010111 -> 57
  Data[3]: 01110110 -> 76
  Data[4]: 11110001 -> f1
  Data[5]: 00011101 -> 1d
  Data[6]: 00101101 -> 2d
  Data[7]: 10110101 -> b5
  Data[8]: 01001000 -> 48
  Data[9]: 01011000 -> 58
  Data[10]: 10010011 -> 93
  Data[11]: 11101100 -> ec
  Data[12]: 01111110 -> 7e
  Data[13]: 10001101 -> 8d
  Data[14]: 00001101 -> 0d
  Data[15]: 00001010 -> 0a
  Data[16]: 10000001 -> 81
  Data[17]: 10001000 -> 88
  Data[18]: 01010111 -> 57
  Data[19]: 00101111 -> 2f
  Data[20]: 10011000 -> 98
  Data[21]: 00001100 -> 0c
  Data[22]: 11100001 -> e1
  Data[23]: 10011100 -> 9c
  Data[24]: 01111011 -> 7b
  Data[25]: 11011110 -> de
  Data[26]: 11110110 -> f6
  Data[27]: 11111001 -> f9

Address #160: 000101
RDWR Bit: 0
Stream Bit: 0
Exchange: 10111000

Address #161: 010010
RDWR Bit: 1
Stream Bit: 0
Exchange: 01010100

Address #162: 001101
RDWR Bit: 1
Stream Bit: 1
Stream Length: 23 (binary: 00010111)
  Data[0]: 00001101 -> 0d
  Data[1]: 10100010 -> a2
  Data[2]: 11110111 -> f7
  Data[3]: 11101001 -> e9
  Data[4]: 10011100 -> 9c
  Data[5]: 10100111 -> a7
  Data[6]: 01101010 -> 6a
  Data[7]: 00000101 -> 05
  Data[8]: 10100101 -> a5
  Data[9]: 11011101 -> dd
  Data[10]: 00011101 -> 1d
  Data[11]: 00111000 -> 38
  Data[12]: 10101011 -> ab
  Data[13]: 10010100 -> 94
  Data[14]: 11101011 -> eb
  Data[15]: 00101111 -> 2f
  Data[16]: 00111100 -> 3c
  Data[17]: 00100111 -> 27
  Data[18]: 10001010 -> 8a
  Data[19]: 01111110 -> 7e
  Data[20]: 10100111 -> a7
  Data[21]: 11110001 -> f1
  Data[22]: 10110100 -> b4

Address #175: 101101
RDWR Bit: 0
Stream Bit: 1
Stream Length: 1 (binary: 00000001)
  Data[0]: 00010111 -> 17

Address #176: 111001
RDWR Bit: 0
Stream Bit: 0
Exchange: 10000010

Address #177: 110100
RDWR Bit: 0
Stream Bit: 1
Stream Length: 3 (binary: 00000011)
  Data[0]: 00110010 -> 32
  Data[1]: 00000010 -> 02
  Data[2]: 01111010 -> 7a

Address #180: 011010
RDWR Bit: 1
Stream Bit: 0
Exchange: 01110100

Address #181: 110000
RDWR Bit: 0
Stream Bit: 0
Exchange: 00110100

Address #182: 010100
RDWR Bit: 0
Stream Bit: 0
Exchange: 00111010

Address #183: 001000
RDWR Bit: 1
Stream Bit: 0
Exchange: 00111011

Address #184: 111111
RDWR Bit: 0
Stream Bit: 1
Stream Length: 7 (binary: 00000111)
  Data[0]: 00111000 -> 38
  Data[1]: 11110100 -> f4
  Data[2]: 10001001 -> 89
  Data[3]: 00011110 -> 1e
  Data[4]: 11000101 -> c5
  Data[5]: 10100001 -> a1
  Data[6]: 11011010 -> da

Address #188: 001101
RDWR Bit: 1
Stream Bit: 0
Exchange: 11101110

Address #189: 001101
RDWR Bit: 1
Stream Bit: 0
Exchange: 10110100

Address #190: 111101
RDWR Bit: 1
Stream Bit: 0
Exchange: 01001000

Address #191: 101010
RDWR Bit: 0
Stream Bit: 1
Stream Length: 20 (binary: 00010100)
  Data[0]: 11001111 -> cf
  Data[1]: 11010111 -> d7
  Data[2]: 01100110 -> 66
  Data[3]: 10111010 -> ba
  Data[4]: 01010100 -> 54
  Data[5]: 10001001 -> 89
  Data[6]: 11001101 -> cd
  Data[7]: 00110000 -> 30
  Data[8]: 00011100 -> 1c
  Data[9]: 00101101 -> 2d
  Data[10]: 01110110 -> 76
  Data[11]: 00100100 -> 24
  Data[12]: 10010000 -> 90
  Data[13]: 10010100 -> 94
  Data[14]: 10001000 -> 88
  Data[15]: 11011111 -> df
  Data[16]: 11001000 -> c8
  Data[17]: 11101111 -> ef
  Data[18]: 10111010 -> ba
  Data[19]: 11110000 -> f0

Address #202: 101100
RDWR Bit: 0
Stream Bit: 0
Exchange: 10101010

Address #203: 110010
RDWR Bit: 1
Stream Bit: 0
Exchange: 00101000

Address #204: 001100
RDWR Bit: 1
Stream Bit: 0
Exchange: 00001110
