Read a waves file with 6 signals and 2243 samples...
Input has these signals:
	* sclk (1 bits)
	* mosi (1 bits)
	* miso (1 bits)
	* ss (1 bits)
	* cpol (1 bits)
	* cpha (1 bits)

Address #1: 110010
RDWR Bit: 0
Stream Bit: 0
Exchange: 11110110

Address #2: 001000
RDWR Bit: 0
Stream Bit: 0
Exchange: 11010111

Address #3: 000111
RDWR Bit: 0
Stream Bit: 0
Exchange: 00001000

Address #4: 110011
RDWR Bit: 0
Stream Bit: 0
Exchange: 01000000

Address #5: 110111
RDWR Bit: 0
Stream Bit: 0
Exchange: 00011010

Address #6: 100111
RDWR Bit: 0
Stream Bit: 0
Exchange: 01100011

Address #7: 011011
RDWR Bit: 0
Stream Bit: 0
Exchange: 01000101

Address #8: 000110
RDWR Bit: 1
Stream Bit: 0
Exchange: 10010111

Address #9: 011010
RDWR Bit: 1
Stream Bit: 0
Exchange: 11100011

Address #10: 110001
RDWR Bit: 0
Stream Bit: 0
Exchange: 01111011

Address #11: 000100
RDWR Bit: 0
Stream Bit: 0
Exchange: 01100111

Address #12: 000100
RDWR Bit: 1
Stream Bit: 0
Exchange: 10100010

Address #13: 000001
RDWR Bit: 1
Stream Bit: 0
Exchange: 11001111

Address #14: 000010
RDWR Bit: 0
Stream Bit: 0
Exchange: 00101110

Address #15: 100001
RDWR Bit: 0
Stream Bit: 0
Exchange: 00101111

Address #16: 001011
RDWR Bit: 0
Stream Bit: 0
Exchange: 00111101

Address #17: 110000
RDWR Bit: 0
Stream Bit: 0
Exchange: 01000011

Address #18: 110011
RDWR Bit: 1
Stream Bit: 0
Exchange: 01011010

Address #19: 110110
RDWR Bit: 1
Stream Bit: 0
Exchange: 01010100

Address #20: 110000
RDWR Bit: 1
Stream Bit: 0
Exchange: 10001000

Address #21: 001000
RDWR Bit: 0
Stream Bit: 0
Exchange: 00001011

Address #22: 010111
RDWR Bit: 0
Stream Bit: 0
Exchange: 01111110

Address #23: 100111
RDWR Bit: 0
Stream Bit: 0
Exchange: 11011000

Address #24: 011000
RDWR Bit: 0
Stream Bit: 0
Exchange: 00000011

Address #25: 100010
RDWR Bit: 0
Stream Bit: 0
Exchange: 00010110

Address #26: 110010
RDWR Bit: 1
Stream Bit: 0
Exchange: 10001000

Address #27: 110001
RDWR Bit: 0
Stream Bit: 0
Exchange: 01001110

Address #28: 111100
RDWR Bit: 0
Stream Bit: 0
Exchange: 10101000

Address #29: 111110
RDWR Bit: 1
Stream Bit: 0
Exchange: 01110000

Address #30: 010000
RDWR Bit: 1
Stream Bit: 0
Exchange: 00101111

Address #31: 101000
RDWR Bit: 0
Stream Bit: 0
Exchange: 11101011

Address #32: 001011
RDWR Bit: 0
Stream Bit: 0
Exchange: 00001101

Address #33: 101001
RDWR Bit: 0
Stream Bit: 0
Exchange: 00011101

Address #34: 011010
RDWR Bit: 1
Stream Bit: 0
Exchange: 11110000

Address #35: 001010
RDWR Bit: 0
Stream Bit: 0
Exchange: 00110011

Address #36: 011100
RDWR Bit: 0
Stream Bit: 0
Exchange: 11110001

Address #37: 100100
RDWR Bit: 1
Stream Bit: 0
Exchange: 10111110

Address #38: 000011
RDWR Bit: 1
Stream Bit: 0
Exchange: 11000011

Address #39: 110101
RDWR Bit: 0
Stream Bit: 0
Exchange: 10011000

Address #40: 000100
RDWR Bit: 1
Stream Bit: 0
Exchange: 01100010

Address #41: 101011
RDWR Bit: 0
Stream Bit: 0
Exchange: 10101111

Address #42: 010100
RDWR Bit: 1
Stream Bit: 0
Exchange: 10100100

Address #43: 010100
RDWR Bit: 1
Stream Bit: 0
Exchange: 00000100

Address #44: 000001
RDWR Bit: 0
Stream Bit: 0
Exchange: 11100011

Address #45: 001111
RDWR Bit: 0
Stream Bit: 0
Exchange: 11001110

Address #46: 100101
RDWR Bit: 0
Stream Bit: 0
Exchange: 11111011

Address #47: 111110
RDWR Bit: 1
Stream Bit: 0
Exchange: 01101110

Address #48: 101001
RDWR Bit: 1
Stream Bit: 0
Exchange: 01011110

Address #49: 001010
RDWR Bit: 1
Stream Bit: 0
Exchange: 01010100

Address #50: 011010
RDWR Bit: 0
Stream Bit: 0
Exchange: 01010101

Address #51: 000111
RDWR Bit: 1
Stream Bit: 0
Exchange: 11000110

Address #52: 011100
RDWR Bit: 0
Stream Bit: 0
Exchange: 01000101

Address #53: 000010
RDWR Bit: 0
Stream Bit: 0
Exchange: 00100111

Address #54: 111100
RDWR Bit: 0
Stream Bit: 0
Exchange: 11011011

Address #55: 100010
RDWR Bit: 1
Stream Bit: 0
Exchange: 10000011

Address #56: 101110
RDWR Bit: 1
Stream Bit: 0
Exchange: 01000000

Address #57: 001110
RDWR Bit: 1
Stream Bit: 0
Exchange: 00100011

Address #58: 010101
RDWR Bit: 1
Stream Bit: 0
Exchange: 11010110

Address #59: 000010
RDWR Bit: 1
Stream Bit: 0
Exchange: 10111000

Address #60: 111110
RDWR Bit: 0
Stream Bit: 0
Exchange: 11001111

Address #61: 001100
RDWR Bit: 1
Stream Bit: 0
Exchange: 01010010

Address #62: 011010
RDWR Bit: 0
Stream Bit: 0
Exchange: 11000011

Address #63: 110111
RDWR Bit: 1
Stream Bit: 0
Exchange: 00010010

Address #64: 000000
RDWR Bit: 0
Stream Bit: 0
Exchange: 01011100
