Read a waves file with 6 signals and 2243 samples...
Input has these signals:
	* sclk (1 bits)
	* mosi (1 bits)
	* miso (1 bits)
	* ss (1 bits)
	* cpol (1 bits)
	* cpha (1 bits)

Address #1: 111111
RDWR Bit: 1
Stream Bit: 0
Exchange: 11101000

Address #2: 010000
RDWR Bit: 1
Stream Bit: 0
Exchange: 11110101

Address #3: 010010
RDWR Bit: 1
Stream Bit: 0
Exchange: 11100001

Address #4: 011000
RDWR Bit: 1
Stream Bit: 0
Exchange: 01100011

Address #5: 111000
RDWR Bit: 1
Stream Bit: 0
Exchange: 00110110

Address #6: 111000
RDWR Bit: 0
Stream Bit: 0
Exchange: 00010000

Address #7: 010100
RDWR Bit: 1
Stream Bit: 0
Exchange: 10101110

Address #8: 101111
RDWR Bit: 0
Stream Bit: 0
Exchange: 00011101

Address #9: 011110
RDWR Bit: 0
Stream Bit: 0
Exchange: 11010001

Address #10: 100100
RDWR Bit: 0
Stream Bit: 0
Exchange: 10110000

Address #11: 100111
RDWR Bit: 1
Stream Bit: 0
Exchange: 10111011

Address #12: 000011
RDWR Bit: 0
Stream Bit: 0
Exchange: 10010111

Address #13: 111011
RDWR Bit: 0
Stream Bit: 0
Exchange: 10101110

Address #14: 000110
RDWR Bit: 0
Stream Bit: 0
Exchange: 01100011

Address #15: 101011
RDWR Bit: 0
Stream Bit: 0
Exchange: 00000001

Address #16: 100111
RDWR Bit: 0
Stream Bit: 0
Exchange: 10000001

Address #17: 111011
RDWR Bit: 1
Stream Bit: 0
Exchange: 00011001

Address #18: 001011
RDWR Bit: 0
Stream Bit: 0
Exchange: 10110111

Address #19: 011010
RDWR Bit: 1
Stream Bit: 0
Exchange: 11111110

Address #20: 011111
RDWR Bit: 1
Stream Bit: 0
Exchange: 11101011

Address #21: 101111
RDWR Bit: 1
Stream Bit: 0
Exchange: 10011011

Address #22: 010010
RDWR Bit: 1
Stream Bit: 0
Exchange: 11111110

Address #23: 110001
RDWR Bit: 1
Stream Bit: 0
Exchange: 10101100

Address #24: 110011
RDWR Bit: 0
Stream Bit: 0
Exchange: 11010010

Address #25: 100010
RDWR Bit: 0
Stream Bit: 0
Exchange: 10010110

Address #26: 100101
RDWR Bit: 0
Stream Bit: 0
Exchange: 11011110

Address #27: 010111
RDWR Bit: 1
Stream Bit: 0
Exchange: 00110000

Address #28: 111001
RDWR Bit: 0
Stream Bit: 0
Exchange: 11011100

Address #29: 001101
RDWR Bit: 0
Stream Bit: 0
Exchange: 00000111

Address #30: 010101
RDWR Bit: 0
Stream Bit: 0
Exchange: 10100001

Address #31: 101010
RDWR Bit: 1
Stream Bit: 0
Exchange: 10100001

Address #32: 110000
RDWR Bit: 1
Stream Bit: 0
Exchange: 00011000

Address #33: 001011
RDWR Bit: 0
Stream Bit: 0
Exchange: 10001010

Address #34: 011011
RDWR Bit: 0
Stream Bit: 0
Exchange: 01011000

Address #35: 111111
RDWR Bit: 1
Stream Bit: 0
Exchange: 00011101

Address #36: 101110
RDWR Bit: 0
Stream Bit: 0
Exchange: 11101111

Address #37: 101001
RDWR Bit: 0
Stream Bit: 0
Exchange: 11001100

Address #38: 111010
RDWR Bit: 1
Stream Bit: 0
Exchange: 11100011

Address #39: 100110
RDWR Bit: 0
Stream Bit: 0
Exchange: 00111010

Address #40: 000111
RDWR Bit: 0
Stream Bit: 0
Exchange: 11101110

Address #41: 011010
RDWR Bit: 1
Stream Bit: 0
Exchange: 00010000

Address #42: 100000
RDWR Bit: 1
Stream Bit: 0
Exchange: 01001011

Address #43: 111101
RDWR Bit: 0
Stream Bit: 0
Exchange: 00010000

Address #44: 100101
RDWR Bit: 0
Stream Bit: 0
Exchange: 01010011

Address #45: 011000
RDWR Bit: 0
Stream Bit: 0
Exchange: 11100100

Address #46: 011011
RDWR Bit: 0
Stream Bit: 0
Exchange: 11100001

Address #47: 010000
RDWR Bit: 0
Stream Bit: 0
Exchange: 11100011

Address #48: 111011
RDWR Bit: 0
Stream Bit: 0
Exchange: 00110100

Address #49: 101111
RDWR Bit: 0
Stream Bit: 0
Exchange: 00001100

Address #50: 110000
RDWR Bit: 1
Stream Bit: 0
Exchange: 00010100

Address #51: 100000
RDWR Bit: 1
Stream Bit: 0
Exchange: 01100110

Address #52: 011111
RDWR Bit: 1
Stream Bit: 0
Exchange: 01111110

Address #53: 001011
RDWR Bit: 0
Stream Bit: 0
Exchange: 00010001

Address #54: 010110
RDWR Bit: 0
Stream Bit: 0
Exchange: 00110101

Address #55: 100101
RDWR Bit: 1
Stream Bit: 0
Exchange: 10101001

Address #56: 001110
RDWR Bit: 1
Stream Bit: 0
Exchange: 01101000

Address #57: 100011
RDWR Bit: 0
Stream Bit: 0
Exchange: 00001011

Address #58: 110000
RDWR Bit: 0
Stream Bit: 0
Exchange: 00100010

Address #59: 010111
RDWR Bit: 0
Stream Bit: 0
Exchange: 11000101

Address #60: 101111
RDWR Bit: 0
Stream Bit: 0
Exchange: 10001000

Address #61: 000010
RDWR Bit: 1
Stream Bit: 0
Exchange: 00000100

Address #62: 100111
RDWR Bit: 1
Stream Bit: 0
Exchange: 01101110

Address #63: 001001
RDWR Bit: 0
Stream Bit: 0
Exchange: 10000110

Address #64: 010110
RDWR Bit: 0
Stream Bit: 0
Exchange: 11000001
