WR 0f 00
WR 0f 00
RD 00 180
WR 19 00
RD 27 30
RD 33 fc
WR 00 00
RD 20 187
RD 20 1f3
RD 3c 30
RD 0f f0
WR 1f 00
RD 00 00
WR 00 00
RD 33 cf
RD 30 19f
RD 38 00
RD 00 0f
RD 3c 00
RD 00 06
RD 06 00
RD 00 00
WR 30 00
WR 33 00
RD 20 1e
RD 00 00
WR 00 00
RD 30 00
RD 00 01
RD 38 00
RD 00 0c
WR 33 00
RD 00 01
WR 21 01
RD 00 00
WR 0f 00
RD 00 f0
RD 38 67
RD 20 00
RD 00 3c
RD 33 ff
RD 3f 07
WR 3f 00
RD 26 1f3
WR 0f 00
WR 03 00
RD 06 66
WR 1f 00
WR 03 00
RD 33 cf
RD 00 1e1
RD 38 00
RD 00 30
RD 0c 00
RD 00 06
RD 06 180
RD 00 00
WR 0c 00
WR 03 00
WR 07 00
RD 00 00
RD 00 3c
RD 30 00
RD 00 19
RD 26 00
RD 00 0c
RD 33 cc
RD 30 39
RD 38 18
WR 01 00
WR 00 00
RD 00 00
RD 00 1e7
RD 20 00
RD 00 ff
RD 3f 03
WR 3c 00
RD 3e 00
RD 00 03
RD 0c c0
RD 00 00
WR 1f 00
WR 1f 00
RD 33 3c
RD 00 00
RD 00 07
RD 38 00
RD 00 0f
WR 0c 00
RD 30 06
RD 00 61
WR 21 00
WR 3f 00
RD 00 00
RD 06 66
RD 00 00
RD 00 f0
RD 00 00
RD 00 1e
RD 1e 00
RD 00 03
RD 00 00
RD 00 01
RD 3e 1e0
RD 00 00
WR 0c 00
RD 00 00
WR 01 00
RD 18 19
RD 20 c0
RD 03 3c
RD 0f 07
WR 3f 00
WR 3f 00
WR 0c 00
RD 00 00
RD 06 1e0
RD 00 00
RD 03 33
RD 33 cc
RD 0e 1f
RD 26 79
RD 20 30
RD 0f 00
RD 00 07
RD 20 00
RD 00 00
WR 0c 00
RD 00 00
RD 06 1fe
RD 00 00
RD 00 03
RD 0c 00
RD 30 61
WR 3f 00
WR 1f 00
WR 30 0c
RD 00 00
WR 19 01
RD 00 00
