Read a waves file with 6 signals and 2243 samples...
Input has these signals:
	* sclk (1 bits)
	* mosi (1 bits)
	* miso (1 bits)
	* ss (1 bits)
	* cpol (1 bits)
	* cpha (1 bits)

Address #1: 001000
RDWR Bit: 0
Stream Bit: 0
Exchange: 00001001

Address #2: 001010
RDWR Bit: 0
Stream Bit: 0
Exchange: 01010011

Address #3: 001000
RDWR Bit: 1
Stream Bit: 0
Exchange: 10000000

Address #4: 111011
RDWR Bit: 0
Stream Bit: 0
Exchange: 01000011

Address #5: 011101
RDWR Bit: 0
Stream Bit: 0
Exchange: 10111000

Address #6: 000010
RDWR Bit: 0
Stream Bit: 0
Exchange: 11100000

Address #7: 000001
RDWR Bit: 1
Stream Bit: 0
Exchange: 10000110

Address #8: 101000
RDWR Bit: 0
Stream Bit: 0
Exchange: 01000101

Address #9: 100010
RDWR Bit: 1
Stream Bit: 0
Exchange: 00110000

Address #10: 011110
RDWR Bit: 0
Stream Bit: 0
Exchange: 00111111

Address #11: 011111
RDWR Bit: 0
Stream Bit: 0
Exchange: 10111101

Address #12: 000101
RDWR Bit: 0
Stream Bit: 0
Exchange: 11101100

Address #13: 111101
RDWR Bit: 0
Stream Bit: 0
Exchange: 11110000

Address #14: 100100
RDWR Bit: 1
Stream Bit: 0
Exchange: 11110000

Address #15: 010100
RDWR Bit: 0
Stream Bit: 0
Exchange: 01110100

Address #16: 110000
RDWR Bit: 1
Stream Bit: 0
Exchange: 11011110

Address #17: 011011
RDWR Bit: 1
Stream Bit: 0
Exchange: 00100110

Address #18: 110000
RDWR Bit: 0
Stream Bit: 0
Exchange: 00000100

Address #19: 110111
RDWR Bit: 0
Stream Bit: 0
Exchange: 10000110

Address #20: 010011
RDWR Bit: 1
Stream Bit: 0
Exchange: 11001110

Address #21: 011111
RDWR Bit: 1
Stream Bit: 0
Exchange: 00001100

Address #22: 001100
RDWR Bit: 1
Stream Bit: 0
Exchange: 01111100

Address #23: 001100
RDWR Bit: 0
Stream Bit: 0
Exchange: 10100111

Address #24: 101110
RDWR Bit: 0
Stream Bit: 0
Exchange: 00100010

Address #25: 010011
RDWR Bit: 1
Stream Bit: 0
Exchange: 11010110

Address #26: 111110
RDWR Bit: 0
Stream Bit: 0
Exchange: 00110001

Address #27: 000110
RDWR Bit: 1
Stream Bit: 0
Exchange: 00110101

Address #28: 010011
RDWR Bit: 0
Stream Bit: 0
Exchange: 00001101

Address #29: 010011
RDWR Bit: 1
Stream Bit: 0
Exchange: 11110110

Address #30: 100001
RDWR Bit: 1
Stream Bit: 0
Exchange: 00011110

Address #31: 100011
RDWR Bit: 0
Stream Bit: 0
Exchange: 10001110

Address #32: 100111
RDWR Bit: 1
Stream Bit: 0
Exchange: 01100110

Address #33: 100001
RDWR Bit: 0
Stream Bit: 0
Exchange: 11110000

Address #34: 001101
RDWR Bit: 0
Stream Bit: 0
Exchange: 00010010

Address #35: 101101
RDWR Bit: 0
Stream Bit: 0
Exchange: 10111001

Address #36: 111110
RDWR Bit: 0
Stream Bit: 0
Exchange: 00111100

Address #37: 001100
RDWR Bit: 1
Stream Bit: 0
Exchange: 10000000

Address #38: 001000
RDWR Bit: 1
Stream Bit: 0
Exchange: 01011000

Address #39: 101101
RDWR Bit: 1
Stream Bit: 0
Exchange: 10011011

Address #40: 101010
RDWR Bit: 0
Stream Bit: 0
Exchange: 01000111

Address #41: 011110
RDWR Bit: 0
Stream Bit: 0
Exchange: 11111110

Address #42: 000100
RDWR Bit: 1
Stream Bit: 0
Exchange: 11101011

Address #43: 100100
RDWR Bit: 1
Stream Bit: 0
Exchange: 00111110

Address #44: 111011
RDWR Bit: 1
Stream Bit: 0
Exchange: 10000100

Address #45: 011110
RDWR Bit: 1
Stream Bit: 0
Exchange: 01110010

Address #46: 010100
RDWR Bit: 0
Stream Bit: 0
Exchange: 10100000

Address #47: 001100
RDWR Bit: 1
Stream Bit: 0
Exchange: 10011100

Address #48: 011100
RDWR Bit: 1
Stream Bit: 0
Exchange: 10011111

Address #49: 111011
RDWR Bit: 0
Stream Bit: 0
Exchange: 10110101

Address #50: 001011
RDWR Bit: 0
Stream Bit: 0
Exchange: 11010111

Address #51: 011100
RDWR Bit: 1
Stream Bit: 0
Exchange: 11101110

Address #52: 011010
RDWR Bit: 0
Stream Bit: 0
Exchange: 01001001

Address #53: 100000
RDWR Bit: 1
Stream Bit: 0
Exchange: 10010110

Address #54: 001001
RDWR Bit: 0
Stream Bit: 0
Exchange: 11000011

Address #55: 111110
RDWR Bit: 1
Stream Bit: 0
Exchange: 01011011

Address #56: 111000
RDWR Bit: 0
Stream Bit: 0
Exchange: 01101110

Address #57: 000011
RDWR Bit: 0
Stream Bit: 0
Exchange: 01011101

Address #58: 010011
RDWR Bit: 1
Stream Bit: 0
Exchange: 10110100

Address #59: 001110
RDWR Bit: 0
Stream Bit: 0
Exchange: 01011110

Address #60: 000001
RDWR Bit: 1
Stream Bit: 0
Exchange: 10000111

Address #61: 000110
RDWR Bit: 0
Stream Bit: 0
Exchange: 10111111

Address #62: 011110
RDWR Bit: 1
Stream Bit: 0
Exchange: 01010110

Address #63: 110110
RDWR Bit: 1
Stream Bit: 0
Exchange: 11111011

Address #64: 110001
RDWR Bit: 1
Stream Bit: 0
Exchange: 10100100
