Read a waves file with 6 signals and 2243 samples...
Input has these signals:
	* sclk (1 bits)
	* mosi (1 bits)
	* miso (1 bits)
	* ss (1 bits)
	* cpol (1 bits)
	* cpha (1 bits)

Address #1: 010101
RDWR Bit: 0
Stream Bit: 0
Exchange: 00011010

Address #2: 111000
RDWR Bit: 1
Stream Bit: 0
Exchange: 01110101

Address #3: 011100
RDWR Bit: 1
Stream Bit: 0
Exchange: 10110100

Address #4: 110011
RDWR Bit: 0
Stream Bit: 0
Exchange: 01111000

Address #5: 110010
RDWR Bit: 0
Stream Bit: 0
Exchange: 10011110

Address #6: 110101
RDWR Bit: 0
Stream Bit: 0
Exchange: 00000110

Address #7: 011100
RDWR Bit: 0
Stream Bit: 0
Exchange: 10101100

Address #8: 111011
RDWR Bit: 1
Stream Bit: 0
Exchange: 11011011

Address #9: 001010
RDWR Bit: 0
Stream Bit: 0
Exchange: 10010101

Address #10: 111111
RDWR Bit: 1
Stream Bit: 0
Exchange: 11111101

Address #11: 011000
RDWR Bit: 1
Stream Bit: 0
Exchange: 11111100

Address #12: 110111
RDWR Bit: 1
Stream Bit: 0
Exchange: 01101111

Address #13: 101000
RDWR Bit: 1
Stream Bit: 0
Exchange: 11010101

Address #14: 000001
RDWR Bit: 1
Stream Bit: 0
Exchange: 00001100

Address #15: 101010
RDWR Bit: 1
Stream Bit: 0
Exchange: 11011011

Address #16: 101110
RDWR Bit: 1
Stream Bit: 0
Exchange: 01011100

Address #17: 000111
RDWR Bit: 0
Stream Bit: 0
Exchange: 10001010

Address #18: 010110
RDWR Bit: 1
Stream Bit: 0
Exchange: 10010010

Address #19: 110010
RDWR Bit: 0
Stream Bit: 0
Exchange: 00111111

Address #20: 100100
RDWR Bit: 1
Stream Bit: 0
Exchange: 10000000

Address #21: 110010
RDWR Bit: 0
Stream Bit: 0
Exchange: 01101010

Address #22: 001100
RDWR Bit: 0
Stream Bit: 0
Exchange: 11110110

Address #23: 110111
RDWR Bit: 0
Stream Bit: 0
Exchange: 10101100

Address #24: 001111
RDWR Bit: 0
Stream Bit: 0
Exchange: 10101100

Address #25: 011101
RDWR Bit: 1
Stream Bit: 0
Exchange: 10010010

Address #26: 011100
RDWR Bit: 0
Stream Bit: 0
Exchange: 00101001

Address #27: 010001
RDWR Bit: 0
Stream Bit: 0
Exchange: 11101011

Address #28: 100100
RDWR Bit: 1
Stream Bit: 0
Exchange: 01010111

Address #29: 111010
RDWR Bit: 0
Stream Bit: 0
Exchange: 00001110

Address #30: 001011
RDWR Bit: 1
Stream Bit: 0
Exchange: 11110011

Address #31: 000001
RDWR Bit: 1
Stream Bit: 0
Exchange: 01110001

Address #32: 100111
RDWR Bit: 0
Stream Bit: 0
Exchange: 00011101

Address #33: 110101
RDWR Bit: 0
Stream Bit: 0
Exchange: 11101110

Address #34: 101010
RDWR Bit: 0
Stream Bit: 0
Exchange: 00100110

Address #35: 111111
RDWR Bit: 0
Stream Bit: 0
Exchange: 10110100

Address #36: 010010
RDWR Bit: 0
Stream Bit: 0
Exchange: 01111000

Address #37: 100001
RDWR Bit: 1
Stream Bit: 0
Exchange: 01111010

Address #38: 010010
RDWR Bit: 1
Stream Bit: 0
Exchange: 11110100

Address #39: 100001
RDWR Bit: 1
Stream Bit: 0
Exchange: 01101111

Address #40: 101111
RDWR Bit: 0
Stream Bit: 0
Exchange: 00000010

Address #41: 011100
RDWR Bit: 0
Stream Bit: 0
Exchange: 00000011

Address #42: 100111
RDWR Bit: 1
Stream Bit: 0
Exchange: 01010010

Address #43: 011011
RDWR Bit: 1
Stream Bit: 0
Exchange: 11001001

Address #44: 110101
RDWR Bit: 0
Stream Bit: 0
Exchange: 00010110

Address #45: 000010
RDWR Bit: 0
Stream Bit: 0
Exchange: 10011100

Address #46: 100010
RDWR Bit: 0
Stream Bit: 0
Exchange: 00100011

Address #47: 001011
RDWR Bit: 1
Stream Bit: 0
Exchange: 11010001

Address #48: 110010
RDWR Bit: 0
Stream Bit: 0
Exchange: 01100100

Address #49: 001110
RDWR Bit: 0
Stream Bit: 0
Exchange: 00100011

Address #50: 010010
RDWR Bit: 0
Stream Bit: 0
Exchange: 01100011

Address #51: 000111
RDWR Bit: 1
Stream Bit: 0
Exchange: 10111100

Address #52: 101100
RDWR Bit: 1
Stream Bit: 0
Exchange: 01000110

Address #53: 010001
RDWR Bit: 1
Stream Bit: 0
Exchange: 01001101

Address #54: 100100
RDWR Bit: 0
Stream Bit: 0
Exchange: 01111010

Address #55: 011010
RDWR Bit: 0
Stream Bit: 0
Exchange: 00000110

Address #56: 011011
RDWR Bit: 0
Stream Bit: 0
Exchange: 11110111

Address #57: 011101
RDWR Bit: 1
Stream Bit: 0
Exchange: 00000001

Address #58: 110100
RDWR Bit: 1
Stream Bit: 0
Exchange: 00111110

Address #59: 010100
RDWR Bit: 0
Stream Bit: 0
Exchange: 01001100

Address #60: 100001
RDWR Bit: 1
Stream Bit: 0
Exchange: 11000100

Address #61: 010001
RDWR Bit: 0
Stream Bit: 0
Exchange: 10010010

Address #62: 100000
RDWR Bit: 1
Stream Bit: 0
Exchange: 11110011

Address #63: 000100
RDWR Bit: 0
Stream Bit: 0
Exchange: 00011110

Address #64: 011101
RDWR Bit: 0
Stream Bit: 0
Exchange: 01011001
