Read a waves file with 6 signals and 2243 samples...
Input has these signals:
	* sclk (1 bits)
	* mosi (1 bits)
	* miso (1 bits)
	* ss (1 bits)
	* cpol (1 bits)
	* cpha (1 bits)

Address #1: 000110
RDWR Bit: 1
Stream Bit: 0
Exchange: 10100101

Address #2: 100011
RDWR Bit: 1
Stream Bit: 0
Exchange: 10100101

Address #3: 100010
RDWR Bit: 1
Stream Bit: 0
Exchange: 01001000

Address #4: 010111
RDWR Bit: 0
Stream Bit: 0
Exchange: 10011100

Address #5: 010111
RDWR Bit: 1
Stream Bit: 0
Exchange: 01011011

Address #6: 011111
RDWR Bit: 1
Stream Bit: 0
Exchange: 00001011

Address #7: 101010
RDWR Bit: 1
Stream Bit: 0
Exchange: 11000000

Address #8: 111011
RDWR Bit: 0
Stream Bit: 0
Exchange: 01110100

Address #9: 111001
RDWR Bit: 1
Stream Bit: 0
Exchange: 01110010

Address #10: 011001
RDWR Bit: 0
Stream Bit: 0
Exchange: 00001000

Address #11: 101111
RDWR Bit: 1
Stream Bit: 0
Exchange: 00100011

Address #12: 110001
RDWR Bit: 1
Stream Bit: 0
Exchange: 10111000

Address #13: 011011
RDWR Bit: 0
Stream Bit: 0
Exchange: 11000100

Address #14: 111110
RDWR Bit: 1
Stream Bit: 0
Exchange: 10111111

Address #15: 101110
RDWR Bit: 1
Stream Bit: 0
Exchange: 10011001

Address #16: 011110
RDWR Bit: 0
Stream Bit: 0
Exchange: 00010110

Address #17: 011100
RDWR Bit: 1
Stream Bit: 0
Exchange: 01110001

Address #18: 111001
RDWR Bit: 0
Stream Bit: 0
Exchange: 01000101

Address #19: 111111
RDWR Bit: 0
Stream Bit: 0
Exchange: 01001010

Address #20: 111110
RDWR Bit: 1
Stream Bit: 0
Exchange: 00001100

Address #21: 101101
RDWR Bit: 1
Stream Bit: 0
Exchange: 11000101

Address #22: 101011
RDWR Bit: 0
Stream Bit: 0
Exchange: 00010001

Address #23: 111001
RDWR Bit: 1
Stream Bit: 0
Exchange: 00010000

Address #24: 110010
RDWR Bit: 0
Stream Bit: 0
Exchange: 01111110

Address #25: 000111
RDWR Bit: 0
Stream Bit: 0
Exchange: 10001010

Address #26: 000010
RDWR Bit: 1
Stream Bit: 0
Exchange: 11010011

Address #27: 011100
RDWR Bit: 0
Stream Bit: 0
Exchange: 11111100

Address #28: 100000
RDWR Bit: 0
Stream Bit: 0
Exchange: 00110101

Address #29: 101000
RDWR Bit: 1
Stream Bit: 0
Exchange: 11000110

Address #30: 111001
RDWR Bit: 1
Stream Bit: 0
Exchange: 11010100

Address #31: 111011
RDWR Bit: 0
Stream Bit: 0
Exchange: 01100011

Address #32: 111000
RDWR Bit: 1
Stream Bit: 0
Exchange: 10110001

Address #33: 110110
RDWR Bit: 0
Stream Bit: 0
Exchange: 11101111

Address #34: 101000
RDWR Bit: 0
Stream Bit: 0
Exchange: 01101000

Address #35: 111111
RDWR Bit: 0
Stream Bit: 0
Exchange: 01001010

Address #36: 100010
RDWR Bit: 1
Stream Bit: 0
Exchange: 01101011

Address #37: 000111
RDWR Bit: 1
Stream Bit: 0
Exchange: 00101010

Address #38: 110010
RDWR Bit: 0
Stream Bit: 0
Exchange: 10011010

Address #39: 001011
RDWR Bit: 1
Stream Bit: 0
Exchange: 10001101

Address #40: 011111
RDWR Bit: 0
Stream Bit: 0
Exchange: 10011011

Address #41: 111010
RDWR Bit: 0
Stream Bit: 0
Exchange: 00001011

Address #42: 110111
RDWR Bit: 0
Stream Bit: 0
Exchange: 00100011

Address #43: 100101
RDWR Bit: 1
Stream Bit: 0
Exchange: 10101111

Address #44: 101000
RDWR Bit: 1
Stream Bit: 0
Exchange: 00110011

Address #45: 011000
RDWR Bit: 0
Stream Bit: 0
Exchange: 01011100

Address #46: 100100
RDWR Bit: 0
Stream Bit: 0
Exchange: 01001111

Address #47: 101100
RDWR Bit: 1
Stream Bit: 0
Exchange: 10101100

Address #48: 000001
RDWR Bit: 0
Stream Bit: 0
Exchange: 00110000

Address #49: 011001
RDWR Bit: 1
Stream Bit: 0
Exchange: 00110011

Address #50: 110001
RDWR Bit: 0
Stream Bit: 0
Exchange: 01000010

Address #51: 000111
RDWR Bit: 0
Stream Bit: 0
Exchange: 01110101

Address #52: 100001
RDWR Bit: 0
Stream Bit: 0
Exchange: 10010011

Address #53: 010011
RDWR Bit: 1
Stream Bit: 0
Exchange: 01100001

Address #54: 011100
RDWR Bit: 0
Stream Bit: 0
Exchange: 10100010

Address #55: 010011
RDWR Bit: 0
Stream Bit: 0
Exchange: 01110110

Address #56: 000111
RDWR Bit: 1
Stream Bit: 0
Exchange: 00011101

Address #57: 101011
RDWR Bit: 1
Stream Bit: 0
Exchange: 11000111

Address #58: 001101
RDWR Bit: 0
Stream Bit: 0
Exchange: 11110011

Address #59: 010010
RDWR Bit: 0
Stream Bit: 0
Exchange: 10001100

Address #60: 010111
RDWR Bit: 0
Stream Bit: 0
Exchange: 00011000

Address #61: 011110
RDWR Bit: 1
Stream Bit: 0
Exchange: 11110100

Address #62: 100010
RDWR Bit: 1
Stream Bit: 0
Exchange: 00001011

Address #63: 001100
RDWR Bit: 1
Stream Bit: 0
Exchange: 00110101

Address #64: 010100
RDWR Bit: 1
Stream Bit: 0
Exchange: 01101111
