Read a waves file with 6 signals and 8563 samples...
Input has these signals:
	* sclk (1 bits)
	* mosi (1 bits)
	* miso (1 bits)
	* ss (1 bits)
	* cpol (1 bits)
	* cpha (1 bits)

Address #1: 111101
RDWR Bit: 0
Stream Bit: 1
Stream Length: 10 (binary: 00001010)
  Data[0]: 00101011 -> 2b
  Data[1]: 01111100 -> 7c
  Data[2]: 00101001 -> 29
  Data[3]: 11000001 -> c1
  Data[4]: 11011010 -> da
  Data[5]: 10111001 -> b9
  Data[6]: 01100110 -> 66
  Data[7]: 01010001 -> 51
  Data[8]: 00000101 -> 05
  Data[9]: 10110111 -> b7

Address #7: 010110
RDWR Bit: 1
Stream Bit: 1
Stream Length: 7 (binary: 00000111)
  Data[0]: 10011110 -> 9e
  Data[1]: 01110011 -> 73
  Data[2]: 00110001 -> 31
  Data[3]: 00001011 -> 0b
  Data[4]: 10010101 -> 95
  Data[5]: 10101101 -> ad
  Data[6]: 00111111 -> 3f

Address #11: 101011
RDWR Bit: 0
Stream Bit: 0
Exchange: 00101111

Address #12: 010100
RDWR Bit: 0
Stream Bit: 0
Exchange: 01010100

Address #13: 000110
RDWR Bit: 1
Stream Bit: 0
Exchange: 11100011

Address #14: 000111
RDWR Bit: 0
Stream Bit: 0
Exchange: 00100111

Address #15: 011100
RDWR Bit: 1
Stream Bit: 0
Exchange: 00000001

Address #16: 101000
RDWR Bit: 1
Stream Bit: 1
Stream Length: 24 (binary: 00011000)
  Data[0]: 11000000 -> c0
  Data[1]: 10010000 -> 90
  Data[2]: 10111010 -> ba
  Data[3]: 11011011 -> db
  Data[4]: 01000011 -> 43
  Data[5]: 00100010 -> 22
  Data[6]: 10111011 -> bb
  Data[7]: 11111100 -> fc
  Data[8]: 11110110 -> f6
  Data[9]: 10011001 -> 99
  Data[10]: 01001110 -> 4e
  Data[11]: 00100111 -> 27
  Data[12]: 11001110 -> ce
  Data[13]: 00100000 -> 20
  Data[14]: 10101000 -> a8
  Data[15]: 10010001 -> 91
  Data[16]: 11010001 -> d1
  Data[17]: 00011111 -> 1f
  Data[18]: 01101101 -> 6d
  Data[19]: 10100011 -> a3
  Data[20]: 11110000 -> f0
  Data[21]: 01111011 -> 7b
  Data[22]: 11001010 -> ca
  Data[23]: 01101011 -> 6b

Address #29: 111110
RDWR Bit: 0
Stream Bit: 1
Stream Length: 17 (binary: 00010001)
  Data[0]: 10101000 -> a8
  Data[1]: 01111101 -> 7d
  Data[2]: 10100110 -> a6
  Data[3]: 10100010 -> a2
  Data[4]: 00000101 -> 05
  Data[5]: 01000111 -> 47
  Data[6]: 11100011 -> e3
  Data[7]: 10001111 -> 8f
  Data[8]: 00011010 -> 1a
  Data[9]: 10011110 -> 9e
  Data[10]: 01011011 -> 5b
  Data[11]: 01011001 -> 59
  Data[12]: 01010100 -> 54
  Data[13]: 00101100 -> 2c
  Data[14]: 10101101 -> ad
  Data[15]: 00110111 -> 37
  Data[16]: 11000001 -> c1

Address #39: 110001
RDWR Bit: 1
Stream Bit: 0
Exchange: 00000110

Address #40: 101000
RDWR Bit: 1
Stream Bit: 0
Exchange: 11011101

Address #41: 011011
RDWR Bit: 0
Stream Bit: 0
Exchange: 00010011

Address #42: 101101
RDWR Bit: 0
Stream Bit: 1
Stream Length: 24 (binary: 00011000)
  Data[0]: 01010101 -> 55
  Data[1]: 01001010 -> 4a
  Data[2]: 00101000 -> 28
  Data[3]: 11100111 -> e7
  Data[4]: 11011011 -> db
  Data[5]: 10110001 -> b1
  Data[6]: 10110110 -> b6
  Data[7]: 00100100 -> 24
  Data[8]: 11011101 -> dd
  Data[9]: 00101110 -> 2e
  Data[10]: 11100111 -> e7
  Data[11]: 11011111 -> df
  Data[12]: 10010101 -> 95
  Data[13]: 10010111 -> 97
  Data[14]: 01100100 -> 64
  Data[15]: 10111101 -> bd
  Data[16]: 11000101 -> c5
  Data[17]: 00100100 -> 24
  Data[18]: 10011110 -> 9e
  Data[19]: 01101001 -> 69
  Data[20]: 10011010 -> 9a
  Data[21]: 01011001 -> 59
  Data[22]: 10100101 -> a5
  Data[23]: 01110011 -> 73

Address #55: 110110
RDWR Bit: 1
Stream Bit: 1
Stream Length: 22 (binary: 00010110)
  Data[0]: 10000001 -> 81
  Data[1]: 01100001 -> 61
  Data[2]: 00010010 -> 12
  Data[3]: 11100100 -> e4
  Data[4]: 11000110 -> c6
  Data[5]: 01100100 -> 64
  Data[6]: 10100000 -> a0
  Data[7]: 11000100 -> c4
  Data[8]: 00010111 -> 17
  Data[9]: 00000111 -> 07
  Data[10]: 00010101 -> 15
  Data[11]: 01100111 -> 67
  Data[12]: 10011111 -> 9f
  Data[13]: 00101011 -> 2b
  Data[14]: 01011110 -> 5e
  Data[15]: 01100100 -> 64
  Data[16]: 00101001 -> 29
  Data[17]: 11100010 -> e2
  Data[18]: 10000011 -> 83
  Data[19]: 10000111 -> 87
  Data[20]: 01010101 -> 55
  Data[21]: 11101110 -> ee

Address #67: 101000
RDWR Bit: 0
Stream Bit: 1
Stream Length: 16 (binary: 00010000)
  Data[0]: 10101110 -> ae
  Data[1]: 00111011 -> 3b
  Data[2]: 10110010 -> b2
  Data[3]: 10110110 -> b6
  Data[4]: 11000000 -> c0
  Data[5]: 11011110 -> de
  Data[6]: 01001101 -> 4d
  Data[7]: 10100000 -> a0
  Data[8]: 11100101 -> e5
  Data[9]: 00010100 -> 14
  Data[10]: 11111000 -> f8
  Data[11]: 11110000 -> f0
  Data[12]: 11101001 -> e9
  Data[13]: 10000001 -> 81
  Data[14]: 11001001 -> c9
  Data[15]: 00011000 -> 18

Address #76: 000111
RDWR Bit: 0
Stream Bit: 1
Stream Length: 21 (binary: 00010101)
  Data[0]: 00101101 -> 2d
  Data[1]: 00110010 -> 32
  Data[2]: 11100110 -> e6
  Data[3]: 01000101 -> 45
  Data[4]: 11100110 -> e6
  Data[5]: 10111010 -> ba
  Data[6]: 00010111 -> 17
  Data[7]: 11110111 -> f7
  Data[8]: 10000011 -> 83
  Data[9]: 00100101 -> 25
  Data[10]: 11111010 -> fa
  Data[11]: 11000000 -> c0
  Data[12]: 10001101 -> 8d
  Data[13]: 10010110 -> 96
  Data[14]: 01100111 -> 67
  Data[15]: 01100110 -> 66
  Data[16]: 11111111 -> ff
  Data[17]: 11111010 -> fa
  Data[18]: 00110011 -> 33
  Data[19]: 01110101 -> 75
  Data[20]: 11010111 -> d7

Address #87: 110001
RDWR Bit: 1
Stream Bit: 1
Stream Length: 7 (binary: 00000111)
  Data[0]: 01010100 -> 54
  Data[1]: 11010010 -> d2
  Data[2]: 01100111 -> 67
  Data[3]: 10000001 -> 81
  Data[4]: 10100101 -> a5
  Data[5]: 01110110 -> 76
  Data[6]: 11001001 -> c9

Address #92: 001001
RDWR Bit: 1
Stream Bit: 0
Exchange: 10010111

Address #93: 000010
RDWR Bit: 1
Stream Bit: 0
Exchange: 01001101

Address #94: 110011
RDWR Bit: 0
Stream Bit: 0
Exchange: 00110110

Address #95: 001001
RDWR Bit: 0
Stream Bit: 1
Stream Length: 24 (binary: 00011000)
  Data[0]: 10110000 -> b0
  Data[1]: 01101100 -> 6c
  Data[2]: 01000010 -> 42
  Data[3]: 01000101 -> 45
  Data[4]: 11011100 -> dc
  Data[5]: 00110110 -> 36
  Data[6]: 00100100 -> 24
  Data[7]: 10010101 -> 95
  Data[8]: 01000011 -> 43
  Data[9]: 00101000 -> 28
  Data[10]: 10001001 -> 89
  Data[11]: 01110101 -> 75
  Data[12]: 11110110 -> f6
  Data[13]: 01001010 -> 4a
  Data[14]: 01001100 -> 4c
  Data[15]: 10000000 -> 80
  Data[16]: 10100101 -> a5
  Data[17]: 01000001 -> 41
  Data[18]: 11110011 -> f3
  Data[19]: 00011101 -> 1d
  Data[20]: 11100110 -> e6
  Data[21]: 10000001 -> 81
  Data[22]: 01111100 -> 7c
  Data[23]: 00110011 -> 33

Address #108: 111001
RDWR Bit: 1
Stream Bit: 0
Exchange: 00001000

Address #109: 010001
RDWR Bit: 0
Stream Bit: 0
Exchange: 01111000

Address #110: 111101
RDWR Bit: 0
Stream Bit: 0
Exchange: 11111001

Address #111: 110111
RDWR Bit: 0
Stream Bit: 0
Exchange: 01010011

Address #112: 110011
RDWR Bit: 0
Stream Bit: 0
Exchange: 10001111

Address #113: 100001
RDWR Bit: 0
Stream Bit: 0
Exchange: 01111111

Address #114: 010111
RDWR Bit: 1
Stream Bit: 1
Stream Length: 8 (binary: 00001000)
  Data[0]: 11101010 -> ea
  Data[1]: 01011001 -> 59
  Data[2]: 01011111 -> 5f
  Data[3]: 10110101 -> b5
  Data[4]: 01111001 -> 79
  Data[5]: 10110000 -> b0
  Data[6]: 01101000 -> 68
  Data[7]: 00011100 -> 1c

Address #119: 010111
RDWR Bit: 1
Stream Bit: 1
Stream Length: 22 (binary: 00010110)
  Data[0]: 01110101 -> 75
  Data[1]: 11101001 -> e9
  Data[2]: 01110011 -> 73
  Data[3]: 00010001 -> 11
  Data[4]: 00010011 -> 13
  Data[5]: 01111001 -> 79
  Data[6]: 01001100 -> 4c
  Data[7]: 01100101 -> 65
  Data[8]: 01001101 -> 4d
  Data[9]: 00010000 -> 10
  Data[10]: 00001111 -> 0f
  Data[11]: 10101000 -> a8
  Data[12]: 11111010 -> fa
  Data[13]: 11010100 -> d4
  Data[14]: 00101001 -> 29
  Data[15]: 11110000 -> f0
  Data[16]: 10000001 -> 81
  Data[17]: 10000111 -> 87
  Data[18]: 01100110 -> 66
  Data[19]: 01100110 -> 66
  Data[20]: 01001010 -> 4a
  Data[21]: 11100110 -> e6

Address #131: 010111
RDWR Bit: 0
Stream Bit: 1
Stream Length: 2 (binary: 00000010)
  Data[0]: 00110100 -> 34
  Data[1]: 10101011 -> ab

Address #133: 100110
RDWR Bit: 1
Stream Bit: 1
Stream Length: 11 (binary: 00001011)
  Data[0]: 00011000 -> 18
  Data[1]: 01001000 -> 48
  Data[2]: 00100011 -> 23
  Data[3]: 00000110 -> 06
  Data[4]: 11000101 -> c5
  Data[5]: 10000001 -> 81
  Data[6]: 10100110 -> a6
  Data[7]: 11101111 -> ef
  Data[8]: 10100110 -> a6
  Data[9]: 10000001 -> 81
  Data[10]: 11011010 -> da

Address #139: 001111
RDWR Bit: 0
Stream Bit: 0
Exchange: 10101101

Address #140: 111110
RDWR Bit: 1
Stream Bit: 1
Stream Length: 20 (binary: 00010100)
  Data[0]: 10110010 -> b2
  Data[1]: 00010111 -> 17
  Data[2]: 00111010 -> 3a
  Data[3]: 01010001 -> 51
  Data[4]: 01000010 -> 42
  Data[5]: 10101111 -> af
  Data[6]: 00110000 -> 30
  Data[7]: 11001000 -> c8
  Data[8]: 01010011 -> 53
  Data[9]: 00111000 -> 38
  Data[10]: 11110010 -> f2
  Data[11]: 10100000 -> a0
  Data[12]: 10110011 -> b3
  Data[13]: 01000101 -> 45
  Data[14]: 01110110 -> 76
  Data[15]: 11001010 -> ca
  Data[16]: 11011001 -> d9
  Data[17]: 01101110 -> 6e
  Data[18]: 10101001 -> a9
  Data[19]: 11011010 -> da

Address #151: 101001
RDWR Bit: 0
Stream Bit: 0
Exchange: 01011001

Address #152: 001000
RDWR Bit: 0
Stream Bit: 1
Stream Length: 19 (binary: 00010011)
  Data[0]: 10001110 -> 8e
  Data[1]: 00101100 -> 2c
  Data[2]: 10000100 -> 84
  Data[3]: 11011010 -> da
  Data[4]: 11011101 -> dd
  Data[5]: 01011000 -> 58
  Data[6]: 11001111 -> cf
  Data[7]: 10111010 -> ba
  Data[8]: 11011011 -> db
  Data[9]: 00111000 -> 38
  Data[10]: 11001110 -> ce
  Data[11]: 10101001 -> a9
  Data[12]: 10011011 -> 9b
  Data[13]: 00100001 -> 21
  Data[14]: 10110101 -> b5
  Data[15]: 00111001 -> 39
  Data[16]: 10011011 -> 9b
  Data[17]: 10101001 -> a9
  Data[18]: 11101101 -> ed

Address #163: 000011
RDWR Bit: 0
Stream Bit: 0
Exchange: 10101100

Address #164: 110001
RDWR Bit: 1
Stream Bit: 0
Exchange: 10100110

Address #165: 100100
RDWR Bit: 0
Stream Bit: 1
Stream Length: 4 (binary: 00000100)
  Data[0]: 00110010 -> 32
  Data[1]: 11110001 -> f1
  Data[2]: 00011100 -> 1c
  Data[3]: 10000000 -> 80

Address #168: 101011
RDWR Bit: 0
Stream Bit: 1
Stream Length: 17 (binary: 00010001)
  Data[0]: 11101110 -> ee
  Data[1]: 11101100 -> ec
  Data[2]: 00111011 -> 3b
  Data[3]: 10101011 -> ab
  Data[4]: 10101011 -> ab
  Data[5]: 00101100 -> 2c
  Data[6]: 01000111 -> 47
  Data[7]: 10100000 -> a0
  Data[8]: 11011011 -> db
  Data[9]: 10110101 -> b5
  Data[10]: 01000011 -> 43
  Data[11]: 01001101 -> 4d
  Data[12]: 00100101 -> 25
  Data[13]: 00100101 -> 25
  Data[14]: 00100011 -> 23
  Data[15]: 11011000 -> d8
  Data[16]: 00100111 -> 27

Address #177: 001111
RDWR Bit: 1
Stream Bit: 0
Exchange: 01010010

Address #178: 100001
RDWR Bit: 0
Stream Bit: 0
Exchange: 00010100

Address #179: 011001
RDWR Bit: 0
Stream Bit: 0
Exchange: 11101001

Address #180: 100000
RDWR Bit: 0
Stream Bit: 0
Exchange: 11110110

Address #181: 100011
RDWR Bit: 1
Stream Bit: 1
Stream Length: 10 (binary: 00001010)
  Data[0]: 10101100 -> ac
  Data[1]: 01110111 -> 77
  Data[2]: 00011010 -> 1a
  Data[3]: 11011111 -> df
  Data[4]: 01101101 -> 6d
  Data[5]: 11100000 -> e0
  Data[6]: 11101110 -> ee
  Data[7]: 11111010 -> fa
  Data[8]: 10110001 -> b1
  Data[9]: 11011110 -> de

Address #187: 110001
RDWR Bit: 1
Stream Bit: 1
Stream Length: 13 (binary: 00001101)
  Data[0]: 10000011 -> 83
  Data[1]: 00001110 -> 0e
  Data[2]: 11110010 -> f2
  Data[3]: 01010111 -> 57
  Data[4]: 01011011 -> 5b
  Data[5]: 00010101 -> 15
  Data[6]: 10010111 -> 97
  Data[7]: 11100100 -> e4
  Data[8]: 11010111 -> d7
  Data[9]: 10111111 -> bf
  Data[10]: 10011001 -> 99
  Data[11]: 01001011 -> 4b
  Data[12]: 00000110 -> 06

Address #195: 111001
RDWR Bit: 0
Stream Bit: 1
Stream Length: 21 (binary: 00010101)
  Data[0]: 00100110 -> 26
  Data[1]: 00011110 -> 1e
  Data[2]: 11011010 -> da
  Data[3]: 01100110 -> 66
  Data[4]: 00100001 -> 21
  Data[5]: 00000010 -> 02
  Data[6]: 00101101 -> 2d
  Data[7]: 00111011 -> 3b
  Data[8]: 00101111 -> 2f
  Data[9]: 11010110 -> d6
  Data[10]: 10110001 -> b1
  Data[11]: 00000001 -> 01
  Data[12]: 01100000 -> 60
  Data[13]: 10101110 -> ae
  Data[14]: 11100110 -> e6
  Data[15]: 01111011 -> 7b
  Data[16]: 11011011 -> db
  Data[17]: 11100110 -> e6
  Data[18]: 11001001 -> c9
  Data[19]: 11011000 -> d8
  Data[20]: 01101001 -> 69

Address #206: 111111
RDWR Bit: 0
Stream Bit: 1
Stream Length: 13 (binary: 00001101)
  Data[0]: 01000101 -> 45
  Data[1]: 11001010 -> ca
  Data[2]: 11111000 -> f8
  Data[3]: 00101100 -> 2c
  Data[4]: 10100001 -> a1
  Data[5]: 10010111 -> 97
  Data[6]: 00101101 -> 2d
  Data[7]: 00101101 -> 2d
  Data[8]: 10101111 -> af
  Data[9]: 10000111 -> 87
  Data[10]: 00110110 -> 36
  Data[11]: 00000110 -> 06
  Data[12]: 11110110 -> f6

Address #214: 011111
RDWR Bit: 0
Stream Bit: 0
Exchange: 10011110

Address #215: 001111
RDWR Bit: 0
Stream Bit: 1
Stream Length: 9 (binary: 00001001)
  Data[0]: 10000011 -> 83
  Data[1]: 11111010 -> fa
  Data[2]: 00111011 -> 3b
  Data[3]: 00010100 -> 14
  Data[4]: 11100100 -> e4
  Data[5]: 01000011 -> 43
  Data[6]: 00100100 -> 24
  Data[7]: 10001001 -> 89
  Data[8]: 10110010 -> b2

Address #220: 100000
RDWR Bit: 1
Stream Bit: 0
Exchange: 10001111

Address #221: 100111
RDWR Bit: 0
Stream Bit: 1
Stream Length: 7 (binary: 00000111)
  Data[0]: 01001001 -> 49
  Data[1]: 10000111 -> 87
  Data[2]: 11001101 -> cd
  Data[3]: 11111101 -> fd
  Data[4]: 00011001 -> 19
  Data[5]: 01000111 -> 47
  Data[6]: 11100111 -> e7

Address #226: 101010
RDWR Bit: 0
Stream Bit: 0
Exchange: 01001100

Address #227: 010010
RDWR Bit: 0
Stream Bit: 1
Stream Length: 26 (binary: 00011010)
  Data[0]: 00100101 -> 25
  Data[1]: 10011101 -> 9d
  Data[2]: 10101010 -> aa
  Data[3]: 00111101 -> 3d
  Data[4]: 00100101 -> 25
  Data[5]: 00010000 -> 10
  Data[6]: 01111010 -> 7a
  Data[7]: 10000100 -> 84
  Data[8]: 00000101 -> 05
  Data[9]: 00100000 -> 20
  Data[10]: 11111000 -> f8
  Data[11]: 00001100 -> 0c
  Data[12]: 10111000 -> b8
  Data[13]: 01010011 -> 53
  Data[14]: 11000110 -> c6
  Data[15]: 11101100 -> ec
  Data[16]: 00000101 -> 05
  Data[17]: 00010001 -> 11
  Data[18]: 01011001 -> 59
  Data[19]: 11011001 -> d9
  Data[20]: 01010000 -> 50
  Data[21]: 10110010 -> b2
  Data[22]: 10101110 -> ae
  Data[23]: 10001011 -> 8b
  Data[24]: 01100111 -> 67
  Data[25]: 11011111 -> df

Address #241: 001010
RDWR Bit: 0
Stream Bit: 0
Exchange: 00111001

Address #242: 111011
RDWR Bit: 1
Stream Bit: 0
Exchange: 01101000

Address #243: 110101
RDWR Bit: 1
Stream Bit: 0
Exchange: 10001100

Address #244: 010100
RDWR Bit: 1
Stream Bit: 1
Stream Length: 21 (binary: 00010101)
  Data[0]: 11001000 -> c8
  Data[1]: 11001010 -> ca
  Data[2]: 01100010 -> 62
  Data[3]: 10010100 -> 94
  Data[4]: 01101010 -> 6a
  Data[5]: 11101100 -> ec
  Data[6]: 10001001 -> 89
  Data[7]: 01001111 -> 4f
  Data[8]: 10101100 -> ac
  Data[9]: 11011110 -> de
  Data[10]: 11010100 -> d4
  Data[11]: 00010100 -> 14
  Data[12]: 01001011 -> 4b
  Data[13]: 00011011 -> 1b
  Data[14]: 00111101 -> 3d
  Data[15]: 10111000 -> b8
  Data[16]: 01100001 -> 61
  Data[17]: 10011010 -> 9a
  Data[18]: 11111000 -> f8
  Data[19]: 11100110 -> e6
  Data[20]: 00100011 -> 23

Address #255: 000011
RDWR Bit: 1
Stream Bit: 0
Exchange: 11111101

Address #256: 110011
RDWR Bit: 0
Stream Bit: 0
Exchange: 01101001

Address #257: 111110
RDWR Bit: 0
Stream Bit: 0
Exchange: 10100000

Address #258: 111011
RDWR Bit: 0
Stream Bit: 0
Exchange: 11110100

Address #259: 011001
RDWR Bit: 0
Stream Bit: 0
Exchange: 11001101

Address #260: 001100
RDWR Bit: 0
Stream Bit: 0
Exchange: 01001111

Address #261: 010010
RDWR Bit: 0
Stream Bit: 0
Exchange: 10110100
